[diag_probe] run=diag_libri_advlearn_hardqfreeze6000_dann13600_gn00015_gp02_aux64_12k_s42_z_L_pr_linear_seed42  device=cuda
[diag_probe] seed=42
[diag_probe] stage1_ckpt=/scratch/bbg25/runs/libri_advlearn_hardqfreeze6000_dann13600_gn00015_gp02_aux64_12k_s42/checkpoints/stage2_step12000.pt
[diag_probe] stage2_ckpt=/scratch/bbg25/runs/libri_advlearn_hardqfreeze6000_dann13600_gn00015_gp02_aux64_12k_s42/checkpoints/stage2_step12000.pt
[diag_probe] sources=['z_L']  tasks=['pr']
[diag_probe] probe_steps=5000  pr_lr=0.0005  asr_lr=0.0005  sid_lr=0.001  pr_warmup=500  asr_warmup=500  other_warmup=0  val_every=250  patience=10
[dis_data] loaded lexicon: 200,000 entries
[dis_data] loading PR train-clean-100 …
[dis_data] loading PR dev-clean …
[dis_data] loading PR test-clean …
[dis_data]  PR train=28539 val=2703 test=2620 vocab=74
[diag_probe] ASR task not requested — skipping ASR dataloaders.
[dis_data] loading train-clean-100 …
[dis_data]  251 speakers
[dis_data]  train=27539  val=500  test=500  vocab=74  speakers=251
[diag_probe] topk confirmed: 256
[train] loaded 6 SAE tensors from /scratch/bbg25/runs/libri_advlearn_hardqfreeze6000_dann13600_gn00015_gp02_aux64_12k_s42/checkpoints/stage2_step12000.pt  (step=12000  val=0.2795)
[diag_probe] learned-route TopK loaded: quotas=[227, 29, 0]
[diag_probe] loaded stage2 weights from /scratch/bbg25/runs/libri_advlearn_hardqfreeze6000_dann13600_gn00015_gp02_aux64_12k_s42/checkpoints/stage2_step12000.pt

[diag_probe] speakers=251  pr_vocab=74  asr_vocab=n/a  D=1280  K=5120
[diag_probe] PR: stage-2-matched 74-phone targets — train-clean-100 → val=dev-clean, test=test-clean
[diag_probe] ASR: skipped
[diag_probe] SID: closed-set utterance split (val/test held out); probe arch=linear
[diag_probe] reported metric = TEST (val shown in parentheses)

  training probe: z_L -> PR ...
[dis_data] g2p_en loaded for OOV words
      [pr z_L] step 250/5000  train loss=3.145  dev loss=0.412  dev PER=0.100  (best 0.100, bad 0/10)
      [pr z_L] step 500/5000  train loss=0.353  dev loss=0.319  dev PER=0.080  (best 0.080, bad 0/10)
      [pr z_L] step 750/5000  train loss=0.303  dev loss=0.301  dev PER=0.072  (best 0.072, bad 0/10)
      [pr z_L] step 1000/5000  train loss=0.297  dev loss=0.306  dev PER=0.086  (best 0.072, bad 1/10)
      [pr z_L] step 1250/5000  train loss=0.292  dev loss=0.285  dev PER=0.070  (best 0.070, bad 0/10)
      [pr z_L] step 1500/5000  train loss=0.282  dev loss=0.290  dev PER=0.074  (best 0.070, bad 1/10)
      [pr z_L] step 1750/5000  train loss=0.286  dev loss=0.289  dev PER=0.077  (best 0.070, bad 2/10)
      [pr z_L] step 2000/5000  train loss=0.264  dev loss=0.278  dev PER=0.071  (best 0.070, bad 3/10)
      [pr z_L] step 2250/5000  train loss=0.269  dev loss=0.282  dev PER=0.071  (best 0.070, bad 4/10)
      [pr z_L] step 2500/5000  train loss=0.267  dev loss=0.282  dev PER=0.075  (best 0.070, bad 5/10)
      [pr z_L] step 2750/5000  train loss=0.267  dev loss=0.274  dev PER=0.067  (best 0.067, bad 0/10)
      [pr z_L] step 3000/5000  train loss=0.269  dev loss=0.272  dev PER=0.066  (best 0.066, bad 0/10)
      [pr z_L] step 3250/5000  train loss=0.265  dev loss=0.267  dev PER=0.065  (best 0.065, bad 0/10)
      [pr z_L] step 3500/5000  train loss=0.261  dev loss=0.267  dev PER=0.068  (best 0.065, bad 1/10)
      [pr z_L] step 3750/5000  train loss=0.255  dev loss=0.269  dev PER=0.070  (best 0.065, bad 2/10)
      [pr z_L] step 4000/5000  train loss=0.251  dev loss=0.268  dev PER=0.063  (best 0.063, bad 0/10)
      [pr z_L] step 4250/5000  train loss=0.251  dev loss=0.265  dev PER=0.065  (best 0.063, bad 1/10)
      [pr z_L] step 4500/5000  train loss=0.248  dev loss=0.263  dev PER=0.063  (best 0.063, bad 2/10)
      [pr z_L] step 4750/5000  train loss=0.252  dev loss=0.263  dev PER=0.066  (best 0.063, bad 3/10)
      [pr z_L] step 5000/5000  train loss=0.248  dev loss=0.262  dev PER=0.065  (best 0.063, bad 4/10)
    z_L -> PR               PER test=0.066  (val 0.063)

==================================================================
  DIAGNOSTIC PROBE RESULTS - diag_libri_advlearn_hardqfreeze6000_dann13600_gn00015_gp02_aux64_12k_s42_z_L_pr_linear_seed42
==================================================================
  Source       PR (PER↓)    SID (acc↑)
  --------  ------------  ------------
  z_L              0.066           nan
==================================================================

