=== reconstruction-defends-speaker gradient-conflict test (grl_attn) ===  Tue Jun 16 22:04:29 BST 2026
[dis_data] loaded lexicon: 200,000 entries
[dis_data] loading train-clean-100 …
[dis_data]  251 speakers
[dis_data]  train=27539  val=500  test=500  vocab=74  speakers=251
[train] WARNING: unexpected missing SAE keys: ['block_idx', 'block_m_L', 'block_m_P', 'block_m_U']
[train] loaded 3 SAE tensors from checkpoints/fxblk_grlattn/stage2_best.pt  (step=12000  val=0.0926)
[dis_data] g2p_en loaded for OOV words
batch  0: recon=0.0980 disc=0.904  cos(update) z_L=-0.0009  enc_W=-0.0072
batch  1: recon=0.0974 disc=0.715  cos(update) z_L=-0.0003  enc_W=+0.0016
batch  2: recon=0.0985 disc=0.393  cos(update) z_L=-0.0007  enc_W=-0.0001
batch  3: recon=0.0993 disc=0.827  cos(update) z_L=-0.0004  enc_W=-0.0053
batch  4: recon=0.0987 disc=0.551  cos(update) z_L=-0.0006  enc_W=-0.0059
batch  5: recon=0.0993 disc=1.519  cos(update) z_L=-0.0003  enc_W=+0.0012
batch  6: recon=0.0988 disc=0.579  cos(update) z_L=-0.0002  enc_W=-0.0063
batch  7: recon=0.0987 disc=1.153  cos(update) z_L=-0.0008  enc_W=-0.0092
batch  8: recon=0.0990 disc=0.620  cos(update) z_L=-0.0008  enc_W=-0.0019
batch  9: recon=0.0982 disc=0.445  cos(update) z_L=-0.0010  enc_W=-0.0051
batch 10: recon=0.0980 disc=0.494  cos(update) z_L=-0.0007  enc_W=-0.0094
batch 11: recon=0.0973 disc=0.525  cos(update) z_L=-0.0003  enc_W=-0.0015
batch 12: recon=0.0994 disc=0.759  cos(update) z_L=-0.0006  enc_W=-0.0037
batch 13: recon=0.0981 disc=0.453  cos(update) z_L=-0.0004  enc_W=-0.0040
batch 14: recon=0.0967 disc=0.689  cos(update) z_L=-0.0007  enc_W=-0.0004
batch 15: recon=0.0989 disc=0.858  cos(update) z_L=-0.0004  enc_W=-0.0051
batch 16: recon=0.0985 disc=0.317  cos(update) z_L=-0.0009  enc_W=+0.0023
batch 17: recon=0.0964 disc=0.823  cos(update) z_L=+0.0001  enc_W=+0.0011
batch 18: recon=0.0976 disc=0.565  cos(update) z_L=-0.0003  enc_W=-0.0030
batch 19: recon=0.0998 disc=0.667  cos(update) z_L=-0.0002  enc_W=-0.0040

===== MEAN cos(recon-update, speaker-removal-update) =====
  on z_L        : -0.0005  (sd 0.0003, n=20)
  on enc_weight : -0.0033  (sd 0.0034)
  cos < 0  => recon & speaker-removal CONFLICT => reconstruction DEFENDS speaker in z_L
  cos ~ 0  => independent;  cos > 0 => removing speaker would help recon
Finished: Tue Jun 16 22:22:04 BST 2026
