[diag_probe] run=diag_libri_advfb_prrecover_U24adv_gn00025_gp02_gu05_gpu015_aux64_12k_s42_sid_stats_seed42  device=cuda
[diag_probe] seed=42
[diag_probe] stage1_ckpt=/scratch/bbg25/runs/libri_advfb_prrecover_U24adv_gn00025_gp02_gu05_gpu015_aux64_12k_s42/checkpoints/stage2_step12000.pt
[diag_probe] stage2_ckpt=/scratch/bbg25/runs/libri_advfb_prrecover_U24adv_gn00025_gp02_gu05_gpu015_aux64_12k_s42/checkpoints/stage2_step12000.pt
[diag_probe] sources=['z_t', 'z_L', 'z_P', 'z_U']  tasks=['sid']
[diag_probe] probe_steps=5000  pr_lr=0.0005  sid_lr=0.001  pr_warmup=500  other_warmup=0  val_every=250  patience=5
[diag_probe] PR task not requested — skipping PR dataloaders.
[dis_data] loaded lexicon: 200,000 entries
[dis_data] loading train-clean-100 …
[dis_data]  251 speakers
[dis_data]  train=27539  val=500  test=500  vocab=74  speakers=251
[diag_probe] topk confirmed: 256
[train] WARNING: unexpected missing SAE keys: ['block_idx', 'block_m_L', 'block_m_P', 'block_m_U']
[train] loaded 3 SAE tensors from /scratch/bbg25/runs/libri_advfb_prrecover_U24adv_gn00025_gp02_gu05_gpu015_aux64_12k_s42/checkpoints/stage2_step12000.pt  (step=12000  val=0.1408)
[diag_probe] skipped 8 shape-mismatched/stale keys (e.g. ['grl_head_u.projector.weight', 'grl_head_u.projector.bias', 'grl_head_u.fc.weight']) — fine, probe does not use adversarial heads
[diag_probe] loaded stage2 weights from /scratch/bbg25/runs/libri_advfb_prrecover_U24adv_gn00025_gp02_gu05_gpu015_aux64_12k_s42/checkpoints/stage2_step12000.pt

[diag_probe] speakers=251  pr_vocab=74  D=1280  K=5120
[diag_probe] PR: skipped
[diag_probe] SID: closed-set utterance split (val/test held out); probe arch=stats
[diag_probe] reported metric = TEST (val shown in parentheses)

  training probe: z_t -> SID ...
[dis_data] g2p_en loaded for OOV words
      [sid z_t] step 250/5000  train loss=5.515 acc=0.000  dev loss=5.528 acc=0.006  (best 0.006, bad 0/5)
      [sid z_t] step 500/5000  train loss=5.541 acc=0.000  dev loss=5.528 acc=0.002  (best 0.006, bad 1/5)
      [sid z_t] step 750/5000  train loss=5.523 acc=0.000  dev loss=5.526 acc=0.002  (best 0.006, bad 2/5)
      [sid z_t] step 1000/5000  train loss=5.504 acc=0.000  dev loss=5.525 acc=0.002  (best 0.006, bad 3/5)
      [sid z_t] step 1250/5000  train loss=5.503 acc=0.000  dev loss=5.526 acc=0.002  (best 0.006, bad 4/5)
      [sid z_t] step 1500/5000  train loss=5.509 acc=0.000  dev loss=5.527 acc=0.002  (best 0.006, bad 5/5)
    z_t -> SID              acc test=0.006  (val 0.006)
  training probe: z_L -> SID ...
      [sid z_L] step 250/5000  train loss=5.538 acc=0.000  dev loss=5.526 acc=0.006  (best 0.006, bad 0/5)
      [sid z_L] step 500/5000  train loss=5.519 acc=0.062  dev loss=5.526 acc=0.006  (best 0.006, bad 1/5)
      [sid z_L] step 750/5000  train loss=5.537 acc=0.000  dev loss=5.526 acc=0.002  (best 0.006, bad 2/5)
      [sid z_L] step 1000/5000  train loss=5.533 acc=0.000  dev loss=5.525 acc=0.006  (best 0.006, bad 3/5)
      [sid z_L] step 1250/5000  train loss=5.543 acc=0.000  dev loss=5.526 acc=0.002  (best 0.006, bad 4/5)
      [sid z_L] step 1500/5000  train loss=5.527 acc=0.000  dev loss=5.526 acc=0.002  (best 0.006, bad 5/5)
    z_L -> SID              acc test=0.002  (val 0.006)
  training probe: z_P -> SID ...
      [sid z_P] step 250/5000  train loss=1.911 acc=0.562  dev loss=2.076 acc=0.572  (best 0.572, bad 0/5)
      [sid z_P] step 500/5000  train loss=0.463 acc=0.938  dev loss=0.569 acc=0.902  (best 0.902, bad 0/5)
      [sid z_P] step 750/5000  train loss=0.314 acc=0.938  dev loss=0.237 acc=0.948  (best 0.948, bad 0/5)
      [sid z_P] step 1000/5000  train loss=0.230 acc=0.938  dev loss=0.135 acc=0.978  (best 0.978, bad 0/5)
      [sid z_P] step 1250/5000  train loss=0.073 acc=0.938  dev loss=0.094 acc=0.978  (best 0.978, bad 1/5)
      [sid z_P] step 1500/5000  train loss=0.007 acc=1.000  dev loss=0.056 acc=0.994  (best 0.994, bad 0/5)
      [sid z_P] step 1750/5000  train loss=0.073 acc=0.938  dev loss=0.049 acc=0.984  (best 0.994, bad 1/5)
      [sid z_P] step 2000/5000  train loss=0.014 acc=1.000  dev loss=0.044 acc=0.992  (best 0.994, bad 2/5)
      [sid z_P] step 2250/5000  train loss=0.009 acc=1.000  dev loss=0.030 acc=0.992  (best 0.994, bad 3/5)
      [sid z_P] step 2500/5000  train loss=0.020 acc=1.000  dev loss=0.026 acc=0.996  (best 0.996, bad 0/5)
      [sid z_P] step 2750/5000  train loss=0.014 acc=1.000  dev loss=0.015 acc=1.000  (best 1.000, bad 0/5)
      [sid z_P] step 3000/5000  train loss=0.006 acc=1.000  dev loss=0.020 acc=0.994  (best 1.000, bad 1/5)
      [sid z_P] step 3250/5000  train loss=0.014 acc=1.000  dev loss=0.016 acc=0.998  (best 1.000, bad 2/5)
      [sid z_P] step 3500/5000  train loss=0.002 acc=1.000  dev loss=0.010 acc=1.000  (best 1.000, bad 3/5)
      [sid z_P] step 3750/5000  train loss=0.007 acc=1.000  dev loss=0.011 acc=0.998  (best 1.000, bad 4/5)
      [sid z_P] step 4000/5000  train loss=0.006 acc=1.000  dev loss=0.009 acc=1.000  (best 1.000, bad 5/5)
    z_P -> SID              acc test=0.996  (val 1.000)
  training probe: z_U -> SID ...
      [sid z_U] step 250/5000  train loss=5.511 acc=0.000  dev loss=5.528 acc=0.006  (best 0.006, bad 0/5)
      [sid z_U] step 500/5000  train loss=5.524 acc=0.000  dev loss=5.528 acc=0.002  (best 0.006, bad 1/5)
      [sid z_U] step 750/5000  train loss=5.567 acc=0.000  dev loss=5.528 acc=0.006  (best 0.006, bad 2/5)
      [sid z_U] step 1000/5000  train loss=5.512 acc=0.000  dev loss=5.527 acc=0.006  (best 0.006, bad 3/5)
      [sid z_U] step 1250/5000  train loss=5.532 acc=0.062  dev loss=5.526 acc=0.008  (best 0.008, bad 0/5)
      [sid z_U] step 1500/5000  train loss=5.507 acc=0.000  dev loss=5.527 acc=0.006  (best 0.008, bad 1/5)
      [sid z_U] step 1750/5000  train loss=5.526 acc=0.000  dev loss=5.527 acc=0.006  (best 0.008, bad 2/5)
      [sid z_U] step 2000/5000  train loss=5.514 acc=0.000  dev loss=5.528 acc=0.008  (best 0.008, bad 3/5)
      [sid z_U] step 2250/5000  train loss=5.508 acc=0.000  dev loss=5.528 acc=0.004  (best 0.008, bad 4/5)
      [sid z_U] step 2500/5000  train loss=5.497 acc=0.062  dev loss=5.529 acc=0.008  (best 0.008, bad 5/5)
    z_U -> SID              acc test=0.004  (val 0.008)

==================================================================
  DIAGNOSTIC PROBE RESULTS - diag_libri_advfb_prrecover_U24adv_gn00025_gp02_gu05_gpu015_aux64_12k_s42_sid_stats_seed42
==================================================================
  Source       PR (PER↓)    SID (acc↑)
  --------  ------------  ------------
  z_t                nan         0.006
  z_L                nan         0.002
  z_P                nan         0.996
  z_U                nan         0.004
==================================================================

