[diag_probe] run=diag_libri_advfb_prrecover_U24adv_gn00025_gp02_gu05_gpu015_aux64_12k_s42_sid_linear_seed42  device=cuda
[diag_probe] seed=42
[diag_probe] stage1_ckpt=/scratch/bbg25/runs/libri_advfb_prrecover_U24adv_gn00025_gp02_gu05_gpu015_aux64_12k_s42/checkpoints/stage2_step12000.pt
[diag_probe] stage2_ckpt=/scratch/bbg25/runs/libri_advfb_prrecover_U24adv_gn00025_gp02_gu05_gpu015_aux64_12k_s42/checkpoints/stage2_step12000.pt
[diag_probe] sources=['z_t', 'z_L', 'z_P', 'z_U']  tasks=['sid']
[diag_probe] probe_steps=5000  pr_lr=0.0005  sid_lr=0.001  pr_warmup=500  other_warmup=0  val_every=250  patience=5
[diag_probe] PR task not requested — skipping PR dataloaders.
[dis_data] loaded lexicon: 200,000 entries
[dis_data] loading train-clean-100 …
[dis_data]  251 speakers
[dis_data]  train=27539  val=500  test=500  vocab=74  speakers=251
[diag_probe] topk confirmed: 256
[train] WARNING: unexpected missing SAE keys: ['block_idx', 'block_m_L', 'block_m_P', 'block_m_U']
[train] loaded 3 SAE tensors from /scratch/bbg25/runs/libri_advfb_prrecover_U24adv_gn00025_gp02_gu05_gpu015_aux64_12k_s42/checkpoints/stage2_step12000.pt  (step=12000  val=0.1408)
[diag_probe] skipped 8 shape-mismatched/stale keys (e.g. ['grl_head_u.projector.weight', 'grl_head_u.projector.bias', 'grl_head_u.fc.weight']) — fine, probe does not use adversarial heads
[diag_probe] loaded stage2 weights from /scratch/bbg25/runs/libri_advfb_prrecover_U24adv_gn00025_gp02_gu05_gpu015_aux64_12k_s42/checkpoints/stage2_step12000.pt

[diag_probe] speakers=251  pr_vocab=74  D=1280  K=5120
[diag_probe] PR: skipped
[diag_probe] SID: closed-set utterance split (val/test held out); probe arch=linear
[diag_probe] reported metric = TEST (val shown in parentheses)

  training probe: z_t -> SID ...
[dis_data] g2p_en loaded for OOV words
      [sid z_t] step 250/5000  train loss=7.537 acc=0.000  dev loss=6.459 acc=0.032  (best 0.032, bad 0/5)
      [sid z_t] step 500/5000  train loss=5.622 acc=0.062  dev loss=5.485 acc=0.124  (best 0.124, bad 0/5)
      [sid z_t] step 750/5000  train loss=3.382 acc=0.375  dev loss=3.055 acc=0.414  (best 0.414, bad 0/5)
      [sid z_t] step 1000/5000  train loss=2.629 acc=0.562  dev loss=2.262 acc=0.498  (best 0.498, bad 0/5)
      [sid z_t] step 1250/5000  train loss=0.931 acc=0.688  dev loss=2.108 acc=0.468  (best 0.498, bad 1/5)
      [sid z_t] step 1500/5000  train loss=1.132 acc=0.688  dev loss=1.244 acc=0.682  (best 0.682, bad 0/5)
      [sid z_t] step 1750/5000  train loss=0.701 acc=0.812  dev loss=1.036 acc=0.712  (best 0.712, bad 0/5)
      [sid z_t] step 2000/5000  train loss=0.918 acc=0.812  dev loss=0.742 acc=0.774  (best 0.774, bad 0/5)
      [sid z_t] step 2250/5000  train loss=0.590 acc=0.750  dev loss=0.775 acc=0.772  (best 0.774, bad 1/5)
      [sid z_t] step 2500/5000  train loss=0.464 acc=0.938  dev loss=0.532 acc=0.850  (best 0.850, bad 0/5)
      [sid z_t] step 2750/5000  train loss=1.049 acc=0.812  dev loss=0.582 acc=0.830  (best 0.850, bad 1/5)
      [sid z_t] step 3000/5000  train loss=0.346 acc=0.938  dev loss=0.291 acc=0.906  (best 0.906, bad 0/5)
      [sid z_t] step 3250/5000  train loss=0.342 acc=0.875  dev loss=0.331 acc=0.896  (best 0.906, bad 1/5)
      [sid z_t] step 3500/5000  train loss=0.180 acc=0.938  dev loss=0.135 acc=0.960  (best 0.960, bad 0/5)
      [sid z_t] step 3750/5000  train loss=0.383 acc=0.875  dev loss=0.141 acc=0.958  (best 0.960, bad 1/5)
      [sid z_t] step 4000/5000  train loss=0.127 acc=1.000  dev loss=0.072 acc=0.986  (best 0.986, bad 0/5)
      [sid z_t] step 4250/5000  train loss=0.013 acc=1.000  dev loss=0.051 acc=0.988  (best 0.988, bad 0/5)
      [sid z_t] step 4500/5000  train loss=0.008 acc=1.000  dev loss=0.033 acc=0.992  (best 0.992, bad 0/5)
      [sid z_t] step 4750/5000  train loss=0.004 acc=1.000  dev loss=0.025 acc=0.994  (best 0.994, bad 0/5)
      [sid z_t] step 5000/5000  train loss=0.002 acc=1.000  dev loss=0.017 acc=0.998  (best 0.998, bad 0/5)
    z_t -> SID              acc test=0.996  (val 0.998)
  training probe: z_L -> SID ...
      [sid z_L] step 250/5000  train loss=7.371 acc=0.000  dev loss=7.798 acc=0.002  (best 0.002, bad 0/5)
      [sid z_L] step 500/5000  train loss=7.336 acc=0.000  dev loss=7.236 acc=0.002  (best 0.002, bad 1/5)
      [sid z_L] step 750/5000  train loss=7.983 acc=0.000  dev loss=7.149 acc=0.000  (best 0.002, bad 2/5)
      [sid z_L] step 1000/5000  train loss=6.964 acc=0.000  dev loss=6.925 acc=0.006  (best 0.006, bad 0/5)
      [sid z_L] step 1250/5000  train loss=6.833 acc=0.000  dev loss=6.768 acc=0.008  (best 0.008, bad 0/5)
      [sid z_L] step 1500/5000  train loss=6.245 acc=0.062  dev loss=6.681 acc=0.002  (best 0.008, bad 1/5)
      [sid z_L] step 1750/5000  train loss=6.396 acc=0.000  dev loss=6.436 acc=0.006  (best 0.008, bad 2/5)
      [sid z_L] step 2000/5000  train loss=6.738 acc=0.000  dev loss=6.395 acc=0.006  (best 0.008, bad 3/5)
      [sid z_L] step 2250/5000  train loss=5.921 acc=0.000  dev loss=6.255 acc=0.006  (best 0.008, bad 4/5)
      [sid z_L] step 2500/5000  train loss=5.971 acc=0.000  dev loss=6.225 acc=0.008  (best 0.008, bad 5/5)
    z_L -> SID              acc test=0.004  (val 0.008)
  training probe: z_P -> SID ...
      [sid z_P] step 250/5000  train loss=2.281 acc=0.500  dev loss=1.888 acc=0.718  (best 0.718, bad 0/5)
      [sid z_P] step 500/5000  train loss=0.391 acc=1.000  dev loss=0.420 acc=0.966  (best 0.966, bad 0/5)
      [sid z_P] step 750/5000  train loss=0.082 acc=1.000  dev loss=0.136 acc=0.988  (best 0.988, bad 0/5)
      [sid z_P] step 1000/5000  train loss=0.052 acc=1.000  dev loss=0.084 acc=0.988  (best 0.988, bad 1/5)
      [sid z_P] step 1250/5000  train loss=0.036 acc=1.000  dev loss=0.052 acc=0.994  (best 0.994, bad 0/5)
      [sid z_P] step 1500/5000  train loss=0.030 acc=1.000  dev loss=0.035 acc=0.998  (best 0.998, bad 0/5)
      [sid z_P] step 1750/5000  train loss=0.013 acc=1.000  dev loss=0.033 acc=0.996  (best 0.998, bad 1/5)
      [sid z_P] step 2000/5000  train loss=0.024 acc=1.000  dev loss=0.026 acc=0.998  (best 0.998, bad 2/5)
      [sid z_P] step 2250/5000  train loss=0.036 acc=1.000  dev loss=0.036 acc=0.994  (best 0.998, bad 3/5)
      [sid z_P] step 2500/5000  train loss=0.020 acc=1.000  dev loss=0.025 acc=0.994  (best 0.998, bad 4/5)
      [sid z_P] step 2750/5000  train loss=0.002 acc=1.000  dev loss=0.017 acc=0.996  (best 0.998, bad 5/5)
    z_P -> SID              acc test=1.000  (val 0.998)
  training probe: z_U -> SID ...
      [sid z_U] step 250/5000  train loss=5.925 acc=0.000  dev loss=5.969 acc=0.002  (best 0.002, bad 0/5)
      [sid z_U] step 500/5000  train loss=6.082 acc=0.000  dev loss=5.908 acc=0.008  (best 0.008, bad 0/5)
      [sid z_U] step 750/5000  train loss=5.723 acc=0.000  dev loss=5.917 acc=0.002  (best 0.008, bad 1/5)
      [sid z_U] step 1000/5000  train loss=5.799 acc=0.000  dev loss=5.921 acc=0.004  (best 0.008, bad 2/5)
      [sid z_U] step 1250/5000  train loss=5.553 acc=0.000  dev loss=5.948 acc=0.004  (best 0.008, bad 3/5)
      [sid z_U] step 1500/5000  train loss=5.723 acc=0.000  dev loss=5.843 acc=0.002  (best 0.008, bad 4/5)
      [sid z_U] step 1750/5000  train loss=5.720 acc=0.000  dev loss=5.761 acc=0.000  (best 0.008, bad 5/5)
    z_U -> SID              acc test=0.004  (val 0.008)

==================================================================
  DIAGNOSTIC PROBE RESULTS - diag_libri_advfb_prrecover_U24adv_gn00025_gp02_gu05_gpu015_aux64_12k_s42_sid_linear_seed42
==================================================================
  Source       PR (PER↓)    SID (acc↑)
  --------  ------------  ------------
  z_t                nan         0.996
  z_L                nan         0.004
  z_P                nan         1.000
  z_U                nan         0.004
==================================================================

