[diag_probe] run=diag_libri_advfb_prrecover_U24adv_gn00025_gp02_gu05_gpu015_aux64_12k_s42_z_L_pr_linear_seed42  device=cuda
[diag_probe] seed=42
[diag_probe] stage1_ckpt=/scratch/bbg25/runs/libri_advfb_prrecover_U24adv_gn00025_gp02_gu05_gpu015_aux64_12k_s42/checkpoints/stage2_step12000.pt
[diag_probe] stage2_ckpt=/scratch/bbg25/runs/libri_advfb_prrecover_U24adv_gn00025_gp02_gu05_gpu015_aux64_12k_s42/checkpoints/stage2_step12000.pt
[diag_probe] sources=['z_L']  tasks=['pr']
[diag_probe] probe_steps=5000  pr_lr=0.0005  sid_lr=0.001  pr_warmup=500  other_warmup=0  val_every=250  patience=5
[dis_data] loaded lexicon: 200,000 entries
[dis_data] loading PR train-clean-100 …
[dis_data] loading PR dev-clean …
[dis_data] loading PR test-clean …
[dis_data]  PR train=28539 val=2703 test=2620 vocab=74
[dis_data] loading train-clean-100 …
[dis_data]  251 speakers
[dis_data]  train=27539  val=500  test=500  vocab=74  speakers=251
[diag_probe] topk confirmed: 256
[train] WARNING: unexpected missing SAE keys: ['block_idx', 'block_m_L', 'block_m_P', 'block_m_U']
[train] loaded 3 SAE tensors from /scratch/bbg25/runs/libri_advfb_prrecover_U24adv_gn00025_gp02_gu05_gpu015_aux64_12k_s42/checkpoints/stage2_step12000.pt  (step=12000  val=0.1408)
[diag_probe] skipped 8 shape-mismatched/stale keys (e.g. ['grl_head_u.projector.weight', 'grl_head_u.projector.bias', 'grl_head_u.fc.weight']) — fine, probe does not use adversarial heads
[diag_probe] loaded stage2 weights from /scratch/bbg25/runs/libri_advfb_prrecover_U24adv_gn00025_gp02_gu05_gpu015_aux64_12k_s42/checkpoints/stage2_step12000.pt

[diag_probe] speakers=251  pr_vocab=74  D=1280  K=5120
[diag_probe] PR: stage-2-matched 74-phone targets — train-clean-100 → val=dev-clean, test=test-clean
[diag_probe] SID: closed-set utterance split (val/test held out); probe arch=linear
[diag_probe] reported metric = TEST (val shown in parentheses)

  training probe: z_L -> PR ...
[dis_data] g2p_en loaded for OOV words
      [pr z_L] step 250/5000  train loss=4.833  dev loss=3.339  dev PER=0.947  (best 0.947, bad 0/5)
      [pr z_L] step 500/5000  train loss=2.477  dev loss=1.585  dev PER=0.439  (best 0.439, bad 0/5)
      [pr z_L] step 750/5000  train loss=1.150  dev loss=0.998  dev PER=0.345  (best 0.345, bad 0/5)
      [pr z_L] step 1000/5000  train loss=0.885  dev loss=0.864  dev PER=0.219  (best 0.219, bad 0/5)
      [pr z_L] step 1250/5000  train loss=0.769  dev loss=0.752  dev PER=0.194  (best 0.194, bad 0/5)
      [pr z_L] step 1500/5000  train loss=0.708  dev loss=0.675  dev PER=0.191  (best 0.191, bad 0/5)
      [pr z_L] step 1750/5000  train loss=0.655  dev loss=0.659  dev PER=0.188  (best 0.188, bad 0/5)
      [pr z_L] step 2000/5000  train loss=0.621  dev loss=0.628  dev PER=0.157  (best 0.157, bad 0/5)
      [pr z_L] step 2250/5000  train loss=0.599  dev loss=0.588  dev PER=0.170  (best 0.157, bad 1/5)
      [pr z_L] step 2500/5000  train loss=0.577  dev loss=0.566  dev PER=0.162  (best 0.157, bad 2/5)
      [pr z_L] step 2750/5000  train loss=0.563  dev loss=0.575  dev PER=0.140  (best 0.140, bad 0/5)
      [pr z_L] step 3000/5000  train loss=0.551  dev loss=0.528  dev PER=0.136  (best 0.136, bad 0/5)
      [pr z_L] step 3250/5000  train loss=0.541  dev loss=0.539  dev PER=0.135  (best 0.135, bad 0/5)
      [pr z_L] step 3500/5000  train loss=0.526  dev loss=0.520  dev PER=0.134  (best 0.134, bad 0/5)
      [pr z_L] step 3750/5000  train loss=0.517  dev loss=0.510  dev PER=0.118  (best 0.118, bad 0/5)
      [pr z_L] step 4000/5000  train loss=0.503  dev loss=0.520  dev PER=0.152  (best 0.118, bad 1/5)
      [pr z_L] step 4250/5000  train loss=0.496  dev loss=0.497  dev PER=0.130  (best 0.118, bad 2/5)
      [pr z_L] step 4500/5000  train loss=0.487  dev loss=0.489  dev PER=0.126  (best 0.118, bad 3/5)
      [pr z_L] step 4750/5000  train loss=0.484  dev loss=0.478  dev PER=0.126  (best 0.118, bad 4/5)
      [pr z_L] step 5000/5000  train loss=0.474  dev loss=0.472  dev PER=0.126  (best 0.118, bad 5/5)
    z_L -> PR               PER test=0.122  (val 0.118)

==================================================================
  DIAGNOSTIC PROBE RESULTS - diag_libri_advfb_prrecover_U24adv_gn00025_gp02_gu05_gpu015_aux64_12k_s42_z_L_pr_linear_seed42
==================================================================
  Source       PR (PER↓)    SID (acc↑)
  --------  ------------  ------------
  z_L              0.122           nan
==================================================================

