[diag_probe] run=diag_libri_advfb_prrecover_U24adv_gn00025_gp02_gu05_gpu015_aux64_12k_s42_z_L_pr_direct_seed42  device=cuda
[diag_probe] seed=42
[diag_probe] stage1_ckpt=/scratch/bbg25/runs/libri_advfb_prrecover_U24adv_gn00025_gp02_gu05_gpu015_aux64_12k_s42/checkpoints/stage2_step12000.pt
[diag_probe] stage2_ckpt=/scratch/bbg25/runs/libri_advfb_prrecover_U24adv_gn00025_gp02_gu05_gpu015_aux64_12k_s42/checkpoints/stage2_step12000.pt
[diag_probe] sources=['z_L']  tasks=['pr']
[diag_probe] probe_steps=5000  pr_lr=0.0005  sid_lr=0.001  pr_warmup=500  other_warmup=0  val_every=250  patience=5
[dis_data] loaded lexicon: 200,000 entries
[dis_data] loading PR train-clean-100 …
[dis_data] loading PR dev-clean …
[dis_data] loading PR test-clean …
[dis_data]  PR train=28539 val=2703 test=2620 vocab=74
[dis_data] loading train-clean-100 …
[dis_data]  251 speakers
[dis_data]  train=27539  val=500  test=500  vocab=74  speakers=251
[diag_probe] topk confirmed: 256
[train] WARNING: unexpected missing SAE keys: ['block_idx', 'block_m_L', 'block_m_P', 'block_m_U']
[train] loaded 3 SAE tensors from /scratch/bbg25/runs/libri_advfb_prrecover_U24adv_gn00025_gp02_gu05_gpu015_aux64_12k_s42/checkpoints/stage2_step12000.pt  (step=12000  val=0.1408)
[diag_probe] skipped 8 shape-mismatched/stale keys (e.g. ['grl_head_u.projector.weight', 'grl_head_u.projector.bias', 'grl_head_u.fc.weight']) — fine, probe does not use adversarial heads
[diag_probe] loaded stage2 weights from /scratch/bbg25/runs/libri_advfb_prrecover_U24adv_gn00025_gp02_gu05_gpu015_aux64_12k_s42/checkpoints/stage2_step12000.pt

[diag_probe] speakers=251  pr_vocab=74  D=1280  K=5120
[diag_probe] PR: stage-2-matched 74-phone targets — train-clean-100 → val=dev-clean, test=test-clean
[diag_probe] SID: closed-set utterance split (val/test held out); probe arch=linear
[diag_probe] reported metric = TEST (val shown in parentheses)

  training probe: z_L -> PR ...
[dis_data] g2p_en loaded for OOV words
      [pr z_L] step 250/5000  train loss=7.273  dev loss=6.880  dev PER=0.987  (best 0.987, bad 0/5)
      [pr z_L] step 500/5000  train loss=5.338  dev loss=6.339  dev PER=0.930  (best 0.930, bad 0/5)
      [pr z_L] step 750/5000  train loss=5.184  dev loss=3.823  dev PER=1.000  (best 0.930, bad 1/5)
      [pr z_L] step 1000/5000  train loss=2.461  dev loss=1.623  dev PER=0.588  (best 0.588, bad 0/5)
      [pr z_L] step 1250/5000  train loss=1.383  dev loss=1.277  dev PER=0.489  (best 0.489, bad 0/5)
      [pr z_L] step 1500/5000  train loss=1.137  dev loss=1.087  dev PER=0.374  (best 0.374, bad 0/5)
      [pr z_L] step 1750/5000  train loss=1.004  dev loss=0.983  dev PER=0.320  (best 0.320, bad 0/5)
      [pr z_L] step 2000/5000  train loss=0.911  dev loss=0.912  dev PER=0.300  (best 0.300, bad 0/5)
      [pr z_L] step 2250/5000  train loss=0.864  dev loss=0.873  dev PER=0.273  (best 0.273, bad 0/5)
      [pr z_L] step 2500/5000  train loss=0.823  dev loss=0.848  dev PER=0.302  (best 0.273, bad 1/5)
      [pr z_L] step 2750/5000  train loss=0.792  dev loss=0.795  dev PER=0.245  (best 0.245, bad 0/5)
      [pr z_L] step 3000/5000  train loss=0.768  dev loss=0.767  dev PER=0.237  (best 0.237, bad 0/5)
      [pr z_L] step 3250/5000  train loss=0.742  dev loss=0.747  dev PER=0.222  (best 0.222, bad 0/5)
      [pr z_L] step 3500/5000  train loss=0.721  dev loss=0.732  dev PER=0.237  (best 0.222, bad 1/5)
      [pr z_L] step 3750/5000  train loss=0.706  dev loss=0.710  dev PER=0.214  (best 0.214, bad 0/5)
      [pr z_L] step 4000/5000  train loss=0.691  dev loss=0.704  dev PER=0.220  (best 0.214, bad 1/5)
      [pr z_L] step 4250/5000  train loss=0.683  dev loss=0.696  dev PER=0.197  (best 0.197, bad 0/5)
      [pr z_L] step 4500/5000  train loss=0.673  dev loss=0.684  dev PER=0.207  (best 0.197, bad 1/5)
      [pr z_L] step 4750/5000  train loss=0.668  dev loss=0.680  dev PER=0.209  (best 0.197, bad 2/5)
      [pr z_L] step 5000/5000  train loss=0.662  dev loss=0.676  dev PER=0.209  (best 0.197, bad 3/5)
    z_L -> PR               PER test=0.199  (val 0.197)

==================================================================
  DIAGNOSTIC PROBE RESULTS - diag_libri_advfb_prrecover_U24adv_gn00025_gp02_gu05_gpu015_aux64_12k_s42_z_L_pr_direct_seed42
==================================================================
  Source       PR (PER↓)    SID (acc↑)
  --------  ------------  ------------
  z_L              0.199           nan
==================================================================

