[diag_probe] run=diag_libri_advlearn_soft_gn00015_gp02_aux64_12k_s42_z_t_pr_linear_seed42  device=cuda
[diag_probe] seed=42
[diag_probe] stage1_ckpt=/scratch/bbg25/runs/libri_advlearn_soft_gn00015_gp02_aux64_12k_s42/checkpoints/stage2_step12000.pt
[diag_probe] stage2_ckpt=/scratch/bbg25/runs/libri_advlearn_soft_gn00015_gp02_aux64_12k_s42/checkpoints/stage2_step12000.pt
[diag_probe] sources=['z_t']  tasks=['pr']
[diag_probe] probe_steps=5000  pr_lr=0.0005  asr_lr=0.0005  sid_lr=0.001  pr_warmup=500  asr_warmup=500  other_warmup=0  val_every=250  patience=10
[dis_data] loaded lexicon: 200,000 entries
[dis_data] loading PR train-clean-100 …
[dis_data] loading PR dev-clean …
[dis_data] loading PR test-clean …
[dis_data]  PR train=28539 val=2703 test=2620 vocab=74
[diag_probe] ASR task not requested — skipping ASR dataloaders.
[dis_data] loading train-clean-100 …
[dis_data]  251 speakers
[dis_data]  train=27539  val=500  test=500  vocab=74  speakers=251
[diag_probe] topk confirmed: 256
[train] loaded 3 SAE tensors from /scratch/bbg25/runs/libri_advlearn_soft_gn00015_gp02_aux64_12k_s42/checkpoints/stage2_step12000.pt  (step=12000  val=1.0820)
[diag_probe] skipped 1 shape-mismatched/stale keys (e.g. ['routing.current_logits']) — fine, probe does not use adversarial heads
[diag_probe] loaded stage2 weights from /scratch/bbg25/runs/libri_advlearn_soft_gn00015_gp02_aux64_12k_s42/checkpoints/stage2_step12000.pt

[diag_probe] speakers=251  pr_vocab=74  asr_vocab=n/a  D=1280  K=5120
[diag_probe] PR: stage-2-matched 74-phone targets — train-clean-100 → val=dev-clean, test=test-clean
[diag_probe] ASR: skipped
[diag_probe] SID: closed-set utterance split (val/test held out); probe arch=linear
[diag_probe] reported metric = TEST (val shown in parentheses)

  training probe: z_t -> PR ...
[dis_data] g2p_en loaded for OOV words
      [pr z_t] step 250/5000  train loss=3.123  dev loss=0.421  dev PER=0.116  (best 0.116, bad 0/10)
      [pr z_t] step 500/5000  train loss=0.352  dev loss=0.319  dev PER=0.082  (best 0.082, bad 0/10)
      [pr z_t] step 750/5000  train loss=0.299  dev loss=0.297  dev PER=0.072  (best 0.072, bad 0/10)
      [pr z_t] step 1000/5000  train loss=0.292  dev loss=0.297  dev PER=0.081  (best 0.072, bad 1/10)
      [pr z_t] step 1250/5000  train loss=0.287  dev loss=0.278  dev PER=0.070  (best 0.070, bad 0/10)
      [pr z_t] step 1500/5000  train loss=0.275  dev loss=0.278  dev PER=0.069  (best 0.069, bad 0/10)
      [pr z_t] step 1750/5000  train loss=0.278  dev loss=0.278  dev PER=0.073  (best 0.069, bad 1/10)
      [pr z_t] step 2000/5000  train loss=0.253  dev loss=0.269  dev PER=0.069  (best 0.069, bad 0/10)
      [pr z_t] step 2250/5000  train loss=0.256  dev loss=0.275  dev PER=0.068  (best 0.068, bad 0/10)
      [pr z_t] step 2500/5000  train loss=0.255  dev loss=0.272  dev PER=0.069  (best 0.068, bad 1/10)
      [pr z_t] step 2750/5000  train loss=0.254  dev loss=0.267  dev PER=0.066  (best 0.066, bad 0/10)
      [pr z_t] step 3000/5000  train loss=0.257  dev loss=0.263  dev PER=0.064  (best 0.064, bad 0/10)
      [pr z_t] step 3250/5000  train loss=0.252  dev loss=0.258  dev PER=0.063  (best 0.063, bad 0/10)
      [pr z_t] step 3500/5000  train loss=0.249  dev loss=0.262  dev PER=0.068  (best 0.063, bad 1/10)
      [pr z_t] step 3750/5000  train loss=0.239  dev loss=0.258  dev PER=0.066  (best 0.063, bad 2/10)
      [pr z_t] step 4000/5000  train loss=0.234  dev loss=0.263  dev PER=0.060  (best 0.060, bad 0/10)
      [pr z_t] step 4250/5000  train loss=0.234  dev loss=0.256  dev PER=0.064  (best 0.060, bad 1/10)
      [pr z_t] step 4500/5000  train loss=0.231  dev loss=0.254  dev PER=0.062  (best 0.060, bad 2/10)
      [pr z_t] step 4750/5000  train loss=0.236  dev loss=0.254  dev PER=0.064  (best 0.060, bad 3/10)
      [pr z_t] step 5000/5000  train loss=0.231  dev loss=0.253  dev PER=0.063  (best 0.060, bad 4/10)
    z_t -> PR               PER test=0.063  (val 0.060)

==================================================================
  DIAGNOSTIC PROBE RESULTS - diag_libri_advlearn_soft_gn00015_gp02_aux64_12k_s42_z_t_pr_linear_seed42
==================================================================
  Source       PR (PER↓)    SID (acc↑)
  --------  ------------  ------------
  z_t              0.063           nan
==================================================================

