[diag_probe] run=diag_libri_advlearn_soft_gn00015_gp02_aux64_12k_s42_z_P_pr_linear_seed42  device=cuda
[diag_probe] seed=42
[diag_probe] stage1_ckpt=/scratch/bbg25/runs/libri_advlearn_soft_gn00015_gp02_aux64_12k_s42/checkpoints/stage2_step12000.pt
[diag_probe] stage2_ckpt=/scratch/bbg25/runs/libri_advlearn_soft_gn00015_gp02_aux64_12k_s42/checkpoints/stage2_step12000.pt
[diag_probe] sources=['z_P']  tasks=['pr']
[diag_probe] probe_steps=5000  pr_lr=0.0005  asr_lr=0.0005  sid_lr=0.001  pr_warmup=500  asr_warmup=500  other_warmup=0  val_every=250  patience=10
[dis_data] loaded lexicon: 200,000 entries
[dis_data] loading PR train-clean-100 …
[dis_data] loading PR dev-clean …
[dis_data] loading PR test-clean …
[dis_data]  PR train=28539 val=2703 test=2620 vocab=74
[diag_probe] ASR task not requested — skipping ASR dataloaders.
[dis_data] loading train-clean-100 …
[dis_data]  251 speakers
[dis_data]  train=27539  val=500  test=500  vocab=74  speakers=251
[diag_probe] topk confirmed: 256
[train] loaded 3 SAE tensors from /scratch/bbg25/runs/libri_advlearn_soft_gn00015_gp02_aux64_12k_s42/checkpoints/stage2_step12000.pt  (step=12000  val=1.0820)
[diag_probe] skipped 1 shape-mismatched/stale keys (e.g. ['routing.current_logits']) — fine, probe does not use adversarial heads
[diag_probe] loaded stage2 weights from /scratch/bbg25/runs/libri_advlearn_soft_gn00015_gp02_aux64_12k_s42/checkpoints/stage2_step12000.pt

[diag_probe] speakers=251  pr_vocab=74  asr_vocab=n/a  D=1280  K=5120
[diag_probe] PR: stage-2-matched 74-phone targets — train-clean-100 → val=dev-clean, test=test-clean
[diag_probe] ASR: skipped
[diag_probe] SID: closed-set utterance split (val/test held out); probe arch=linear
[diag_probe] reported metric = TEST (val shown in parentheses)

  training probe: z_P -> PR ...
[dis_data] g2p_en loaded for OOV words
      [pr z_P] step 250/5000  train loss=5.408  dev loss=1.402  dev PER=0.561  (best 0.561, bad 0/10)
      [pr z_P] step 500/5000  train loss=0.955  dev loss=0.763  dev PER=0.246  (best 0.246, bad 0/10)
      [pr z_P] step 750/5000  train loss=0.652  dev loss=0.609  dev PER=0.182  (best 0.182, bad 0/10)
      [pr z_P] step 1000/5000  train loss=0.564  dev loss=0.536  dev PER=0.152  (best 0.152, bad 0/10)
      [pr z_P] step 1250/5000  train loss=0.512  dev loss=0.493  dev PER=0.136  (best 0.136, bad 0/10)
      [pr z_P] step 1500/5000  train loss=0.473  dev loss=0.468  dev PER=0.132  (best 0.132, bad 0/10)
      [pr z_P] step 1750/5000  train loss=0.456  dev loss=0.447  dev PER=0.125  (best 0.125, bad 0/10)
      [pr z_P] step 2000/5000  train loss=0.419  dev loss=0.429  dev PER=0.119  (best 0.119, bad 0/10)
      [pr z_P] step 2250/5000  train loss=0.413  dev loss=0.418  dev PER=0.114  (best 0.114, bad 0/10)
      [pr z_P] step 2500/5000  train loss=0.401  dev loss=0.410  dev PER=0.112  (best 0.112, bad 0/10)
      [pr z_P] step 2750/5000  train loss=0.392  dev loss=0.399  dev PER=0.107  (best 0.107, bad 0/10)
      [pr z_P] step 3000/5000  train loss=0.391  dev loss=0.395  dev PER=0.100  (best 0.100, bad 0/10)
      [pr z_P] step 3250/5000  train loss=0.383  dev loss=0.383  dev PER=0.102  (best 0.100, bad 1/10)
      [pr z_P] step 3500/5000  train loss=0.375  dev loss=0.382  dev PER=0.106  (best 0.100, bad 2/10)
      [pr z_P] step 3750/5000  train loss=0.363  dev loss=0.377  dev PER=0.102  (best 0.100, bad 3/10)
      [pr z_P] step 4000/5000  train loss=0.356  dev loss=0.374  dev PER=0.093  (best 0.093, bad 0/10)
      [pr z_P] step 4250/5000  train loss=0.354  dev loss=0.371  dev PER=0.098  (best 0.093, bad 1/10)
      [pr z_P] step 4500/5000  train loss=0.351  dev loss=0.368  dev PER=0.097  (best 0.093, bad 2/10)
      [pr z_P] step 4750/5000  train loss=0.356  dev loss=0.367  dev PER=0.098  (best 0.093, bad 3/10)
      [pr z_P] step 5000/5000  train loss=0.349  dev loss=0.366  dev PER=0.097  (best 0.093, bad 4/10)
    z_P -> PR               PER test=0.098  (val 0.093)

==================================================================
  DIAGNOSTIC PROBE RESULTS - diag_libri_advlearn_soft_gn00015_gp02_aux64_12k_s42_z_P_pr_linear_seed42
==================================================================
  Source       PR (PER↓)    SID (acc↑)
  --------  ------------  ------------
  z_P              0.098           nan
==================================================================

