[diag_probe] run=diag_libri_advlearn_soft_gn00015_gp02_aux64_12k_s42_z_P_pr_direct_seed42  device=cuda
[diag_probe] seed=42
[diag_probe] stage1_ckpt=/scratch/bbg25/runs/libri_advlearn_soft_gn00015_gp02_aux64_12k_s42/checkpoints/stage2_step12000.pt
[diag_probe] stage2_ckpt=/scratch/bbg25/runs/libri_advlearn_soft_gn00015_gp02_aux64_12k_s42/checkpoints/stage2_step12000.pt
[diag_probe] sources=['z_P']  tasks=['pr']
[diag_probe] probe_steps=5000  pr_lr=0.0005  asr_lr=0.0005  sid_lr=0.001  pr_warmup=500  asr_warmup=500  other_warmup=0  val_every=250  patience=10
[dis_data] loaded lexicon: 200,000 entries
[dis_data] loading PR train-clean-100 …
[dis_data] loading PR dev-clean …
[dis_data] loading PR test-clean …
[dis_data]  PR train=28539 val=2703 test=2620 vocab=74
[diag_probe] ASR task not requested — skipping ASR dataloaders.
[dis_data] loading train-clean-100 …
[dis_data]  251 speakers
[dis_data]  train=27539  val=500  test=500  vocab=74  speakers=251
[diag_probe] topk confirmed: 256
[train] loaded 3 SAE tensors from /scratch/bbg25/runs/libri_advlearn_soft_gn00015_gp02_aux64_12k_s42/checkpoints/stage2_step12000.pt  (step=12000  val=1.0820)
[diag_probe] skipped 1 shape-mismatched/stale keys (e.g. ['routing.current_logits']) — fine, probe does not use adversarial heads
[diag_probe] loaded stage2 weights from /scratch/bbg25/runs/libri_advlearn_soft_gn00015_gp02_aux64_12k_s42/checkpoints/stage2_step12000.pt

[diag_probe] speakers=251  pr_vocab=74  asr_vocab=n/a  D=1280  K=5120
[diag_probe] PR: stage-2-matched 74-phone targets — train-clean-100 → val=dev-clean, test=test-clean
[diag_probe] ASR: skipped
[diag_probe] SID: closed-set utterance split (val/test held out); probe arch=linear
[diag_probe] reported metric = TEST (val shown in parentheses)

  training probe: z_P -> PR ...
[dis_data] g2p_en loaded for OOV words
      [pr z_P] step 250/5000  train loss=10.661  dev loss=8.149  dev PER=0.954  (best 0.954, bad 0/10)
      [pr z_P] step 500/5000  train loss=6.075  dev loss=6.999  dev PER=0.975  (best 0.954, bad 1/10)
      [pr z_P] step 750/5000  train loss=5.902  dev loss=6.271  dev PER=0.971  (best 0.954, bad 2/10)
      [pr z_P] step 1000/5000  train loss=4.025  dev loss=1.069  dev PER=0.409  (best 0.409, bad 0/10)
      [pr z_P] step 1250/5000  train loss=0.871  dev loss=0.795  dev PER=0.264  (best 0.264, bad 0/10)
      [pr z_P] step 1500/5000  train loss=0.734  dev loss=0.719  dev PER=0.239  (best 0.239, bad 0/10)
      [pr z_P] step 1750/5000  train loss=0.680  dev loss=0.672  dev PER=0.212  (best 0.212, bad 0/10)
      [pr z_P] step 2000/5000  train loss=0.632  dev loss=0.641  dev PER=0.200  (best 0.200, bad 0/10)
      [pr z_P] step 2250/5000  train loss=0.615  dev loss=0.618  dev PER=0.190  (best 0.190, bad 0/10)
      [pr z_P] step 2500/5000  train loss=0.593  dev loss=0.600  dev PER=0.179  (best 0.179, bad 0/10)
      [pr z_P] step 2750/5000  train loss=0.579  dev loss=0.587  dev PER=0.177  (best 0.177, bad 0/10)
      [pr z_P] step 3000/5000  train loss=0.572  dev loss=0.576  dev PER=0.176  (best 0.176, bad 0/10)
      [pr z_P] step 3250/5000  train loss=0.560  dev loss=0.567  dev PER=0.169  (best 0.169, bad 0/10)
      [pr z_P] step 3500/5000  train loss=0.551  dev loss=0.559  dev PER=0.167  (best 0.167, bad 0/10)
      [pr z_P] step 3750/5000  train loss=0.540  dev loss=0.553  dev PER=0.163  (best 0.163, bad 0/10)
      [pr z_P] step 4000/5000  train loss=0.531  dev loss=0.547  dev PER=0.159  (best 0.159, bad 0/10)
      [pr z_P] step 4250/5000  train loss=0.528  dev loss=0.544  dev PER=0.161  (best 0.159, bad 1/10)
      [pr z_P] step 4500/5000  train loss=0.525  dev loss=0.542  dev PER=0.158  (best 0.158, bad 0/10)
      [pr z_P] step 4750/5000  train loss=0.527  dev loss=0.540  dev PER=0.160  (best 0.158, bad 1/10)
      [pr z_P] step 5000/5000  train loss=0.523  dev loss=0.539  dev PER=0.158  (best 0.158, bad 2/10)
    z_P -> PR               PER test=0.161  (val 0.158)

==================================================================
  DIAGNOSTIC PROBE RESULTS - diag_libri_advlearn_soft_gn00015_gp02_aux64_12k_s42_z_P_pr_direct_seed42
==================================================================
  Source       PR (PER↓)    SID (acc↑)
  --------  ------------  ------------
  z_P              0.161           nan
==================================================================

