[diag_probe] run=diag_libri_advlearn_soft_gn00015_gp02_aux64_12k_s42_sid_linear_seed42  device=cuda
[diag_probe] seed=42
[diag_probe] stage1_ckpt=/scratch/bbg25/runs/libri_advlearn_soft_gn00015_gp02_aux64_12k_s42/checkpoints/stage2_step12000.pt
[diag_probe] stage2_ckpt=/scratch/bbg25/runs/libri_advlearn_soft_gn00015_gp02_aux64_12k_s42/checkpoints/stage2_step12000.pt
[diag_probe] sources=['z_t', 'z_L', 'z_P']  tasks=['sid']
[diag_probe] probe_steps=5000  pr_lr=0.0005  asr_lr=0.0005  sid_lr=0.001  pr_warmup=500  asr_warmup=500  other_warmup=0  val_every=250  patience=10
[diag_probe] PR task not requested — skipping PR dataloaders.
[diag_probe] ASR task not requested — skipping ASR dataloaders.
[dis_data] loaded lexicon: 200,000 entries
[dis_data] loading train-clean-100 …
[dis_data]  251 speakers
[dis_data]  train=27539  val=500  test=500  vocab=74  speakers=251
[diag_probe] topk confirmed: 256
[train] loaded 3 SAE tensors from /scratch/bbg25/runs/libri_advlearn_soft_gn00015_gp02_aux64_12k_s42/checkpoints/stage2_step12000.pt  (step=12000  val=1.0820)
[diag_probe] skipped 1 shape-mismatched/stale keys (e.g. ['routing.current_logits']) — fine, probe does not use adversarial heads
[diag_probe] loaded stage2 weights from /scratch/bbg25/runs/libri_advlearn_soft_gn00015_gp02_aux64_12k_s42/checkpoints/stage2_step12000.pt

[diag_probe] speakers=251  pr_vocab=74  asr_vocab=n/a  D=1280  K=5120
[diag_probe] PR: skipped
[diag_probe] ASR: skipped
[diag_probe] SID: closed-set utterance split (val/test held out); probe arch=linear
[diag_probe] reported metric = TEST (val shown in parentheses)

  training probe: z_t -> SID ...
[dis_data] g2p_en loaded for OOV words
      [sid z_t] step 250/5000  train loss=3.836 acc=0.188  dev loss=3.577 acc=0.238  (best 0.238, bad 0/10)
      [sid z_t] step 500/5000  train loss=1.723 acc=0.625  dev loss=1.752 acc=0.590  (best 0.590, bad 0/10)
      [sid z_t] step 750/5000  train loss=0.920 acc=0.812  dev loss=0.526 acc=0.912  (best 0.912, bad 0/10)
      [sid z_t] step 1000/5000  train loss=0.322 acc=0.938  dev loss=0.361 acc=0.904  (best 0.912, bad 1/10)
      [sid z_t] step 1250/5000  train loss=0.131 acc=1.000  dev loss=0.189 acc=0.956  (best 0.956, bad 0/10)
      [sid z_t] step 1500/5000  train loss=0.142 acc=0.938  dev loss=0.191 acc=0.954  (best 0.956, bad 1/10)
      [sid z_t] step 1750/5000  train loss=0.188 acc=0.938  dev loss=0.273 acc=0.924  (best 0.956, bad 2/10)
      [sid z_t] step 2000/5000  train loss=0.042 acc=1.000  dev loss=0.079 acc=0.978  (best 0.978, bad 0/10)
      [sid z_t] step 2250/5000  train loss=0.081 acc=1.000  dev loss=0.077 acc=0.982  (best 0.982, bad 0/10)
      [sid z_t] step 2500/5000  train loss=0.013 acc=1.000  dev loss=0.042 acc=0.988  (best 0.988, bad 0/10)
      [sid z_t] step 2750/5000  train loss=0.010 acc=1.000  dev loss=0.040 acc=0.988  (best 0.988, bad 1/10)
      [sid z_t] step 3000/5000  train loss=0.008 acc=1.000  dev loss=0.032 acc=0.992  (best 0.992, bad 0/10)
      [sid z_t] step 3250/5000  train loss=0.003 acc=1.000  dev loss=0.022 acc=0.990  (best 0.992, bad 1/10)
      [sid z_t] step 3500/5000  train loss=0.006 acc=1.000  dev loss=0.015 acc=1.000  (best 1.000, bad 0/10)
      [sid z_t] step 3750/5000  train loss=0.002 acc=1.000  dev loss=0.005 acc=1.000  (best 1.000, bad 1/10)
      [sid z_t] step 4000/5000  train loss=0.001 acc=1.000  dev loss=0.005 acc=1.000  (best 1.000, bad 2/10)
      [sid z_t] step 4250/5000  train loss=0.001 acc=1.000  dev loss=0.015 acc=0.994  (best 1.000, bad 3/10)
      [sid z_t] step 4500/5000  train loss=0.000 acc=1.000  dev loss=0.007 acc=1.000  (best 1.000, bad 4/10)
      [sid z_t] step 4750/5000  train loss=0.000 acc=1.000  dev loss=0.004 acc=1.000  (best 1.000, bad 5/10)
      [sid z_t] step 5000/5000  train loss=0.000 acc=1.000  dev loss=0.004 acc=1.000  (best 1.000, bad 6/10)
    z_t -> SID              acc test=1.000  (val 1.000)
  training probe: z_L -> SID ...
      [sid z_L] step 250/5000  train loss=5.516 acc=0.000  dev loss=5.711 acc=0.018  (best 0.018, bad 0/10)
      [sid z_L] step 500/5000  train loss=5.232 acc=0.062  dev loss=5.047 acc=0.018  (best 0.018, bad 1/10)
      [sid z_L] step 750/5000  train loss=4.232 acc=0.188  dev loss=4.342 acc=0.076  (best 0.076, bad 0/10)
      [sid z_L] step 1000/5000  train loss=3.517 acc=0.250  dev loss=3.874 acc=0.192  (best 0.192, bad 0/10)
      [sid z_L] step 1250/5000  train loss=3.129 acc=0.438  dev loss=3.617 acc=0.194  (best 0.194, bad 0/10)
      [sid z_L] step 1500/5000  train loss=2.489 acc=0.250  dev loss=2.925 acc=0.340  (best 0.340, bad 0/10)
      [sid z_L] step 1750/5000  train loss=2.225 acc=0.438  dev loss=2.486 acc=0.414  (best 0.414, bad 0/10)
      [sid z_L] step 2000/5000  train loss=1.777 acc=0.625  dev loss=1.735 acc=0.676  (best 0.676, bad 0/10)
      [sid z_L] step 2250/5000  train loss=1.762 acc=0.750  dev loss=1.459 acc=0.714  (best 0.714, bad 0/10)
      [sid z_L] step 2500/5000  train loss=0.747 acc=0.750  dev loss=1.202 acc=0.742  (best 0.742, bad 0/10)
      [sid z_L] step 2750/5000  train loss=1.035 acc=0.688  dev loss=0.915 acc=0.834  (best 0.834, bad 0/10)
      [sid z_L] step 3000/5000  train loss=0.686 acc=0.938  dev loss=0.739 acc=0.876  (best 0.876, bad 0/10)
      [sid z_L] step 3250/5000  train loss=0.427 acc=0.938  dev loss=0.606 acc=0.900  (best 0.900, bad 0/10)
      [sid z_L] step 3500/5000  train loss=0.323 acc=1.000  dev loss=0.521 acc=0.910  (best 0.910, bad 0/10)
      [sid z_L] step 3750/5000  train loss=0.240 acc=1.000  dev loss=0.405 acc=0.942  (best 0.942, bad 0/10)
      [sid z_L] step 4000/5000  train loss=0.201 acc=1.000  dev loss=0.360 acc=0.944  (best 0.944, bad 0/10)
      [sid z_L] step 4250/5000  train loss=0.257 acc=1.000  dev loss=0.305 acc=0.960  (best 0.960, bad 0/10)
      [sid z_L] step 4500/5000  train loss=0.183 acc=1.000  dev loss=0.257 acc=0.970  (best 0.970, bad 0/10)
      [sid z_L] step 4750/5000  train loss=0.141 acc=1.000  dev loss=0.247 acc=0.976  (best 0.976, bad 0/10)
      [sid z_L] step 5000/5000  train loss=0.123 acc=1.000  dev loss=0.229 acc=0.970  (best 0.976, bad 1/10)
    z_L -> SID              acc test=0.986  (val 0.976)
  training probe: z_P -> SID ...
      [sid z_P] step 250/5000  train loss=2.364 acc=0.500  dev loss=2.758 acc=0.452  (best 0.452, bad 0/10)
      [sid z_P] step 500/5000  train loss=0.865 acc=0.938  dev loss=0.768 acc=0.904  (best 0.904, bad 0/10)
      [sid z_P] step 750/5000  train loss=0.157 acc=1.000  dev loss=0.235 acc=0.968  (best 0.968, bad 0/10)
      [sid z_P] step 1000/5000  train loss=0.114 acc=0.938  dev loss=0.111 acc=0.980  (best 0.980, bad 0/10)
      [sid z_P] step 1250/5000  train loss=0.031 acc=1.000  dev loss=0.053 acc=0.996  (best 0.996, bad 0/10)
      [sid z_P] step 1500/5000  train loss=0.008 acc=1.000  dev loss=0.045 acc=0.992  (best 0.996, bad 1/10)
      [sid z_P] step 1750/5000  train loss=0.038 acc=1.000  dev loss=0.027 acc=1.000  (best 1.000, bad 0/10)
      [sid z_P] step 2000/5000  train loss=0.034 acc=1.000  dev loss=0.019 acc=1.000  (best 1.000, bad 1/10)
      [sid z_P] step 2250/5000  train loss=0.003 acc=1.000  dev loss=0.013 acc=1.000  (best 1.000, bad 2/10)
      [sid z_P] step 2500/5000  train loss=0.002 acc=1.000  dev loss=0.013 acc=1.000  (best 1.000, bad 3/10)
      [sid z_P] step 2750/5000  train loss=0.003 acc=1.000  dev loss=0.012 acc=0.998  (best 1.000, bad 4/10)
      [sid z_P] step 3000/5000  train loss=0.007 acc=1.000  dev loss=0.008 acc=1.000  (best 1.000, bad 5/10)
      [sid z_P] step 3250/5000  train loss=0.004 acc=1.000  dev loss=0.007 acc=1.000  (best 1.000, bad 6/10)
      [sid z_P] step 3500/5000  train loss=0.003 acc=1.000  dev loss=0.006 acc=1.000  (best 1.000, bad 7/10)
      [sid z_P] step 3750/5000  train loss=0.013 acc=1.000  dev loss=0.008 acc=1.000  (best 1.000, bad 8/10)
      [sid z_P] step 4000/5000  train loss=0.001 acc=1.000  dev loss=0.006 acc=1.000  (best 1.000, bad 9/10)
      [sid z_P] step 4250/5000  train loss=0.004 acc=1.000  dev loss=0.006 acc=1.000  (best 1.000, bad 10/10)
    z_P -> SID              acc test=0.992  (val 1.000)

==================================================================
  DIAGNOSTIC PROBE RESULTS - diag_libri_advlearn_soft_gn00015_gp02_aux64_12k_s42_sid_linear_seed42
==================================================================
  Source       PR (PER↓)    SID (acc↑)
  --------  ------------  ------------
  z_t                nan         1.000
  z_L                nan         0.986
  z_P                nan         0.992
==================================================================

