=== VIB experiment 2: beta=1e-2 (no IN) ===  Mon Jun 15 02:14:03 BST 2026
GPU NVIDIA A100-SXM4-80GB
=== Disentanglement  stage=2
=== device=cuda  bf16=True
=== K=5120  topk=256  D=1280
=== steps=12000  α=0.8  β=0.6  grl=0.5  ρ=0.0
[dis_data] loaded lexicon: 200,000 entries
[dis_data] loading train-clean-100 …
[dis_data]  251 speakers
[dis_data]  train=27539  val=500  test=500  vocab=74  speakers=251
[train] stage2_from_scratch=True — SAE/routing/heads start from initialization
[stage 2] frozen=596,973,362  trainable=17,483,402  device=cuda
[stage 2] speakers=251  vocab=74
[stage 2] α=0.8  β=0.6  grl=0.5  ρ=0.0  grl_p=0.5  hard_gumbel=True  spear_ln=True  dann_full_disc=True
[stage 2] steps=12000  batch=16
[dis_data] g2p_en loaded for OOV words
  step      1/12000  recon=0.4521  pr=19.4946  sid=5.5195  grl=5.5332  grl_p=19.3746  L/P/U=3072/1024/1024  actL/P/U=160/64/32  H=nan  Hu=nan  spec<.5=nan  marg=nan  lstd=nan  lr=2.00e-07
  step    100/12000  recon=0.4160  pr=15.2965  sid=5.5156  grl=5.5703  grl_p=3.5437  L/P/U=3072/1024/1024  actL/P/U=160/64/32  H=nan  Hu=nan  spec<.5=nan  marg=nan  lstd=nan  lr=2.00e-05
  step    200/12000  recon=0.4300  pr=7.6286  sid=5.5117  grl=5.3672  grl_p=1.3723  L/P/U=3072/1024/1024  actL/P/U=160/64/32  H=nan  Hu=nan  spec<.5=nan  marg=nan  lstd=nan  lr=4.00e-05
  step    300/12000  recon=0.3632  pr=3.3776  sid=5.4980  grl=4.6797  grl_p=2.0167  L/P/U=3072/1024/1024  actL/P/U=160/64/32  H=nan  Hu=nan  spec<.5=nan  marg=nan  lstd=nan  lr=6.00e-05
  step    400/12000  recon=0.2644  pr=1.7593  sid=5.4668  grl=3.6465  grl_p=3.3941  L/P/U=3072/1024/1024  actL/P/U=160/64/32  H=nan  Hu=nan  spec<.5=nan  marg=nan  lstd=nan  lr=8.00e-05
  [grad_norms @500]
    recon             |g|=0.03255  ratio=1.000x recon
    pr_raw            |g|=0.40995  ratio=12.593x recon
    pr_weighted       |g|=0.32796  ratio=10.074x recon
    sid_raw           |g|=0.51403  ratio=15.790x recon
    sid_weighted      |g|=0.30842  ratio=9.474x recon
    grl               |g|=0.46611  ratio=14.318x recon
    grl_p             |g|=0.54532  ratio=16.751x recon
    route             |g|=0.00000  ratio=0.000x recon
  step    500/12000  recon=0.2073  pr=1.0498  sid=5.5020  grl=4.0366  grl_p=2.7707  L/P/U=3072/1024/1024  actL/P/U=160/64/32  H=nan  Hu=nan  spec<.5=nan  marg=nan  lstd=nan  lr=1.00e-04
  step    600/12000  recon=0.1694  pr=0.8877  sid=5.4199  grl=5.4961  grl_p=3.1312  L/P/U=3072/1024/1024  actL/P/U=160/64/32  H=nan  Hu=nan  spec<.5=nan  marg=nan  lstd=nan  lr=1.00e-04
  step    700/12000  recon=0.1440  pr=0.7459  sid=5.3242  grl=4.3545  grl_p=2.7901  L/P/U=3072/1024/1024  actL/P/U=160/64/32  H=nan  Hu=nan  spec<.5=nan  marg=nan  lstd=nan  lr=9.99e-05
  step    800/12000  recon=0.1307  pr=0.5567  sid=5.3203  grl=5.1836  grl_p=2.9089  L/P/U=3072/1024/1024  actL/P/U=160/64/32  H=nan  Hu=nan  spec<.5=nan  marg=nan  lstd=nan  lr=9.98e-05
  step    900/12000  recon=0.1240  pr=0.5524  sid=5.2617  grl=5.1523  grl_p=2.9686  L/P/U=3072/1024/1024  actL/P/U=160/64/32  H=nan  Hu=nan  spec<.5=nan  marg=nan  lstd=nan  lr=9.97e-05
  [grad_norms @1000]
    recon             |g|=0.02518  ratio=1.000x recon
    pr_raw            |g|=0.34543  ratio=13.720x recon
    pr_weighted       |g|=0.27635  ratio=10.976x recon
    sid_raw           |g|=0.76521  ratio=30.393x recon
    sid_weighted      |g|=0.45913  ratio=18.236x recon
    grl               |g|=0.51809  ratio=20.578x recon
    grl_p             |g|=1.18176  ratio=46.938x recon
    route             |g|=0.00000  ratio=0.000x recon
  step   1000/12000  recon=0.1247  pr=0.5048  sid=5.1426  grl=5.5605  grl_p=3.0718  L/P/U=3072/1024/1024  actL/P/U=160/64/32  H=nan  Hu=nan  spec<.5=nan  marg=nan  lstd=nan  lr=9.95e-05
  [val] step=1000  recon=0.1170  pr=0.5264  PER=0.136  sid_acc=0.142
  ✓ best checkpoint (disent=0.9937  PER=0.136 sid=0.142) → /rds/user/bbg25/hpc-work/Thesis/Final-Proj/Disentanglement/checkpoints/fxblk_vib_b1e-2/stage2_best.pt
  step   1100/12000  recon=0.1234  pr=0.4887  sid=5.1250  grl=5.2949  grl_p=2.9795  L/P/U=3072/1024/1024  actL/P/U=160/64/32  H=nan  Hu=nan  spec<.5=nan  marg=nan  lstd=nan  lr=9.93e-05
  step   1200/12000  recon=0.1235  pr=0.4826  sid=4.8594  grl=5.0664  grl_p=3.2089  L/P/U=3072/1024/1024  actL/P/U=160/64/32  H=nan  Hu=nan  spec<.5=nan  marg=nan  lstd=nan  lr=9.91e-05
  step   1300/12000  recon=0.1244  pr=0.4662  sid=4.7793  grl=5.3672  grl_p=3.2146  L/P/U=3072/1024/1024  actL/P/U=160/64/32  H=nan  Hu=nan  spec<.5=nan  marg=nan  lstd=nan  lr=9.88e-05
  step   1400/12000  recon=0.1231  pr=0.4625  sid=4.7031  grl=5.1680  grl_p=3.2306  L/P/U=3072/1024/1024  actL/P/U=160/64/32  H=nan  Hu=nan  spec<.5=nan  marg=nan  lstd=nan  lr=9.85e-05
  [grad_norms @1500]
    recon             |g|=0.03018  ratio=1.000x recon
    pr_raw            |g|=0.59879  ratio=19.839x recon
    pr_weighted       |g|=0.47903  ratio=15.871x recon
    sid_raw           |g|=1.18815  ratio=39.365x recon
    sid_weighted      |g|=0.71289  ratio=23.619x recon
    grl               |g|=0.77985  ratio=25.838x recon
    grl_p             |g|=1.42936  ratio=47.357x recon
    route             |g|=0.00000  ratio=0.000x recon
  step   1500/12000  recon=0.1255  pr=0.6358  sid=4.4932  grl=5.5234  grl_p=3.5346  L/P/U=3072/1024/1024  actL/P/U=160/64/32  H=nan  Hu=nan  spec<.5=nan  marg=nan  lstd=nan  lr=9.82e-05
  step   1600/12000  recon=0.1234  pr=0.5120  sid=4.3799  grl=5.2461  grl_p=3.4780  L/P/U=3072/1024/1024  actL/P/U=160/64/32  H=nan  Hu=nan  spec<.5=nan  marg=nan  lstd=nan  lr=9.78e-05
  step   1700/12000  recon=0.1260  pr=0.4673  sid=4.4033  grl=5.4883  grl_p=3.4753  L/P/U=3072/1024/1024  actL/P/U=160/64/32  H=nan  Hu=nan  spec<.5=nan  marg=nan  lstd=nan  lr=9.74e-05
  step   1800/12000  recon=0.1254  pr=0.4313  sid=4.3242  grl=5.7246  grl_p=3.3957  L/P/U=3072/1024/1024  actL/P/U=160/64/32  H=nan  Hu=nan  spec<.5=nan  marg=nan  lstd=nan  lr=9.69e-05
  step   1900/12000  recon=0.1294  pr=0.5003  sid=4.1455  grl=5.4746  grl_p=3.5234  L/P/U=3072/1024/1024  actL/P/U=160/64/32  H=nan  Hu=nan  spec<.5=nan  marg=nan  lstd=nan  lr=9.64e-05
  [grad_norms @2000]
    recon             |g|=0.03080  ratio=1.000x recon
    pr_raw            |g|=0.69194  ratio=22.465x recon
    pr_weighted       |g|=0.55355  ratio=17.972x recon
    sid_raw           |g|=2.54918  ratio=82.763x recon
    sid_weighted      |g|=1.52951  ratio=49.658x recon
    grl               |g|=1.16412  ratio=37.795x recon
    grl_p             |g|=1.17341  ratio=38.097x recon
    route             |g|=0.00000  ratio=0.000x recon
  step   2000/12000  recon=0.1255  pr=0.4340  sid=4.3105  grl=5.3359  grl_p=3.5009  L/P/U=3072/1024/1024  actL/P/U=160/64/32  H=nan  Hu=nan  spec<.5=nan  marg=nan  lstd=nan  lr=9.59e-05
  [val] step=2000  recon=0.1207  pr=0.4447  PER=0.105  sid_acc=0.614
  ✓ best checkpoint (disent=0.4911  PER=0.105 sid=0.614) → /rds/user/bbg25/hpc-work/Thesis/Final-Proj/Disentanglement/checkpoints/fxblk_vib_b1e-2/stage2_best.pt
  step   2100/12000  recon=0.1262  pr=0.5344  sid=4.1104  grl=5.1387  grl_p=3.5627  L/P/U=3072/1024/1024  actL/P/U=160/64/32  H=nan  Hu=nan  spec<.5=nan  marg=nan  lstd=nan  lr=9.53e-05
  step   2200/12000  recon=0.1245  pr=0.4836  sid=4.3721  grl=5.4844  grl_p=3.5307  L/P/U=3072/1024/1024  actL/P/U=160/64/32  H=nan  Hu=nan  spec<.5=nan  marg=nan  lstd=nan  lr=9.48e-05
  step   2300/12000  recon=0.1312  pr=0.4484  sid=3.9980  grl=5.3203  grl_p=3.5456  L/P/U=3072/1024/1024  actL/P/U=160/64/32  H=nan  Hu=nan  spec<.5=nan  marg=nan  lstd=nan  lr=9.41e-05
  step   2400/12000  recon=0.1282  pr=0.4670  sid=4.0928  grl=5.2715  grl_p=3.5077  L/P/U=3072/1024/1024  actL/P/U=160/64/32  H=nan  Hu=nan  spec<.5=nan  marg=nan  lstd=nan  lr=9.35e-05
  [grad_norms @2500]
    recon             |g|=0.03841  ratio=1.000x recon
    pr_raw            |g|=1.08211  ratio=28.169x recon
    pr_weighted       |g|=0.86569  ratio=22.535x recon
    sid_raw           |g|=2.66603  ratio=69.402x recon
    sid_weighted      |g|=1.59962  ratio=41.641x recon
    grl               |g|=2.67920  ratio=69.744x recon
    grl_p             |g|=0.90894  ratio=23.662x recon
    route             |g|=0.00000  ratio=0.000x recon
  step   2500/12000  recon=0.1289  pr=0.4382  sid=3.4854  grl=5.2637  grl_p=3.5206  L/P/U=3072/1024/1024  actL/P/U=160/64/32  H=nan  Hu=nan  spec<.5=nan  marg=nan  lstd=nan  lr=9.28e-05
  step   2600/12000  recon=0.1282  pr=0.4700  sid=3.7373  grl=5.1826  grl_p=3.4703  L/P/U=3072/1024/1024  actL/P/U=160/64/32  H=nan  Hu=nan  spec<.5=nan  marg=nan  lstd=nan  lr=9.21e-05
  step   2700/12000  recon=0.1294  pr=0.5365  sid=3.6963  grl=5.0303  grl_p=3.3554  L/P/U=3072/1024/1024  actL/P/U=160/64/32  H=nan  Hu=nan  spec<.5=nan  marg=nan  lstd=nan  lr=9.13e-05
  step   2800/12000  recon=0.1292  pr=0.5038  sid=3.5503  grl=5.0615  grl_p=2.9407  L/P/U=3072/1024/1024  actL/P/U=160/64/32  H=nan  Hu=nan  spec<.5=nan  marg=nan  lstd=nan  lr=9.05e-05
  step   2900/12000  recon=0.1302  pr=0.5314  sid=3.7002  grl=5.0469  grl_p=3.1673  L/P/U=3072/1024/1024  actL/P/U=160/64/32  H=nan  Hu=nan  spec<.5=nan  marg=nan  lstd=nan  lr=8.97e-05
  [grad_norms @3000]
    recon             |g|=0.03887  ratio=1.000x recon
    pr_raw            |g|=1.31758  ratio=33.895x recon
    pr_weighted       |g|=1.05407  ratio=27.116x recon
    sid_raw           |g|=3.61403  ratio=92.971x recon
    sid_weighted      |g|=2.16842  ratio=55.783x recon
    grl               |g|=4.16751  ratio=107.209x recon
    grl_p             |g|=2.92064  ratio=75.134x recon
    route             |g|=0.00000  ratio=0.000x recon
  step   3000/12000  recon=0.1310  pr=0.5484  sid=3.4482  grl=5.4014  grl_p=3.0941  L/P/U=3072/1024/1024  actL/P/U=160/64/32  H=nan  Hu=nan  spec<.5=nan  marg=nan  lstd=nan  lr=8.89e-05
  [val] step=3000  recon=0.1241  pr=0.4558  PER=0.105  sid_acc=0.724
  ✓ best checkpoint (disent=0.3806  PER=0.105 sid=0.724) → /rds/user/bbg25/hpc-work/Thesis/Final-Proj/Disentanglement/checkpoints/fxblk_vib_b1e-2/stage2_best.pt
  step   3100/12000  recon=0.1289  pr=0.4776  sid=3.4697  grl=5.0146  grl_p=3.1779  L/P/U=3072/1024/1024  actL/P/U=160/64/32  H=nan  Hu=nan  spec<.5=nan  marg=nan  lstd=nan  lr=8.80e-05
  step   3200/12000  recon=0.1281  pr=0.5419  sid=2.5734  grl=4.3707  grl_p=3.2316  L/P/U=3072/1024/1024  actL/P/U=160/64/32  H=nan  Hu=nan  spec<.5=nan  marg=nan  lstd=nan  lr=8.71e-05
  step   3300/12000  recon=0.1303  pr=0.5561  sid=2.8049  grl=4.5913  grl_p=3.2586  L/P/U=3072/1024/1024  actL/P/U=160/64/32  H=nan  Hu=nan  spec<.5=nan  marg=nan  lstd=nan  lr=8.62e-05
  step   3400/12000  recon=0.1291  pr=0.4352  sid=2.9497  grl=5.0654  grl_p=3.3375  L/P/U=3072/1024/1024  actL/P/U=160/64/32  H=nan  Hu=nan  spec<.5=nan  marg=nan  lstd=nan  lr=8.53e-05
  [grad_norms @3500]
    recon             |g|=0.04149  ratio=1.000x recon
    pr_raw            |g|=1.83151  ratio=44.142x recon
    pr_weighted       |g|=1.46521  ratio=35.314x recon
    sid_raw           |g|=2.70588  ratio=65.216x recon
    sid_weighted      |g|=1.62353  ratio=39.130x recon
    grl               |g|=5.98915  ratio=144.348x recon
    grl_p             |g|=2.72369  ratio=65.645x recon
    route             |g|=0.00000  ratio=0.000x recon
  step   3500/12000  recon=0.1281  pr=0.4769  sid=3.0176  grl=4.6338  grl_p=3.2712  L/P/U=3072/1024/1024  actL/P/U=160/64/32  H=nan  Hu=nan  spec<.5=nan  marg=nan  lstd=nan  lr=8.43e-05
  step   3600/12000  recon=0.1306  pr=0.5736  sid=3.0742  grl=4.6807  grl_p=3.3070  L/P/U=3072/1024/1024  actL/P/U=160/64/32  H=nan  Hu=nan  spec<.5=nan  marg=nan  lstd=nan  lr=8.33e-05
  step   3700/12000  recon=0.1292  pr=0.4939  sid=2.3167  grl=4.0698  grl_p=3.3348  L/P/U=3072/1024/1024  actL/P/U=160/64/32  H=nan  Hu=nan  spec<.5=nan  marg=nan  lstd=nan  lr=8.23e-05
  step   3800/12000  recon=0.1291  pr=0.5124  sid=2.9229  grl=4.9922  grl_p=3.3482  L/P/U=3072/1024/1024  actL/P/U=160/64/32  H=nan  Hu=nan  spec<.5=nan  marg=nan  lstd=nan  lr=8.12e-05
  step   3900/12000  recon=0.1285  pr=0.5094  sid=2.2388  grl=3.9520  grl_p=3.3552  L/P/U=3072/1024/1024  actL/P/U=160/64/32  H=nan  Hu=nan  spec<.5=nan  marg=nan  lstd=nan  lr=8.01e-05
  [grad_norms @4000]
    recon             |g|=0.04298  ratio=1.000x recon
    pr_raw            |g|=1.63614  ratio=38.065x recon
    pr_weighted       |g|=1.30891  ratio=30.452x recon
    sid_raw           |g|=2.19764  ratio=51.128x recon
    sid_weighted      |g|=1.31858  ratio=30.677x recon
    grl               |g|=7.08373  ratio=164.803x recon
    grl_p             |g|=2.53277  ratio=58.925x recon
    route             |g|=0.00000  ratio=0.000x recon
  step   4000/12000  recon=0.1287  pr=0.4652  sid=2.2892  grl=4.5176  grl_p=3.3510  L/P/U=3072/1024/1024  actL/P/U=160/64/32  H=nan  Hu=nan  spec<.5=nan  marg=nan  lstd=nan  lr=7.90e-05
  [val] step=4000  recon=0.1251  pr=0.4488  PER=0.105  sid_acc=0.908
  ✓ best checkpoint (disent=0.1968  PER=0.105 sid=0.908) → /rds/user/bbg25/hpc-work/Thesis/Final-Proj/Disentanglement/checkpoints/fxblk_vib_b1e-2/stage2_best.pt
  step   4100/12000  recon=0.1287  pr=0.4736  sid=2.1040  grl=4.5383  grl_p=3.3737  L/P/U=3072/1024/1024  actL/P/U=160/64/32  H=nan  Hu=nan  spec<.5=nan  marg=nan  lstd=nan  lr=7.79e-05
  step   4200/12000  recon=0.1283  pr=0.5405  sid=2.2551  grl=4.4070  grl_p=3.4152  L/P/U=3072/1024/1024  actL/P/U=160/64/32  H=nan  Hu=nan  spec<.5=nan  marg=nan  lstd=nan  lr=7.68e-05
  step   4300/12000  recon=0.1299  pr=0.5060  sid=2.3090  grl=4.5889  grl_p=3.3528  L/P/U=3072/1024/1024  actL/P/U=160/64/32  H=nan  Hu=nan  spec<.5=nan  marg=nan  lstd=nan  lr=7.56e-05
  step   4400/12000  recon=0.1289  pr=0.4177  sid=1.9581  grl=4.6548  grl_p=3.4018  L/P/U=3072/1024/1024  actL/P/U=160/64/32  H=nan  Hu=nan  spec<.5=nan  marg=nan  lstd=nan  lr=7.45e-05
  [grad_norms @4500]
    recon             |g|=0.04535  ratio=1.000x recon
    pr_raw            |g|=1.45809  ratio=32.154x recon
    pr_weighted       |g|=1.16647  ratio=25.723x recon
    sid_raw           |g|=2.67322  ratio=58.951x recon
    sid_weighted      |g|=1.60393  ratio=35.370x recon
    grl               |g|=9.53392  ratio=210.246x recon
    grl_p             |g|=2.37352  ratio=52.342x recon
    route             |g|=0.00000  ratio=0.000x recon
  step   4500/12000  recon=0.1287  pr=0.4527  sid=1.6890  grl=4.7773  grl_p=3.3783  L/P/U=3072/1024/1024  actL/P/U=160/64/32  H=nan  Hu=nan  spec<.5=nan  marg=nan  lstd=nan  lr=7.33e-05
  step   4600/12000  recon=0.1298  pr=0.5135  sid=1.7051  grl=3.7656  grl_p=3.4506  L/P/U=3072/1024/1024  actL/P/U=160/64/32  H=nan  Hu=nan  spec<.5=nan  marg=nan  lstd=nan  lr=7.21e-05
  step   4700/12000  recon=0.1294  pr=0.5361  sid=1.6913  grl=3.4058  grl_p=3.4320  L/P/U=3072/1024/1024  actL/P/U=160/64/32  H=nan  Hu=nan  spec<.5=nan  marg=nan  lstd=nan  lr=7.08e-05
  step   4800/12000  recon=0.1274  pr=0.4673  sid=1.4128  grl=4.1702  grl_p=3.3976  L/P/U=3072/1024/1024  actL/P/U=160/64/32  H=nan  Hu=nan  spec<.5=nan  marg=nan  lstd=nan  lr=6.96e-05
  step   4900/12000  recon=0.1279  pr=0.5591  sid=2.1057  grl=4.0653  grl_p=3.4376  L/P/U=3072/1024/1024  actL/P/U=160/64/32  H=nan  Hu=nan  spec<.5=nan  marg=nan  lstd=nan  lr=6.83e-05
  [grad_norms @5000]
    recon             |g|=0.04747  ratio=1.000x recon
    pr_raw            |g|=1.05868  ratio=22.303x recon
    pr_weighted       |g|=0.84695  ratio=17.842x recon
    sid_raw           |g|=2.10093  ratio=44.259x recon
    sid_weighted      |g|=1.26056  ratio=26.556x recon
    grl               |g|=15.39239  ratio=324.264x recon
    grl_p             |g|=1.82713  ratio=38.491x recon
    route             |g|=0.00000  ratio=0.000x recon
  step   5000/12000  recon=0.1289  pr=0.4414  sid=1.1930  grl=4.2051  grl_p=3.4343  L/P/U=3072/1024/1024  actL/P/U=160/64/32  H=nan  Hu=nan  spec<.5=nan  marg=nan  lstd=nan  lr=6.71e-05
  [val] step=5000  recon=0.1242  pr=0.4377  PER=0.103  sid_acc=0.960
  ✓ best checkpoint (disent=0.1426  PER=0.103 sid=0.960) → /rds/user/bbg25/hpc-work/Thesis/Final-Proj/Disentanglement/checkpoints/fxblk_vib_b1e-2/stage2_best.pt
  step   5100/12000  recon=0.1277  pr=0.4463  sid=1.3419  grl=3.8018  grl_p=3.3929  L/P/U=3072/1024/1024  actL/P/U=160/64/32  H=nan  Hu=nan  spec<.5=nan  marg=nan  lstd=nan  lr=6.58e-05
  step   5200/12000  recon=0.1274  pr=0.4849  sid=1.1024  grl=2.7427  grl_p=3.4045  L/P/U=3072/1024/1024  actL/P/U=160/64/32  H=nan  Hu=nan  spec<.5=nan  marg=nan  lstd=nan  lr=6.45e-05
  step   5300/12000  recon=0.1284  pr=0.5951  sid=0.9697  grl=2.7333  grl_p=3.4569  L/P/U=3072/1024/1024  actL/P/U=160/64/32  H=nan  Hu=nan  spec<.5=nan  marg=nan  lstd=nan  lr=6.32e-05
  step   5400/12000  recon=0.1266  pr=0.4443  sid=1.3729  grl=3.5634  grl_p=3.3799  L/P/U=3072/1024/1024  actL/P/U=160/64/32  H=nan  Hu=nan  spec<.5=nan  marg=nan  lstd=nan  lr=6.19e-05
  [grad_norms @5500]
    recon             |g|=0.04841  ratio=1.000x recon
    pr_raw            |g|=1.15927  ratio=23.947x recon
    pr_weighted       |g|=0.92742  ratio=19.158x recon
    sid_raw           |g|=2.27808  ratio=47.058x recon
    sid_weighted      |g|=1.36685  ratio=28.235x recon
    grl               |g|=11.68105  ratio=241.294x recon
    grl_p             |g|=1.65717  ratio=34.232x recon
    route             |g|=0.00000  ratio=0.000x recon
  step   5500/12000  recon=0.1275  pr=0.4524  sid=1.2808  grl=4.6538  grl_p=3.4318  L/P/U=3072/1024/1024  actL/P/U=160/64/32  H=nan  Hu=nan  spec<.5=nan  marg=nan  lstd=nan  lr=6.06e-05
  step   5600/12000  recon=0.1252  pr=0.4019  sid=1.1458  grl=3.4658  grl_p=3.4312  L/P/U=3072/1024/1024  actL/P/U=160/64/32  H=nan  Hu=nan  spec<.5=nan  marg=nan  lstd=nan  lr=5.92e-05
  step   5700/12000  recon=0.1254  pr=0.4754  sid=0.9901  grl=3.4957  grl_p=3.4632  L/P/U=3072/1024/1024  actL/P/U=160/64/32  H=nan  Hu=nan  spec<.5=nan  marg=nan  lstd=nan  lr=5.79e-05
  step   5800/12000  recon=0.1278  pr=0.5624  sid=1.1774  grl=3.5876  grl_p=3.4848  L/P/U=3072/1024/1024  actL/P/U=160/64/32  H=nan  Hu=nan  spec<.5=nan  marg=nan  lstd=nan  lr=5.66e-05
  step   5900/12000  recon=0.1276  pr=0.4553  sid=1.0238  grl=3.9370  grl_p=3.4183  L/P/U=3072/1024/1024  actL/P/U=160/64/32  H=nan  Hu=nan  spec<.5=nan  marg=nan  lstd=nan  lr=5.52e-05
  [grad_norms @6000]
    recon             |g|=0.05258  ratio=1.000x recon
    pr_raw            |g|=0.89717  ratio=17.062x recon
    pr_weighted       |g|=0.71774  ratio=13.650x recon
    sid_raw           |g|=1.77109  ratio=33.682x recon
    sid_weighted      |g|=1.06265  ratio=20.209x recon
    grl               |g|=12.17373  ratio=231.513x recon
    grl_p             |g|=1.40456  ratio=26.711x recon
    route             |g|=0.00000  ratio=0.000x recon
  step   6000/12000  recon=0.1274  pr=0.5614  sid=0.7405  grl=3.3882  grl_p=3.4611  L/P/U=3072/1024/1024  actL/P/U=160/64/32  H=nan  Hu=nan  spec<.5=nan  marg=nan  lstd=nan  lr=5.39e-05
  [val] step=6000  recon=0.1230  pr=0.4264  PER=0.100  sid_acc=0.974
  ✓ best checkpoint (disent=0.1259  PER=0.100 sid=0.974) → /rds/user/bbg25/hpc-work/Thesis/Final-Proj/Disentanglement/checkpoints/fxblk_vib_b1e-2/stage2_best.pt
  step   6100/12000  recon=0.1251  pr=0.4708  sid=0.8860  grl=2.7501  grl_p=3.4200  L/P/U=3072/1024/1024  actL/P/U=160/64/32  H=nan  Hu=nan  spec<.5=nan  marg=nan  lstd=nan  lr=5.25e-05
  step   6200/12000  recon=0.1282  pr=0.4005  sid=1.0886  grl=3.2822  grl_p=3.4635  L/P/U=3072/1024/1024  actL/P/U=160/64/32  H=nan  Hu=nan  spec<.5=nan  marg=nan  lstd=nan  lr=5.12e-05
  step   6300/12000  recon=0.1254  pr=0.5299  sid=1.3983  grl=4.3611  grl_p=3.4890  L/P/U=3072/1024/1024  actL/P/U=160/64/32  H=nan  Hu=nan  spec<.5=nan  marg=nan  lstd=nan  lr=4.98e-05
  step   6400/12000  recon=0.1272  pr=0.4841  sid=0.6976  grl=3.3944  grl_p=3.4662  L/P/U=3072/1024/1024  actL/P/U=160/64/32  H=nan  Hu=nan  spec<.5=nan  marg=nan  lstd=nan  lr=4.85e-05
  [grad_norms @6500]
    recon             |g|=0.05164  ratio=1.000x recon
    pr_raw            |g|=1.09509  ratio=21.206x recon
    pr_weighted       |g|=0.87607  ratio=16.965x recon
    sid_raw           |g|=1.92012  ratio=37.183x recon
    sid_weighted      |g|=1.15207  ratio=22.310x recon
    grl               |g|=11.48588  ratio=222.420x recon
    grl_p             |g|=1.53005  ratio=29.629x recon
    route             |g|=0.00000  ratio=0.000x recon
  step   6500/12000  recon=0.1256  pr=0.4566  sid=0.9462  grl=3.1592  grl_p=3.4345  L/P/U=3072/1024/1024  actL/P/U=160/64/32  H=nan  Hu=nan  spec<.5=nan  marg=nan  lstd=nan  lr=4.71e-05
  step   6600/12000  recon=0.1255  pr=0.5454  sid=0.5547  grl=3.0627  grl_p=3.4496  L/P/U=3072/1024/1024  actL/P/U=160/64/32  H=nan  Hu=nan  spec<.5=nan  marg=nan  lstd=nan  lr=4.58e-05
  step   6700/12000  recon=0.1261  pr=0.4339  sid=0.5406  grl=2.6203  grl_p=3.4380  L/P/U=3072/1024/1024  actL/P/U=160/64/32  H=nan  Hu=nan  spec<.5=nan  marg=nan  lstd=nan  lr=4.44e-05
  step   6800/12000  recon=0.1241  pr=0.4076  sid=0.6915  grl=3.4338  grl_p=3.4413  L/P/U=3072/1024/1024  actL/P/U=160/64/32  H=nan  Hu=nan  spec<.5=nan  marg=nan  lstd=nan  lr=4.31e-05
  step   6900/12000  recon=0.1243  pr=0.3878  sid=0.6640  grl=3.9822  grl_p=3.4286  L/P/U=3072/1024/1024  actL/P/U=160/64/32  H=nan  Hu=nan  spec<.5=nan  marg=nan  lstd=nan  lr=4.18e-05
  [grad_norms @7000]
    recon             |g|=0.05479  ratio=1.000x recon
    pr_raw            |g|=0.84742  ratio=15.468x recon
    pr_weighted       |g|=0.67793  ratio=12.374x recon
    sid_raw           |g|=2.07444  ratio=37.865x recon
    sid_weighted      |g|=1.24467  ratio=22.719x recon
    grl               |g|=15.89629  ratio=290.156x recon
    grl_p             |g|=1.54784  ratio=28.253x recon
    route             |g|=0.00000  ratio=0.000x recon
  step   7000/12000  recon=0.1249  pr=0.3662  sid=0.6708  grl=3.3844  grl_p=3.4495  L/P/U=3072/1024/1024  actL/P/U=160/64/32  H=nan  Hu=nan  spec<.5=nan  marg=nan  lstd=nan  lr=4.04e-05
  [val] step=7000  recon=0.1216  pr=0.4170  PER=0.097  sid_acc=0.984
  ✓ best checkpoint (disent=0.1133  PER=0.097 sid=0.984) → /rds/user/bbg25/hpc-work/Thesis/Final-Proj/Disentanglement/checkpoints/fxblk_vib_b1e-2/stage2_best.pt
  step   7100/12000  recon=0.1268  pr=0.4572  sid=0.7760  grl=2.6702  grl_p=3.4331  L/P/U=3072/1024/1024  actL/P/U=160/64/32  H=nan  Hu=nan  spec<.5=nan  marg=nan  lstd=nan  lr=3.91e-05
  step   7200/12000  recon=0.1246  pr=0.3845  sid=0.7322  grl=3.2680  grl_p=3.4515  L/P/U=3072/1024/1024  actL/P/U=160/64/32  H=nan  Hu=nan  spec<.5=nan  marg=nan  lstd=nan  lr=3.78e-05
  step   7300/12000  recon=0.1219  pr=0.4806  sid=0.5172  grl=3.0497  grl_p=3.5058  L/P/U=3072/1024/1024  actL/P/U=160/64/32  H=nan  Hu=nan  spec<.5=nan  marg=nan  lstd=nan  lr=3.65e-05
  step   7400/12000  recon=0.1260  pr=0.4793  sid=0.6118  grl=3.1178  grl_p=3.4672  L/P/U=3072/1024/1024  actL/P/U=160/64/32  H=nan  Hu=nan  spec<.5=nan  marg=nan  lstd=nan  lr=3.52e-05
  [grad_norms @7500]
    recon             |g|=0.05644  ratio=1.000x recon
    pr_raw            |g|=0.95658  ratio=16.948x recon
    pr_weighted       |g|=0.76526  ratio=13.558x recon
    sid_raw           |g|=1.41126  ratio=25.004x recon
    sid_weighted      |g|=0.84676  ratio=15.002x recon
    grl               |g|=14.27478  ratio=252.911x recon
    grl_p             |g|=1.17453  ratio=20.809x recon
    route             |g|=0.00000  ratio=0.000x recon
  step   7500/12000  recon=0.1235  pr=0.4945  sid=0.4770  grl=2.9294  grl_p=3.4121  L/P/U=3072/1024/1024  actL/P/U=160/64/32  H=nan  Hu=nan  spec<.5=nan  marg=nan  lstd=nan  lr=3.39e-05
  step   7600/12000  recon=0.1263  pr=0.4426  sid=0.5316  grl=3.2734  grl_p=3.4770  L/P/U=3072/1024/1024  actL/P/U=160/64/32  H=nan  Hu=nan  spec<.5=nan  marg=nan  lstd=nan  lr=3.27e-05
  step   7700/12000  recon=0.1248  pr=0.4709  sid=0.5551  grl=2.3723  grl_p=3.4743  L/P/U=3072/1024/1024  actL/P/U=160/64/32  H=nan  Hu=nan  spec<.5=nan  marg=nan  lstd=nan  lr=3.14e-05
  step   7800/12000  recon=0.1226  pr=0.7579  sid=0.3251  grl=2.9919  grl_p=3.5072  L/P/U=3072/1024/1024  actL/P/U=160/64/32  H=nan  Hu=nan  spec<.5=nan  marg=nan  lstd=nan  lr=3.02e-05
  step   7900/12000  recon=0.1241  pr=0.4229  sid=0.4550  grl=2.5483  grl_p=3.5029  L/P/U=3072/1024/1024  actL/P/U=160/64/32  H=nan  Hu=nan  spec<.5=nan  marg=nan  lstd=nan  lr=2.89e-05
  [grad_norms @8000]
    recon             |g|=0.05745  ratio=1.000x recon
    pr_raw            |g|=1.13881  ratio=19.823x recon
    pr_weighted       |g|=0.91105  ratio=15.858x recon
    sid_raw           |g|=1.84422  ratio=32.101x recon
    sid_weighted      |g|=1.10653  ratio=19.261x recon
    grl               |g|=15.03794  ratio=261.756x recon
    grl_p             |g|=1.32366  ratio=23.040x recon
    route             |g|=0.00000  ratio=0.000x recon
  step   8000/12000  recon=0.1253  pr=0.4244  sid=0.5764  grl=3.0898  grl_p=3.4680  L/P/U=3072/1024/1024  actL/P/U=160/64/32  H=nan  Hu=nan  spec<.5=nan  marg=nan  lstd=nan  lr=2.77e-05
  [val] step=8000  recon=0.1205  pr=0.4080  PER=0.099  sid_acc=0.988
  ✓ best checkpoint (disent=0.1110  PER=0.099 sid=0.988) → /rds/user/bbg25/hpc-work/Thesis/Final-Proj/Disentanglement/checkpoints/fxblk_vib_b1e-2/stage2_best.pt
  step   8100/12000  recon=0.1239  pr=0.4511  sid=0.4170  grl=2.2452  grl_p=3.4470  L/P/U=3072/1024/1024  actL/P/U=160/64/32  H=nan  Hu=nan  spec<.5=nan  marg=nan  lstd=nan  lr=2.65e-05
  step   8200/12000  recon=0.1225  pr=0.4791  sid=0.4623  grl=3.1702  grl_p=3.4617  L/P/U=3072/1024/1024  actL/P/U=160/64/32  H=nan  Hu=nan  spec<.5=nan  marg=nan  lstd=nan  lr=2.54e-05
  step   8300/12000  recon=0.1245  pr=0.4069  sid=0.5651  grl=3.0833  grl_p=3.4475  L/P/U=3072/1024/1024  actL/P/U=160/64/32  H=nan  Hu=nan  spec<.5=nan  marg=nan  lstd=nan  lr=2.42e-05
  step   8400/12000  recon=0.1266  pr=0.4159  sid=0.5535  grl=3.2586  grl_p=3.4617  L/P/U=3072/1024/1024  actL/P/U=160/64/32  H=nan  Hu=nan  spec<.5=nan  marg=nan  lstd=nan  lr=2.31e-05
  [grad_norms @8500]
    recon             |g|=0.05452  ratio=1.000x recon
    pr_raw            |g|=0.76814  ratio=14.090x recon
    pr_weighted       |g|=0.61451  ratio=11.272x recon
    sid_raw           |g|=1.36586  ratio=25.054x recon
    sid_weighted      |g|=0.81952  ratio=15.032x recon
    grl               |g|=15.91202  ratio=291.871x recon
    grl_p             |g|=1.03299  ratio=18.948x recon
    route             |g|=0.00000  ratio=0.000x recon
  step   8500/12000  recon=0.1240  pr=0.4608  sid=0.4487  grl=3.0353  grl_p=3.4773  L/P/U=3072/1024/1024  actL/P/U=160/64/32  H=nan  Hu=nan  spec<.5=nan  marg=nan  lstd=nan  lr=2.20e-05
  step   8600/12000  recon=0.1243  pr=0.4250  sid=0.4855  grl=2.8403  grl_p=3.4634  L/P/U=3072/1024/1024  actL/P/U=160/64/32  H=nan  Hu=nan  spec<.5=nan  marg=nan  lstd=nan  lr=2.09e-05
  step   8700/12000  recon=0.1252  pr=0.4309  sid=0.4351  grl=2.7095  grl_p=3.4920  L/P/U=3072/1024/1024  actL/P/U=160/64/32  H=nan  Hu=nan  spec<.5=nan  marg=nan  lstd=nan  lr=1.98e-05
  step   8800/12000  recon=0.1223  pr=0.4615  sid=0.4263  grl=2.2499  grl_p=3.4544  L/P/U=3072/1024/1024  actL/P/U=160/64/32  H=nan  Hu=nan  spec<.5=nan  marg=nan  lstd=nan  lr=1.87e-05
  step   8900/12000  recon=0.1257  pr=0.5726  sid=0.5615  grl=2.8412  grl_p=3.4927  L/P/U=3072/1024/1024  actL/P/U=160/64/32  H=nan  Hu=nan  spec<.5=nan  marg=nan  lstd=nan  lr=1.77e-05
  [grad_norms @9000]
    recon             |g|=0.06393  ratio=1.000x recon
    pr_raw            |g|=1.37178  ratio=21.458x recon
    pr_weighted       |g|=1.09743  ratio=17.166x recon
    sid_raw           |g|=2.05121  ratio=32.086x recon
    sid_weighted      |g|=1.23073  ratio=19.251x recon
    grl               |g|=22.70718  ratio=355.194x recon
    grl_p             |g|=1.30750  ratio=20.452x recon
    route             |g|=0.00000  ratio=0.000x recon
  step   9000/12000  recon=0.1268  pr=0.4167  sid=0.5050  grl=2.9901  grl_p=3.5110  L/P/U=3072/1024/1024  actL/P/U=160/64/32  H=nan  Hu=nan  spec<.5=nan  marg=nan  lstd=nan  lr=1.67e-05
  [val] step=9000  recon=0.1195  pr=0.3968  PER=0.095  sid_acc=0.994
  ✓ best checkpoint (disent=0.1007  PER=0.095 sid=0.994) → /rds/user/bbg25/hpc-work/Thesis/Final-Proj/Disentanglement/checkpoints/fxblk_vib_b1e-2/stage2_best.pt
  step   9100/12000  recon=0.1235  pr=0.4214  sid=0.3768  grl=1.8522  grl_p=3.4644  L/P/U=3072/1024/1024  actL/P/U=160/64/32  H=nan  Hu=nan  spec<.5=nan  marg=nan  lstd=nan  lr=1.57e-05
  step   9200/12000  recon=0.1238  pr=0.4257  sid=0.5268  grl=3.3204  grl_p=3.4401  L/P/U=3072/1024/1024  actL/P/U=160/64/32  H=nan  Hu=nan  spec<.5=nan  marg=nan  lstd=nan  lr=1.48e-05
  step   9300/12000  recon=0.1242  pr=0.4172  sid=0.4144  grl=2.4202  grl_p=3.4380  L/P/U=3072/1024/1024  actL/P/U=160/64/32  H=nan  Hu=nan  spec<.5=nan  marg=nan  lstd=nan  lr=1.39e-05
  step   9400/12000  recon=0.1233  pr=0.3969  sid=0.4485  grl=2.2343  grl_p=3.5020  L/P/U=3072/1024/1024  actL/P/U=160/64/32  H=nan  Hu=nan  spec<.5=nan  marg=nan  lstd=nan  lr=1.30e-05
  [grad_norms @9500]
    recon             |g|=0.05784  ratio=1.000x recon
    pr_raw            |g|=1.30751  ratio=22.607x recon
    pr_weighted       |g|=1.04601  ratio=18.086x recon
    sid_raw           |g|=1.53378  ratio=26.520x recon
    sid_weighted      |g|=0.92027  ratio=15.912x recon
    grl               |g|=19.76563  ratio=341.755x recon
    grl_p             |g|=1.12403  ratio=19.435x recon
    route             |g|=0.00000  ratio=0.000x recon
  step   9500/12000  recon=0.1234  pr=0.5123  sid=0.3126  grl=2.6511  grl_p=3.4845  L/P/U=3072/1024/1024  actL/P/U=160/64/32  H=nan  Hu=nan  spec<.5=nan  marg=nan  lstd=nan  lr=1.21e-05
  step   9600/12000  recon=0.1206  pr=0.4314  sid=0.5049  grl=2.8845  grl_p=3.4814  L/P/U=3072/1024/1024  actL/P/U=160/64/32  H=nan  Hu=nan  spec<.5=nan  marg=nan  lstd=nan  lr=1.13e-05
  step   9700/12000  recon=0.1235  pr=0.4458  sid=0.4782  grl=3.2200  grl_p=3.4351  L/P/U=3072/1024/1024  actL/P/U=160/64/32  H=nan  Hu=nan  spec<.5=nan  marg=nan  lstd=nan  lr=1.05e-05
  step   9800/12000  recon=0.1236  pr=0.3699  sid=0.3436  grl=2.0087  grl_p=3.4655  L/P/U=3072/1024/1024  actL/P/U=160/64/32  H=nan  Hu=nan  spec<.5=nan  marg=nan  lstd=nan  lr=9.67e-06
  step   9900/12000  recon=0.1230  pr=0.4790  sid=0.3900  grl=2.7796  grl_p=3.4299  L/P/U=3072/1024/1024  actL/P/U=160/64/32  H=nan  Hu=nan  spec<.5=nan  marg=nan  lstd=nan  lr=8.92e-06
  [grad_norms @10000]
    recon             |g|=0.05852  ratio=1.000x recon
    pr_raw            |g|=0.94880  ratio=16.213x recon
    pr_weighted       |g|=0.75904  ratio=12.970x recon
    sid_raw           |g|=1.33857  ratio=22.873x recon
    sid_weighted      |g|=0.80314  ratio=13.724x recon
    grl               |g|=15.61113  ratio=266.756x recon
    grl_p             |g|=1.10762  ratio=18.927x recon
    route             |g|=0.00000  ratio=0.000x recon
  step  10000/12000  recon=0.1231  pr=0.4066  sid=0.3615  grl=2.0615  grl_p=3.4698  L/P/U=3072/1024/1024  actL/P/U=160/64/32  H=nan  Hu=nan  spec<.5=nan  marg=nan  lstd=nan  lr=8.21e-06
  [val] step=10000  recon=0.1188  pr=0.3918  PER=0.093  sid_acc=0.996
  ✓ best checkpoint (disent=0.0974  PER=0.093 sid=0.996) → /rds/user/bbg25/hpc-work/Thesis/Final-Proj/Disentanglement/checkpoints/fxblk_vib_b1e-2/stage2_best.pt
  step  10100/12000  recon=0.1248  pr=0.4126  sid=0.4446  grl=2.3915  grl_p=3.4445  L/P/U=3072/1024/1024  actL/P/U=160/64/32  H=nan  Hu=nan  spec<.5=nan  marg=nan  lstd=nan  lr=7.52e-06
  step  10200/12000  recon=0.1246  pr=0.3716  sid=0.3516  grl=1.9058  grl_p=3.4570  L/P/U=3072/1024/1024  actL/P/U=160/64/32  H=nan  Hu=nan  spec<.5=nan  marg=nan  lstd=nan  lr=6.86e-06
  step  10300/12000  recon=0.1229  pr=0.3752  sid=0.4829  grl=2.0080  grl_p=3.4898  L/P/U=3072/1024/1024  actL/P/U=160/64/32  H=nan  Hu=nan  spec<.5=nan  marg=nan  lstd=nan  lr=6.24e-06
  step  10400/12000  recon=0.1221  pr=0.3817  sid=0.3196  grl=2.1786  grl_p=3.4605  L/P/U=3072/1024/1024  actL/P/U=160/64/32  H=nan  Hu=nan  spec<.5=nan  marg=nan  lstd=nan  lr=5.65e-06
  [grad_norms @10500]
    recon             |g|=0.05607  ratio=1.000x recon
    pr_raw            |g|=0.98781  ratio=17.617x recon
    pr_weighted       |g|=0.79025  ratio=14.093x recon
    sid_raw           |g|=1.55634  ratio=27.756x recon
    sid_weighted      |g|=0.93380  ratio=16.654x recon
    grl               |g|=18.30383  ratio=326.433x recon
    grl_p             |g|=0.91349  ratio=16.291x recon
    route             |g|=0.00000  ratio=0.000x recon
  step  10500/12000  recon=0.1245  pr=0.4061  sid=0.3929  grl=1.8452  grl_p=3.4325  L/P/U=3072/1024/1024  actL/P/U=160/64/32  H=nan  Hu=nan  spec<.5=nan  marg=nan  lstd=nan  lr=5.10e-06
  step  10600/12000  recon=0.1236  pr=0.5574  sid=0.5049  grl=3.0845  grl_p=3.4505  L/P/U=3072/1024/1024  actL/P/U=160/64/32  H=nan  Hu=nan  spec<.5=nan  marg=nan  lstd=nan  lr=4.58e-06
  step  10700/12000  recon=0.1249  pr=0.4562  sid=0.2581  grl=2.6975  grl_p=3.4712  L/P/U=3072/1024/1024  actL/P/U=160/64/32  H=nan  Hu=nan  spec<.5=nan  marg=nan  lstd=nan  lr=4.09e-06
  step  10800/12000  recon=0.1233  pr=0.4471  sid=0.4140  grl=2.6743  grl_p=3.4700  L/P/U=3072/1024/1024  actL/P/U=160/64/32  H=nan  Hu=nan  spec<.5=nan  marg=nan  lstd=nan  lr=3.64e-06
  step  10900/12000  recon=0.1245  pr=0.6400  sid=0.4688  grl=3.0493  grl_p=3.4617  L/P/U=3072/1024/1024  actL/P/U=160/64/32  H=nan  Hu=nan  spec<.5=nan  marg=nan  lstd=nan  lr=3.22e-06
  [grad_norms @11000]
    recon             |g|=0.05605  ratio=1.000x recon
    pr_raw            |g|=1.11868  ratio=19.959x recon
    pr_weighted       |g|=0.89495  ratio=15.968x recon
    sid_raw           |g|=1.41515  ratio=25.249x recon
    sid_weighted      |g|=0.84909  ratio=15.149x recon
    grl               |g|=14.73030  ratio=262.817x recon
    grl_p             |g|=0.95336  ratio=17.010x recon
    route             |g|=0.00000  ratio=0.000x recon
  step  11000/12000  recon=0.1230  pr=0.4064  sid=0.3914  grl=1.8593  grl_p=3.4706  L/P/U=3072/1024/1024  actL/P/U=160/64/32  H=nan  Hu=nan  spec<.5=nan  marg=nan  lstd=nan  lr=2.84e-06
  [val] step=11000  recon=0.1185  pr=0.3899  PER=0.093  sid_acc=0.996
  ✓ best checkpoint (disent=0.0969  PER=0.093 sid=0.996) → /rds/user/bbg25/hpc-work/Thesis/Final-Proj/Disentanglement/checkpoints/fxblk_vib_b1e-2/stage2_best.pt
  step  11100/12000  recon=0.1232  pr=0.4950  sid=0.3052  grl=2.0758  grl_p=3.4938  L/P/U=3072/1024/1024  actL/P/U=160/64/32  H=nan  Hu=nan  spec<.5=nan  marg=nan  lstd=nan  lr=2.49e-06
  step  11200/12000  recon=0.1215  pr=0.4231  sid=0.5018  grl=2.0951  grl_p=3.4450  L/P/U=3072/1024/1024  actL/P/U=160/64/32  H=nan  Hu=nan  spec<.5=nan  marg=nan  lstd=nan  lr=2.18e-06
  step  11300/12000  recon=0.1222  pr=0.3680  sid=0.3362  grl=2.9102  grl_p=3.4263  L/P/U=3072/1024/1024  actL/P/U=160/64/32  H=nan  Hu=nan  spec<.5=nan  marg=nan  lstd=nan  lr=1.90e-06
  step  11400/12000  recon=0.1233  pr=0.4609  sid=0.5363  grl=2.2275  grl_p=3.4424  L/P/U=3072/1024/1024  actL/P/U=160/64/32  H=nan  Hu=nan  spec<.5=nan  marg=nan  lstd=nan  lr=1.66e-06
  [grad_norms @11500]
    recon             |g|=0.05862  ratio=1.000x recon
    pr_raw            |g|=1.03661  ratio=17.683x recon
    pr_weighted       |g|=0.82929  ratio=14.146x recon
    sid_raw           |g|=1.19780  ratio=20.433x recon
    sid_weighted      |g|=0.71868  ratio=12.260x recon
    grl               |g|=14.81190  ratio=252.667x recon
    grl_p             |g|=1.04138  ratio=17.764x recon
    route             |g|=0.00000  ratio=0.000x recon
  step  11500/12000  recon=0.1210  pr=0.4047  sid=0.3271  grl=1.8312  grl_p=3.4430  L/P/U=3072/1024/1024  actL/P/U=160/64/32  H=nan  Hu=nan  spec<.5=nan  marg=nan  lstd=nan  lr=1.46e-06
  step  11600/12000  recon=0.1220  pr=0.4075  sid=0.2594  grl=1.7195  grl_p=3.4684  L/P/U=3072/1024/1024  actL/P/U=160/64/32  H=nan  Hu=nan  spec<.5=nan  marg=nan  lstd=nan  lr=1.30e-06
  step  11700/12000  recon=0.1236  pr=0.4339  sid=0.2652  grl=2.5308  grl_p=3.4938  L/P/U=3072/1024/1024  actL/P/U=160/64/32  H=nan  Hu=nan  spec<.5=nan  marg=nan  lstd=nan  lr=1.17e-06
  step  11800/12000  recon=0.1246  pr=0.4574  sid=0.3273  grl=2.1451  grl_p=3.4636  L/P/U=3072/1024/1024  actL/P/U=160/64/32  H=nan  Hu=nan  spec<.5=nan  marg=nan  lstd=nan  lr=1.07e-06
  step  11900/12000  recon=0.1228  pr=0.4557  sid=0.2662  grl=1.4704  grl_p=3.4546  L/P/U=3072/1024/1024  actL/P/U=160/64/32  H=nan  Hu=nan  spec<.5=nan  marg=nan  lstd=nan  lr=1.02e-06
  [grad_norms @12000]
    recon             |g|=0.05701  ratio=1.000x recon
    pr_raw            |g|=0.67280  ratio=11.801x recon
    pr_weighted       |g|=0.53824  ratio=9.441x recon
    sid_raw           |g|=1.99357  ratio=34.968x recon
    sid_weighted      |g|=1.19614  ratio=20.981x recon
    grl               |g|=24.68964  ratio=433.062x recon
    grl_p             |g|=0.99542  ratio=17.460x recon
    route             |g|=0.00000  ratio=0.000x recon
  step  12000/12000  recon=0.1216  pr=0.3339  sid=0.5183  grl=2.9238  grl_p=3.4545  L/P/U=3072/1024/1024  actL/P/U=160/64/32  H=nan  Hu=nan  spec<.5=nan  marg=nan  lstd=nan  lr=1.00e-06
  [val] step=12000  recon=0.1184  pr=0.3897  PER=0.093  sid_acc=0.996
  ✓ best checkpoint (disent=0.0968  PER=0.093 sid=0.996) → /rds/user/bbg25/hpc-work/Thesis/Final-Proj/Disentanglement/checkpoints/fxblk_vib_b1e-2/stage2_best.pt

[stage 2] done.  Best disent_score=0.0968  → /rds/user/bbg25/hpc-work/Thesis/Final-Proj/Disentanglement/checkpoints/fxblk_vib_b1e-2/stage2_best.pt

[done]  best checkpoint → /rds/user/bbg25/hpc-work/Thesis/Final-Proj/Disentanglement/checkpoints/fxblk_vib_b1e-2/stage2_best.pt

----- probe -----
Mon Jun 15 03:23:54 BST 2026
[diag_probe] run=diag_probe_fxblk_vib_b1e-2  device=cuda
[diag_probe] seed=42
[diag_probe] stage1_ckpt=/rds/user/bbg25/hpc-work/Thesis/Final-Proj/Disentanglement/checkpoints/fxblk_vib_b1e-2/stage2_best.pt
[diag_probe] stage2_ckpt=/rds/user/bbg25/hpc-work/Thesis/Final-Proj/Disentanglement/checkpoints/fxblk_vib_b1e-2/stage2_best.pt
[diag_probe] sources=['z_t', 'z_L', 'z_P', 'z_U']  tasks=['pr', 'sid']
[diag_probe] probe_steps=4000  pr_lr=0.0005  sid_lr=0.001  warmup=0  val_every=250  patience=5
[pr_data] loaded LibriSpeech lexicon: 200,000 entries
[pr_data] loading train-clean-100 …
[pr_data] loading dev-clean …
[pr_data] loading test-clean …
[pr_data]  train=28539  val=2703  test=2620  vocab_size=74
[dis_data] loaded lexicon: 200,000 entries
[dis_data] loading train-clean-100 …
[dis_data]  251 speakers
[dis_data]  train=27539  val=500  test=500  vocab=74  speakers=251
[train] WARNING: unexpected missing SAE keys: ['vib_logvar', 'block_idx', 'block_m_L', 'block_m_P', 'block_m_U']
[train] loaded 3 SAE tensors from /rds/user/bbg25/hpc-work/Thesis/Final-Proj/Disentanglement/checkpoints/fxblk_vib_b1e-2/stage2_best.pt  (step=12000  val=0.0968)
[diag_probe] loaded stage2 weights from /rds/user/bbg25/hpc-work/Thesis/Final-Proj/Disentanglement/checkpoints/fxblk_vib_b1e-2/stage2_best.pt

[diag_probe] speakers=251  pr_vocab=74  D=1280  K=5120
[diag_probe] PR: SUPERB 74-phone — train-clean-100 → val=dev-clean, test=test-clean
[diag_probe] SID: closed-set utterance split (val/test held out); probe arch=stats
[diag_probe] reported metric = TEST (val shown in parentheses)

  training probe: z_t -> PR ...
[pr_data] g2p_en loaded for OOV words
      [pr z_t] step 250/4000  dev PER=0.094  (best 0.094, bad 0/5)
      [pr z_t] step 500/4000  dev PER=0.084  (best 0.084, bad 0/5)
      [pr z_t] step 750/4000  dev PER=0.075  (best 0.075, bad 0/5)
      [pr z_t] step 1000/4000  dev PER=0.070  (best 0.070, bad 0/5)
      [pr z_t] step 1250/4000  dev PER=0.073  (best 0.070, bad 1/5)
      [pr z_t] step 1500/4000  dev PER=0.066  (best 0.066, bad 0/5)
      [pr z_t] step 1750/4000  dev PER=0.063  (best 0.063, bad 0/5)
      [pr z_t] step 2000/4000  dev PER=0.063  (best 0.063, bad 0/5)
      [pr z_t] step 2250/4000  dev PER=0.065  (best 0.063, bad 1/5)
      [pr z_t] step 2500/4000  dev PER=0.061  (best 0.061, bad 0/5)
      [pr z_t] step 2750/4000  dev PER=0.063  (best 0.061, bad 1/5)
      [pr z_t] step 3000/4000  dev PER=0.060  (best 0.060, bad 0/5)
      [pr z_t] step 3250/4000  dev PER=0.060  (best 0.060, bad 0/5)
      [pr z_t] step 3500/4000  dev PER=0.059  (best 0.059, bad 0/5)
      [pr z_t] step 3750/4000  dev PER=0.058  (best 0.058, bad 0/5)
      [pr z_t] step 4000/4000  dev PER=0.058  (best 0.058, bad 0/5)
    z_t -> PR               PER test=0.061  (val 0.058)
  training probe: z_t -> SID ...
[dis_data] g2p_en loaded for OOV words
      [sid z_t] step 250/4000  dev acc=0.584  (best 0.584, bad 0/5)
      [sid z_t] step 500/4000  dev acc=0.872  (best 0.872, bad 0/5)
      [sid z_t] step 750/4000  dev acc=0.940  (best 0.940, bad 0/5)
      [sid z_t] step 1000/4000  dev acc=0.960  (best 0.960, bad 0/5)
      [sid z_t] step 1250/4000  dev acc=0.982  (best 0.982, bad 0/5)
      [sid z_t] step 1500/4000  dev acc=0.992  (best 0.992, bad 0/5)
      [sid z_t] step 1750/4000  dev acc=0.994  (best 0.994, bad 0/5)
      [sid z_t] step 2000/4000  dev acc=0.998  (best 0.998, bad 0/5)
      [sid z_t] step 2250/4000  dev acc=1.000  (best 1.000, bad 0/5)
      [sid z_t] step 2500/4000  dev acc=1.000  (best 1.000, bad 1/5)
      [sid z_t] step 2750/4000  dev acc=1.000  (best 1.000, bad 2/5)
      [sid z_t] step 3000/4000  dev acc=1.000  (best 1.000, bad 3/5)
      [sid z_t] step 3250/4000  dev acc=1.000  (best 1.000, bad 4/5)
      [sid z_t] step 3500/4000  dev acc=1.000  (best 1.000, bad 5/5)
    z_t -> SID              acc test=0.996  (val 1.000)
  training probe: z_L -> PR ...
      [pr z_L] step 250/4000  dev PER=0.098  (best 0.098, bad 0/5)
      [pr z_L] step 500/4000  dev PER=0.083  (best 0.083, bad 0/5)
      [pr z_L] step 750/4000  dev PER=0.077  (best 0.077, bad 0/5)
      [pr z_L] step 1000/4000  dev PER=0.076  (best 0.076, bad 0/5)
      [pr z_L] step 1250/4000  dev PER=0.072  (best 0.072, bad 0/5)
      [pr z_L] step 1500/4000  dev PER=0.078  (best 0.072, bad 1/5)
      [pr z_L] step 1750/4000  dev PER=0.072  (best 0.072, bad 2/5)
      [pr z_L] step 2000/4000  dev PER=0.070  (best 0.070, bad 0/5)
      [pr z_L] step 2250/4000  dev PER=0.068  (best 0.068, bad 0/5)
      [pr z_L] step 2500/4000  dev PER=0.068  (best 0.068, bad 1/5)
      [pr z_L] step 2750/4000  dev PER=0.070  (best 0.068, bad 2/5)
      [pr z_L] step 3000/4000  dev PER=0.070  (best 0.068, bad 3/5)
      [pr z_L] step 3250/4000  dev PER=0.068  (best 0.068, bad 0/5)
      [pr z_L] step 3500/4000  dev PER=0.066  (best 0.066, bad 0/5)
      [pr z_L] step 3750/4000  dev PER=0.067  (best 0.066, bad 1/5)
      [pr z_L] step 4000/4000  dev PER=0.067  (best 0.066, bad 2/5)
    z_L -> PR               PER test=0.069  (val 0.066)
  training probe: z_L -> SID ...
      [sid z_L] step 250/4000  dev acc=0.120  (best 0.120, bad 0/5)
      [sid z_L] step 500/4000  dev acc=0.492  (best 0.492, bad 0/5)
      [sid z_L] step 750/4000  dev acc=0.750  (best 0.750, bad 0/5)
      [sid z_L] step 1000/4000  dev acc=0.906  (best 0.906, bad 0/5)
      [sid z_L] step 1250/4000  dev acc=0.928  (best 0.928, bad 0/5)
      [sid z_L] step 1500/4000  dev acc=0.954  (best 0.954, bad 0/5)
      [sid z_L] step 1750/4000  dev acc=0.978  (best 0.978, bad 0/5)
      [sid z_L] step 2000/4000  dev acc=0.992  (best 0.992, bad 0/5)
      [sid z_L] step 2250/4000  dev acc=0.988  (best 0.992, bad 1/5)
      [sid z_L] step 2500/4000  dev acc=1.000  (best 1.000, bad 0/5)
      [sid z_L] step 2750/4000  dev acc=0.998  (best 1.000, bad 1/5)
      [sid z_L] step 3000/4000  dev acc=1.000  (best 1.000, bad 2/5)
      [sid z_L] step 3250/4000  dev acc=1.000  (best 1.000, bad 3/5)
      [sid z_L] step 3500/4000  dev acc=1.000  (best 1.000, bad 4/5)
      [sid z_L] step 3750/4000  dev acc=1.000  (best 1.000, bad 5/5)
    z_L -> SID              acc test=0.994  (val 1.000)
  training probe: z_P -> PR ...
      [pr z_P] step 250/4000  dev PER=1.000  (best 1.000, bad 0/5)
      [pr z_P] step 500/4000  dev PER=1.000  (best 1.000, bad 1/5)
      [pr z_P] step 750/4000  dev PER=1.000  (best 1.000, bad 0/5)
      [pr z_P] step 1000/4000  dev PER=0.999  (best 0.999, bad 0/5)
      [pr z_P] step 1250/4000  dev PER=0.995  (best 0.995, bad 0/5)
      [pr z_P] step 1500/4000  dev PER=0.990  (best 0.990, bad 0/5)
      [pr z_P] step 1750/4000  dev PER=0.986  (best 0.986, bad 0/5)
      [pr z_P] step 2000/4000  dev PER=0.980  (best 0.980, bad 0/5)
      [pr z_P] step 2250/4000  dev PER=0.975  (best 0.975, bad 0/5)
      [pr z_P] step 2500/4000  dev PER=0.969  (best 0.969, bad 0/5)
      [pr z_P] step 2750/4000  dev PER=0.969  (best 0.969, bad 0/5)
      [pr z_P] step 3000/4000  dev PER=0.966  (best 0.966, bad 0/5)
      [pr z_P] step 3250/4000  dev PER=0.966  (best 0.966, bad 0/5)
      [pr z_P] step 3500/4000  dev PER=0.965  (best 0.965, bad 0/5)
      [pr z_P] step 3750/4000  dev PER=0.964  (best 0.964, bad 0/5)
      [pr z_P] step 4000/4000  dev PER=0.964  (best 0.964, bad 1/5)
    z_P -> PR               PER test=0.964  (val 0.964)
  training probe: z_P -> SID ...
      [sid z_P] step 250/4000  dev acc=0.730  (best 0.730, bad 0/5)
      [sid z_P] step 500/4000  dev acc=0.882  (best 0.882, bad 0/5)
      [sid z_P] step 750/4000  dev acc=0.940  (best 0.940, bad 0/5)
      [sid z_P] step 1000/4000  dev acc=0.970  (best 0.970, bad 0/5)
      [sid z_P] step 1250/4000  dev acc=0.980  (best 0.980, bad 0/5)
      [sid z_P] step 1500/4000  dev acc=0.986  (best 0.986, bad 0/5)
      [sid z_P] step 1750/4000  dev acc=0.992  (best 0.992, bad 0/5)
      [sid z_P] step 2000/4000  dev acc=0.994  (best 0.994, bad 0/5)
      [sid z_P] step 2250/4000  dev acc=0.996  (best 0.996, bad 0/5)
      [sid z_P] step 2500/4000  dev acc=0.996  (best 0.996, bad 1/5)
      [sid z_P] step 2750/4000  dev acc=0.996  (best 0.996, bad 2/5)
      [sid z_P] step 3000/4000  dev acc=0.998  (best 0.998, bad 0/5)
      [sid z_P] step 3250/4000  dev acc=0.996  (best 0.998, bad 1/5)
      [sid z_P] step 3500/4000  dev acc=0.998  (best 0.998, bad 2/5)
      [sid z_P] step 3750/4000  dev acc=0.998  (best 0.998, bad 3/5)
      [sid z_P] step 4000/4000  dev acc=0.998  (best 0.998, bad 4/5)
    z_P -> SID              acc test=1.000  (val 0.998)
  training probe: z_U -> PR ...
      [pr z_U] step 250/4000  dev PER=0.211  (best 0.211, bad 0/5)
      [pr z_U] step 500/4000  dev PER=0.206  (best 0.206, bad 0/5)
      [pr z_U] step 750/4000  dev PER=0.207  (best 0.206, bad 1/5)
      [pr z_U] step 1000/4000  dev PER=0.198  (best 0.198, bad 0/5)
      [pr z_U] step 1250/4000  dev PER=0.200  (best 0.198, bad 1/5)
      [pr z_U] step 1500/4000  dev PER=0.197  (best 0.197, bad 0/5)
      [pr z_U] step 1750/4000  dev PER=0.200  (best 0.197, bad 1/5)
      [pr z_U] step 2000/4000  dev PER=0.194  (best 0.194, bad 0/5)
      [pr z_U] step 2250/4000  dev PER=0.192  (best 0.192, bad 0/5)
      [pr z_U] step 2500/4000  dev PER=0.194  (best 0.192, bad 1/5)
      [pr z_U] step 2750/4000  dev PER=0.192  (best 0.192, bad 2/5)
      [pr z_U] step 3000/4000  dev PER=0.195  (best 0.192, bad 3/5)
      [pr z_U] step 3250/4000  dev PER=0.192  (best 0.192, bad 4/5)
      [pr z_U] step 3500/4000  dev PER=0.187  (best 0.187, bad 0/5)
      [pr z_U] step 3750/4000  dev PER=0.191  (best 0.187, bad 1/5)
      [pr z_U] step 4000/4000  dev PER=0.190  (best 0.187, bad 2/5)
    z_U -> PR               PER test=0.188  (val 0.187)
  training probe: z_U -> SID ...
      [sid z_U] step 250/4000  dev acc=0.252  (best 0.252, bad 0/5)
      [sid z_U] step 500/4000  dev acc=0.526  (best 0.526, bad 0/5)
      [sid z_U] step 750/4000  dev acc=0.730  (best 0.730, bad 0/5)
      [sid z_U] step 1000/4000  dev acc=0.832  (best 0.832, bad 0/5)
      [sid z_U] step 1250/4000  dev acc=0.898  (best 0.898, bad 0/5)
      [sid z_U] step 1500/4000  dev acc=0.906  (best 0.906, bad 0/5)
      [sid z_U] step 1750/4000  dev acc=0.938  (best 0.938, bad 0/5)
      [sid z_U] step 2000/4000  dev acc=0.956  (best 0.956, bad 0/5)
      [sid z_U] step 2250/4000  dev acc=0.964  (best 0.964, bad 0/5)
      [sid z_U] step 2500/4000  dev acc=0.956  (best 0.964, bad 1/5)
      [sid z_U] step 2750/4000  dev acc=0.978  (best 0.978, bad 0/5)
      [sid z_U] step 3000/4000  dev acc=0.976  (best 0.978, bad 1/5)
      [sid z_U] step 3250/4000  dev acc=0.980  (best 0.980, bad 0/5)
      [sid z_U] step 3500/4000  dev acc=0.982  (best 0.982, bad 0/5)
      [sid z_U] step 3750/4000  dev acc=0.982  (best 0.982, bad 1/5)
      [sid z_U] step 4000/4000  dev acc=0.984  (best 0.984, bad 0/5)
    z_U -> SID              acc test=0.994  (val 0.984)

==================================================================
  DIAGNOSTIC PROBE RESULTS - diag_probe_fxblk_vib_b1e-2
==================================================================
  Source       PR (PER↓)    SID (acc↑)
  --------  ------------  ------------
  z_t              0.061         0.996
  z_L              0.069         0.994
  z_P              0.964         1.000
  z_U              0.188         0.994
==================================================================


Finished 2: Mon Jun 15 06:10:26 BST 2026
