=== VIB experiment 0: beta=1e-4 (no IN) ===  Mon Jun 15 02:14:03 BST 2026
GPU NVIDIA A100-SXM4-80GB
=== Disentanglement  stage=2
=== device=cuda  bf16=True
=== K=5120  topk=256  D=1280
=== steps=12000  α=0.8  β=0.6  grl=0.5  ρ=0.0
[dis_data] loaded lexicon: 200,000 entries
[dis_data] loading train-clean-100 …
[dis_data]  251 speakers
[dis_data]  train=27539  val=500  test=500  vocab=74  speakers=251
[train] stage2_from_scratch=True — SAE/routing/heads start from initialization
[stage 2] frozen=596,973,362  trainable=17,483,402  device=cuda
[stage 2] speakers=251  vocab=74
[stage 2] α=0.8  β=0.6  grl=0.5  ρ=0.0  grl_p=0.5  hard_gumbel=True  spear_ln=True  dann_full_disc=True
[stage 2] steps=12000  batch=16
[dis_data] g2p_en loaded for OOV words
  step      1/12000  recon=0.4521  pr=19.4946  sid=5.5195  grl=5.5332  grl_p=19.3746  L/P/U=3072/1024/1024  actL/P/U=160/64/32  H=nan  Hu=nan  spec<.5=nan  marg=nan  lstd=nan  lr=2.00e-07
  step    100/12000  recon=0.4160  pr=15.2968  sid=5.5156  grl=5.5703  grl_p=3.5437  L/P/U=3072/1024/1024  actL/P/U=160/64/32  H=nan  Hu=nan  spec<.5=nan  marg=nan  lstd=nan  lr=2.00e-05
  step    200/12000  recon=0.4302  pr=7.6299  sid=5.5117  grl=5.3633  grl_p=1.3756  L/P/U=3072/1024/1024  actL/P/U=160/64/32  H=nan  Hu=nan  spec<.5=nan  marg=nan  lstd=nan  lr=4.00e-05
  step    300/12000  recon=0.3639  pr=3.3734  sid=5.4980  grl=4.7129  grl_p=2.0151  L/P/U=3072/1024/1024  actL/P/U=160/64/32  H=nan  Hu=nan  spec<.5=nan  marg=nan  lstd=nan  lr=6.00e-05
  step    400/12000  recon=0.2643  pr=1.7296  sid=5.4648  grl=3.7847  grl_p=3.4072  L/P/U=3072/1024/1024  actL/P/U=160/64/32  H=nan  Hu=nan  spec<.5=nan  marg=nan  lstd=nan  lr=8.00e-05
  [grad_norms @500]
    recon             |g|=0.03474  ratio=1.000x recon
    pr_raw            |g|=0.39916  ratio=11.490x recon
    pr_weighted       |g|=0.31933  ratio=9.192x recon
    sid_raw           |g|=0.51506  ratio=14.827x recon
    sid_weighted      |g|=0.30904  ratio=8.896x recon
    grl               |g|=0.42882  ratio=12.344x recon
    grl_p             |g|=0.54569  ratio=15.708x recon
    route             |g|=0.00000  ratio=0.000x recon
  step    500/12000  recon=0.2068  pr=1.0237  sid=5.5000  grl=4.3257  grl_p=2.7844  L/P/U=3072/1024/1024  actL/P/U=160/64/32  H=nan  Hu=nan  spec<.5=nan  marg=nan  lstd=nan  lr=1.00e-04
  step    600/12000  recon=0.1653  pr=0.8256  sid=5.4160  grl=4.9824  grl_p=3.1021  L/P/U=3072/1024/1024  actL/P/U=160/64/32  H=nan  Hu=nan  spec<.5=nan  marg=nan  lstd=nan  lr=1.00e-04
  step    700/12000  recon=0.1416  pr=0.6916  sid=5.3340  grl=4.3701  grl_p=2.8955  L/P/U=3072/1024/1024  actL/P/U=160/64/32  H=nan  Hu=nan  spec<.5=nan  marg=nan  lstd=nan  lr=9.99e-05
  step    800/12000  recon=0.1311  pr=0.4892  sid=5.3301  grl=5.3496  grl_p=2.9208  L/P/U=3072/1024/1024  actL/P/U=160/64/32  H=nan  Hu=nan  spec<.5=nan  marg=nan  lstd=nan  lr=9.98e-05
  step    900/12000  recon=0.1230  pr=0.4836  sid=5.2852  grl=5.2480  grl_p=3.0841  L/P/U=3072/1024/1024  actL/P/U=160/64/32  H=nan  Hu=nan  spec<.5=nan  marg=nan  lstd=nan  lr=9.97e-05
  [grad_norms @1000]
    recon             |g|=0.03673  ratio=1.000x recon
    pr_raw            |g|=0.24363  ratio=6.633x recon
    pr_weighted       |g|=0.19490  ratio=5.306x recon
    sid_raw           |g|=0.74096  ratio=20.172x recon
    sid_weighted      |g|=0.44458  ratio=12.103x recon
    grl               |g|=0.57253  ratio=15.587x recon
    grl_p             |g|=1.05436  ratio=28.704x recon
    route             |g|=0.00000  ratio=0.000x recon
  step   1000/12000  recon=0.1226  pr=0.4280  sid=5.1660  grl=5.8652  grl_p=3.1119  L/P/U=3072/1024/1024  actL/P/U=160/64/32  H=nan  Hu=nan  spec<.5=nan  marg=nan  lstd=nan  lr=9.95e-05
  [val] step=1000  recon=0.1160  pr=0.4596  PER=0.112  sid_acc=0.124
  ✓ best checkpoint (disent=0.9883  PER=0.112 sid=0.124) → /rds/user/bbg25/hpc-work/Thesis/Final-Proj/Disentanglement/checkpoints/fxblk_vib_b1e-4/stage2_best.pt
  step   1100/12000  recon=0.1202  pr=0.3997  sid=5.1562  grl=5.2559  grl_p=3.1400  L/P/U=3072/1024/1024  actL/P/U=160/64/32  H=nan  Hu=nan  spec<.5=nan  marg=nan  lstd=nan  lr=9.93e-05
  step   1200/12000  recon=0.1194  pr=0.3967  sid=4.8867  grl=4.8828  grl_p=3.0391  L/P/U=3072/1024/1024  actL/P/U=160/64/32  H=nan  Hu=nan  spec<.5=nan  marg=nan  lstd=nan  lr=9.91e-05
  step   1300/12000  recon=0.1197  pr=0.3763  sid=4.8164  grl=5.0732  grl_p=3.1752  L/P/U=3072/1024/1024  actL/P/U=160/64/32  H=nan  Hu=nan  spec<.5=nan  marg=nan  lstd=nan  lr=9.88e-05
  step   1400/12000  recon=0.1175  pr=0.3891  sid=4.7285  grl=5.1729  grl_p=3.2935  L/P/U=3072/1024/1024  actL/P/U=160/64/32  H=nan  Hu=nan  spec<.5=nan  marg=nan  lstd=nan  lr=9.85e-05
  [grad_norms @1500]
    recon             |g|=0.04006  ratio=1.000x recon
    pr_raw            |g|=0.61513  ratio=15.357x recon
    pr_weighted       |g|=0.49211  ratio=12.286x recon
    sid_raw           |g|=1.14349  ratio=28.548x recon
    sid_weighted      |g|=0.68610  ratio=17.129x recon
    grl               |g|=0.82859  ratio=20.686x recon
    grl_p             |g|=1.61217  ratio=40.249x recon
    route             |g|=0.00000  ratio=0.000x recon
  step   1500/12000  recon=0.1195  pr=0.5440  sid=4.4912  grl=5.4062  grl_p=3.3497  L/P/U=3072/1024/1024  actL/P/U=160/64/32  H=nan  Hu=nan  spec<.5=nan  marg=nan  lstd=nan  lr=9.82e-05
  step   1600/12000  recon=0.1169  pr=0.4455  sid=4.3662  grl=4.8926  grl_p=3.3982  L/P/U=3072/1024/1024  actL/P/U=160/64/32  H=nan  Hu=nan  spec<.5=nan  marg=nan  lstd=nan  lr=9.78e-05
  step   1700/12000  recon=0.1187  pr=0.3761  sid=4.3555  grl=5.2764  grl_p=3.4180  L/P/U=3072/1024/1024  actL/P/U=160/64/32  H=nan  Hu=nan  spec<.5=nan  marg=nan  lstd=nan  lr=9.74e-05
  step   1800/12000  recon=0.1179  pr=0.3377  sid=4.2539  grl=5.4590  grl_p=3.3275  L/P/U=3072/1024/1024  actL/P/U=160/64/32  H=nan  Hu=nan  spec<.5=nan  marg=nan  lstd=nan  lr=9.69e-05
  step   1900/12000  recon=0.1211  pr=0.3963  sid=4.0127  grl=5.3301  grl_p=3.4464  L/P/U=3072/1024/1024  actL/P/U=160/64/32  H=nan  Hu=nan  spec<.5=nan  marg=nan  lstd=nan  lr=9.64e-05
  [grad_norms @2000]
    recon             |g|=0.03871  ratio=1.000x recon
    pr_raw            |g|=0.29403  ratio=7.596x recon
    pr_weighted       |g|=0.23523  ratio=6.077x recon
    sid_raw           |g|=2.32454  ratio=60.052x recon
    sid_weighted      |g|=1.39472  ratio=36.031x recon
    grl               |g|=1.00201  ratio=25.886x recon
    grl_p             |g|=1.07706  ratio=27.825x recon
    route             |g|=0.00000  ratio=0.000x recon
  step   2000/12000  recon=0.1167  pr=0.3234  sid=4.1104  grl=5.3652  grl_p=3.4775  L/P/U=3072/1024/1024  actL/P/U=160/64/32  H=nan  Hu=nan  spec<.5=nan  marg=nan  lstd=nan  lr=9.59e-05
  [val] step=2000  recon=0.1129  pr=0.3763  PER=0.091  sid_acc=0.642
  ✓ best checkpoint (disent=0.4492  PER=0.091 sid=0.642) → /rds/user/bbg25/hpc-work/Thesis/Final-Proj/Disentanglement/checkpoints/fxblk_vib_b1e-4/stage2_best.pt
  step   2100/12000  recon=0.1166  pr=0.4710  sid=3.8838  grl=5.2764  grl_p=3.5303  L/P/U=3072/1024/1024  actL/P/U=160/64/32  H=nan  Hu=nan  spec<.5=nan  marg=nan  lstd=nan  lr=9.53e-05
  step   2200/12000  recon=0.1156  pr=0.3788  sid=4.1123  grl=5.2334  grl_p=3.4939  L/P/U=3072/1024/1024  actL/P/U=160/64/32  H=nan  Hu=nan  spec<.5=nan  marg=nan  lstd=nan  lr=9.48e-05
  step   2300/12000  recon=0.1219  pr=0.3932  sid=3.6387  grl=5.3125  grl_p=3.4978  L/P/U=3072/1024/1024  actL/P/U=160/64/32  H=nan  Hu=nan  spec<.5=nan  marg=nan  lstd=nan  lr=9.41e-05
  step   2400/12000  recon=0.1199  pr=0.4162  sid=3.7285  grl=5.3477  grl_p=3.4890  L/P/U=3072/1024/1024  actL/P/U=160/64/32  H=nan  Hu=nan  spec<.5=nan  marg=nan  lstd=nan  lr=9.35e-05
  [grad_norms @2500]
    recon             |g|=0.04544  ratio=1.000x recon
    pr_raw            |g|=0.46514  ratio=10.236x recon
    pr_weighted       |g|=0.37212  ratio=8.189x recon
    sid_raw           |g|=2.48760  ratio=54.742x recon
    sid_weighted      |g|=1.49256  ratio=32.845x recon
    grl               |g|=2.17697  ratio=47.906x recon
    grl_p             |g|=0.96848  ratio=21.312x recon
    route             |g|=0.00000  ratio=0.000x recon
  step   2500/12000  recon=0.1224  pr=0.3851  sid=3.0229  grl=5.4463  grl_p=3.5013  L/P/U=3072/1024/1024  actL/P/U=160/64/32  H=nan  Hu=nan  spec<.5=nan  marg=nan  lstd=nan  lr=9.28e-05
  step   2600/12000  recon=0.1210  pr=0.4269  sid=3.2793  grl=5.1904  grl_p=3.4957  L/P/U=3072/1024/1024  actL/P/U=160/64/32  H=nan  Hu=nan  spec<.5=nan  marg=nan  lstd=nan  lr=9.21e-05
  step   2700/12000  recon=0.1231  pr=0.5135  sid=3.1543  grl=5.2539  grl_p=3.5394  L/P/U=3072/1024/1024  actL/P/U=160/64/32  H=nan  Hu=nan  spec<.5=nan  marg=nan  lstd=nan  lr=9.13e-05
  step   2800/12000  recon=0.1260  pr=0.4616  sid=2.8799  grl=4.8198  grl_p=3.4497  L/P/U=3072/1024/1024  actL/P/U=160/64/32  H=nan  Hu=nan  spec<.5=nan  marg=nan  lstd=nan  lr=9.05e-05
  step   2900/12000  recon=0.1249  pr=0.4872  sid=2.9526  grl=5.1094  grl_p=3.4982  L/P/U=3072/1024/1024  actL/P/U=160/64/32  H=nan  Hu=nan  spec<.5=nan  marg=nan  lstd=nan  lr=8.97e-05
  [grad_norms @3000]
    recon             |g|=0.04642  ratio=1.000x recon
    pr_raw            |g|=0.53637  ratio=11.555x recon
    pr_weighted       |g|=0.42909  ratio=9.244x recon
    sid_raw           |g|=3.44681  ratio=74.257x recon
    sid_weighted      |g|=2.06808  ratio=44.554x recon
    grl               |g|=2.73292  ratio=58.878x recon
    grl_p             |g|=0.94876  ratio=20.440x recon
    route             |g|=0.00000  ratio=0.000x recon
  step   3000/12000  recon=0.1264  pr=0.5391  sid=2.6953  grl=5.1855  grl_p=3.4876  L/P/U=3072/1024/1024  actL/P/U=160/64/32  H=nan  Hu=nan  spec<.5=nan  marg=nan  lstd=nan  lr=8.89e-05
  [val] step=3000  recon=0.1200  pr=0.4377  PER=0.106  sid_acc=0.856
  ✓ best checkpoint (disent=0.2503  PER=0.106 sid=0.856) → /rds/user/bbg25/hpc-work/Thesis/Final-Proj/Disentanglement/checkpoints/fxblk_vib_b1e-4/stage2_best.pt
  step   3100/12000  recon=0.1253  pr=0.4524  sid=2.8091  grl=5.1758  grl_p=3.4703  L/P/U=3072/1024/1024  actL/P/U=160/64/32  H=nan  Hu=nan  spec<.5=nan  marg=nan  lstd=nan  lr=8.80e-05
  step   3200/12000  recon=0.1272  pr=0.5057  sid=1.9637  grl=4.5984  grl_p=3.5055  L/P/U=3072/1024/1024  actL/P/U=160/64/32  H=nan  Hu=nan  spec<.5=nan  marg=nan  lstd=nan  lr=8.71e-05
  step   3300/12000  recon=0.1272  pr=0.5063  sid=2.0769  grl=4.8701  grl_p=3.4658  L/P/U=3072/1024/1024  actL/P/U=160/64/32  H=nan  Hu=nan  spec<.5=nan  marg=nan  lstd=nan  lr=8.62e-05
  step   3400/12000  recon=0.1259  pr=0.4173  sid=2.1664  grl=5.0215  grl_p=3.4392  L/P/U=3072/1024/1024  actL/P/U=160/64/32  H=nan  Hu=nan  spec<.5=nan  marg=nan  lstd=nan  lr=8.53e-05
  [grad_norms @3500]
    recon             |g|=0.04825  ratio=1.000x recon
    pr_raw            |g|=0.52665  ratio=10.915x recon
    pr_weighted       |g|=0.42132  ratio=8.732x recon
    sid_raw           |g|=2.64411  ratio=54.803x recon
    sid_weighted      |g|=1.58646  ratio=32.882x recon
    grl               |g|=2.85483  ratio=59.170x recon
    grl_p             |g|=1.21364  ratio=25.154x recon
    route             |g|=0.00000  ratio=0.000x recon
  step   3500/12000  recon=0.1246  pr=0.4338  sid=2.2693  grl=4.8867  grl_p=3.4609  L/P/U=3072/1024/1024  actL/P/U=160/64/32  H=nan  Hu=nan  spec<.5=nan  marg=nan  lstd=nan  lr=8.43e-05
  step   3600/12000  recon=0.1266  pr=0.5569  sid=2.3911  grl=5.1592  grl_p=3.4841  L/P/U=3072/1024/1024  actL/P/U=160/64/32  H=nan  Hu=nan  spec<.5=nan  marg=nan  lstd=nan  lr=8.33e-05
  step   3700/12000  recon=0.1263  pr=0.4586  sid=1.6018  grl=4.7900  grl_p=3.4726  L/P/U=3072/1024/1024  actL/P/U=160/64/32  H=nan  Hu=nan  spec<.5=nan  marg=nan  lstd=nan  lr=8.23e-05
  step   3800/12000  recon=0.1261  pr=0.4683  sid=2.3159  grl=5.1416  grl_p=3.4721  L/P/U=3072/1024/1024  actL/P/U=160/64/32  H=nan  Hu=nan  spec<.5=nan  marg=nan  lstd=nan  lr=8.12e-05
  step   3900/12000  recon=0.1264  pr=0.4739  sid=1.6440  grl=4.4507  grl_p=3.4637  L/P/U=3072/1024/1024  actL/P/U=160/64/32  H=nan  Hu=nan  spec<.5=nan  marg=nan  lstd=nan  lr=8.01e-05
  [grad_norms @4000]
    recon             |g|=0.05133  ratio=1.000x recon
    pr_raw            |g|=0.59912  ratio=11.671x recon
    pr_weighted       |g|=0.47930  ratio=9.337x recon
    sid_raw           |g|=2.06581  ratio=40.243x recon
    sid_weighted      |g|=1.23948  ratio=24.146x recon
    grl               |g|=6.16289  ratio=120.057x recon
    grl_p             |g|=1.15586  ratio=22.517x recon
    route             |g|=0.00000  ratio=0.000x recon
  step   4000/12000  recon=0.1261  pr=0.4222  sid=1.6135  grl=5.0020  grl_p=3.4875  L/P/U=3072/1024/1024  actL/P/U=160/64/32  H=nan  Hu=nan  spec<.5=nan  marg=nan  lstd=nan  lr=7.90e-05
  [val] step=4000  recon=0.1224  pr=0.4214  PER=0.103  sid_acc=0.946
  ✓ best checkpoint (disent=0.1570  PER=0.103 sid=0.946) → /rds/user/bbg25/hpc-work/Thesis/Final-Proj/Disentanglement/checkpoints/fxblk_vib_b1e-4/stage2_best.pt
  step   4100/12000  recon=0.1263  pr=0.4158  sid=1.5773  grl=4.9170  grl_p=3.4699  L/P/U=3072/1024/1024  actL/P/U=160/64/32  H=nan  Hu=nan  spec<.5=nan  marg=nan  lstd=nan  lr=7.79e-05
  step   4200/12000  recon=0.1271  pr=0.4812  sid=1.7098  grl=4.6479  grl_p=3.4816  L/P/U=3072/1024/1024  actL/P/U=160/64/32  H=nan  Hu=nan  spec<.5=nan  marg=nan  lstd=nan  lr=7.68e-05
  step   4300/12000  recon=0.1287  pr=0.4155  sid=1.6874  grl=5.2578  grl_p=3.4367  L/P/U=3072/1024/1024  actL/P/U=160/64/32  H=nan  Hu=nan  spec<.5=nan  marg=nan  lstd=nan  lr=7.56e-05
  step   4400/12000  recon=0.1281  pr=0.3564  sid=1.4241  grl=4.8862  grl_p=3.4649  L/P/U=3072/1024/1024  actL/P/U=160/64/32  H=nan  Hu=nan  spec<.5=nan  marg=nan  lstd=nan  lr=7.45e-05
  [grad_norms @4500]
    recon             |g|=0.05316  ratio=1.000x recon
    pr_raw            |g|=0.60401  ratio=11.362x recon
    pr_weighted       |g|=0.48321  ratio=9.089x recon
    sid_raw           |g|=2.39242  ratio=45.002x recon
    sid_weighted      |g|=1.43545  ratio=27.001x recon
    grl               |g|=6.08212  ratio=114.406x recon
    grl_p             |g|=1.39866  ratio=26.309x recon
    route             |g|=0.00000  ratio=0.000x recon
  step   4500/12000  recon=0.1267  pr=0.4095  sid=1.2068  grl=5.0781  grl_p=3.4689  L/P/U=3072/1024/1024  actL/P/U=160/64/32  H=nan  Hu=nan  spec<.5=nan  marg=nan  lstd=nan  lr=7.33e-05
  step   4600/12000  recon=0.1293  pr=0.4678  sid=1.1701  grl=4.8340  grl_p=3.4929  L/P/U=3072/1024/1024  actL/P/U=160/64/32  H=nan  Hu=nan  spec<.5=nan  marg=nan  lstd=nan  lr=7.21e-05
  step   4700/12000  recon=0.1287  pr=0.4928  sid=1.2312  grl=4.7881  grl_p=3.4590  L/P/U=3072/1024/1024  actL/P/U=160/64/32  H=nan  Hu=nan  spec<.5=nan  marg=nan  lstd=nan  lr=7.08e-05
  step   4800/12000  recon=0.1270  pr=0.4474  sid=1.0060  grl=4.8662  grl_p=3.4129  L/P/U=3072/1024/1024  actL/P/U=160/64/32  H=nan  Hu=nan  spec<.5=nan  marg=nan  lstd=nan  lr=6.96e-05
  step   4900/12000  recon=0.1287  pr=0.5487  sid=1.5919  grl=4.9199  grl_p=3.4691  L/P/U=3072/1024/1024  actL/P/U=160/64/32  H=nan  Hu=nan  spec<.5=nan  marg=nan  lstd=nan  lr=6.83e-05
  [grad_norms @5000]
    recon             |g|=0.05933  ratio=1.000x recon
    pr_raw            |g|=0.53279  ratio=8.980x recon
    pr_weighted       |g|=0.42623  ratio=7.184x recon
    sid_raw           |g|=1.93690  ratio=32.646x recon
    sid_weighted      |g|=1.16214  ratio=19.588x recon
    grl               |g|=4.92189  ratio=82.957x recon
    grl_p             |g|=1.22137  ratio=20.586x recon
    route             |g|=0.00000  ratio=0.000x recon
  step   5000/12000  recon=0.1284  pr=0.4033  sid=0.7884  grl=4.8750  grl_p=3.4598  L/P/U=3072/1024/1024  actL/P/U=160/64/32  H=nan  Hu=nan  spec<.5=nan  marg=nan  lstd=nan  lr=6.71e-05
  [val] step=5000  recon=0.1240  pr=0.4187  PER=0.102  sid_acc=0.982
  ✓ best checkpoint (disent=0.1200  PER=0.102 sid=0.982) → /rds/user/bbg25/hpc-work/Thesis/Final-Proj/Disentanglement/checkpoints/fxblk_vib_b1e-4/stage2_best.pt
  step   5100/12000  recon=0.1283  pr=0.4102  sid=0.9657  grl=4.4589  grl_p=3.4294  L/P/U=3072/1024/1024  actL/P/U=160/64/32  H=nan  Hu=nan  spec<.5=nan  marg=nan  lstd=nan  lr=6.58e-05
  step   5200/12000  recon=0.1276  pr=0.4548  sid=0.7908  grl=4.0869  grl_p=3.4402  L/P/U=3072/1024/1024  actL/P/U=160/64/32  H=nan  Hu=nan  spec<.5=nan  marg=nan  lstd=nan  lr=6.45e-05
  step   5300/12000  recon=0.1310  pr=0.5301  sid=0.6496  grl=3.9961  grl_p=3.4749  L/P/U=3072/1024/1024  actL/P/U=160/64/32  H=nan  Hu=nan  spec<.5=nan  marg=nan  lstd=nan  lr=6.32e-05
  step   5400/12000  recon=0.1266  pr=0.4174  sid=1.0501  grl=4.2634  grl_p=3.4016  L/P/U=3072/1024/1024  actL/P/U=160/64/32  H=nan  Hu=nan  spec<.5=nan  marg=nan  lstd=nan  lr=6.19e-05
  [grad_norms @5500]
    recon             |g|=0.05738  ratio=1.000x recon
    pr_raw            |g|=0.54947  ratio=9.576x recon
    pr_weighted       |g|=0.43958  ratio=7.661x recon
    sid_raw           |g|=2.17116  ratio=37.839x recon
    sid_weighted      |g|=1.30270  ratio=22.704x recon
    grl               |g|=6.94676  ratio=121.069x recon
    grl_p             |g|=1.14072  ratio=19.881x recon
    route             |g|=0.00000  ratio=0.000x recon
  step   5500/12000  recon=0.1276  pr=0.3923  sid=0.9672  grl=4.6387  grl_p=3.4578  L/P/U=3072/1024/1024  actL/P/U=160/64/32  H=nan  Hu=nan  spec<.5=nan  marg=nan  lstd=nan  lr=6.06e-05
  step   5600/12000  recon=0.1275  pr=0.3717  sid=0.8010  grl=4.0053  grl_p=3.4469  L/P/U=3072/1024/1024  actL/P/U=160/64/32  H=nan  Hu=nan  spec<.5=nan  marg=nan  lstd=nan  lr=5.92e-05
  step   5700/12000  recon=0.1277  pr=0.4046  sid=0.7331  grl=5.0020  grl_p=3.4509  L/P/U=3072/1024/1024  actL/P/U=160/64/32  H=nan  Hu=nan  spec<.5=nan  marg=nan  lstd=nan  lr=5.79e-05
  step   5800/12000  recon=0.1290  pr=0.5556  sid=0.8171  grl=4.1680  grl_p=3.5044  L/P/U=3072/1024/1024  actL/P/U=160/64/32  H=nan  Hu=nan  spec<.5=nan  marg=nan  lstd=nan  lr=5.66e-05
  step   5900/12000  recon=0.1286  pr=0.4451  sid=0.7627  grl=4.9150  grl_p=3.4250  L/P/U=3072/1024/1024  actL/P/U=160/64/32  H=nan  Hu=nan  spec<.5=nan  marg=nan  lstd=nan  lr=5.52e-05
  [grad_norms @6000]
    recon             |g|=0.06250  ratio=1.000x recon
    pr_raw            |g|=0.63624  ratio=10.179x recon
    pr_weighted       |g|=0.50899  ratio=8.144x recon
    sid_raw           |g|=1.81044  ratio=28.966x recon
    sid_weighted      |g|=1.08627  ratio=17.379x recon
    grl               |g|=12.50615  ratio=200.089x recon
    grl_p             |g|=1.12444  ratio=17.990x recon
    route             |g|=0.00000  ratio=0.000x recon
  step   6000/12000  recon=0.1306  pr=0.5499  sid=0.5244  grl=3.8986  grl_p=3.4619  L/P/U=3072/1024/1024  actL/P/U=160/64/32  H=nan  Hu=nan  spec<.5=nan  marg=nan  lstd=nan  lr=5.39e-05
  [val] step=6000  recon=0.1243  pr=0.4088  PER=0.099  sid_acc=0.990
  ✓ best checkpoint (disent=0.1090  PER=0.099 sid=0.990) → /rds/user/bbg25/hpc-work/Thesis/Final-Proj/Disentanglement/checkpoints/fxblk_vib_b1e-4/stage2_best.pt
  step   6100/12000  recon=0.1275  pr=0.4312  sid=0.6098  grl=4.7139  grl_p=3.4582  L/P/U=3072/1024/1024  actL/P/U=160/64/32  H=nan  Hu=nan  spec<.5=nan  marg=nan  lstd=nan  lr=5.25e-05
  step   6200/12000  recon=0.1289  pr=0.3770  sid=0.8340  grl=4.5322  grl_p=3.4708  L/P/U=3072/1024/1024  actL/P/U=160/64/32  H=nan  Hu=nan  spec<.5=nan  marg=nan  lstd=nan  lr=5.12e-05
  step   6300/12000  recon=0.1291  pr=0.4681  sid=1.1143  grl=4.7619  grl_p=3.5307  L/P/U=3072/1024/1024  actL/P/U=160/64/32  H=nan  Hu=nan  spec<.5=nan  marg=nan  lstd=nan  lr=4.98e-05
  step   6400/12000  recon=0.1303  pr=0.4647  sid=0.4723  grl=4.5125  grl_p=3.4887  L/P/U=3072/1024/1024  actL/P/U=160/64/32  H=nan  Hu=nan  spec<.5=nan  marg=nan  lstd=nan  lr=4.85e-05
  [grad_norms @6500]
    recon             |g|=0.05885  ratio=1.000x recon
    pr_raw            |g|=0.46731  ratio=7.941x recon
    pr_weighted       |g|=0.37385  ratio=6.353x recon
    sid_raw           |g|=1.91629  ratio=32.563x recon
    sid_weighted      |g|=1.14977  ratio=19.538x recon
    grl               |g|=6.50508  ratio=110.540x recon
    grl_p             |g|=1.11686  ratio=18.979x recon
    route             |g|=0.00000  ratio=0.000x recon
  step   6500/12000  recon=0.1286  pr=0.4209  sid=0.6918  grl=3.7679  grl_p=3.4583  L/P/U=3072/1024/1024  actL/P/U=160/64/32  H=nan  Hu=nan  spec<.5=nan  marg=nan  lstd=nan  lr=4.71e-05
  step   6600/12000  recon=0.1277  pr=0.4994  sid=0.3748  grl=3.7817  grl_p=3.4530  L/P/U=3072/1024/1024  actL/P/U=160/64/32  H=nan  Hu=nan  spec<.5=nan  marg=nan  lstd=nan  lr=4.58e-05
  step   6700/12000  recon=0.1286  pr=0.4076  sid=0.3907  grl=4.1870  grl_p=3.4559  L/P/U=3072/1024/1024  actL/P/U=160/64/32  H=nan  Hu=nan  spec<.5=nan  marg=nan  lstd=nan  lr=4.44e-05
  step   6800/12000  recon=0.1256  pr=0.4086  sid=0.5396  grl=4.6328  grl_p=3.4513  L/P/U=3072/1024/1024  actL/P/U=160/64/32  H=nan  Hu=nan  spec<.5=nan  marg=nan  lstd=nan  lr=4.31e-05
  step   6900/12000  recon=0.1271  pr=0.3761  sid=0.4599  grl=4.5752  grl_p=3.4494  L/P/U=3072/1024/1024  actL/P/U=160/64/32  H=nan  Hu=nan  spec<.5=nan  marg=nan  lstd=nan  lr=4.18e-05
  [grad_norms @7000]
    recon             |g|=0.06226  ratio=1.000x recon
    pr_raw            |g|=0.58336  ratio=9.370x recon
    pr_weighted       |g|=0.46669  ratio=7.496x recon
    sid_raw           |g|=1.96126  ratio=31.502x recon
    sid_weighted      |g|=1.17675  ratio=18.901x recon
    grl               |g|=9.55619  ratio=153.494x recon
    grl_p             |g|=1.22395  ratio=19.659x recon
    route             |g|=0.00000  ratio=0.000x recon
  step   7000/12000  recon=0.1273  pr=0.3482  sid=0.4495  grl=4.1831  grl_p=3.4613  L/P/U=3072/1024/1024  actL/P/U=160/64/32  H=nan  Hu=nan  spec<.5=nan  marg=nan  lstd=nan  lr=4.04e-05
  [val] step=7000  recon=0.1242  pr=0.4032  PER=0.098  sid_acc=0.996
  ✓ best checkpoint (disent=0.1024  PER=0.098 sid=0.996) → /rds/user/bbg25/hpc-work/Thesis/Final-Proj/Disentanglement/checkpoints/fxblk_vib_b1e-4/stage2_best.pt
  step   7100/12000  recon=0.1294  pr=0.4378  sid=0.5677  grl=3.7231  grl_p=3.4427  L/P/U=3072/1024/1024  actL/P/U=160/64/32  H=nan  Hu=nan  spec<.5=nan  marg=nan  lstd=nan  lr=3.91e-05
  step   7200/12000  recon=0.1274  pr=0.3857  sid=0.5119  grl=3.9302  grl_p=3.4474  L/P/U=3072/1024/1024  actL/P/U=160/64/32  H=nan  Hu=nan  spec<.5=nan  marg=nan  lstd=nan  lr=3.78e-05
  step   7300/12000  recon=0.1250  pr=0.4651  sid=0.4010  grl=4.2857  grl_p=3.4821  L/P/U=3072/1024/1024  actL/P/U=160/64/32  H=nan  Hu=nan  spec<.5=nan  marg=nan  lstd=nan  lr=3.65e-05
  step   7400/12000  recon=0.1284  pr=0.4562  sid=0.4500  grl=4.3467  grl_p=3.4508  L/P/U=3072/1024/1024  actL/P/U=160/64/32  H=nan  Hu=nan  spec<.5=nan  marg=nan  lstd=nan  lr=3.52e-05
  [grad_norms @7500]
    recon             |g|=0.06377  ratio=1.000x recon
    pr_raw            |g|=0.55418  ratio=8.690x recon
    pr_weighted       |g|=0.44334  ratio=6.952x recon
    sid_raw           |g|=1.37325  ratio=21.533x recon
    sid_weighted      |g|=0.82395  ratio=12.920x recon
    grl               |g|=14.28522  ratio=223.998x recon
    grl_p             |g|=0.95555  ratio=14.983x recon
    route             |g|=0.00000  ratio=0.000x recon
  step   7500/12000  recon=0.1260  pr=0.4803  sid=0.3372  grl=3.6593  grl_p=3.4089  L/P/U=3072/1024/1024  actL/P/U=160/64/32  H=nan  Hu=nan  spec<.5=nan  marg=nan  lstd=nan  lr=3.39e-05
  step   7600/12000  recon=0.1299  pr=0.4497  sid=0.3715  grl=3.5249  grl_p=3.4651  L/P/U=3072/1024/1024  actL/P/U=160/64/32  H=nan  Hu=nan  spec<.5=nan  marg=nan  lstd=nan  lr=3.27e-05
  step   7700/12000  recon=0.1285  pr=0.4231  sid=0.4536  grl=3.6362  grl_p=3.4626  L/P/U=3072/1024/1024  actL/P/U=160/64/32  H=nan  Hu=nan  spec<.5=nan  marg=nan  lstd=nan  lr=3.14e-05
  step   7800/12000  recon=0.1267  pr=0.7007  sid=0.2324  grl=3.4916  grl_p=3.4939  L/P/U=3072/1024/1024  actL/P/U=160/64/32  H=nan  Hu=nan  spec<.5=nan  marg=nan  lstd=nan  lr=3.02e-05
  step   7900/12000  recon=0.1288  pr=0.3876  sid=0.3131  grl=4.0880  grl_p=3.5069  L/P/U=3072/1024/1024  actL/P/U=160/64/32  H=nan  Hu=nan  spec<.5=nan  marg=nan  lstd=nan  lr=2.89e-05
  [grad_norms @8000]
    recon             |g|=0.06443  ratio=1.000x recon
    pr_raw            |g|=1.01690  ratio=15.784x recon
    pr_weighted       |g|=0.81352  ratio=12.627x recon
    sid_raw           |g|=1.75534  ratio=27.245x recon
    sid_weighted      |g|=1.05321  ratio=16.347x recon
    grl               |g|=12.03080  ratio=186.733x recon
    grl_p             |g|=1.13446  ratio=17.608x recon
    route             |g|=0.00000  ratio=0.000x recon
  step   8000/12000  recon=0.1277  pr=0.4182  sid=0.4471  grl=4.3562  grl_p=3.4500  L/P/U=3072/1024/1024  actL/P/U=160/64/32  H=nan  Hu=nan  spec<.5=nan  marg=nan  lstd=nan  lr=2.77e-05
  [val] step=8000  recon=0.1237  pr=0.3950  PER=0.098  sid_acc=0.996
  ✓ best checkpoint (disent=0.1024  PER=0.098 sid=0.996) → /rds/user/bbg25/hpc-work/Thesis/Final-Proj/Disentanglement/checkpoints/fxblk_vib_b1e-4/stage2_best.pt
  step   8100/12000  recon=0.1280  pr=0.4479  sid=0.3305  grl=4.1455  grl_p=3.4599  L/P/U=3072/1024/1024  actL/P/U=160/64/32  H=nan  Hu=nan  spec<.5=nan  marg=nan  lstd=nan  lr=2.65e-05
  step   8200/12000  recon=0.1268  pr=0.4434  sid=0.3417  grl=3.8841  grl_p=3.4726  L/P/U=3072/1024/1024  actL/P/U=160/64/32  H=nan  Hu=nan  spec<.5=nan  marg=nan  lstd=nan  lr=2.54e-05
  step   8300/12000  recon=0.1276  pr=0.3453  sid=0.4377  grl=3.8944  grl_p=3.4195  L/P/U=3072/1024/1024  actL/P/U=160/64/32  H=nan  Hu=nan  spec<.5=nan  marg=nan  lstd=nan  lr=2.42e-05
  step   8400/12000  recon=0.1292  pr=0.4336  sid=0.4146  grl=4.0586  grl_p=3.4669  L/P/U=3072/1024/1024  actL/P/U=160/64/32  H=nan  Hu=nan  spec<.5=nan  marg=nan  lstd=nan  lr=2.31e-05
  [grad_norms @8500]
    recon             |g|=0.06193  ratio=1.000x recon
    pr_raw            |g|=0.54819  ratio=8.852x recon
    pr_weighted       |g|=0.43856  ratio=7.081x recon
    sid_raw           |g|=1.20954  ratio=19.530x recon
    sid_weighted      |g|=0.72572  ratio=11.718x recon
    grl               |g|=23.01039  ratio=371.542x recon
    grl_p             |g|=0.95868  ratio=15.480x recon
    route             |g|=0.00000  ratio=0.000x recon
  step   8500/12000  recon=0.1276  pr=0.4404  sid=0.3363  grl=3.6356  grl_p=3.4585  L/P/U=3072/1024/1024  actL/P/U=160/64/32  H=nan  Hu=nan  spec<.5=nan  marg=nan  lstd=nan  lr=2.20e-05
  step   8600/12000  recon=0.1274  pr=0.3903  sid=0.3994  grl=3.4827  grl_p=3.4720  L/P/U=3072/1024/1024  actL/P/U=160/64/32  H=nan  Hu=nan  spec<.5=nan  marg=nan  lstd=nan  lr=2.09e-05
  step   8700/12000  recon=0.1278  pr=0.4093  sid=0.3082  grl=3.8223  grl_p=3.4759  L/P/U=3072/1024/1024  actL/P/U=160/64/32  H=nan  Hu=nan  spec<.5=nan  marg=nan  lstd=nan  lr=1.98e-05
  step   8800/12000  recon=0.1265  pr=0.4492  sid=0.3045  grl=2.9591  grl_p=3.4694  L/P/U=3072/1024/1024  actL/P/U=160/64/32  H=nan  Hu=nan  spec<.5=nan  marg=nan  lstd=nan  lr=1.87e-05
  step   8900/12000  recon=0.1281  pr=0.5549  sid=0.4192  grl=3.8508  grl_p=3.4974  L/P/U=3072/1024/1024  actL/P/U=160/64/32  H=nan  Hu=nan  spec<.5=nan  marg=nan  lstd=nan  lr=1.77e-05
  [grad_norms @9000]
    recon             |g|=0.06961  ratio=1.000x recon
    pr_raw            |g|=1.02376  ratio=14.706x recon
    pr_weighted       |g|=0.81901  ratio=11.765x recon
    sid_raw           |g|=2.13183  ratio=30.623x recon
    sid_weighted      |g|=1.27910  ratio=18.374x recon
    grl               |g|=45.48734  ratio=653.419x recon
    grl_p             |g|=1.22606  ratio=17.612x recon
    route             |g|=0.00000  ratio=0.000x recon
  step   9000/12000  recon=0.1303  pr=0.4426  sid=0.4094  grl=3.7451  grl_p=3.4647  L/P/U=3072/1024/1024  actL/P/U=160/64/32  H=nan  Hu=nan  spec<.5=nan  marg=nan  lstd=nan  lr=1.67e-05
  [val] step=9000  recon=0.1233  pr=0.3881  PER=0.095  sid_acc=0.998
  ✓ best checkpoint (disent=0.0972  PER=0.095 sid=0.998) → /rds/user/bbg25/hpc-work/Thesis/Final-Proj/Disentanglement/checkpoints/fxblk_vib_b1e-4/stage2_best.pt
  step   9100/12000  recon=0.1285  pr=0.4154  sid=0.2821  grl=2.6672  grl_p=3.4501  L/P/U=3072/1024/1024  actL/P/U=160/64/32  H=nan  Hu=nan  spec<.5=nan  marg=nan  lstd=nan  lr=1.57e-05
  step   9200/12000  recon=0.1271  pr=0.3871  sid=0.4747  grl=4.1059  grl_p=3.4205  L/P/U=3072/1024/1024  actL/P/U=160/64/32  H=nan  Hu=nan  spec<.5=nan  marg=nan  lstd=nan  lr=1.48e-05
  step   9300/12000  recon=0.1277  pr=0.4016  sid=0.3468  grl=3.1597  grl_p=3.4555  L/P/U=3072/1024/1024  actL/P/U=160/64/32  H=nan  Hu=nan  spec<.5=nan  marg=nan  lstd=nan  lr=1.39e-05
  step   9400/12000  recon=0.1267  pr=0.4067  sid=0.3646  grl=3.1897  grl_p=3.4791  L/P/U=3072/1024/1024  actL/P/U=160/64/32  H=nan  Hu=nan  spec<.5=nan  marg=nan  lstd=nan  lr=1.30e-05
  [grad_norms @9500]
    recon             |g|=0.06397  ratio=1.000x recon
    pr_raw            |g|=0.69878  ratio=10.924x recon
    pr_weighted       |g|=0.55902  ratio=8.739x recon
    sid_raw           |g|=1.45305  ratio=22.715x recon
    sid_weighted      |g|=0.87183  ratio=13.629x recon
    grl               |g|=37.72528  ratio=589.736x recon
    grl_p             |g|=0.98857  ratio=15.454x recon
    route             |g|=0.00000  ratio=0.000x recon
  step   9500/12000  recon=0.1275  pr=0.4711  sid=0.2534  grl=3.3502  grl_p=3.4842  L/P/U=3072/1024/1024  actL/P/U=160/64/32  H=nan  Hu=nan  spec<.5=nan  marg=nan  lstd=nan  lr=1.21e-05
  step   9600/12000  recon=0.1256  pr=0.4029  sid=0.4002  grl=3.4263  grl_p=3.4609  L/P/U=3072/1024/1024  actL/P/U=160/64/32  H=nan  Hu=nan  spec<.5=nan  marg=nan  lstd=nan  lr=1.13e-05
  step   9700/12000  recon=0.1270  pr=0.4281  sid=0.4179  grl=3.8731  grl_p=3.4390  L/P/U=3072/1024/1024  actL/P/U=160/64/32  H=nan  Hu=nan  spec<.5=nan  marg=nan  lstd=nan  lr=1.05e-05
  step   9800/12000  recon=0.1269  pr=0.3613  sid=0.2752  grl=3.2490  grl_p=3.4550  L/P/U=3072/1024/1024  actL/P/U=160/64/32  H=nan  Hu=nan  spec<.5=nan  marg=nan  lstd=nan  lr=9.67e-06
  step   9900/12000  recon=0.1264  pr=0.4464  sid=0.3018  grl=3.6162  grl_p=3.4160  L/P/U=3072/1024/1024  actL/P/U=160/64/32  H=nan  Hu=nan  spec<.5=nan  marg=nan  lstd=nan  lr=8.92e-06
  [grad_norms @10000]
    recon             |g|=0.06411  ratio=1.000x recon
    pr_raw            |g|=0.56400  ratio=8.797x recon
    pr_weighted       |g|=0.45120  ratio=7.038x recon
    sid_raw           |g|=1.35936  ratio=21.203x recon
    sid_weighted      |g|=0.81562  ratio=12.722x recon
    grl               |g|=16.14795  ratio=251.866x recon
    grl_p             |g|=0.93890  ratio=14.644x recon
    route             |g|=0.00000  ratio=0.000x recon
  step  10000/12000  recon=0.1270  pr=0.3971  sid=0.2837  grl=3.0012  grl_p=3.4440  L/P/U=3072/1024/1024  actL/P/U=160/64/32  H=nan  Hu=nan  spec<.5=nan  marg=nan  lstd=nan  lr=8.21e-06
  [val] step=10000  recon=0.1230  pr=0.3849  PER=0.095  sid_acc=0.998
  ✓ best checkpoint (disent=0.0970  PER=0.095 sid=0.998) → /rds/user/bbg25/hpc-work/Thesis/Final-Proj/Disentanglement/checkpoints/fxblk_vib_b1e-4/stage2_best.pt
  step  10100/12000  recon=0.1284  pr=0.4049  sid=0.3407  grl=3.4915  grl_p=3.4265  L/P/U=3072/1024/1024  actL/P/U=160/64/32  H=nan  Hu=nan  spec<.5=nan  marg=nan  lstd=nan  lr=7.52e-06
  step  10200/12000  recon=0.1286  pr=0.3657  sid=0.2805  grl=3.1978  grl_p=3.4361  L/P/U=3072/1024/1024  actL/P/U=160/64/32  H=nan  Hu=nan  spec<.5=nan  marg=nan  lstd=nan  lr=6.86e-06
  step  10300/12000  recon=0.1270  pr=0.3706  sid=0.3921  grl=2.8417  grl_p=3.5077  L/P/U=3072/1024/1024  actL/P/U=160/64/32  H=nan  Hu=nan  spec<.5=nan  marg=nan  lstd=nan  lr=6.24e-06
  step  10400/12000  recon=0.1261  pr=0.3729  sid=0.2476  grl=3.8430  grl_p=3.4661  L/P/U=3072/1024/1024  actL/P/U=160/64/32  H=nan  Hu=nan  spec<.5=nan  marg=nan  lstd=nan  lr=5.65e-06
  [grad_norms @10500]
    recon             |g|=0.06071  ratio=1.000x recon
    pr_raw            |g|=0.65886  ratio=10.853x recon
    pr_weighted       |g|=0.52709  ratio=8.682x recon
    sid_raw           |g|=1.46853  ratio=24.189x recon
    sid_weighted      |g|=0.88112  ratio=14.514x recon
    grl               |g|=13.27047  ratio=218.589x recon
    grl_p             |g|=0.86303  ratio=14.216x recon
    route             |g|=0.00000  ratio=0.000x recon
  step  10500/12000  recon=0.1281  pr=0.3980  sid=0.2980  grl=3.0958  grl_p=3.4315  L/P/U=3072/1024/1024  actL/P/U=160/64/32  H=nan  Hu=nan  spec<.5=nan  marg=nan  lstd=nan  lr=5.10e-06
  step  10600/12000  recon=0.1271  pr=0.5291  sid=0.4139  grl=4.3625  grl_p=3.4399  L/P/U=3072/1024/1024  actL/P/U=160/64/32  H=nan  Hu=nan  spec<.5=nan  marg=nan  lstd=nan  lr=4.58e-06
  step  10700/12000  recon=0.1292  pr=0.4292  sid=0.1922  grl=2.8421  grl_p=3.4537  L/P/U=3072/1024/1024  actL/P/U=160/64/32  H=nan  Hu=nan  spec<.5=nan  marg=nan  lstd=nan  lr=4.09e-06
  step  10800/12000  recon=0.1265  pr=0.4349  sid=0.3292  grl=3.6929  grl_p=3.4632  L/P/U=3072/1024/1024  actL/P/U=160/64/32  H=nan  Hu=nan  spec<.5=nan  marg=nan  lstd=nan  lr=3.64e-06
  step  10900/12000  recon=0.1271  pr=0.5563  sid=0.3555  grl=4.2334  grl_p=3.4377  L/P/U=3072/1024/1024  actL/P/U=160/64/32  H=nan  Hu=nan  spec<.5=nan  marg=nan  lstd=nan  lr=3.22e-06
  [grad_norms @11000]
    recon             |g|=0.06148  ratio=1.000x recon
    pr_raw            |g|=0.47802  ratio=7.776x recon
    pr_weighted       |g|=0.38242  ratio=6.221x recon
    sid_raw           |g|=1.30847  ratio=21.284x recon
    sid_weighted      |g|=0.78508  ratio=12.771x recon
    grl               |g|=42.45095  ratio=690.531x recon
    grl_p             |g|=0.86203  ratio=14.022x recon
    route             |g|=0.00000  ratio=0.000x recon
  step  11000/12000  recon=0.1271  pr=0.4031  sid=0.3092  grl=2.7529  grl_p=3.4737  L/P/U=3072/1024/1024  actL/P/U=160/64/32  H=nan  Hu=nan  spec<.5=nan  marg=nan  lstd=nan  lr=2.84e-06
  [val] step=11000  recon=0.1229  pr=0.3832  PER=0.095  sid_acc=0.998
  ✓ best checkpoint (disent=0.0966  PER=0.095 sid=0.998) → /rds/user/bbg25/hpc-work/Thesis/Final-Proj/Disentanglement/checkpoints/fxblk_vib_b1e-4/stage2_best.pt
  step  11100/12000  recon=0.1269  pr=0.4652  sid=0.2315  grl=2.4049  grl_p=3.4554  L/P/U=3072/1024/1024  actL/P/U=160/64/32  H=nan  Hu=nan  spec<.5=nan  marg=nan  lstd=nan  lr=2.49e-06
  step  11200/12000  recon=0.1253  pr=0.4055  sid=0.4017  grl=3.0505  grl_p=3.4516  L/P/U=3072/1024/1024  actL/P/U=160/64/32  H=nan  Hu=nan  spec<.5=nan  marg=nan  lstd=nan  lr=2.18e-06
  step  11300/12000  recon=0.1261  pr=0.3627  sid=0.2504  grl=3.7214  grl_p=3.4405  L/P/U=3072/1024/1024  actL/P/U=160/64/32  H=nan  Hu=nan  spec<.5=nan  marg=nan  lstd=nan  lr=1.90e-06
  step  11400/12000  recon=0.1274  pr=0.4404  sid=0.4487  grl=2.5641  grl_p=3.4360  L/P/U=3072/1024/1024  actL/P/U=160/64/32  H=nan  Hu=nan  spec<.5=nan  marg=nan  lstd=nan  lr=1.66e-06
  [grad_norms @11500]
    recon             |g|=0.06441  ratio=1.000x recon
    pr_raw            |g|=0.53469  ratio=8.301x recon
    pr_weighted       |g|=0.42776  ratio=6.641x recon
    sid_raw           |g|=1.15424  ratio=17.919x recon
    sid_weighted      |g|=0.69254  ratio=10.752x recon
    grl               |g|=12.91064  ratio=200.434x recon
    grl_p             |g|=0.95671  ratio=14.853x recon
    route             |g|=0.00000  ratio=0.000x recon
  step  11500/12000  recon=0.1248  pr=0.3963  sid=0.2455  grl=3.3172  grl_p=3.4439  L/P/U=3072/1024/1024  actL/P/U=160/64/32  H=nan  Hu=nan  spec<.5=nan  marg=nan  lstd=nan  lr=1.46e-06
  step  11600/12000  recon=0.1257  pr=0.4024  sid=0.2206  grl=2.7928  grl_p=3.4483  L/P/U=3072/1024/1024  actL/P/U=160/64/32  H=nan  Hu=nan  spec<.5=nan  marg=nan  lstd=nan  lr=1.30e-06
  step  11700/12000  recon=0.1273  pr=0.3988  sid=0.1983  grl=2.4705  grl_p=3.4926  L/P/U=3072/1024/1024  actL/P/U=160/64/32  H=nan  Hu=nan  spec<.5=nan  marg=nan  lstd=nan  lr=1.17e-06
  step  11800/12000  recon=0.1276  pr=0.4527  sid=0.2653  grl=3.1362  grl_p=3.4525  L/P/U=3072/1024/1024  actL/P/U=160/64/32  H=nan  Hu=nan  spec<.5=nan  marg=nan  lstd=nan  lr=1.07e-06
  step  11900/12000  recon=0.1260  pr=0.4407  sid=0.2055  grl=3.0620  grl_p=3.4429  L/P/U=3072/1024/1024  actL/P/U=160/64/32  H=nan  Hu=nan  spec<.5=nan  marg=nan  lstd=nan  lr=1.02e-06
  [grad_norms @12000]
    recon             |g|=0.06161  ratio=1.000x recon
    pr_raw            |g|=0.58914  ratio=9.562x recon
    pr_weighted       |g|=0.47131  ratio=7.650x recon
    sid_raw           |g|=1.92435  ratio=31.234x recon
    sid_weighted      |g|=1.15461  ratio=18.740x recon
    grl               |g|=23.54064  ratio=382.082x recon
    grl_p             |g|=0.91178  ratio=14.799x recon
    route             |g|=0.00000  ratio=0.000x recon
  step  12000/12000  recon=0.1254  pr=0.3333  sid=0.4047  grl=3.4218  grl_p=3.4344  L/P/U=3072/1024/1024  actL/P/U=160/64/32  H=nan  Hu=nan  spec<.5=nan  marg=nan  lstd=nan  lr=1.00e-06
  [val] step=12000  recon=0.1228  pr=0.3828  PER=0.094  sid_acc=0.998
  ✓ best checkpoint (disent=0.0964  PER=0.094 sid=0.998) → /rds/user/bbg25/hpc-work/Thesis/Final-Proj/Disentanglement/checkpoints/fxblk_vib_b1e-4/stage2_best.pt

[stage 2] done.  Best disent_score=0.0964  → /rds/user/bbg25/hpc-work/Thesis/Final-Proj/Disentanglement/checkpoints/fxblk_vib_b1e-4/stage2_best.pt

[done]  best checkpoint → /rds/user/bbg25/hpc-work/Thesis/Final-Proj/Disentanglement/checkpoints/fxblk_vib_b1e-4/stage2_best.pt

----- probe -----
Mon Jun 15 03:23:37 BST 2026
[diag_probe] run=diag_probe_fxblk_vib_b1e-4  device=cuda
[diag_probe] seed=42
[diag_probe] stage1_ckpt=/rds/user/bbg25/hpc-work/Thesis/Final-Proj/Disentanglement/checkpoints/fxblk_vib_b1e-4/stage2_best.pt
[diag_probe] stage2_ckpt=/rds/user/bbg25/hpc-work/Thesis/Final-Proj/Disentanglement/checkpoints/fxblk_vib_b1e-4/stage2_best.pt
[diag_probe] sources=['z_t', 'z_L', 'z_P', 'z_U']  tasks=['pr', 'sid']
[diag_probe] probe_steps=4000  pr_lr=0.0005  sid_lr=0.001  warmup=0  val_every=250  patience=5
[pr_data] loaded LibriSpeech lexicon: 200,000 entries
[pr_data] loading train-clean-100 …
[pr_data] loading dev-clean …
[pr_data] loading test-clean …
[pr_data]  train=28539  val=2703  test=2620  vocab_size=74
[dis_data] loaded lexicon: 200,000 entries
[dis_data] loading train-clean-100 …
[dis_data]  251 speakers
[dis_data]  train=27539  val=500  test=500  vocab=74  speakers=251
[train] WARNING: unexpected missing SAE keys: ['vib_logvar', 'block_idx', 'block_m_L', 'block_m_P', 'block_m_U']
[train] loaded 3 SAE tensors from /rds/user/bbg25/hpc-work/Thesis/Final-Proj/Disentanglement/checkpoints/fxblk_vib_b1e-4/stage2_best.pt  (step=12000  val=0.0964)
[diag_probe] loaded stage2 weights from /rds/user/bbg25/hpc-work/Thesis/Final-Proj/Disentanglement/checkpoints/fxblk_vib_b1e-4/stage2_best.pt

[diag_probe] speakers=251  pr_vocab=74  D=1280  K=5120
[diag_probe] PR: SUPERB 74-phone — train-clean-100 → val=dev-clean, test=test-clean
[diag_probe] SID: closed-set utterance split (val/test held out); probe arch=stats
[diag_probe] reported metric = TEST (val shown in parentheses)

  training probe: z_t -> PR ...
[pr_data] g2p_en loaded for OOV words
      [pr z_t] step 250/4000  dev PER=0.100  (best 0.100, bad 0/5)
      [pr z_t] step 500/4000  dev PER=0.086  (best 0.086, bad 0/5)
      [pr z_t] step 750/4000  dev PER=0.082  (best 0.082, bad 0/5)
      [pr z_t] step 1000/4000  dev PER=0.073  (best 0.073, bad 0/5)
      [pr z_t] step 1250/4000  dev PER=0.078  (best 0.073, bad 1/5)
      [pr z_t] step 1500/4000  dev PER=0.068  (best 0.068, bad 0/5)
      [pr z_t] step 1750/4000  dev PER=0.067  (best 0.067, bad 0/5)
      [pr z_t] step 2000/4000  dev PER=0.066  (best 0.066, bad 0/5)
      [pr z_t] step 2250/4000  dev PER=0.067  (best 0.066, bad 1/5)
      [pr z_t] step 2500/4000  dev PER=0.064  (best 0.064, bad 0/5)
      [pr z_t] step 2750/4000  dev PER=0.066  (best 0.064, bad 1/5)
      [pr z_t] step 3000/4000  dev PER=0.064  (best 0.064, bad 2/5)
      [pr z_t] step 3250/4000  dev PER=0.062  (best 0.062, bad 0/5)
      [pr z_t] step 3500/4000  dev PER=0.063  (best 0.062, bad 1/5)
      [pr z_t] step 3750/4000  dev PER=0.061  (best 0.061, bad 0/5)
      [pr z_t] step 4000/4000  dev PER=0.062  (best 0.061, bad 1/5)
    z_t -> PR               PER test=0.064  (val 0.061)
  training probe: z_t -> SID ...
[dis_data] g2p_en loaded for OOV words
      [sid z_t] step 250/4000  dev acc=0.380  (best 0.380, bad 0/5)
      [sid z_t] step 500/4000  dev acc=0.796  (best 0.796, bad 0/5)
      [sid z_t] step 750/4000  dev acc=0.918  (best 0.918, bad 0/5)
      [sid z_t] step 1000/4000  dev acc=0.938  (best 0.938, bad 0/5)
      [sid z_t] step 1250/4000  dev acc=0.968  (best 0.968, bad 0/5)
      [sid z_t] step 1500/4000  dev acc=0.976  (best 0.976, bad 0/5)
      [sid z_t] step 1750/4000  dev acc=0.986  (best 0.986, bad 0/5)
      [sid z_t] step 2000/4000  dev acc=0.984  (best 0.986, bad 1/5)
      [sid z_t] step 2250/4000  dev acc=0.996  (best 0.996, bad 0/5)
      [sid z_t] step 2500/4000  dev acc=1.000  (best 1.000, bad 0/5)
      [sid z_t] step 2750/4000  dev acc=0.998  (best 1.000, bad 1/5)
      [sid z_t] step 3000/4000  dev acc=0.996  (best 1.000, bad 2/5)
      [sid z_t] step 3250/4000  dev acc=1.000  (best 1.000, bad 3/5)
      [sid z_t] step 3500/4000  dev acc=0.996  (best 1.000, bad 4/5)
      [sid z_t] step 3750/4000  dev acc=1.000  (best 1.000, bad 5/5)
    z_t -> SID              acc test=0.998  (val 1.000)
  training probe: z_L -> PR ...
      [pr z_L] step 250/4000  dev PER=0.100  (best 0.100, bad 0/5)
      [pr z_L] step 500/4000  dev PER=0.083  (best 0.083, bad 0/5)
      [pr z_L] step 750/4000  dev PER=0.083  (best 0.083, bad 1/5)
      [pr z_L] step 1000/4000  dev PER=0.084  (best 0.083, bad 2/5)
      [pr z_L] step 1250/4000  dev PER=0.081  (best 0.081, bad 0/5)
      [pr z_L] step 1500/4000  dev PER=0.075  (best 0.075, bad 0/5)
      [pr z_L] step 1750/4000  dev PER=0.070  (best 0.070, bad 0/5)
      [pr z_L] step 2000/4000  dev PER=0.074  (best 0.070, bad 1/5)
      [pr z_L] step 2250/4000  dev PER=0.072  (best 0.070, bad 2/5)
      [pr z_L] step 2500/4000  dev PER=0.074  (best 0.070, bad 3/5)
      [pr z_L] step 2750/4000  dev PER=0.070  (best 0.070, bad 0/5)
      [pr z_L] step 3000/4000  dev PER=0.072  (best 0.070, bad 1/5)
      [pr z_L] step 3250/4000  dev PER=0.073  (best 0.070, bad 2/5)
      [pr z_L] step 3500/4000  dev PER=0.073  (best 0.070, bad 3/5)
      [pr z_L] step 3750/4000  dev PER=0.070  (best 0.070, bad 0/5)
      [pr z_L] step 4000/4000  dev PER=0.070  (best 0.070, bad 1/5)
    z_L -> PR               PER test=0.074  (val 0.070)
  training probe: z_L -> SID ...
      [sid z_L] step 250/4000  dev acc=0.018  (best 0.018, bad 0/5)
      [sid z_L] step 500/4000  dev acc=0.092  (best 0.092, bad 0/5)
      [sid z_L] step 750/4000  dev acc=0.182  (best 0.182, bad 0/5)
      [sid z_L] step 1000/4000  dev acc=0.332  (best 0.332, bad 0/5)
      [sid z_L] step 1250/4000  dev acc=0.392  (best 0.392, bad 0/5)
      [sid z_L] step 1500/4000  dev acc=0.472  (best 0.472, bad 0/5)
      [sid z_L] step 1750/4000  dev acc=0.600  (best 0.600, bad 0/5)
      [sid z_L] step 2000/4000  dev acc=0.666  (best 0.666, bad 0/5)
      [sid z_L] step 2250/4000  dev acc=0.688  (best 0.688, bad 0/5)
      [sid z_L] step 2500/4000  dev acc=0.696  (best 0.696, bad 0/5)
      [sid z_L] step 2750/4000  dev acc=0.770  (best 0.770, bad 0/5)
      [sid z_L] step 3000/4000  dev acc=0.812  (best 0.812, bad 0/5)
      [sid z_L] step 3250/4000  dev acc=0.832  (best 0.832, bad 0/5)
      [sid z_L] step 3500/4000  dev acc=0.856  (best 0.856, bad 0/5)
      [sid z_L] step 3750/4000  dev acc=0.878  (best 0.878, bad 0/5)
      [sid z_L] step 4000/4000  dev acc=0.878  (best 0.878, bad 1/5)
    z_L -> SID              acc test=0.892  (val 0.878)
  training probe: z_P -> PR ...
      [pr z_P] step 250/4000  dev PER=1.000  (best 1.000, bad 0/5)
      [pr z_P] step 500/4000  dev PER=1.000  (best 1.000, bad 1/5)
      [pr z_P] step 750/4000  dev PER=1.000  (best 1.000, bad 0/5)
      [pr z_P] step 1000/4000  dev PER=1.000  (best 1.000, bad 0/5)
      [pr z_P] step 1250/4000  dev PER=0.999  (best 0.999, bad 0/5)
      [pr z_P] step 1500/4000  dev PER=0.997  (best 0.997, bad 0/5)
      [pr z_P] step 1750/4000  dev PER=0.996  (best 0.996, bad 0/5)
      [pr z_P] step 2000/4000  dev PER=0.995  (best 0.995, bad 0/5)
      [pr z_P] step 2250/4000  dev PER=0.992  (best 0.992, bad 0/5)
      [pr z_P] step 2500/4000  dev PER=0.991  (best 0.991, bad 0/5)
      [pr z_P] step 2750/4000  dev PER=0.989  (best 0.989, bad 0/5)
      [pr z_P] step 3000/4000  dev PER=0.988  (best 0.988, bad 0/5)
      [pr z_P] step 3250/4000  dev PER=0.989  (best 0.988, bad 1/5)
      [pr z_P] step 3500/4000  dev PER=0.988  (best 0.988, bad 0/5)
      [pr z_P] step 3750/4000  dev PER=0.987  (best 0.987, bad 0/5)
      [pr z_P] step 4000/4000  dev PER=0.987  (best 0.987, bad 1/5)
    z_P -> PR               PER test=0.986  (val 0.987)
  training probe: z_P -> SID ...
      [sid z_P] step 250/4000  dev acc=0.776  (best 0.776, bad 0/5)
      [sid z_P] step 500/4000  dev acc=0.902  (best 0.902, bad 0/5)
      [sid z_P] step 750/4000  dev acc=0.960  (best 0.960, bad 0/5)
      [sid z_P] step 1000/4000  dev acc=0.976  (best 0.976, bad 0/5)
      [sid z_P] step 1250/4000  dev acc=0.978  (best 0.978, bad 0/5)
      [sid z_P] step 1500/4000  dev acc=0.986  (best 0.986, bad 0/5)
      [sid z_P] step 1750/4000  dev acc=0.996  (best 0.996, bad 0/5)
      [sid z_P] step 2000/4000  dev acc=0.996  (best 0.996, bad 1/5)
      [sid z_P] step 2250/4000  dev acc=0.998  (best 0.998, bad 0/5)
      [sid z_P] step 2500/4000  dev acc=0.998  (best 0.998, bad 1/5)
      [sid z_P] step 2750/4000  dev acc=1.000  (best 1.000, bad 0/5)
      [sid z_P] step 3000/4000  dev acc=0.998  (best 1.000, bad 1/5)
      [sid z_P] step 3250/4000  dev acc=0.998  (best 1.000, bad 2/5)
      [sid z_P] step 3500/4000  dev acc=0.998  (best 1.000, bad 3/5)
      [sid z_P] step 3750/4000  dev acc=0.998  (best 1.000, bad 4/5)
      [sid z_P] step 4000/4000  dev acc=1.000  (best 1.000, bad 5/5)
    z_P -> SID              acc test=1.000  (val 1.000)
  training probe: z_U -> PR ...
      [pr z_U] step 250/4000  dev PER=0.244  (best 0.244, bad 0/5)
      [pr z_U] step 500/4000  dev PER=0.238  (best 0.238, bad 0/5)
      [pr z_U] step 750/4000  dev PER=0.227  (best 0.227, bad 0/5)
      [pr z_U] step 1000/4000  dev PER=0.223  (best 0.223, bad 0/5)
      [pr z_U] step 1250/4000  dev PER=0.226  (best 0.223, bad 1/5)
      [pr z_U] step 1500/4000  dev PER=0.224  (best 0.223, bad 2/5)
      [pr z_U] step 1750/4000  dev PER=0.222  (best 0.222, bad 0/5)
      [pr z_U] step 2000/4000  dev PER=0.219  (best 0.219, bad 0/5)
      [pr z_U] step 2250/4000  dev PER=0.216  (best 0.216, bad 0/5)
      [pr z_U] step 2500/4000  dev PER=0.223  (best 0.216, bad 1/5)
      [pr z_U] step 2750/4000  dev PER=0.218  (best 0.216, bad 2/5)
      [pr z_U] step 3000/4000  dev PER=0.220  (best 0.216, bad 3/5)
      [pr z_U] step 3250/4000  dev PER=0.218  (best 0.216, bad 4/5)
      [pr z_U] step 3500/4000  dev PER=0.212  (best 0.212, bad 0/5)
      [pr z_U] step 3750/4000  dev PER=0.216  (best 0.212, bad 1/5)
      [pr z_U] step 4000/4000  dev PER=0.215  (best 0.212, bad 2/5)
    z_U -> PR               PER test=0.214  (val 0.212)
  training probe: z_U -> SID ...
      [sid z_U] step 250/4000  dev acc=0.222  (best 0.222, bad 0/5)
      [sid z_U] step 500/4000  dev acc=0.548  (best 0.548, bad 0/5)
      [sid z_U] step 750/4000  dev acc=0.720  (best 0.720, bad 0/5)
      [sid z_U] step 1000/4000  dev acc=0.864  (best 0.864, bad 0/5)
      [sid z_U] step 1250/4000  dev acc=0.924  (best 0.924, bad 0/5)
      [sid z_U] step 1500/4000  dev acc=0.918  (best 0.924, bad 1/5)
      [sid z_U] step 1750/4000  dev acc=0.960  (best 0.960, bad 0/5)
      [sid z_U] step 2000/4000  dev acc=0.954  (best 0.960, bad 1/5)
      [sid z_U] step 2250/4000  dev acc=0.964  (best 0.964, bad 0/5)
      [sid z_U] step 2500/4000  dev acc=0.966  (best 0.966, bad 0/5)
      [sid z_U] step 2750/4000  dev acc=0.974  (best 0.974, bad 0/5)
      [sid z_U] step 3000/4000  dev acc=0.984  (best 0.984, bad 0/5)
      [sid z_U] step 3250/4000  dev acc=0.982  (best 0.984, bad 1/5)
      [sid z_U] step 3500/4000  dev acc=0.982  (best 0.984, bad 2/5)
      [sid z_U] step 3750/4000  dev acc=0.980  (best 0.984, bad 3/5)
      [sid z_U] step 4000/4000  dev acc=0.984  (best 0.984, bad 4/5)
    z_U -> SID              acc test=0.980  (val 0.984)

==================================================================
  DIAGNOSTIC PROBE RESULTS - diag_probe_fxblk_vib_b1e-4
==================================================================
  Source       PR (PER↓)    SID (acc↑)
  --------  ------------  ------------
  z_t              0.064         0.998
  z_L              0.074         0.892
  z_P              0.986         1.000
  z_U              0.214         0.980
==================================================================


Finished 0: Mon Jun 15 06:12:44 BST 2026
