=== Stage 2: K10240_t128 ===
Job ID     : 29981421
Node       : gpu-q-18
GPU        : NVIDIA A100-SXM4-80GB
Started    : Wed Jun  3 05:42:36 BST 2026
α=0.02  β=0.01  grl=0.01  ρ=0.001  grl_delay=0
=== Disentanglement  stage=2
=== device=cuda  bf16=True
=== K=10240  topk=128  D=1280
=== steps=8000  α=0.02  β=0.01  grl=0.01  ρ=0.001
[dis_data] loaded lexicon: 200,000 entries
[dis_data] loading train-clean-100 …
[dis_data]  251 speakers
[dis_data]  train=28039  val=500  vocab=41  speakers=251
[train] WARNING: unexpected missing SAE keys: ['pr_grl_head.fc.weight', 'pr_grl_head.fc.bias']
[train] loaded 3 SAE tensors from /rds/user/bbg25/hpc-work/Thesis/Final-Proj/Disentanglement/checkpoints/K10240_t128/stage1_best.pt  (step=6000  val=0.0054)
[stage 2] frozen=596,973,362  trainable=32,332,616  device=cuda
[stage 2] speakers=251  vocab=41
[stage 2] α=0.02  β=0.01  grl=0.01  ρ=0.001
[stage 2] steps=8000  batch=16
[dis_data] g2p_en loaded for OOV words
  step      1/8000  recon=0.0104  pr=16.3237  sid=5.5293  grl=5.5234  L/P/U=10240/0/0  actL/P/U=128/0/0  H=0.693  lr=6.00e-08
  step    100/8000  recon=0.0100  pr=15.2752  sid=5.5430  grl=5.5176  L/P/U=6532/3708/0  actL/P/U=83/45/0  H=0.693  lr=6.00e-06
  step    200/8000  recon=0.0087  pr=12.8304  sid=5.5156  grl=5.5156  L/P/U=7775/2465/0  actL/P/U=100/28/0  H=0.693  lr=1.20e-05
  step    300/8000  recon=0.0075  pr=8.3494  sid=5.5000  grl=5.4590  L/P/U=9641/599/0  actL/P/U=123/5/0  H=0.693  lr=1.80e-05
  step    400/8000  recon=0.0069  pr=4.6870  sid=5.5098  grl=5.4219  L/P/U=10237/3/0  actL/P/U=128/0/0  H=0.693  lr=2.40e-05
  [grad_norms @500]
    recon             |g|=0.00244  ratio=1.000x recon
    pr_raw            |g|=20.14363  ratio=8247.211x recon
    pr_weighted       |g|=0.40287  ratio=164.944x recon
    sid_raw           |g|=0.29306  ratio=119.985x recon
    sid_weighted      |g|=0.00293  ratio=1.200x recon
    grl               |g|=0.00139  ratio=0.567x recon
    grl_p             |g|=0.00000  ratio=0.000x recon
    route             |g|=0.00000  ratio=0.000x recon
  step    500/8000  recon=0.0067  pr=3.0457  sid=5.4238  grl=5.3770  L/P/U=10240/0/0  actL/P/U=128/0/0  H=0.693  lr=3.00e-05
  step    600/8000  recon=0.0066  pr=2.2122  sid=5.4316  grl=5.3535  L/P/U=10240/0/0  actL/P/U=128/0/0  H=0.693  lr=3.00e-05
  step    700/8000  recon=0.0068  pr=1.8557  sid=5.3145  grl=5.2070  L/P/U=10240/0/0  actL/P/U=128/0/0  H=0.693  lr=2.99e-05
  step    800/8000  recon=0.0068  pr=1.4209  sid=5.3184  grl=5.2012  L/P/U=10240/0/0  actL/P/U=128/0/0  H=0.693  lr=2.99e-05
  step    900/8000  recon=0.0067  pr=1.2476  sid=5.2598  grl=5.1367  L/P/U=10240/0/0  actL/P/U=128/0/0  H=0.693  lr=2.98e-05
  [grad_norms @1000]
    recon             |g|=0.00277  ratio=1.000x recon
    pr_raw            |g|=6.25949  ratio=2258.887x recon
    pr_weighted       |g|=0.12519  ratio=45.178x recon
    sid_raw           |g|=1.36377  ratio=492.149x recon
    sid_weighted      |g|=0.01364  ratio=4.921x recon
    grl               |g|=0.00782  ratio=2.821x recon
    grl_p             |g|=0.00000  ratio=0.000x recon
    route             |g|=0.00000  ratio=0.000x recon
  step   1000/8000  recon=0.0067  pr=1.0810  sid=5.1406  grl=5.0918  L/P/U=10239/1/0  actL/P/U=128/0/0  H=0.693  lr=2.97e-05
  [val] step=1000  recon=0.0211  pr=1.2744  PER=0.518  sid_acc=0.002
  ✓ best checkpoint (val_recon=0.0211) → /rds/user/bbg25/hpc-work/Thesis/Final-Proj/Disentanglement/checkpoints/K10240_t128/stage2_best.pt
  step   1100/8000  recon=0.0070  pr=1.0733  sid=5.0195  grl=5.0000  L/P/U=10237/3/0  actL/P/U=128/0/0  H=0.693  lr=2.95e-05
  step   1200/8000  recon=0.0069  pr=0.8818  sid=4.8301  grl=4.8906  L/P/U=10231/9/0  actL/P/U=128/0/0  H=0.693  lr=2.94e-05
  step   1300/8000  recon=0.0070  pr=0.7963  sid=4.8906  grl=4.8945  L/P/U=10223/17/0  actL/P/U=128/0/0  H=0.693  lr=2.92e-05
  step   1400/8000  recon=0.0070  pr=0.7597  sid=4.5820  grl=4.7207  L/P/U=10206/34/0  actL/P/U=128/0/0  H=0.693  lr=2.90e-05
  [grad_norms @1500]
    recon             |g|=0.00364  ratio=1.000x recon
    pr_raw            |g|=0.42795  ratio=117.556x recon
    pr_weighted       |g|=0.00856  ratio=2.351x recon
    sid_raw           |g|=2.55636  ratio=702.220x recon
    sid_weighted      |g|=0.02556  ratio=7.022x recon
    grl               |g|=0.01137  ratio=3.124x recon
    grl_p             |g|=0.00000  ratio=0.000x recon
    route             |g|=0.00000  ratio=0.000x recon
  step   1500/8000  recon=0.0070  pr=0.7868  sid=4.2373  grl=4.5938  L/P/U=10179/61/0  actL/P/U=127/1/0  H=0.693  lr=2.87e-05
  step   1600/8000  recon=0.0070  pr=0.6913  sid=4.4961  grl=4.7441  L/P/U=10117/123/0  actL/P/U=127/1/0  H=0.693  lr=2.85e-05
  step   1700/8000  recon=0.0071  pr=0.6560  sid=4.0635  grl=4.5488  L/P/U=10023/217/0  actL/P/U=126/2/0  H=0.693  lr=2.82e-05
  step   1800/8000  recon=0.0069  pr=0.5845  sid=3.7344  grl=4.4092  L/P/U=9919/321/0  actL/P/U=124/4/0  H=0.693  lr=2.79e-05
  step   1900/8000  recon=0.0071  pr=0.6081  sid=3.8291  grl=4.4023  L/P/U=9770/470/0  actL/P/U=122/6/0  H=0.693  lr=2.76e-05
  [grad_norms @2000]
    recon             |g|=0.00314  ratio=1.000x recon
    pr_raw            |g|=0.96362  ratio=307.343x recon
    pr_weighted       |g|=0.01927  ratio=6.147x recon
    sid_raw           |g|=4.09433  ratio=1305.867x recon
    sid_weighted      |g|=0.04094  ratio=13.059x recon
    grl               |g|=0.02468  ratio=7.872x recon
    grl_p             |g|=0.00000  ratio=0.000x recon
    route             |g|=0.00000  ratio=0.000x recon
  step   2000/8000  recon=0.0071  pr=0.5842  sid=3.7236  grl=4.3887  L/P/U=9591/649/0  actL/P/U=119/9/0  H=0.693  lr=2.72e-05
  [val] step=2000  recon=0.0175  pr=0.6003  PER=0.175  sid_acc=0.096
  ✓ best checkpoint (val_recon=0.0175) → /rds/user/bbg25/hpc-work/Thesis/Final-Proj/Disentanglement/checkpoints/K10240_t128/stage2_best.pt
  step   2100/8000  recon=0.0069  pr=0.5084  sid=3.2690  grl=4.2432  L/P/U=9360/880/0  actL/P/U=115/13/0  H=0.693  lr=2.69e-05
  step   2200/8000  recon=0.0072  pr=0.5431  sid=2.9390  grl=4.0771  L/P/U=9146/1094/0  actL/P/U=114/14/0  H=0.693  lr=2.65e-05
  step   2300/8000  recon=0.0072  pr=0.4730  sid=3.3638  grl=4.2314  L/P/U=8910/1330/0  actL/P/U=111/17/0  H=0.693  lr=2.61e-05
  step   2400/8000  recon=0.0071  pr=0.4968  sid=3.3320  grl=4.1631  L/P/U=8683/1557/0  actL/P/U=104/24/0  H=0.693  lr=2.56e-05
  [grad_norms @2500]
    recon             |g|=0.00332  ratio=1.000x recon
    pr_raw            |g|=0.35844  ratio=107.967x recon
    pr_weighted       |g|=0.00717  ratio=2.159x recon
    sid_raw           |g|=9.27999  ratio=2795.245x recon
    sid_weighted      |g|=0.09280  ratio=27.952x recon
    grl               |g|=0.03208  ratio=9.664x recon
    grl_p             |g|=0.00000  ratio=0.000x recon
    route             |g|=0.00000  ratio=0.000x recon
  step   2500/8000  recon=0.0073  pr=0.4750  sid=3.1807  grl=4.1689  L/P/U=8494/1746/0  actL/P/U=108/20/0  H=0.693  lr=2.52e-05
  step   2600/8000  recon=0.0073  pr=0.4687  sid=2.4653  grl=3.9053  L/P/U=8316/1924/0  actL/P/U=103/25/0  H=0.693  lr=2.47e-05
  step   2700/8000  recon=0.0073  pr=0.4209  sid=2.5605  grl=3.7109  L/P/U=8144/2096/0  actL/P/U=97/31/0  H=0.693  lr=2.43e-05
  step   2800/8000  recon=0.0073  pr=0.4438  sid=2.5176  grl=3.8193  L/P/U=7955/2285/0  actL/P/U=99/29/0  H=0.693  lr=2.38e-05
  step   2900/8000  recon=0.0073  pr=0.4603  sid=2.6340  grl=3.9033  L/P/U=7754/2486/0  actL/P/U=93/35/0  H=0.693  lr=2.33e-05
  [grad_norms @3000]
    recon             |g|=0.00292  ratio=1.000x recon
    pr_raw            |g|=0.19665  ratio=67.444x recon
    pr_weighted       |g|=0.00393  ratio=1.349x recon
    sid_raw           |g|=4.83660  ratio=1658.777x recon
    sid_weighted      |g|=0.04837  ratio=16.588x recon
    grl               |g|=0.03128  ratio=10.727x recon
    grl_p             |g|=0.00000  ratio=0.000x recon
    route             |g|=0.00000  ratio=0.000x recon
  step   3000/8000  recon=0.0072  pr=0.3940  sid=2.6359  grl=3.8320  L/P/U=7608/2632/0  actL/P/U=93/35/0  H=0.693  lr=2.28e-05
  [val] step=3000  recon=0.0153  pr=1.8558  PER=0.110  sid_acc=0.246
  ✓ best checkpoint (val_recon=0.0153) → /rds/user/bbg25/hpc-work/Thesis/Final-Proj/Disentanglement/checkpoints/K10240_t128/stage2_best.pt
  step   3100/8000  recon=0.0072  pr=0.4043  sid=2.1909  grl=3.6621  L/P/U=7435/2805/0  actL/P/U=91/37/0  H=0.693  lr=2.22e-05
  step   3200/8000  recon=0.0073  pr=0.4491  sid=2.1938  grl=3.6895  L/P/U=7284/2956/0  actL/P/U=88/40/0  H=0.693  lr=2.17e-05
  step   3300/8000  recon=0.0073  pr=0.4139  sid=2.4114  grl=3.7666  L/P/U=7123/3117/0  actL/P/U=86/42/0  H=0.693  lr=2.11e-05
  step   3400/8000  recon=0.0074  pr=0.4184  sid=1.5355  grl=3.4014  L/P/U=6953/3287/0  actL/P/U=84/44/0  H=0.693  lr=2.06e-05
  [grad_norms @3500]
    recon             |g|=0.00331  ratio=1.000x recon
    pr_raw            |g|=1.30478  ratio=393.648x recon
    pr_weighted       |g|=0.02610  ratio=7.873x recon
    sid_raw           |g|=6.35006  ratio=1915.794x recon
    sid_weighted      |g|=0.06350  ratio=19.158x recon
    grl               |g|=0.03346  ratio=10.094x recon
    grl_p             |g|=0.00000  ratio=0.000x recon
    route             |g|=0.00000  ratio=0.000x recon
  step   3500/8000  recon=0.0076  pr=0.4917  sid=1.9036  grl=3.4863  L/P/U=6778/3462/0  actL/P/U=82/46/0  H=0.693  lr=2.00e-05
  step   3600/8000  recon=0.0075  pr=0.3919  sid=1.9535  grl=3.5117  L/P/U=6618/3622/0  actL/P/U=82/46/0  H=0.693  lr=1.94e-05
  step   3700/8000  recon=0.0076  pr=0.3902  sid=2.1328  grl=3.7109  L/P/U=6474/3766/0  actL/P/U=82/46/0  H=0.693  lr=1.88e-05
  step   3800/8000  recon=0.0076  pr=0.4184  sid=1.8853  grl=3.5801  L/P/U=6345/3895/0  actL/P/U=81/47/0  H=0.693  lr=1.82e-05
  step   3900/8000  recon=0.0077  pr=0.3633  sid=2.0105  grl=3.5762  L/P/U=6222/4018/0  actL/P/U=79/49/0  H=0.693  lr=1.76e-05
  [grad_norms @4000]
    recon             |g|=0.00340  ratio=1.000x recon
    pr_raw            |g|=1.21184  ratio=355.973x recon
    pr_weighted       |g|=0.02424  ratio=7.119x recon
    sid_raw           |g|=6.49292  ratio=1907.267x recon
    sid_weighted      |g|=0.06493  ratio=19.073x recon
    grl               |g|=0.03087  ratio=9.067x recon
    grl_p             |g|=0.00000  ratio=0.000x recon
    route             |g|=0.00000  ratio=0.000x recon
  step   4000/8000  recon=0.0075  pr=0.4219  sid=1.8057  grl=3.4990  L/P/U=6099/4141/0  actL/P/U=77/51/0  H=0.693  lr=1.70e-05
  [val] step=4000  recon=0.0133  pr=2.8036  PER=0.218  sid_acc=0.496
  ✓ best checkpoint (val_recon=0.0133) → /rds/user/bbg25/hpc-work/Thesis/Final-Proj/Disentanglement/checkpoints/K10240_t128/stage2_best.pt
  step   4100/8000  recon=0.0075  pr=0.3895  sid=1.4316  grl=3.2031  L/P/U=5984/4256/0  actL/P/U=71/57/0  H=0.693  lr=1.64e-05
  step   4200/8000  recon=0.0076  pr=0.3659  sid=1.1603  grl=2.9751  L/P/U=5866/4374/0  actL/P/U=72/56/0  H=0.693  lr=1.58e-05
  step   4300/8000  recon=0.0077  pr=0.3481  sid=1.2097  grl=3.0908  L/P/U=5753/4487/0  actL/P/U=71/57/0  H=0.693  lr=1.52e-05
  step   4400/8000  recon=0.0076  pr=0.4032  sid=1.9000  grl=3.4160  L/P/U=5657/4583/0  actL/P/U=71/57/0  H=0.693  lr=1.46e-05
  [grad_norms @4500]
    recon             |g|=0.00319  ratio=1.000x recon
    pr_raw            |g|=0.95193  ratio=298.622x recon
    pr_weighted       |g|=0.01904  ratio=5.972x recon
    sid_raw           |g|=10.63360  ratio=3335.778x recon
    sid_weighted      |g|=0.10634  ratio=33.358x recon
    grl               |g|=0.05177  ratio=16.242x recon
    grl_p             |g|=0.00000  ratio=0.000x recon
    route             |g|=0.00000  ratio=0.000x recon
  step   4500/8000  recon=0.0076  pr=0.3541  sid=1.4020  grl=3.2783  L/P/U=5567/4673/0  actL/P/U=70/58/0  H=0.693  lr=1.40e-05
  step   4600/8000  recon=0.0076  pr=0.3701  sid=1.4370  grl=3.1753  L/P/U=5506/4734/0  actL/P/U=66/62/0  H=0.693  lr=1.34e-05
  step   4700/8000  recon=0.0075  pr=0.3389  sid=1.6449  grl=3.1953  L/P/U=5432/4808/0  actL/P/U=68/60/0  H=0.693  lr=1.28e-05
  step   4800/8000  recon=0.0077  pr=0.3577  sid=1.3811  grl=3.2891  L/P/U=5362/4878/0  actL/P/U=65/63/0  H=0.693  lr=1.22e-05
  step   4900/8000  recon=0.0077  pr=0.3538  sid=1.2275  grl=3.0898  L/P/U=5308/4932/0  actL/P/U=67/61/0  H=0.693  lr=1.16e-05
  [grad_norms @5000]
    recon             |g|=0.00306  ratio=1.000x recon
    pr_raw            |g|=0.95939  ratio=313.707x recon
    pr_weighted       |g|=0.01919  ratio=6.274x recon
    sid_raw           |g|=6.72390  ratio=2198.628x recon
    sid_weighted      |g|=0.06724  ratio=21.986x recon
    grl               |g|=0.03892  ratio=12.726x recon
    grl_p             |g|=0.00000  ratio=0.000x recon
    route             |g|=0.00000  ratio=0.000x recon
  step   5000/8000  recon=0.0077  pr=0.4139  sid=1.4576  grl=3.1821  L/P/U=5258/4982/0  actL/P/U=65/63/0  H=0.693  lr=1.10e-05
  [val] step=5000  recon=0.0127  pr=3.1350  PER=0.316  sid_acc=0.628
  ✓ best checkpoint (val_recon=0.0127) → /rds/user/bbg25/hpc-work/Thesis/Final-Proj/Disentanglement/checkpoints/K10240_t128/stage2_best.pt
  step   5100/8000  recon=0.0077  pr=0.3741  sid=1.1494  grl=3.1201  L/P/U=5199/5041/0  actL/P/U=64/64/0  H=0.693  lr=1.04e-05
  step   5200/8000  recon=0.0077  pr=0.4040  sid=1.1330  grl=3.0347  L/P/U=5158/5082/0  actL/P/U=64/64/0  H=0.693  lr=9.88e-06
  step   5300/8000  recon=0.0077  pr=0.3756  sid=1.2508  grl=3.0322  L/P/U=5111/5129/0  actL/P/U=63/65/0  H=0.693  lr=9.33e-06
  step   5400/8000  recon=0.0076  pr=0.2845  sid=1.1293  grl=3.0015  L/P/U=5071/5169/0  actL/P/U=63/65/0  H=0.693  lr=8.78e-06
  [grad_norms @5500]
    recon             |g|=0.00356  ratio=1.000x recon
    pr_raw            |g|=1.10766  ratio=311.402x recon
    pr_weighted       |g|=0.02215  ratio=6.228x recon
    sid_raw           |g|=7.13074  ratio=2004.696x recon
    sid_weighted      |g|=0.07131  ratio=20.047x recon
    grl               |g|=0.04983  ratio=14.010x recon
    grl_p             |g|=0.00000  ratio=0.000x recon
    route             |g|=0.00000  ratio=0.000x recon
  step   5500/8000  recon=0.0077  pr=0.3609  sid=1.2480  grl=3.0410  L/P/U=5033/5207/0  actL/P/U=61/67/0  H=0.693  lr=8.25e-06
  step   5600/8000  recon=0.0078  pr=0.3552  sid=0.9095  grl=2.8081  L/P/U=4995/5245/0  actL/P/U=61/67/0  H=0.693  lr=7.73e-06
  step   5700/8000  recon=0.0076  pr=0.3025  sid=0.9578  grl=2.7622  L/P/U=4959/5281/0  actL/P/U=62/66/0  H=0.693  lr=7.22e-06
  step   5800/8000  recon=0.0077  pr=0.3702  sid=0.8267  grl=2.7454  L/P/U=4931/5309/0  actL/P/U=59/69/0  H=0.693  lr=6.73e-06
  step   5900/8000  recon=0.0078  pr=0.3507  sid=1.2554  grl=2.9399  L/P/U=4909/5331/0  actL/P/U=62/66/0  H=0.693  lr=6.26e-06
  [grad_norms @6000]
    recon             |g|=0.00311  ratio=1.000x recon
    pr_raw            |g|=0.32040  ratio=102.872x recon
    pr_weighted       |g|=0.00641  ratio=2.057x recon
    sid_raw           |g|=7.46710  ratio=2397.524x recon
    sid_weighted      |g|=0.07467  ratio=23.975x recon
    grl               |g|=0.04241  ratio=13.617x recon
    grl_p             |g|=0.00000  ratio=0.000x recon
    route             |g|=0.00000  ratio=0.000x recon
  step   6000/8000  recon=0.0079  pr=0.3312  sid=1.1538  grl=2.9414  L/P/U=4882/5358/0  actL/P/U=62/66/0  H=0.693  lr=5.80e-06
  [val] step=6000  recon=0.0126  pr=3.2393  PER=0.347  sid_acc=0.688
  ✓ best checkpoint (val_recon=0.0126) → /rds/user/bbg25/hpc-work/Thesis/Final-Proj/Disentanglement/checkpoints/K10240_t128/stage2_best.pt
  step   6100/8000  recon=0.0078  pr=0.4016  sid=1.3873  grl=3.0776  L/P/U=4850/5390/0  actL/P/U=60/68/0  H=0.693  lr=5.35e-06
  step   6200/8000  recon=0.0078  pr=0.2976  sid=1.1218  grl=2.8809  L/P/U=4825/5415/0  actL/P/U=60/68/0  H=0.693  lr=4.93e-06
  step   6300/8000  recon=0.0079  pr=0.3627  sid=1.1107  grl=3.0435  L/P/U=4806/5434/0  actL/P/U=59/69/0  H=0.693  lr=4.52e-06
  step   6400/8000  recon=0.0079  pr=0.3952  sid=1.1993  grl=3.0493  L/P/U=4785/5455/0  actL/P/U=59/69/0  H=0.693  lr=4.14e-06
  [grad_norms @6500]
    recon             |g|=0.00341  ratio=1.000x recon
    pr_raw            |g|=1.73628  ratio=508.575x recon
    pr_weighted       |g|=0.03473  ratio=10.171x recon
    sid_raw           |g|=8.95153  ratio=2621.990x recon
    sid_weighted      |g|=0.08952  ratio=26.220x recon
    grl               |g|=0.05208  ratio=15.254x recon
    grl_p             |g|=0.00000  ratio=0.000x recon
    route             |g|=0.00000  ratio=0.000x recon
  step   6500/8000  recon=0.0079  pr=0.5036  sid=1.0407  grl=2.7358  L/P/U=4773/5467/0  actL/P/U=59/69/0  H=0.693  lr=3.77e-06
  step   6600/8000  recon=0.0078  pr=0.3511  sid=1.1089  grl=2.9170  L/P/U=4763/5477/0  actL/P/U=56/72/0  H=0.693  lr=3.42e-06
  step   6700/8000  recon=0.0077  pr=0.2992  sid=1.0353  grl=2.8423  L/P/U=4747/5493/0  actL/P/U=58/70/0  H=0.693  lr=3.10e-06
  step   6800/8000  recon=0.0079  pr=0.4435  sid=1.0266  grl=2.7734  L/P/U=4735/5505/0  actL/P/U=58/70/0  H=0.693  lr=2.79e-06
  step   6900/8000  recon=0.0077  pr=0.3610  sid=1.2830  grl=2.9473  L/P/U=4728/5512/0  actL/P/U=59/69/0  H=0.693  lr=2.51e-06
  [grad_norms @7000]
    recon             |g|=0.00308  ratio=1.000x recon
    pr_raw            |g|=0.65359  ratio=211.941x recon
    pr_weighted       |g|=0.01307  ratio=4.239x recon
    sid_raw           |g|=8.53233  ratio=2766.793x recon
    sid_weighted      |g|=0.08532  ratio=27.668x recon
    grl               |g|=0.03564  ratio=11.557x recon
    grl_p             |g|=0.00000  ratio=0.000x recon
    route             |g|=0.00000  ratio=0.000x recon
  step   7000/8000  recon=0.0079  pr=0.3953  sid=1.3408  grl=3.0938  L/P/U=4719/5521/0  actL/P/U=59/69/0  H=0.693  lr=2.25e-06
  [val] step=7000  recon=0.0126  pr=3.2817  PER=0.352  sid_acc=0.714
  ✓ best checkpoint (val_recon=0.0126) → /rds/user/bbg25/hpc-work/Thesis/Final-Proj/Disentanglement/checkpoints/K10240_t128/stage2_best.pt
  step   7100/8000  recon=0.0077  pr=0.3977  sid=1.2695  grl=3.0664  L/P/U=4712/5528/0  actL/P/U=58/70/0  H=0.693  lr=2.02e-06
  step   7200/8000  recon=0.0079  pr=0.3402  sid=1.3054  grl=3.0254  L/P/U=4704/5536/0  actL/P/U=58/70/0  H=0.693  lr=1.81e-06
  step   7300/8000  recon=0.0078  pr=0.3269  sid=0.9887  grl=2.7603  L/P/U=4698/5542/0  actL/P/U=59/69/0  H=0.693  lr=1.62e-06
  step   7400/8000  recon=0.0080  pr=0.3635  sid=0.8558  grl=2.7905  L/P/U=4695/5545/0  actL/P/U=58/70/0  H=0.693  lr=1.46e-06
  [grad_norms @7500]
    recon             |g|=0.00315  ratio=1.000x recon
    pr_raw            |g|=1.56282  ratio=496.918x recon
    pr_weighted       |g|=0.03126  ratio=9.938x recon
    sid_raw           |g|=10.97727  ratio=3490.361x recon
    sid_weighted      |g|=0.10977  ratio=34.904x recon
    grl               |g|=0.04831  ratio=15.361x recon
    grl_p             |g|=0.00000  ratio=0.000x recon
    route             |g|=0.00000  ratio=0.000x recon
  step   7500/8000  recon=0.0079  pr=0.3661  sid=0.7597  grl=2.7705  L/P/U=4692/5548/0  actL/P/U=58/70/0  H=0.693  lr=1.32e-06
  step   7600/8000  recon=0.0079  pr=0.3193  sid=1.3412  grl=3.2363  L/P/U=4687/5553/0  actL/P/U=61/67/0  H=0.693  lr=1.20e-06
  step   7700/8000  recon=0.0079  pr=0.3021  sid=0.7461  grl=2.6313  L/P/U=4682/5558/0  actL/P/U=57/71/0  H=0.693  lr=1.11e-06
  step   7800/8000  recon=0.0081  pr=0.3642  sid=0.8708  grl=2.8628  L/P/U=4681/5559/0  actL/P/U=58/70/0  H=0.693  lr=1.05e-06
  step   7900/8000  recon=0.0078  pr=0.4323  sid=0.9454  grl=2.6548  L/P/U=4681/5559/0  actL/P/U=58/70/0  H=0.693  lr=1.01e-06
  [grad_norms @8000]
    recon             |g|=0.00351  ratio=1.000x recon
    pr_raw            |g|=0.89794  ratio=255.983x recon
    pr_weighted       |g|=0.01796  ratio=5.120x recon
    sid_raw           |g|=10.72400  ratio=3057.193x recon
    sid_weighted      |g|=0.10724  ratio=30.572x recon
    grl               |g|=0.05877  ratio=16.755x recon
    grl_p             |g|=0.00000  ratio=0.000x recon
    route             |g|=0.00000  ratio=0.000x recon
  step   8000/8000  recon=0.0081  pr=0.4103  sid=1.2639  grl=3.0884  L/P/U=4677/5563/0  actL/P/U=57/71/0  H=0.693  lr=1.00e-06
  [val] step=8000  recon=0.0126  pr=3.2881  PER=0.353  sid_acc=0.738
  ✓ best checkpoint (val_recon=0.0126) → /rds/user/bbg25/hpc-work/Thesis/Final-Proj/Disentanglement/checkpoints/K10240_t128/stage2_best.pt

[stage 2] done.  Best val_recon=0.0126  → /rds/user/bbg25/hpc-work/Thesis/Final-Proj/Disentanglement/checkpoints/K10240_t128/stage2_best.pt

[done]  best checkpoint → /rds/user/bbg25/hpc-work/Thesis/Final-Proj/Disentanglement/checkpoints/K10240_t128/stage2_best.pt
Finished : Wed Jun  3 06:31:11 BST 2026
