[diag_probe] run=diag_libri_advlearn_hardqfreeze4000_spkresetdelay4500_dann6800_gn00015_gp02_aux64_16k_s42_sid_linear_seed42  device=cuda
[diag_probe] seed=42
[diag_probe] stage1_ckpt=/scratch/bbg25/runs/libri_advlearn_hardqfreeze4000_spkresetdelay4500_dann6800_gn00015_gp02_aux64_16k_s42/checkpoints/stage2_step16000.pt
[diag_probe] stage2_ckpt=/scratch/bbg25/runs/libri_advlearn_hardqfreeze4000_spkresetdelay4500_dann6800_gn00015_gp02_aux64_16k_s42/checkpoints/stage2_step16000.pt
[diag_probe] sources=['z_t', 'z_L', 'z_P']  tasks=['sid']
[diag_probe] probe_steps=5000  pr_lr=0.0005  asr_lr=0.0005  sid_lr=0.001  pr_warmup=500  asr_warmup=500  other_warmup=0  val_every=250  patience=10
[diag_probe] PR task not requested — skipping PR dataloaders.
[diag_probe] ASR task not requested — skipping ASR dataloaders.
[dis_data] loaded lexicon: 200,000 entries
[dis_data] loading train-clean-100 …
[dis_data]  251 speakers
[dis_data]  train=27539  val=500  test=500  vocab=74  speakers=251
[diag_probe] topk confirmed: 256
[train] loaded 6 SAE tensors from /scratch/bbg25/runs/libri_advlearn_hardqfreeze4000_spkresetdelay4500_dann6800_gn00015_gp02_aux64_16k_s42/checkpoints/stage2_step16000.pt  (step=16000  val=0.1120)
[diag_probe] learned-route TopK loaded: quotas=[232, 24, 0]
[diag_probe] loaded stage2 weights from /scratch/bbg25/runs/libri_advlearn_hardqfreeze4000_spkresetdelay4500_dann6800_gn00015_gp02_aux64_16k_s42/checkpoints/stage2_step16000.pt

[diag_probe] speakers=251  pr_vocab=74  asr_vocab=n/a  D=1280  K=5120
[diag_probe] PR: skipped
[diag_probe] ASR: skipped
[diag_probe] SID: closed-set utterance split (val/test held out); probe arch=linear
[diag_probe] reported metric = TEST (val shown in parentheses)

  training probe: z_t -> SID ...
[dis_data] g2p_en loaded for OOV words
      [sid z_t] step 250/5000  train loss=8.301 acc=0.062  dev loss=8.312 acc=0.052  (best 0.052, bad 0/10)
      [sid z_t] step 500/5000  train loss=6.629 acc=0.062  dev loss=8.429 acc=0.034  (best 0.052, bad 1/10)
      [sid z_t] step 750/5000  train loss=3.628 acc=0.250  dev loss=4.415 acc=0.238  (best 0.238, bad 0/10)
      [sid z_t] step 1000/5000  train loss=3.304 acc=0.375  dev loss=3.544 acc=0.340  (best 0.340, bad 0/10)
      [sid z_t] step 1250/5000  train loss=1.591 acc=0.562  dev loss=2.642 acc=0.466  (best 0.466, bad 0/10)
      [sid z_t] step 1500/5000  train loss=1.609 acc=0.625  dev loss=1.865 acc=0.558  (best 0.558, bad 0/10)
      [sid z_t] step 1750/5000  train loss=1.719 acc=0.562  dev loss=1.196 acc=0.696  (best 0.696, bad 0/10)
      [sid z_t] step 2000/5000  train loss=1.234 acc=0.688  dev loss=1.190 acc=0.700  (best 0.700, bad 0/10)
      [sid z_t] step 2250/5000  train loss=1.016 acc=0.625  dev loss=0.598 acc=0.816  (best 0.816, bad 0/10)
      [sid z_t] step 2500/5000  train loss=0.326 acc=1.000  dev loss=0.517 acc=0.838  (best 0.838, bad 0/10)
      [sid z_t] step 2750/5000  train loss=0.523 acc=0.812  dev loss=0.423 acc=0.868  (best 0.868, bad 0/10)
      [sid z_t] step 3000/5000  train loss=0.292 acc=0.875  dev loss=0.260 acc=0.918  (best 0.918, bad 0/10)
      [sid z_t] step 3250/5000  train loss=0.521 acc=0.938  dev loss=0.276 acc=0.928  (best 0.928, bad 0/10)
      [sid z_t] step 3500/5000  train loss=0.110 acc=1.000  dev loss=0.134 acc=0.970  (best 0.970, bad 0/10)
      [sid z_t] step 3750/5000  train loss=0.176 acc=0.875  dev loss=0.099 acc=0.966  (best 0.970, bad 1/10)
      [sid z_t] step 4000/5000  train loss=0.021 acc=1.000  dev loss=0.080 acc=0.982  (best 0.982, bad 0/10)
      [sid z_t] step 4250/5000  train loss=0.013 acc=1.000  dev loss=0.033 acc=0.994  (best 0.994, bad 0/10)
      [sid z_t] step 4500/5000  train loss=0.002 acc=1.000  dev loss=0.014 acc=0.998  (best 0.998, bad 0/10)
      [sid z_t] step 4750/5000  train loss=0.001 acc=1.000  dev loss=0.015 acc=0.996  (best 0.998, bad 1/10)
      [sid z_t] step 5000/5000  train loss=0.001 acc=1.000  dev loss=0.008 acc=0.998  (best 0.998, bad 2/10)
    z_t -> SID              acc test=0.994  (val 0.998)
  training probe: z_L -> SID ...
      [sid z_L] step 250/5000  train loss=8.306 acc=0.000  dev loss=9.490 acc=0.004  (best 0.004, bad 0/10)
      [sid z_L] step 500/5000  train loss=9.799 acc=0.000  dev loss=9.577 acc=0.006  (best 0.006, bad 0/10)
      [sid z_L] step 750/5000  train loss=8.378 acc=0.000  dev loss=8.452 acc=0.000  (best 0.006, bad 1/10)
      [sid z_L] step 1000/5000  train loss=7.531 acc=0.000  dev loss=7.941 acc=0.002  (best 0.006, bad 2/10)
      [sid z_L] step 1250/5000  train loss=7.596 acc=0.000  dev loss=7.730 acc=0.004  (best 0.006, bad 3/10)
      [sid z_L] step 1500/5000  train loss=6.491 acc=0.000  dev loss=7.585 acc=0.000  (best 0.006, bad 4/10)
      [sid z_L] step 1750/5000  train loss=6.823 acc=0.000  dev loss=7.239 acc=0.002  (best 0.006, bad 5/10)
      [sid z_L] step 2000/5000  train loss=6.950 acc=0.000  dev loss=7.073 acc=0.006  (best 0.006, bad 6/10)
      [sid z_L] step 2250/5000  train loss=5.781 acc=0.000  dev loss=6.636 acc=0.000  (best 0.006, bad 7/10)
      [sid z_L] step 2500/5000  train loss=6.781 acc=0.000  dev loss=6.496 acc=0.002  (best 0.006, bad 8/10)
      [sid z_L] step 2750/5000  train loss=6.615 acc=0.000  dev loss=6.526 acc=0.006  (best 0.006, bad 9/10)
      [sid z_L] step 3000/5000  train loss=6.858 acc=0.000  dev loss=6.150 acc=0.002  (best 0.006, bad 10/10)
    z_L -> SID              acc test=0.002  (val 0.006)
  training probe: z_P -> SID ...
      [sid z_P] step 250/5000  train loss=1.848 acc=0.812  dev loss=1.853 acc=0.750  (best 0.750, bad 0/10)
      [sid z_P] step 500/5000  train loss=0.223 acc=1.000  dev loss=0.250 acc=0.978  (best 0.978, bad 0/10)
      [sid z_P] step 750/5000  train loss=0.055 acc=1.000  dev loss=0.060 acc=0.996  (best 0.996, bad 0/10)
      [sid z_P] step 1000/5000  train loss=0.011 acc=1.000  dev loss=0.031 acc=1.000  (best 1.000, bad 0/10)
      [sid z_P] step 1250/5000  train loss=0.013 acc=1.000  dev loss=0.025 acc=0.998  (best 1.000, bad 1/10)
      [sid z_P] step 1500/5000  train loss=0.009 acc=1.000  dev loss=0.018 acc=0.998  (best 1.000, bad 2/10)
      [sid z_P] step 1750/5000  train loss=0.009 acc=1.000  dev loss=0.025 acc=0.994  (best 1.000, bad 3/10)
      [sid z_P] step 2000/5000  train loss=0.003 acc=1.000  dev loss=0.016 acc=0.998  (best 1.000, bad 4/10)
      [sid z_P] step 2250/5000  train loss=0.001 acc=1.000  dev loss=0.009 acc=1.000  (best 1.000, bad 5/10)
      [sid z_P] step 2500/5000  train loss=0.003 acc=1.000  dev loss=0.008 acc=1.000  (best 1.000, bad 6/10)
      [sid z_P] step 2750/5000  train loss=0.002 acc=1.000  dev loss=0.006 acc=1.000  (best 1.000, bad 7/10)
      [sid z_P] step 3000/5000  train loss=0.003 acc=1.000  dev loss=0.006 acc=1.000  (best 1.000, bad 8/10)
      [sid z_P] step 3250/5000  train loss=0.003 acc=1.000  dev loss=0.005 acc=1.000  (best 1.000, bad 9/10)
      [sid z_P] step 3500/5000  train loss=0.001 acc=1.000  dev loss=0.004 acc=1.000  (best 1.000, bad 10/10)
    z_P -> SID              acc test=0.998  (val 1.000)

==================================================================
  DIAGNOSTIC PROBE RESULTS - diag_libri_advlearn_hardqfreeze4000_spkresetdelay4500_dann6800_gn00015_gp02_aux64_16k_s42_sid_linear_seed42
==================================================================
  Source       PR (PER↓)    SID (acc↑)
  --------  ------------  ------------
  z_t                nan         0.994
  z_L                nan         0.002
  z_P                nan         0.998
==================================================================

