[diag_probe] run=diag_libri_advlearn_hardqfreeze4000_spkresetdelay4500_dann6800_gn00015_gp02_aux64_16k_s42_z_L_pr_linear_seed42  device=cuda
[diag_probe] seed=42
[diag_probe] stage1_ckpt=/scratch/bbg25/runs/libri_advlearn_hardqfreeze4000_spkresetdelay4500_dann6800_gn00015_gp02_aux64_16k_s42/checkpoints/stage2_step16000.pt
[diag_probe] stage2_ckpt=/scratch/bbg25/runs/libri_advlearn_hardqfreeze4000_spkresetdelay4500_dann6800_gn00015_gp02_aux64_16k_s42/checkpoints/stage2_step16000.pt
[diag_probe] sources=['z_L']  tasks=['pr']
[diag_probe] probe_steps=5000  pr_lr=0.0005  asr_lr=0.0005  sid_lr=0.001  pr_warmup=500  asr_warmup=500  other_warmup=0  val_every=250  patience=10
[dis_data] loaded lexicon: 200,000 entries
[dis_data] loading PR train-clean-100 …
[dis_data] loading PR dev-clean …
[dis_data] loading PR test-clean …
[dis_data]  PR train=28539 val=2703 test=2620 vocab=74
[diag_probe] ASR task not requested — skipping ASR dataloaders.
[dis_data] loading train-clean-100 …
[dis_data]  251 speakers
[dis_data]  train=27539  val=500  test=500  vocab=74  speakers=251
[diag_probe] topk confirmed: 256
[train] loaded 6 SAE tensors from /scratch/bbg25/runs/libri_advlearn_hardqfreeze4000_spkresetdelay4500_dann6800_gn00015_gp02_aux64_16k_s42/checkpoints/stage2_step16000.pt  (step=16000  val=0.1120)
[diag_probe] learned-route TopK loaded: quotas=[232, 24, 0]
[diag_probe] loaded stage2 weights from /scratch/bbg25/runs/libri_advlearn_hardqfreeze4000_spkresetdelay4500_dann6800_gn00015_gp02_aux64_16k_s42/checkpoints/stage2_step16000.pt

[diag_probe] speakers=251  pr_vocab=74  asr_vocab=n/a  D=1280  K=5120
[diag_probe] PR: stage-2-matched 74-phone targets — train-clean-100 → val=dev-clean, test=test-clean
[diag_probe] ASR: skipped
[diag_probe] SID: closed-set utterance split (val/test held out); probe arch=linear
[diag_probe] reported metric = TEST (val shown in parentheses)

  training probe: z_L -> PR ...
[dis_data] g2p_en loaded for OOV words
      [pr z_L] step 250/5000  train loss=4.295  dev loss=3.977  dev PER=1.000  (best 1.000, bad 0/10)
      [pr z_L] step 500/5000  train loss=3.792  dev loss=3.198  dev PER=0.920  (best 0.920, bad 0/10)
      [pr z_L] step 750/5000  train loss=2.622  dev loss=2.173  dev PER=0.689  (best 0.689, bad 0/10)
      [pr z_L] step 1000/5000  train loss=1.456  dev loss=1.136  dev PER=0.352  (best 0.352, bad 0/10)
      [pr z_L] step 1250/5000  train loss=0.929  dev loss=0.802  dev PER=0.263  (best 0.263, bad 0/10)
      [pr z_L] step 1500/5000  train loss=0.710  dev loss=0.688  dev PER=0.173  (best 0.173, bad 0/10)
      [pr z_L] step 1750/5000  train loss=0.630  dev loss=0.635  dev PER=0.182  (best 0.173, bad 1/10)
      [pr z_L] step 2000/5000  train loss=0.569  dev loss=0.530  dev PER=0.122  (best 0.122, bad 0/10)
      [pr z_L] step 2250/5000  train loss=0.536  dev loss=0.526  dev PER=0.157  (best 0.122, bad 1/10)
      [pr z_L] step 2500/5000  train loss=0.507  dev loss=0.477  dev PER=0.122  (best 0.122, bad 2/10)
      [pr z_L] step 2750/5000  train loss=0.487  dev loss=0.462  dev PER=0.114  (best 0.114, bad 0/10)
      [pr z_L] step 3000/5000  train loss=0.482  dev loss=0.459  dev PER=0.123  (best 0.114, bad 1/10)
      [pr z_L] step 3250/5000  train loss=0.466  dev loss=0.435  dev PER=0.121  (best 0.114, bad 2/10)
      [pr z_L] step 3500/5000  train loss=0.449  dev loss=0.468  dev PER=0.122  (best 0.114, bad 3/10)
      [pr z_L] step 3750/5000  train loss=0.439  dev loss=0.437  dev PER=0.101  (best 0.101, bad 0/10)
      [pr z_L] step 4000/5000  train loss=0.422  dev loss=0.420  dev PER=0.102  (best 0.101, bad 1/10)
      [pr z_L] step 4250/5000  train loss=0.416  dev loss=0.408  dev PER=0.112  (best 0.101, bad 2/10)
      [pr z_L] step 4500/5000  train loss=0.406  dev loss=0.401  dev PER=0.103  (best 0.101, bad 3/10)
      [pr z_L] step 4750/5000  train loss=0.401  dev loss=0.387  dev PER=0.100  (best 0.100, bad 0/10)
      [pr z_L] step 5000/5000  train loss=0.390  dev loss=0.381  dev PER=0.098  (best 0.098, bad 0/10)
    z_L -> PR               PER test=0.101  (val 0.098)

==================================================================
  DIAGNOSTIC PROBE RESULTS - diag_libri_advlearn_hardqfreeze4000_spkresetdelay4500_dann6800_gn00015_gp02_aux64_16k_s42_z_L_pr_linear_seed42
==================================================================
  Source       PR (PER↓)    SID (acc↑)
  --------  ------------  ------------
  z_L              0.101           nan
==================================================================

