[diag_probe] run=diag_libri_advlearn_hardqfreeze4000_spkresetdelay4500_dann6800_gn00015_gp02_aux64_16k_s42_z_P_pr_linear_seed42  device=cuda
[diag_probe] seed=42
[diag_probe] stage1_ckpt=/scratch/bbg25/runs/libri_advlearn_hardqfreeze4000_spkresetdelay4500_dann6800_gn00015_gp02_aux64_16k_s42/checkpoints/stage2_step16000.pt
[diag_probe] stage2_ckpt=/scratch/bbg25/runs/libri_advlearn_hardqfreeze4000_spkresetdelay4500_dann6800_gn00015_gp02_aux64_16k_s42/checkpoints/stage2_step16000.pt
[diag_probe] sources=['z_P']  tasks=['pr']
[diag_probe] probe_steps=5000  pr_lr=0.0005  asr_lr=0.0005  sid_lr=0.001  pr_warmup=500  asr_warmup=500  other_warmup=0  val_every=250  patience=10
[dis_data] loaded lexicon: 200,000 entries
[dis_data] loading PR train-clean-100 …
[dis_data] loading PR dev-clean …
[dis_data] loading PR test-clean …
[dis_data]  PR train=28539 val=2703 test=2620 vocab=74
[diag_probe] ASR task not requested — skipping ASR dataloaders.
[dis_data] loading train-clean-100 …
[dis_data]  251 speakers
[dis_data]  train=27539  val=500  test=500  vocab=74  speakers=251
[diag_probe] topk confirmed: 256
[train] loaded 6 SAE tensors from /scratch/bbg25/runs/libri_advlearn_hardqfreeze4000_spkresetdelay4500_dann6800_gn00015_gp02_aux64_16k_s42/checkpoints/stage2_step16000.pt  (step=16000  val=0.1120)
[diag_probe] learned-route TopK loaded: quotas=[232, 24, 0]
[diag_probe] loaded stage2 weights from /scratch/bbg25/runs/libri_advlearn_hardqfreeze4000_spkresetdelay4500_dann6800_gn00015_gp02_aux64_16k_s42/checkpoints/stage2_step16000.pt

[diag_probe] speakers=251  pr_vocab=74  asr_vocab=n/a  D=1280  K=5120
[diag_probe] PR: stage-2-matched 74-phone targets — train-clean-100 → val=dev-clean, test=test-clean
[diag_probe] ASR: skipped
[diag_probe] SID: closed-set utterance split (val/test held out); probe arch=linear
[diag_probe] reported metric = TEST (val shown in parentheses)

  training probe: z_P -> PR ...
[dis_data] g2p_en loaded for OOV words
      [pr z_P] step 250/5000  train loss=7.565  dev loss=3.574  dev PER=1.000  (best 1.000, bad 0/10)
      [pr z_P] step 500/5000  train loss=3.507  dev loss=3.496  dev PER=0.999  (best 0.999, bad 0/10)
      [pr z_P] step 750/5000  train loss=3.334  dev loss=3.239  dev PER=0.951  (best 0.951, bad 0/10)
      [pr z_P] step 1000/5000  train loss=3.060  dev loss=3.053  dev PER=0.914  (best 0.914, bad 0/10)
      [pr z_P] step 1250/5000  train loss=2.928  dev loss=2.972  dev PER=0.903  (best 0.903, bad 0/10)
      [pr z_P] step 1500/5000  train loss=2.871  dev loss=2.936  dev PER=0.905  (best 0.903, bad 1/10)
      [pr z_P] step 1750/5000  train loss=2.833  dev loss=2.915  dev PER=0.895  (best 0.895, bad 0/10)
      [pr z_P] step 2000/5000  train loss=2.798  dev loss=2.899  dev PER=0.890  (best 0.890, bad 0/10)
      [pr z_P] step 2250/5000  train loss=2.787  dev loss=2.887  dev PER=0.890  (best 0.890, bad 0/10)
      [pr z_P] step 2500/5000  train loss=2.773  dev loss=2.876  dev PER=0.890  (best 0.890, bad 1/10)
      [pr z_P] step 2750/5000  train loss=2.769  dev loss=2.869  dev PER=0.891  (best 0.890, bad 2/10)
      [pr z_P] step 3000/5000  train loss=2.768  dev loss=2.861  dev PER=0.887  (best 0.887, bad 0/10)
      [pr z_P] step 3250/5000  train loss=2.759  dev loss=2.859  dev PER=0.890  (best 0.887, bad 1/10)
      [pr z_P] step 3500/5000  train loss=2.755  dev loss=2.853  dev PER=0.890  (best 0.887, bad 2/10)
      [pr z_P] step 3750/5000  train loss=2.735  dev loss=2.851  dev PER=0.886  (best 0.886, bad 0/10)
      [pr z_P] step 4000/5000  train loss=2.729  dev loss=2.850  dev PER=0.885  (best 0.885, bad 0/10)
      [pr z_P] step 4250/5000  train loss=2.727  dev loss=2.845  dev PER=0.887  (best 0.885, bad 1/10)
      [pr z_P] step 4500/5000  train loss=2.727  dev loss=2.845  dev PER=0.882  (best 0.882, bad 0/10)
      [pr z_P] step 4750/5000  train loss=2.725  dev loss=2.842  dev PER=0.884  (best 0.882, bad 1/10)
      [pr z_P] step 5000/5000  train loss=2.726  dev loss=2.841  dev PER=0.885  (best 0.882, bad 2/10)
    z_P -> PR               PER test=0.880  (val 0.882)

==================================================================
  DIAGNOSTIC PROBE RESULTS - diag_libri_advlearn_hardqfreeze4000_spkresetdelay4500_dann6800_gn00015_gp02_aux64_16k_s42_z_P_pr_linear_seed42
==================================================================
  Source       PR (PER↓)    SID (acc↑)
  --------  ------------  ------------
  z_P              0.880           nan
==================================================================

