[diag_probe] run=diag_libri_advfb4096_1024_linmean_gn00025_gp02_aux64_240L16P_12k_s42_z_t_pr_direct_seed42  device=cuda
[diag_probe] seed=42
[diag_probe] stage1_ckpt=/scratch/bbg25/runs/libri_advfb4096_1024_linmean_gn00025_gp02_aux64_240L16P_12k_s42/checkpoints/stage2_step12000.pt
[diag_probe] stage2_ckpt=/scratch/bbg25/runs/libri_advfb4096_1024_linmean_gn00025_gp02_aux64_240L16P_12k_s42/checkpoints/stage2_step12000.pt
[diag_probe] sources=['z_t']  tasks=['pr']
[diag_probe] probe_steps=10000  pr_lr=0.0001  sid_lr=0.001  warmup=0  val_every=250  patience=0
[pr_data] loaded LibriSpeech lexicon: 200,000 entries
[pr_data] loading train-clean-100 …
[pr_data] loading dev-clean …
[pr_data] loading test-clean …
[pr_data]  train=28539  val=2703  test=2620  vocab_size=74
[dis_data] loaded lexicon: 200,000 entries
[dis_data] loading train-clean-100 …
[dis_data]  251 speakers
[dis_data]  train=27539  val=500  test=500  vocab=74  speakers=251
[diag_probe] topk confirmed: 256
[train] WARNING: unexpected missing SAE keys: ['block_idx', 'block_m_L', 'block_m_P', 'block_m_U']
[train] loaded 3 SAE tensors from /scratch/bbg25/runs/libri_advfb4096_1024_linmean_gn00025_gp02_aux64_240L16P_12k_s42/checkpoints/stage2_step12000.pt  (step=12000  val=0.1402)
[diag_probe] loaded stage2 weights from /scratch/bbg25/runs/libri_advfb4096_1024_linmean_gn00025_gp02_aux64_240L16P_12k_s42/checkpoints/stage2_step12000.pt

[diag_probe] speakers=251  pr_vocab=74  D=1280  K=5120
[diag_probe] PR: SUPERB 74-phone — train-clean-100 → val=dev-clean, test=test-clean
[diag_probe] SID: closed-set utterance split (val/test held out); probe arch=linear
[diag_probe] reported metric = TEST (val shown in parentheses)

  training probe: z_t -> PR ...
[pr_data] g2p_en loaded for OOV words
      [pr z_t] step 250/10000  train loss=5.665  dev loss=6.185  dev PER=0.942  (best 0.942, bad 0/0)
      [pr z_t] step 500/10000  train loss=4.810  dev loss=5.875  dev PER=0.923  (best 0.923, bad 0/0)
      [pr z_t] step 750/10000  train loss=4.743  dev loss=5.825  dev PER=0.925  (best 0.923, bad 1/0)
      [pr z_t] step 1000/10000  train loss=4.662  dev loss=5.712  dev PER=0.931  (best 0.923, bad 2/0)
      [pr z_t] step 1250/10000  train loss=4.661  dev loss=5.621  dev PER=0.911  (best 0.911, bad 0/0)
      [pr z_t] step 1500/10000  train loss=4.656  dev loss=5.743  dev PER=0.925  (best 0.911, bad 1/0)
      [pr z_t] step 1750/10000  train loss=4.518  dev loss=5.608  dev PER=0.912  (best 0.911, bad 2/0)
      [pr z_t] step 2000/10000  train loss=4.566  dev loss=5.663  dev PER=0.926  (best 0.911, bad 3/0)
      [pr z_t] step 2250/10000  train loss=4.450  dev loss=5.616  dev PER=0.925  (best 0.911, bad 4/0)
      [pr z_t] step 2500/10000  train loss=4.547  dev loss=5.554  dev PER=0.930  (best 0.911, bad 5/0)
      [pr z_t] step 2750/10000  train loss=4.512  dev loss=5.633  dev PER=0.934  (best 0.911, bad 6/0)
      [pr z_t] step 3000/10000  train loss=4.593  dev loss=5.608  dev PER=0.918  (best 0.911, bad 7/0)
      [pr z_t] step 3250/10000  train loss=4.507  dev loss=5.503  dev PER=0.919  (best 0.911, bad 8/0)
      [pr z_t] step 3500/10000  train loss=4.466  dev loss=5.624  dev PER=0.920  (best 0.911, bad 9/0)
      [pr z_t] step 3750/10000  train loss=4.497  dev loss=5.536  dev PER=0.931  (best 0.911, bad 10/0)
      [pr z_t] step 4000/10000  train loss=4.481  dev loss=5.581  dev PER=0.929  (best 0.911, bad 11/0)
      [pr z_t] step 4250/10000  train loss=4.514  dev loss=5.540  dev PER=0.924  (best 0.911, bad 12/0)
      [pr z_t] step 4500/10000  train loss=4.458  dev loss=5.438  dev PER=0.919  (best 0.911, bad 13/0)
      [pr z_t] step 4750/10000  train loss=4.450  dev loss=5.471  dev PER=0.907  (best 0.907, bad 0/0)
      [pr z_t] step 5000/10000  train loss=4.424  dev loss=5.541  dev PER=0.922  (best 0.907, bad 1/0)
      [pr z_t] step 5250/10000  train loss=4.497  dev loss=5.572  dev PER=0.925  (best 0.907, bad 2/0)
      [pr z_t] step 5500/10000  train loss=4.465  dev loss=5.523  dev PER=0.921  (best 0.907, bad 3/0)
      [pr z_t] step 5750/10000  train loss=4.438  dev loss=5.525  dev PER=0.906  (best 0.906, bad 0/0)
      [pr z_t] step 6000/10000  train loss=4.448  dev loss=5.504  dev PER=0.917  (best 0.906, bad 1/0)
      [pr z_t] step 6250/10000  train loss=4.414  dev loss=5.436  dev PER=0.921  (best 0.906, bad 2/0)
      [pr z_t] step 6500/10000  train loss=4.495  dev loss=5.522  dev PER=0.915  (best 0.906, bad 3/0)
      [pr z_t] step 6750/10000  train loss=4.469  dev loss=5.540  dev PER=0.916  (best 0.906, bad 4/0)
      [pr z_t] step 7000/10000  train loss=4.436  dev loss=5.458  dev PER=0.916  (best 0.906, bad 5/0)
      [pr z_t] step 7250/10000  train loss=4.413  dev loss=5.527  dev PER=0.915  (best 0.906, bad 6/0)
      [pr z_t] step 7500/10000  train loss=4.440  dev loss=5.490  dev PER=0.920  (best 0.906, bad 7/0)
      [pr z_t] step 7750/10000  train loss=4.491  dev loss=5.468  dev PER=0.921  (best 0.906, bad 8/0)
      [pr z_t] step 8000/10000  train loss=4.464  dev loss=5.467  dev PER=0.917  (best 0.906, bad 9/0)
      [pr z_t] step 8250/10000  train loss=4.386  dev loss=5.447  dev PER=0.910  (best 0.906, bad 10/0)
      [pr z_t] step 8500/10000  train loss=4.468  dev loss=5.523  dev PER=0.914  (best 0.906, bad 11/0)
      [pr z_t] step 8750/10000  train loss=4.403  dev loss=5.433  dev PER=0.917  (best 0.906, bad 12/0)
      [pr z_t] step 9000/10000  train loss=4.377  dev loss=5.469  dev PER=0.911  (best 0.906, bad 13/0)
      [pr z_t] step 9250/10000  train loss=4.470  dev loss=5.502  dev PER=0.915  (best 0.906, bad 14/0)
      [pr z_t] step 9500/10000  train loss=4.443  dev loss=5.458  dev PER=0.915  (best 0.906, bad 15/0)
      [pr z_t] step 9750/10000  train loss=4.405  dev loss=5.476  dev PER=0.915  (best 0.906, bad 16/0)
      [pr z_t] step 10000/10000  train loss=4.409  dev loss=5.482  dev PER=0.917  (best 0.906, bad 17/0)
    z_t -> PR               PER test=0.907  (val 0.906)

==================================================================
  DIAGNOSTIC PROBE RESULTS - diag_libri_advfb4096_1024_linmean_gn00025_gp02_aux64_240L16P_12k_s42_z_t_pr_direct_seed42
==================================================================
  Source       PR (PER↓)    SID (acc↑)
  --------  ------------  ------------
  z_t              0.907           nan
==================================================================

