[diag_probe] run=diag_libri_advfb4096_1024_linmean_gn00025_gp02_aux64_240L16P_12k_s42_z_t_pr_linear_seed42  device=cuda
[diag_probe] seed=42
[diag_probe] stage1_ckpt=/scratch/bbg25/runs/libri_advfb4096_1024_linmean_gn00025_gp02_aux64_240L16P_12k_s42/checkpoints/stage2_step12000.pt
[diag_probe] stage2_ckpt=/scratch/bbg25/runs/libri_advfb4096_1024_linmean_gn00025_gp02_aux64_240L16P_12k_s42/checkpoints/stage2_step12000.pt
[diag_probe] sources=['z_t']  tasks=['pr']
[diag_probe] probe_steps=10000  pr_lr=0.0001  sid_lr=0.001  warmup=0  val_every=250  patience=0
[pr_data] loaded LibriSpeech lexicon: 200,000 entries
[pr_data] loading train-clean-100 …
[pr_data] loading dev-clean …
[pr_data] loading test-clean …
[pr_data]  train=28539  val=2703  test=2620  vocab_size=74
[dis_data] loaded lexicon: 200,000 entries
[dis_data] loading train-clean-100 …
[dis_data]  251 speakers
[dis_data]  train=27539  val=500  test=500  vocab=74  speakers=251
[diag_probe] topk confirmed: 256
[train] WARNING: unexpected missing SAE keys: ['block_idx', 'block_m_L', 'block_m_P', 'block_m_U']
[train] loaded 3 SAE tensors from /scratch/bbg25/runs/libri_advfb4096_1024_linmean_gn00025_gp02_aux64_240L16P_12k_s42/checkpoints/stage2_step12000.pt  (step=12000  val=0.1402)
[diag_probe] loaded stage2 weights from /scratch/bbg25/runs/libri_advfb4096_1024_linmean_gn00025_gp02_aux64_240L16P_12k_s42/checkpoints/stage2_step12000.pt

[diag_probe] speakers=251  pr_vocab=74  D=1280  K=5120
[diag_probe] PR: SUPERB 74-phone — train-clean-100 → val=dev-clean, test=test-clean
[diag_probe] SID: closed-set utterance split (val/test held out); probe arch=linear
[diag_probe] reported metric = TEST (val shown in parentheses)

  training probe: z_t -> PR ...
[pr_data] g2p_en loaded for OOV words
      [pr z_t] step 250/10000  train loss=6.503  dev loss=7.394  dev PER=0.971  (best 0.971, bad 0/0)
      [pr z_t] step 500/10000  train loss=5.487  dev loss=7.067  dev PER=0.956  (best 0.956, bad 0/0)
      [pr z_t] step 750/10000  train loss=5.259  dev loss=7.185  dev PER=0.940  (best 0.940, bad 0/0)
      [pr z_t] step 1000/10000  train loss=5.303  dev loss=6.408  dev PER=0.944  (best 0.940, bad 1/0)
      [pr z_t] step 1250/10000  train loss=5.287  dev loss=6.454  dev PER=0.963  (best 0.940, bad 2/0)
      [pr z_t] step 1500/10000  train loss=5.177  dev loss=6.725  dev PER=0.945  (best 0.940, bad 3/0)
      [pr z_t] step 1750/10000  train loss=5.133  dev loss=6.411  dev PER=0.952  (best 0.940, bad 4/0)
      [pr z_t] step 2000/10000  train loss=5.108  dev loss=6.242  dev PER=0.898  (best 0.898, bad 0/0)
      [pr z_t] step 2250/10000  train loss=5.037  dev loss=6.619  dev PER=0.934  (best 0.898, bad 1/0)
      [pr z_t] step 2500/10000  train loss=5.181  dev loss=6.131  dev PER=0.945  (best 0.898, bad 2/0)
      [pr z_t] step 2750/10000  train loss=5.143  dev loss=6.422  dev PER=0.950  (best 0.898, bad 3/0)
      [pr z_t] step 3000/10000  train loss=5.122  dev loss=6.440  dev PER=0.918  (best 0.898, bad 4/0)
      [pr z_t] step 3250/10000  train loss=5.082  dev loss=6.515  dev PER=0.961  (best 0.898, bad 5/0)
      [pr z_t] step 3500/10000  train loss=5.098  dev loss=5.961  dev PER=0.934  (best 0.898, bad 6/0)
      [pr z_t] step 3750/10000  train loss=5.108  dev loss=6.453  dev PER=0.931  (best 0.898, bad 7/0)
      [pr z_t] step 4000/10000  train loss=5.059  dev loss=6.022  dev PER=0.937  (best 0.898, bad 8/0)
      [pr z_t] step 4250/10000  train loss=5.048  dev loss=6.139  dev PER=0.955  (best 0.898, bad 9/0)
      [pr z_t] step 4500/10000  train loss=5.017  dev loss=6.261  dev PER=0.929  (best 0.898, bad 10/0)
      [pr z_t] step 4750/10000  train loss=5.072  dev loss=6.170  dev PER=0.948  (best 0.898, bad 11/0)
      [pr z_t] step 5000/10000  train loss=5.029  dev loss=6.756  dev PER=0.963  (best 0.898, bad 12/0)
      [pr z_t] step 5250/10000  train loss=4.998  dev loss=6.218  dev PER=0.953  (best 0.898, bad 13/0)
      [pr z_t] step 5500/10000  train loss=4.992  dev loss=6.210  dev PER=0.944  (best 0.898, bad 14/0)
      [pr z_t] step 5750/10000  train loss=5.037  dev loss=6.386  dev PER=0.942  (best 0.898, bad 15/0)
      [pr z_t] step 6000/10000  train loss=5.037  dev loss=6.192  dev PER=0.938  (best 0.898, bad 16/0)
      [pr z_t] step 6250/10000  train loss=4.974  dev loss=6.284  dev PER=0.962  (best 0.898, bad 17/0)
      [pr z_t] step 6500/10000  train loss=5.024  dev loss=6.083  dev PER=0.950  (best 0.898, bad 18/0)
      [pr z_t] step 6750/10000  train loss=5.015  dev loss=6.439  dev PER=0.949  (best 0.898, bad 19/0)
      [pr z_t] step 7000/10000  train loss=5.015  dev loss=6.189  dev PER=0.926  (best 0.898, bad 20/0)
      [pr z_t] step 7250/10000  train loss=4.951  dev loss=6.593  dev PER=0.953  (best 0.898, bad 21/0)
      [pr z_t] step 7500/10000  train loss=4.987  dev loss=6.175  dev PER=0.932  (best 0.898, bad 22/0)
      [pr z_t] step 7750/10000  train loss=4.984  dev loss=6.260  dev PER=0.939  (best 0.898, bad 23/0)
      [pr z_t] step 8000/10000  train loss=4.970  dev loss=6.270  dev PER=0.941  (best 0.898, bad 24/0)
      [pr z_t] step 8250/10000  train loss=5.030  dev loss=6.678  dev PER=0.956  (best 0.898, bad 25/0)
      [pr z_t] step 8500/10000  train loss=4.999  dev loss=6.284  dev PER=0.953  (best 0.898, bad 26/0)
      [pr z_t] step 8750/10000  train loss=4.928  dev loss=6.407  dev PER=0.937  (best 0.898, bad 27/0)
      [pr z_t] step 9000/10000  train loss=4.947  dev loss=6.246  dev PER=0.933  (best 0.898, bad 28/0)
      [pr z_t] step 9250/10000  train loss=4.903  dev loss=6.375  dev PER=0.948  (best 0.898, bad 29/0)
      [pr z_t] step 9500/10000  train loss=5.003  dev loss=6.204  dev PER=0.937  (best 0.898, bad 30/0)
      [pr z_t] step 9750/10000  train loss=4.997  dev loss=6.276  dev PER=0.946  (best 0.898, bad 31/0)
      [pr z_t] step 10000/10000  train loss=4.950  dev loss=6.288  dev PER=0.948  (best 0.898, bad 32/0)
    z_t -> PR               PER test=0.897  (val 0.898)

==================================================================
  DIAGNOSTIC PROBE RESULTS - diag_libri_advfb4096_1024_linmean_gn00025_gp02_aux64_240L16P_12k_s42_z_t_pr_linear_seed42
==================================================================
  Source       PR (PER↓)    SID (acc↑)
  --------  ------------  ------------
  z_t              0.897           nan
==================================================================

