[diag_probe] run=diag_libri_advlearn_hardqfreeze4000_long_dann6800_gn00015_gp02_aux64_16k_s42_z_P_pr_linear_seed42  device=cuda
[diag_probe] seed=42
[diag_probe] stage1_ckpt=/scratch/bbg25/runs/libri_advlearn_hardqfreeze4000_long_dann6800_gn00015_gp02_aux64_16k_s42/checkpoints/stage2_step16000.pt
[diag_probe] stage2_ckpt=/scratch/bbg25/runs/libri_advlearn_hardqfreeze4000_long_dann6800_gn00015_gp02_aux64_16k_s42/checkpoints/stage2_step16000.pt
[diag_probe] sources=['z_P']  tasks=['pr']
[diag_probe] probe_steps=5000  pr_lr=0.0005  asr_lr=0.0005  sid_lr=0.001  pr_warmup=500  asr_warmup=500  other_warmup=0  val_every=250  patience=10
[dis_data] loaded lexicon: 200,000 entries
[dis_data] loading PR train-clean-100 …
[dis_data] loading PR dev-clean …
[dis_data] loading PR test-clean …
[dis_data]  PR train=28539 val=2703 test=2620 vocab=74
[diag_probe] ASR task not requested — skipping ASR dataloaders.
[dis_data] loading train-clean-100 …
[dis_data]  251 speakers
[dis_data]  train=27539  val=500  test=500  vocab=74  speakers=251
[diag_probe] topk confirmed: 256
[train] loaded 6 SAE tensors from /scratch/bbg25/runs/libri_advlearn_hardqfreeze4000_long_dann6800_gn00015_gp02_aux64_16k_s42/checkpoints/stage2_step16000.pt  (step=16000  val=0.1152)
[diag_probe] learned-route TopK loaded: quotas=[232, 24, 0]
[diag_probe] loaded stage2 weights from /scratch/bbg25/runs/libri_advlearn_hardqfreeze4000_long_dann6800_gn00015_gp02_aux64_16k_s42/checkpoints/stage2_step16000.pt

[diag_probe] speakers=251  pr_vocab=74  asr_vocab=n/a  D=1280  K=5120
[diag_probe] PR: stage-2-matched 74-phone targets — train-clean-100 → val=dev-clean, test=test-clean
[diag_probe] ASR: skipped
[diag_probe] SID: closed-set utterance split (val/test held out); probe arch=linear
[diag_probe] reported metric = TEST (val shown in parentheses)

  training probe: z_P -> PR ...
[dis_data] g2p_en loaded for OOV words
      [pr z_P] step 250/5000  train loss=7.804  dev loss=3.582  dev PER=1.000  (best 1.000, bad 0/10)
      [pr z_P] step 500/5000  train loss=3.479  dev loss=3.364  dev PER=0.987  (best 0.987, bad 0/10)
      [pr z_P] step 750/5000  train loss=2.909  dev loss=2.706  dev PER=0.838  (best 0.838, bad 0/10)
      [pr z_P] step 1000/5000  train loss=2.502  dev loss=2.537  dev PER=0.793  (best 0.793, bad 0/10)
      [pr z_P] step 1250/5000  train loss=2.391  dev loss=2.478  dev PER=0.765  (best 0.765, bad 0/10)
      [pr z_P] step 1500/5000  train loss=2.351  dev loss=2.450  dev PER=0.776  (best 0.765, bad 1/10)
      [pr z_P] step 1750/5000  train loss=2.320  dev loss=2.426  dev PER=0.772  (best 0.765, bad 2/10)
      [pr z_P] step 2000/5000  train loss=2.283  dev loss=2.410  dev PER=0.758  (best 0.758, bad 0/10)
      [pr z_P] step 2250/5000  train loss=2.272  dev loss=2.400  dev PER=0.765  (best 0.758, bad 1/10)
      [pr z_P] step 2500/5000  train loss=2.267  dev loss=2.395  dev PER=0.751  (best 0.751, bad 0/10)
      [pr z_P] step 2750/5000  train loss=2.259  dev loss=2.388  dev PER=0.755  (best 0.751, bad 1/10)
      [pr z_P] step 3000/5000  train loss=2.254  dev loss=2.379  dev PER=0.750  (best 0.750, bad 0/10)
      [pr z_P] step 3250/5000  train loss=2.254  dev loss=2.376  dev PER=0.764  (best 0.750, bad 1/10)
      [pr z_P] step 3500/5000  train loss=2.252  dev loss=2.369  dev PER=0.760  (best 0.750, bad 2/10)
      [pr z_P] step 3750/5000  train loss=2.230  dev loss=2.369  dev PER=0.750  (best 0.750, bad 0/10)
      [pr z_P] step 4000/5000  train loss=2.224  dev loss=2.366  dev PER=0.754  (best 0.750, bad 1/10)
      [pr z_P] step 4250/5000  train loss=2.219  dev loss=2.364  dev PER=0.752  (best 0.750, bad 2/10)
      [pr z_P] step 4500/5000  train loss=2.224  dev loss=2.361  dev PER=0.749  (best 0.749, bad 0/10)
      [pr z_P] step 4750/5000  train loss=2.222  dev loss=2.359  dev PER=0.754  (best 0.749, bad 1/10)
      [pr z_P] step 5000/5000  train loss=2.215  dev loss=2.358  dev PER=0.753  (best 0.749, bad 2/10)
    z_P -> PR               PER test=0.748  (val 0.749)

==================================================================
  DIAGNOSTIC PROBE RESULTS - diag_libri_advlearn_hardqfreeze4000_long_dann6800_gn00015_gp02_aux64_16k_s42_z_P_pr_linear_seed42
==================================================================
  Source       PR (PER↓)    SID (acc↑)
  --------  ------------  ------------
  z_P              0.748           nan
==================================================================

