[diag_probe] run=diag_libri_advlearn_hardqfreeze4000_long_dann6800_gn00015_gp02_aux64_16k_s42_sid_linear_seed42  device=cuda
[diag_probe] seed=42
[diag_probe] stage1_ckpt=/scratch/bbg25/runs/libri_advlearn_hardqfreeze4000_long_dann6800_gn00015_gp02_aux64_16k_s42/checkpoints/stage2_step16000.pt
[diag_probe] stage2_ckpt=/scratch/bbg25/runs/libri_advlearn_hardqfreeze4000_long_dann6800_gn00015_gp02_aux64_16k_s42/checkpoints/stage2_step16000.pt
[diag_probe] sources=['z_t', 'z_L', 'z_P']  tasks=['sid']
[diag_probe] probe_steps=5000  pr_lr=0.0005  asr_lr=0.0005  sid_lr=0.001  pr_warmup=500  asr_warmup=500  other_warmup=0  val_every=250  patience=10
[diag_probe] PR task not requested — skipping PR dataloaders.
[diag_probe] ASR task not requested — skipping ASR dataloaders.
[dis_data] loaded lexicon: 200,000 entries
[dis_data] loading train-clean-100 …
[dis_data]  251 speakers
[dis_data]  train=27539  val=500  test=500  vocab=74  speakers=251
[diag_probe] topk confirmed: 256
[train] loaded 6 SAE tensors from /scratch/bbg25/runs/libri_advlearn_hardqfreeze4000_long_dann6800_gn00015_gp02_aux64_16k_s42/checkpoints/stage2_step16000.pt  (step=16000  val=0.1152)
[diag_probe] learned-route TopK loaded: quotas=[232, 24, 0]
[diag_probe] loaded stage2 weights from /scratch/bbg25/runs/libri_advlearn_hardqfreeze4000_long_dann6800_gn00015_gp02_aux64_16k_s42/checkpoints/stage2_step16000.pt

[diag_probe] speakers=251  pr_vocab=74  asr_vocab=n/a  D=1280  K=5120
[diag_probe] PR: skipped
[diag_probe] ASR: skipped
[diag_probe] SID: closed-set utterance split (val/test held out); probe arch=linear
[diag_probe] reported metric = TEST (val shown in parentheses)

  training probe: z_t -> SID ...
[dis_data] g2p_en loaded for OOV words
      [sid z_t] step 250/5000  train loss=5.258 acc=0.125  dev loss=4.915 acc=0.152  (best 0.152, bad 0/10)
      [sid z_t] step 500/5000  train loss=2.725 acc=0.312  dev loss=2.889 acc=0.392  (best 0.392, bad 0/10)
      [sid z_t] step 750/5000  train loss=1.282 acc=0.625  dev loss=1.280 acc=0.672  (best 0.672, bad 0/10)
      [sid z_t] step 1000/5000  train loss=0.639 acc=0.812  dev loss=0.529 acc=0.880  (best 0.880, bad 0/10)
      [sid z_t] step 1250/5000  train loss=0.087 acc=1.000  dev loss=0.509 acc=0.854  (best 0.880, bad 1/10)
      [sid z_t] step 1500/5000  train loss=0.128 acc=1.000  dev loss=0.401 acc=0.884  (best 0.884, bad 0/10)
      [sid z_t] step 1750/5000  train loss=0.651 acc=0.812  dev loss=0.210 acc=0.942  (best 0.942, bad 0/10)
      [sid z_t] step 2000/5000  train loss=0.128 acc=0.938  dev loss=0.121 acc=0.962  (best 0.962, bad 0/10)
      [sid z_t] step 2250/5000  train loss=0.176 acc=1.000  dev loss=0.110 acc=0.964  (best 0.964, bad 0/10)
      [sid z_t] step 2500/5000  train loss=0.006 acc=1.000  dev loss=0.043 acc=0.990  (best 0.990, bad 0/10)
      [sid z_t] step 2750/5000  train loss=0.018 acc=1.000  dev loss=0.040 acc=0.986  (best 0.990, bad 1/10)
      [sid z_t] step 3000/5000  train loss=0.137 acc=0.875  dev loss=0.042 acc=0.986  (best 0.990, bad 2/10)
      [sid z_t] step 3250/5000  train loss=0.001 acc=1.000  dev loss=0.037 acc=0.986  (best 0.990, bad 3/10)
      [sid z_t] step 3500/5000  train loss=0.009 acc=1.000  dev loss=0.006 acc=1.000  (best 1.000, bad 0/10)
      [sid z_t] step 3750/5000  train loss=0.002 acc=1.000  dev loss=0.004 acc=1.000  (best 1.000, bad 1/10)
      [sid z_t] step 4000/5000  train loss=0.043 acc=1.000  dev loss=0.002 acc=1.000  (best 1.000, bad 2/10)
      [sid z_t] step 4250/5000  train loss=0.003 acc=1.000  dev loss=0.013 acc=0.992  (best 1.000, bad 3/10)
      [sid z_t] step 4500/5000  train loss=0.000 acc=1.000  dev loss=0.002 acc=1.000  (best 1.000, bad 4/10)
      [sid z_t] step 4750/5000  train loss=0.000 acc=1.000  dev loss=0.001 acc=1.000  (best 1.000, bad 5/10)
      [sid z_t] step 5000/5000  train loss=0.000 acc=1.000  dev loss=0.001 acc=1.000  (best 1.000, bad 6/10)
    z_t -> SID              acc test=1.000  (val 1.000)
  training probe: z_L -> SID ...
      [sid z_L] step 250/5000  train loss=6.009 acc=0.000  dev loss=6.719 acc=0.016  (best 0.016, bad 0/10)
      [sid z_L] step 500/5000  train loss=6.683 acc=0.000  dev loss=6.823 acc=0.006  (best 0.016, bad 1/10)
      [sid z_L] step 750/5000  train loss=6.774 acc=0.000  dev loss=6.137 acc=0.004  (best 0.016, bad 2/10)
      [sid z_L] step 1000/5000  train loss=6.240 acc=0.000  dev loss=6.238 acc=0.010  (best 0.016, bad 3/10)
      [sid z_L] step 1250/5000  train loss=6.153 acc=0.000  dev loss=6.262 acc=0.004  (best 0.016, bad 4/10)
      [sid z_L] step 1500/5000  train loss=5.870 acc=0.062  dev loss=5.957 acc=0.024  (best 0.024, bad 0/10)
      [sid z_L] step 1750/5000  train loss=5.967 acc=0.000  dev loss=5.874 acc=0.022  (best 0.024, bad 1/10)
      [sid z_L] step 2000/5000  train loss=5.905 acc=0.000  dev loss=5.772 acc=0.020  (best 0.024, bad 2/10)
      [sid z_L] step 2250/5000  train loss=5.591 acc=0.000  dev loss=5.540 acc=0.020  (best 0.024, bad 3/10)
      [sid z_L] step 2500/5000  train loss=5.240 acc=0.000  dev loss=5.375 acc=0.016  (best 0.024, bad 4/10)
      [sid z_L] step 2750/5000  train loss=5.538 acc=0.000  dev loss=5.274 acc=0.022  (best 0.024, bad 5/10)
      [sid z_L] step 3000/5000  train loss=5.708 acc=0.000  dev loss=5.282 acc=0.022  (best 0.024, bad 6/10)
      [sid z_L] step 3250/5000  train loss=4.754 acc=0.062  dev loss=5.059 acc=0.034  (best 0.034, bad 0/10)
      [sid z_L] step 3500/5000  train loss=4.524 acc=0.125  dev loss=4.975 acc=0.044  (best 0.044, bad 0/10)
      [sid z_L] step 3750/5000  train loss=4.916 acc=0.000  dev loss=4.843 acc=0.040  (best 0.044, bad 1/10)
      [sid z_L] step 4000/5000  train loss=4.926 acc=0.000  dev loss=4.794 acc=0.048  (best 0.048, bad 0/10)
      [sid z_L] step 4250/5000  train loss=4.788 acc=0.062  dev loss=4.742 acc=0.050  (best 0.050, bad 0/10)
      [sid z_L] step 4500/5000  train loss=4.591 acc=0.000  dev loss=4.649 acc=0.062  (best 0.062, bad 0/10)
      [sid z_L] step 4750/5000  train loss=4.312 acc=0.125  dev loss=4.568 acc=0.086  (best 0.086, bad 0/10)
      [sid z_L] step 5000/5000  train loss=4.657 acc=0.062  dev loss=4.548 acc=0.122  (best 0.122, bad 0/10)
    z_L -> SID              acc test=0.120  (val 0.122)
  training probe: z_P -> SID ...
      [sid z_P] step 250/5000  train loss=1.246 acc=0.875  dev loss=1.542 acc=0.844  (best 0.844, bad 0/10)
      [sid z_P] step 500/5000  train loss=0.157 acc=1.000  dev loss=0.160 acc=0.988  (best 0.988, bad 0/10)
      [sid z_P] step 750/5000  train loss=0.040 acc=1.000  dev loss=0.046 acc=1.000  (best 1.000, bad 0/10)
      [sid z_P] step 1000/5000  train loss=0.024 acc=1.000  dev loss=0.031 acc=0.998  (best 1.000, bad 1/10)
      [sid z_P] step 1250/5000  train loss=0.015 acc=1.000  dev loss=0.017 acc=1.000  (best 1.000, bad 2/10)
      [sid z_P] step 1500/5000  train loss=0.005 acc=1.000  dev loss=0.014 acc=1.000  (best 1.000, bad 3/10)
      [sid z_P] step 1750/5000  train loss=0.011 acc=1.000  dev loss=0.011 acc=1.000  (best 1.000, bad 4/10)
      [sid z_P] step 2000/5000  train loss=0.004 acc=1.000  dev loss=0.009 acc=1.000  (best 1.000, bad 5/10)
      [sid z_P] step 2250/5000  train loss=0.002 acc=1.000  dev loss=0.006 acc=1.000  (best 1.000, bad 6/10)
      [sid z_P] step 2500/5000  train loss=0.001 acc=1.000  dev loss=0.006 acc=1.000  (best 1.000, bad 7/10)
      [sid z_P] step 2750/5000  train loss=0.003 acc=1.000  dev loss=0.005 acc=1.000  (best 1.000, bad 8/10)
      [sid z_P] step 3000/5000  train loss=0.008 acc=1.000  dev loss=0.004 acc=1.000  (best 1.000, bad 9/10)
      [sid z_P] step 3250/5000  train loss=0.001 acc=1.000  dev loss=0.004 acc=1.000  (best 1.000, bad 10/10)
    z_P -> SID              acc test=0.996  (val 1.000)

==================================================================
  DIAGNOSTIC PROBE RESULTS - diag_libri_advlearn_hardqfreeze4000_long_dann6800_gn00015_gp02_aux64_16k_s42_sid_linear_seed42
==================================================================
  Source       PR (PER↓)    SID (acc↑)
  --------  ------------  ------------
  z_t                nan         1.000
  z_L                nan         0.120
  z_P                nan         0.996
==================================================================

