=== Matched-distribution ARCTIC SID probe — v1 soft_nogrl ===
started        : Thu 25 Jun 01:01:03 BST 2026
gpu            : NVIDIA A100-SXM4-80GB
ckpt           : /rds/user/bbg25/hpc-work/Thesis/Final-Proj/Disentanglement/checkpoints/dual_inv_v1_soft_nogrl/stage2_step12000.pt
arctic_root    : /rds/user/bbg25/hpc-work/Thesis/Final-Proj/Disentanglement/../Probing/data/CMU_ARCTIC
sources        : z_L, z_P
tasks          : sid
sid_probe_arch : stats
arctic_sid_seed: 42
probe_seed     : 42  (probe init, same across array tasks)
probe_patience : 0   (no early stop — honest leakage protocol)
probe_steps    : 10000
[diag_probe] run=diag_v1_soft_nogrl_arctic_sid_split42  device=cuda
[diag_probe] seed=42
[diag_probe] stage1_ckpt=/rds/user/bbg25/hpc-work/Thesis/Final-Proj/Disentanglement/checkpoints/dual_inv_v1_soft_nogrl/stage2_step12000.pt
[diag_probe] stage2_ckpt=/rds/user/bbg25/hpc-work/Thesis/Final-Proj/Disentanglement/checkpoints/dual_inv_v1_soft_nogrl/stage2_step12000.pt
[diag_probe] sources=['z_L', 'z_P']  tasks=['sid']
[diag_probe] probe_steps=10000  pr_lr=0.0005  sid_lr=0.001  warmup=0  val_every=250  patience=0
[diag_probe] PR task not requested — skipping PR dataloaders.
[dis_data] loaded lexicon: 200,000 entries
[dis_data] loading train-clean-100 …
[dis_data]  251 speakers
[dis_data]  train=27539  val=500  test=500  vocab=74  speakers=251
