=== Final-step diagnostic probe ===
started          : Wed 24 Jun 20:18:48 BST 2026
gpu              : NVIDIA A100-SXM4-80GB
label            : job2_dense_clip
run_name         : job2_dense_clip_gp02
ckpt             : /rds/user/bbg25/hpc-work/Thesis/Final-Proj/Disentanglement/checkpoints/job2_dense_clip_gp02/stage2_step12000.pt
sources          : z_L
tasks            : sid
sid_probe_arch   : stats
probe_seed       : 42
probe_steps      : 10000
probe_patience   : 0
[diag_probe] run=diag_finalstep_job2_dense_clip_step12000_seed42  device=cuda
[diag_probe] seed=42
[diag_probe] stage1_ckpt=/rds/user/bbg25/hpc-work/Thesis/Final-Proj/Disentanglement/checkpoints/job2_dense_clip_gp02/stage2_step12000.pt
[diag_probe] stage2_ckpt=/rds/user/bbg25/hpc-work/Thesis/Final-Proj/Disentanglement/checkpoints/job2_dense_clip_gp02/stage2_step12000.pt
[diag_probe] sources=['z_L']  tasks=['sid']
[diag_probe] probe_steps=10000  pr_lr=0.0005  sid_lr=0.001  warmup=0  val_every=250  patience=0
[diag_probe] PR task not requested — skipping PR dataloaders.
[dis_data] loaded lexicon: 200,000 entries
[dis_data] loading train-clean-100 …
[dis_data]  251 speakers
[dis_data]  train=27539  val=500  test=500  vocab=74  speakers=251
[train] WARNING: unexpected missing SAE keys: ['block_idx', 'block_m_L', 'block_m_P', 'block_m_U']
[train] loaded 3 SAE tensors from /rds/user/bbg25/hpc-work/Thesis/Final-Proj/Disentanglement/checkpoints/job2_dense_clip_gp02/stage2_step12000.pt  (step=12000  val=0.0783)
[diag_probe] skipped 2 shape-mismatched/stale keys (e.g. ['grl_head.context_conv.weight', 'grl_head.context_conv.bias']) — fine, probe does not use adversarial heads
[diag_probe] loaded stage2 weights from /rds/user/bbg25/hpc-work/Thesis/Final-Proj/Disentanglement/checkpoints/job2_dense_clip_gp02/stage2_step12000.pt

[diag_probe] speakers=251  pr_vocab=74  D=1280  K=5120
[diag_probe] PR: skipped
[diag_probe] SID: closed-set utterance split (val/test held out); probe arch=stats
[diag_probe] reported metric = TEST (val shown in parentheses)

  training probe: z_L -> SID ...
[dis_data] g2p_en loaded for OOV words
      [sid z_L] step 250/10000  dev acc=0.002  (best 0.002, bad 0/0)
      [sid z_L] step 500/10000  dev acc=0.002  (best 0.002, bad 1/0)
      [sid z_L] step 750/10000  dev acc=0.002  (best 0.002, bad 2/0)
      [sid z_L] step 1000/10000  dev acc=0.006  (best 0.006, bad 0/0)
      [sid z_L] step 1250/10000  dev acc=0.004  (best 0.006, bad 1/0)
      [sid z_L] step 1500/10000  dev acc=0.006  (best 0.006, bad 2/0)
      [sid z_L] step 1750/10000  dev acc=0.014  (best 0.014, bad 0/0)
      [sid z_L] step 2000/10000  dev acc=0.014  (best 0.014, bad 1/0)
      [sid z_L] step 2250/10000  dev acc=0.010  (best 0.014, bad 2/0)
      [sid z_L] step 2500/10000  dev acc=0.032  (best 0.032, bad 0/0)
      [sid z_L] step 2750/10000  dev acc=0.022  (best 0.032, bad 1/0)
      [sid z_L] step 3000/10000  dev acc=0.026  (best 0.032, bad 2/0)
      [sid z_L] step 3250/10000  dev acc=0.056  (best 0.056, bad 0/0)
      [sid z_L] step 3500/10000  dev acc=0.046  (best 0.056, bad 1/0)
      [sid z_L] step 3750/10000  dev acc=0.040  (best 0.056, bad 2/0)
      [sid z_L] step 4000/10000  dev acc=0.048  (best 0.056, bad 3/0)
      [sid z_L] step 4250/10000  dev acc=0.066  (best 0.066, bad 0/0)
      [sid z_L] step 4500/10000  dev acc=0.072  (best 0.072, bad 0/0)
      [sid z_L] step 4750/10000  dev acc=0.094  (best 0.094, bad 0/0)
      [sid z_L] step 5000/10000  dev acc=0.064  (best 0.094, bad 1/0)
      [sid z_L] step 5250/10000  dev acc=0.084  (best 0.094, bad 2/0)
      [sid z_L] step 5500/10000  dev acc=0.104  (best 0.104, bad 0/0)
      [sid z_L] step 5750/10000  dev acc=0.074  (best 0.104, bad 1/0)
      [sid z_L] step 6000/10000  dev acc=0.100  (best 0.104, bad 2/0)
      [sid z_L] step 6250/10000  dev acc=0.102  (best 0.104, bad 3/0)
      [sid z_L] step 6500/10000  dev acc=0.112  (best 0.112, bad 0/0)
      [sid z_L] step 6750/10000  dev acc=0.110  (best 0.112, bad 1/0)
      [sid z_L] step 7000/10000  dev acc=0.126  (best 0.126, bad 0/0)
      [sid z_L] step 7250/10000  dev acc=0.118  (best 0.126, bad 1/0)
      [sid z_L] step 7500/10000  dev acc=0.124  (best 0.126, bad 2/0)
      [sid z_L] step 7750/10000  dev acc=0.122  (best 0.126, bad 3/0)
      [sid z_L] step 8000/10000  dev acc=0.138  (best 0.138, bad 0/0)
      [sid z_L] step 8250/10000  dev acc=0.124  (best 0.138, bad 1/0)
      [sid z_L] step 8500/10000  dev acc=0.146  (best 0.146, bad 0/0)
      [sid z_L] step 8750/10000  dev acc=0.152  (best 0.152, bad 0/0)
      [sid z_L] step 9000/10000  dev acc=0.148  (best 0.152, bad 1/0)
      [sid z_L] step 9250/10000  dev acc=0.180  (best 0.180, bad 0/0)
      [sid z_L] step 9500/10000  dev acc=0.180  (best 0.180, bad 1/0)
      [sid z_L] step 9750/10000  dev acc=0.170  (best 0.180, bad 2/0)
      [sid z_L] step 10000/10000  dev acc=0.174  (best 0.180, bad 3/0)
    z_L -> SID              acc test=0.182  (val 0.180)

==================================================================
  DIAGNOSTIC PROBE RESULTS - diag_finalstep_job2_dense_clip_step12000_seed42
==================================================================
  Source       PR (PER↓)    SID (acc↑)
  --------  ------------  ------------
  z_L                nan         0.182
==================================================================

finished         : Wed 24 Jun 21:12:32 BST 2026
