=== Final-step diagnostic probe ===
started          : Wed 24 Jun 21:13:33 BST 2026
gpu              : NVIDIA A100-SXM4-80GB
label            : job2_statsgrl_clip
run_name         : job2_statsgrl_clip_gp02
ckpt             : /rds/user/bbg25/hpc-work/Thesis/Final-Proj/Disentanglement/checkpoints/job2_statsgrl_clip_gp02/stage2_step12000.pt
sources          : z_L
tasks            : sid
sid_probe_arch   : stats
probe_seed       : 42
probe_steps      : 10000
probe_patience   : 0
[diag_probe] run=diag_finalstep_job2_statsgrl_clip_step12000_seed42  device=cuda
[diag_probe] seed=42
[diag_probe] stage1_ckpt=/rds/user/bbg25/hpc-work/Thesis/Final-Proj/Disentanglement/checkpoints/job2_statsgrl_clip_gp02/stage2_step12000.pt
[diag_probe] stage2_ckpt=/rds/user/bbg25/hpc-work/Thesis/Final-Proj/Disentanglement/checkpoints/job2_statsgrl_clip_gp02/stage2_step12000.pt
[diag_probe] sources=['z_L']  tasks=['sid']
[diag_probe] probe_steps=10000  pr_lr=0.0005  sid_lr=0.001  warmup=0  val_every=250  patience=0
[diag_probe] PR task not requested — skipping PR dataloaders.
[dis_data] loaded lexicon: 200,000 entries
[dis_data] loading train-clean-100 …
[dis_data]  251 speakers
[dis_data]  train=27539  val=500  test=500  vocab=74  speakers=251
[train] WARNING: unexpected missing SAE keys: ['block_idx', 'block_m_L', 'block_m_P', 'block_m_U']
[train] loaded 3 SAE tensors from /rds/user/bbg25/hpc-work/Thesis/Final-Proj/Disentanglement/checkpoints/job2_statsgrl_clip_gp02/stage2_step12000.pt  (step=12000  val=0.2514)
[diag_probe] skipped 1 shape-mismatched/stale keys (e.g. ['grl_head.fc.weight']) — fine, probe does not use adversarial heads
[diag_probe] WARNING missing keys: ['grl_head.fc.weight']
[diag_probe] loaded stage2 weights from /rds/user/bbg25/hpc-work/Thesis/Final-Proj/Disentanglement/checkpoints/job2_statsgrl_clip_gp02/stage2_step12000.pt

[diag_probe] speakers=251  pr_vocab=74  D=1280  K=5120
[diag_probe] PR: skipped
[diag_probe] SID: closed-set utterance split (val/test held out); probe arch=stats
[diag_probe] reported metric = TEST (val shown in parentheses)

  training probe: z_L -> SID ...
[dis_data] g2p_en loaded for OOV words
      [sid z_L] step 250/10000  dev acc=0.002  (best 0.002, bad 0/0)
      [sid z_L] step 500/10000  dev acc=0.002  (best 0.002, bad 1/0)
      [sid z_L] step 750/10000  dev acc=0.002  (best 0.002, bad 2/0)
      [sid z_L] step 1000/10000  dev acc=0.006  (best 0.006, bad 0/0)
      [sid z_L] step 1250/10000  dev acc=0.006  (best 0.006, bad 1/0)
      [sid z_L] step 1500/10000  dev acc=0.002  (best 0.006, bad 2/0)
      [sid z_L] step 1750/10000  dev acc=0.002  (best 0.006, bad 3/0)
      [sid z_L] step 2000/10000  dev acc=0.006  (best 0.006, bad 4/0)
      [sid z_L] step 2250/10000  dev acc=0.002  (best 0.006, bad 5/0)
      [sid z_L] step 2500/10000  dev acc=0.002  (best 0.006, bad 6/0)
      [sid z_L] step 2750/10000  dev acc=0.002  (best 0.006, bad 7/0)
      [sid z_L] step 3000/10000  dev acc=0.006  (best 0.006, bad 8/0)
      [sid z_L] step 3250/10000  dev acc=0.002  (best 0.006, bad 9/0)
      [sid z_L] step 3500/10000  dev acc=0.006  (best 0.006, bad 10/0)
      [sid z_L] step 3750/10000  dev acc=0.006  (best 0.006, bad 11/0)
      [sid z_L] step 4000/10000  dev acc=0.002  (best 0.006, bad 12/0)
      [sid z_L] step 4250/10000  dev acc=0.002  (best 0.006, bad 13/0)
      [sid z_L] step 4500/10000  dev acc=0.002  (best 0.006, bad 14/0)
      [sid z_L] step 4750/10000  dev acc=0.002  (best 0.006, bad 15/0)
      [sid z_L] step 5000/10000  dev acc=0.002  (best 0.006, bad 16/0)
      [sid z_L] step 5250/10000  dev acc=0.004  (best 0.006, bad 17/0)
      [sid z_L] step 5500/10000  dev acc=0.008  (best 0.008, bad 0/0)
      [sid z_L] step 5750/10000  dev acc=0.006  (best 0.008, bad 1/0)
      [sid z_L] step 6000/10000  dev acc=0.008  (best 0.008, bad 2/0)
      [sid z_L] step 6250/10000  dev acc=0.012  (best 0.012, bad 0/0)
      [sid z_L] step 6500/10000  dev acc=0.014  (best 0.014, bad 0/0)
      [sid z_L] step 6750/10000  dev acc=0.014  (best 0.014, bad 1/0)
      [sid z_L] step 7000/10000  dev acc=0.018  (best 0.018, bad 0/0)
      [sid z_L] step 7250/10000  dev acc=0.018  (best 0.018, bad 1/0)
      [sid z_L] step 7500/10000  dev acc=0.014  (best 0.018, bad 2/0)
      [sid z_L] step 7750/10000  dev acc=0.018  (best 0.018, bad 3/0)
      [sid z_L] step 8000/10000  dev acc=0.018  (best 0.018, bad 4/0)
      [sid z_L] step 8250/10000  dev acc=0.018  (best 0.018, bad 5/0)
      [sid z_L] step 8500/10000  dev acc=0.014  (best 0.018, bad 6/0)
      [sid z_L] step 8750/10000  dev acc=0.016  (best 0.018, bad 7/0)
      [sid z_L] step 9000/10000  dev acc=0.014  (best 0.018, bad 8/0)
      [sid z_L] step 9250/10000  dev acc=0.016  (best 0.018, bad 9/0)
      [sid z_L] step 9500/10000  dev acc=0.016  (best 0.018, bad 10/0)
      [sid z_L] step 9750/10000  dev acc=0.014  (best 0.018, bad 11/0)
      [sid z_L] step 10000/10000  dev acc=0.016  (best 0.018, bad 12/0)
    z_L -> SID              acc test=0.006  (val 0.018)

==================================================================
  DIAGNOSTIC PROBE RESULTS - diag_finalstep_job2_statsgrl_clip_step12000_seed42
==================================================================
  Source       PR (PER↓)    SID (acc↑)
  --------  ------------  ------------
  z_L                nan         0.006
==================================================================

finished         : Wed 24 Jun 22:08:01 BST 2026
