=== Job 2 ablation: normalized GRL without dense context ===
train_seed : 42
probe_seed : 42
run_name   : job2_ablation_gradnorm_nodense
started    : Mon Jun 22 15:03:30 BST 2026
gpu        : NVIDIA A100-SXM4-80GB
=== Disentanglement  stage=2
=== device=cuda  bf16=True
=== K=5120  topk=256  D=1280
=== steps=12000  α=0.8  β=0.6  grl=1.0  ρ=0.0
[dis_data] loaded lexicon: 200,000 entries
[dis_data] loading train-clean-100 …
[dis_data]  251 speakers
[dis_data]  train=27539  val=500  test=500  vocab=74  speakers=251
[train] stage2_from_scratch=True — SAE/routing/heads start from initialization
[stage 2] frozen=596,973,362  trainable=17,478,282  device=cuda
[stage 2] speakers=251  vocab=74
[stage 2] α=0.8  β=0.6  grl=1.0  ρ=0.0  grl_p=0.5  hard_gumbel=True  spear_ln=True  dann_full_disc=True
[stage 2] steps=12000  batch=16
[dis_data] g2p_en loaded for OOV words
  step      1/12000  recon=0.3630  pr=16.6348  sid=5.5254  grl=5.5176(acc=0.000)  grl_p=16.5584(per=2.382)  dead=0.0%  L/P/U=3072/1024/1024  actL/P/U=160/64/32  H=nan  Hu=nan  spec<.5=nan  marg=nan  lstd=nan  lr=2.00e-07
  step    100/12000  recon=0.3270  pr=15.1151  sid=5.5332  grl=5.5156(acc=0.000)  grl_p=3.5396(per=1.000)  dead=0.0%  L/P/U=3072/1024/1024  actL/P/U=160/64/32  H=nan  Hu=nan  spec<.5=nan  marg=nan  lstd=nan  lr=2.00e-05
  step    200/12000  recon=0.3501  pr=7.2520  sid=5.5156  grl=5.3711(acc=0.000)  grl_p=1.3861(per=0.559)  dead=0.0%  L/P/U=3072/1024/1024  actL/P/U=160/64/32  H=nan  Hu=nan  spec<.5=nan  marg=nan  lstd=nan  lr=4.00e-05
  step    300/12000  recon=0.3259  pr=3.4522  sid=5.4746  grl=5.2090(acc=0.000)  grl_p=2.0210(per=0.645)  dead=0.0%  L/P/U=3072/1024/1024  actL/P/U=160/64/32  H=nan  Hu=nan  spec<.5=nan  marg=nan  lstd=nan  lr=6.00e-05
  step    400/12000  recon=0.2417  pr=2.1524  sid=5.4863  grl=5.3145(acc=0.000)  grl_p=3.4554(per=0.892)  dead=0.0%  L/P/U=3072/1024/1024  actL/P/U=160/64/32  H=nan  Hu=nan  spec<.5=nan  marg=nan  lstd=nan  lr=8.00e-05
  [grad_norms @500]
    recon             |g|=0.04542  ratio=1.000x recon
    pr_raw            |g|=0.48570  ratio=10.694x recon
    pr_weighted       |g|=0.38856  ratio=8.555x recon
    sid_raw           |g|=0.53870  ratio=11.861x recon
    sid_weighted      |g|=0.32322  ratio=7.117x recon
    grl               |g|=2.25728  ratio=49.701x recon
    grl_p             |g|=0.51155  ratio=11.263x recon
    route             |g|=0.00000  ratio=0.000x recon
    per-frame |dL/dz[t]|:  grl(z_L)=0.00099   grl_p(z_P)=0.00041   (grl_p/grl = 0.4x  <- pooled-vs-dense dilution)
  step    500/12000  recon=0.1844  pr=1.4336  sid=5.4941  grl=5.4922(acc=0.000)  grl_p=3.1100(per=0.924)  dead=0.0%  L/P/U=3072/1024/1024  actL/P/U=160/64/32  H=nan  Hu=nan  spec<.5=nan  marg=nan  lstd=nan  lr=1.00e-04
  step    600/12000  recon=0.1486  pr=1.0495  sid=5.4414  grl=5.4902(acc=0.000)  grl_p=2.9159(per=0.922)  dead=0.0%  L/P/U=3072/1024/1024  actL/P/U=160/64/32  H=nan  Hu=nan  spec<.5=nan  marg=nan  lstd=nan  lr=1.00e-04
  step    700/12000  recon=0.1312  pr=0.8629  sid=5.3633  grl=5.5723(acc=0.000)  grl_p=2.8466(per=0.916)  dead=0.0%  L/P/U=3072/1024/1024  actL/P/U=160/64/32  H=nan  Hu=nan  spec<.5=nan  marg=nan  lstd=nan  lr=9.99e-05
  step    800/12000  recon=0.1241  pr=0.8493  sid=5.3223  grl=5.5000(acc=0.000)  grl_p=2.9355(per=0.904)  dead=0.0%  L/P/U=3072/1024/1024  actL/P/U=160/64/32  H=nan  Hu=nan  spec<.5=nan  marg=nan  lstd=nan  lr=9.98e-05
  step    900/12000  recon=0.1184  pr=0.6771  sid=5.3066  grl=5.4590(acc=0.000)  grl_p=3.1763(per=0.950)  dead=0.0%  L/P/U=3072/1024/1024  actL/P/U=160/64/32  H=nan  Hu=nan  spec<.5=nan  marg=nan  lstd=nan  lr=9.97e-05
  [grad_norms @1000]
    recon             |g|=0.06426  ratio=1.000x recon
    pr_raw            |g|=0.29473  ratio=4.587x recon
    pr_weighted       |g|=0.23578  ratio=3.669x recon
    sid_raw           |g|=0.87279  ratio=13.582x recon
    sid_weighted      |g|=0.52367  ratio=8.149x recon
    grl               |g|=4.81171  ratio=74.880x recon
    grl_p             |g|=1.08941  ratio=16.953x recon
    route             |g|=0.00000  ratio=0.000x recon
    per-frame |dL/dz[t]|:  grl(z_L)=0.00068   grl_p(z_P)=0.00040   (grl_p/grl = 0.6x  <- pooled-vs-dense dilution)
  step   1000/12000  recon=0.1156  pr=0.6419  sid=5.1484  grl=5.6055(acc=0.000)  grl_p=3.2926(per=0.968)  dead=0.0%  L/P/U=3072/1024/1024  actL/P/U=160/64/32  H=nan  Hu=nan  spec<.5=nan  marg=nan  lstd=nan  lr=9.95e-05
  [val] step=1000  recon=0.1162  pr=0.6553  | z_L PR=0.195 SID=0.004  | z_P PR=0.972 SID=0.178
  ✓ best checkpoint (disent=1.0168  PER=0.195 sid=0.178) → /rds/user/bbg25/hpc-work/Thesis/Final-Proj/Disentanglement/checkpoints/job2_ablation_gradnorm_nodense/stage2_best.pt
  step   1100/12000  recon=0.1157  pr=0.6702  sid=5.0762  grl=5.5273(acc=0.000)  grl_p=3.1881(per=0.941)  dead=0.0%  L/P/U=3072/1024/1024  actL/P/U=160/64/32  H=nan  Hu=nan  spec<.5=nan  marg=nan  lstd=nan  lr=9.93e-05
  step   1200/12000  recon=0.1135  pr=0.5746  sid=4.9844  grl=5.5410(acc=0.000)  grl_p=3.2991(per=0.972)  dead=0.0%  L/P/U=3072/1024/1024  actL/P/U=160/64/32  H=nan  Hu=nan  spec<.5=nan  marg=nan  lstd=nan  lr=9.91e-05
  step   1300/12000  recon=0.1151  pr=0.5709  sid=4.8906  grl=5.5430(acc=0.000)  grl_p=2.9129(per=0.928)  dead=0.0%  L/P/U=3072/1024/1024  actL/P/U=160/64/32  H=nan  Hu=nan  spec<.5=nan  marg=nan  lstd=nan  lr=9.88e-05
  step   1400/12000  recon=0.1142  pr=0.5263  sid=4.7480  grl=5.5293(acc=0.000)  grl_p=3.0033(per=0.934)  dead=0.0%  L/P/U=3072/1024/1024  actL/P/U=160/64/32  H=nan  Hu=nan  spec<.5=nan  marg=nan  lstd=nan  lr=9.85e-05
  [grad_norms @1500]
    recon             |g|=0.06430  ratio=1.000x recon
    pr_raw            |g|=0.40900  ratio=6.361x recon
    pr_weighted       |g|=0.32720  ratio=5.089x recon
    sid_raw           |g|=1.77029  ratio=27.534x recon
    sid_weighted      |g|=1.06217  ratio=16.520x recon
    grl               |g|=0.34049  ratio=5.296x recon
    grl_p             |g|=1.51296  ratio=23.531x recon
    route             |g|=0.00000  ratio=0.000x recon
    per-frame |dL/dz[t]|:  grl(z_L)=0.00001   grl_p(z_P)=0.00045   (grl_p/grl = 39.2x  <- pooled-vs-dense dilution)
  step   1500/12000  recon=0.1126  pr=0.4829  sid=4.8223  grl=5.5566(acc=0.000)  grl_p=3.2169(per=0.957)  dead=0.0%  L/P/U=3072/1024/1024  actL/P/U=160/64/32  H=nan  Hu=nan  spec<.5=nan  marg=nan  lstd=nan  lr=9.82e-05
  step   1600/12000  recon=0.1137  pr=0.4411  sid=4.5742  grl=5.5020(acc=0.000)  grl_p=3.4448(per=0.989)  dead=0.0%  L/P/U=3072/1024/1024  actL/P/U=160/64/32  H=nan  Hu=nan  spec<.5=nan  marg=nan  lstd=nan  lr=9.78e-05
  step   1700/12000  recon=0.1145  pr=0.4330  sid=4.4287  grl=5.5059(acc=0.000)  grl_p=3.3505(per=0.972)  dead=0.0%  L/P/U=3072/1024/1024  actL/P/U=160/64/32  H=nan  Hu=nan  spec<.5=nan  marg=nan  lstd=nan  lr=9.74e-05
  step   1800/12000  recon=0.1181  pr=0.5266  sid=4.5713  grl=5.4883(acc=0.000)  grl_p=3.5747(per=1.000)  dead=0.0%  L/P/U=3072/1024/1024  actL/P/U=160/64/32  H=nan  Hu=nan  spec<.5=nan  marg=nan  lstd=nan  lr=9.69e-05
  step   1900/12000  recon=0.1189  pr=0.3521  sid=4.7383  grl=5.5273(acc=0.000)  grl_p=3.5162(per=0.998)  dead=0.1%  L/P/U=3072/1024/1024  actL/P/U=160/64/32  H=nan  Hu=nan  spec<.5=nan  marg=nan  lstd=nan  lr=9.64e-05
  [grad_norms @2000]
    recon             |g|=0.08487  ratio=1.000x recon
    pr_raw            |g|=0.41409  ratio=4.879x recon
    pr_weighted       |g|=0.33127  ratio=3.903x recon
    sid_raw           |g|=2.01273  ratio=23.714x recon
    sid_weighted      |g|=1.20764  ratio=14.229x recon
    grl               |g|=0.06439  ratio=0.759x recon
    grl_p             |g|=2.67520  ratio=31.520x recon
    route             |g|=0.00000  ratio=0.000x recon
    per-frame |dL/dz[t]|:  grl(z_L)=0.00000   grl_p(z_P)=0.00070   (grl_p/grl = 743.7x  <- pooled-vs-dense dilution)
  step   2000/12000  recon=0.1219  pr=0.4278  sid=4.7422  grl=5.5117(acc=0.000)  grl_p=3.3075(per=0.912)  dead=0.1%  L/P/U=3072/1024/1024  actL/P/U=160/64/32  H=nan  Hu=nan  spec<.5=nan  marg=nan  lstd=nan  lr=9.59e-05
  [val] step=2000  recon=0.1224  pr=0.3968  | z_L PR=0.099 SID=0.002  | z_P PR=0.926 SID=0.456
  ✓ best checkpoint (disent=0.6435  PER=0.099 sid=0.456) → /rds/user/bbg25/hpc-work/Thesis/Final-Proj/Disentanglement/checkpoints/job2_ablation_gradnorm_nodense/stage2_best.pt
  step   2100/12000  recon=0.1247  pr=0.5419  sid=4.7930  grl=5.4941(acc=0.062)  grl_p=2.7165(per=0.759)  dead=0.2%  L/P/U=3072/1024/1024  actL/P/U=160/64/32  H=nan  Hu=nan  spec<.5=nan  marg=nan  lstd=nan  lr=9.53e-05
  step   2200/12000  recon=0.1297  pr=0.3665  sid=5.4648  grl=5.4980(acc=0.000)  grl_p=1.7627(per=0.522)  dead=0.3%  L/P/U=3072/1024/1024  actL/P/U=160/64/32  H=nan  Hu=nan  spec<.5=nan  marg=nan  lstd=nan  lr=9.48e-05
  step   2300/12000  recon=0.1301  pr=0.3597  sid=5.5723  grl=5.5508(acc=0.000)  grl_p=1.2628(per=0.387)  dead=0.5%  L/P/U=3072/1024/1024  actL/P/U=160/64/32  H=nan  Hu=nan  spec<.5=nan  marg=nan  lstd=nan  lr=9.41e-05
  step   2400/12000  recon=0.1275  pr=0.4125  sid=5.4922  grl=5.4824(acc=0.062)  grl_p=1.3581(per=0.418)  dead=0.8%  L/P/U=3072/1024/1024  actL/P/U=160/64/32  H=nan  Hu=nan  spec<.5=nan  marg=nan  lstd=nan  lr=9.35e-05
  [grad_norms @2500]
    recon             |g|=0.09777  ratio=1.000x recon
    pr_raw            |g|=0.27379  ratio=2.800x recon
    pr_weighted       |g|=0.21904  ratio=2.240x recon
    sid_raw           |g|=2.65006  ratio=27.104x recon
    sid_weighted      |g|=1.59004  ratio=16.263x recon
    grl               |g|=0.20917  ratio=2.139x recon
    grl_p             |g|=2.49300  ratio=25.498x recon
    route             |g|=0.00000  ratio=0.000x recon
    per-frame |dL/dz[t]|:  grl(z_L)=0.00001   grl_p(z_P)=0.00088   (grl_p/grl = 125.9x  <- pooled-vs-dense dilution)
  step   2500/12000  recon=0.1271  pr=0.3539  sid=5.4531  grl=5.5039(acc=0.000)  grl_p=1.4503(per=0.413)  dead=1.1%  L/P/U=3072/1024/1024  actL/P/U=160/64/32  H=nan  Hu=nan  spec<.5=nan  marg=nan  lstd=nan  lr=9.28e-05
  step   2600/12000  recon=0.1249  pr=0.3230  sid=5.3691  grl=5.5254(acc=0.000)  grl_p=1.2989(per=0.423)  dead=1.4%  L/P/U=3072/1024/1024  actL/P/U=160/64/32  H=nan  Hu=nan  spec<.5=nan  marg=nan  lstd=nan  lr=9.21e-05
  step   2700/12000  recon=0.1247  pr=0.3826  sid=5.0293  grl=5.5000(acc=0.000)  grl_p=1.5434(per=0.471)  dead=1.7%  L/P/U=3072/1024/1024  actL/P/U=160/64/32  H=nan  Hu=nan  spec<.5=nan  marg=nan  lstd=nan  lr=9.13e-05
  step   2800/12000  recon=0.1265  pr=0.3318  sid=5.6016  grl=5.5293(acc=0.000)  grl_p=1.4020(per=0.436)  dead=1.7%  L/P/U=3072/1024/1024  actL/P/U=160/64/32  H=nan  Hu=nan  spec<.5=nan  marg=nan  lstd=nan  lr=9.05e-05
  step   2900/12000  recon=0.1251  pr=0.3821  sid=5.3105  grl=5.4609(acc=0.125)  grl_p=1.4247(per=0.461)  dead=1.7%  L/P/U=3072/1024/1024  actL/P/U=160/64/32  H=nan  Hu=nan  spec<.5=nan  marg=nan  lstd=nan  lr=8.97e-05
  [grad_norms @3000]
    recon             |g|=0.10442  ratio=1.000x recon
    pr_raw            |g|=0.30625  ratio=2.933x recon
    pr_weighted       |g|=0.24500  ratio=2.346x recon
    sid_raw           |g|=3.76439  ratio=36.050x recon
    sid_weighted      |g|=2.25864  ratio=21.630x recon
    grl               |g|=0.02911  ratio=0.279x recon
    grl_p             |g|=5.86236  ratio=56.142x recon
    route             |g|=0.00000  ratio=0.000x recon
    per-frame |dL/dz[t]|:  grl(z_L)=0.00000   grl_p(z_P)=0.00090   (grl_p/grl = 4568.3x  <- pooled-vs-dense dilution)
  step   3000/12000  recon=0.1208  pr=0.2847  sid=5.3301  grl=5.5762(acc=0.000)  grl_p=1.2675(per=0.422)  dead=1.8%  L/P/U=3072/1024/1024  actL/P/U=160/64/32  H=nan  Hu=nan  spec<.5=nan  marg=nan  lstd=nan  lr=8.89e-05
  [val] step=3000  recon=0.1232  pr=0.3473  | z_L PR=0.084 SID=0.002  | z_P PR=0.435 SID=0.116
  step   3100/12000  recon=0.1224  pr=0.4388  sid=5.2246  grl=5.4805(acc=0.000)  grl_p=1.5360(per=0.502)  dead=1.9%  L/P/U=3072/1024/1024  actL/P/U=160/64/32  H=nan  Hu=nan  spec<.5=nan  marg=nan  lstd=nan  lr=8.80e-05
  step   3200/12000  recon=0.1249  pr=0.3361  sid=5.1240  grl=5.4902(acc=0.000)  grl_p=1.4080(per=0.467)  dead=2.0%  L/P/U=3072/1024/1024  actL/P/U=160/64/32  H=nan  Hu=nan  spec<.5=nan  marg=nan  lstd=nan  lr=8.71e-05
  step   3300/12000  recon=0.1217  pr=0.2578  sid=5.2480  grl=5.5195(acc=0.000)  grl_p=1.2531(per=0.413)  dead=1.8%  L/P/U=3072/1024/1024  actL/P/U=160/64/32  H=nan  Hu=nan  spec<.5=nan  marg=nan  lstd=nan  lr=8.62e-05
  step   3400/12000  recon=0.1228  pr=0.3861  sid=5.0068  grl=5.5176(acc=0.000)  grl_p=1.4138(per=0.447)  dead=2.0%  L/P/U=3072/1024/1024  actL/P/U=160/64/32  H=nan  Hu=nan  spec<.5=nan  marg=nan  lstd=nan  lr=8.53e-05
  [grad_norms @3500]
    recon             |g|=0.10742  ratio=1.000x recon
    pr_raw            |g|=0.28011  ratio=2.608x recon
    pr_weighted       |g|=0.22409  ratio=2.086x recon
    sid_raw           |g|=2.69854  ratio=25.122x recon
    sid_weighted      |g|=1.61913  ratio=15.073x recon
    grl               |g|=0.00000  ratio=0.000x recon
    grl_p             |g|=3.50597  ratio=32.639x recon
    route             |g|=0.00000  ratio=0.000x recon
    per-frame |dL/dz[t]|:  grl(z_L)=0.00000   grl_p(z_P)=0.00107   (grl_p/grl = nanx  <- pooled-vs-dense dilution)
  step   3500/12000  recon=0.1215  pr=0.2610  sid=4.5400  grl=5.4922(acc=0.000)  grl_p=1.4173(per=0.484)  dead=2.4%  L/P/U=3072/1024/1024  actL/P/U=160/64/32  H=nan  Hu=nan  spec<.5=nan  marg=nan  lstd=nan  lr=8.43e-05
  step   3600/12000  recon=0.1212  pr=0.3208  sid=5.0605  grl=5.4941(acc=0.000)  grl_p=1.3126(per=0.413)  dead=2.6%  L/P/U=3072/1024/1024  actL/P/U=160/64/32  H=nan  Hu=nan  spec<.5=nan  marg=nan  lstd=nan  lr=8.33e-05
  step   3700/12000  recon=0.1227  pr=0.3076  sid=5.0801  grl=5.4707(acc=0.000)  grl_p=1.2857(per=0.427)  dead=2.3%  L/P/U=3072/1024/1024  actL/P/U=160/64/32  H=nan  Hu=nan  spec<.5=nan  marg=nan  lstd=nan  lr=8.23e-05
  step   3800/12000  recon=0.1227  pr=0.6652  sid=5.1113  grl=5.5293(acc=0.000)  grl_p=1.5800(per=0.409)  dead=2.2%  L/P/U=3072/1024/1024  actL/P/U=160/64/32  H=nan  Hu=nan  spec<.5=nan  marg=nan  lstd=nan  lr=8.12e-05
  step   3900/12000  recon=0.1206  pr=0.2875  sid=4.9727  grl=5.4805(acc=0.000)  grl_p=1.1622(per=0.413)  dead=2.3%  L/P/U=3072/1024/1024  actL/P/U=160/64/32  H=nan  Hu=nan  spec<.5=nan  marg=nan  lstd=nan  lr=8.01e-05
  [grad_norms @4000]
    recon             |g|=0.11032  ratio=1.000x recon
    pr_raw            |g|=0.29609  ratio=2.684x recon
    pr_weighted       |g|=0.23687  ratio=2.147x recon
    sid_raw           |g|=4.33642  ratio=39.308x recon
    sid_weighted      |g|=2.60185  ratio=23.585x recon
    grl               |g|=0.09028  ratio=0.818x recon
    grl_p             |g|=3.17803  ratio=28.808x recon
    route             |g|=0.00000  ratio=0.000x recon
    per-frame |dL/dz[t]|:  grl(z_L)=0.00000   grl_p(z_P)=0.00100   (grl_p/grl = 840.8x  <- pooled-vs-dense dilution)
  step   4000/12000  recon=0.1220  pr=0.3406  sid=4.8691  grl=5.5254(acc=0.000)  grl_p=1.2643(per=0.412)  dead=2.4%  L/P/U=3072/1024/1024  actL/P/U=160/64/32  H=nan  Hu=nan  spec<.5=nan  marg=nan  lstd=nan  lr=7.90e-05
  [val] step=4000  recon=0.1209  pr=0.3231  | z_L PR=0.079 SID=0.002  | z_P PR=0.418 SID=0.176
  step   4100/12000  recon=0.1225  pr=0.2758  sid=5.1426  grl=5.5176(acc=0.000)  grl_p=1.1943(per=0.391)  dead=2.3%  L/P/U=3072/1024/1024  actL/P/U=160/64/32  H=nan  Hu=nan  spec<.5=nan  marg=nan  lstd=nan  lr=7.79e-05
  step   4200/12000  recon=0.1205  pr=0.2867  sid=4.7646  grl=5.4727(acc=0.000)  grl_p=1.2454(per=0.426)  dead=2.4%  L/P/U=3072/1024/1024  actL/P/U=160/64/32  H=nan  Hu=nan  spec<.5=nan  marg=nan  lstd=nan  lr=7.68e-05
  step   4300/12000  recon=0.1217  pr=0.3402  sid=5.0430  grl=5.4961(acc=0.000)  grl_p=1.1983(per=0.388)  dead=2.3%  L/P/U=3072/1024/1024  actL/P/U=160/64/32  H=nan  Hu=nan  spec<.5=nan  marg=nan  lstd=nan  lr=7.56e-05
  step   4400/12000  recon=0.1194  pr=0.2755  sid=4.7305  grl=5.5215(acc=0.000)  grl_p=1.1923(per=0.391)  dead=2.4%  L/P/U=3072/1024/1024  actL/P/U=160/64/32  H=nan  Hu=nan  spec<.5=nan  marg=nan  lstd=nan  lr=7.45e-05
  [grad_norms @4500]
    recon             |g|=0.12405  ratio=1.000x recon
    pr_raw            |g|=0.26245  ratio=2.116x recon
    pr_weighted       |g|=0.20996  ratio=1.693x recon
    sid_raw           |g|=3.32816  ratio=26.829x recon
    sid_weighted      |g|=1.99689  ratio=16.097x recon
    grl               |g|=0.00000  ratio=0.000x recon
    grl_p             |g|=7.05300  ratio=56.856x recon
    route             |g|=0.00000  ratio=0.000x recon
    per-frame |dL/dz[t]|:  grl(z_L)=0.00000   grl_p(z_P)=0.00096   (grl_p/grl = nanx  <- pooled-vs-dense dilution)
  step   4500/12000  recon=0.1176  pr=0.2879  sid=4.7188  grl=5.5176(acc=0.062)  grl_p=1.1449(per=0.387)  dead=2.7%  L/P/U=3072/1024/1024  actL/P/U=160/64/32  H=nan  Hu=nan  spec<.5=nan  marg=nan  lstd=nan  lr=7.33e-05
  step   4600/12000  recon=0.1210  pr=0.3869  sid=4.7783  grl=5.4766(acc=0.000)  grl_p=1.2894(per=0.403)  dead=2.5%  L/P/U=3072/1024/1024  actL/P/U=160/64/32  H=nan  Hu=nan  spec<.5=nan  marg=nan  lstd=nan  lr=7.21e-05
  step   4700/12000  recon=0.1203  pr=0.3440  sid=4.9688  grl=5.5801(acc=0.000)  grl_p=1.1319(per=0.376)  dead=2.4%  L/P/U=3072/1024/1024  actL/P/U=160/64/32  H=nan  Hu=nan  spec<.5=nan  marg=nan  lstd=nan  lr=7.08e-05
  step   4800/12000  recon=0.1223  pr=0.3586  sid=4.7168  grl=5.5977(acc=0.000)  grl_p=1.0874(per=0.373)  dead=2.6%  L/P/U=3072/1024/1024  actL/P/U=160/64/32  H=nan  Hu=nan  spec<.5=nan  marg=nan  lstd=nan  lr=6.96e-05
  step   4900/12000  recon=0.1182  pr=0.2775  sid=4.8750  grl=5.5488(acc=0.000)  grl_p=1.1078(per=0.390)  dead=2.4%  L/P/U=3072/1024/1024  actL/P/U=160/64/32  H=nan  Hu=nan  spec<.5=nan  marg=nan  lstd=nan  lr=6.83e-05
  [grad_norms @5000]
    recon             |g|=0.10910  ratio=1.000x recon
    pr_raw            |g|=0.27707  ratio=2.540x recon
    pr_weighted       |g|=0.22165  ratio=2.032x recon
    sid_raw           |g|=2.02093  ratio=18.524x recon
    sid_weighted      |g|=1.21256  ratio=11.114x recon
    grl               |g|=0.02454  ratio=0.225x recon
    grl_p             |g|=3.32583  ratio=30.485x recon
    route             |g|=0.00000  ratio=0.000x recon
    per-frame |dL/dz[t]|:  grl(z_L)=0.00000   grl_p(z_P)=0.00099   (grl_p/grl = 9424.5x  <- pooled-vs-dense dilution)
  step   5000/12000  recon=0.1182  pr=0.2674  sid=4.6758  grl=5.5195(acc=0.000)  grl_p=1.0624(per=0.386)  dead=2.3%  L/P/U=3072/1024/1024  actL/P/U=160/64/32  H=nan  Hu=nan  spec<.5=nan  marg=nan  lstd=nan  lr=6.71e-05
  [val] step=5000  recon=0.1188  pr=0.3003  | z_L PR=0.075 SID=0.002  | z_P PR=0.379 SID=0.306
  step   5100/12000  recon=0.1196  pr=0.3355  sid=4.5254  grl=5.5645(acc=0.000)  grl_p=1.1660(per=0.403)  dead=2.2%  L/P/U=3072/1024/1024  actL/P/U=160/64/32  H=nan  Hu=nan  spec<.5=nan  marg=nan  lstd=nan  lr=6.58e-05
  step   5200/12000  recon=0.1191  pr=0.2562  sid=4.9414  grl=5.5000(acc=0.000)  grl_p=1.0230(per=0.355)  dead=2.3%  L/P/U=3072/1024/1024  actL/P/U=160/64/32  H=nan  Hu=nan  spec<.5=nan  marg=nan  lstd=nan  lr=6.45e-05
  step   5300/12000  recon=0.1187  pr=0.3024  sid=4.6885  grl=5.5020(acc=0.000)  grl_p=1.0420(per=0.354)  dead=2.3%  L/P/U=3072/1024/1024  actL/P/U=160/64/32  H=nan  Hu=nan  spec<.5=nan  marg=nan  lstd=nan  lr=6.32e-05
  step   5400/12000  recon=0.1172  pr=0.2624  sid=4.7178  grl=5.4805(acc=0.000)  grl_p=0.9798(per=0.365)  dead=2.1%  L/P/U=3072/1024/1024  actL/P/U=160/64/32  H=nan  Hu=nan  spec<.5=nan  marg=nan  lstd=nan  lr=6.19e-05
  [grad_norms @5500]
    recon             |g|=0.10790  ratio=1.000x recon
    pr_raw            |g|=0.30469  ratio=2.824x recon
    pr_weighted       |g|=0.24375  ratio=2.259x recon
    sid_raw           |g|=2.46435  ratio=22.840x recon
    sid_weighted      |g|=1.47861  ratio=13.704x recon
    grl               |g|=0.00000  ratio=0.000x recon
    grl_p             |g|=3.91074  ratio=36.245x recon
    route             |g|=0.00000  ratio=0.000x recon
    per-frame |dL/dz[t]|:  grl(z_L)=0.00000   grl_p(z_P)=0.00093   (grl_p/grl = nanx  <- pooled-vs-dense dilution)
  step   5500/12000  recon=0.1159  pr=0.2639  sid=4.7041  grl=5.5000(acc=0.000)  grl_p=1.0288(per=0.367)  dead=2.2%  L/P/U=3072/1024/1024  actL/P/U=160/64/32  H=nan  Hu=nan  spec<.5=nan  marg=nan  lstd=nan  lr=6.06e-05
  step   5600/12000  recon=0.1176  pr=0.2540  sid=4.6787  grl=5.4727(acc=0.000)  grl_p=1.0570(per=0.336)  dead=2.3%  L/P/U=3072/1024/1024  actL/P/U=160/64/32  H=nan  Hu=nan  spec<.5=nan  marg=nan  lstd=nan  lr=5.92e-05
  step   5700/12000  recon=0.1155  pr=0.2250  sid=4.4526  grl=5.4902(acc=0.062)  grl_p=1.0220(per=0.341)  dead=2.1%  L/P/U=3072/1024/1024  actL/P/U=160/64/32  H=nan  Hu=nan  spec<.5=nan  marg=nan  lstd=nan  lr=5.79e-05
  step   5800/12000  recon=0.1169  pr=0.2063  sid=4.6113  grl=5.6094(acc=0.000)  grl_p=0.9398(per=0.343)  dead=2.0%  L/P/U=3072/1024/1024  actL/P/U=160/64/32  H=nan  Hu=nan  spec<.5=nan  marg=nan  lstd=nan  lr=5.66e-05
  step   5900/12000  recon=0.1186  pr=0.2872  sid=4.5977  grl=5.4355(acc=0.000)  grl_p=0.9944(per=0.338)  dead=1.8%  L/P/U=3072/1024/1024  actL/P/U=160/64/32  H=nan  Hu=nan  spec<.5=nan  marg=nan  lstd=nan  lr=5.52e-05
  [grad_norms @6000]
    recon             |g|=0.11511  ratio=1.000x recon
    pr_raw            |g|=0.36203  ratio=3.145x recon
    pr_weighted       |g|=0.28963  ratio=2.516x recon
    sid_raw           |g|=4.07285  ratio=35.383x recon
    sid_weighted      |g|=2.44371  ratio=21.230x recon
    grl               |g|=0.00000  ratio=0.000x recon
    grl_p             |g|=3.84254  ratio=33.382x recon
    route             |g|=0.00000  ratio=0.000x recon
    per-frame |dL/dz[t]|:  grl(z_L)=0.00000   grl_p(z_P)=0.00093   (grl_p/grl = nanx  <- pooled-vs-dense dilution)
  step   6000/12000  recon=0.1170  pr=0.2793  sid=4.4873  grl=5.5352(acc=0.000)  grl_p=1.0209(per=0.327)  dead=1.8%  L/P/U=3072/1024/1024  actL/P/U=160/64/32  H=nan  Hu=nan  spec<.5=nan  marg=nan  lstd=nan  lr=5.39e-05
  [val] step=6000  recon=0.1166  pr=0.2826  | z_L PR=0.070 SID=0.002  | z_P PR=0.338 SID=0.408
  step   6100/12000  recon=0.1166  pr=0.2443  sid=4.5723  grl=5.4551(acc=0.000)  grl_p=0.9154(per=0.322)  dead=1.8%  L/P/U=3072/1024/1024  actL/P/U=160/64/32  H=nan  Hu=nan  spec<.5=nan  marg=nan  lstd=nan  lr=5.25e-05
  step   6200/12000  recon=0.1166  pr=0.2442  sid=4.5908  grl=5.4395(acc=0.000)  grl_p=0.9099(per=0.313)  dead=1.8%  L/P/U=3072/1024/1024  actL/P/U=160/64/32  H=nan  Hu=nan  spec<.5=nan  marg=nan  lstd=nan  lr=5.12e-05
  step   6300/12000  recon=0.1160  pr=0.2573  sid=4.1973  grl=5.5469(acc=0.000)  grl_p=0.9653(per=0.341)  dead=1.8%  L/P/U=3072/1024/1024  actL/P/U=160/64/32  H=nan  Hu=nan  spec<.5=nan  marg=nan  lstd=nan  lr=4.98e-05
  step   6400/12000  recon=0.1164  pr=0.2323  sid=4.5361  grl=5.5840(acc=0.000)  grl_p=0.8957(per=0.314)  dead=1.9%  L/P/U=3072/1024/1024  actL/P/U=160/64/32  H=nan  Hu=nan  spec<.5=nan  marg=nan  lstd=nan  lr=4.85e-05
  [grad_norms @6500]
    recon             |g|=0.11108  ratio=1.000x recon
    pr_raw            |g|=0.55578  ratio=5.004x recon
    pr_weighted       |g|=0.44463  ratio=4.003x recon
    sid_raw           |g|=6.32914  ratio=56.980x recon
    sid_weighted      |g|=3.79748  ratio=34.188x recon
    grl               |g|=0.00000  ratio=0.000x recon
    grl_p             |g|=3.72227  ratio=33.511x recon
    route             |g|=0.00000  ratio=0.000x recon
    per-frame |dL/dz[t]|:  grl(z_L)=0.00000   grl_p(z_P)=0.00100   (grl_p/grl = nanx  <- pooled-vs-dense dilution)
  step   6500/12000  recon=0.1166  pr=0.3114  sid=4.8203  grl=5.4961(acc=0.000)  grl_p=0.9642(per=0.305)  dead=1.9%  L/P/U=3072/1024/1024  actL/P/U=160/64/32  H=nan  Hu=nan  spec<.5=nan  marg=nan  lstd=nan  lr=4.71e-05
  step   6600/12000  recon=0.1171  pr=0.3085  sid=4.6172  grl=5.6250(acc=0.000)  grl_p=0.9987(per=0.311)  dead=1.9%  L/P/U=3072/1024/1024  actL/P/U=160/64/32  H=nan  Hu=nan  spec<.5=nan  marg=nan  lstd=nan  lr=4.58e-05
  step   6700/12000  recon=0.1157  pr=0.2795  sid=4.6211  grl=5.5645(acc=0.000)  grl_p=0.9086(per=0.301)  dead=1.8%  L/P/U=3072/1024/1024  actL/P/U=160/64/32  H=nan  Hu=nan  spec<.5=nan  marg=nan  lstd=nan  lr=4.44e-05
  step   6800/12000  recon=0.1149  pr=0.2160  sid=4.2217  grl=5.4980(acc=0.000)  grl_p=0.9294(per=0.303)  dead=1.9%  L/P/U=3072/1024/1024  actL/P/U=160/64/32  H=nan  Hu=nan  spec<.5=nan  marg=nan  lstd=nan  lr=4.31e-05
  step   6900/12000  recon=0.1163  pr=0.2497  sid=4.2832  grl=5.5254(acc=0.000)  grl_p=0.8795(per=0.304)  dead=1.9%  L/P/U=3072/1024/1024  actL/P/U=160/64/32  H=nan  Hu=nan  spec<.5=nan  marg=nan  lstd=nan  lr=4.18e-05
  [grad_norms @7000]
    recon             |g|=0.11322  ratio=1.000x recon
    pr_raw            |g|=0.35498  ratio=3.135x recon
    pr_weighted       |g|=0.28398  ratio=2.508x recon
    sid_raw           |g|=3.06666  ratio=27.086x recon
    sid_weighted      |g|=1.84000  ratio=16.251x recon
    grl               |g|=0.00000  ratio=0.000x recon
    grl_p             |g|=3.69880  ratio=32.669x recon
    route             |g|=0.00000  ratio=0.000x recon
    per-frame |dL/dz[t]|:  grl(z_L)=0.00000   grl_p(z_P)=0.00082   (grl_p/grl = nanx  <- pooled-vs-dense dilution)
  step   7000/12000  recon=0.1149  pr=0.2746  sid=4.3691  grl=5.4844(acc=0.000)  grl_p=0.9147(per=0.307)  dead=1.9%  L/P/U=3072/1024/1024  actL/P/U=160/64/32  H=nan  Hu=nan  spec<.5=nan  marg=nan  lstd=nan  lr=4.04e-05
  [val] step=7000  recon=0.1152  pr=0.2706  | z_L PR=0.067 SID=0.008  | z_P PR=0.307 SID=0.468
  ✓ best checkpoint (disent=0.5992  PER=0.067 sid=0.468) → /rds/user/bbg25/hpc-work/Thesis/Final-Proj/Disentanglement/checkpoints/job2_ablation_gradnorm_nodense/stage2_best.pt
  step   7100/12000  recon=0.1143  pr=0.3256  sid=4.1875  grl=5.5254(acc=0.000)  grl_p=0.9982(per=0.313)  dead=1.7%  L/P/U=3072/1024/1024  actL/P/U=160/64/32  H=nan  Hu=nan  spec<.5=nan  marg=nan  lstd=nan  lr=3.91e-05
  step   7200/12000  recon=0.1141  pr=0.3208  sid=4.2197  grl=5.4863(acc=0.000)  grl_p=0.9274(per=0.296)  dead=1.7%  L/P/U=3072/1024/1024  actL/P/U=160/64/32  H=nan  Hu=nan  spec<.5=nan  marg=nan  lstd=nan  lr=3.78e-05
  step   7300/12000  recon=0.1141  pr=0.2602  sid=4.5117  grl=5.5703(acc=0.000)  grl_p=0.8608(per=0.313)  dead=1.7%  L/P/U=3072/1024/1024  actL/P/U=160/64/32  H=nan  Hu=nan  spec<.5=nan  marg=nan  lstd=nan  lr=3.65e-05
  step   7400/12000  recon=0.1151  pr=0.2591  sid=4.2524  grl=5.5488(acc=0.000)  grl_p=0.8525(per=0.299)  dead=1.7%  L/P/U=3072/1024/1024  actL/P/U=160/64/32  H=nan  Hu=nan  spec<.5=nan  marg=nan  lstd=nan  lr=3.52e-05
  [grad_norms @7500]
    recon             |g|=0.10082  ratio=1.000x recon
    pr_raw            |g|=0.35283  ratio=3.500x recon
    pr_weighted       |g|=0.28226  ratio=2.800x recon
    sid_raw           |g|=2.76234  ratio=27.400x recon
    sid_weighted      |g|=1.65740  ratio=16.440x recon
    grl               |g|=0.00000  ratio=0.000x recon
    grl_p             |g|=3.13417  ratio=31.088x recon
    route             |g|=0.00000  ratio=0.000x recon
    per-frame |dL/dz[t]|:  grl(z_L)=0.00000   grl_p(z_P)=0.00076   (grl_p/grl = nanx  <- pooled-vs-dense dilution)
  step   7500/12000  recon=0.1161  pr=0.2911  sid=4.6240  grl=5.5781(acc=0.000)  grl_p=0.8903(per=0.313)  dead=1.5%  L/P/U=3072/1024/1024  actL/P/U=160/64/32  H=nan  Hu=nan  spec<.5=nan  marg=nan  lstd=nan  lr=3.39e-05
  step   7600/12000  recon=0.1121  pr=0.3070  sid=4.1641  grl=5.5684(acc=0.000)  grl_p=0.9428(per=0.281)  dead=1.6%  L/P/U=3072/1024/1024  actL/P/U=160/64/32  H=nan  Hu=nan  spec<.5=nan  marg=nan  lstd=nan  lr=3.27e-05
  step   7700/12000  recon=0.1147  pr=0.2805  sid=4.4922  grl=5.5156(acc=0.000)  grl_p=0.8828(per=0.279)  dead=1.7%  L/P/U=3072/1024/1024  actL/P/U=160/64/32  H=nan  Hu=nan  spec<.5=nan  marg=nan  lstd=nan  lr=3.14e-05
  step   7800/12000  recon=0.1137  pr=0.2286  sid=4.0488  grl=5.5664(acc=0.000)  grl_p=0.8929(per=0.298)  dead=1.7%  L/P/U=3072/1024/1024  actL/P/U=160/64/32  H=nan  Hu=nan  spec<.5=nan  marg=nan  lstd=nan  lr=3.02e-05
  step   7900/12000  recon=0.1125  pr=0.2938  sid=3.5833  grl=5.5000(acc=0.000)  grl_p=0.9143(per=0.285)  dead=1.6%  L/P/U=3072/1024/1024  actL/P/U=160/64/32  H=nan  Hu=nan  spec<.5=nan  marg=nan  lstd=nan  lr=2.89e-05
  [grad_norms @8000]
    recon             |g|=0.11503  ratio=1.000x recon
    pr_raw            |g|=0.42996  ratio=3.738x recon
    pr_weighted       |g|=0.34397  ratio=2.990x recon
    sid_raw           |g|=6.91182  ratio=60.085x recon
    sid_weighted      |g|=4.14709  ratio=36.051x recon
    grl               |g|=0.00000  ratio=0.000x recon
    grl_p             |g|=4.61159  ratio=40.089x recon
    route             |g|=0.00000  ratio=0.000x recon
    per-frame |dL/dz[t]|:  grl(z_L)=0.00000   grl_p(z_P)=0.00095   (grl_p/grl = nanx  <- pooled-vs-dense dilution)
  step   8000/12000  recon=0.1150  pr=0.2566  sid=4.2090  grl=5.4961(acc=0.000)  grl_p=0.8377(per=0.283)  dead=1.6%  L/P/U=3072/1024/1024  actL/P/U=160/64/32  H=nan  Hu=nan  spec<.5=nan  marg=nan  lstd=nan  lr=2.77e-05
  [val] step=8000  recon=0.1137  pr=0.2626  | z_L PR=0.064 SID=0.002  | z_P PR=0.291 SID=0.530
  ✓ best checkpoint (disent=0.5338  PER=0.064 sid=0.530) → /rds/user/bbg25/hpc-work/Thesis/Final-Proj/Disentanglement/checkpoints/job2_ablation_gradnorm_nodense/stage2_best.pt
  step   8100/12000  recon=0.1113  pr=0.2191  sid=3.9292  grl=5.5273(acc=0.000)  grl_p=0.8035(per=0.282)  dead=1.7%  L/P/U=3072/1024/1024  actL/P/U=160/64/32  H=nan  Hu=nan  spec<.5=nan  marg=nan  lstd=nan  lr=2.65e-05
  step   8200/12000  recon=0.1132  pr=0.2541  sid=4.3457  grl=5.5605(acc=0.000)  grl_p=0.8679(per=0.296)  dead=1.6%  L/P/U=3072/1024/1024  actL/P/U=160/64/32  H=nan  Hu=nan  spec<.5=nan  marg=nan  lstd=nan  lr=2.54e-05
  step   8300/12000  recon=0.1142  pr=0.2851  sid=4.0791  grl=5.5391(acc=0.000)  grl_p=0.8837(per=0.289)  dead=1.5%  L/P/U=3072/1024/1024  actL/P/U=160/64/32  H=nan  Hu=nan  spec<.5=nan  marg=nan  lstd=nan  lr=2.42e-05
  step   8400/12000  recon=0.1149  pr=0.2294  sid=4.2188  grl=5.5488(acc=0.000)  grl_p=0.8676(per=0.302)  dead=1.5%  L/P/U=3072/1024/1024  actL/P/U=160/64/32  H=nan  Hu=nan  spec<.5=nan  marg=nan  lstd=nan  lr=2.31e-05
  [grad_norms @8500]
    recon             |g|=0.10711  ratio=1.000x recon
    pr_raw            |g|=0.33477  ratio=3.126x recon
    pr_weighted       |g|=0.26782  ratio=2.500x recon
    sid_raw           |g|=7.34712  ratio=68.596x recon
    sid_weighted      |g|=4.40827  ratio=41.157x recon
    grl               |g|=0.27438  ratio=2.562x recon
    grl_p             |g|=2.82919  ratio=26.415x recon
    route             |g|=0.00000  ratio=0.000x recon
    per-frame |dL/dz[t]|:  grl(z_L)=0.00001   grl_p(z_P)=0.00080   (grl_p/grl = 129.1x  <- pooled-vs-dense dilution)
  step   8500/12000  recon=0.1140  pr=0.3178  sid=3.9785  grl=5.4961(acc=0.000)  grl_p=0.8775(per=0.301)  dead=1.6%  L/P/U=3072/1024/1024  actL/P/U=160/64/32  H=nan  Hu=nan  spec<.5=nan  marg=nan  lstd=nan  lr=2.20e-05
  step   8600/12000  recon=0.1134  pr=0.2392  sid=4.0225  grl=5.5078(acc=0.000)  grl_p=0.7969(per=0.285)  dead=1.7%  L/P/U=3072/1024/1024  actL/P/U=160/64/32  H=nan  Hu=nan  spec<.5=nan  marg=nan  lstd=nan  lr=2.09e-05
  step   8700/12000  recon=0.1135  pr=0.2664  sid=4.0571  grl=5.5488(acc=0.000)  grl_p=0.8718(per=0.262)  dead=1.6%  L/P/U=3072/1024/1024  actL/P/U=160/64/32  H=nan  Hu=nan  spec<.5=nan  marg=nan  lstd=nan  lr=1.98e-05
  step   8800/12000  recon=0.1125  pr=0.2030  sid=3.7349  grl=5.5020(acc=0.000)  grl_p=0.7910(per=0.289)  dead=1.6%  L/P/U=3072/1024/1024  actL/P/U=160/64/32  H=nan  Hu=nan  spec<.5=nan  marg=nan  lstd=nan  lr=1.87e-05
  step   8900/12000  recon=0.1127  pr=0.2718  sid=3.7812  grl=5.4707(acc=0.125)  grl_p=0.8807(per=0.272)  dead=1.7%  L/P/U=3072/1024/1024  actL/P/U=160/64/32  H=nan  Hu=nan  spec<.5=nan  marg=nan  lstd=nan  lr=1.77e-05
  [grad_norms @9000]
    recon             |g|=0.09510  ratio=1.000x recon
    pr_raw            |g|=0.30419  ratio=3.199x recon
    pr_weighted       |g|=0.24335  ratio=2.559x recon
    sid_raw           |g|=2.65537  ratio=27.921x recon
    sid_weighted      |g|=1.59322  ratio=16.753x recon
    grl               |g|=0.05149  ratio=0.541x recon
    grl_p             |g|=3.53598  ratio=37.181x recon
    route             |g|=0.00000  ratio=0.000x recon
    per-frame |dL/dz[t]|:  grl(z_L)=0.00000   grl_p(z_P)=0.00072   (grl_p/grl = 2540.7x  <- pooled-vs-dense dilution)
  step   9000/12000  recon=0.1134  pr=0.2336  sid=3.8950  grl=5.5098(acc=0.000)  grl_p=0.8019(per=0.274)  dead=1.7%  L/P/U=3072/1024/1024  actL/P/U=160/64/32  H=nan  Hu=nan  spec<.5=nan  marg=nan  lstd=nan  lr=1.67e-05
  [val] step=9000  recon=0.1129  pr=0.2586  | z_L PR=0.063 SID=0.002  | z_P PR=0.279 SID=0.558
  ✓ best checkpoint (disent=0.5048  PER=0.063 sid=0.558) → /rds/user/bbg25/hpc-work/Thesis/Final-Proj/Disentanglement/checkpoints/job2_ablation_gradnorm_nodense/stage2_best.pt
  step   9100/12000  recon=0.1135  pr=0.2408  sid=3.8423  grl=5.4746(acc=0.000)  grl_p=0.7642(per=0.264)  dead=1.6%  L/P/U=3072/1024/1024  actL/P/U=160/64/32  H=nan  Hu=nan  spec<.5=nan  marg=nan  lstd=nan  lr=1.57e-05
  step   9200/12000  recon=0.1129  pr=0.2022  sid=3.4492  grl=5.4668(acc=0.062)  grl_p=0.7620(per=0.257)  dead=1.6%  L/P/U=3072/1024/1024  actL/P/U=160/64/32  H=nan  Hu=nan  spec<.5=nan  marg=nan  lstd=nan  lr=1.48e-05
  step   9300/12000  recon=0.1136  pr=0.3345  sid=3.7003  grl=5.4844(acc=0.000)  grl_p=0.8635(per=0.276)  dead=1.4%  L/P/U=3072/1024/1024  actL/P/U=160/64/32  H=nan  Hu=nan  spec<.5=nan  marg=nan  lstd=nan  lr=1.39e-05
  step   9400/12000  recon=0.1135  pr=0.2563  sid=3.9590  grl=5.5586(acc=0.000)  grl_p=0.7691(per=0.259)  dead=1.4%  L/P/U=3072/1024/1024  actL/P/U=160/64/32  H=nan  Hu=nan  spec<.5=nan  marg=nan  lstd=nan  lr=1.30e-05
  [grad_norms @9500]
    recon             |g|=0.09128  ratio=1.000x recon
    pr_raw            |g|=0.24068  ratio=2.637x recon
    pr_weighted       |g|=0.19255  ratio=2.109x recon
    sid_raw           |g|=4.24020  ratio=46.452x recon
    sid_weighted      |g|=2.54412  ratio=27.871x recon
    grl               |g|=0.02386  ratio=0.261x recon
    grl_p             |g|=5.62374  ratio=61.609x recon
    route             |g|=0.00000  ratio=0.000x recon
    per-frame |dL/dz[t]|:  grl(z_L)=0.00000   grl_p(z_P)=0.00069   (grl_p/grl = 7256.3x  <- pooled-vs-dense dilution)
  step   9500/12000  recon=0.1114  pr=0.2443  sid=4.1064  grl=5.5273(acc=0.000)  grl_p=0.7879(per=0.256)  dead=1.5%  L/P/U=3072/1024/1024  actL/P/U=160/64/32  H=nan  Hu=nan  spec<.5=nan  marg=nan  lstd=nan  lr=1.21e-05
  step   9600/12000  recon=0.1137  pr=0.2842  sid=3.7297  grl=5.4902(acc=0.062)  grl_p=0.8566(per=0.282)  dead=1.5%  L/P/U=3072/1024/1024  actL/P/U=160/64/32  H=nan  Hu=nan  spec<.5=nan  marg=nan  lstd=nan  lr=1.13e-05
  step   9700/12000  recon=0.1134  pr=0.2947  sid=3.8140  grl=5.4629(acc=0.125)  grl_p=0.8792(per=0.302)  dead=1.6%  L/P/U=3072/1024/1024  actL/P/U=160/64/32  H=nan  Hu=nan  spec<.5=nan  marg=nan  lstd=nan  lr=1.05e-05
  step   9800/12000  recon=0.1128  pr=0.2704  sid=4.1729  grl=5.4727(acc=0.000)  grl_p=0.7917(per=0.254)  dead=1.5%  L/P/U=3072/1024/1024  actL/P/U=160/64/32  H=nan  Hu=nan  spec<.5=nan  marg=nan  lstd=nan  lr=9.67e-06
  step   9900/12000  recon=0.1128  pr=0.2193  sid=3.9355  grl=5.5469(acc=0.000)  grl_p=0.7740(per=0.283)  dead=1.5%  L/P/U=3072/1024/1024  actL/P/U=160/64/32  H=nan  Hu=nan  spec<.5=nan  marg=nan  lstd=nan  lr=8.92e-06
  [grad_norms @10000]
    recon             |g|=0.09240  ratio=1.000x recon
    pr_raw            |g|=0.29558  ratio=3.199x recon
    pr_weighted       |g|=0.23646  ratio=2.559x recon
    sid_raw           |g|=6.61605  ratio=71.601x recon
    sid_weighted      |g|=3.96963  ratio=42.961x recon
    grl               |g|=0.40519  ratio=4.385x recon
    grl_p             |g|=2.81724  ratio=30.489x recon
    route             |g|=0.00000  ratio=0.000x recon
    per-frame |dL/dz[t]|:  grl(z_L)=0.00001   grl_p(z_P)=0.00067   (grl_p/grl = 50.4x  <- pooled-vs-dense dilution)
  step  10000/12000  recon=0.1117  pr=0.2414  sid=4.3613  grl=5.5137(acc=0.000)  grl_p=0.7446(per=0.260)  dead=1.5%  L/P/U=3072/1024/1024  actL/P/U=160/64/32  H=nan  Hu=nan  spec<.5=nan  marg=nan  lstd=nan  lr=8.21e-06
  [val] step=10000  recon=0.1125  pr=0.2556  | z_L PR=0.063 SID=0.002  | z_P PR=0.269 SID=0.584
  ✓ best checkpoint (disent=0.4789  PER=0.063 sid=0.584) → /rds/user/bbg25/hpc-work/Thesis/Final-Proj/Disentanglement/checkpoints/job2_ablation_gradnorm_nodense/stage2_best.pt
  step  10100/12000  recon=0.1128  pr=0.2609  sid=4.0679  grl=5.5078(acc=0.000)  grl_p=0.7863(per=0.267)  dead=1.4%  L/P/U=3072/1024/1024  actL/P/U=160/64/32  H=nan  Hu=nan  spec<.5=nan  marg=nan  lstd=nan  lr=7.52e-06
  step  10200/12000  recon=0.1128  pr=0.2939  sid=4.0483  grl=5.5215(acc=0.000)  grl_p=0.7583(per=0.228)  dead=1.4%  L/P/U=3072/1024/1024  actL/P/U=160/64/32  H=nan  Hu=nan  spec<.5=nan  marg=nan  lstd=nan  lr=6.86e-06
  step  10300/12000  recon=0.1116  pr=0.1765  sid=3.5952  grl=5.4922(acc=0.000)  grl_p=0.6613(per=0.230)  dead=1.4%  L/P/U=3072/1024/1024  actL/P/U=160/64/32  H=nan  Hu=nan  spec<.5=nan  marg=nan  lstd=nan  lr=6.24e-06
  step  10400/12000  recon=0.1126  pr=0.1989  sid=4.0498  grl=5.5664(acc=0.000)  grl_p=0.6985(per=0.254)  dead=1.4%  L/P/U=3072/1024/1024  actL/P/U=160/64/32  H=nan  Hu=nan  spec<.5=nan  marg=nan  lstd=nan  lr=5.65e-06
  [grad_norms @10500]
    recon             |g|=0.09138  ratio=1.000x recon
    pr_raw            |g|=0.29821  ratio=3.263x recon
    pr_weighted       |g|=0.23857  ratio=2.611x recon
    sid_raw           |g|=4.43088  ratio=48.488x recon
    sid_weighted      |g|=2.65853  ratio=29.093x recon
    grl               |g|=0.52573  ratio=5.753x recon
    grl_p             |g|=3.09785  ratio=33.900x recon
    route             |g|=0.00000  ratio=0.000x recon
    per-frame |dL/dz[t]|:  grl(z_L)=0.00001   grl_p(z_P)=0.00068   (grl_p/grl = 60.6x  <- pooled-vs-dense dilution)
  step  10500/12000  recon=0.1109  pr=0.2293  sid=3.9326  grl=5.5215(acc=0.000)  grl_p=0.7208(per=0.263)  dead=1.4%  L/P/U=3072/1024/1024  actL/P/U=160/64/32  H=nan  Hu=nan  spec<.5=nan  marg=nan  lstd=nan  lr=5.10e-06
  step  10600/12000  recon=0.1129  pr=0.2523  sid=3.8940  grl=5.5508(acc=0.000)  grl_p=0.7642(per=0.263)  dead=1.5%  L/P/U=3072/1024/1024  actL/P/U=160/64/32  H=nan  Hu=nan  spec<.5=nan  marg=nan  lstd=nan  lr=4.58e-06
  step  10700/12000  recon=0.1143  pr=0.2197  sid=4.1494  grl=5.5898(acc=0.000)  grl_p=0.7297(per=0.266)  dead=1.4%  L/P/U=3072/1024/1024  actL/P/U=160/64/32  H=nan  Hu=nan  spec<.5=nan  marg=nan  lstd=nan  lr=4.09e-06
  step  10800/12000  recon=0.1095  pr=0.1866  sid=3.5027  grl=5.5625(acc=0.000)  grl_p=0.6562(per=0.234)  dead=1.3%  L/P/U=3072/1024/1024  actL/P/U=160/64/32  H=nan  Hu=nan  spec<.5=nan  marg=nan  lstd=nan  lr=3.64e-06
  step  10900/12000  recon=0.1145  pr=0.2030  sid=3.7690  grl=5.4941(acc=0.000)  grl_p=0.7182(per=0.267)  dead=1.4%  L/P/U=3072/1024/1024  actL/P/U=160/64/32  H=nan  Hu=nan  spec<.5=nan  marg=nan  lstd=nan  lr=3.22e-06
  [grad_norms @11000]
    recon             |g|=0.08376  ratio=1.000x recon
    pr_raw            |g|=0.32506  ratio=3.881x recon
    pr_weighted       |g|=0.26005  ratio=3.105x recon
    sid_raw           |g|=9.48196  ratio=113.202x recon
    sid_weighted      |g|=5.68918  ratio=67.921x recon
    grl               |g|=0.26982  ratio=3.221x recon
    grl_p             |g|=2.39406  ratio=28.582x recon
    route             |g|=0.00000  ratio=0.000x recon
    per-frame |dL/dz[t]|:  grl(z_L)=0.00001   grl_p(z_P)=0.00066   (grl_p/grl = 89.6x  <- pooled-vs-dense dilution)
  step  11000/12000  recon=0.1130  pr=0.2773  sid=4.1558  grl=5.5000(acc=0.062)  grl_p=0.8167(per=0.271)  dead=1.4%  L/P/U=3072/1024/1024  actL/P/U=160/64/32  H=nan  Hu=nan  spec<.5=nan  marg=nan  lstd=nan  lr=2.84e-06
  [val] step=11000  recon=0.1123  pr=0.2557  | z_L PR=0.062 SID=0.002  | z_P PR=0.263 SID=0.592
  ✓ best checkpoint (disent=0.4696  PER=0.062 sid=0.592) → /rds/user/bbg25/hpc-work/Thesis/Final-Proj/Disentanglement/checkpoints/job2_ablation_gradnorm_nodense/stage2_best.pt
  step  11100/12000  recon=0.1129  pr=0.2212  sid=4.2979  grl=5.5332(acc=0.000)  grl_p=0.7106(per=0.256)  dead=1.4%  L/P/U=3072/1024/1024  actL/P/U=160/64/32  H=nan  Hu=nan  spec<.5=nan  marg=nan  lstd=nan  lr=2.49e-06
  step  11200/12000  recon=0.1136  pr=0.2054  sid=4.0815  grl=5.5176(acc=0.000)  grl_p=0.6783(per=0.256)  dead=1.4%  L/P/U=3072/1024/1024  actL/P/U=160/64/32  H=nan  Hu=nan  spec<.5=nan  marg=nan  lstd=nan  lr=2.18e-06
  step  11300/12000  recon=0.1118  pr=0.2215  sid=3.5771  grl=5.4961(acc=0.000)  grl_p=0.7589(per=0.259)  dead=1.5%  L/P/U=3072/1024/1024  actL/P/U=160/64/32  H=nan  Hu=nan  spec<.5=nan  marg=nan  lstd=nan  lr=1.90e-06
  step  11400/12000  recon=0.1126  pr=0.2760  sid=3.8257  grl=5.5137(acc=0.000)  grl_p=0.8255(per=0.263)  dead=1.5%  L/P/U=3072/1024/1024  actL/P/U=160/64/32  H=nan  Hu=nan  spec<.5=nan  marg=nan  lstd=nan  lr=1.66e-06
  [grad_norms @11500]
    recon             |g|=0.08382  ratio=1.000x recon
    pr_raw            |g|=0.50954  ratio=6.079x recon
    pr_weighted       |g|=0.40763  ratio=4.863x recon
    sid_raw           |g|=11.21801  ratio=133.832x recon
    sid_weighted      |g|=6.73080  ratio=80.299x recon
    grl               |g|=0.51124  ratio=6.099x recon
    grl_p             |g|=6.84657  ratio=81.681x recon
    route             |g|=0.00000  ratio=0.000x recon
    per-frame |dL/dz[t]|:  grl(z_L)=0.00001   grl_p(z_P)=0.00069   (grl_p/grl = 57.0x  <- pooled-vs-dense dilution)
  step  11500/12000  recon=0.1117  pr=0.2922  sid=4.0312  grl=5.5254(acc=0.000)  grl_p=0.7433(per=0.239)  dead=1.6%  L/P/U=3072/1024/1024  actL/P/U=160/64/32  H=nan  Hu=nan  spec<.5=nan  marg=nan  lstd=nan  lr=1.46e-06
  step  11600/12000  recon=0.1128  pr=0.2823  sid=3.4301  grl=5.5312(acc=0.000)  grl_p=0.7675(per=0.251)  dead=1.5%  L/P/U=3072/1024/1024  actL/P/U=160/64/32  H=nan  Hu=nan  spec<.5=nan  marg=nan  lstd=nan  lr=1.30e-06
  step  11700/12000  recon=0.1123  pr=0.2724  sid=3.5928  grl=5.4707(acc=0.000)  grl_p=0.8375(per=0.275)  dead=1.3%  L/P/U=3072/1024/1024  actL/P/U=160/64/32  H=nan  Hu=nan  spec<.5=nan  marg=nan  lstd=nan  lr=1.17e-06
  step  11800/12000  recon=0.1118  pr=0.2582  sid=4.1255  grl=5.4883(acc=0.000)  grl_p=0.7608(per=0.246)  dead=1.4%  L/P/U=3072/1024/1024  actL/P/U=160/64/32  H=nan  Hu=nan  spec<.5=nan  marg=nan  lstd=nan  lr=1.07e-06
  step  11900/12000  recon=0.1145  pr=0.2141  sid=3.9224  grl=5.5605(acc=0.000)  grl_p=0.7801(per=0.274)  dead=1.4%  L/P/U=3072/1024/1024  actL/P/U=160/64/32  H=nan  Hu=nan  spec<.5=nan  marg=nan  lstd=nan  lr=1.02e-06
  [grad_norms @12000]
    recon             |g|=0.08355  ratio=1.000x recon
    pr_raw            |g|=0.34516  ratio=4.131x recon
    pr_weighted       |g|=0.27613  ratio=3.305x recon
    sid_raw           |g|=4.51942  ratio=54.090x recon
    sid_weighted      |g|=2.71165  ratio=32.454x recon
    grl               |g|=0.59871  ratio=7.166x recon
    grl_p             |g|=3.24074  ratio=38.787x recon
    route             |g|=0.00000  ratio=0.000x recon
    per-frame |dL/dz[t]|:  grl(z_L)=0.00002   grl_p(z_P)=0.00070   (grl_p/grl = 30.5x  <- pooled-vs-dense dilution)
  step  12000/12000  recon=0.1127  pr=0.2982  sid=3.8633  grl=5.5410(acc=0.000)  grl_p=0.8203(per=0.286)  dead=1.4%  L/P/U=3072/1024/1024  actL/P/U=160/64/32  H=nan  Hu=nan  spec<.5=nan  marg=nan  lstd=nan  lr=1.00e-06
  [val] step=12000  recon=0.1122  pr=0.2559  | z_L PR=0.062 SID=0.002  | z_P PR=0.261 SID=0.596
  ✓ best checkpoint (disent=0.4661  PER=0.062 sid=0.596) → /rds/user/bbg25/hpc-work/Thesis/Final-Proj/Disentanglement/checkpoints/job2_ablation_gradnorm_nodense/stage2_best.pt

[stage 2] done.  Best disent_score=0.4661  → /rds/user/bbg25/hpc-work/Thesis/Final-Proj/Disentanglement/checkpoints/job2_ablation_gradnorm_nodense/stage2_best.pt

[done]  best checkpoint → /rds/user/bbg25/hpc-work/Thesis/Final-Proj/Disentanglement/checkpoints/job2_ablation_gradnorm_nodense/stage2_best.pt

----- held-out diagnostic probe: z_L and z_P -----
Mon Jun 22 16:50:19 BST 2026
[diag_probe] run=diag_job2_ablation_gradnorm_nodense  device=cuda
[diag_probe] seed=42
[diag_probe] stage1_ckpt=/rds/user/bbg25/hpc-work/Thesis/Final-Proj/Disentanglement/checkpoints/job2_ablation_gradnorm_nodense/stage2_best.pt
[diag_probe] stage2_ckpt=/rds/user/bbg25/hpc-work/Thesis/Final-Proj/Disentanglement/checkpoints/job2_ablation_gradnorm_nodense/stage2_best.pt
[diag_probe] sources=['z_L', 'z_P']  tasks=['pr', 'sid']
[diag_probe] probe_steps=10000  pr_lr=0.0005  sid_lr=0.001  warmup=0  val_every=250  patience=8
[pr_data] loaded LibriSpeech lexicon: 200,000 entries
[pr_data] loading train-clean-100 …
[pr_data] loading dev-clean …
[pr_data] loading test-clean …
[pr_data]  train=28539  val=2703  test=2620  vocab_size=74
[dis_data] loaded lexicon: 200,000 entries
[dis_data] loading train-clean-100 …
[dis_data]  251 speakers
[dis_data]  train=27539  val=500  test=500  vocab=74  speakers=251
[train] WARNING: unexpected missing SAE keys: ['block_idx', 'block_m_L', 'block_m_P', 'block_m_U']
[train] loaded 3 SAE tensors from /rds/user/bbg25/hpc-work/Thesis/Final-Proj/Disentanglement/checkpoints/job2_ablation_gradnorm_nodense/stage2_best.pt  (step=12000  val=0.4661)
[diag_probe] loaded stage2 weights from /rds/user/bbg25/hpc-work/Thesis/Final-Proj/Disentanglement/checkpoints/job2_ablation_gradnorm_nodense/stage2_best.pt

[diag_probe] speakers=251  pr_vocab=74  D=1280  K=5120
[diag_probe] PR: SUPERB 74-phone — train-clean-100 → val=dev-clean, test=test-clean
[diag_probe] SID: closed-set utterance split (val/test held out); probe arch=stats
[diag_probe] reported metric = TEST (val shown in parentheses)

  training probe: z_L -> PR ...
[pr_data] g2p_en loaded for OOV words
      [pr z_L] step 250/10000  dev PER=0.081  (best 0.081, bad 0/8)
      [pr z_L] step 500/10000  dev PER=0.073  (best 0.073, bad 0/8)
      [pr z_L] step 750/10000  dev PER=0.072  (best 0.072, bad 0/8)
      [pr z_L] step 1000/10000  dev PER=0.066  (best 0.066, bad 0/8)
      [pr z_L] step 1250/10000  dev PER=0.065  (best 0.065, bad 0/8)
      [pr z_L] step 1500/10000  dev PER=0.072  (best 0.065, bad 1/8)
      [pr z_L] step 1750/10000  dev PER=0.066  (best 0.065, bad 2/8)
      [pr z_L] step 2000/10000  dev PER=0.070  (best 0.065, bad 3/8)
      [pr z_L] step 2250/10000  dev PER=0.067  (best 0.065, bad 4/8)
      [pr z_L] step 2500/10000  dev PER=0.063  (best 0.063, bad 0/8)
      [pr z_L] step 2750/10000  dev PER=0.066  (best 0.063, bad 1/8)
      [pr z_L] step 3000/10000  dev PER=0.063  (best 0.063, bad 0/8)
      [pr z_L] step 3250/10000  dev PER=0.064  (best 0.063, bad 1/8)
      [pr z_L] step 3500/10000  dev PER=0.064  (best 0.063, bad 2/8)
      [pr z_L] step 3750/10000  dev PER=0.067  (best 0.063, bad 3/8)
      [pr z_L] step 4000/10000  dev PER=0.068  (best 0.063, bad 4/8)
      [pr z_L] step 4250/10000  dev PER=0.065  (best 0.063, bad 5/8)
      [pr z_L] step 4500/10000  dev PER=0.063  (best 0.063, bad 6/8)
      [pr z_L] step 4750/10000  dev PER=0.070  (best 0.063, bad 7/8)
      [pr z_L] step 5000/10000  dev PER=0.067  (best 0.063, bad 8/8)
    z_L -> PR               PER test=0.066  (val 0.063)
  training probe: z_L -> SID ...
[dis_data] g2p_en loaded for OOV words
      [sid z_L] step 250/10000  dev acc=0.004  (best 0.004, bad 0/8)
      [sid z_L] step 500/10000  dev acc=0.004  (best 0.004, bad 1/8)
      [sid z_L] step 750/10000  dev acc=0.004  (best 0.004, bad 2/8)
      [sid z_L] step 1000/10000  dev acc=0.006  (best 0.006, bad 0/8)
      [sid z_L] step 1250/10000  dev acc=0.006  (best 0.006, bad 1/8)
      [sid z_L] step 1500/10000  dev acc=0.006  (best 0.006, bad 2/8)
      [sid z_L] step 1750/10000  dev acc=0.006  (best 0.006, bad 3/8)
      [sid z_L] step 2000/10000  dev acc=0.006  (best 0.006, bad 4/8)
      [sid z_L] step 2250/10000  dev acc=0.006  (best 0.006, bad 5/8)
      [sid z_L] step 2500/10000  dev acc=0.002  (best 0.006, bad 6/8)
      [sid z_L] step 2750/10000  dev acc=0.006  (best 0.006, bad 7/8)
      [sid z_L] step 3000/10000  dev acc=0.006  (best 0.006, bad 8/8)
    z_L -> SID              acc test=0.010  (val 0.006)
  training probe: z_P -> PR ...
      [pr z_P] step 250/10000  dev PER=0.892  (best 0.892, bad 0/8)
      [pr z_P] step 500/10000  dev PER=0.774  (best 0.774, bad 0/8)
      [pr z_P] step 750/10000  dev PER=0.722  (best 0.722, bad 0/8)
      [pr z_P] step 1000/10000  dev PER=0.638  (best 0.638, bad 0/8)
      [pr z_P] step 1250/10000  dev PER=0.586  (best 0.586, bad 0/8)
      [pr z_P] step 1500/10000  dev PER=0.580  (best 0.580, bad 0/8)
      [pr z_P] step 1750/10000  dev PER=0.568  (best 0.568, bad 0/8)
      [pr z_P] step 2000/10000  dev PER=0.558  (best 0.558, bad 0/8)
      [pr z_P] step 2250/10000  dev PER=0.555  (best 0.555, bad 0/8)
      [pr z_P] step 2500/10000  dev PER=0.556  (best 0.555, bad 1/8)
      [pr z_P] step 2750/10000  dev PER=0.558  (best 0.555, bad 2/8)
      [pr z_P] step 3000/10000  dev PER=0.557  (best 0.555, bad 3/8)
      [pr z_P] step 3250/10000  dev PER=0.553  (best 0.553, bad 0/8)
      [pr z_P] step 3500/10000  dev PER=0.553  (best 0.553, bad 0/8)
      [pr z_P] step 3750/10000  dev PER=0.554  (best 0.553, bad 1/8)
      [pr z_P] step 4000/10000  dev PER=0.554  (best 0.553, bad 2/8)
      [pr z_P] step 4250/10000  dev PER=0.550  (best 0.550, bad 0/8)
      [pr z_P] step 4500/10000  dev PER=0.550  (best 0.550, bad 0/8)
      [pr z_P] step 4750/10000  dev PER=0.547  (best 0.547, bad 0/8)
      [pr z_P] step 5000/10000  dev PER=0.550  (best 0.547, bad 1/8)
      [pr z_P] step 5250/10000  dev PER=0.554  (best 0.547, bad 2/8)
      [pr z_P] step 5500/10000  dev PER=0.553  (best 0.547, bad 3/8)
      [pr z_P] step 5750/10000  dev PER=0.551  (best 0.547, bad 4/8)
      [pr z_P] step 6000/10000  dev PER=0.551  (best 0.547, bad 5/8)
      [pr z_P] step 6250/10000  dev PER=0.546  (best 0.546, bad 0/8)
      [pr z_P] step 6500/10000  dev PER=0.551  (best 0.546, bad 1/8)
      [pr z_P] step 6750/10000  dev PER=0.547  (best 0.546, bad 2/8)
      [pr z_P] step 7000/10000  dev PER=0.546  (best 0.546, bad 3/8)
      [pr z_P] step 7250/10000  dev PER=0.548  (best 0.546, bad 4/8)
      [pr z_P] step 7500/10000  dev PER=0.548  (best 0.546, bad 5/8)
      [pr z_P] step 7750/10000  dev PER=0.547  (best 0.546, bad 6/8)
      [pr z_P] step 8000/10000  dev PER=0.547  (best 0.546, bad 7/8)
      [pr z_P] step 8250/10000  dev PER=0.549  (best 0.546, bad 8/8)
    z_P -> PR               PER test=0.544  (val 0.546)
  training probe: z_P -> SID ...
      [sid z_P] step 250/10000  dev acc=0.294  (best 0.294, bad 0/8)
      [sid z_P] step 500/10000  dev acc=0.524  (best 0.524, bad 0/8)
      [sid z_P] step 750/10000  dev acc=0.698  (best 0.698, bad 0/8)
      [sid z_P] step 1000/10000  dev acc=0.734  (best 0.734, bad 0/8)
      [sid z_P] step 1250/10000  dev acc=0.846  (best 0.846, bad 0/8)
      [sid z_P] step 1500/10000  dev acc=0.866  (best 0.866, bad 0/8)
      [sid z_P] step 1750/10000  dev acc=0.910  (best 0.910, bad 0/8)
      [sid z_P] step 2000/10000  dev acc=0.918  (best 0.918, bad 0/8)
      [sid z_P] step 2250/10000  dev acc=0.914  (best 0.918, bad 1/8)
      [sid z_P] step 2500/10000  dev acc=0.916  (best 0.918, bad 2/8)
      [sid z_P] step 2750/10000  dev acc=0.940  (best 0.940, bad 0/8)
      [sid z_P] step 3000/10000  dev acc=0.940  (best 0.940, bad 1/8)
      [sid z_P] step 3250/10000  dev acc=0.932  (best 0.940, bad 2/8)
      [sid z_P] step 3500/10000  dev acc=0.952  (best 0.952, bad 0/8)
      [sid z_P] step 3750/10000  dev acc=0.962  (best 0.962, bad 0/8)
      [sid z_P] step 4000/10000  dev acc=0.964  (best 0.964, bad 0/8)
      [sid z_P] step 4250/10000  dev acc=0.962  (best 0.964, bad 1/8)
      [sid z_P] step 4500/10000  dev acc=0.960  (best 0.964, bad 2/8)
      [sid z_P] step 4750/10000  dev acc=0.962  (best 0.964, bad 3/8)
      [sid z_P] step 5000/10000  dev acc=0.970  (best 0.970, bad 0/8)
      [sid z_P] step 5250/10000  dev acc=0.974  (best 0.974, bad 0/8)
      [sid z_P] step 5500/10000  dev acc=0.968  (best 0.974, bad 1/8)
      [sid z_P] step 5750/10000  dev acc=0.970  (best 0.974, bad 2/8)
      [sid z_P] step 6000/10000  dev acc=0.972  (best 0.974, bad 3/8)
      [sid z_P] step 6250/10000  dev acc=0.974  (best 0.974, bad 4/8)
      [sid z_P] step 6500/10000  dev acc=0.974  (best 0.974, bad 5/8)
      [sid z_P] step 6750/10000  dev acc=0.974  (best 0.974, bad 6/8)
      [sid z_P] step 7000/10000  dev acc=0.980  (best 0.980, bad 0/8)
      [sid z_P] step 7250/10000  dev acc=0.978  (best 0.980, bad 1/8)
      [sid z_P] step 7500/10000  dev acc=0.980  (best 0.980, bad 2/8)
      [sid z_P] step 7750/10000  dev acc=0.974  (best 0.980, bad 3/8)
      [sid z_P] step 8000/10000  dev acc=0.974  (best 0.980, bad 4/8)
      [sid z_P] step 8250/10000  dev acc=0.976  (best 0.980, bad 5/8)
      [sid z_P] step 8500/10000  dev acc=0.982  (best 0.982, bad 0/8)
      [sid z_P] step 8750/10000  dev acc=0.978  (best 0.982, bad 1/8)
      [sid z_P] step 9000/10000  dev acc=0.984  (best 0.984, bad 0/8)
      [sid z_P] step 9250/10000  dev acc=0.982  (best 0.984, bad 1/8)
      [sid z_P] step 9500/10000  dev acc=0.982  (best 0.984, bad 2/8)
      [sid z_P] step 9750/10000  dev acc=0.980  (best 0.984, bad 3/8)
      [sid z_P] step 10000/10000  dev acc=0.982  (best 0.984, bad 4/8)
    z_P -> SID              acc test=0.988  (val 0.984)

==================================================================
  DIAGNOSTIC PROBE RESULTS - diag_job2_ablation_gradnorm_nodense
==================================================================
  Source       PR (PER↓)    SID (acc↑)
  --------  ------------  ------------
  z_L              0.066         0.010
  z_P              0.544         0.988
==================================================================


Finished: Mon Jun 22 19:07:49 BST 2026
