=== attn_w2.0: speaker adv --grl_attention_pool  grl_weight=2.0 ===  Tue Jun 16 23:15:17 BST 2026
GPU NVIDIA A100-SXM4-80GB
=== Disentanglement  stage=2
=== device=cuda  bf16=True
=== K=5120  topk=256  D=1280
=== steps=12000  α=0.8  β=0.6  grl=2.0  ρ=0.0
[dis_data] loaded lexicon: 200,000 entries
[dis_data] loading train-clean-100 …
[dis_data]  251 speakers
[dis_data]  train=27539  val=500  test=500  vocab=74  speakers=251
[train] stage2_from_scratch=True — SAE/routing/heads start from initialization
[stage 2] frozen=596,973,362  trainable=17,608,587  device=cuda
[stage 2] speakers=251  vocab=74
[stage 2] α=0.8  β=0.6  grl=2.0  ρ=0.0  grl_p=0.5  hard_gumbel=True  spear_ln=True  dann_full_disc=True
[stage 2] steps=12000  batch=16
[dis_data] g2p_en loaded for OOV words
  step      1/12000  recon=0.3666  pr=18.6102  sid=5.5234  grl=5.4980  grl_p=18.5509  L/P/U=3072/1024/1024  actL/P/U=160/64/32  H=nan  Hu=nan  spec<.5=nan  marg=nan  lstd=nan  lr=2.00e-07
  step    100/12000  recon=0.3264  pr=16.6761  sid=5.5254  grl=5.6406  grl_p=3.5734  L/P/U=3072/1024/1024  actL/P/U=160/64/32  H=nan  Hu=nan  spec<.5=nan  marg=nan  lstd=nan  lr=2.00e-05
  step    200/12000  recon=0.3483  pr=7.5773  sid=5.5312  grl=4.6504  grl_p=1.8421  L/P/U=3072/1024/1024  actL/P/U=160/64/32  H=nan  Hu=nan  spec<.5=nan  marg=nan  lstd=nan  lr=4.00e-05
  step    300/12000  recon=0.3356  pr=3.6133  sid=5.4531  grl=2.7523  grl_p=2.1335  L/P/U=3072/1024/1024  actL/P/U=160/64/32  H=nan  Hu=nan  spec<.5=nan  marg=nan  lstd=nan  lr=6.00e-05
  step    400/12000  recon=0.2496  pr=2.6624  sid=5.4434  grl=3.5521  grl_p=3.6924  L/P/U=3072/1024/1024  actL/P/U=160/64/32  H=nan  Hu=nan  spec<.5=nan  marg=nan  lstd=nan  lr=8.00e-05
  [grad_norms @500]
    recon             |g|=0.03586  ratio=1.000x recon
    pr_raw            |g|=0.78840  ratio=21.987x recon
    pr_weighted       |g|=0.63072  ratio=17.590x recon
    sid_raw           |g|=0.46828  ratio=13.060x recon
    sid_weighted      |g|=0.28097  ratio=7.836x recon
    grl               |g|=2.78467  ratio=77.660x recon
    grl_p             |g|=0.60619  ratio=16.906x recon
    route             |g|=0.00000  ratio=0.000x recon
  step    500/12000  recon=0.1997  pr=1.6714  sid=5.4492  grl=4.7554  grl_p=2.8527  L/P/U=3072/1024/1024  actL/P/U=160/64/32  H=nan  Hu=nan  spec<.5=nan  marg=nan  lstd=nan  lr=1.00e-04
  step    600/12000  recon=0.1604  pr=1.2160  sid=5.4570  grl=5.2363  grl_p=2.9622  L/P/U=3072/1024/1024  actL/P/U=160/64/32  H=nan  Hu=nan  spec<.5=nan  marg=nan  lstd=nan  lr=1.00e-04
  step    700/12000  recon=0.1365  pr=0.9864  sid=5.3984  grl=4.7729  grl_p=2.8671  L/P/U=3072/1024/1024  actL/P/U=160/64/32  H=nan  Hu=nan  spec<.5=nan  marg=nan  lstd=nan  lr=9.99e-05
  step    800/12000  recon=0.1235  pr=0.8236  sid=5.4297  grl=4.9534  grl_p=3.0230  L/P/U=3072/1024/1024  actL/P/U=160/64/32  H=nan  Hu=nan  spec<.5=nan  marg=nan  lstd=nan  lr=9.98e-05
  step    900/12000  recon=0.1141  pr=0.7209  sid=5.3027  grl=4.4551  grl_p=2.9828  L/P/U=3072/1024/1024  actL/P/U=160/64/32  H=nan  Hu=nan  spec<.5=nan  marg=nan  lstd=nan  lr=9.97e-05
  [grad_norms @1000]
    recon             |g|=0.03214  ratio=1.000x recon
    pr_raw            |g|=0.35720  ratio=11.114x recon
    pr_weighted       |g|=0.28576  ratio=8.891x recon
    sid_raw           |g|=0.82751  ratio=25.747x recon
    sid_weighted      |g|=0.49651  ratio=15.448x recon
    grl               |g|=6.12896  ratio=190.693x recon
    grl_p             |g|=1.09996  ratio=34.224x recon
    route             |g|=0.00000  ratio=0.000x recon
  step   1000/12000  recon=0.1116  pr=0.7370  sid=5.1738  grl=4.7686  grl_p=3.1166  L/P/U=3072/1024/1024  actL/P/U=160/64/32  H=nan  Hu=nan  spec<.5=nan  marg=nan  lstd=nan  lr=9.95e-05
  [val] step=1000  recon=0.1106  pr=0.7045  PER=0.219  sid_acc=0.026
  ✓ best checkpoint (disent=1.1932  PER=0.219 sid=0.026) → /rds/user/bbg25/hpc-work/Thesis/Final-Proj/Disentanglement/checkpoints/grl_attn_w2.0/stage2_best.pt
  step   1100/12000  recon=0.1079  pr=0.7203  sid=5.1426  grl=4.9531  grl_p=3.2307  L/P/U=3072/1024/1024  actL/P/U=160/64/32  H=nan  Hu=nan  spec<.5=nan  marg=nan  lstd=nan  lr=9.93e-05
  step   1200/12000  recon=0.1054  pr=0.5573  sid=5.0723  grl=5.2910  grl_p=3.3151  L/P/U=3072/1024/1024  actL/P/U=160/64/32  H=nan  Hu=nan  spec<.5=nan  marg=nan  lstd=nan  lr=9.91e-05
  step   1300/12000  recon=0.1054  pr=0.5946  sid=5.0723  grl=4.0273  grl_p=3.1988  L/P/U=3072/1024/1024  actL/P/U=160/64/32  H=nan  Hu=nan  spec<.5=nan  marg=nan  lstd=nan  lr=9.88e-05
  step   1400/12000  recon=0.1046  pr=0.6278  sid=4.9570  grl=4.9854  grl_p=3.3323  L/P/U=3072/1024/1024  actL/P/U=160/64/32  H=nan  Hu=nan  spec<.5=nan  marg=nan  lstd=nan  lr=9.85e-05
  [grad_norms @1500]
    recon             |g|=0.02864  ratio=1.000x recon
    pr_raw            |g|=0.33292  ratio=11.625x recon
    pr_weighted       |g|=0.26634  ratio=9.300x recon
    sid_raw           |g|=1.27285  ratio=44.443x recon
    sid_weighted      |g|=0.76371  ratio=26.666x recon
    grl               |g|=9.27037  ratio=323.688x recon
    grl_p             |g|=1.24923  ratio=43.619x recon
    route             |g|=0.00000  ratio=0.000x recon
  step   1500/12000  recon=0.1039  pr=0.5994  sid=4.8516  grl=5.1279  grl_p=3.4461  L/P/U=3072/1024/1024  actL/P/U=160/64/32  H=nan  Hu=nan  spec<.5=nan  marg=nan  lstd=nan  lr=9.82e-05
  step   1600/12000  recon=0.1039  pr=0.5964  sid=4.6436  grl=5.6455  grl_p=3.4089  L/P/U=3072/1024/1024  actL/P/U=160/64/32  H=nan  Hu=nan  spec<.5=nan  marg=nan  lstd=nan  lr=9.78e-05
  step   1700/12000  recon=0.1043  pr=0.5694  sid=4.5928  grl=4.7881  grl_p=3.4000  L/P/U=3072/1024/1024  actL/P/U=160/64/32  H=nan  Hu=nan  spec<.5=nan  marg=nan  lstd=nan  lr=9.74e-05
  step   1800/12000  recon=0.1020  pr=0.4862  sid=4.6484  grl=4.5518  grl_p=3.3792  L/P/U=3072/1024/1024  actL/P/U=160/64/32  H=nan  Hu=nan  spec<.5=nan  marg=nan  lstd=nan  lr=9.69e-05
  step   1900/12000  recon=0.1009  pr=0.4846  sid=4.3457  grl=5.1128  grl_p=3.4580  L/P/U=3072/1024/1024  actL/P/U=160/64/32  H=nan  Hu=nan  spec<.5=nan  marg=nan  lstd=nan  lr=9.64e-05
  [grad_norms @2000]
    recon             |g|=0.03369  ratio=1.000x recon
    pr_raw            |g|=0.49869  ratio=14.804x recon
    pr_weighted       |g|=0.39895  ratio=11.843x recon
    sid_raw           |g|=1.41329  ratio=41.955x recon
    sid_weighted      |g|=0.84797  ratio=25.173x recon
    grl               |g|=13.78214  ratio=409.134x recon
    grl_p             |g|=1.15704  ratio=34.348x recon
    route             |g|=0.00000  ratio=0.000x recon
  step   2000/12000  recon=0.1036  pr=0.5835  sid=4.3047  grl=4.4004  grl_p=3.4876  L/P/U=3072/1024/1024  actL/P/U=160/64/32  H=nan  Hu=nan  spec<.5=nan  marg=nan  lstd=nan  lr=9.59e-05
  [val] step=2000  recon=0.1028  pr=0.5478  PER=0.147  sid_acc=0.610
  ✓ best checkpoint (disent=0.5370  PER=0.147 sid=0.610) → /rds/user/bbg25/hpc-work/Thesis/Final-Proj/Disentanglement/checkpoints/grl_attn_w2.0/stage2_best.pt
  step   2100/12000  recon=0.1048  pr=0.5033  sid=3.9961  grl=3.5312  grl_p=3.4530  L/P/U=3072/1024/1024  actL/P/U=160/64/32  H=nan  Hu=nan  spec<.5=nan  marg=nan  lstd=nan  lr=9.53e-05
  step   2200/12000  recon=0.1012  pr=0.5345  sid=4.0898  grl=4.1196  grl_p=3.4218  L/P/U=3072/1024/1024  actL/P/U=160/64/32  H=nan  Hu=nan  spec<.5=nan  marg=nan  lstd=nan  lr=9.48e-05
  step   2300/12000  recon=0.1041  pr=0.6373  sid=3.9336  grl=4.5825  grl_p=3.5205  L/P/U=3072/1024/1024  actL/P/U=160/64/32  H=nan  Hu=nan  spec<.5=nan  marg=nan  lstd=nan  lr=9.41e-05
  step   2400/12000  recon=0.1005  pr=0.4788  sid=3.9912  grl=3.6623  grl_p=3.4452  L/P/U=3072/1024/1024  actL/P/U=160/64/32  H=nan  Hu=nan  spec<.5=nan  marg=nan  lstd=nan  lr=9.35e-05
  [grad_norms @2500]
    recon             |g|=0.02831  ratio=1.000x recon
    pr_raw            |g|=0.41932  ratio=14.811x recon
    pr_weighted       |g|=0.33546  ratio=11.848x recon
    sid_raw           |g|=1.57769  ratio=55.724x recon
    sid_weighted      |g|=0.94661  ratio=33.435x recon
    grl               |g|=23.44588  ratio=828.116x recon
    grl_p             |g|=1.29547  ratio=45.757x recon
    route             |g|=0.00000  ratio=0.000x recon
  step   2500/12000  recon=0.1007  pr=0.5131  sid=3.8955  grl=4.4937  grl_p=3.4401  L/P/U=3072/1024/1024  actL/P/U=160/64/32  H=nan  Hu=nan  spec<.5=nan  marg=nan  lstd=nan  lr=9.28e-05
  step   2600/12000  recon=0.1023  pr=0.5616  sid=3.4873  grl=3.7817  grl_p=3.5049  L/P/U=3072/1024/1024  actL/P/U=160/64/32  H=nan  Hu=nan  spec<.5=nan  marg=nan  lstd=nan  lr=9.21e-05
  step   2700/12000  recon=0.1015  pr=0.5153  sid=3.6113  grl=3.9414  grl_p=3.4049  L/P/U=3072/1024/1024  actL/P/U=160/64/32  H=nan  Hu=nan  spec<.5=nan  marg=nan  lstd=nan  lr=9.13e-05
  step   2800/12000  recon=0.1017  pr=0.4615  sid=3.4424  grl=4.3242  grl_p=3.4310  L/P/U=3072/1024/1024  actL/P/U=160/64/32  H=nan  Hu=nan  spec<.5=nan  marg=nan  lstd=nan  lr=9.05e-05
  step   2900/12000  recon=0.1016  pr=0.6020  sid=3.3042  grl=4.0396  grl_p=3.4331  L/P/U=3072/1024/1024  actL/P/U=160/64/32  H=nan  Hu=nan  spec<.5=nan  marg=nan  lstd=nan  lr=8.97e-05
  [grad_norms @3000]
    recon             |g|=0.03111  ratio=1.000x recon
    pr_raw            |g|=0.57061  ratio=18.343x recon
    pr_weighted       |g|=0.45649  ratio=14.675x recon
    sid_raw           |g|=2.00177  ratio=64.351x recon
    sid_weighted      |g|=1.20106  ratio=38.611x recon
    grl               |g|=26.58652  ratio=854.680x recon
    grl_p             |g|=1.22856  ratio=39.495x recon
    route             |g|=0.00000  ratio=0.000x recon
  step   3000/12000  recon=0.1024  pr=0.6611  sid=3.1201  grl=3.3828  grl_p=3.4339  L/P/U=3072/1024/1024  actL/P/U=160/64/32  H=nan  Hu=nan  spec<.5=nan  marg=nan  lstd=nan  lr=8.89e-05
  [val] step=3000  recon=0.1012  pr=0.5294  PER=0.141  sid_acc=0.850
  ✓ best checkpoint (disent=0.2910  PER=0.141 sid=0.850) → /rds/user/bbg25/hpc-work/Thesis/Final-Proj/Disentanglement/checkpoints/grl_attn_w2.0/stage2_best.pt
  step   3100/12000  recon=0.1010  pr=0.5431  sid=3.0669  grl=3.6221  grl_p=3.4701  L/P/U=3072/1024/1024  actL/P/U=160/64/32  H=nan  Hu=nan  spec<.5=nan  marg=nan  lstd=nan  lr=8.80e-05
  step   3200/12000  recon=0.1021  pr=0.5874  sid=2.9355  grl=3.5288  grl_p=3.4019  L/P/U=3072/1024/1024  actL/P/U=160/64/32  H=nan  Hu=nan  spec<.5=nan  marg=nan  lstd=nan  lr=8.71e-05
  step   3300/12000  recon=0.0995  pr=0.5113  sid=3.0059  grl=3.8345  grl_p=3.4065  L/P/U=3072/1024/1024  actL/P/U=160/64/32  H=nan  Hu=nan  spec<.5=nan  marg=nan  lstd=nan  lr=8.62e-05
  step   3400/12000  recon=0.1025  pr=0.5618  sid=2.9160  grl=4.0049  grl_p=3.4561  L/P/U=3072/1024/1024  actL/P/U=160/64/32  H=nan  Hu=nan  spec<.5=nan  marg=nan  lstd=nan  lr=8.53e-05
  [grad_norms @3500]
    recon             |g|=0.02878  ratio=1.000x recon
    pr_raw            |g|=0.38853  ratio=13.498x recon
    pr_weighted       |g|=0.31083  ratio=10.798x recon
    sid_raw           |g|=1.64794  ratio=57.250x recon
    sid_weighted      |g|=0.98876  ratio=34.350x recon
    grl               |g|=29.05985  ratio=1009.551x recon
    grl_p             |g|=1.09755  ratio=38.129x recon
    route             |g|=0.00000  ratio=0.000x recon
  step   3500/12000  recon=0.1005  pr=0.5447  sid=2.6938  grl=3.8347  grl_p=3.4305  L/P/U=3072/1024/1024  actL/P/U=160/64/32  H=nan  Hu=nan  spec<.5=nan  marg=nan  lstd=nan  lr=8.43e-05
  step   3600/12000  recon=0.1022  pr=0.5265  sid=2.2513  grl=3.4142  grl_p=3.4736  L/P/U=3072/1024/1024  actL/P/U=160/64/32  H=nan  Hu=nan  spec<.5=nan  marg=nan  lstd=nan  lr=8.33e-05
  step   3700/12000  recon=0.1015  pr=0.5891  sid=2.2981  grl=3.0444  grl_p=3.4796  L/P/U=3072/1024/1024  actL/P/U=160/64/32  H=nan  Hu=nan  spec<.5=nan  marg=nan  lstd=nan  lr=8.23e-05
  step   3800/12000  recon=0.1008  pr=0.5279  sid=2.1555  grl=3.1608  grl_p=3.4232  L/P/U=3072/1024/1024  actL/P/U=160/64/32  H=nan  Hu=nan  spec<.5=nan  marg=nan  lstd=nan  lr=8.12e-05
  step   3900/12000  recon=0.1016  pr=0.6179  sid=2.1162  grl=4.1704  grl_p=3.5014  L/P/U=3072/1024/1024  actL/P/U=160/64/32  H=nan  Hu=nan  spec<.5=nan  marg=nan  lstd=nan  lr=8.01e-05
  [grad_norms @4000]
    recon             |g|=0.02947  ratio=1.000x recon
    pr_raw            |g|=0.41920  ratio=14.224x recon
    pr_weighted       |g|=0.33536  ratio=11.379x recon
    sid_raw           |g|=2.02629  ratio=68.754x recon
    sid_weighted      |g|=1.21578  ratio=41.252x recon
    grl               |g|=38.44503  ratio=1304.467x recon
    grl_p             |g|=1.17139  ratio=39.746x recon
    route             |g|=0.00000  ratio=0.000x recon
  step   4000/12000  recon=0.0995  pr=0.4384  sid=1.9872  grl=3.3315  grl_p=3.4188  L/P/U=3072/1024/1024  actL/P/U=160/64/32  H=nan  Hu=nan  spec<.5=nan  marg=nan  lstd=nan  lr=7.90e-05
  [val] step=4000  recon=0.1002  pr=0.5201  PER=0.139  sid_acc=0.922
  ✓ best checkpoint (disent=0.2171  PER=0.139 sid=0.922) → /rds/user/bbg25/hpc-work/Thesis/Final-Proj/Disentanglement/checkpoints/grl_attn_w2.0/stage2_best.pt
  step   4100/12000  recon=0.0996  pr=0.5478  sid=2.2471  grl=3.1001  grl_p=3.4745  L/P/U=3072/1024/1024  actL/P/U=160/64/32  H=nan  Hu=nan  spec<.5=nan  marg=nan  lstd=nan  lr=7.79e-05
  step   4200/12000  recon=0.1005  pr=0.5365  sid=1.9893  grl=3.3684  grl_p=3.4640  L/P/U=3072/1024/1024  actL/P/U=160/64/32  H=nan  Hu=nan  spec<.5=nan  marg=nan  lstd=nan  lr=7.68e-05
  step   4300/12000  recon=0.0999  pr=0.5454  sid=2.0707  grl=3.4394  grl_p=3.4633  L/P/U=3072/1024/1024  actL/P/U=160/64/32  H=nan  Hu=nan  spec<.5=nan  marg=nan  lstd=nan  lr=7.56e-05
  step   4400/12000  recon=0.1019  pr=0.6330  sid=1.6392  grl=3.2646  grl_p=3.4503  L/P/U=3072/1024/1024  actL/P/U=160/64/32  H=nan  Hu=nan  spec<.5=nan  marg=nan  lstd=nan  lr=7.45e-05
  [grad_norms @4500]
    recon             |g|=0.03101  ratio=1.000x recon
    pr_raw            |g|=0.40946  ratio=13.206x recon
    pr_weighted       |g|=0.32757  ratio=10.565x recon
    sid_raw           |g|=1.89898  ratio=61.247x recon
    sid_weighted      |g|=1.13939  ratio=36.748x recon
    grl               |g|=46.12490  ratio=1487.653x recon
    grl_p             |g|=0.97718  ratio=31.517x recon
    route             |g|=0.00000  ratio=0.000x recon
  step   4500/12000  recon=0.0990  pr=0.5716  sid=1.9997  grl=3.7573  grl_p=3.4674  L/P/U=3072/1024/1024  actL/P/U=160/64/32  H=nan  Hu=nan  spec<.5=nan  marg=nan  lstd=nan  lr=7.33e-05
  step   4600/12000  recon=0.0986  pr=0.4848  sid=1.9175  grl=3.1985  grl_p=3.4351  L/P/U=3072/1024/1024  actL/P/U=160/64/32  H=nan  Hu=nan  spec<.5=nan  marg=nan  lstd=nan  lr=7.21e-05
  step   4700/12000  recon=0.1001  pr=0.5632  sid=1.6743  grl=3.5298  grl_p=3.4632  L/P/U=3072/1024/1024  actL/P/U=160/64/32  H=nan  Hu=nan  spec<.5=nan  marg=nan  lstd=nan  lr=7.08e-05
  step   4800/12000  recon=0.1003  pr=0.5938  sid=1.4918  grl=3.5618  grl_p=3.4593  L/P/U=3072/1024/1024  actL/P/U=160/64/32  H=nan  Hu=nan  spec<.5=nan  marg=nan  lstd=nan  lr=6.96e-05
  step   4900/12000  recon=0.0983  pr=0.4724  sid=1.3987  grl=3.6440  grl_p=3.4831  L/P/U=3072/1024/1024  actL/P/U=160/64/32  H=nan  Hu=nan  spec<.5=nan  marg=nan  lstd=nan  lr=6.83e-05
  [grad_norms @5000]
    recon             |g|=0.03290  ratio=1.000x recon
    pr_raw            |g|=0.90425  ratio=27.483x recon
    pr_weighted       |g|=0.72340  ratio=21.987x recon
    sid_raw           |g|=1.69684  ratio=51.573x recon
    sid_weighted      |g|=1.01810  ratio=30.944x recon
    grl               |g|=48.71501  ratio=1480.620x recon
    grl_p             |g|=1.12612  ratio=34.227x recon
    route             |g|=0.00000  ratio=0.000x recon
  step   5000/12000  recon=0.1001  pr=0.5861  sid=1.4122  grl=3.9062  grl_p=3.5338  L/P/U=3072/1024/1024  actL/P/U=160/64/32  H=nan  Hu=nan  spec<.5=nan  marg=nan  lstd=nan  lr=6.71e-05
  [val] step=5000  recon=0.0996  pr=0.5092  PER=0.134  sid_acc=0.968
  ✓ best checkpoint (disent=0.1655  PER=0.134 sid=0.968) → /rds/user/bbg25/hpc-work/Thesis/Final-Proj/Disentanglement/checkpoints/grl_attn_w2.0/stage2_best.pt
  step   5100/12000  recon=0.0987  pr=0.4532  sid=1.0674  grl=3.4524  grl_p=3.4041  L/P/U=3072/1024/1024  actL/P/U=160/64/32  H=nan  Hu=nan  spec<.5=nan  marg=nan  lstd=nan  lr=6.58e-05
  step   5200/12000  recon=0.0990  pr=0.4809  sid=1.3083  grl=2.8143  grl_p=3.4474  L/P/U=3072/1024/1024  actL/P/U=160/64/32  H=nan  Hu=nan  spec<.5=nan  marg=nan  lstd=nan  lr=6.45e-05
  step   5300/12000  recon=0.0996  pr=0.4906  sid=1.4795  grl=3.5539  grl_p=3.4685  L/P/U=3072/1024/1024  actL/P/U=160/64/32  H=nan  Hu=nan  spec<.5=nan  marg=nan  lstd=nan  lr=6.32e-05
  step   5400/12000  recon=0.0989  pr=0.4752  sid=1.2592  grl=2.9363  grl_p=3.4747  L/P/U=3072/1024/1024  actL/P/U=160/64/32  H=nan  Hu=nan  spec<.5=nan  marg=nan  lstd=nan  lr=6.19e-05
  [grad_norms @5500]
    recon             |g|=0.03563  ratio=1.000x recon
    pr_raw            |g|=0.72753  ratio=20.418x recon
    pr_weighted       |g|=0.58202  ratio=16.334x recon
    sid_raw           |g|=1.55110  ratio=43.531x recon
    sid_weighted      |g|=0.93066  ratio=26.119x recon
    grl               |g|=43.37438  ratio=1217.292x recon
    grl_p             |g|=0.98743  ratio=27.712x recon
    route             |g|=0.00000  ratio=0.000x recon
  step   5500/12000  recon=0.0981  pr=0.5136  sid=0.9342  grl=1.9792  grl_p=3.4561  L/P/U=3072/1024/1024  actL/P/U=160/64/32  H=nan  Hu=nan  spec<.5=nan  marg=nan  lstd=nan  lr=6.06e-05
  step   5600/12000  recon=0.0977  pr=0.5208  sid=1.2822  grl=2.9143  grl_p=3.4440  L/P/U=3072/1024/1024  actL/P/U=160/64/32  H=nan  Hu=nan  spec<.5=nan  marg=nan  lstd=nan  lr=5.92e-05
  step   5700/12000  recon=0.1006  pr=0.5441  sid=0.9197  grl=2.2329  grl_p=3.4756  L/P/U=3072/1024/1024  actL/P/U=160/64/32  H=nan  Hu=nan  spec<.5=nan  marg=nan  lstd=nan  lr=5.79e-05
  step   5800/12000  recon=0.0993  pr=0.5505  sid=0.9106  grl=2.8931  grl_p=3.4973  L/P/U=3072/1024/1024  actL/P/U=160/64/32  H=nan  Hu=nan  spec<.5=nan  marg=nan  lstd=nan  lr=5.66e-05
  step   5900/12000  recon=0.0996  pr=0.4760  sid=0.8519  grl=2.4285  grl_p=3.4021  L/P/U=3072/1024/1024  actL/P/U=160/64/32  H=nan  Hu=nan  spec<.5=nan  marg=nan  lstd=nan  lr=5.52e-05
  [grad_norms @6000]
    recon             |g|=0.03304  ratio=1.000x recon
    pr_raw            |g|=0.42242  ratio=12.784x recon
    pr_weighted       |g|=0.33794  ratio=10.228x recon
    sid_raw           |g|=1.53104  ratio=46.336x recon
    sid_weighted      |g|=0.91863  ratio=27.802x recon
    grl               |g|=41.27944  ratio=1249.299x recon
    grl_p             |g|=0.79633  ratio=24.100x recon
    route             |g|=0.00000  ratio=0.000x recon
  step   6000/12000  recon=0.0988  pr=0.4764  sid=0.9725  grl=2.5258  grl_p=3.4306  L/P/U=3072/1024/1024  actL/P/U=160/64/32  H=nan  Hu=nan  spec<.5=nan  marg=nan  lstd=nan  lr=5.39e-05
  [val] step=6000  recon=0.0992  pr=0.4979  PER=0.130  sid_acc=0.984
  ✓ best checkpoint (disent=0.1464  PER=0.130 sid=0.984) → /rds/user/bbg25/hpc-work/Thesis/Final-Proj/Disentanglement/checkpoints/grl_attn_w2.0/stage2_best.pt
  step   6100/12000  recon=0.0988  pr=0.5348  sid=0.7067  grl=3.2186  grl_p=3.5079  L/P/U=3072/1024/1024  actL/P/U=160/64/32  H=nan  Hu=nan  spec<.5=nan  marg=nan  lstd=nan  lr=5.25e-05
  step   6200/12000  recon=0.1001  pr=0.5371  sid=0.9931  grl=3.9916  grl_p=3.4933  L/P/U=3072/1024/1024  actL/P/U=160/64/32  H=nan  Hu=nan  spec<.5=nan  marg=nan  lstd=nan  lr=5.12e-05
  step   6300/12000  recon=0.1012  pr=0.5564  sid=0.7516  grl=2.3569  grl_p=3.4901  L/P/U=3072/1024/1024  actL/P/U=160/64/32  H=nan  Hu=nan  spec<.5=nan  marg=nan  lstd=nan  lr=4.98e-05
  step   6400/12000  recon=0.0995  pr=0.4875  sid=0.7460  grl=2.5995  grl_p=3.4809  L/P/U=3072/1024/1024  actL/P/U=160/64/32  H=nan  Hu=nan  spec<.5=nan  marg=nan  lstd=nan  lr=4.85e-05
  [grad_norms @6500]
    recon             |g|=0.03418  ratio=1.000x recon
    pr_raw            |g|=0.51663  ratio=15.114x recon
    pr_weighted       |g|=0.41330  ratio=12.091x recon
    sid_raw           |g|=1.36919  ratio=40.055x recon
    sid_weighted      |g|=0.82152  ratio=24.033x recon
    grl               |g|=52.79134  ratio=1544.383x recon
    grl_p             |g|=0.72226  ratio=21.129x recon
    route             |g|=0.00000  ratio=0.000x recon
  step   6500/12000  recon=0.0983  pr=0.4771  sid=0.7535  grl=2.4935  grl_p=3.4383  L/P/U=3072/1024/1024  actL/P/U=160/64/32  H=nan  Hu=nan  spec<.5=nan  marg=nan  lstd=nan  lr=4.71e-05
  step   6600/12000  recon=0.0989  pr=0.4782  sid=0.6825  grl=2.7288  grl_p=3.4592  L/P/U=3072/1024/1024  actL/P/U=160/64/32  H=nan  Hu=nan  spec<.5=nan  marg=nan  lstd=nan  lr=4.58e-05
  step   6700/12000  recon=0.0992  pr=0.5014  sid=0.5669  grl=3.7146  grl_p=3.4603  L/P/U=3072/1024/1024  actL/P/U=160/64/32  H=nan  Hu=nan  spec<.5=nan  marg=nan  lstd=nan  lr=4.44e-05
  step   6800/12000  recon=0.0984  pr=0.4282  sid=0.5914  grl=3.1086  grl_p=3.4727  L/P/U=3072/1024/1024  actL/P/U=160/64/32  H=nan  Hu=nan  spec<.5=nan  marg=nan  lstd=nan  lr=4.31e-05
  step   6900/12000  recon=0.0972  pr=0.4209  sid=0.8574  grl=2.3837  grl_p=3.4294  L/P/U=3072/1024/1024  actL/P/U=160/64/32  H=nan  Hu=nan  spec<.5=nan  marg=nan  lstd=nan  lr=4.18e-05
  [grad_norms @7000]
    recon             |g|=0.03591  ratio=1.000x recon
    pr_raw            |g|=0.51719  ratio=14.401x recon
    pr_weighted       |g|=0.41375  ratio=11.521x recon
    sid_raw           |g|=1.14187  ratio=31.796x recon
    sid_weighted      |g|=0.68512  ratio=19.078x recon
    grl               |g|=55.11313  ratio=1534.668x recon
    grl_p             |g|=0.71479  ratio=19.904x recon
    route             |g|=0.00000  ratio=0.000x recon
  step   7000/12000  recon=0.0985  pr=0.4829  sid=0.5397  grl=2.3132  grl_p=3.4983  L/P/U=3072/1024/1024  actL/P/U=160/64/32  H=nan  Hu=nan  spec<.5=nan  marg=nan  lstd=nan  lr=4.04e-05
  [val] step=7000  recon=0.0988  pr=0.4845  PER=0.127  sid_acc=0.994
  ✓ best checkpoint (disent=0.1329  PER=0.127 sid=0.994) → /rds/user/bbg25/hpc-work/Thesis/Final-Proj/Disentanglement/checkpoints/grl_attn_w2.0/stage2_best.pt
  step   7100/12000  recon=0.0979  pr=0.4475  sid=0.4457  grl=1.9525  grl_p=3.4615  L/P/U=3072/1024/1024  actL/P/U=160/64/32  H=nan  Hu=nan  spec<.5=nan  marg=nan  lstd=nan  lr=3.91e-05
  step   7200/12000  recon=0.0976  pr=0.4115  sid=0.7516  grl=1.7494  grl_p=3.4579  L/P/U=3072/1024/1024  actL/P/U=160/64/32  H=nan  Hu=nan  spec<.5=nan  marg=nan  lstd=nan  lr=3.78e-05
  step   7300/12000  recon=0.0993  pr=0.4610  sid=0.4306  grl=1.6480  grl_p=3.4762  L/P/U=3072/1024/1024  actL/P/U=160/64/32  H=nan  Hu=nan  spec<.5=nan  marg=nan  lstd=nan  lr=3.65e-05
  step   7400/12000  recon=0.0988  pr=0.5058  sid=0.3976  grl=3.0597  grl_p=3.4898  L/P/U=3072/1024/1024  actL/P/U=160/64/32  H=nan  Hu=nan  spec<.5=nan  marg=nan  lstd=nan  lr=3.52e-05
  [grad_norms @7500]
    recon             |g|=0.03668  ratio=1.000x recon
    pr_raw            |g|=0.59550  ratio=16.237x recon
    pr_weighted       |g|=0.47640  ratio=12.990x recon
    sid_raw           |g|=1.66072  ratio=45.281x recon
    sid_weighted      |g|=0.99643  ratio=27.169x recon
    grl               |g|=56.04786  ratio=1528.207x recon
    grl_p             |g|=0.62933  ratio=17.159x recon
    route             |g|=0.00000  ratio=0.000x recon
  step   7500/12000  recon=0.0990  pr=0.4971  sid=0.7812  grl=3.0405  grl_p=3.5180  L/P/U=3072/1024/1024  actL/P/U=160/64/32  H=nan  Hu=nan  spec<.5=nan  marg=nan  lstd=nan  lr=3.39e-05
  step   7600/12000  recon=0.0977  pr=0.4980  sid=0.5092  grl=2.6953  grl_p=3.4668  L/P/U=3072/1024/1024  actL/P/U=160/64/32  H=nan  Hu=nan  spec<.5=nan  marg=nan  lstd=nan  lr=3.27e-05
  step   7700/12000  recon=0.0996  pr=0.4338  sid=0.4989  grl=1.5049  grl_p=3.4867  L/P/U=3072/1024/1024  actL/P/U=160/64/32  H=nan  Hu=nan  spec<.5=nan  marg=nan  lstd=nan  lr=3.14e-05
  step   7800/12000  recon=0.0981  pr=0.4856  sid=0.4684  grl=2.7689  grl_p=3.4866  L/P/U=3072/1024/1024  actL/P/U=160/64/32  H=nan  Hu=nan  spec<.5=nan  marg=nan  lstd=nan  lr=3.02e-05
  step   7900/12000  recon=0.1000  pr=0.4827  sid=0.5250  grl=2.5979  grl_p=3.4583  L/P/U=3072/1024/1024  actL/P/U=160/64/32  H=nan  Hu=nan  spec<.5=nan  marg=nan  lstd=nan  lr=2.89e-05
  [grad_norms @8000]
    recon             |g|=0.03668  ratio=1.000x recon
    pr_raw            |g|=0.56385  ratio=15.372x recon
    pr_weighted       |g|=0.45108  ratio=12.298x recon
    sid_raw           |g|=1.23250  ratio=33.602x recon
    sid_weighted      |g|=0.73950  ratio=20.161x recon
    grl               |g|=64.72975  ratio=1764.750x recon
    grl_p             |g|=0.66081  ratio=18.016x recon
    route             |g|=0.00000  ratio=0.000x recon
  step   8000/12000  recon=0.0980  pr=0.5113  sid=0.3980  grl=2.8005  grl_p=3.5046  L/P/U=3072/1024/1024  actL/P/U=160/64/32  H=nan  Hu=nan  spec<.5=nan  marg=nan  lstd=nan  lr=2.77e-05
  [val] step=8000  recon=0.0983  pr=0.4716  PER=0.123  sid_acc=0.996
  ✓ best checkpoint (disent=0.1268  PER=0.123 sid=0.996) → /rds/user/bbg25/hpc-work/Thesis/Final-Proj/Disentanglement/checkpoints/grl_attn_w2.0/stage2_best.pt
  step   8100/12000  recon=0.0980  pr=0.3989  sid=0.6658  grl=1.9028  grl_p=3.4089  L/P/U=3072/1024/1024  actL/P/U=160/64/32  H=nan  Hu=nan  spec<.5=nan  marg=nan  lstd=nan  lr=2.65e-05
  step   8200/12000  recon=0.0974  pr=0.4409  sid=0.3552  grl=2.2723  grl_p=3.4630  L/P/U=3072/1024/1024  actL/P/U=160/64/32  H=nan  Hu=nan  spec<.5=nan  marg=nan  lstd=nan  lr=2.54e-05
  step   8300/12000  recon=0.0991  pr=0.6125  sid=0.5428  grl=2.3264  grl_p=3.4972  L/P/U=3072/1024/1024  actL/P/U=160/64/32  H=nan  Hu=nan  spec<.5=nan  marg=nan  lstd=nan  lr=2.42e-05
  step   8400/12000  recon=0.0991  pr=0.4413  sid=0.4104  grl=2.4581  grl_p=3.5122  L/P/U=3072/1024/1024  actL/P/U=160/64/32  H=nan  Hu=nan  spec<.5=nan  marg=nan  lstd=nan  lr=2.31e-05
  [grad_norms @8500]
    recon             |g|=0.03679  ratio=1.000x recon
    pr_raw            |g|=0.50855  ratio=13.825x recon
    pr_weighted       |g|=0.40684  ratio=11.060x recon
    sid_raw           |g|=1.06473  ratio=28.944x recon
    sid_weighted      |g|=0.63884  ratio=17.366x recon
    grl               |g|=68.65544  ratio=1866.367x recon
    grl_p             |g|=0.67236  ratio=18.278x recon
    route             |g|=0.00000  ratio=0.000x recon
  step   8500/12000  recon=0.0976  pr=0.4283  sid=0.4235  grl=2.4751  grl_p=3.4711  L/P/U=3072/1024/1024  actL/P/U=160/64/32  H=nan  Hu=nan  spec<.5=nan  marg=nan  lstd=nan  lr=2.20e-05
  step   8600/12000  recon=0.0988  pr=0.4863  sid=0.3462  grl=1.5026  grl_p=3.4654  L/P/U=3072/1024/1024  actL/P/U=160/64/32  H=nan  Hu=nan  spec<.5=nan  marg=nan  lstd=nan  lr=2.09e-05
  step   8700/12000  recon=0.0982  pr=0.4597  sid=0.3829  grl=0.8800  grl_p=3.4479  L/P/U=3072/1024/1024  actL/P/U=160/64/32  H=nan  Hu=nan  spec<.5=nan  marg=nan  lstd=nan  lr=1.98e-05
  step   8800/12000  recon=0.1002  pr=0.5485  sid=0.3942  grl=1.5540  grl_p=3.4913  L/P/U=3072/1024/1024  actL/P/U=160/64/32  H=nan  Hu=nan  spec<.5=nan  marg=nan  lstd=nan  lr=1.87e-05
  step   8900/12000  recon=0.0972  pr=0.4552  sid=0.5535  grl=1.7536  grl_p=3.5006  L/P/U=3072/1024/1024  actL/P/U=160/64/32  H=nan  Hu=nan  spec<.5=nan  marg=nan  lstd=nan  lr=1.77e-05
  [grad_norms @9000]
    recon             |g|=0.03562  ratio=1.000x recon
    pr_raw            |g|=0.55238  ratio=15.506x recon
    pr_weighted       |g|=0.44190  ratio=12.405x recon
    sid_raw           |g|=1.00396  ratio=28.183x recon
    sid_weighted      |g|=0.60238  ratio=16.910x recon
    grl               |g|=51.37694  ratio=1442.249x recon
    grl_p             |g|=0.59240  ratio=16.630x recon
    route             |g|=0.00000  ratio=0.000x recon
  step   9000/12000  recon=0.0987  pr=0.5136  sid=0.3665  grl=1.4977  grl_p=3.4897  L/P/U=3072/1024/1024  actL/P/U=160/64/32  H=nan  Hu=nan  spec<.5=nan  marg=nan  lstd=nan  lr=1.67e-05
  [val] step=9000  recon=0.0980  pr=0.4645  PER=0.120  sid_acc=0.996
  ✓ best checkpoint (disent=0.1238  PER=0.120 sid=0.996) → /rds/user/bbg25/hpc-work/Thesis/Final-Proj/Disentanglement/checkpoints/grl_attn_w2.0/stage2_best.pt
  step   9100/12000  recon=0.0974  pr=0.4802  sid=0.2655  grl=1.6165  grl_p=3.4944  L/P/U=3072/1024/1024  actL/P/U=160/64/32  H=nan  Hu=nan  spec<.5=nan  marg=nan  lstd=nan  lr=1.57e-05
  step   9200/12000  recon=0.0976  pr=0.4461  sid=0.3439  grl=1.3860  grl_p=3.4570  L/P/U=3072/1024/1024  actL/P/U=160/64/32  H=nan  Hu=nan  spec<.5=nan  marg=nan  lstd=nan  lr=1.48e-05
  step   9300/12000  recon=0.0959  pr=0.5089  sid=0.5071  grl=2.5251  grl_p=3.4434  L/P/U=3072/1024/1024  actL/P/U=160/64/32  H=nan  Hu=nan  spec<.5=nan  marg=nan  lstd=nan  lr=1.39e-05
  step   9400/12000  recon=0.0966  pr=0.4440  sid=0.2839  grl=1.7191  grl_p=3.4558  L/P/U=3072/1024/1024  actL/P/U=160/64/32  H=nan  Hu=nan  spec<.5=nan  marg=nan  lstd=nan  lr=1.30e-05
  [grad_norms @9500]
    recon             |g|=0.04098  ratio=1.000x recon
    pr_raw            |g|=0.76775  ratio=18.737x recon
    pr_weighted       |g|=0.61420  ratio=14.989x recon
    sid_raw           |g|=1.12591  ratio=27.478x recon
    sid_weighted      |g|=0.67555  ratio=16.487x recon
    grl               |g|=64.84570  ratio=1582.547x recon
    grl_p             |g|=0.67941  ratio=16.581x recon
    route             |g|=0.00000  ratio=0.000x recon
  step   9500/12000  recon=0.0993  pr=0.4611  sid=0.3035  grl=1.6412  grl_p=3.4451  L/P/U=3072/1024/1024  actL/P/U=160/64/32  H=nan  Hu=nan  spec<.5=nan  marg=nan  lstd=nan  lr=1.21e-05
  step   9600/12000  recon=0.0969  pr=0.4691  sid=0.3332  grl=1.2196  grl_p=3.4621  L/P/U=3072/1024/1024  actL/P/U=160/64/32  H=nan  Hu=nan  spec<.5=nan  marg=nan  lstd=nan  lr=1.13e-05
  step   9700/12000  recon=0.0985  pr=0.5268  sid=0.3375  grl=2.3743  grl_p=3.5055  L/P/U=3072/1024/1024  actL/P/U=160/64/32  H=nan  Hu=nan  spec<.5=nan  marg=nan  lstd=nan  lr=1.05e-05
  step   9800/12000  recon=0.0961  pr=0.4144  sid=0.2990  grl=1.5572  grl_p=3.4605  L/P/U=3072/1024/1024  actL/P/U=160/64/32  H=nan  Hu=nan  spec<.5=nan  marg=nan  lstd=nan  lr=9.67e-06
  step   9900/12000  recon=0.0982  pr=0.4913  sid=0.4045  grl=1.7069  grl_p=3.4691  L/P/U=3072/1024/1024  actL/P/U=160/64/32  H=nan  Hu=nan  spec<.5=nan  marg=nan  lstd=nan  lr=8.92e-06
  [grad_norms @10000]
    recon             |g|=0.04077  ratio=1.000x recon
    pr_raw            |g|=0.65144  ratio=15.978x recon
    pr_weighted       |g|=0.52115  ratio=12.782x recon
    sid_raw           |g|=0.99215  ratio=24.335x recon
    sid_weighted      |g|=0.59529  ratio=14.601x recon
    grl               |g|=61.94535  ratio=1519.345x recon
    grl_p             |g|=0.73891  ratio=18.123x recon
    route             |g|=0.00000  ratio=0.000x recon
  step  10000/12000  recon=0.0990  pr=0.4396  sid=0.2437  grl=1.7684  grl_p=3.4451  L/P/U=3072/1024/1024  actL/P/U=160/64/32  H=nan  Hu=nan  spec<.5=nan  marg=nan  lstd=nan  lr=8.21e-06
  [val] step=10000  recon=0.0977  pr=0.4589  PER=0.118  sid_acc=0.998
  ✓ best checkpoint (disent=0.1204  PER=0.118 sid=0.998) → /rds/user/bbg25/hpc-work/Thesis/Final-Proj/Disentanglement/checkpoints/grl_attn_w2.0/stage2_best.pt
  step  10100/12000  recon=0.0973  pr=0.4554  sid=0.3046  grl=1.2419  grl_p=3.4693  L/P/U=3072/1024/1024  actL/P/U=160/64/32  H=nan  Hu=nan  spec<.5=nan  marg=nan  lstd=nan  lr=7.52e-06
  step  10200/12000  recon=0.0966  pr=0.4820  sid=0.3800  grl=1.4510  grl_p=3.4962  L/P/U=3072/1024/1024  actL/P/U=160/64/32  H=nan  Hu=nan  spec<.5=nan  marg=nan  lstd=nan  lr=6.86e-06
  step  10300/12000  recon=0.0985  pr=0.4583  sid=0.2276  grl=1.2149  grl_p=3.4579  L/P/U=3072/1024/1024  actL/P/U=160/64/32  H=nan  Hu=nan  spec<.5=nan  marg=nan  lstd=nan  lr=6.24e-06
  step  10400/12000  recon=0.0989  pr=0.4265  sid=0.2588  grl=1.7203  grl_p=3.5007  L/P/U=3072/1024/1024  actL/P/U=160/64/32  H=nan  Hu=nan  spec<.5=nan  marg=nan  lstd=nan  lr=5.65e-06
  [grad_norms @10500]
    recon             |g|=0.03722  ratio=1.000x recon
    pr_raw            |g|=0.60520  ratio=16.260x recon
    pr_weighted       |g|=0.48416  ratio=13.008x recon
    sid_raw           |g|=0.96407  ratio=25.902x recon
    sid_weighted      |g|=0.57844  ratio=15.541x recon
    grl               |g|=57.52875  ratio=1545.630x recon
    grl_p             |g|=0.64711  ratio=17.386x recon
    route             |g|=0.00000  ratio=0.000x recon
  step  10500/12000  recon=0.0971  pr=0.4465  sid=0.3403  grl=1.2994  grl_p=3.4618  L/P/U=3072/1024/1024  actL/P/U=160/64/32  H=nan  Hu=nan  spec<.5=nan  marg=nan  lstd=nan  lr=5.10e-06
  step  10600/12000  recon=0.0971  pr=0.4694  sid=0.4068  grl=2.1459  grl_p=3.4473  L/P/U=3072/1024/1024  actL/P/U=160/64/32  H=nan  Hu=nan  spec<.5=nan  marg=nan  lstd=nan  lr=4.58e-06
  step  10700/12000  recon=0.0972  pr=0.4470  sid=0.2647  grl=1.4839  grl_p=3.4962  L/P/U=3072/1024/1024  actL/P/U=160/64/32  H=nan  Hu=nan  spec<.5=nan  marg=nan  lstd=nan  lr=4.09e-06
  step  10800/12000  recon=0.0973  pr=0.4693  sid=0.3088  grl=1.8711  grl_p=3.4538  L/P/U=3072/1024/1024  actL/P/U=160/64/32  H=nan  Hu=nan  spec<.5=nan  marg=nan  lstd=nan  lr=3.64e-06
  step  10900/12000  recon=0.0976  pr=0.4307  sid=0.3350  grl=1.0189  grl_p=3.4994  L/P/U=3072/1024/1024  actL/P/U=160/64/32  H=nan  Hu=nan  spec<.5=nan  marg=nan  lstd=nan  lr=3.22e-06
  [grad_norms @11000]
    recon             |g|=0.03835  ratio=1.000x recon
    pr_raw            |g|=0.57896  ratio=15.098x recon
    pr_weighted       |g|=0.46317  ratio=12.078x recon
    sid_raw           |g|=0.95643  ratio=24.942x recon
    sid_weighted      |g|=0.57386  ratio=14.965x recon
    grl               |g|=69.39045  ratio=1809.564x recon
    grl_p             |g|=0.58829  ratio=15.342x recon
    route             |g|=0.00000  ratio=0.000x recon
  step  11000/12000  recon=0.0987  pr=0.4662  sid=0.2499  grl=1.3790  grl_p=3.4364  L/P/U=3072/1024/1024  actL/P/U=160/64/32  H=nan  Hu=nan  spec<.5=nan  marg=nan  lstd=nan  lr=2.84e-06
  [val] step=11000  recon=0.0976  pr=0.4566  PER=0.118  sid_acc=0.998
  ✓ best checkpoint (disent=0.1196  PER=0.118 sid=0.998) → /rds/user/bbg25/hpc-work/Thesis/Final-Proj/Disentanglement/checkpoints/grl_attn_w2.0/stage2_best.pt
  step  11100/12000  recon=0.0973  pr=0.4868  sid=0.6458  grl=1.1058  grl_p=3.4487  L/P/U=3072/1024/1024  actL/P/U=160/64/32  H=nan  Hu=nan  spec<.5=nan  marg=nan  lstd=nan  lr=2.49e-06
  step  11200/12000  recon=0.0991  pr=0.4544  sid=0.2611  grl=0.8137  grl_p=3.4643  L/P/U=3072/1024/1024  actL/P/U=160/64/32  H=nan  Hu=nan  spec<.5=nan  marg=nan  lstd=nan  lr=2.18e-06
  step  11300/12000  recon=0.0954  pr=0.4989  sid=0.1939  grl=1.2384  grl_p=3.4687  L/P/U=3072/1024/1024  actL/P/U=160/64/32  H=nan  Hu=nan  spec<.5=nan  marg=nan  lstd=nan  lr=1.90e-06
  step  11400/12000  recon=0.0971  pr=0.4223  sid=0.2488  grl=1.4571  grl_p=3.4825  L/P/U=3072/1024/1024  actL/P/U=160/64/32  H=nan  Hu=nan  spec<.5=nan  marg=nan  lstd=nan  lr=1.66e-06
  [grad_norms @11500]
    recon             |g|=0.03490  ratio=1.000x recon
    pr_raw            |g|=0.54887  ratio=15.728x recon
    pr_weighted       |g|=0.43909  ratio=12.583x recon
    sid_raw           |g|=1.08126  ratio=30.985x recon
    sid_weighted      |g|=0.64875  ratio=18.591x recon
    grl               |g|=61.03964  ratio=1749.164x recon
    grl_p             |g|=0.55221  ratio=15.824x recon
    route             |g|=0.00000  ratio=0.000x recon
  step  11500/12000  recon=0.0986  pr=0.4410  sid=0.2381  grl=1.6555  grl_p=3.4888  L/P/U=3072/1024/1024  actL/P/U=160/64/32  H=nan  Hu=nan  spec<.5=nan  marg=nan  lstd=nan  lr=1.46e-06
  step  11600/12000  recon=0.0979  pr=0.4896  sid=0.3551  grl=1.3459  grl_p=3.4486  L/P/U=3072/1024/1024  actL/P/U=160/64/32  H=nan  Hu=nan  spec<.5=nan  marg=nan  lstd=nan  lr=1.30e-06
  step  11700/12000  recon=0.0973  pr=0.4742  sid=0.2674  grl=1.0741  grl_p=3.4709  L/P/U=3072/1024/1024  actL/P/U=160/64/32  H=nan  Hu=nan  spec<.5=nan  marg=nan  lstd=nan  lr=1.17e-06
  step  11800/12000  recon=0.0968  pr=0.4174  sid=0.3210  grl=0.8645  grl_p=3.4510  L/P/U=3072/1024/1024  actL/P/U=160/64/32  H=nan  Hu=nan  spec<.5=nan  marg=nan  lstd=nan  lr=1.07e-06
  step  11900/12000  recon=0.0967  pr=0.4423  sid=0.3331  grl=1.4336  grl_p=3.4606  L/P/U=3072/1024/1024  actL/P/U=160/64/32  H=nan  Hu=nan  spec<.5=nan  marg=nan  lstd=nan  lr=1.02e-06
  [grad_norms @12000]
    recon             |g|=0.03790  ratio=1.000x recon
    pr_raw            |g|=0.54745  ratio=14.446x recon
    pr_weighted       |g|=0.43796  ratio=11.557x recon
    sid_raw           |g|=1.22957  ratio=32.446x recon
    sid_weighted      |g|=0.73774  ratio=19.468x recon
    grl               |g|=62.12490  ratio=1639.352x recon
    grl_p             |g|=0.64602  ratio=17.047x recon
    route             |g|=0.00000  ratio=0.000x recon
  step  12000/12000  recon=0.0982  pr=0.4198  sid=0.2978  grl=1.4471  grl_p=3.4419  L/P/U=3072/1024/1024  actL/P/U=160/64/32  H=nan  Hu=nan  spec<.5=nan  marg=nan  lstd=nan  lr=1.00e-06
  [val] step=12000  recon=0.0975  pr=0.4557  PER=0.117  sid_acc=0.998
  ✓ best checkpoint (disent=0.1192  PER=0.117 sid=0.998) → /rds/user/bbg25/hpc-work/Thesis/Final-Proj/Disentanglement/checkpoints/grl_attn_w2.0/stage2_best.pt

[stage 2] done.  Best disent_score=0.1192  → /rds/user/bbg25/hpc-work/Thesis/Final-Proj/Disentanglement/checkpoints/grl_attn_w2.0/stage2_best.pt

[done]  best checkpoint → /rds/user/bbg25/hpc-work/Thesis/Final-Proj/Disentanglement/checkpoints/grl_attn_w2.0/stage2_best.pt
Finished 3 (TRAIN ONLY — no probe): Wed Jun 17 00:35:18 BST 2026
