[diag_probe] run=diag_libri_advlearn_hardqfreeze4000_postgn0003_dann6800_gp02_aux64_12k_s42_z_t_pr_linear_seed42  device=cuda
[diag_probe] seed=42
[diag_probe] stage1_ckpt=/scratch/bbg25/runs/libri_advlearn_hardqfreeze4000_postgn0003_dann6800_gp02_aux64_12k_s42/checkpoints/stage2_step12000.pt
[diag_probe] stage2_ckpt=/scratch/bbg25/runs/libri_advlearn_hardqfreeze4000_postgn0003_dann6800_gp02_aux64_12k_s42/checkpoints/stage2_step12000.pt
[diag_probe] sources=['z_t']  tasks=['pr']
[diag_probe] probe_steps=5000  pr_lr=0.0005  asr_lr=0.0005  sid_lr=0.001  pr_warmup=500  asr_warmup=500  other_warmup=0  val_every=250  patience=10
[dis_data] loaded lexicon: 200,000 entries
[dis_data] loading PR train-clean-100 …
[dis_data] loading PR dev-clean …
[dis_data] loading PR test-clean …
[dis_data]  PR train=28539 val=2703 test=2620 vocab=74
[diag_probe] ASR task not requested — skipping ASR dataloaders.
[dis_data] loading train-clean-100 …
[dis_data]  251 speakers
[dis_data]  train=27539  val=500  test=500  vocab=74  speakers=251
[diag_probe] topk confirmed: 256
[train] loaded 6 SAE tensors from /scratch/bbg25/runs/libri_advlearn_hardqfreeze4000_postgn0003_dann6800_gp02_aux64_12k_s42/checkpoints/stage2_step12000.pt  (step=12000  val=0.1419)
[diag_probe] learned-route TopK loaded: quotas=[230, 26, 0]
[diag_probe] loaded stage2 weights from /scratch/bbg25/runs/libri_advlearn_hardqfreeze4000_postgn0003_dann6800_gp02_aux64_12k_s42/checkpoints/stage2_step12000.pt

[diag_probe] speakers=251  pr_vocab=74  asr_vocab=n/a  D=1280  K=5120
[diag_probe] PR: stage-2-matched 74-phone targets — train-clean-100 → val=dev-clean, test=test-clean
[diag_probe] ASR: skipped
[diag_probe] SID: closed-set utterance split (val/test held out); probe arch=linear
[diag_probe] reported metric = TEST (val shown in parentheses)

  training probe: z_t -> PR ...
[dis_data] g2p_en loaded for OOV words
      [pr z_t] step 250/5000  train loss=2.978  dev loss=0.527  dev PER=0.151  (best 0.151, bad 0/10)
      [pr z_t] step 500/5000  train loss=0.440  dev loss=0.402  dev PER=0.113  (best 0.113, bad 0/10)
      [pr z_t] step 750/5000  train loss=0.376  dev loss=0.369  dev PER=0.098  (best 0.098, bad 0/10)
      [pr z_t] step 1000/5000  train loss=0.366  dev loss=0.380  dev PER=0.114  (best 0.098, bad 1/10)
      [pr z_t] step 1250/5000  train loss=0.358  dev loss=0.352  dev PER=0.086  (best 0.086, bad 0/10)
      [pr z_t] step 1500/5000  train loss=0.346  dev loss=0.351  dev PER=0.095  (best 0.086, bad 1/10)
      [pr z_t] step 1750/5000  train loss=0.345  dev loss=0.341  dev PER=0.088  (best 0.086, bad 2/10)
      [pr z_t] step 2000/5000  train loss=0.320  dev loss=0.333  dev PER=0.081  (best 0.081, bad 0/10)
      [pr z_t] step 2250/5000  train loss=0.321  dev loss=0.332  dev PER=0.085  (best 0.081, bad 1/10)
      [pr z_t] step 2500/5000  train loss=0.317  dev loss=0.338  dev PER=0.095  (best 0.081, bad 2/10)
      [pr z_t] step 2750/5000  train loss=0.316  dev loss=0.335  dev PER=0.079  (best 0.079, bad 0/10)
      [pr z_t] step 3000/5000  train loss=0.318  dev loss=0.324  dev PER=0.082  (best 0.079, bad 1/10)
      [pr z_t] step 3250/5000  train loss=0.315  dev loss=0.319  dev PER=0.082  (best 0.079, bad 2/10)
      [pr z_t] step 3500/5000  train loss=0.309  dev loss=0.323  dev PER=0.085  (best 0.079, bad 3/10)
      [pr z_t] step 3750/5000  train loss=0.299  dev loss=0.318  dev PER=0.082  (best 0.079, bad 4/10)
      [pr z_t] step 4000/5000  train loss=0.292  dev loss=0.315  dev PER=0.080  (best 0.079, bad 5/10)
      [pr z_t] step 4250/5000  train loss=0.291  dev loss=0.315  dev PER=0.080  (best 0.079, bad 6/10)
      [pr z_t] step 4500/5000  train loss=0.289  dev loss=0.311  dev PER=0.079  (best 0.079, bad 7/10)
      [pr z_t] step 4750/5000  train loss=0.293  dev loss=0.311  dev PER=0.081  (best 0.079, bad 8/10)
      [pr z_t] step 5000/5000  train loss=0.285  dev loss=0.309  dev PER=0.080  (best 0.079, bad 9/10)
    z_t -> PR               PER test=0.081  (val 0.079)

==================================================================
  DIAGNOSTIC PROBE RESULTS - diag_libri_advlearn_hardqfreeze4000_postgn0003_dann6800_gp02_aux64_12k_s42_z_t_pr_linear_seed42
==================================================================
  Source       PR (PER↓)    SID (acc↑)
  --------  ------------  ------------
  z_t              0.081           nan
==================================================================

