[diag_probe] run=diag_libri_advlearn_hardqfreeze4000_postgn0003_dann6800_gp02_aux64_12k_s42_sid_linear_seed42  device=cuda
[diag_probe] seed=42
[diag_probe] stage1_ckpt=/scratch/bbg25/runs/libri_advlearn_hardqfreeze4000_postgn0003_dann6800_gp02_aux64_12k_s42/checkpoints/stage2_step12000.pt
[diag_probe] stage2_ckpt=/scratch/bbg25/runs/libri_advlearn_hardqfreeze4000_postgn0003_dann6800_gp02_aux64_12k_s42/checkpoints/stage2_step12000.pt
[diag_probe] sources=['z_t', 'z_L', 'z_P']  tasks=['sid']
[diag_probe] probe_steps=5000  pr_lr=0.0005  asr_lr=0.0005  sid_lr=0.001  pr_warmup=500  asr_warmup=500  other_warmup=0  val_every=250  patience=10
[diag_probe] PR task not requested — skipping PR dataloaders.
[diag_probe] ASR task not requested — skipping ASR dataloaders.
[dis_data] loaded lexicon: 200,000 entries
[dis_data] loading train-clean-100 …
[dis_data]  251 speakers
[dis_data]  train=27539  val=500  test=500  vocab=74  speakers=251
[diag_probe] topk confirmed: 256
[train] loaded 6 SAE tensors from /scratch/bbg25/runs/libri_advlearn_hardqfreeze4000_postgn0003_dann6800_gp02_aux64_12k_s42/checkpoints/stage2_step12000.pt  (step=12000  val=0.1419)
[diag_probe] learned-route TopK loaded: quotas=[230, 26, 0]
[diag_probe] loaded stage2 weights from /scratch/bbg25/runs/libri_advlearn_hardqfreeze4000_postgn0003_dann6800_gp02_aux64_12k_s42/checkpoints/stage2_step12000.pt

[diag_probe] speakers=251  pr_vocab=74  asr_vocab=n/a  D=1280  K=5120
[diag_probe] PR: skipped
[diag_probe] ASR: skipped
[diag_probe] SID: closed-set utterance split (val/test held out); probe arch=linear
[diag_probe] reported metric = TEST (val shown in parentheses)

  training probe: z_t -> SID ...
[dis_data] g2p_en loaded for OOV words
      [sid z_t] step 250/5000  train loss=4.601 acc=0.125  dev loss=4.247 acc=0.212  (best 0.212, bad 0/10)
      [sid z_t] step 500/5000  train loss=1.963 acc=0.625  dev loss=1.852 acc=0.564  (best 0.564, bad 0/10)
      [sid z_t] step 750/5000  train loss=0.723 acc=0.750  dev loss=0.655 acc=0.836  (best 0.836, bad 0/10)
      [sid z_t] step 1000/5000  train loss=0.580 acc=0.875  dev loss=0.400 acc=0.892  (best 0.892, bad 0/10)
      [sid z_t] step 1250/5000  train loss=0.058 acc=1.000  dev loss=0.253 acc=0.944  (best 0.944, bad 0/10)
      [sid z_t] step 1500/5000  train loss=0.148 acc=0.938  dev loss=0.123 acc=0.958  (best 0.958, bad 0/10)
      [sid z_t] step 1750/5000  train loss=0.061 acc=1.000  dev loss=0.148 acc=0.954  (best 0.958, bad 1/10)
      [sid z_t] step 2000/5000  train loss=0.009 acc=1.000  dev loss=0.081 acc=0.972  (best 0.972, bad 0/10)
      [sid z_t] step 2250/5000  train loss=0.107 acc=0.938  dev loss=0.063 acc=0.980  (best 0.980, bad 0/10)
      [sid z_t] step 2500/5000  train loss=0.020 acc=1.000  dev loss=0.039 acc=0.986  (best 0.986, bad 0/10)
      [sid z_t] step 2750/5000  train loss=0.004 acc=1.000  dev loss=0.046 acc=0.986  (best 0.986, bad 1/10)
      [sid z_t] step 3000/5000  train loss=0.077 acc=1.000  dev loss=0.020 acc=0.994  (best 0.994, bad 0/10)
      [sid z_t] step 3250/5000  train loss=0.002 acc=1.000  dev loss=0.020 acc=0.996  (best 0.996, bad 0/10)
      [sid z_t] step 3500/5000  train loss=0.002 acc=1.000  dev loss=0.005 acc=0.998  (best 0.998, bad 0/10)
      [sid z_t] step 3750/5000  train loss=0.003 acc=1.000  dev loss=0.002 acc=1.000  (best 1.000, bad 0/10)
      [sid z_t] step 4000/5000  train loss=0.015 acc=1.000  dev loss=0.002 acc=1.000  (best 1.000, bad 1/10)
      [sid z_t] step 4250/5000  train loss=0.001 acc=1.000  dev loss=0.010 acc=0.996  (best 1.000, bad 2/10)
      [sid z_t] step 4500/5000  train loss=0.001 acc=1.000  dev loss=0.002 acc=1.000  (best 1.000, bad 3/10)
      [sid z_t] step 4750/5000  train loss=0.000 acc=1.000  dev loss=0.001 acc=1.000  (best 1.000, bad 4/10)
      [sid z_t] step 5000/5000  train loss=0.000 acc=1.000  dev loss=0.001 acc=1.000  (best 1.000, bad 5/10)
    z_t -> SID              acc test=1.000  (val 1.000)
  training probe: z_L -> SID ...
      [sid z_L] step 250/5000  train loss=5.682 acc=0.000  dev loss=6.393 acc=0.012  (best 0.012, bad 0/10)
      [sid z_L] step 500/5000  train loss=6.315 acc=0.000  dev loss=6.400 acc=0.006  (best 0.012, bad 1/10)
      [sid z_L] step 750/5000  train loss=6.239 acc=0.000  dev loss=5.733 acc=0.006  (best 0.012, bad 2/10)
      [sid z_L] step 1000/5000  train loss=5.702 acc=0.000  dev loss=5.638 acc=0.040  (best 0.040, bad 0/10)
      [sid z_L] step 1250/5000  train loss=5.440 acc=0.000  dev loss=5.391 acc=0.034  (best 0.040, bad 1/10)
      [sid z_L] step 1500/5000  train loss=4.667 acc=0.062  dev loss=5.084 acc=0.026  (best 0.040, bad 2/10)
      [sid z_L] step 1750/5000  train loss=4.866 acc=0.125  dev loss=4.718 acc=0.060  (best 0.060, bad 0/10)
      [sid z_L] step 2000/5000  train loss=4.720 acc=0.062  dev loss=4.606 acc=0.088  (best 0.088, bad 0/10)
      [sid z_L] step 2250/5000  train loss=4.489 acc=0.062  dev loss=4.229 acc=0.108  (best 0.108, bad 0/10)
      [sid z_L] step 2500/5000  train loss=3.398 acc=0.312  dev loss=3.924 acc=0.138  (best 0.138, bad 0/10)
      [sid z_L] step 2750/5000  train loss=3.994 acc=0.188  dev loss=3.630 acc=0.152  (best 0.152, bad 0/10)
      [sid z_L] step 3000/5000  train loss=3.847 acc=0.125  dev loss=3.527 acc=0.206  (best 0.206, bad 0/10)
      [sid z_L] step 3250/5000  train loss=2.863 acc=0.500  dev loss=3.244 acc=0.300  (best 0.300, bad 0/10)
      [sid z_L] step 3500/5000  train loss=2.737 acc=0.562  dev loss=3.008 acc=0.344  (best 0.344, bad 0/10)
      [sid z_L] step 3750/5000  train loss=2.825 acc=0.500  dev loss=2.866 acc=0.384  (best 0.384, bad 0/10)
      [sid z_L] step 4000/5000  train loss=3.060 acc=0.312  dev loss=2.769 acc=0.464  (best 0.464, bad 0/10)
      [sid z_L] step 4250/5000  train loss=2.565 acc=0.438  dev loss=2.630 acc=0.518  (best 0.518, bad 0/10)
      [sid z_L] step 4500/5000  train loss=2.757 acc=0.438  dev loss=2.543 acc=0.566  (best 0.566, bad 0/10)
      [sid z_L] step 4750/5000  train loss=2.094 acc=0.750  dev loss=2.418 acc=0.640  (best 0.640, bad 0/10)
      [sid z_L] step 5000/5000  train loss=2.272 acc=0.812  dev loss=2.392 acc=0.670  (best 0.670, bad 0/10)
    z_L -> SID              acc test=0.704  (val 0.670)
  training probe: z_P -> SID ...
      [sid z_P] step 250/5000  train loss=1.225 acc=0.875  dev loss=1.489 acc=0.842  (best 0.842, bad 0/10)
      [sid z_P] step 500/5000  train loss=0.172 acc=1.000  dev loss=0.168 acc=0.986  (best 0.986, bad 0/10)
      [sid z_P] step 750/5000  train loss=0.040 acc=1.000  dev loss=0.048 acc=0.996  (best 0.996, bad 0/10)
      [sid z_P] step 1000/5000  train loss=0.020 acc=1.000  dev loss=0.032 acc=0.996  (best 0.996, bad 1/10)
      [sid z_P] step 1250/5000  train loss=0.017 acc=1.000  dev loss=0.018 acc=1.000  (best 1.000, bad 0/10)
      [sid z_P] step 1500/5000  train loss=0.003 acc=1.000  dev loss=0.014 acc=1.000  (best 1.000, bad 1/10)
      [sid z_P] step 1750/5000  train loss=0.012 acc=1.000  dev loss=0.010 acc=1.000  (best 1.000, bad 2/10)
      [sid z_P] step 2000/5000  train loss=0.004 acc=1.000  dev loss=0.008 acc=1.000  (best 1.000, bad 3/10)
      [sid z_P] step 2250/5000  train loss=0.002 acc=1.000  dev loss=0.006 acc=1.000  (best 1.000, bad 4/10)
      [sid z_P] step 2500/5000  train loss=0.001 acc=1.000  dev loss=0.006 acc=1.000  (best 1.000, bad 5/10)
      [sid z_P] step 2750/5000  train loss=0.003 acc=1.000  dev loss=0.005 acc=1.000  (best 1.000, bad 6/10)
      [sid z_P] step 3000/5000  train loss=0.009 acc=1.000  dev loss=0.004 acc=1.000  (best 1.000, bad 7/10)
      [sid z_P] step 3250/5000  train loss=0.002 acc=1.000  dev loss=0.004 acc=1.000  (best 1.000, bad 8/10)
      [sid z_P] step 3500/5000  train loss=0.003 acc=1.000  dev loss=0.004 acc=1.000  (best 1.000, bad 9/10)
      [sid z_P] step 3750/5000  train loss=0.005 acc=1.000  dev loss=0.003 acc=1.000  (best 1.000, bad 10/10)
    z_P -> SID              acc test=0.998  (val 1.000)

==================================================================
  DIAGNOSTIC PROBE RESULTS - diag_libri_advlearn_hardqfreeze4000_postgn0003_dann6800_gp02_aux64_12k_s42_sid_linear_seed42
==================================================================
  Source       PR (PER↓)    SID (acc↑)
  --------  ------------  ------------
  z_t                nan         1.000
  z_L                nan         0.704
  z_P                nan         0.998
==================================================================

