=== Stage 2: sid1 ===
Job ID     : 29888467
Node       : gpu-q-24
GPU        : NVIDIA A100-SXM4-80GB
Started    : Sat May 30 17:46:57 BST 2026
α=0.02  β=0.01  grl=0.04  ρ=0.001  grl_delay=0
=== Disentanglement  stage=2
=== device=cuda  bf16=True
=== K=5120  topk=256  D=1280
=== steps=8000  α=0.02  β=0.01  grl=0.04  ρ=0.001
[dis_data] loaded lexicon: 200,000 entries
[dis_data] loading train-clean-100 …
[dis_data]  251 speakers
[dis_data]  train=28039  val=500  vocab=41  speakers=251
[train] loaded 3 SAE tensors from /rds/user/bbg25/hpc-work/Thesis/Final-Proj/Disentanglement/checkpoints/best.pt  (step=6000  val=0.0049)
[stage 2] frozen=596,973,362  trainable=15,994,655  device=cuda
[stage 2] speakers=251  vocab=41
[stage 2] α=0.02  β=0.01  grl=0.04  ρ=0.001
[stage 2] steps=8000  batch=16
[dis_data] g2p_en loaded for OOV words
  step      1/8000  recon=0.0075  pr=14.4817  sid=5.5293  grl=5.5195  L/P/U=5120/0/0  actL/P/U=256/0/0  H=1.099  lr=6.00e-08
  step    100/8000  recon=0.0070  pr=15.0649  sid=5.5312  grl=5.5312  L/P/U=2740/205/2175  actL/P/U=139/10/107  H=1.099  lr=6.00e-06
  step    200/8000  recon=0.0062  pr=13.9994  sid=5.5039  grl=5.5059  L/P/U=3160/137/1823  actL/P/U=167/6/83  H=1.099  lr=1.20e-05
  step    300/8000  recon=0.0057  pr=9.4484  sid=5.5176  grl=5.4941  L/P/U=3882/26/1212  actL/P/U=209/1/46  H=1.099  lr=1.80e-05
  step    400/8000  recon=0.0056  pr=5.4038  sid=5.5312  grl=5.5117  L/P/U=4623/0/497  actL/P/U=242/0/14  H=1.099  lr=2.40e-05
  [grad_norms @500]
    recon             |g|=0.00250  ratio=1.000x recon
    pr_raw            |g|=5.92065  ratio=2366.232x recon
    pr_weighted       |g|=0.11841  ratio=47.325x recon
    sid_raw           |g|=0.11483  ratio=45.894x recon
    sid_weighted      |g|=0.00115  ratio=0.459x recon
    grl               |g|=0.00300  ratio=1.197x recon
    route             |g|=0.00000  ratio=0.000x recon
  step    500/8000  recon=0.0057  pr=3.7366  sid=5.5234  grl=5.4863  L/P/U=4986/0/134  actL/P/U=253/0/3  H=1.099  lr=3.00e-05
  step    600/8000  recon=0.0057  pr=3.4507  sid=5.5176  grl=5.4980  L/P/U=5044/0/76  actL/P/U=255/0/1  H=1.099  lr=3.00e-05
  step    700/8000  recon=0.0057  pr=3.1939  sid=5.4648  grl=5.3789  L/P/U=5067/0/53  actL/P/U=255/0/1  H=1.099  lr=2.99e-05
  step    800/8000  recon=0.0057  pr=2.8763  sid=5.4551  grl=5.4062  L/P/U=5080/0/40  actL/P/U=256/0/0  H=1.099  lr=2.99e-05
  step    900/8000  recon=0.0058  pr=2.6450  sid=5.4336  grl=5.3242  L/P/U=5092/0/28  actL/P/U=256/0/0  H=1.099  lr=2.98e-05
  [grad_norms @1000]
    recon             |g|=0.00271  ratio=1.000x recon
    pr_raw            |g|=0.47846  ratio=176.266x recon
    pr_weighted       |g|=0.00957  ratio=3.525x recon
    sid_raw           |g|=0.18071  ratio=66.574x recon
    sid_weighted      |g|=0.00181  ratio=0.666x recon
    grl               |g|=0.00731  ratio=2.692x recon
    route             |g|=0.00000  ratio=0.000x recon
  step   1000/8000  recon=0.0058  pr=2.2503  sid=5.4297  grl=5.3555  L/P/U=5098/3/19  actL/P/U=256/0/0  H=1.099  lr=2.97e-05
  [val] step=1000  recon=0.0093  pr=6.1940  PER=0.986  sid_acc=0.004
  ✓ best checkpoint (val_recon=0.0093) → /rds/user/bbg25/hpc-work/Thesis/Final-Proj/Disentanglement/checkpoints/sid1/stage2_best.pt
  step   1100/8000  recon=0.0057  pr=1.9591  sid=5.2754  grl=5.1680  L/P/U=5101/5/14  actL/P/U=256/0/0  H=1.099  lr=2.95e-05
  step   1200/8000  recon=0.0058  pr=1.7447  sid=5.3066  grl=5.2461  L/P/U=5098/12/10  actL/P/U=256/0/0  H=1.099  lr=2.94e-05
  step   1300/8000  recon=0.0059  pr=1.6404  sid=5.2715  grl=5.2363  L/P/U=5090/20/10  actL/P/U=256/0/0  H=1.099  lr=2.92e-05
  step   1400/8000  recon=0.0060  pr=1.4274  sid=5.2910  grl=5.2539  L/P/U=5082/33/5  actL/P/U=255/0/0  H=1.099  lr=2.90e-05
  [grad_norms @1500]
    recon             |g|=0.00312  ratio=1.000x recon
    pr_raw            |g|=0.43380  ratio=138.970x recon
    pr_weighted       |g|=0.00868  ratio=2.779x recon
    sid_raw           |g|=0.49853  ratio=159.705x recon
    sid_weighted      |g|=0.00499  ratio=1.597x recon
    grl               |g|=0.01501  ratio=4.808x recon
    route             |g|=0.00000  ratio=0.000x recon
  step   1500/8000  recon=0.0061  pr=1.3158  sid=5.1582  grl=5.1758  L/P/U=5064/52/4  actL/P/U=255/1/0  H=1.099  lr=2.87e-05
  step   1600/8000  recon=0.0060  pr=1.1759  sid=5.1348  grl=5.1309  L/P/U=5038/82/0  actL/P/U=254/2/0  H=1.099  lr=2.85e-05
  step   1700/8000  recon=0.0060  pr=1.0428  sid=5.1680  grl=5.1367  L/P/U=5006/114/0  actL/P/U=253/3/0  H=1.099  lr=2.82e-05
  step   1800/8000  recon=0.0061  pr=1.0420  sid=5.1191  grl=5.1543  L/P/U=4983/136/1  actL/P/U=253/3/0  H=1.099  lr=2.79e-05
  step   1900/8000  recon=0.0061  pr=0.9982  sid=4.9277  grl=5.0488  L/P/U=4940/179/1  actL/P/U=251/5/0  H=1.099  lr=2.76e-05
  [grad_norms @2000]
    recon             |g|=0.00353  ratio=1.000x recon
    pr_raw            |g|=0.21486  ratio=60.860x recon
    pr_weighted       |g|=0.00430  ratio=1.217x recon
    sid_raw           |g|=0.88261  ratio=250.006x recon
    sid_weighted      |g|=0.00883  ratio=2.500x recon
    grl               |g|=0.02146  ratio=6.080x recon
    route             |g|=0.00000  ratio=0.000x recon
  step   2000/8000  recon=0.0061  pr=0.9646  sid=4.7549  grl=4.9688  L/P/U=4891/228/1  actL/P/U=247/9/0  H=1.099  lr=2.72e-05
  [val] step=2000  recon=0.0085  pr=1.5351  PER=0.391  sid_acc=0.040
  ✓ best checkpoint (val_recon=0.0085) → /rds/user/bbg25/hpc-work/Thesis/Final-Proj/Disentanglement/checkpoints/sid1/stage2_best.pt
  step   2100/8000  recon=0.0061  pr=0.8210  sid=4.7197  grl=4.9434  L/P/U=4818/301/1  actL/P/U=246/10/0  H=1.099  lr=2.69e-05
  step   2200/8000  recon=0.0062  pr=0.8504  sid=4.7559  grl=4.9785  L/P/U=4767/353/0  actL/P/U=244/12/0  H=1.099  lr=2.65e-05
  step   2300/8000  recon=0.0061  pr=0.8582  sid=4.6924  grl=4.9805  L/P/U=4679/440/1  actL/P/U=240/16/0  H=1.099  lr=2.61e-05
  step   2400/8000  recon=0.0062  pr=0.7589  sid=4.5449  grl=4.9688  L/P/U=4591/528/1  actL/P/U=236/20/0  H=1.099  lr=2.56e-05
  [grad_norms @2500]
    recon             |g|=0.00362  ratio=1.000x recon
    pr_raw            |g|=0.38806  ratio=107.209x recon
    pr_weighted       |g|=0.00776  ratio=2.144x recon
    sid_raw           |g|=1.49852  ratio=413.992x recon
    sid_weighted      |g|=0.01499  ratio=4.140x recon
    grl               |g|=0.02506  ratio=6.922x recon
    route             |g|=0.00000  ratio=0.000x recon
  step   2500/8000  recon=0.0063  pr=0.7646  sid=4.5391  grl=4.9629  L/P/U=4489/630/1  actL/P/U=231/25/0  H=1.099  lr=2.52e-05
  step   2600/8000  recon=0.0062  pr=0.6957  sid=4.5039  grl=4.8887  L/P/U=4415/704/1  actL/P/U=227/29/0  H=1.099  lr=2.47e-05
  step   2700/8000  recon=0.0063  pr=0.7376  sid=4.4131  grl=4.8965  L/P/U=4325/794/1  actL/P/U=225/31/0  H=1.099  lr=2.43e-05
  step   2800/8000  recon=0.0062  pr=0.7080  sid=4.2539  grl=4.9004  L/P/U=4219/900/1  actL/P/U=215/41/0  H=1.099  lr=2.38e-05
  step   2900/8000  recon=0.0064  pr=0.6803  sid=4.1738  grl=4.8867  L/P/U=4112/1007/1  actL/P/U=214/42/0  H=1.099  lr=2.33e-05
  [grad_norms @3000]
    recon             |g|=0.00350  ratio=1.000x recon
    pr_raw            |g|=0.47721  ratio=136.403x recon
    pr_weighted       |g|=0.00954  ratio=2.728x recon
    sid_raw           |g|=2.01620  ratio=576.298x recon
    sid_weighted      |g|=0.02016  ratio=5.763x recon
    grl               |g|=0.02799  ratio=8.001x recon
    route             |g|=0.00000  ratio=0.000x recon
  step   3000/8000  recon=0.0064  pr=0.6736  sid=4.2100  grl=4.9180  L/P/U=4021/1098/1  actL/P/U=209/47/0  H=1.099  lr=2.28e-05
  [val] step=3000  recon=0.0080  pr=0.8102  PER=0.176  sid_acc=0.030
  ✓ best checkpoint (val_recon=0.0080) → /rds/user/bbg25/hpc-work/Thesis/Final-Proj/Disentanglement/checkpoints/sid1/stage2_best.pt
  step   3100/8000  recon=0.0063  pr=0.6510  sid=4.2363  grl=4.7988  L/P/U=3932/1187/1  actL/P/U=200/56/0  H=1.099  lr=2.22e-05
  step   3200/8000  recon=0.0063  pr=0.5949  sid=4.2314  grl=4.7695  L/P/U=3838/1281/1  actL/P/U=201/55/0  H=1.099  lr=2.17e-05
  step   3300/8000  recon=0.0065  pr=0.6403  sid=4.0752  grl=4.8047  L/P/U=3764/1356/0  actL/P/U=197/59/0  H=1.099  lr=2.11e-05
  step   3400/8000  recon=0.0064  pr=0.5824  sid=3.8574  grl=4.8906  L/P/U=3685/1435/0  actL/P/U=190/66/0  H=1.099  lr=2.06e-05
  [grad_norms @3500]
    recon             |g|=0.00350  ratio=1.000x recon
    pr_raw            |g|=0.21069  ratio=60.120x recon
    pr_weighted       |g|=0.00421  ratio=1.202x recon
    sid_raw           |g|=1.56880  ratio=447.652x recon
    sid_weighted      |g|=0.01569  ratio=4.477x recon
    grl               |g|=0.02706  ratio=7.722x recon
    route             |g|=0.00000  ratio=0.000x recon
  step   3500/8000  recon=0.0064  pr=0.6112  sid=4.0996  grl=4.8145  L/P/U=3616/1504/0  actL/P/U=186/70/0  H=1.099  lr=2.00e-05
  step   3600/8000  recon=0.0064  pr=0.5734  sid=3.9473  grl=4.7910  L/P/U=3533/1587/0  actL/P/U=184/72/0  H=1.099  lr=1.94e-05
  step   3700/8000  recon=0.0065  pr=0.5619  sid=3.8672  grl=4.7266  L/P/U=3450/1670/0  actL/P/U=182/74/0  H=1.099  lr=1.88e-05
  step   3800/8000  recon=0.0065  pr=0.5992  sid=3.9082  grl=4.8281  L/P/U=3386/1734/0  actL/P/U=177/79/0  H=1.099  lr=1.82e-05
  step   3900/8000  recon=0.0065  pr=0.5629  sid=3.9102  grl=4.7656  L/P/U=3330/1790/0  actL/P/U=174/82/0  H=1.099  lr=1.76e-05
  [grad_norms @4000]
    recon             |g|=0.00358  ratio=1.000x recon
    pr_raw            |g|=0.76496  ratio=213.398x recon
    pr_weighted       |g|=0.01530  ratio=4.268x recon
    sid_raw           |g|=3.26026  ratio=909.504x recon
    sid_weighted      |g|=0.03260  ratio=9.095x recon
    grl               |g|=0.03461  ratio=9.656x recon
    route             |g|=0.00000  ratio=0.000x recon
  step   4000/8000  recon=0.0065  pr=0.5638  sid=3.7969  grl=4.7051  L/P/U=3266/1854/0  actL/P/U=170/86/0  H=1.099  lr=1.70e-05
  [val] step=4000  recon=0.0086  pr=0.6493  PER=0.118  sid_acc=0.038
  step   4100/8000  recon=0.0065  pr=0.5810  sid=3.9707  grl=4.8828  L/P/U=3199/1921/0  actL/P/U=168/88/0  H=1.099  lr=1.64e-05
  step   4200/8000  recon=0.0064  pr=0.5283  sid=3.8423  grl=4.7812  L/P/U=3139/1981/0  actL/P/U=163/93/0  H=1.099  lr=1.58e-05
  step   4300/8000  recon=0.0065  pr=0.5225  sid=3.8291  grl=4.6953  L/P/U=3098/2022/0  actL/P/U=161/95/0  H=1.099  lr=1.52e-05
  step   4400/8000  recon=0.0065  pr=0.5064  sid=3.5249  grl=4.7969  L/P/U=3049/2071/0  actL/P/U=158/98/0  H=1.099  lr=1.46e-05
  [grad_norms @4500]
    recon             |g|=0.00354  ratio=1.000x recon
    pr_raw            |g|=0.63376  ratio=178.984x recon
    pr_weighted       |g|=0.01268  ratio=3.580x recon
    sid_raw           |g|=2.30932  ratio=652.186x recon
    sid_weighted      |g|=0.02309  ratio=6.522x recon
    grl               |g|=0.03301  ratio=9.323x recon
    route             |g|=0.00000  ratio=0.000x recon
  step   4500/8000  recon=0.0066  pr=0.5950  sid=3.5647  grl=4.6387  L/P/U=3009/2111/0  actL/P/U=156/100/0  H=1.099  lr=1.40e-05
  step   4600/8000  recon=0.0065  pr=0.5479  sid=3.9219  grl=4.9277  L/P/U=2961/2159/0  actL/P/U=158/98/0  H=1.099  lr=1.34e-05
  step   4700/8000  recon=0.0067  pr=0.5622  sid=3.6025  grl=4.7188  L/P/U=2920/2200/0  actL/P/U=154/102/0  H=1.099  lr=1.28e-05
  step   4800/8000  recon=0.0066  pr=0.5122  sid=3.5625  grl=4.6758  L/P/U=2884/2236/0  actL/P/U=152/104/0  H=1.099  lr=1.22e-05
  step   4900/8000  recon=0.0066  pr=0.4973  sid=3.9609  grl=4.8555  L/P/U=2846/2274/0  actL/P/U=151/105/0  H=1.099  lr=1.16e-05
  [grad_norms @5000]
    recon             |g|=0.00370  ratio=1.000x recon
    pr_raw            |g|=0.53705  ratio=144.977x recon
    pr_weighted       |g|=0.01074  ratio=2.900x recon
    sid_raw           |g|=1.37955  ratio=372.410x recon
    sid_weighted      |g|=0.01380  ratio=3.724x recon
    grl               |g|=0.03706  ratio=10.004x recon
    route             |g|=0.00000  ratio=0.000x recon
  step   5000/8000  recon=0.0065  pr=0.5102  sid=3.9023  grl=4.7324  L/P/U=2802/2318/0  actL/P/U=148/108/0  H=1.099  lr=1.10e-05
  [val] step=5000  recon=0.0093  pr=0.6356  PER=0.106  sid_acc=0.062
  step   5100/8000  recon=0.0067  pr=0.5047  sid=3.8057  grl=4.7520  L/P/U=2772/2348/0  actL/P/U=147/109/0  H=1.099  lr=1.04e-05
  step   5200/8000  recon=0.0066  pr=0.5422  sid=3.7305  grl=4.7305  L/P/U=2747/2373/0  actL/P/U=144/112/0  H=1.099  lr=9.88e-06
  step   5300/8000  recon=0.0067  pr=0.5576  sid=3.2280  grl=4.5918  L/P/U=2720/2400/0  actL/P/U=143/113/0  H=1.099  lr=9.33e-06
  step   5400/8000  recon=0.0066  pr=0.4178  sid=3.7441  grl=4.7109  L/P/U=2691/2429/0  actL/P/U=143/113/0  H=1.099  lr=8.78e-06
  [grad_norms @5500]
    recon             |g|=0.00377  ratio=1.000x recon
    pr_raw            |g|=0.50728  ratio=134.582x recon
    pr_weighted       |g|=0.01015  ratio=2.692x recon
    sid_raw           |g|=2.31579  ratio=614.385x recon
    sid_weighted      |g|=0.02316  ratio=6.144x recon
    grl               |g|=0.04704  ratio=12.480x recon
    route             |g|=0.00000  ratio=0.000x recon
  step   5500/8000  recon=0.0065  pr=0.4729  sid=3.4316  grl=4.6348  L/P/U=2658/2462/0  actL/P/U=139/117/0  H=1.099  lr=8.25e-06
  step   5600/8000  recon=0.0067  pr=0.4983  sid=3.7236  grl=4.7422  L/P/U=2644/2476/0  actL/P/U=140/116/0  H=1.099  lr=7.73e-06
  step   5700/8000  recon=0.0066  pr=0.5177  sid=3.5229  grl=4.6357  L/P/U=2629/2491/0  actL/P/U=140/116/0  H=1.099  lr=7.22e-06
  step   5800/8000  recon=0.0065  pr=0.4590  sid=3.2573  grl=4.6318  L/P/U=2615/2505/0  actL/P/U=137/119/0  H=1.099  lr=6.73e-06
  step   5900/8000  recon=0.0067  pr=0.5340  sid=3.8154  grl=4.8125  L/P/U=2600/2520/0  actL/P/U=138/118/0  H=1.099  lr=6.26e-06
  [grad_norms @6000]
    recon             |g|=0.00362  ratio=1.000x recon
    pr_raw            |g|=0.32919  ratio=90.841x recon
    pr_weighted       |g|=0.00658  ratio=1.817x recon
    sid_raw           |g|=2.39149  ratio=659.945x recon
    sid_weighted      |g|=0.02391  ratio=6.599x recon
    grl               |g|=0.03715  ratio=10.251x recon
    route             |g|=0.00000  ratio=0.000x recon
  step   6000/8000  recon=0.0067  pr=0.4963  sid=3.6387  grl=4.7461  L/P/U=2584/2536/0  actL/P/U=138/118/0  H=1.099  lr=5.80e-06
  [val] step=6000  recon=0.0098  pr=0.6520  PER=0.102  sid_acc=0.074
  step   6100/8000  recon=0.0068  pr=0.5567  sid=3.6953  grl=4.8066  L/P/U=2571/2549/0  actL/P/U=136/120/0  H=1.099  lr=5.35e-06
  step   6200/8000  recon=0.0067  pr=0.5873  sid=3.4243  grl=4.6260  L/P/U=2563/2557/0  actL/P/U=134/122/0  H=1.099  lr=4.93e-06
  step   6300/8000  recon=0.0068  pr=0.4480  sid=3.7480  grl=4.7363  L/P/U=2550/2570/0  actL/P/U=137/119/0  H=1.099  lr=4.52e-06
  step   6400/8000  recon=0.0067  pr=0.4718  sid=3.3286  grl=4.5527  L/P/U=2543/2577/0  actL/P/U=133/123/0  H=1.099  lr=4.14e-06
  [grad_norms @6500]
    recon             |g|=0.00365  ratio=1.000x recon
    pr_raw            |g|=0.45662  ratio=125.027x recon
    pr_weighted       |g|=0.00913  ratio=2.501x recon
    sid_raw           |g|=1.87966  ratio=514.664x recon
    sid_weighted      |g|=0.01880  ratio=5.147x recon
    grl               |g|=0.04719  ratio=12.920x recon
    route             |g|=0.00000  ratio=0.000x recon
  step   6500/8000  recon=0.0069  pr=0.5496  sid=3.6143  grl=4.7793  L/P/U=2539/2581/0  actL/P/U=136/120/0  H=1.099  lr=3.77e-06
  step   6600/8000  recon=0.0067  pr=0.4875  sid=3.4634  grl=4.7734  L/P/U=2532/2588/0  actL/P/U=135/121/0  H=1.099  lr=3.42e-06
  step   6700/8000  recon=0.0068  pr=0.5054  sid=3.5986  grl=4.7012  L/P/U=2524/2596/0  actL/P/U=132/124/0  H=1.099  lr=3.10e-06
  step   6800/8000  recon=0.0068  pr=0.5857  sid=3.2227  grl=4.6465  L/P/U=2521/2599/0  actL/P/U=132/124/0  H=1.099  lr=2.79e-06
  step   6900/8000  recon=0.0067  pr=0.4824  sid=3.1396  grl=4.5596  L/P/U=2518/2602/0  actL/P/U=132/124/0  H=1.099  lr=2.51e-06
  [grad_norms @7000]
    recon             |g|=0.00359  ratio=1.000x recon
    pr_raw            |g|=0.53170  ratio=148.026x recon
    pr_weighted       |g|=0.01063  ratio=2.961x recon
    sid_raw           |g|=3.06461  ratio=853.195x recon
    sid_weighted      |g|=0.03065  ratio=8.532x recon
    grl               |g|=0.04140  ratio=11.527x recon
    route             |g|=0.00000  ratio=0.000x recon
  step   7000/8000  recon=0.0067  pr=0.4410  sid=3.5430  grl=4.6416  L/P/U=2516/2604/0  actL/P/U=133/123/0  H=1.099  lr=2.25e-06
  [val] step=7000  recon=0.0100  pr=0.6470  PER=0.100  sid_acc=0.084
  step   7100/8000  recon=0.0067  pr=0.4785  sid=3.3530  grl=4.6621  L/P/U=2514/2606/0  actL/P/U=132/124/0  H=1.099  lr=2.02e-06
  step   7200/8000  recon=0.0068  pr=0.5059  sid=3.1577  grl=4.6094  L/P/U=2509/2611/0  actL/P/U=133/123/0  H=1.099  lr=1.81e-06
  step   7300/8000  recon=0.0068  pr=0.4689  sid=3.3945  grl=4.6562  L/P/U=2507/2613/0  actL/P/U=131/125/0  H=1.099  lr=1.62e-06
  step   7400/8000  recon=0.0068  pr=0.5016  sid=3.4336  grl=4.6797  L/P/U=2500/2620/0  actL/P/U=133/123/0  H=1.099  lr=1.46e-06
  [grad_norms @7500]
    recon             |g|=0.00352  ratio=1.000x recon
    pr_raw            |g|=0.65187  ratio=185.258x recon
    pr_weighted       |g|=0.01304  ratio=3.705x recon
    sid_raw           |g|=2.62222  ratio=745.226x recon
    sid_weighted      |g|=0.02622  ratio=7.452x recon
    grl               |g|=0.03739  ratio=10.626x recon
    route             |g|=0.00000  ratio=0.000x recon
  step   7500/8000  recon=0.0068  pr=0.4802  sid=3.3687  grl=4.7031  L/P/U=2495/2625/0  actL/P/U=132/124/0  H=1.099  lr=1.32e-06
  step   7600/8000  recon=0.0068  pr=0.4669  sid=3.5508  grl=4.7207  L/P/U=2494/2626/0  actL/P/U=133/123/0  H=1.099  lr=1.20e-06
  step   7700/8000  recon=0.0067  pr=0.4942  sid=3.4189  grl=4.7480  L/P/U=2492/2628/0  actL/P/U=133/123/0  H=1.099  lr=1.11e-06
  step   7800/8000  recon=0.0069  pr=0.4403  sid=3.2520  grl=4.7441  L/P/U=2490/2630/0  actL/P/U=131/125/0  H=1.099  lr=1.05e-06
  step   7900/8000  recon=0.0069  pr=0.5519  sid=3.4863  grl=4.6445  L/P/U=2489/2631/0  actL/P/U=132/124/0  H=1.099  lr=1.01e-06
  [grad_norms @8000]
    recon             |g|=0.00354  ratio=1.000x recon
    pr_raw            |g|=0.29780  ratio=84.027x recon
    pr_weighted       |g|=0.00596  ratio=1.681x recon
    sid_raw           |g|=1.72516  ratio=486.765x recon
    sid_weighted      |g|=0.01725  ratio=4.868x recon
    grl               |g|=0.03269  ratio=9.224x recon
    route             |g|=0.00000  ratio=0.000x recon
  step   8000/8000  recon=0.0067  pr=0.4715  sid=3.3774  grl=4.5693  L/P/U=2489/2631/0  actL/P/U=131/125/0  H=1.099  lr=1.00e-06
  [val] step=8000  recon=0.0100  pr=0.6475  PER=0.100  sid_acc=0.084

[stage 2] done.  Best val_recon=0.0080  → /rds/user/bbg25/hpc-work/Thesis/Final-Proj/Disentanglement/checkpoints/sid1/stage2_best.pt

[done]  best checkpoint → /rds/user/bbg25/hpc-work/Thesis/Final-Proj/Disentanglement/checkpoints/sid1/stage2_best.pt
Finished : Sat May 30 18:28:48 BST 2026
