=== fixed-block experiment 0: exp1_perblock ===
Job/Array  : 30572697 / 0
GPU        : NVIDIA A100-SXM4-80GB
Started    : Sun Jun 14 21:47:42 BST 2026
blocks     : --K_L 3072 --K_P 1024 --K_U 1024
topk mode  : --per_block_topk --topk_L 160 --topk_P 64 --topk_U 32
instance N : [none]
GRL        : grl=0.5 grl_p=0.5 delay=0 dann  lr_disc=1e-3 n_disc_steps=3
=== Disentanglement  stage=2
=== device=cuda  bf16=True
=== K=5120  topk=256  D=1280
=== steps=12000  α=0.8  β=0.6  grl=0.5  ρ=0.0
[dis_data] loaded lexicon: 200,000 entries
[dis_data] loading train-clean-100 …
[dis_data]  251 speakers
[dis_data]  train=27539  val=500  test=500  vocab=74  speakers=251
[train] stage2_from_scratch=True — SAE/routing/heads start from initialization
[stage 2] frozen=596,973,362  trainable=17,478,282  device=cuda
[stage 2] speakers=251  vocab=74
[stage 2] α=0.8  β=0.6  grl=0.5  ρ=0.0  grl_p=0.5  hard_gumbel=True  spear_ln=True  dann_full_disc=True
[stage 2] steps=12000  batch=16
[dis_data] g2p_en loaded for OOV words
  step      1/12000  recon=0.3267  pr=19.4923  sid=5.5195  grl=5.5371  grl_p=19.3746  L/P/U=3072/1024/1024  actL/P/U=160/64/32  H=nan  Hu=nan  spec<.5=nan  marg=nan  lstd=nan  lr=2.00e-07
  step    100/12000  recon=0.2938  pr=15.2802  sid=5.5156  grl=5.5820  grl_p=3.5439  L/P/U=3072/1024/1024  actL/P/U=160/64/32  H=nan  Hu=nan  spec<.5=nan  marg=nan  lstd=nan  lr=2.00e-05
  step    200/12000  recon=0.3211  pr=7.5862  sid=5.5117  grl=5.3770  grl_p=1.3772  L/P/U=3072/1024/1024  actL/P/U=160/64/32  H=nan  Hu=nan  spec<.5=nan  marg=nan  lstd=nan  lr=4.00e-05
  step    300/12000  recon=0.3050  pr=3.3616  sid=5.5000  grl=4.7266  grl_p=2.0166  L/P/U=3072/1024/1024  actL/P/U=160/64/32  H=nan  Hu=nan  spec<.5=nan  marg=nan  lstd=nan  lr=6.00e-05
  step    400/12000  recon=0.2365  pr=1.7164  sid=5.4668  grl=3.7405  grl_p=3.4121  L/P/U=3072/1024/1024  actL/P/U=160/64/32  H=nan  Hu=nan  spec<.5=nan  marg=nan  lstd=nan  lr=8.00e-05
  [grad_norms @500]
    recon             |g|=0.03455  ratio=1.000x recon
    pr_raw            |g|=0.40183  ratio=11.629x recon
    pr_weighted       |g|=0.32147  ratio=9.303x recon
    sid_raw           |g|=0.51418  ratio=14.880x recon
    sid_weighted      |g|=0.30851  ratio=8.928x recon
    grl               |g|=0.42692  ratio=12.355x recon
    grl_p             |g|=0.53374  ratio=15.446x recon
    route             |g|=0.00000  ratio=0.000x recon
  step    500/12000  recon=0.1950  pr=1.0132  sid=5.5020  grl=4.1941  grl_p=2.7709  L/P/U=3072/1024/1024  actL/P/U=160/64/32  H=nan  Hu=nan  spec<.5=nan  marg=nan  lstd=nan  lr=1.00e-04
  step    600/12000  recon=0.1588  pr=0.8172  sid=5.4180  grl=4.7646  grl_p=3.0423  L/P/U=3072/1024/1024  actL/P/U=160/64/32  H=nan  Hu=nan  spec<.5=nan  marg=nan  lstd=nan  lr=1.00e-04
  step    700/12000  recon=0.1369  pr=0.6807  sid=5.3301  grl=4.4248  grl_p=2.8299  L/P/U=3072/1024/1024  actL/P/U=160/64/32  H=nan  Hu=nan  spec<.5=nan  marg=nan  lstd=nan  lr=9.99e-05
  step    800/12000  recon=0.1260  pr=0.4725  sid=5.3281  grl=5.2422  grl_p=2.8680  L/P/U=3072/1024/1024  actL/P/U=160/64/32  H=nan  Hu=nan  spec<.5=nan  marg=nan  lstd=nan  lr=9.98e-05
  step    900/12000  recon=0.1184  pr=0.4752  sid=5.2812  grl=5.0430  grl_p=2.9734  L/P/U=3072/1024/1024  actL/P/U=160/64/32  H=nan  Hu=nan  spec<.5=nan  marg=nan  lstd=nan  lr=9.97e-05
  [grad_norms @1000]
    recon             |g|=0.03696  ratio=1.000x recon
    pr_raw            |g|=0.24994  ratio=6.763x recon
    pr_weighted       |g|=0.19995  ratio=5.410x recon
    sid_raw           |g|=0.74434  ratio=20.141x recon
    sid_weighted      |g|=0.44661  ratio=12.084x recon
    grl               |g|=0.56527  ratio=15.295x recon
    grl_p             |g|=1.18267  ratio=32.001x recon
    route             |g|=0.00000  ratio=0.000x recon
  step   1000/12000  recon=0.1172  pr=0.4145  sid=5.1738  grl=5.8105  grl_p=2.9873  L/P/U=3072/1024/1024  actL/P/U=160/64/32  H=nan  Hu=nan  spec<.5=nan  marg=nan  lstd=nan  lr=9.95e-05
  [val] step=1000  recon=0.1171  pr=0.4552  PER=0.109  sid_acc=0.130
  ✓ best checkpoint (disent=0.9793  PER=0.109 sid=0.130) → /rds/user/bbg25/hpc-work/Thesis/Final-Proj/Disentanglement/checkpoints/fxblk_exp1_perblock/stage2_best.pt
  step   1100/12000  recon=0.1146  pr=0.3874  sid=5.1543  grl=5.4121  grl_p=3.1246  L/P/U=3072/1024/1024  actL/P/U=160/64/32  H=nan  Hu=nan  spec<.5=nan  marg=nan  lstd=nan  lr=9.93e-05
  step   1200/12000  recon=0.1140  pr=0.3860  sid=4.9258  grl=5.0850  grl_p=3.2041  L/P/U=3072/1024/1024  actL/P/U=160/64/32  H=nan  Hu=nan  spec<.5=nan  marg=nan  lstd=nan  lr=9.91e-05
  step   1300/12000  recon=0.1144  pr=0.3587  sid=4.8535  grl=5.2217  grl_p=3.2211  L/P/U=3072/1024/1024  actL/P/U=160/64/32  H=nan  Hu=nan  spec<.5=nan  marg=nan  lstd=nan  lr=9.88e-05
  step   1400/12000  recon=0.1124  pr=0.3816  sid=4.7676  grl=5.1543  grl_p=3.2079  L/P/U=3072/1024/1024  actL/P/U=160/64/32  H=nan  Hu=nan  spec<.5=nan  marg=nan  lstd=nan  lr=9.85e-05
  [grad_norms @1500]
    recon             |g|=0.04312  ratio=1.000x recon
    pr_raw            |g|=0.61124  ratio=14.174x recon
    pr_weighted       |g|=0.48899  ratio=11.339x recon
    sid_raw           |g|=1.14579  ratio=26.570x recon
    sid_weighted      |g|=0.68747  ratio=15.942x recon
    grl               |g|=0.72416  ratio=16.793x recon
    grl_p             |g|=1.65867  ratio=38.464x recon
    route             |g|=0.00000  ratio=0.000x recon
  step   1500/12000  recon=0.1143  pr=0.5385  sid=4.5742  grl=5.4531  grl_p=3.2434  L/P/U=3072/1024/1024  actL/P/U=160/64/32  H=nan  Hu=nan  spec<.5=nan  marg=nan  lstd=nan  lr=9.82e-05
  step   1600/12000  recon=0.1119  pr=0.4311  sid=4.4736  grl=4.9180  grl_p=3.3259  L/P/U=3072/1024/1024  actL/P/U=160/64/32  H=nan  Hu=nan  spec<.5=nan  marg=nan  lstd=nan  lr=9.78e-05
  step   1700/12000  recon=0.1133  pr=0.3553  sid=4.5049  grl=5.2695  grl_p=3.3937  L/P/U=3072/1024/1024  actL/P/U=160/64/32  H=nan  Hu=nan  spec<.5=nan  marg=nan  lstd=nan  lr=9.74e-05
  step   1800/12000  recon=0.1129  pr=0.3207  sid=4.5088  grl=5.3164  grl_p=3.4358  L/P/U=3072/1024/1024  actL/P/U=160/64/32  H=nan  Hu=nan  spec<.5=nan  marg=nan  lstd=nan  lr=9.69e-05
  step   1900/12000  recon=0.1158  pr=0.3636  sid=4.3838  grl=5.2070  grl_p=3.4943  L/P/U=3072/1024/1024  actL/P/U=160/64/32  H=nan  Hu=nan  spec<.5=nan  marg=nan  lstd=nan  lr=9.64e-05
  [grad_norms @2000]
    recon             |g|=0.04380  ratio=1.000x recon
    pr_raw            |g|=0.26172  ratio=5.975x recon
    pr_weighted       |g|=0.20937  ratio=4.780x recon
    sid_raw           |g|=2.64708  ratio=60.435x recon
    sid_weighted      |g|=1.58825  ratio=36.261x recon
    grl               |g|=1.15720  ratio=26.420x recon
    grl_p             |g|=0.85623  ratio=19.548x recon
    route             |g|=0.00000  ratio=0.000x recon
  step   2000/12000  recon=0.1121  pr=0.3041  sid=4.5215  grl=5.3340  grl_p=3.4980  L/P/U=3072/1024/1024  actL/P/U=160/64/32  H=nan  Hu=nan  spec<.5=nan  marg=nan  lstd=nan  lr=9.59e-05
  [val] step=2000  recon=0.1136  pr=0.3635  PER=0.088  sid_acc=0.574
  ✓ best checkpoint (disent=0.5140  PER=0.088 sid=0.574) → /rds/user/bbg25/hpc-work/Thesis/Final-Proj/Disentanglement/checkpoints/fxblk_exp1_perblock/stage2_best.pt
  step   2100/12000  recon=0.1122  pr=0.4468  sid=4.3799  grl=5.0498  grl_p=3.5726  L/P/U=3072/1024/1024  actL/P/U=160/64/32  H=nan  Hu=nan  spec<.5=nan  marg=nan  lstd=nan  lr=9.53e-05
  step   2200/12000  recon=0.1108  pr=0.3493  sid=4.6455  grl=5.2695  grl_p=3.5432  L/P/U=3072/1024/1024  actL/P/U=160/64/32  H=nan  Hu=nan  spec<.5=nan  marg=nan  lstd=nan  lr=9.48e-05
  step   2300/12000  recon=0.1166  pr=0.3419  sid=4.3740  grl=5.2812  grl_p=3.2963  L/P/U=3072/1024/1024  actL/P/U=160/64/32  H=nan  Hu=nan  spec<.5=nan  marg=nan  lstd=nan  lr=9.41e-05
  step   2400/12000  recon=0.1158  pr=0.3831  sid=4.7900  grl=5.2861  grl_p=2.6016  L/P/U=3072/1024/1024  actL/P/U=160/64/32  H=nan  Hu=nan  spec<.5=nan  marg=nan  lstd=nan  lr=9.35e-05
  [grad_norms @2500]
    recon             |g|=0.05604  ratio=1.000x recon
    pr_raw            |g|=0.35314  ratio=6.302x recon
    pr_weighted       |g|=0.28251  ratio=5.042x recon
    sid_raw           |g|=3.12248  ratio=55.721x recon
    sid_weighted      |g|=1.87349  ratio=33.433x recon
    grl               |g|=2.04817  ratio=36.550x recon
    grl_p             |g|=3.23189  ratio=57.674x recon
    route             |g|=0.00000  ratio=0.000x recon
  step   2500/12000  recon=0.1194  pr=0.3456  sid=4.7617  grl=5.4316  grl_p=2.2564  L/P/U=3072/1024/1024  actL/P/U=160/64/32  H=nan  Hu=nan  spec<.5=nan  marg=nan  lstd=nan  lr=9.28e-05
  step   2600/12000  recon=0.1193  pr=0.3822  sid=5.3125  grl=5.1504  grl_p=1.7726  L/P/U=3072/1024/1024  actL/P/U=160/64/32  H=nan  Hu=nan  spec<.5=nan  marg=nan  lstd=nan  lr=9.21e-05
  step   2700/12000  recon=0.1219  pr=0.4496  sid=5.5605  grl=5.3740  grl_p=1.8136  L/P/U=3072/1024/1024  actL/P/U=160/64/32  H=nan  Hu=nan  spec<.5=nan  marg=nan  lstd=nan  lr=9.13e-05
  step   2800/12000  recon=0.1241  pr=0.4330  sid=5.3809  grl=5.3809  grl_p=1.4627  L/P/U=3072/1024/1024  actL/P/U=160/64/32  H=nan  Hu=nan  spec<.5=nan  marg=nan  lstd=nan  lr=9.05e-05
  step   2900/12000  recon=0.1253  pr=0.4462  sid=5.7070  grl=5.2383  grl_p=1.4134  L/P/U=3072/1024/1024  actL/P/U=160/64/32  H=nan  Hu=nan  spec<.5=nan  marg=nan  lstd=nan  lr=8.97e-05
  [grad_norms @3000]
    recon             |g|=0.07111  ratio=1.000x recon
    pr_raw            |g|=0.49830  ratio=7.008x recon
    pr_weighted       |g|=0.39864  ratio=5.606x recon
    sid_raw           |g|=4.24022  ratio=59.630x recon
    sid_weighted      |g|=2.54413  ratio=35.778x recon
    grl               |g|=2.21829  ratio=31.196x recon
    grl_p             |g|=4.09684  ratio=57.613x recon
    route             |g|=0.00000  ratio=0.000x recon
  step   3000/12000  recon=0.1246  pr=0.4822  sid=5.4375  grl=5.3379  grl_p=1.4897  L/P/U=3072/1024/1024  actL/P/U=160/64/32  H=nan  Hu=nan  spec<.5=nan  marg=nan  lstd=nan  lr=8.89e-05
  [val] step=3000  recon=0.1238  pr=0.4219  PER=0.100  sid_acc=0.104
  step   3100/12000  recon=0.1238  pr=0.4219  sid=5.3438  grl=5.5430  grl_p=1.4218  L/P/U=3072/1024/1024  actL/P/U=160/64/32  H=nan  Hu=nan  spec<.5=nan  marg=nan  lstd=nan  lr=8.80e-05
  step   3200/12000  recon=0.1255  pr=0.4882  sid=5.0215  grl=5.0938  grl_p=1.5259  L/P/U=3072/1024/1024  actL/P/U=160/64/32  H=nan  Hu=nan  spec<.5=nan  marg=nan  lstd=nan  lr=8.71e-05
  step   3300/12000  recon=0.1262  pr=0.4624  sid=5.2363  grl=5.3271  grl_p=1.3233  L/P/U=3072/1024/1024  actL/P/U=160/64/32  H=nan  Hu=nan  spec<.5=nan  marg=nan  lstd=nan  lr=8.62e-05
  step   3400/12000  recon=0.1261  pr=0.3987  sid=5.2070  grl=5.3340  grl_p=1.5898  L/P/U=3072/1024/1024  actL/P/U=160/64/32  H=nan  Hu=nan  spec<.5=nan  marg=nan  lstd=nan  lr=8.53e-05
  [grad_norms @3500]
    recon             |g|=0.07232  ratio=1.000x recon
    pr_raw            |g|=0.41160  ratio=5.691x recon
    pr_weighted       |g|=0.32928  ratio=4.553x recon
    sid_raw           |g|=2.81716  ratio=38.955x recon
    sid_weighted      |g|=1.69030  ratio=23.373x recon
    grl               |g|=4.23529  ratio=58.565x recon
    grl_p             |g|=3.58812  ratio=49.616x recon
    route             |g|=0.00000  ratio=0.000x recon
  step   3500/12000  recon=0.1245  pr=0.4201  sid=5.1982  grl=5.5000  grl_p=1.3340  L/P/U=3072/1024/1024  actL/P/U=160/64/32  H=nan  Hu=nan  spec<.5=nan  marg=nan  lstd=nan  lr=8.43e-05
  step   3600/12000  recon=0.1268  pr=0.5334  sid=5.2793  grl=5.1895  grl_p=1.5960  L/P/U=3072/1024/1024  actL/P/U=160/64/32  H=nan  Hu=nan  spec<.5=nan  marg=nan  lstd=nan  lr=8.33e-05
  step   3700/12000  recon=0.1264  pr=0.4446  sid=4.8584  grl=5.2109  grl_p=1.4449  L/P/U=3072/1024/1024  actL/P/U=160/64/32  H=nan  Hu=nan  spec<.5=nan  marg=nan  lstd=nan  lr=8.23e-05
  step   3800/12000  recon=0.1271  pr=0.4507  sid=5.3301  grl=5.4375  grl_p=1.3443  L/P/U=3072/1024/1024  actL/P/U=160/64/32  H=nan  Hu=nan  spec<.5=nan  marg=nan  lstd=nan  lr=8.12e-05
  step   3900/12000  recon=0.1264  pr=0.4470  sid=4.6963  grl=5.1719  grl_p=1.4213  L/P/U=3072/1024/1024  actL/P/U=160/64/32  H=nan  Hu=nan  spec<.5=nan  marg=nan  lstd=nan  lr=8.01e-05
  [grad_norms @4000]
    recon             |g|=0.07992  ratio=1.000x recon
    pr_raw            |g|=0.66510  ratio=8.322x recon
    pr_weighted       |g|=0.53208  ratio=6.658x recon
    sid_raw           |g|=3.13106  ratio=39.178x recon
    sid_weighted      |g|=1.87864  ratio=23.507x recon
    grl               |g|=3.71364  ratio=46.468x recon
    grl_p             |g|=3.95263  ratio=49.458x recon
    route             |g|=0.00000  ratio=0.000x recon
  step   4000/12000  recon=0.1264  pr=0.4160  sid=4.8809  grl=5.3008  grl_p=1.4446  L/P/U=3072/1024/1024  actL/P/U=160/64/32  H=nan  Hu=nan  spec<.5=nan  marg=nan  lstd=nan  lr=7.90e-05
  [val] step=4000  recon=0.1278  pr=0.4352  PER=0.102  sid_acc=0.186
  step   4100/12000  recon=0.1269  pr=0.4130  sid=4.8896  grl=5.2129  grl_p=1.2378  L/P/U=3072/1024/1024  actL/P/U=160/64/32  H=nan  Hu=nan  spec<.5=nan  marg=nan  lstd=nan  lr=7.79e-05
  step   4200/12000  recon=0.1267  pr=0.4591  sid=4.8301  grl=5.3389  grl_p=1.3108  L/P/U=3072/1024/1024  actL/P/U=160/64/32  H=nan  Hu=nan  spec<.5=nan  marg=nan  lstd=nan  lr=7.68e-05
  step   4300/12000  recon=0.1283  pr=0.4086  sid=4.8574  grl=5.4492  grl_p=1.2387  L/P/U=3072/1024/1024  actL/P/U=160/64/32  H=nan  Hu=nan  spec<.5=nan  marg=nan  lstd=nan  lr=7.56e-05
  step   4400/12000  recon=0.1278  pr=0.3481  sid=4.9385  grl=5.1055  grl_p=1.0752  L/P/U=3072/1024/1024  actL/P/U=160/64/32  H=nan  Hu=nan  spec<.5=nan  marg=nan  lstd=nan  lr=7.45e-05
  [grad_norms @4500]
    recon             |g|=0.08063  ratio=1.000x recon
    pr_raw            |g|=0.46548  ratio=5.773x recon
    pr_weighted       |g|=0.37238  ratio=4.618x recon
    sid_raw           |g|=3.06703  ratio=38.038x recon
    sid_weighted      |g|=1.84022  ratio=22.823x recon
    grl               |g|=2.29008  ratio=28.402x recon
    grl_p             |g|=3.55772  ratio=44.124x recon
    route             |g|=0.00000  ratio=0.000x recon
  step   4500/12000  recon=0.1268  pr=0.3886  sid=4.7920  grl=5.4414  grl_p=1.2066  L/P/U=3072/1024/1024  actL/P/U=160/64/32  H=nan  Hu=nan  spec<.5=nan  marg=nan  lstd=nan  lr=7.33e-05
  step   4600/12000  recon=0.1286  pr=0.4244  sid=4.6562  grl=5.3633  grl_p=1.3586  L/P/U=3072/1024/1024  actL/P/U=160/64/32  H=nan  Hu=nan  spec<.5=nan  marg=nan  lstd=nan  lr=7.21e-05
  step   4700/12000  recon=0.1273  pr=0.4490  sid=4.7607  grl=5.2969  grl_p=1.1694  L/P/U=3072/1024/1024  actL/P/U=160/64/32  H=nan  Hu=nan  spec<.5=nan  marg=nan  lstd=nan  lr=7.08e-05
  step   4800/12000  recon=0.1260  pr=0.3980  sid=4.8066  grl=5.3379  grl_p=1.2036  L/P/U=3072/1024/1024  actL/P/U=160/64/32  H=nan  Hu=nan  spec<.5=nan  marg=nan  lstd=nan  lr=6.96e-05
  step   4900/12000  recon=0.1263  pr=0.4639  sid=4.5947  grl=5.6348  grl_p=1.2389  L/P/U=3072/1024/1024  actL/P/U=160/64/32  H=nan  Hu=nan  spec<.5=nan  marg=nan  lstd=nan  lr=6.83e-05
  [grad_norms @5000]
    recon             |g|=0.09238  ratio=1.000x recon
    pr_raw            |g|=0.43099  ratio=4.665x recon
    pr_weighted       |g|=0.34479  ratio=3.732x recon
    sid_raw           |g|=2.89878  ratio=31.378x recon
    sid_weighted      |g|=1.73927  ratio=18.827x recon
    grl               |g|=6.22659  ratio=67.401x recon
    grl_p             |g|=3.35552  ratio=36.323x recon
    route             |g|=0.00000  ratio=0.000x recon
  step   5000/12000  recon=0.1267  pr=0.3603  sid=4.5410  grl=5.4434  grl_p=1.2623  L/P/U=3072/1024/1024  actL/P/U=160/64/32  H=nan  Hu=nan  spec<.5=nan  marg=nan  lstd=nan  lr=6.71e-05
  [val] step=5000  recon=0.1265  pr=0.4013  PER=0.095  sid_acc=0.292
  step   5100/12000  recon=0.1261  pr=0.3455  sid=4.6211  grl=5.4004  grl_p=1.1401  L/P/U=3072/1024/1024  actL/P/U=160/64/32  H=nan  Hu=nan  spec<.5=nan  marg=nan  lstd=nan  lr=6.58e-05
  step   5200/12000  recon=0.1253  pr=0.4136  sid=4.1460  grl=5.0488  grl_p=1.2364  L/P/U=3072/1024/1024  actL/P/U=160/64/32  H=nan  Hu=nan  spec<.5=nan  marg=nan  lstd=nan  lr=6.45e-05
  step   5300/12000  recon=0.1282  pr=0.4772  sid=4.3838  grl=5.0166  grl_p=1.2520  L/P/U=3072/1024/1024  actL/P/U=160/64/32  H=nan  Hu=nan  spec<.5=nan  marg=nan  lstd=nan  lr=6.32e-05
  step   5400/12000  recon=0.1243  pr=0.3676  sid=4.6211  grl=5.0952  grl_p=1.1188  L/P/U=3072/1024/1024  actL/P/U=160/64/32  H=nan  Hu=nan  spec<.5=nan  marg=nan  lstd=nan  lr=6.19e-05
  [grad_norms @5500]
    recon             |g|=0.09045  ratio=1.000x recon
    pr_raw            |g|=0.42840  ratio=4.737x recon
    pr_weighted       |g|=0.34272  ratio=3.789x recon
    sid_raw           |g|=3.77987  ratio=41.792x recon
    sid_weighted      |g|=2.26792  ratio=25.075x recon
    grl               |g|=4.69496  ratio=51.909x recon
    grl_p             |g|=5.09289  ratio=56.309x recon
    route             |g|=0.00000  ratio=0.000x recon
  step   5500/12000  recon=0.1248  pr=0.3584  sid=4.4189  grl=5.2402  grl_p=1.0762  L/P/U=3072/1024/1024  actL/P/U=160/64/32  H=nan  Hu=nan  spec<.5=nan  marg=nan  lstd=nan  lr=6.06e-05
  step   5600/12000  recon=0.1240  pr=0.3256  sid=4.4263  grl=5.4316  grl_p=0.9897  L/P/U=3072/1024/1024  actL/P/U=160/64/32  H=nan  Hu=nan  spec<.5=nan  marg=nan  lstd=nan  lr=5.92e-05
  step   5700/12000  recon=0.1255  pr=0.3576  sid=4.4683  grl=4.7866  grl_p=1.0881  L/P/U=3072/1024/1024  actL/P/U=160/64/32  H=nan  Hu=nan  spec<.5=nan  marg=nan  lstd=nan  lr=5.79e-05
  step   5800/12000  recon=0.1260  pr=0.5020  sid=4.9219  grl=5.0117  grl_p=1.0949  L/P/U=3072/1024/1024  actL/P/U=160/64/32  H=nan  Hu=nan  spec<.5=nan  marg=nan  lstd=nan  lr=5.66e-05
  step   5900/12000  recon=0.1250  pr=0.3742  sid=4.2339  grl=5.3203  grl_p=1.1159  L/P/U=3072/1024/1024  actL/P/U=160/64/32  H=nan  Hu=nan  spec<.5=nan  marg=nan  lstd=nan  lr=5.52e-05
  [grad_norms @6000]
    recon             |g|=0.09688  ratio=1.000x recon
    pr_raw            |g|=0.55828  ratio=5.763x recon
    pr_weighted       |g|=0.44662  ratio=4.610x recon
    sid_raw           |g|=3.36693  ratio=34.755x recon
    sid_weighted      |g|=2.02016  ratio=20.853x recon
    grl               |g|=3.87161  ratio=39.964x recon
    grl_p             |g|=5.25234  ratio=54.216x recon
    route             |g|=0.00000  ratio=0.000x recon
  step   6000/12000  recon=0.1263  pr=0.4743  sid=4.3511  grl=5.4336  grl_p=1.1319  L/P/U=3072/1024/1024  actL/P/U=160/64/32  H=nan  Hu=nan  spec<.5=nan  marg=nan  lstd=nan  lr=5.39e-05
  [val] step=6000  recon=0.1253  pr=0.3873  PER=0.092  sid_acc=0.430
  step   6100/12000  recon=0.1237  pr=0.3765  sid=4.5039  grl=5.1445  grl_p=1.0302  L/P/U=3072/1024/1024  actL/P/U=160/64/32  H=nan  Hu=nan  spec<.5=nan  marg=nan  lstd=nan  lr=5.25e-05
  step   6200/12000  recon=0.1257  pr=0.3334  sid=4.5889  grl=5.3047  grl_p=1.0091  L/P/U=3072/1024/1024  actL/P/U=160/64/32  H=nan  Hu=nan  spec<.5=nan  marg=nan  lstd=nan  lr=5.12e-05
  step   6300/12000  recon=0.1245  pr=0.3796  sid=4.4492  grl=5.4678  grl_p=1.0400  L/P/U=3072/1024/1024  actL/P/U=160/64/32  H=nan  Hu=nan  spec<.5=nan  marg=nan  lstd=nan  lr=4.98e-05
  step   6400/12000  recon=0.1258  pr=0.3976  sid=4.4102  grl=5.0586  grl_p=1.0848  L/P/U=3072/1024/1024  actL/P/U=160/64/32  H=nan  Hu=nan  spec<.5=nan  marg=nan  lstd=nan  lr=4.85e-05
  [grad_norms @6500]
    recon             |g|=0.08857  ratio=1.000x recon
    pr_raw            |g|=0.41196  ratio=4.651x recon
    pr_weighted       |g|=0.32957  ratio=3.721x recon
    sid_raw           |g|=2.54769  ratio=28.765x recon
    sid_weighted      |g|=1.52862  ratio=17.259x recon
    grl               |g|=3.75668  ratio=42.414x recon
    grl_p             |g|=8.27305  ratio=93.406x recon
    route             |g|=0.00000  ratio=0.000x recon
  step   6500/12000  recon=0.1245  pr=0.3643  sid=4.3926  grl=4.5345  grl_p=1.0268  L/P/U=3072/1024/1024  actL/P/U=160/64/32  H=nan  Hu=nan  spec<.5=nan  marg=nan  lstd=nan  lr=4.71e-05
  step   6600/12000  recon=0.1236  pr=0.4291  sid=3.9951  grl=4.9082  grl_p=1.1224  L/P/U=3072/1024/1024  actL/P/U=160/64/32  H=nan  Hu=nan  spec<.5=nan  marg=nan  lstd=nan  lr=4.58e-05
  step   6700/12000  recon=0.1247  pr=0.3442  sid=3.8726  grl=5.0762  grl_p=1.0710  L/P/U=3072/1024/1024  actL/P/U=160/64/32  H=nan  Hu=nan  spec<.5=nan  marg=nan  lstd=nan  lr=4.44e-05
  step   6800/12000  recon=0.1219  pr=0.3557  sid=3.7271  grl=5.5762  grl_p=1.0591  L/P/U=3072/1024/1024  actL/P/U=160/64/32  H=nan  Hu=nan  spec<.5=nan  marg=nan  lstd=nan  lr=4.31e-05
  step   6900/12000  recon=0.1231  pr=0.3189  sid=4.4316  grl=6.0742  grl_p=0.9192  L/P/U=3072/1024/1024  actL/P/U=160/64/32  H=nan  Hu=nan  spec<.5=nan  marg=nan  lstd=nan  lr=4.18e-05
  [grad_norms @7000]
    recon             |g|=0.09069  ratio=1.000x recon
    pr_raw            |g|=0.46129  ratio=5.087x recon
    pr_weighted       |g|=0.36903  ratio=4.069x recon
    sid_raw           |g|=2.79884  ratio=30.863x recon
    sid_weighted      |g|=1.67930  ratio=18.518x recon
    grl               |g|=9.21392  ratio=101.603x recon
    grl_p             |g|=3.71643  ratio=40.981x recon
    route             |g|=0.00000  ratio=0.000x recon
  step   7000/12000  recon=0.1230  pr=0.2973  sid=4.1445  grl=5.5469  grl_p=0.9052  L/P/U=3072/1024/1024  actL/P/U=160/64/32  H=nan  Hu=nan  spec<.5=nan  marg=nan  lstd=nan  lr=4.04e-05
  [val] step=7000  recon=0.1244  pr=0.3800  PER=0.091  sid_acc=0.480
  step   7100/12000  recon=0.1251  pr=0.3895  sid=4.3281  grl=4.9941  grl_p=1.0197  L/P/U=3072/1024/1024  actL/P/U=160/64/32  H=nan  Hu=nan  spec<.5=nan  marg=nan  lstd=nan  lr=3.91e-05
  step   7200/12000  recon=0.1231  pr=0.3216  sid=4.2900  grl=5.0107  grl_p=0.9616  L/P/U=3072/1024/1024  actL/P/U=160/64/32  H=nan  Hu=nan  spec<.5=nan  marg=nan  lstd=nan  lr=3.78e-05
  step   7300/12000  recon=0.1210  pr=0.4030  sid=4.3311  grl=5.0645  grl_p=1.0144  L/P/U=3072/1024/1024  actL/P/U=160/64/32  H=nan  Hu=nan  spec<.5=nan  marg=nan  lstd=nan  lr=3.65e-05
  step   7400/12000  recon=0.1241  pr=0.3873  sid=4.0122  grl=5.0273  grl_p=0.9772  L/P/U=3072/1024/1024  actL/P/U=160/64/32  H=nan  Hu=nan  spec<.5=nan  marg=nan  lstd=nan  lr=3.52e-05
  [grad_norms @7500]
    recon             |g|=0.09185  ratio=1.000x recon
    pr_raw            |g|=0.56475  ratio=6.148x recon
    pr_weighted       |g|=0.45180  ratio=4.919x recon
    sid_raw           |g|=3.31326  ratio=36.071x recon
    sid_weighted      |g|=1.98796  ratio=21.642x recon
    grl               |g|=4.60346  ratio=50.117x recon
    grl_p             |g|=4.52419  ratio=49.254x recon
    route             |g|=0.00000  ratio=0.000x recon
  step   7500/12000  recon=0.1217  pr=0.3859  sid=3.8086  grl=4.9355  grl_p=1.0161  L/P/U=3072/1024/1024  actL/P/U=160/64/32  H=nan  Hu=nan  spec<.5=nan  marg=nan  lstd=nan  lr=3.39e-05
  step   7600/12000  recon=0.1251  pr=0.3618  sid=3.9902  grl=4.8369  grl_p=1.0308  L/P/U=3072/1024/1024  actL/P/U=160/64/32  H=nan  Hu=nan  spec<.5=nan  marg=nan  lstd=nan  lr=3.27e-05
  step   7700/12000  recon=0.1237  pr=0.3722  sid=4.0322  grl=5.1611  grl_p=0.9784  L/P/U=3072/1024/1024  actL/P/U=160/64/32  H=nan  Hu=nan  spec<.5=nan  marg=nan  lstd=nan  lr=3.14e-05
  step   7800/12000  recon=0.1220  pr=0.6492  sid=3.7856  grl=4.9473  grl_p=1.1223  L/P/U=3072/1024/1024  actL/P/U=160/64/32  H=nan  Hu=nan  spec<.5=nan  marg=nan  lstd=nan  lr=3.02e-05
  step   7900/12000  recon=0.1244  pr=0.3267  sid=4.2324  grl=4.9858  grl_p=0.8882  L/P/U=3072/1024/1024  actL/P/U=160/64/32  H=nan  Hu=nan  spec<.5=nan  marg=nan  lstd=nan  lr=2.89e-05
  [grad_norms @8000]
    recon             |g|=0.09560  ratio=1.000x recon
    pr_raw            |g|=0.84571  ratio=8.847x recon
    pr_weighted       |g|=0.67656  ratio=7.077x recon
    sid_raw           |g|=3.50019  ratio=36.614x recon
    sid_weighted      |g|=2.10011  ratio=21.968x recon
    grl               |g|=7.32154  ratio=76.588x recon
    grl_p             |g|=3.39556  ratio=35.520x recon
    route             |g|=0.00000  ratio=0.000x recon
  step   8000/12000  recon=0.1232  pr=0.3586  sid=4.2051  grl=5.0557  grl_p=0.9902  L/P/U=3072/1024/1024  actL/P/U=160/64/32  H=nan  Hu=nan  spec<.5=nan  marg=nan  lstd=nan  lr=2.77e-05
  [val] step=8000  recon=0.1234  pr=0.3752  PER=0.091  sid_acc=0.526
  step   8100/12000  recon=0.1230  pr=0.3846  sid=3.9600  grl=4.8691  grl_p=0.9737  L/P/U=3072/1024/1024  actL/P/U=160/64/32  H=nan  Hu=nan  spec<.5=nan  marg=nan  lstd=nan  lr=2.65e-05
  step   8200/12000  recon=0.1221  pr=0.3819  sid=3.7656  grl=4.8231  grl_p=1.0039  L/P/U=3072/1024/1024  actL/P/U=160/64/32  H=nan  Hu=nan  spec<.5=nan  marg=nan  lstd=nan  lr=2.54e-05
  step   8300/12000  recon=0.1231  pr=0.3212  sid=4.3535  grl=5.1836  grl_p=0.8728  L/P/U=3072/1024/1024  actL/P/U=160/64/32  H=nan  Hu=nan  spec<.5=nan  marg=nan  lstd=nan  lr=2.42e-05
  step   8400/12000  recon=0.1245  pr=0.3802  sid=3.9502  grl=5.0273  grl_p=0.9923  L/P/U=3072/1024/1024  actL/P/U=160/64/32  H=nan  Hu=nan  spec<.5=nan  marg=nan  lstd=nan  lr=2.31e-05
  [grad_norms @8500]
    recon             |g|=0.08594  ratio=1.000x recon
    pr_raw            |g|=0.58894  ratio=6.853x recon
    pr_weighted       |g|=0.47115  ratio=5.483x recon
    sid_raw           |g|=5.22067  ratio=60.751x recon
    sid_weighted      |g|=3.13240  ratio=36.451x recon
    grl               |g|=9.89068  ratio=115.094x recon
    grl_p             |g|=5.23448  ratio=60.912x recon
    route             |g|=0.00000  ratio=0.000x recon
  step   8500/12000  recon=0.1225  pr=0.3824  sid=3.7974  grl=5.2910  grl_p=1.0493  L/P/U=3072/1024/1024  actL/P/U=160/64/32  H=nan  Hu=nan  spec<.5=nan  marg=nan  lstd=nan  lr=2.20e-05
  step   8600/12000  recon=0.1225  pr=0.3467  sid=4.0029  grl=4.9502  grl_p=0.9509  L/P/U=3072/1024/1024  actL/P/U=160/64/32  H=nan  Hu=nan  spec<.5=nan  marg=nan  lstd=nan  lr=2.09e-05
  step   8700/12000  recon=0.1236  pr=0.3807  sid=4.0830  grl=4.7568  grl_p=0.9293  L/P/U=3072/1024/1024  actL/P/U=160/64/32  H=nan  Hu=nan  spec<.5=nan  marg=nan  lstd=nan  lr=1.98e-05
  step   8800/12000  recon=0.1219  pr=0.3897  sid=3.4485  grl=4.4673  grl_p=0.8947  L/P/U=3072/1024/1024  actL/P/U=160/64/32  H=nan  Hu=nan  spec<.5=nan  marg=nan  lstd=nan  lr=1.87e-05
  step   8900/12000  recon=0.1233  pr=0.4846  sid=4.0654  grl=5.2520  grl_p=0.9965  L/P/U=3072/1024/1024  actL/P/U=160/64/32  H=nan  Hu=nan  spec<.5=nan  marg=nan  lstd=nan  lr=1.77e-05
  [grad_norms @9000]
    recon             |g|=0.10108  ratio=1.000x recon
    pr_raw            |g|=0.75791  ratio=7.498x recon
    pr_weighted       |g|=0.60633  ratio=5.998x recon
    sid_raw           |g|=6.14406  ratio=60.784x recon
    sid_weighted      |g|=3.68643  ratio=36.470x recon
    grl               |g|=12.91487  ratio=127.769x recon
    grl_p             |g|=3.41948  ratio=33.829x recon
    route             |g|=0.00000  ratio=0.000x recon
  step   9000/12000  recon=0.1256  pr=0.3974  sid=3.8325  grl=4.8545  grl_p=0.9804  L/P/U=3072/1024/1024  actL/P/U=160/64/32  H=nan  Hu=nan  spec<.5=nan  marg=nan  lstd=nan  lr=1.67e-05
  [val] step=9000  recon=0.1227  pr=0.3743  PER=0.091  sid_acc=0.550
  step   9100/12000  recon=0.1244  pr=0.3744  sid=3.5039  grl=4.7363  grl_p=0.9120  L/P/U=3072/1024/1024  actL/P/U=160/64/32  H=nan  Hu=nan  spec<.5=nan  marg=nan  lstd=nan  lr=1.57e-05
  step   9200/12000  recon=0.1219  pr=0.3485  sid=4.2334  grl=5.0879  grl_p=0.8661  L/P/U=3072/1024/1024  actL/P/U=160/64/32  H=nan  Hu=nan  spec<.5=nan  marg=nan  lstd=nan  lr=1.48e-05
  step   9300/12000  recon=0.1223  pr=0.3586  sid=3.4722  grl=4.7949  grl_p=0.8849  L/P/U=3072/1024/1024  actL/P/U=160/64/32  H=nan  Hu=nan  spec<.5=nan  marg=nan  lstd=nan  lr=1.39e-05
  step   9400/12000  recon=0.1218  pr=0.3573  sid=4.3408  grl=4.6724  grl_p=0.8887  L/P/U=3072/1024/1024  actL/P/U=160/64/32  H=nan  Hu=nan  spec<.5=nan  marg=nan  lstd=nan  lr=1.30e-05
  [grad_norms @9500]
    recon             |g|=0.08578  ratio=1.000x recon
    pr_raw            |g|=0.47575  ratio=5.546x recon
    pr_weighted       |g|=0.38060  ratio=4.437x recon
    sid_raw           |g|=3.75705  ratio=43.796x recon
    sid_weighted      |g|=2.25423  ratio=26.278x recon
    grl               |g|=7.82034  ratio=91.162x recon
    grl_p             |g|=5.90069  ratio=68.785x recon
    route             |g|=0.00000  ratio=0.000x recon
  step   9500/12000  recon=0.1225  pr=0.4058  sid=4.0234  grl=5.3105  grl_p=0.9301  L/P/U=3072/1024/1024  actL/P/U=160/64/32  H=nan  Hu=nan  spec<.5=nan  marg=nan  lstd=nan  lr=1.21e-05
  step   9600/12000  recon=0.1207  pr=0.3440  sid=4.0049  grl=4.8030  grl_p=0.8517  L/P/U=3072/1024/1024  actL/P/U=160/64/32  H=nan  Hu=nan  spec<.5=nan  marg=nan  lstd=nan  lr=1.13e-05
  step   9700/12000  recon=0.1216  pr=0.3758  sid=4.3877  grl=5.4902  grl_p=0.8873  L/P/U=3072/1024/1024  actL/P/U=160/64/32  H=nan  Hu=nan  spec<.5=nan  marg=nan  lstd=nan  lr=1.05e-05
  step   9800/12000  recon=0.1217  pr=0.3243  sid=3.7568  grl=4.9434  grl_p=0.8782  L/P/U=3072/1024/1024  actL/P/U=160/64/32  H=nan  Hu=nan  spec<.5=nan  marg=nan  lstd=nan  lr=9.67e-06
  step   9900/12000  recon=0.1220  pr=0.3792  sid=4.1299  grl=4.9756  grl_p=0.8778  L/P/U=3072/1024/1024  actL/P/U=160/64/32  H=nan  Hu=nan  spec<.5=nan  marg=nan  lstd=nan  lr=8.92e-06
  [grad_norms @10000]
    recon             |g|=0.08250  ratio=1.000x recon
    pr_raw            |g|=0.42367  ratio=5.135x recon
    pr_weighted       |g|=0.33894  ratio=4.108x recon
    sid_raw           |g|=3.89210  ratio=47.174x recon
    sid_weighted      |g|=2.33526  ratio=28.305x recon
    grl               |g|=15.93104  ratio=193.093x recon
    grl_p             |g|=3.78722  ratio=45.903x recon
    route             |g|=0.00000  ratio=0.000x recon
  step  10000/12000  recon=0.1222  pr=0.3492  sid=3.6470  grl=4.7373  grl_p=0.8971  L/P/U=3072/1024/1024  actL/P/U=160/64/32  H=nan  Hu=nan  spec<.5=nan  marg=nan  lstd=nan  lr=8.21e-06
  [val] step=10000  recon=0.1222  pr=0.3734  PER=0.091  sid_acc=0.570
  step  10100/12000  recon=0.1230  pr=0.3615  sid=4.0127  grl=5.1816  grl_p=0.8840  L/P/U=3072/1024/1024  actL/P/U=160/64/32  H=nan  Hu=nan  spec<.5=nan  marg=nan  lstd=nan  lr=7.52e-06
  step  10200/12000  recon=0.1238  pr=0.3237  sid=3.7925  grl=5.2500  grl_p=0.9126  L/P/U=3072/1024/1024  actL/P/U=160/64/32  H=nan  Hu=nan  spec<.5=nan  marg=nan  lstd=nan  lr=6.86e-06
  step  10300/12000  recon=0.1215  pr=0.3278  sid=3.9590  grl=4.7695  grl_p=0.8100  L/P/U=3072/1024/1024  actL/P/U=160/64/32  H=nan  Hu=nan  spec<.5=nan  marg=nan  lstd=nan  lr=6.24e-06
  step  10400/12000  recon=0.1209  pr=0.3332  sid=3.7505  grl=4.8516  grl_p=0.8447  L/P/U=3072/1024/1024  actL/P/U=160/64/32  H=nan  Hu=nan  spec<.5=nan  marg=nan  lstd=nan  lr=5.65e-06
  [grad_norms @10500]
    recon             |g|=0.08359  ratio=1.000x recon
    pr_raw            |g|=0.99372  ratio=11.888x recon
    pr_weighted       |g|=0.79497  ratio=9.510x recon
    sid_raw           |g|=4.47731  ratio=53.562x recon
    sid_weighted      |g|=2.68638  ratio=32.137x recon
    grl               |g|=10.32133  ratio=123.474x recon
    grl_p             |g|=2.96144  ratio=35.428x recon
    route             |g|=0.00000  ratio=0.000x recon
  step  10500/12000  recon=0.1246  pr=0.3541  sid=3.8896  grl=4.2148  grl_p=0.8946  L/P/U=3072/1024/1024  actL/P/U=160/64/32  H=nan  Hu=nan  spec<.5=nan  marg=nan  lstd=nan  lr=5.10e-06
  step  10600/12000  recon=0.1219  pr=0.4646  sid=4.1016  grl=5.0771  grl_p=0.9612  L/P/U=3072/1024/1024  actL/P/U=160/64/32  H=nan  Hu=nan  spec<.5=nan  marg=nan  lstd=nan  lr=4.58e-06
  step  10700/12000  recon=0.1239  pr=0.3585  sid=3.7329  grl=4.7725  grl_p=0.8975  L/P/U=3072/1024/1024  actL/P/U=160/64/32  H=nan  Hu=nan  spec<.5=nan  marg=nan  lstd=nan  lr=4.09e-06
  step  10800/12000  recon=0.1216  pr=0.3852  sid=3.7842  grl=5.1182  grl_p=0.8813  L/P/U=3072/1024/1024  actL/P/U=160/64/32  H=nan  Hu=nan  spec<.5=nan  marg=nan  lstd=nan  lr=3.64e-06
  step  10900/12000  recon=0.1226  pr=0.5159  sid=3.9058  grl=4.8701  grl_p=0.9529  L/P/U=3072/1024/1024  actL/P/U=160/64/32  H=nan  Hu=nan  spec<.5=nan  marg=nan  lstd=nan  lr=3.22e-06
  [grad_norms @11000]
    recon             |g|=0.08029  ratio=1.000x recon
    pr_raw            |g|=0.45476  ratio=5.664x recon
    pr_weighted       |g|=0.36381  ratio=4.531x recon
    sid_raw           |g|=3.93964  ratio=49.068x recon
    sid_weighted      |g|=2.36378  ratio=29.441x recon
    grl               |g|=16.75757  ratio=208.713x recon
    grl_p             |g|=3.33558  ratio=41.544x recon
    route             |g|=0.00000  ratio=0.000x recon
  step  11000/12000  recon=0.1215  pr=0.3387  sid=3.7349  grl=4.7744  grl_p=0.8655  L/P/U=3072/1024/1024  actL/P/U=160/64/32  H=nan  Hu=nan  spec<.5=nan  marg=nan  lstd=nan  lr=2.84e-06
  [val] step=11000  recon=0.1220  pr=0.3728  PER=0.091  sid_acc=0.574
  step  11100/12000  recon=0.1217  pr=0.4181  sid=3.6875  grl=4.4899  grl_p=0.9189  L/P/U=3072/1024/1024  actL/P/U=160/64/32  H=nan  Hu=nan  spec<.5=nan  marg=nan  lstd=nan  lr=2.49e-06
  step  11200/12000  recon=0.1203  pr=0.3586  sid=4.3057  grl=5.2021  grl_p=0.8000  L/P/U=3072/1024/1024  actL/P/U=160/64/32  H=nan  Hu=nan  spec<.5=nan  marg=nan  lstd=nan  lr=2.18e-06
  step  11300/12000  recon=0.1219  pr=0.3198  sid=3.7104  grl=4.8428  grl_p=0.8504  L/P/U=3072/1024/1024  actL/P/U=160/64/32  H=nan  Hu=nan  spec<.5=nan  marg=nan  lstd=nan  lr=1.90e-06
  step  11400/12000  recon=0.1221  pr=0.3948  sid=3.7275  grl=4.6201  grl_p=0.9335  L/P/U=3072/1024/1024  actL/P/U=160/64/32  H=nan  Hu=nan  spec<.5=nan  marg=nan  lstd=nan  lr=1.66e-06
  [grad_norms @11500]
    recon             |g|=0.08283  ratio=1.000x recon
    pr_raw            |g|=0.51322  ratio=6.196x recon
    pr_weighted       |g|=0.41057  ratio=4.957x recon
    sid_raw           |g|=3.50429  ratio=42.309x recon
    sid_weighted      |g|=2.10258  ratio=25.385x recon
    grl               |g|=10.88290  ratio=131.394x recon
    grl_p             |g|=3.16001  ratio=38.152x recon
    route             |g|=0.00000  ratio=0.000x recon
  step  11500/12000  recon=0.1202  pr=0.3475  sid=3.9924  grl=4.7583  grl_p=0.8529  L/P/U=3072/1024/1024  actL/P/U=160/64/32  H=nan  Hu=nan  spec<.5=nan  marg=nan  lstd=nan  lr=1.46e-06
  step  11600/12000  recon=0.1210  pr=0.3429  sid=3.4951  grl=4.2761  grl_p=0.8896  L/P/U=3072/1024/1024  actL/P/U=160/64/32  H=nan  Hu=nan  spec<.5=nan  marg=nan  lstd=nan  lr=1.30e-06
  step  11700/12000  recon=0.1222  pr=0.3559  sid=3.7202  grl=4.7891  grl_p=0.8606  L/P/U=3072/1024/1024  actL/P/U=160/64/32  H=nan  Hu=nan  spec<.5=nan  marg=nan  lstd=nan  lr=1.17e-06
  step  11800/12000  recon=0.1226  pr=0.4147  sid=3.4536  grl=4.9268  grl_p=0.9228  L/P/U=3072/1024/1024  actL/P/U=160/64/32  H=nan  Hu=nan  spec<.5=nan  marg=nan  lstd=nan  lr=1.07e-06
  step  11900/12000  recon=0.1209  pr=0.3878  sid=3.7109  grl=4.7734  grl_p=0.8765  L/P/U=3072/1024/1024  actL/P/U=160/64/32  H=nan  Hu=nan  spec<.5=nan  marg=nan  lstd=nan  lr=1.02e-06
  [grad_norms @12000]
    recon             |g|=0.08306  ratio=1.000x recon
    pr_raw            |g|=0.46110  ratio=5.551x recon
    pr_weighted       |g|=0.36888  ratio=4.441x recon
    sid_raw           |g|=5.29020  ratio=63.689x recon
    sid_weighted      |g|=3.17412  ratio=38.213x recon
    grl               |g|=17.41129  ratio=209.614x recon
    grl_p             |g|=3.30229  ratio=39.756x recon
    route             |g|=0.00000  ratio=0.000x recon
  step  12000/12000  recon=0.1203  pr=0.2959  sid=4.2393  grl=4.8906  grl_p=0.8068  L/P/U=3072/1024/1024  actL/P/U=160/64/32  H=nan  Hu=nan  spec<.5=nan  marg=nan  lstd=nan  lr=1.00e-06
  [val] step=12000  recon=0.1219  pr=0.3723  PER=0.091  sid_acc=0.580
  ✓ best checkpoint (disent=0.5106  PER=0.091 sid=0.580) → /rds/user/bbg25/hpc-work/Thesis/Final-Proj/Disentanglement/checkpoints/fxblk_exp1_perblock/stage2_best.pt

[stage 2] done.  Best disent_score=0.5106  → /rds/user/bbg25/hpc-work/Thesis/Final-Proj/Disentanglement/checkpoints/fxblk_exp1_perblock/stage2_best.pt

[done]  best checkpoint → /rds/user/bbg25/hpc-work/Thesis/Final-Proj/Disentanglement/checkpoints/fxblk_exp1_perblock/stage2_best.pt

----- probe -----
Sun Jun 14 22:57:14 BST 2026
[diag_probe] run=diag_probe_fxblk_exp1_perblock  device=cuda
[diag_probe] seed=42
[diag_probe] stage1_ckpt=/rds/user/bbg25/hpc-work/Thesis/Final-Proj/Disentanglement/checkpoints/fxblk_exp1_perblock/stage2_best.pt
[diag_probe] stage2_ckpt=/rds/user/bbg25/hpc-work/Thesis/Final-Proj/Disentanglement/checkpoints/fxblk_exp1_perblock/stage2_best.pt
[diag_probe] sources=['z_t', 'z_L', 'z_P']  tasks=['pr', 'sid']
[diag_probe] probe_steps=4000  pr_lr=0.0005  sid_lr=0.001  warmup=0  val_every=250  patience=5
[pr_data] loaded LibriSpeech lexicon: 200,000 entries
[pr_data] loading train-clean-100 …
[pr_data] loading dev-clean …
[pr_data] loading test-clean …
[pr_data]  train=28539  val=2703  test=2620  vocab_size=74
[dis_data] loaded lexicon: 200,000 entries
[dis_data] loading train-clean-100 …
[dis_data]  251 speakers
[dis_data]  train=27539  val=500  test=500  vocab=74  speakers=251
[train] WARNING: unexpected missing SAE keys: ['block_idx', 'block_m_L', 'block_m_P', 'block_m_U']
[train] loaded 3 SAE tensors from /rds/user/bbg25/hpc-work/Thesis/Final-Proj/Disentanglement/checkpoints/fxblk_exp1_perblock/stage2_best.pt  (step=12000  val=0.5106)
[diag_probe] loaded stage2 weights from /rds/user/bbg25/hpc-work/Thesis/Final-Proj/Disentanglement/checkpoints/fxblk_exp1_perblock/stage2_best.pt

[diag_probe] speakers=251  pr_vocab=74  D=1280  K=5120
[diag_probe] PR: SUPERB 74-phone — train-clean-100 → val=dev-clean, test=test-clean
[diag_probe] SID: closed-set utterance split (val/test held out); probe arch=linear
[diag_probe] reported metric = TEST (val shown in parentheses)

  training probe: z_t -> PR ...
[pr_data] g2p_en loaded for OOV words
      [pr z_t] step 250/4000  dev PER=0.117  (best 0.117, bad 0/5)
      [pr z_t] step 500/4000  dev PER=0.094  (best 0.094, bad 0/5)
      [pr z_t] step 750/4000  dev PER=0.088  (best 0.088, bad 0/5)
      [pr z_t] step 1000/4000  dev PER=0.078  (best 0.078, bad 0/5)
      [pr z_t] step 1250/4000  dev PER=0.078  (best 0.078, bad 0/5)
      [pr z_t] step 1500/4000  dev PER=0.071  (best 0.071, bad 0/5)
      [pr z_t] step 1750/4000  dev PER=0.073  (best 0.071, bad 1/5)
      [pr z_t] step 2000/4000  dev PER=0.071  (best 0.071, bad 2/5)
      [pr z_t] step 2250/4000  dev PER=0.072  (best 0.071, bad 3/5)
      [pr z_t] step 2500/4000  dev PER=0.072  (best 0.071, bad 4/5)
      [pr z_t] step 2750/4000  dev PER=0.071  (best 0.071, bad 5/5)
    z_t -> PR               PER test=0.075  (val 0.071)
  training probe: z_t -> SID ...
[dis_data] g2p_en loaded for OOV words
      [sid z_t] step 250/4000  dev acc=0.434  (best 0.434, bad 0/5)
      [sid z_t] step 500/4000  dev acc=0.756  (best 0.756, bad 0/5)
      [sid z_t] step 750/4000  dev acc=0.888  (best 0.888, bad 0/5)
      [sid z_t] step 1000/4000  dev acc=0.922  (best 0.922, bad 0/5)
      [sid z_t] step 1250/4000  dev acc=0.926  (best 0.926, bad 0/5)
      [sid z_t] step 1500/4000  dev acc=0.944  (best 0.944, bad 0/5)
      [sid z_t] step 1750/4000  dev acc=0.974  (best 0.974, bad 0/5)
      [sid z_t] step 2000/4000  dev acc=0.962  (best 0.974, bad 1/5)
      [sid z_t] step 2250/4000  dev acc=0.976  (best 0.976, bad 0/5)
      [sid z_t] step 2500/4000  dev acc=0.982  (best 0.982, bad 0/5)
      [sid z_t] step 2750/4000  dev acc=0.978  (best 0.982, bad 1/5)
      [sid z_t] step 3000/4000  dev acc=0.990  (best 0.990, bad 0/5)
      [sid z_t] step 3250/4000  dev acc=0.988  (best 0.990, bad 1/5)
      [sid z_t] step 3500/4000  dev acc=0.990  (best 0.990, bad 2/5)
      [sid z_t] step 3750/4000  dev acc=0.992  (best 0.992, bad 0/5)
      [sid z_t] step 4000/4000  dev acc=0.994  (best 0.994, bad 0/5)
    z_t -> SID              acc test=0.992  (val 0.994)
  training probe: z_L -> PR ...
      [pr z_L] step 250/4000  dev PER=0.110  (best 0.110, bad 0/5)
      [pr z_L] step 500/4000  dev PER=0.088  (best 0.088, bad 0/5)
      [pr z_L] step 750/4000  dev PER=0.082  (best 0.082, bad 0/5)
      [pr z_L] step 1000/4000  dev PER=0.096  (best 0.082, bad 1/5)
      [pr z_L] step 1250/4000  dev PER=0.081  (best 0.081, bad 0/5)
      [pr z_L] step 1500/4000  dev PER=0.081  (best 0.081, bad 1/5)
      [pr z_L] step 1750/4000  dev PER=0.086  (best 0.081, bad 2/5)
      [pr z_L] step 2000/4000  dev PER=0.078  (best 0.078, bad 0/5)
      [pr z_L] step 2250/4000  dev PER=0.080  (best 0.078, bad 1/5)
      [pr z_L] step 2500/4000  dev PER=0.078  (best 0.078, bad 2/5)
      [pr z_L] step 2750/4000  dev PER=0.078  (best 0.078, bad 0/5)
      [pr z_L] step 3000/4000  dev PER=0.074  (best 0.074, bad 0/5)
      [pr z_L] step 3250/4000  dev PER=0.076  (best 0.074, bad 1/5)
      [pr z_L] step 3500/4000  dev PER=0.075  (best 0.074, bad 2/5)
      [pr z_L] step 3750/4000  dev PER=0.076  (best 0.074, bad 3/5)
      [pr z_L] step 4000/4000  dev PER=0.075  (best 0.074, bad 4/5)
    z_L -> PR               PER test=0.078  (val 0.074)
  training probe: z_L -> SID ...
      [sid z_L] step 250/4000  dev acc=0.008  (best 0.008, bad 0/5)
      [sid z_L] step 500/4000  dev acc=0.034  (best 0.034, bad 0/5)
      [sid z_L] step 750/4000  dev acc=0.026  (best 0.034, bad 1/5)
      [sid z_L] step 1000/4000  dev acc=0.044  (best 0.044, bad 0/5)
      [sid z_L] step 1250/4000  dev acc=0.102  (best 0.102, bad 0/5)
      [sid z_L] step 1500/4000  dev acc=0.148  (best 0.148, bad 0/5)
      [sid z_L] step 1750/4000  dev acc=0.242  (best 0.242, bad 0/5)
      [sid z_L] step 2000/4000  dev acc=0.332  (best 0.332, bad 0/5)
      [sid z_L] step 2250/4000  dev acc=0.458  (best 0.458, bad 0/5)
      [sid z_L] step 2500/4000  dev acc=0.446  (best 0.458, bad 1/5)
      [sid z_L] step 2750/4000  dev acc=0.560  (best 0.560, bad 0/5)
      [sid z_L] step 3000/4000  dev acc=0.678  (best 0.678, bad 0/5)
      [sid z_L] step 3250/4000  dev acc=0.692  (best 0.692, bad 0/5)
      [sid z_L] step 3500/4000  dev acc=0.736  (best 0.736, bad 0/5)
      [sid z_L] step 3750/4000  dev acc=0.780  (best 0.780, bad 0/5)
      [sid z_L] step 4000/4000  dev acc=0.816  (best 0.816, bad 0/5)
    z_L -> SID              acc test=0.822  (val 0.816)
  training probe: z_P -> PR ...
      [pr z_P] step 250/4000  dev PER=0.910  (best 0.910, bad 0/5)
      [pr z_P] step 500/4000  dev PER=0.868  (best 0.868, bad 0/5)
      [pr z_P] step 750/4000  dev PER=0.829  (best 0.829, bad 0/5)
      [pr z_P] step 1000/4000  dev PER=0.751  (best 0.751, bad 0/5)
      [pr z_P] step 1250/4000  dev PER=0.676  (best 0.676, bad 0/5)
      [pr z_P] step 1500/4000  dev PER=0.639  (best 0.639, bad 0/5)
      [pr z_P] step 1750/4000  dev PER=0.614  (best 0.614, bad 0/5)
      [pr z_P] step 2000/4000  dev PER=0.608  (best 0.608, bad 0/5)
      [pr z_P] step 2250/4000  dev PER=0.602  (best 0.602, bad 0/5)
      [pr z_P] step 2500/4000  dev PER=0.592  (best 0.592, bad 0/5)
      [pr z_P] step 2750/4000  dev PER=0.589  (best 0.589, bad 0/5)
      [pr z_P] step 3000/4000  dev PER=0.590  (best 0.589, bad 1/5)
      [pr z_P] step 3250/4000  dev PER=0.585  (best 0.585, bad 0/5)
      [pr z_P] step 3500/4000  dev PER=0.584  (best 0.584, bad 0/5)
      [pr z_P] step 3750/4000  dev PER=0.583  (best 0.583, bad 0/5)
      [pr z_P] step 4000/4000  dev PER=0.582  (best 0.582, bad 0/5)
    z_P -> PR               PER test=0.578  (val 0.582)
  training probe: z_P -> SID ...
      [sid z_P] step 250/4000  dev acc=0.320  (best 0.320, bad 0/5)
      [sid z_P] step 500/4000  dev acc=0.582  (best 0.582, bad 0/5)
      [sid z_P] step 750/4000  dev acc=0.726  (best 0.726, bad 0/5)
      [sid z_P] step 1000/4000  dev acc=0.824  (best 0.824, bad 0/5)
      [sid z_P] step 1250/4000  dev acc=0.872  (best 0.872, bad 0/5)
      [sid z_P] step 1500/4000  dev acc=0.884  (best 0.884, bad 0/5)
      [sid z_P] step 1750/4000  dev acc=0.906  (best 0.906, bad 0/5)
      [sid z_P] step 2000/4000  dev acc=0.926  (best 0.926, bad 0/5)
      [sid z_P] step 2250/4000  dev acc=0.948  (best 0.948, bad 0/5)
      [sid z_P] step 2500/4000  dev acc=0.952  (best 0.952, bad 0/5)
      [sid z_P] step 2750/4000  dev acc=0.952  (best 0.952, bad 1/5)
      [sid z_P] step 3000/4000  dev acc=0.956  (best 0.956, bad 0/5)
      [sid z_P] step 3250/4000  dev acc=0.966  (best 0.966, bad 0/5)
      [sid z_P] step 3500/4000  dev acc=0.954  (best 0.966, bad 1/5)
      [sid z_P] step 3750/4000  dev acc=0.964  (best 0.966, bad 2/5)
      [sid z_P] step 4000/4000  dev acc=0.960  (best 0.966, bad 3/5)
    z_P -> SID              acc test=0.960  (val 0.966)

==================================================================
  DIAGNOSTIC PROBE RESULTS - diag_probe_fxblk_exp1_perblock
==================================================================
  Source       PR (PER↓)    SID (acc↑)
  --------  ------------  ------------
  z_t              0.075         0.992
  z_L              0.078         0.822
  z_P              0.578         0.960
==================================================================


Finished   : Mon Jun 15 00:58:47 BST 2026
