=== Libri fixed -> MSP cross-domain probe ===
started    : Sun 19 Jul 15:31:55 BST 2026
task_id    : 3
run        : libri_advfb_prrecover_gn00015_240L16P_aux64_12k_s42
checkpoint : /rds/user/bbg25/hpc-work/Thesis/Final-Proj/checkpoints/blackwell/libri_advfb_prrecover_gn00015_240L16P_aux64_12k_s42/final.pt
sources    : z_t
tasks      : asr
steps      : 10000
val_every  : 500
manifest   : /rds/user/bbg25/hpc-work/Thesis/Final-Proj/Disentanglement/data/msp_subset
audio_root : /rds/user/bbg25/hpc-work/Thesis/Final-Proj/Disentanglement/data/msp_audio
lexicon    : /rds/user/bbg25/hpc-work/Thesis/Final-Proj/Probing/data/librispeech-lexicon.txt
output     : /rds/user/bbg25/hpc-work/Thesis/Final-Proj/Disentanglement/msp/logs/libri_fixed_msp_cross_domain/json/libri_advfb_prrecover_gn00015_240L16P_aux64_12k_s42_asr_lstm_z_t_10k_seed42.json
NVIDIA A100-SXM4-80GB, 81920 MiB
[dis_data] loaded lexicon: 200,000 entries
[msp_data] manifest=/rds/user/bbg25/hpc-work/Thesis/Final-Proj/Disentanglement/data/msp_subset/manifest.csv
[msp_data] speakers=700  vocab=74  emotions=('neutral', 'happy', 'sad', 'angry')
[msp_data]  train        41067  {'neutral': 18380, 'happy': 11373, 'sad': 6128, 'angry': 5186}
[msp_data]  val           4975  {'neutral': 2282, 'happy': 1402, 'sad': 710, 'angry': 581}
[msp_data]  test          4975  {'neutral': 2282, 'happy': 1402, 'sad': 710, 'angry': 581}
[msp_data] preloaded 51017 transcripts from Transcripts.zip
[msp_data] dropped 33 rows with empty/non-verbal transcript
[msp_data] dropped 3 rows with empty/non-verbal transcript
[msp_data] dropped 7 rows with empty/non-verbal transcript
