=== Selected MSP independent probe ===
started    : Tue 21 Jul 18:15:26 BST 2026
task       : 2
checkpoint : /rds/user/bbg25/hpc-work/Thesis/Final-Proj/Disentanglement/msp/checkpoints/msp_hardqfreeze4000_strongclean_dann12000_advpe010_s42/final.pt
sources    : z_t,z_L,z_P
tasks      : prosody
schedule   : 5000 complete steps; val every 500
output     : /rds/user/bbg25/hpc-work/Thesis/Final-Proj/Disentanglement/msp/probe_results/selected_checkpoints/msp_hardqfreeze4000_strongclean_dann12000_advpe010_s42_final_missing_prosody_5k_seed42.json

+ /home/bbg25/.conda/envs/mlmi4/bin/python -u -m msp.probe --checkpoint /rds/user/bbg25/hpc-work/Thesis/Final-Proj/Disentanglement/msp/checkpoints/msp_hardqfreeze4000_strongclean_dann12000_advpe010_s42/final.pt --manifest /rds/user/bbg25/hpc-work/Thesis/Final-Proj/Disentanglement/data/msp_subset --audio_root /rds/user/bbg25/hpc-work/Thesis/Final-Proj/Disentanglement/data/msp_audio --transcripts /rds/project/rds-xyBFuSj0hm0/dataset/MSP-Podcast-2.0/Transcripts.zip --lexicon_path /rds/user/bbg25/hpc-work/Thesis/Final-Proj/Probing/data/librispeech-lexicon.txt --steps 5000 --val_every 500 --batch_size 16 --eval_batch 32 --num_workers 8 --lr 5e-4 --seed 42 --sources z_t,z_L,z_P --tasks prosody --pr_probe_arch linear --pr_probe_proj_dim 256 --output /rds/user/bbg25/hpc-work/Thesis/Final-Proj/Disentanglement/msp/probe_results/selected_checkpoints/msp_hardqfreeze4000_strongclean_dann12000_advpe010_s42_final_missing_prosody_5k_seed42.json
[dis_data] loaded lexicon: 200,000 entries
[msp_data] manifest=/rds/user/bbg25/hpc-work/Thesis/Final-Proj/Disentanglement/data/msp_subset/manifest.csv
[msp_data] speakers=700  vocab=74  emotions=('neutral', 'happy', 'sad', 'angry')
[msp_data]  train        41067  {'neutral': 18380, 'happy': 11373, 'sad': 6128, 'angry': 5186}
[msp_data]  val           4975  {'neutral': 2282, 'happy': 1402, 'sad': 710, 'angry': 581}
[msp_data]  test          4975  {'neutral': 2282, 'happy': 1402, 'sad': 710, 'angry': 581}
[msp_data] preloaded 51017 transcripts from Transcripts.zip
[msp_data] dropped 33 rows with empty/non-verbal transcript
[msp_data] dropped 3 rows with empty/non-verbal transcript
[msp_data] dropped 7 rows with empty/non-verbal transcript
[msp_probe] loaded compatible tensors: total=35 sae=6 route=1
[dis_data] g2p_en loaded for OOV words
[dis_data] g2p_en loaded for OOV words[dis_data] g2p_en loaded for OOV words

[dis_data] g2p_en loaded for OOV words
[dis_data] g2p_en loaded for OOV words
[dis_data] g2p_en loaded for OOV words
[dis_data] g2p_en loaded for OOV words
[dis_data] g2p_en loaded for OOV words
[dis_data] g2p_en loaded for OOV words
[dis_data] g2p_en loaded for OOV words
[dis_data] g2p_en loaded for OOV words
[dis_data] g2p_en loaded for OOV words
[dis_data] g2p_en loaded for OOV words
[dis_data] g2p_en loaded for OOV words
[dis_data] g2p_en loaded for OOV words
[dis_data] g2p_en loaded for OOV words
[dis_data] g2p_en loaded for OOV words
[dis_data] g2p_en loaded for OOV words
[dis_data] g2p_en loaded for OOV words
[dis_data] g2p_en loaded for OOV words
[dis_data] g2p_en loaded for OOV words
[dis_data] g2p_en loaded for OOV words
[dis_data] g2p_en loaded for OOV words
[dis_data] g2p_en loaded for OOV words
[probe step=500] {"z_L": {"prosody_energy_corr": 0.7228689424768214, "prosody_f0_corr": 0.08548302093942221, "prosody_loss": 4.991516452783169}, "z_P": {"prosody_energy_corr": 0.9125850962715136, "prosody_f0_corr": 0.390545122319902, "prosody_loss": 1.9231246971642886}, "z_t": {"prosody_energy_corr": 0.9118300988962992, "prosody_f0_corr": 0.2905672707029758, "prosody_loss": 1.8876778371662069}}
[dis_data] g2p_en loaded for OOV words
[dis_data] g2p_en loaded for OOV words
[dis_data] g2p_en loaded for OOV words
[dis_data] g2p_en loaded for OOV words
[dis_data] g2p_en loaded for OOV words
[dis_data] g2p_en loaded for OOV words
[dis_data] g2p_en loaded for OOV words
[dis_data] g2p_en loaded for OOV words
[probe step=1000] {"z_L": {"prosody_energy_corr": 0.7511806182182089, "prosody_f0_corr": 0.10374389299110022, "prosody_loss": 4.568173408124683}, "z_P": {"prosody_energy_corr": 0.9140693679781864, "prosody_f0_corr": 0.44468530540580176, "prosody_loss": 1.7645809455735013}, "z_t": {"prosody_energy_corr": 0.914872462649896, "prosody_f0_corr": 0.37822443275648737, "prosody_loss": 1.7660556955866917}}
[dis_data] g2p_en loaded for OOV words
[dis_data] g2p_en loaded for OOV words
[dis_data] g2p_en loaded for OOV words
[dis_data] g2p_en loaded for OOV words
[dis_data] g2p_en loaded for OOV words
[dis_data] g2p_en loaded for OOV words
[dis_data] g2p_en loaded for OOV words
[dis_data] g2p_en loaded for OOV words
[probe step=1500] {"z_L": {"prosody_energy_corr": 0.7785158449211783, "prosody_f0_corr": 0.08192874960455147, "prosody_loss": 4.121077448345439}, "z_P": {"prosody_energy_corr": 0.9150144431184853, "prosody_f0_corr": 0.5175646492056929, "prosody_loss": 1.6862249180662565}, "z_t": {"prosody_energy_corr": 0.9166182686052259, "prosody_f0_corr": 0.37205617273550834, "prosody_loss": 1.8679941949207555}}
[dis_data] g2p_en loaded for OOV words
[dis_data] g2p_en loaded for OOV words
[dis_data] g2p_en loaded for OOV words
[dis_data] g2p_en loaded for OOV words
[dis_data] g2p_en loaded for OOV words
[dis_data] g2p_en loaded for OOV words
[dis_data] g2p_en loaded for OOV words
[dis_data] g2p_en loaded for OOV words
[probe step=2000] {"z_L": {"prosody_energy_corr": 0.7940860892295428, "prosody_f0_corr": 0.13611349543579007, "prosody_loss": 3.8305717385400233}, "z_P": {"prosody_energy_corr": 0.9157585094655569, "prosody_f0_corr": 0.5390387571532158, "prosody_loss": 1.6546852049670293}, "z_t": {"prosody_energy_corr": 0.9184302765827723, "prosody_f0_corr": 0.4321218755729442, "prosody_loss": 1.6593319379027007}}
[dis_data] g2p_en loaded for OOV words[dis_data] g2p_en loaded for OOV words

[dis_data] g2p_en loaded for OOV words
[dis_data] g2p_en loaded for OOV words
[dis_data] g2p_en loaded for OOV words
[dis_data] g2p_en loaded for OOV words
[dis_data] g2p_en loaded for OOV words
[dis_data] g2p_en loaded for OOV words
[probe step=2500] {"z_L": {"prosody_energy_corr": 0.8029551937339816, "prosody_f0_corr": 0.10114646530729474, "prosody_loss": 3.710385225323641}, "z_P": {"prosody_energy_corr": 0.9163254236137738, "prosody_f0_corr": 0.5107056056891501, "prosody_loss": 1.635416065984835}, "z_t": {"prosody_energy_corr": 0.9194082608495053, "prosody_f0_corr": 0.4283523514394403, "prosody_loss": 1.6463197126373206}}
[dis_data] g2p_en loaded for OOV words
[dis_data] g2p_en loaded for OOV words[dis_data] g2p_en loaded for OOV words

[dis_data] g2p_en loaded for OOV words
[dis_data] g2p_en loaded for OOV words
[dis_data] g2p_en loaded for OOV words
[dis_data] g2p_en loaded for OOV words
[dis_data] g2p_en loaded for OOV words
[dis_data] g2p_en loaded for OOV words
[dis_data] g2p_en loaded for OOV words
[dis_data] g2p_en loaded for OOV words
[dis_data] g2p_en loaded for OOV words
[dis_data] g2p_en loaded for OOV words
[dis_data] g2p_en loaded for OOV words
[dis_data] g2p_en loaded for OOV words
[dis_data] g2p_en loaded for OOV words
[probe step=3000] {"z_L": {"prosody_energy_corr": 0.809201542589821, "prosody_f0_corr": 0.16007229058606082, "prosody_loss": 3.5457997724881407}, "z_P": {"prosody_energy_corr": 0.9170222560757363, "prosody_f0_corr": 0.56354863684032, "prosody_loss": 1.6143762807355038}, "z_t": {"prosody_energy_corr": 0.9208964686186587, "prosody_f0_corr": 0.4559886346312572, "prosody_loss": 1.592276402854766}}
[dis_data] g2p_en loaded for OOV words
[dis_data] g2p_en loaded for OOV words
[dis_data] g2p_en loaded for OOV words
[dis_data] g2p_en loaded for OOV words
[dis_data] g2p_en loaded for OOV words
[dis_data] g2p_en loaded for OOV words
[dis_data] g2p_en loaded for OOV words
[dis_data] g2p_en loaded for OOV words
[probe step=3500] {"z_L": {"prosody_energy_corr": 0.816471027010922, "prosody_f0_corr": 0.15127835924786065, "prosody_loss": 3.5228126208243213}, "z_P": {"prosody_energy_corr": 0.9175770263441466, "prosody_f0_corr": 0.5558639131320758, "prosody_loss": 1.6099070820804575}, "z_t": {"prosody_energy_corr": 0.9217786339362246, "prosody_f0_corr": 0.45923040558570405, "prosody_loss": 1.568103565770776}}
[dis_data] g2p_en loaded for OOV words
[dis_data] g2p_en loaded for OOV words
[dis_data] g2p_en loaded for OOV words
[dis_data] g2p_en loaded for OOV words[dis_data] g2p_en loaded for OOV words

[dis_data] g2p_en loaded for OOV words
[dis_data] g2p_en loaded for OOV words
[dis_data] g2p_en loaded for OOV words
[probe step=4000] {"z_L": {"prosody_energy_corr": 0.8222137474258786, "prosody_f0_corr": 0.18162331945970653, "prosody_loss": 3.3219183605712743}, "z_P": {"prosody_energy_corr": 0.9177962351254109, "prosody_f0_corr": 0.5803580017492541, "prosody_loss": 1.5963090635170787}, "z_t": {"prosody_energy_corr": 0.9227579990947121, "prosody_f0_corr": 0.4859518201275868, "prosody_loss": 1.5448719121138126}}
[dis_data] g2p_en loaded for OOV words
[dis_data] g2p_en loaded for OOV words
[dis_data] g2p_en loaded for OOV words
[dis_data] g2p_en loaded for OOV words
[dis_data] g2p_en loaded for OOV words
[dis_data] g2p_en loaded for OOV words[dis_data] g2p_en loaded for OOV words

[dis_data] g2p_en loaded for OOV words
[probe step=4500] {"z_L": {"prosody_energy_corr": 0.8241157075022699, "prosody_f0_corr": 0.20783877204060847, "prosody_loss": 3.3304199386007443}, "z_P": {"prosody_energy_corr": 0.918090987529027, "prosody_f0_corr": 0.5465550934082131, "prosody_loss": 1.5965897878714368}, "z_t": {"prosody_energy_corr": 0.9233290258757317, "prosody_f0_corr": 0.499525976768777, "prosody_loss": 1.585044307854515}}
[dis_data] g2p_en loaded for OOV words
[dis_data] g2p_en loaded for OOV words
[dis_data] g2p_en loaded for OOV words
[dis_data] g2p_en loaded for OOV words
[dis_data] g2p_en loaded for OOV words
[dis_data] g2p_en loaded for OOV words
[dis_data] g2p_en loaded for OOV words
[dis_data] g2p_en loaded for OOV words
[probe step=5000] {"z_L": {"prosody_energy_corr": 0.8303656570049973, "prosody_f0_corr": 0.2363709737779662, "prosody_loss": 3.152117507455815}, "z_P": {"prosody_energy_corr": 0.918434860128024, "prosody_f0_corr": 0.5741933055865117, "prosody_loss": 1.5895960049003914}, "z_t": {"prosody_energy_corr": 0.9234115384970055, "prosody_f0_corr": 0.502072742704228, "prosody_loss": 1.616840444355364}}
[dis_data] g2p_en loaded for OOV words
[dis_data] g2p_en loaded for OOV words
[dis_data] g2p_en loaded for OOV words
[dis_data] g2p_en loaded for OOV words
[dis_data] g2p_en loaded for OOV words
[dis_data] g2p_en loaded for OOV words
[dis_data] g2p_en loaded for OOV words
[dis_data] g2p_en loaded for OOV words
{
  "checkpoint": "/rds/user/bbg25/hpc-work/Thesis/Final-Proj/Disentanglement/msp/checkpoints/msp_hardqfreeze4000_strongclean_dann12000_advpe010_s42/final.pt",
  "sources": [
    "z_t",
    "z_L",
    "z_P"
  ],
  "tasks": [
    "prosody"
  ],
  "test": {
    "z_L": {
      "prosody_energy_corr": 0.8333897689657886,
      "prosody_f0_corr": 0.23642752658476066,
      "prosody_loss": 3.1253366132481277
    },
    "z_P": {
      "prosody_energy_corr": 0.9193857456954568,
      "prosody_f0_corr": 0.5749548181036991,
      "prosody_loss": 1.5843538118829281
    },
    "z_t": {
      "prosody_energy_corr": 0.923786871479905,
      "prosody_f0_corr": 0.4851833832237045,
      "prosody_loss": 1.5368784266777469
    }
  },
  "validation_selection": {
    "z_L.prosody": 3.152117507455815,
    "z_P.prosody": 1.5895960049003914,
    "z_t.prosody": 1.5448719121138126
  }
}
finished   : Tue 21 Jul 20:48:07 BST 2026
