=== MSP quota-freeze follow-up sweep ===
started    : Wed Jul 15 05:17:42 BST 2026
task_id    : 2
gpu        : NVIDIA A100-SXM4-80GB
run_name   : msp_hardqfreeze4000_emoonly_dann12000_advemo010_s42
steps      : 12000
dann_ramp  : 12000
routing    : hard binary L/P, tau=1.0, init_std=0.5, spec=0.01
learn/freeze: yes  freeze_step=4000  quota_batches=20
learning   : sae=1e-4 heads=1e-4 disc=1e-3 routing=1e-3 min=1e-5
disc       : steps=3 grad_clip=1.0
weights    : recon=1.0 pr=0.8 sid=0.6 grl=1.0 grl_p=0.15
weights    : pros=0.0/0.0 emo=0.5/0.10 inv=0.0
pcgrad     : recon,pr,sid,emotion
zL_grl_norm: mode=on target=0.0002
logs       : compact_every=500 grad_every=1000
[phase 1] learn routing until step 4000
=== MSP run 'msp_hardqfreeze4000_emoonly_dann12000_advemo010_s42'  pcgrad=True  routing=hard ===
[dis_data] loaded lexicon: 200,000 entries
[msp_data] manifest=/rds/user/bbg25/hpc-work/Thesis/Final-Proj/Disentanglement/data/msp_subset/manifest.csv
[msp_data] speakers=700  vocab=74  emotions=('neutral', 'happy', 'sad', 'angry')
[msp_data]  train        41067  {'neutral': 18380, 'happy': 11373, 'sad': 6128, 'angry': 5186}
[msp_data]  val           4975  {'neutral': 2282, 'happy': 1402, 'sad': 710, 'angry': 581}
[msp_data]  test          4975  {'neutral': 2282, 'happy': 1402, 'sad': 710, 'angry': 581}
[msp_data] preloaded 51017 transcripts from Transcripts.zip
[msp_data] dropped 33 rows with empty/non-verbal transcript
[msp_data] dropped 3 rows with empty/non-verbal transcript
[msp_data] dropped 7 rows with empty/non-verbal transcript
[msp] training from scratch (SAE/routing/heads from init)
[msp] speaker adversary: GELUSpeakerGRLHead (GELU projector, per-frame grad norm target=0.0002)
[msp] emotion class weights [0.44, 0.71, 1.31, 1.55] for ('neutral', 'happy', 'sad', 'angry')
[msp] steps=12000 microbatch=16 accumulation=1 effective_batch=16 pcgrad=True (['emotion', 'pr', 'recon', 'sid'])  device=cuda amp=torch.bfloat16
[msp] weights recon=1.0 α(pr)=0.8 β(sid)=0.6 grl=1.0 grl_p=0.15 pros=0.0/0.0 emo=0.5/0.1 inv=0.0
[dis_data] g2p_en loaded for OOV words
[dis_data] g2p_en loaded for OOV words
[dis_data] g2p_en loaded for OOV words
[dis_data] g2p_en loaded for OOV words
[dis_data] g2p_en loaded for OOV words
[dis_data] g2p_en loaded for OOV words
[dis_data] g2p_en loaded for OOV words
[dis_data] g2p_en loaded for OOV words

[train 00001/12000] lr=2.00e-07 dann=0.00 zL_frame=8.33e-08 recon=0.3727 dead=0.0% active L/P=127/129 (50.4% P) assigned L/P=2533/2587
  content: z_L PER=3.225 | z_P adv PER=2.891    speaker: z_P acc=0.000 | z_L adv acc=0.000
  affect:  z_P emo acc=0.312 | z_L emo-adv acc=0.375    pros loss P/Ladv=34.079/0.000
  route: Hbal=0.693 Hunit=0.641 spec=0.05 margin=0.260 tau=1.000    clip main=7.78e+00->1.28e-01 disc=1.59e+01->6.29e-02
  SAE gradients (weighted, before clipping)
    cooperative: recon=1.49e-01  pr=3.51e+00  sid=4.89e-01  prosody=0.00e+00  emotion=1.79e-01  inv=0.00e+00
    adversarial: external_bundle=5.26e-04
    adversarial factors: grl=5.18e-04  grl_p=9.06e-05  pros_grl=0.00e+00  emo_grl=7.81e-06  route_spec=0.00e+00
    PCGrad: raw=3.56e+00  projected=3.56e+00  adversary_bundle=5.26e-04
    cooperative conflicts=2/6  strongest=sid|emotion:-0.01
  router gradients (weighted, before clipping)
    cooperative: recon=3.59e-10  pr=1.91e-02  sid=2.17e-03  prosody=0.00e+00  emotion=7.56e-04  inv=0.00e+00
    adversarial: grl=2.31e-06  grl_p=4.90e-07  pros_grl=0.00e+00  emo_grl=3.33e-08  route_spec=2.61e-05
    paired cosines: pr<->grl_p=+0.02  sid<->grl=+0.00  pros<->pros_grl=+0.00  emo<->emo_grl=-0.02
    cooperative vs adversary bundle: recon=-0.00  pr=+0.01  sid=+0.03  prosody=+0.00  emotion=+0.02  inv=+0.00
    active-P push cosine (+ toward P, - toward L)
      cooperative: recon=+0.01  pr=+0.00  sid=+0.01  prosody=-0.00  emotion=+0.00  inv=-0.00
      adversarial: grl=-0.02  grl_p=-0.08  pros_grl=-0.00  emo_grl=+0.00  route_spec=+0.01
      combined=+0.00  first_order=+1.46e-07
      actual optimizer step: soft_active_P 0.502536 -> 0.502536  delta=+5.36e-07
    all-pair negative=14/55  strongest=pr|sid:-0.07

[train 00500/12000] lr=1.00e-04 dann=0.21 zL_frame=4.11e-05 recon=0.2043 dead=0.0% active L/P=209/47 (18.2% P) assigned L/P=3476/1644
  content: z_L PER=0.982 | z_P adv PER=0.619    speaker: z_P acc=0.000 | z_L adv acc=0.188
  affect:  z_P emo acc=0.375 | z_L emo-adv acc=0.500    pros loss P/Ladv=34.324/0.000
  route: Hbal=0.680 Hunit=0.615 spec=0.12 margin=0.322 tau=0.909    clip main=2.75e+00->3.63e-01 disc=3.51e+00->2.85e-01

[train 01000/12000] lr=9.96e-05 dann=0.39 zL_frame=7.88e-05 recon=0.1199 dead=0.0% active L/P=228/28 (11.0% P) assigned L/P=3587/1533
  content: z_L PER=0.706 | z_P adv PER=0.559    speaker: z_P acc=0.062 | z_L adv acc=0.125
  affect:  z_P emo acc=0.625 | z_L emo-adv acc=0.750    pros loss P/Ladv=33.339/0.000
  route: Hbal=0.671 Hunit=0.587 spec=0.20 margin=0.381 tau=0.825    clip main=2.89e+00->3.46e-01 disc=2.03e+00->4.92e-01
  SAE gradients (weighted, before clipping)
    cooperative: recon=3.34e-02  pr=7.92e-01  sid=7.63e-01  prosody=0.00e+00  emotion=1.81e+00  inv=0.00e+00
    adversarial: external_bundle=5.19e-01
    adversarial factors: grl=3.93e-01  grl_p=2.04e-01  pros_grl=0.00e+00  emo_grl=2.76e-01  route_spec=0.00e+00
    PCGrad: raw=2.21e+00  projected=2.21e+00  adversary_bundle=5.19e-01
    cooperative conflicts=0/6  strongest=recon|pr:+0.00
  router gradients (weighted, before clipping)
    cooperative: recon=2.24e-11  pr=3.19e-03  sid=4.03e-03  prosody=0.00e+00  emotion=7.70e-03  inv=0.00e+00
    adversarial: grl=1.80e-03  grl_p=1.10e-03  pros_grl=0.00e+00  emo_grl=1.15e-03  route_spec=3.22e-05
    paired cosines: pr<->grl_p=+0.43  sid<->grl=+0.14  pros<->pros_grl=+0.00  emo<->emo_grl=+0.21
    cooperative vs adversary bundle: recon=-0.00  pr=+0.17  sid=+0.08  prosody=+0.00  emotion=+0.16  inv=+0.00
    active-P push cosine (+ toward P, - toward L)
      cooperative: recon=-0.00  pr=-0.26  sid=+0.13  prosody=-0.00  emotion=+0.07  inv=-0.00
      adversarial: grl=+0.00  grl_p=-0.19  pros_grl=-0.00  emo_grl=+0.06  route_spec=-0.65
      combined=+0.01  first_order=+4.93e-07
      actual optimizer step: soft_active_P 0.282890 -> 0.282889  delta=-1.19e-06
    all-pair negative=15/55  strongest=pr|emotion:-0.09
[dis_data] g2p_en loaded for OOV words
[dis_data] g2p_en loaded for OOV words
[dis_data] g2p_en loaded for OOV words
[dis_data] g2p_en loaded for OOV words
[dis_data] g2p_en loaded for OOV words
[dis_data] g2p_en loaded for OOV words
[dis_data] g2p_en loaded for OOV words
[dis_data] g2p_en loaded for OOV words

[val step=01000]
  factor      kept representation       leakage representation
  phoneme     z_L PER=0.681              z_P PER=0.839
  speaker     z_P acc=0.065              z_L acc=0.256
  emotion     z_P UAR=0.612 acc=0.480    z_L UAR=0.634
  prosody     z_P loss=34.138           z_L loss=nan
  checkpoint score=3.054
  [best] disent=3.054 -> /rds/user/bbg25/hpc-work/Thesis/Final-Proj/Disentanglement/msp/checkpoints/msp_hardqfreeze4000_emoonly_dann12000_advemo010_s42/best.pt

[train 01500/12000] lr=9.83e-05 dann=0.55 zL_frame=1.11e-04 recon=0.1173 dead=0.0% active L/P=230/26 (10.2% P) assigned L/P=3435/1685
  content: z_L PER=0.576 | z_P adv PER=0.517    speaker: z_P acc=0.125 | z_L adv acc=0.312
  affect:  z_P emo acc=0.438 | z_L emo-adv acc=0.562    pros loss P/Ladv=36.045/0.000
  route: Hbal=0.673 Hunit=0.565 spec=0.28 margin=0.421 tau=0.750    clip main=4.32e+00->2.32e-01 disc=2.58e+00->3.87e-01

[train 02000/12000] lr=9.63e-05 dann=0.68 zL_frame=1.36e-04 recon=0.1218 dead=0.0% active L/P=233/23 (8.8% P) assigned L/P=3244/1876
  content: z_L PER=0.504 | z_P adv PER=0.519    speaker: z_P acc=0.062 | z_L adv acc=0.250
  affect:  z_P emo acc=0.688 | z_L emo-adv acc=0.438    pros loss P/Ladv=31.593/0.000
  route: Hbal=0.677 Hunit=0.542 spec=0.35 margin=0.460 tau=0.681    clip main=7.79e+00->1.28e-01 disc=2.61e+00->3.83e-01
  SAE gradients (weighted, before clipping)
    cooperative: recon=4.39e-02  pr=1.08e+00  sid=3.50e+00  prosody=0.00e+00  emotion=5.78e+00  inv=0.00e+00
    adversarial: external_bundle=1.56e+00
    adversarial factors: grl=9.71e-01  grl_p=8.86e-01  pros_grl=0.00e+00  emo_grl=8.73e-01  route_spec=0.00e+00
    PCGrad: raw=6.28e+00  projected=7.25e+00  adversary_bundle=1.56e+00
    cooperative conflicts=2/6  strongest=sid|emotion:-0.18
  router gradients (weighted, before clipping)
    cooperative: recon=2.97e-11  pr=3.64e-03  sid=6.45e-03  prosody=0.00e+00  emotion=1.33e-02  inv=0.00e+00
    adversarial: grl=3.48e-03  grl_p=3.10e-03  pros_grl=0.00e+00  emo_grl=2.62e-03  route_spec=3.43e-05
    paired cosines: pr<->grl_p=+0.28  sid<->grl=+0.28  pros<->pros_grl=+0.00  emo<->emo_grl=+0.32
    cooperative vs adversary bundle: recon=-0.00  pr=+0.13  sid=+0.23  prosody=+0.00  emotion=+0.12  inv=+0.00
    active-P push cosine (+ toward P, - toward L)
      cooperative: recon=+0.00  pr=-0.24  sid=-0.43  prosody=-0.00  emotion=+0.01  inv=-0.00
      adversarial: grl=-0.16  grl_p=-0.15  pros_grl=-0.00  emo_grl=+0.08  route_spec=-0.55
      combined=-0.26  first_order=-1.80e-05
      actual optimizer step: soft_active_P 0.209782 -> 0.209767  delta=-1.47e-05
    all-pair negative=15/55  strongest=pr|emotion:-0.09
[dis_data] g2p_en loaded for OOV words
[dis_data] g2p_en loaded for OOV words
[dis_data] g2p_en loaded for OOV words
[dis_data] g2p_en loaded for OOV words
[dis_data] g2p_en loaded for OOV words
[dis_data] g2p_en loaded for OOV words
[dis_data] g2p_en loaded for OOV words
[dis_data] g2p_en loaded for OOV words

[val step=02000]
  factor      kept representation       leakage representation
  phoneme     z_L PER=0.507              z_P PER=0.903
  speaker     z_P acc=0.105              z_L acc=0.270
  emotion     z_P UAR=0.626 acc=0.539    z_L UAR=0.623
  prosody     z_P loss=34.147           z_L loss=nan
  checkpoint score=2.766
  [best] disent=2.766 -> /rds/user/bbg25/hpc-work/Thesis/Final-Proj/Disentanglement/msp/checkpoints/msp_hardqfreeze4000_emoonly_dann12000_advemo010_s42/best.pt

[train 02500/12000] lr=9.34e-05 dann=0.78 zL_frame=1.56e-04 recon=0.1224 dead=0.0% active L/P=234/22 (8.7% P) assigned L/P=3080/2040
  content: z_L PER=0.553 | z_P adv PER=0.659    speaker: z_P acc=0.062 | z_L adv acc=0.250
  affect:  z_P emo acc=0.812 | z_L emo-adv acc=0.688    pros loss P/Ladv=32.470/0.000
  route: Hbal=0.682 Hunit=0.518 spec=0.41 margin=0.498 tau=0.619    clip main=8.48e+00->1.18e-01 disc=3.64e+00->2.74e-01
[dis_data] g2p_en loaded for OOV words
[dis_data] g2p_en loaded for OOV words
[dis_data] g2p_en loaded for OOV words
[dis_data] g2p_en loaded for OOV words
[dis_data] g2p_en loaded for OOV words
[dis_data] g2p_en loaded for OOV words
[dis_data] g2p_en loaded for OOV words
[dis_data] g2p_en loaded for OOV words

[train 03000/12000] lr=8.99e-05 dann=0.85 zL_frame=1.70e-04 recon=0.1300 dead=0.0% active L/P=234/22 (8.7% P) assigned L/P=2966/2154
  content: z_L PER=0.508 | z_P adv PER=0.695    speaker: z_P acc=0.188 | z_L adv acc=0.312
  affect:  z_P emo acc=0.438 | z_L emo-adv acc=0.562    pros loss P/Ladv=34.243/0.000
  route: Hbal=0.685 Hunit=0.493 spec=0.47 margin=0.535 tau=0.562    clip main=1.64e+01->6.08e-02 disc=3.98e+00->2.52e-01
  SAE gradients (weighted, before clipping)
    cooperative: recon=5.76e-02  pr=2.65e+00  sid=3.83e+00  prosody=0.00e+00  emotion=1.35e+01  inv=0.00e+00
    adversarial: external_bundle=4.00e+00
    adversarial factors: grl=8.06e-01  grl_p=2.43e+00  pros_grl=0.00e+00  emo_grl=2.54e+00  route_spec=0.00e+00
    PCGrad: raw=1.39e+01  projected=1.53e+01  adversary_bundle=4.00e+00
    cooperative conflicts=4/6  strongest=sid|emotion:-0.17
  router gradients (weighted, before clipping)
    cooperative: recon=5.73e-11  pr=3.86e-03  sid=9.89e-03  prosody=0.00e+00  emotion=2.66e-02  inv=0.00e+00
    adversarial: grl=2.96e-03  grl_p=6.05e-03  pros_grl=0.00e+00  emo_grl=7.79e-03  route_spec=3.51e-05
    paired cosines: pr<->grl_p=+0.15  sid<->grl=+0.35  pros<->pros_grl=+0.00  emo<->emo_grl=+0.46
    cooperative vs adversary bundle: recon=+0.00  pr=+0.06  sid=-0.16  prosody=+0.00  emotion=+0.30  inv=+0.00
    active-P push cosine (+ toward P, - toward L)
      cooperative: recon=-0.00  pr=-0.05  sid=+0.33  prosody=-0.00  emotion=+0.04  inv=-0.00
      adversarial: grl=+0.05  grl_p=-0.23  pros_grl=-0.00  emo_grl=-0.09  route_spec=-0.43
      combined=+0.07  first_order=+8.09e-06
      actual optimizer step: soft_active_P 0.174591 -> 0.174577  delta=-1.43e-05
    all-pair negative=16/55  strongest=sid|emo_grl:-0.21
[dis_data] g2p_en loaded for OOV words
[dis_data] g2p_en loaded for OOV words
[dis_data] g2p_en loaded for OOV words
[dis_data] g2p_en loaded for OOV words
[dis_data] g2p_en loaded for OOV words
[dis_data] g2p_en loaded for OOV words
[dis_data] g2p_en loaded for OOV words
[dis_data] g2p_en loaded for OOV words

[val step=03000]
  factor      kept representation       leakage representation
  phoneme     z_L PER=0.446              z_P PER=0.975
  speaker     z_P acc=0.125              z_L acc=0.290
  emotion     z_P UAR=0.635 acc=0.555    z_L UAR=0.599
  prosody     z_P loss=34.125           z_L loss=nan
  checkpoint score=2.602
  [best] disent=2.602 -> /rds/user/bbg25/hpc-work/Thesis/Final-Proj/Disentanglement/msp/checkpoints/msp_hardqfreeze4000_emoonly_dann12000_advemo010_s42/best.pt

[train 03500/12000] lr=8.57e-05 dann=0.90 zL_frame=1.79e-04 recon=0.1254 dead=0.0% active L/P=239/17 (6.7% P) assigned L/P=2891/2229
  content: z_L PER=0.430 | z_P adv PER=0.661    speaker: z_P acc=0.062 | z_L adv acc=0.250
  affect:  z_P emo acc=0.750 | z_L emo-adv acc=0.812    pros loss P/Ladv=36.137/0.000
  route: Hbal=0.687 Hunit=0.467 spec=0.53 margin=0.571 tau=0.511    clip main=9.35e+00->1.07e-01 disc=4.14e+00->2.42e-01

[train 04000/12000] lr=8.10e-05 dann=0.93 zL_frame=1.86e-04 recon=0.1238 dead=0.0% active L/P=235/21 (8.0% P) assigned L/P=2844/2276
  content: z_L PER=0.439 | z_P adv PER=0.733    speaker: z_P acc=0.250 | z_L adv acc=0.500
  affect:  z_P emo acc=0.562 | z_L emo-adv acc=0.375    pros loss P/Ladv=34.681/0.000
  route: Hbal=0.688 Hunit=0.441 spec=0.58 margin=0.605 tau=0.464    clip main=1.50e+01->6.65e-02 disc=3.43e+00->2.92e-01
  SAE gradients (weighted, before clipping)
    cooperative: recon=5.97e-02  pr=1.61e+00  sid=4.95e+00  prosody=0.00e+00  emotion=1.26e+01  inv=0.00e+00
    adversarial: external_bundle=6.73e+00
    adversarial factors: grl=1.24e+00  grl_p=6.61e+00  pros_grl=0.00e+00  emo_grl=1.62e+00  route_spec=0.00e+00
    PCGrad: raw=1.34e+01  projected=1.38e+01  adversary_bundle=6.73e+00
    cooperative conflicts=4/6  strongest=pr|sid:-0.10
  router gradients (weighted, before clipping)
    cooperative: recon=5.93e-11  pr=3.97e-03  sid=1.05e-02  prosody=0.00e+00  emotion=1.52e-02  inv=0.00e+00
    adversarial: grl=4.42e-03  grl_p=1.43e-02  pros_grl=0.00e+00  emo_grl=3.68e-03  route_spec=3.46e-05
    paired cosines: pr<->grl_p=+0.10  sid<->grl=+0.31  pros<->pros_grl=+0.00  emo<->emo_grl=+0.44
    cooperative vs adversary bundle: recon=+0.01  pr=+0.08  sid=+0.03  prosody=+0.00  emotion=+0.24  inv=+0.00
    active-P push cosine (+ toward P, - toward L)
      cooperative: recon=-0.00  pr=-0.11  sid=+0.20  prosody=-0.00  emotion=+0.05  inv=-0.00
      adversarial: grl=+0.07  grl_p=-0.19  pros_grl=-0.00  emo_grl=+0.07  route_spec=-0.35
      combined=+0.01  first_order=+1.06e-06
      actual optimizer step: soft_active_P 0.145022 -> 0.145009  delta=-1.33e-05
    all-pair negative=8/55  strongest=pr|sid:-0.15
[dis_data] g2p_en loaded for OOV words
[dis_data] g2p_en loaded for OOV words
[dis_data] g2p_en loaded for OOV words
[dis_data] g2p_en loaded for OOV words
[dis_data] g2p_en loaded for OOV words
[dis_data] g2p_en loaded for OOV words
[dis_data] g2p_en loaded for OOV words
[dis_data] g2p_en loaded for OOV words

[val step=04000]
  factor      kept representation       leakage representation
  phoneme     z_L PER=0.399              z_P PER=0.992
  speaker     z_P acc=0.155              z_L acc=0.312
  emotion     z_P UAR=0.644 acc=0.558    z_L UAR=0.634
  prosody     z_P loss=34.136           z_L loss=nan
  checkpoint score=2.554
  [best] disent=2.554 -> /rds/user/bbg25/hpc-work/Thesis/Final-Proj/Disentanglement/msp/checkpoints/msp_hardqfreeze4000_emoonly_dann12000_advemo010_s42/best.pt
[msp] segment complete at step 4000; resume from latest-resume.pt
[phase 2] exact resume, freeze learned routes, calibrate route-local TopK, continue
=== MSP run 'msp_hardqfreeze4000_emoonly_dann12000_advemo010_s42'  pcgrad=True  routing=hard ===
[dis_data] loaded lexicon: 200,000 entries
[msp_data] manifest=/rds/user/bbg25/hpc-work/Thesis/Final-Proj/Disentanglement/data/msp_subset/manifest.csv
[msp_data] speakers=700  vocab=74  emotions=('neutral', 'happy', 'sad', 'angry')
[msp_data]  train        41067  {'neutral': 18380, 'happy': 11373, 'sad': 6128, 'angry': 5186}
[msp_data]  val           4975  {'neutral': 2282, 'happy': 1402, 'sad': 710, 'angry': 581}
[msp_data]  test          4975  {'neutral': 2282, 'happy': 1402, 'sad': 710, 'angry': 581}
[msp_data] preloaded 51017 transcripts from Transcripts.zip
[msp_data] dropped 33 rows with empty/non-verbal transcript
[msp_data] dropped 3 rows with empty/non-verbal transcript
[msp_data] dropped 7 rows with empty/non-verbal transcript
[msp] training from scratch (SAE/routing/heads from init)
[msp] speaker adversary: GELUSpeakerGRLHead (GELU projector, per-frame grad norm target=0.0002)
[msp] emotion class weights [0.44, 0.71, 1.31, 1.55] for ('neutral', 'happy', 'sad', 'angry')
[msp] steps=12000 microbatch=16 accumulation=1 effective_batch=16 pcgrad=True (['emotion', 'pr', 'recon', 'sid'])  device=cuda amp=torch.bfloat16
[msp] weights recon=1.0 α(pr)=0.8 β(sid)=0.6 grl=1.0 grl_p=0.15 pros=0.0/0.0 emo=0.5/0.1 inv=0.0
[msp] exact resume from /rds/user/bbg25/hpc-work/Thesis/Final-Proj/Disentanglement/msp/checkpoints/msp_hardqfreeze4000_emoonly_dann12000_advemo010_s42/latest-resume.pt: step=4000 best=2.5544
[msp] learned routing FROZEN after resume: counts L/P/U=2844/2276/0
[dis_data] g2p_en loaded for OOV words
[dis_data] g2p_en loaded for OOV words
[dis_data] g2p_en loaded for OOV words
[dis_data] g2p_en loaded for OOV words
[dis_data] g2p_en loaded for OOV words
[dis_data] g2p_en loaded for OOV words
[dis_data] g2p_en loaded for OOV words
[dis_data] g2p_en loaded for OOV words
[msp] learned-route TopK calibrated: batches=20 avg_active=[240.55, 15.45] quotas=[241, 15] route_counts=[2844, 2276] sum=256
[dis_data] g2p_en loaded for OOV words
[dis_data] g2p_en loaded for OOV words
[dis_data] g2p_en loaded for OOV words
[dis_data] g2p_en loaded for OOV words
[dis_data] g2p_en loaded for OOV words
[dis_data] g2p_en loaded for OOV words
[dis_data] g2p_en loaded for OOV words
[dis_data] g2p_en loaded for OOV words

[train 04500/12000] lr=7.57e-05 dann=0.95 zL_frame=1.91e-04 recon=0.1248 dead=0.0% active L/P=241/15 (5.9% P) assigned L/P=2844/2276
  content: z_L PER=0.395 | z_P adv PER=0.997    speaker: z_P acc=0.250 | z_L adv acc=0.500
  affect:  z_P emo acc=0.812 | z_L emo-adv acc=0.875    pros loss P/Ladv=35.020/0.000
  route: Hbal=0.688 Hunit=0.441 spec=0.58 margin=0.605 tau=0.422    clip main=1.70e+01->5.87e-02 disc=3.14e+00->3.18e-01

[train 05000/12000] lr=7.01e-05 dann=0.97 zL_frame=1.94e-04 recon=0.1243 dead=0.0% active L/P=241/15 (5.9% P) assigned L/P=2844/2276
  content: z_L PER=0.360 | z_P adv PER=0.995    speaker: z_P acc=0.062 | z_L adv acc=0.188
  affect:  z_P emo acc=0.625 | z_L emo-adv acc=0.812    pros loss P/Ladv=35.567/0.000
  route: Hbal=0.688 Hunit=0.441 spec=0.58 margin=0.605 tau=0.383    clip main=1.91e+01->5.24e-02 disc=3.99e+00->2.51e-01
  SAE gradients (weighted, before clipping)
    cooperative: recon=6.43e-02  pr=6.03e+00  sid=5.31e+00  prosody=0.00e+00  emotion=1.29e+01  inv=0.00e+00
    adversarial: external_bundle=3.02e+00
    adversarial factors: grl=7.73e-01  grl_p=2.41e+00  pros_grl=0.00e+00  emo_grl=1.27e+00  route_spec=0.00e+00
    PCGrad: raw=1.37e+01  projected=1.80e+01  adversary_bundle=3.02e+00
    cooperative conflicts=3/6  strongest=sid|emotion:-0.33
  router gradients (weighted, before clipping)
    cooperative: recon=0.00e+00  pr=0.00e+00  sid=0.00e+00  prosody=0.00e+00  emotion=0.00e+00  inv=0.00e+00
    adversarial: grl=0.00e+00  grl_p=0.00e+00  pros_grl=0.00e+00  emo_grl=0.00e+00  route_spec=0.00e+00
    paired cosines: pr<->grl_p=+0.00  sid<->grl=+0.00  pros<->pros_grl=+0.00  emo<->emo_grl=+0.00
    cooperative vs adversary bundle: recon=+0.00  pr=+0.00  sid=+0.00  prosody=+0.00  emotion=+0.00  inv=+0.00
    active-P push cosine (+ toward P, - toward L)
      cooperative: recon=-0.00  pr=-0.00  sid=-0.00  prosody=-0.00  emotion=-0.00  inv=-0.00
      adversarial: grl=-0.00  grl_p=-0.00  pros_grl=-0.00  emo_grl=-0.00  route_spec=-0.00
      combined=-0.00  first_order=-0.00e+00
      actual optimizer step: soft_active_P 0.131838 -> 0.131838  delta=+0.00e+00
    all-pair negative=0/55  strongest=recon|pr:+0.00
[dis_data] g2p_en loaded for OOV words
[dis_data] g2p_en loaded for OOV words
[dis_data] g2p_en loaded for OOV words
[dis_data] g2p_en loaded for OOV words
[dis_data] g2p_en loaded for OOV words
[dis_data] g2p_en loaded for OOV words
[dis_data] g2p_en loaded for OOV words
[dis_data] g2p_en loaded for OOV words

[val step=05000]
  factor      kept representation       leakage representation
  phoneme     z_L PER=0.407              z_P PER=0.995
  speaker     z_P acc=0.199              z_L acc=0.378
  emotion     z_P UAR=0.663 acc=0.605    z_L UAR=0.615
  prosody     z_P loss=34.154           z_L loss=nan
  checkpoint score=2.542
  [best] disent=2.542 -> /rds/user/bbg25/hpc-work/Thesis/Final-Proj/Disentanglement/msp/checkpoints/msp_hardqfreeze4000_emoonly_dann12000_advemo010_s42/best.pt
[dis_data] g2p_en loaded for OOV words
[dis_data] g2p_en loaded for OOV words
[dis_data] g2p_en loaded for OOV words
[dis_data] g2p_en loaded for OOV words
[dis_data] g2p_en loaded for OOV words
[dis_data] g2p_en loaded for OOV words
[dis_data] g2p_en loaded for OOV words
[dis_data] g2p_en loaded for OOV words

[train 05500/12000] lr=6.42e-05 dann=0.98 zL_frame=1.96e-04 recon=0.1228 dead=0.0% active L/P=241/15 (5.9% P) assigned L/P=2844/2276
  content: z_L PER=0.344 | z_P adv PER=0.994    speaker: z_P acc=0.250 | z_L adv acc=0.312
  affect:  z_P emo acc=0.625 | z_L emo-adv acc=0.688    pros loss P/Ladv=33.000/0.000
  route: Hbal=0.688 Hunit=0.441 spec=0.58 margin=0.605 tau=0.348    clip main=1.57e+01->6.36e-02 disc=3.02e+00->3.31e-01

[train 06000/12000] lr=5.81e-05 dann=0.99 zL_frame=1.97e-04 recon=0.1180 dead=0.0% active L/P=241/15 (5.9% P) assigned L/P=2844/2276
  content: z_L PER=0.476 | z_P adv PER=0.995    speaker: z_P acc=0.188 | z_L adv acc=0.688
  affect:  z_P emo acc=0.375 | z_L emo-adv acc=0.375    pros loss P/Ladv=33.201/0.000
  route: Hbal=0.688 Hunit=0.441 spec=0.58 margin=0.605 tau=0.316    clip main=2.39e+01->4.18e-02 disc=3.61e+00->2.77e-01
  SAE gradients (weighted, before clipping)
    cooperative: recon=5.91e-02  pr=4.33e+00  sid=6.89e+00  prosody=0.00e+00  emotion=2.02e+01  inv=0.00e+00
    adversarial: external_bundle=4.45e+00
    adversarial factors: grl=1.29e+00  grl_p=4.19e+00  pros_grl=0.00e+00  emo_grl=2.99e+00  route_spec=0.00e+00
    PCGrad: raw=2.16e+01  projected=2.35e+01  adversary_bundle=4.45e+00
    cooperative conflicts=4/6  strongest=sid|emotion:-0.17
  router gradients (weighted, before clipping)
    cooperative: recon=0.00e+00  pr=0.00e+00  sid=0.00e+00  prosody=0.00e+00  emotion=0.00e+00  inv=0.00e+00
    adversarial: grl=0.00e+00  grl_p=0.00e+00  pros_grl=0.00e+00  emo_grl=0.00e+00  route_spec=0.00e+00
    paired cosines: pr<->grl_p=+0.00  sid<->grl=+0.00  pros<->pros_grl=+0.00  emo<->emo_grl=+0.00
    cooperative vs adversary bundle: recon=+0.00  pr=+0.00  sid=+0.00  prosody=+0.00  emotion=+0.00  inv=+0.00
    active-P push cosine (+ toward P, - toward L)
      cooperative: recon=-0.00  pr=-0.00  sid=-0.00  prosody=-0.00  emotion=-0.00  inv=-0.00
      adversarial: grl=-0.00  grl_p=-0.00  pros_grl=-0.00  emo_grl=-0.00  route_spec=-0.00
      combined=-0.00  first_order=-0.00e+00
      actual optimizer step: soft_active_P 0.137528 -> 0.137528  delta=+0.00e+00
    all-pair negative=0/55  strongest=recon|pr:+0.00
[dis_data] g2p_en loaded for OOV words
[dis_data] g2p_en loaded for OOV words
[dis_data] g2p_en loaded for OOV words
[dis_data] g2p_en loaded for OOV words
[dis_data] g2p_en loaded for OOV words
[dis_data] g2p_en loaded for OOV words
[dis_data] g2p_en loaded for OOV words
[dis_data] g2p_en loaded for OOV words

[val step=06000]
  factor      kept representation       leakage representation
  phoneme     z_L PER=0.384              z_P PER=0.996
  speaker     z_P acc=0.228              z_L acc=0.396
  emotion     z_P UAR=0.659 acc=0.610    z_L UAR=0.598
  prosody     z_P loss=34.132           z_L loss=nan
  checkpoint score=2.494
  [best] disent=2.494 -> /rds/user/bbg25/hpc-work/Thesis/Final-Proj/Disentanglement/msp/checkpoints/msp_hardqfreeze4000_emoonly_dann12000_advemo010_s42/best.pt

[train 06500/12000] lr=5.19e-05 dann=0.99 zL_frame=1.98e-04 recon=0.1293 dead=0.0% active L/P=241/15 (5.9% P) assigned L/P=2844/2276
  content: z_L PER=0.381 | z_P adv PER=0.997    speaker: z_P acc=0.188 | z_L adv acc=0.375
  affect:  z_P emo acc=0.562 | z_L emo-adv acc=0.500    pros loss P/Ladv=32.690/0.000
  route: Hbal=0.688 Hunit=0.441 spec=0.58 margin=0.605 tau=0.287    clip main=3.52e+01->2.84e-02 disc=4.52e+00->2.21e-01

[train 07000/12000] lr=4.58e-05 dann=0.99 zL_frame=1.99e-04 recon=0.1215 dead=0.0% active L/P=241/15 (5.9% P) assigned L/P=2844/2276
  content: z_L PER=0.499 | z_P adv PER=0.994    speaker: z_P acc=0.250 | z_L adv acc=0.312
  affect:  z_P emo acc=0.500 | z_L emo-adv acc=0.812    pros loss P/Ladv=33.616/0.000
  route: Hbal=0.688 Hunit=0.441 spec=0.58 margin=0.605 tau=0.261    clip main=3.44e+01->2.91e-02 disc=4.36e+00->2.29e-01
  SAE gradients (weighted, before clipping)
    cooperative: recon=6.19e-02  pr=7.67e+00  sid=7.79e+00  prosody=0.00e+00  emotion=2.92e+01  inv=0.00e+00
    adversarial: external_bundle=5.29e+00
    adversarial factors: grl=8.48e-01  grl_p=4.40e+00  pros_grl=0.00e+00  emo_grl=2.19e+00  route_spec=0.00e+00
    PCGrad: raw=3.30e+01  projected=3.30e+01  adversary_bundle=5.29e+00
    cooperative conflicts=0/6  strongest=recon|emotion:+0.03
  router gradients (weighted, before clipping)
    cooperative: recon=0.00e+00  pr=0.00e+00  sid=0.00e+00  prosody=0.00e+00  emotion=0.00e+00  inv=0.00e+00
    adversarial: grl=0.00e+00  grl_p=0.00e+00  pros_grl=0.00e+00  emo_grl=0.00e+00  route_spec=0.00e+00
    paired cosines: pr<->grl_p=+0.00  sid<->grl=+0.00  pros<->pros_grl=+0.00  emo<->emo_grl=+0.00
    cooperative vs adversary bundle: recon=+0.00  pr=+0.00  sid=+0.00  prosody=+0.00  emotion=+0.00  inv=+0.00
    active-P push cosine (+ toward P, - toward L)
      cooperative: recon=-0.00  pr=-0.00  sid=-0.00  prosody=-0.00  emotion=-0.00  inv=-0.00
      adversarial: grl=-0.00  grl_p=-0.00  pros_grl=-0.00  emo_grl=-0.00  route_spec=-0.00
      combined=-0.00  first_order=-0.00e+00
      actual optimizer step: soft_active_P 0.140626 -> 0.140626  delta=+0.00e+00
    all-pair negative=0/55  strongest=recon|pr:+0.00
[dis_data] g2p_en loaded for OOV words
[dis_data] g2p_en loaded for OOV words[dis_data] g2p_en loaded for OOV words

[dis_data] g2p_en loaded for OOV words
[dis_data] g2p_en loaded for OOV words
[dis_data] g2p_en loaded for OOV words
[dis_data] g2p_en loaded for OOV words
[dis_data] g2p_en loaded for OOV words

[val step=07000]
  factor      kept representation       leakage representation
  phoneme     z_L PER=0.375              z_P PER=0.995
  speaker     z_P acc=0.249              z_L acc=0.464
  emotion     z_P UAR=0.656 acc=0.623    z_L UAR=0.566
  prosody     z_P loss=34.131           z_L loss=nan
  checkpoint score=2.504

[train 07500/12000] lr=3.99e-05 dann=1.00 zL_frame=1.99e-04 recon=0.1198 dead=0.0% active L/P=241/15 (5.9% P) assigned L/P=2844/2276
  content: z_L PER=0.491 | z_P adv PER=0.994    speaker: z_P acc=0.125 | z_L adv acc=0.312
  affect:  z_P emo acc=0.812 | z_L emo-adv acc=0.562    pros loss P/Ladv=33.492/0.000
  route: Hbal=0.688 Hunit=0.441 spec=0.58 margin=0.605 tau=0.237    clip main=4.01e+01->2.49e-02 disc=3.91e+00->2.56e-01
[dis_data] g2p_en loaded for OOV words
[dis_data] g2p_en loaded for OOV words
[dis_data] g2p_en loaded for OOV words
[dis_data] g2p_en loaded for OOV words
[dis_data] g2p_en loaded for OOV words
[dis_data] g2p_en loaded for OOV words
[dis_data] g2p_en loaded for OOV words
[dis_data] g2p_en loaded for OOV words

[train 08000/12000] lr=3.43e-05 dann=1.00 zL_frame=1.99e-04 recon=0.1197 dead=0.0% active L/P=241/15 (5.9% P) assigned L/P=2844/2276
  content: z_L PER=0.425 | z_P adv PER=0.987    speaker: z_P acc=0.312 | z_L adv acc=0.688
  affect:  z_P emo acc=0.500 | z_L emo-adv acc=0.562    pros loss P/Ladv=33.942/0.000
  route: Hbal=0.688 Hunit=0.441 spec=0.58 margin=0.605 tau=0.215    clip main=4.99e+01->2.00e-02 disc=3.28e+00->3.05e-01
  SAE gradients (weighted, before clipping)
    cooperative: recon=5.59e-02  pr=7.28e+00  sid=1.16e+01  prosody=0.00e+00  emotion=3.77e+01  inv=0.00e+00
    adversarial: external_bundle=4.98e+00
    adversarial factors: grl=1.02e+00  grl_p=4.09e+00  pros_grl=0.00e+00  emo_grl=1.75e+00  route_spec=0.00e+00
    PCGrad: raw=4.79e+01  projected=4.75e+01  adversary_bundle=4.98e+00
    cooperative conflicts=3/6  strongest=recon|pr:-0.17
  router gradients (weighted, before clipping)
    cooperative: recon=0.00e+00  pr=0.00e+00  sid=0.00e+00  prosody=0.00e+00  emotion=0.00e+00  inv=0.00e+00
    adversarial: grl=0.00e+00  grl_p=0.00e+00  pros_grl=0.00e+00  emo_grl=0.00e+00  route_spec=0.00e+00
    paired cosines: pr<->grl_p=+0.00  sid<->grl=+0.00  pros<->pros_grl=+0.00  emo<->emo_grl=+0.00
    cooperative vs adversary bundle: recon=+0.00  pr=+0.00  sid=+0.00  prosody=+0.00  emotion=+0.00  inv=+0.00
    active-P push cosine (+ toward P, - toward L)
      cooperative: recon=-0.00  pr=-0.00  sid=-0.00  prosody=-0.00  emotion=-0.00  inv=-0.00
      adversarial: grl=-0.00  grl_p=-0.00  pros_grl=-0.00  emo_grl=-0.00  route_spec=-0.00
      combined=-0.00  first_order=-0.00e+00
      actual optimizer step: soft_active_P 0.144592 -> 0.144592  delta=+0.00e+00
    all-pair negative=0/55  strongest=recon|pr:+0.00
[dis_data] g2p_en loaded for OOV words
[dis_data] g2p_en loaded for OOV words
[dis_data] g2p_en loaded for OOV words
[dis_data] g2p_en loaded for OOV words
[dis_data] g2p_en loaded for OOV words
[dis_data] g2p_en loaded for OOV words
[dis_data] g2p_en loaded for OOV words
[dis_data] g2p_en loaded for OOV words

[val step=08000]
  factor      kept representation       leakage representation
  phoneme     z_L PER=0.373              z_P PER=0.985
  speaker     z_P acc=0.261              z_L acc=0.489
  emotion     z_P UAR=0.658 acc=0.607    z_L UAR=0.603
  prosody     z_P loss=34.123           z_L loss=nan
  checkpoint score=2.562

[train 08500/12000] lr=2.90e-05 dann=1.00 zL_frame=2.00e-04 recon=0.1220 dead=0.1% active L/P=241/15 (5.9% P) assigned L/P=2844/2276
  content: z_L PER=0.309 | z_P adv PER=0.986    speaker: z_P acc=0.125 | z_L adv acc=0.312
  affect:  z_P emo acc=0.500 | z_L emo-adv acc=0.562    pros loss P/Ladv=34.083/0.000
  route: Hbal=0.688 Hunit=0.441 spec=0.58 margin=0.605 tau=0.196    clip main=5.26e+01->1.90e-02 disc=4.61e+00->2.17e-01

[train 09000/12000] lr=2.43e-05 dann=1.00 zL_frame=2.00e-04 recon=0.1163 dead=0.1% active L/P=241/15 (5.9% P) assigned L/P=2844/2276
  content: z_L PER=0.323 | z_P adv PER=0.974    speaker: z_P acc=0.188 | z_L adv acc=0.562
  affect:  z_P emo acc=0.500 | z_L emo-adv acc=0.625    pros loss P/Ladv=32.896/0.000
  route: Hbal=0.688 Hunit=0.441 spec=0.58 margin=0.605 tau=0.178    clip main=5.88e+01->1.70e-02 disc=3.58e+00->2.79e-01
  SAE gradients (weighted, before clipping)
    cooperative: recon=5.49e-02  pr=1.73e+00  sid=8.42e+00  prosody=0.00e+00  emotion=5.54e+01  inv=0.00e+00
    adversarial: external_bundle=3.61e+00
    adversarial factors: grl=1.06e+00  grl_p=2.63e+00  pros_grl=0.00e+00  emo_grl=1.95e+00  route_spec=0.00e+00
    PCGrad: raw=5.98e+01  projected=5.96e+01  adversary_bundle=3.61e+00
    cooperative conflicts=2/6  strongest=recon|emotion:-0.12
  router gradients (weighted, before clipping)
    cooperative: recon=0.00e+00  pr=0.00e+00  sid=0.00e+00  prosody=0.00e+00  emotion=0.00e+00  inv=0.00e+00
    adversarial: grl=0.00e+00  grl_p=0.00e+00  pros_grl=0.00e+00  emo_grl=0.00e+00  route_spec=0.00e+00
    paired cosines: pr<->grl_p=+0.00  sid<->grl=+0.00  pros<->pros_grl=+0.00  emo<->emo_grl=+0.00
    cooperative vs adversary bundle: recon=+0.00  pr=+0.00  sid=+0.00  prosody=+0.00  emotion=+0.00  inv=+0.00
    active-P push cosine (+ toward P, - toward L)
      cooperative: recon=-0.00  pr=-0.00  sid=-0.00  prosody=-0.00  emotion=-0.00  inv=-0.00
      adversarial: grl=-0.00  grl_p=-0.00  pros_grl=-0.00  emo_grl=-0.00  route_spec=-0.00
      combined=-0.00  first_order=-0.00e+00
      actual optimizer step: soft_active_P 0.146580 -> 0.146580  delta=+0.00e+00
    all-pair negative=0/55  strongest=recon|pr:+0.00
[dis_data] g2p_en loaded for OOV words
[dis_data] g2p_en loaded for OOV words
[dis_data] g2p_en loaded for OOV words
[dis_data] g2p_en loaded for OOV words
[dis_data] g2p_en loaded for OOV words
[dis_data] g2p_en loaded for OOV words
[dis_data] g2p_en loaded for OOV words
[dis_data] g2p_en loaded for OOV words

[val step=09000]
  factor      kept representation       leakage representation
  phoneme     z_L PER=0.349              z_P PER=0.974
  speaker     z_P acc=0.271              z_L acc=0.517
  emotion     z_P UAR=0.651 acc=0.615    z_L UAR=0.615
  prosody     z_P loss=34.120           z_L loss=nan
  checkpoint score=2.585

[train 09500/12000] lr=2.01e-05 dann=1.00 zL_frame=2.00e-04 recon=0.1173 dead=0.1% active L/P=241/15 (5.9% P) assigned L/P=2844/2276
  content: z_L PER=0.294 | z_P adv PER=0.965    speaker: z_P acc=0.312 | z_L adv acc=0.812
  affect:  z_P emo acc=0.688 | z_L emo-adv acc=0.562    pros loss P/Ladv=32.610/0.000
  route: Hbal=0.688 Hunit=0.441 spec=0.58 margin=0.605 tau=0.162    clip main=3.67e+01->2.73e-02 disc=3.43e+00->2.92e-01

[train 10000/12000] lr=1.66e-05 dann=1.00 zL_frame=2.00e-04 recon=0.1201 dead=0.1% active L/P=241/15 (5.9% P) assigned L/P=2844/2276
  content: z_L PER=0.368 | z_P adv PER=0.977    speaker: z_P acc=0.312 | z_L adv acc=0.750
  affect:  z_P emo acc=0.562 | z_L emo-adv acc=0.688    pros loss P/Ladv=35.529/0.000
  route: Hbal=0.688 Hunit=0.441 spec=0.58 margin=0.605 tau=0.147    clip main=5.14e+01->1.94e-02 disc=3.23e+00->3.10e-01
  SAE gradients (weighted, before clipping)
    cooperative: recon=5.51e-02  pr=5.53e+00  sid=9.01e+00  prosody=0.00e+00  emotion=4.89e+01  inv=0.00e+00
    adversarial: external_bundle=4.22e+00
    adversarial factors: grl=1.37e+00  grl_p=2.91e+00  pros_grl=0.00e+00  emo_grl=2.98e+00  route_spec=0.00e+00
    PCGrad: raw=5.38e+01  projected=5.28e+01  adversary_bundle=4.22e+00
    cooperative conflicts=2/6  strongest=recon|emotion:-0.24
  router gradients (weighted, before clipping)
    cooperative: recon=0.00e+00  pr=0.00e+00  sid=0.00e+00  prosody=0.00e+00  emotion=0.00e+00  inv=0.00e+00
    adversarial: grl=0.00e+00  grl_p=0.00e+00  pros_grl=0.00e+00  emo_grl=0.00e+00  route_spec=0.00e+00
    paired cosines: pr<->grl_p=+0.00  sid<->grl=+0.00  pros<->pros_grl=+0.00  emo<->emo_grl=+0.00
    cooperative vs adversary bundle: recon=+0.00  pr=+0.00  sid=+0.00  prosody=+0.00  emotion=+0.00  inv=+0.00
    active-P push cosine (+ toward P, - toward L)
      cooperative: recon=-0.00  pr=-0.00  sid=-0.00  prosody=-0.00  emotion=-0.00  inv=-0.00
      adversarial: grl=-0.00  grl_p=-0.00  pros_grl=-0.00  emo_grl=-0.00  route_spec=-0.00
      combined=-0.00  first_order=-0.00e+00
      actual optimizer step: soft_active_P 0.149566 -> 0.149566  delta=+0.00e+00
    all-pair negative=0/55  strongest=recon|pr:+0.00
[dis_data] g2p_en loaded for OOV words
[dis_data] g2p_en loaded for OOV words
[dis_data] g2p_en loaded for OOV words
[dis_data] g2p_en loaded for OOV words
[dis_data] g2p_en loaded for OOV words
[dis_data] g2p_en loaded for OOV words
[dis_data] g2p_en loaded for OOV words
[dis_data] g2p_en loaded for OOV words

[val step=10000]
  factor      kept representation       leakage representation
  phoneme     z_L PER=0.361              z_P PER=0.970
  speaker     z_P acc=0.289              z_L acc=0.526
  emotion     z_P UAR=0.654 acc=0.602    z_L UAR=0.608
  prosody     z_P loss=34.114           z_L loss=nan
  checkpoint score=2.583
[dis_data] g2p_en loaded for OOV words
[dis_data] g2p_en loaded for OOV words
[dis_data] g2p_en loaded for OOV words
[dis_data] g2p_en loaded for OOV words
[dis_data] g2p_en loaded for OOV words
[dis_data] g2p_en loaded for OOV words
[dis_data] g2p_en loaded for OOV words
[dis_data] g2p_en loaded for OOV words

[train 10500/12000] lr=1.37e-05 dann=1.00 zL_frame=2.00e-04 recon=0.1180 dead=0.1% active L/P=241/15 (5.9% P) assigned L/P=2844/2276
  content: z_L PER=0.434 | z_P adv PER=0.962    speaker: z_P acc=0.312 | z_L adv acc=0.562
  affect:  z_P emo acc=0.500 | z_L emo-adv acc=0.688    pros loss P/Ladv=33.850/0.000
  route: Hbal=0.688 Hunit=0.441 spec=0.58 margin=0.605 tau=0.133    clip main=3.01e+01->3.33e-02 disc=4.35e+00->2.30e-01

[train 11000/12000] lr=1.17e-05 dann=1.00 zL_frame=2.00e-04 recon=0.1198 dead=0.1% active L/P=241/15 (5.9% P) assigned L/P=2844/2276
  content: z_L PER=0.336 | z_P adv PER=0.955    speaker: z_P acc=0.125 | z_L adv acc=0.625
  affect:  z_P emo acc=0.500 | z_L emo-adv acc=0.562    pros loss P/Ladv=34.209/0.000
  route: Hbal=0.688 Hunit=0.441 spec=0.58 margin=0.605 tau=0.121    clip main=9.16e+01->1.09e-02 disc=5.11e+00->1.96e-01
  SAE gradients (weighted, before clipping)
    cooperative: recon=5.30e-02  pr=3.78e+00  sid=1.15e+01  prosody=0.00e+00  emotion=8.97e+01  inv=0.00e+00
    adversarial: external_bundle=4.26e+00
    adversarial factors: grl=1.39e+00  grl_p=3.11e+00  pros_grl=0.00e+00  emo_grl=2.88e+00  route_spec=0.00e+00
    PCGrad: raw=8.91e+01  projected=9.16e+01  adversary_bundle=4.26e+00
    cooperative conflicts=1/6  strongest=sid|emotion:-0.16
  router gradients (weighted, before clipping)
    cooperative: recon=0.00e+00  pr=0.00e+00  sid=0.00e+00  prosody=0.00e+00  emotion=0.00e+00  inv=0.00e+00
    adversarial: grl=0.00e+00  grl_p=0.00e+00  pros_grl=0.00e+00  emo_grl=0.00e+00  route_spec=0.00e+00
    paired cosines: pr<->grl_p=+0.00  sid<->grl=+0.00  pros<->pros_grl=+0.00  emo<->emo_grl=+0.00
    cooperative vs adversary bundle: recon=+0.00  pr=+0.00  sid=+0.00  prosody=+0.00  emotion=+0.00  inv=+0.00
    active-P push cosine (+ toward P, - toward L)
      cooperative: recon=-0.00  pr=-0.00  sid=-0.00  prosody=-0.00  emotion=-0.00  inv=-0.00
      adversarial: grl=-0.00  grl_p=-0.00  pros_grl=-0.00  emo_grl=-0.00  route_spec=-0.00
      combined=-0.00  first_order=-0.00e+00
      actual optimizer step: soft_active_P 0.148727 -> 0.148727  delta=+0.00e+00
    all-pair negative=0/55  strongest=recon|pr:+0.00
[dis_data] g2p_en loaded for OOV words
[dis_data] g2p_en loaded for OOV words
[dis_data] g2p_en loaded for OOV words
[dis_data] g2p_en loaded for OOV words
[dis_data] g2p_en loaded for OOV words
[dis_data] g2p_en loaded for OOV words
[dis_data] g2p_en loaded for OOV words
[dis_data] g2p_en loaded for OOV words

[val step=11000]
  factor      kept representation       leakage representation
  phoneme     z_L PER=0.359              z_P PER=0.955
  speaker     z_P acc=0.294              z_L acc=0.536
  emotion     z_P UAR=0.654 acc=0.604    z_L UAR=0.606
  prosody     z_P loss=34.111           z_L loss=nan
  checkpoint score=2.599

[train 11500/12000] lr=1.04e-05 dann=1.00 zL_frame=2.00e-04 recon=0.1128 dead=0.1% active L/P=241/15 (5.9% P) assigned L/P=2844/2276
  content: z_L PER=0.449 | z_P adv PER=0.955    speaker: z_P acc=0.188 | z_L adv acc=0.875
  affect:  z_P emo acc=0.625 | z_L emo-adv acc=0.750    pros loss P/Ladv=36.938/0.000
  route: Hbal=0.688 Hunit=0.441 spec=0.58 margin=0.605 tau=0.110    clip main=1.71e+01->5.84e-02 disc=3.31e+00->3.02e-01

[train 12000/12000] lr=1.00e-05 dann=1.00 zL_frame=2.00e-04 recon=0.1177 dead=0.1% active L/P=241/15 (5.9% P) assigned L/P=2844/2276
  content: z_L PER=0.333 | z_P adv PER=0.946    speaker: z_P acc=0.250 | z_L adv acc=0.750
  affect:  z_P emo acc=0.312 | z_L emo-adv acc=0.625    pros loss P/Ladv=33.539/0.000
  route: Hbal=0.688 Hunit=0.441 spec=0.58 margin=0.605 tau=0.100    clip main=7.20e+01->1.39e-02 disc=4.36e+00->2.29e-01
  SAE gradients (weighted, before clipping)
    cooperative: recon=5.01e-02  pr=3.01e+00  sid=8.97e+00  prosody=0.00e+00  emotion=7.07e+01  inv=0.00e+00
    adversarial: external_bundle=1.07e+01
    adversarial factors: grl=2.17e+00  grl_p=3.60e+00  pros_grl=0.00e+00  emo_grl=7.37e+00  route_spec=0.00e+00
    PCGrad: raw=7.08e+01  projected=7.16e+01  adversary_bundle=1.07e+01
    cooperative conflicts=3/6  strongest=pr|emotion:-0.05
  router gradients (weighted, before clipping)
    cooperative: recon=0.00e+00  pr=0.00e+00  sid=0.00e+00  prosody=0.00e+00  emotion=0.00e+00  inv=0.00e+00
    adversarial: grl=0.00e+00  grl_p=0.00e+00  pros_grl=0.00e+00  emo_grl=0.00e+00  route_spec=0.00e+00
    paired cosines: pr<->grl_p=+0.00  sid<->grl=+0.00  pros<->pros_grl=+0.00  emo<->emo_grl=+0.00
    cooperative vs adversary bundle: recon=+0.00  pr=+0.00  sid=+0.00  prosody=+0.00  emotion=+0.00  inv=+0.00
    active-P push cosine (+ toward P, - toward L)
      cooperative: recon=-0.00  pr=-0.00  sid=-0.00  prosody=-0.00  emotion=-0.00  inv=-0.00
      adversarial: grl=-0.00  grl_p=-0.00  pros_grl=-0.00  emo_grl=-0.00  route_spec=-0.00
      combined=-0.00  first_order=-0.00e+00
      actual optimizer step: soft_active_P 0.149203 -> 0.149203  delta=+0.00e+00
    all-pair negative=0/55  strongest=recon|pr:+0.00
[dis_data] g2p_en loaded for OOV words
[dis_data] g2p_en loaded for OOV words[dis_data] g2p_en loaded for OOV words

[dis_data] g2p_en loaded for OOV words
[dis_data] g2p_en loaded for OOV words
[dis_data] g2p_en loaded for OOV words[dis_data] g2p_en loaded for OOV words

[dis_data] g2p_en loaded for OOV words

[val step=12000]
  factor      kept representation       leakage representation
  phoneme     z_L PER=0.335              z_P PER=0.943
  speaker     z_P acc=0.303              z_L acc=0.556
  emotion     z_P UAR=0.653 acc=0.603    z_L UAR=0.621
  prosody     z_P loss=34.106           z_L loss=nan
  checkpoint score=2.612
[dis_data] g2p_en loaded for OOV words
[dis_data] g2p_en loaded for OOV words
[dis_data] g2p_en loaded for OOV words
[dis_data] g2p_en loaded for OOV words
[dis_data] g2p_en loaded for OOV words
[dis_data] g2p_en loaded for OOV words
[dis_data] g2p_en loaded for OOV words
[dis_data] g2p_en loaded for OOV words
[test] final.pt: z_L PER=0.337 z_P SID=0.309 z_L SID=0.565 z_P emo UAR=0.653 z_L emo UAR=0.620
[msp] done. best disent=2.494  ckpts in /rds/user/bbg25/hpc-work/Thesis/Final-Proj/Disentanglement/msp/checkpoints/msp_hardqfreeze4000_emoonly_dann12000_advemo010_s42
finished   : Wed Jul 15 08:16:51 BST 2026
