=== Matched MSP content/speaker probe ===
started    : Thu 23 Jul 05:12:30 BST 2026
task_id    : 2
run        : msp_hardqfreeze4000_sc_optfix_nobal_aux64_gn0004_grlp025_dann12000_12k_s42
checkpoint : /rds/user/bbg25/hpc-work/Thesis/Final-Proj/Disentanglement/msp/checkpoints/msp_hardqfreeze4000_sc_optfix_nobal_aux64_gn0004_grlp025_dann12000_12k_s42/final.pt
sources    : z_t,z_L,z_P
task       : pr
steps      : 7500
output     : /rds/user/bbg25/hpc-work/Thesis/Final-Proj/Disentanglement/msp/probe_results/matched_content_speaker/msp_hardqfreeze4000_sc_optfix_nobal_aux64_gn0004_grlp025_dann12000_12k_s42_pr_linear_all_7500_seed42.json
+ /home/bbg25/.conda/envs/mlmi4/bin/python + -u + -m + msp.probe + --checkpoint + /rds/user/bbg25/hpc-work/Thesis/Final-Proj/Disentanglement/msp/checkpoints/msp_hardqfreeze4000_sc_optfix_nobal_aux64_gn0004_grlp025_dann12000_12k_s42/final.pt + --manifest + /rds/user/bbg25/hpc-work/Thesis/Final-Proj/Disentanglement/data/msp_subset + --audio_root + /rds/user/bbg25/hpc-work/Thesis/Final-Proj/Disentanglement/data/msp_audio + --transcripts + /rds/project/rds-xyBFuSj0hm0/dataset/MSP-Podcast-2.0/Transcripts.zip + --lexicon_path + /rds/user/bbg25/hpc-work/Thesis/Final-Proj/Probing/data/librispeech-lexicon.txt + --sources + z_t\,z_L\,z_P + --tasks + pr + --steps + 7500 + --val_every + 500 + --batch_size + 16 + --eval_batch + 32 + --num_workers + 8 + --lr + 5e-4 + --seed + 42 + --output + /rds/user/bbg25/hpc-work/Thesis/Final-Proj/Disentanglement/msp/probe_results/matched_content_speaker/msp_hardqfreeze4000_sc_optfix_nobal_aux64_gn0004_grlp025_dann12000_12k_s42_pr_linear_all_7500_seed42.json + --pr_probe_arch + linear + --pr_probe_proj_dim + 256 + --pr_probe_lr + 5e-4 + --pr_probe_warmup_steps + 500 
[dis_data] loaded lexicon: 200,000 entries
[msp_data] manifest=/rds/user/bbg25/hpc-work/Thesis/Final-Proj/Disentanglement/data/msp_subset/manifest.csv
[msp_data] speakers=700  vocab=74  emotions=('neutral', 'happy', 'sad', 'angry')
[msp_data]  train        41067  {'neutral': 18380, 'happy': 11373, 'sad': 6128, 'angry': 5186}
[msp_data]  val           4975  {'neutral': 2282, 'happy': 1402, 'sad': 710, 'angry': 581}
[msp_data]  test          4975  {'neutral': 2282, 'happy': 1402, 'sad': 710, 'angry': 581}
[msp_data] preloaded 51017 transcripts from Transcripts.zip
[msp_data] dropped 33 rows with empty/non-verbal transcript
[msp_data] dropped 3 rows with empty/non-verbal transcript
[msp_data] dropped 7 rows with empty/non-verbal transcript
[msp_probe] loaded compatible tensors: total=35 sae=6 route=1
[dis_data] g2p_en loaded for OOV words[dis_data] g2p_en loaded for OOV words

[dis_data] g2p_en loaded for OOV words
[dis_data] g2p_en loaded for OOV words
[dis_data] g2p_en loaded for OOV words
[dis_data] g2p_en loaded for OOV words
[dis_data] g2p_en loaded for OOV words
[dis_data] g2p_en loaded for OOV words
[dis_data] g2p_en loaded for OOV words
[dis_data] g2p_en loaded for OOV words
[dis_data] g2p_en loaded for OOV words
[dis_data] g2p_en loaded for OOV words
[dis_data] g2p_en loaded for OOV words
[dis_data] g2p_en loaded for OOV words
[dis_data] g2p_en loaded for OOV words
[dis_data] g2p_en loaded for OOV words
[dis_data] g2p_en loaded for OOV words
[dis_data] g2p_en loaded for OOV words
[dis_data] g2p_en loaded for OOV words
[dis_data] g2p_en loaded for OOV words
[dis_data] g2p_en loaded for OOV words
[dis_data] g2p_en loaded for OOV words
[dis_data] g2p_en loaded for OOV words
[dis_data] g2p_en loaded for OOV words
[probe step=500] {"z_L": {"pr_per": 0.731708054464856}, "z_P": {"pr_per": 0.9996183076289346}, "z_t": {"pr_per": 0.7034288068145316}}
[dis_data] g2p_en loaded for OOV words[dis_data] g2p_en loaded for OOV words

[dis_data] g2p_en loaded for OOV words[dis_data] g2p_en loaded for OOV words

[dis_data] g2p_en loaded for OOV words
[dis_data] g2p_en loaded for OOV words
[dis_data] g2p_en loaded for OOV words
[dis_data] g2p_en loaded for OOV words
[probe step=1000] {"z_L": {"pr_per": 0.47339301843082865}, "z_P": {"pr_per": 0.9992592900521898}, "z_t": {"pr_per": 0.4675882710847244}}
[dis_data] g2p_en loaded for OOV words
[dis_data] g2p_en loaded for OOV words
[dis_data] g2p_en loaded for OOV words
[dis_data] g2p_en loaded for OOV words[dis_data] g2p_en loaded for OOV words

[dis_data] g2p_en loaded for OOV words
[dis_data] g2p_en loaded for OOV words
[dis_data] g2p_en loaded for OOV words
[probe step=1500] {"z_L": {"pr_per": 0.3686581434634237}, "z_P": {"pr_per": 0.9927289492878225}, "z_t": {"pr_per": 0.36513599207893854}}
[dis_data] g2p_en loaded for OOV words
[dis_data] g2p_en loaded for OOV words
[dis_data] g2p_en loaded for OOV words
[dis_data] g2p_en loaded for OOV words
[dis_data] g2p_en loaded for OOV words[dis_data] g2p_en loaded for OOV words

[dis_data] g2p_en loaded for OOV words
[dis_data] g2p_en loaded for OOV words
[probe step=2000] {"z_L": {"pr_per": 0.37063462970171307}, "z_P": {"pr_per": 0.9696497878017165}, "z_t": {"pr_per": 0.36718806096496365}}
[dis_data] g2p_en loaded for OOV words
[dis_data] g2p_en loaded for OOV words
[dis_data] g2p_en loaded for OOV words
[dis_data] g2p_en loaded for OOV words
[dis_data] g2p_en loaded for OOV words
[dis_data] g2p_en loaded for OOV words
[dis_data] g2p_en loaded for OOV words
[dis_data] g2p_en loaded for OOV words
[probe step=2500] {"z_L": {"pr_per": 0.35824663373782645}, "z_P": {"pr_per": 0.9233025082101651}, "z_t": {"pr_per": 0.34996655467837695}}
[dis_data] g2p_en loaded for OOV words
[dis_data] g2p_en loaded for OOV words
[dis_data] g2p_en loaded for OOV words
[dis_data] g2p_en loaded for OOV words
[dis_data] g2p_en loaded for OOV words
[dis_data] g2p_en loaded for OOV words
[dis_data] g2p_en loaded for OOV words
[dis_data] g2p_en loaded for OOV words
[dis_data] g2p_en loaded for OOV words
[dis_data] g2p_en loaded for OOV words
[dis_data] g2p_en loaded for OOV words
[dis_data] g2p_en loaded for OOV words
[dis_data] g2p_en loaded for OOV words
[dis_data] g2p_en loaded for OOV words
[dis_data] g2p_en loaded for OOV words
[dis_data] g2p_en loaded for OOV words
[probe step=3000] {"z_L": {"pr_per": 0.4087925294110978}, "z_P": {"pr_per": 0.8954011737985194}, "z_t": {"pr_per": 0.3967408762296352}}
[dis_data] g2p_en loaded for OOV words
[dis_data] g2p_en loaded for OOV words
[dis_data] g2p_en loaded for OOV words
[dis_data] g2p_en loaded for OOV words
[dis_data] g2p_en loaded for OOV words
[dis_data] g2p_en loaded for OOV words
[dis_data] g2p_en loaded for OOV words
[dis_data] g2p_en loaded for OOV words
[probe step=3500] {"z_L": {"pr_per": 0.33045489416539753}, "z_P": {"pr_per": 0.8856661287701569}, "z_t": {"pr_per": 0.3303339619290203}}
[dis_data] g2p_en loaded for OOV words
[dis_data] g2p_en loaded for OOV words[dis_data] g2p_en loaded for OOV words

[dis_data] g2p_en loaded for OOV words
[dis_data] g2p_en loaded for OOV words
[dis_data] g2p_en loaded for OOV words
[dis_data] g2p_en loaded for OOV words
[dis_data] g2p_en loaded for OOV words
[probe step=4000] {"z_L": {"pr_per": 0.3446644319397153}, "z_P": {"pr_per": 0.8738563400614487}, "z_t": {"pr_per": 0.3436176122685754}}
[dis_data] g2p_en loaded for OOV words
[dis_data] g2p_en loaded for OOV words
[dis_data] g2p_en loaded for OOV words
[dis_data] g2p_en loaded for OOV words
[dis_data] g2p_en loaded for OOV words
[dis_data] g2p_en loaded for OOV words
[dis_data] g2p_en loaded for OOV words
[dis_data] g2p_en loaded for OOV words
[probe step=4500] {"z_L": {"pr_per": 0.36085045595232246}, "z_P": {"pr_per": 0.8770723817226042}, "z_t": {"pr_per": 0.3552157695636236}}
[dis_data] g2p_en loaded for OOV words
[dis_data] g2p_en loaded for OOV words
[dis_data] g2p_en loaded for OOV words
[dis_data] g2p_en loaded for OOV words
[dis_data] g2p_en loaded for OOV words
[dis_data] g2p_en loaded for OOV words
[dis_data] g2p_en loaded for OOV words
[dis_data] g2p_en loaded for OOV words
[probe step=5000] {"z_L": {"pr_per": 0.35222269671328854}, "z_P": {"pr_per": 0.8736598251773358}, "z_t": {"pr_per": 0.3519959487700814}}
[dis_data] g2p_en loaded for OOV words
[dis_data] g2p_en loaded for OOV words
[dis_data] g2p_en loaded for OOV words
[dis_data] g2p_en loaded for OOV words
[dis_data] g2p_en loaded for OOV words
[dis_data] g2p_en loaded for OOV words
[dis_data] g2p_en loaded for OOV words
[dis_data] g2p_en loaded for OOV words
[dis_data] g2p_en loaded for OOV words
[dis_data] g2p_en loaded for OOV words
[dis_data] g2p_en loaded for OOV words
[dis_data] g2p_en loaded for OOV words
[dis_data] g2p_en loaded for OOV words
[dis_data] g2p_en loaded for OOV words
[dis_data] g2p_en loaded for OOV words
[dis_data] g2p_en loaded for OOV words
[probe step=5500] {"z_L": {"pr_per": 0.3746442891640937}, "z_P": {"pr_per": 0.8696577239797287}, "z_t": {"pr_per": 0.3691456515413191}}
[dis_data] g2p_en loaded for OOV words[dis_data] g2p_en loaded for OOV words

[dis_data] g2p_en loaded for OOV words
[dis_data] g2p_en loaded for OOV words
[dis_data] g2p_en loaded for OOV words
[dis_data] g2p_en loaded for OOV words
[dis_data] g2p_en loaded for OOV words
[dis_data] g2p_en loaded for OOV words
[probe step=6000] {"z_L": {"pr_per": 0.393290528360499}, "z_P": {"pr_per": 0.8714150205395845}, "z_t": {"pr_per": 0.38877824429067576}}
[dis_data] g2p_en loaded for OOV words
[dis_data] g2p_en loaded for OOV words
[dis_data] g2p_en loaded for OOV words
[dis_data] g2p_en loaded for OOV words
[dis_data] g2p_en loaded for OOV words
[dis_data] g2p_en loaded for OOV words
[dis_data] g2p_en loaded for OOV words
[dis_data] g2p_en loaded for OOV words
[probe step=6500] {"z_L": {"pr_per": 0.36397579843619504}, "z_P": {"pr_per": 0.8680969423039858}, "z_t": {"pr_per": 0.36210512790473565}}
[dis_data] g2p_en loaded for OOV words
[dis_data] g2p_en loaded for OOV words
[dis_data] g2p_en loaded for OOV words
[dis_data] g2p_en loaded for OOV words
[dis_data] g2p_en loaded for OOV words
[dis_data] g2p_en loaded for OOV words
[dis_data] g2p_en loaded for OOV words
[dis_data] g2p_en loaded for OOV words
[probe step=7000] {"z_L": {"pr_per": 0.35607363261542413}, "z_P": {"pr_per": 0.8634334929386911}, "z_t": {"pr_per": 0.3516747225172045}}
[dis_data] g2p_en loaded for OOV words
[dis_data] g2p_en loaded for OOV words
[dis_data] g2p_en loaded for OOV words
[dis_data] g2p_en loaded for OOV words
[dis_data] g2p_en loaded for OOV words
[dis_data] g2p_en loaded for OOV words
[dis_data] g2p_en loaded for OOV words
[dis_data] g2p_en loaded for OOV words
[probe step=7500] {"z_L": {"pr_per": 0.36634531444271023}, "z_P": {"pr_per": 0.867545188975515}, "z_t": {"pr_per": 0.3615118041200101}}
[dis_data] g2p_en loaded for OOV words
[dis_data] g2p_en loaded for OOV words
[dis_data] g2p_en loaded for OOV words
[dis_data] g2p_en loaded for OOV words
[dis_data] g2p_en loaded for OOV words
[dis_data] g2p_en loaded for OOV words
[dis_data] g2p_en loaded for OOV words
[dis_data] g2p_en loaded for OOV words
{
  "checkpoint": "/rds/user/bbg25/hpc-work/Thesis/Final-Proj/Disentanglement/msp/checkpoints/msp_hardqfreeze4000_sc_optfix_nobal_aux64_gn0004_grlp025_dann12000_12k_s42/final.pt",
  "probe_protocol": {
    "asr_lr": 0.0005,
    "asr_warmup_steps": 500,
    "base_lr": 0.0005,
    "pr_lr": 0.0005,
    "pr_warmup_steps": 500,
    "steps": 7500,
    "val_every": 500
  },
  "sources": [
    "z_t",
    "z_L",
    "z_P"
  ],
  "speaker_disjoint_emotion_split": false,
  "tasks": [
    "pr"
  ],
  "test": {
    "z_L": {
      "pr_per": 0.3316072245084591
    },
    "z_P": {
      "pr_per": 0.8634506934918458
    },
    "z_t": {
      "pr_per": 0.33116140832190216
    }
  },
  "validation_selection": {
    "z_L.pr": 0.33045489416539753,
    "z_P.pr": 0.8634334929386911,
    "z_t.pr": 0.3303339619290203
  }
}
finished   : Thu 23 Jul 07:19:56 BST 2026
