=== MSP fixed-routing independent probe ===
started    : Fri Jul 24 07:04:29 BST 2026
task       : 2
checkpoint : /rds/user/bbg25/hpc-work/Thesis/Final-Proj/Disentanglement/msp/checkpoints/msp_fixed2130L2990P_topk210L46P_sc_optfix_aux64_gn0004_grlp025_dann12000_12k_s42/final.pt
sources    : z_t,z_L,z_P
tasks      : emotion
schedule   : 5000 complete steps; val every 500
output     : /rds/user/bbg25/hpc-work/Thesis/Final-Proj/Disentanglement/msp/probe_results/fixed_empirical_210L46P/msp_fixed2130L2990P_topk210L46P_sc_optfix_aux64_gn0004_grlp025_dann12000_12k_s42_final12k_emotion_speaker_disjoint_probe5k_seed42.json
+ /home/bbg25/.conda/envs/mlmi4/bin/python + -u + -m + msp.probe + --checkpoint + /rds/user/bbg25/hpc-work/Thesis/Final-Proj/Disentanglement/msp/checkpoints/msp_fixed2130L2990P_topk210L46P_sc_optfix_aux64_gn0004_grlp025_dann12000_12k_s42/final.pt + --manifest + /rds/user/bbg25/hpc-work/Thesis/Final-Proj/Disentanglement/data/msp_subset + --audio_root + /rds/user/bbg25/hpc-work/Thesis/Final-Proj/Disentanglement/data/msp_audio + --transcripts + /rds/project/rds-xyBFuSj0hm0/dataset/MSP-Podcast-2.0/Transcripts.zip + --lexicon_path + /rds/user/bbg25/hpc-work/Thesis/Final-Proj/Probing/data/librispeech-lexicon.txt + --steps + 5000 + --val_every + 500 + --batch_size + 16 + --eval_batch + 32 + --num_workers + 8 + --lr + 5e-4 + --seed + 42 + --sources + z_t\,z_L\,z_P + --tasks + emotion + --pr_probe_arch + linear + --pr_probe_proj_dim + 256 + --speaker_disjoint_emotion_split + --emotion_diagnostics + --output + /rds/user/bbg25/hpc-work/Thesis/Final-Proj/Disentanglement/msp/probe_results/fixed_empirical_210L46P/msp_fixed2130L2990P_topk210L46P_sc_optfix_aux64_gn0004_grlp025_dann12000_12k_s42_final12k_emotion_speaker_disjoint_probe5k_seed42.json 
[dis_data] loaded lexicon: 200,000 entries
[msp_data] probe-only speaker-disjoint split enabled (seed=42)
[msp_data] manifest=/rds/user/bbg25/hpc-work/Thesis/Final-Proj/Disentanglement/data/msp_subset/manifest.csv
[msp_data] speakers=700  vocab=74  emotions=('neutral', 'happy', 'sad', 'angry')
[msp_data]  train        40505  {'neutral': 18582, 'happy': 11203, 'sad': 5749, 'angry': 4971}
[msp_data]  val           5244  {'neutral': 2319, 'happy': 1351, 'sad': 864, 'angry': 710}
[msp_data]  test          5268  {'neutral': 2043, 'happy': 1623, 'sad': 935, 'angry': 667}
[msp_data] preloaded 51017 transcripts from Transcripts.zip
[msp_data] dropped 32 rows with empty/non-verbal transcript
[msp_data] dropped 5 rows with empty/non-verbal transcript
[msp_data] dropped 6 rows with empty/non-verbal transcript
[msp_probe] loaded compatible tensors: total=39 sae=6 route=5
[dis_data] g2p_en loaded for OOV words[dis_data] g2p_en loaded for OOV words

[dis_data] g2p_en loaded for OOV words[dis_data] g2p_en loaded for OOV words[dis_data] g2p_en loaded for OOV words


[dis_data] g2p_en loaded for OOV words
[dis_data] g2p_en loaded for OOV words
[dis_data] g2p_en loaded for OOV words
[dis_data] g2p_en loaded for OOV words
[dis_data] g2p_en loaded for OOV words
[dis_data] g2p_en loaded for OOV words
[dis_data] g2p_en loaded for OOV words
[dis_data] g2p_en loaded for OOV words
[dis_data] g2p_en loaded for OOV words
[dis_data] g2p_en loaded for OOV words
[dis_data] g2p_en loaded for OOV words
[dis_data] g2p_en loaded for OOV words
[dis_data] g2p_en loaded for OOV words
[dis_data] g2p_en loaded for OOV words
[dis_data] g2p_en loaded for OOV words
[dis_data] g2p_en loaded for OOV words
[dis_data] g2p_en loaded for OOV words
[dis_data] g2p_en loaded for OOV words
[dis_data] g2p_en loaded for OOV words
[probe step=500] {"z_L": {"emotion_acc": 0.4019851088523865, "emotion_uar": 0.31625986099243164}, "z_P": {"emotion_acc": 0.6325634717941284, "emotion_uar": 0.6429190635681152}, "z_t": {"emotion_acc": 0.5943882465362549, "emotion_uar": 0.6124000549316406}}
[dis_data] g2p_en loaded for OOV words
[dis_data] g2p_en loaded for OOV words
[dis_data] g2p_en loaded for OOV words
[dis_data] g2p_en loaded for OOV words
[dis_data] g2p_en loaded for OOV words
[dis_data] g2p_en loaded for OOV words
[dis_data] g2p_en loaded for OOV words[dis_data] g2p_en loaded for OOV words

[probe step=1000] {"z_L": {"emotion_acc": 0.30826494097709656, "emotion_uar": 0.3617333173751831}, "z_P": {"emotion_acc": 0.6155754923820496, "emotion_uar": 0.660749077796936}, "z_t": {"emotion_acc": 0.6260736584663391, "emotion_uar": 0.6455513834953308}}
[dis_data] g2p_en loaded for OOV words
[dis_data] g2p_en loaded for OOV words
[dis_data] g2p_en loaded for OOV words
[dis_data] g2p_en loaded for OOV words
[dis_data] g2p_en loaded for OOV words
[dis_data] g2p_en loaded for OOV words
[dis_data] g2p_en loaded for OOV words[dis_data] g2p_en loaded for OOV words

[probe step=1500] {"z_L": {"emotion_acc": 0.3781256079673767, "emotion_uar": 0.3893091082572937}, "z_P": {"emotion_acc": 0.651078462600708, "emotion_uar": 0.6481753587722778}, "z_t": {"emotion_acc": 0.6121397018432617, "emotion_uar": 0.6251517534255981}}
[dis_data] g2p_en loaded for OOV words
[dis_data] g2p_en loaded for OOV words
[dis_data] g2p_en loaded for OOV words
[dis_data] g2p_en loaded for OOV words
[dis_data] g2p_en loaded for OOV words
[dis_data] g2p_en loaded for OOV words
[dis_data] g2p_en loaded for OOV words
[dis_data] g2p_en loaded for OOV words
[probe step=2000] {"z_L": {"emotion_acc": 0.44855889678001404, "emotion_uar": 0.4427608251571655}, "z_P": {"emotion_acc": 0.6285550594329834, "emotion_uar": 0.6532179117202759}, "z_t": {"emotion_acc": 0.6396259069442749, "emotion_uar": 0.6513031721115112}}
[dis_data] g2p_en loaded for OOV words
[dis_data] g2p_en loaded for OOV words
[dis_data] g2p_en loaded for OOV words
[dis_data] g2p_en loaded for OOV words
[dis_data] g2p_en loaded for OOV words
[dis_data] g2p_en loaded for OOV words
[dis_data] g2p_en loaded for OOV words
[dis_data] g2p_en loaded for OOV words
[probe step=2500] {"z_L": {"emotion_acc": 0.501049816608429, "emotion_uar": 0.454454243183136}, "z_P": {"emotion_acc": 0.6443977952003479, "emotion_uar": 0.6635950803756714}, "z_t": {"emotion_acc": 0.5932430028915405, "emotion_uar": 0.6597122550010681}}
[dis_data] g2p_en loaded for OOV words
[dis_data] g2p_en loaded for OOV words
[dis_data] g2p_en loaded for OOV words[dis_data] g2p_en loaded for OOV words

[dis_data] g2p_en loaded for OOV words
[dis_data] g2p_en loaded for OOV words
[dis_data] g2p_en loaded for OOV words
[dis_data] g2p_en loaded for OOV words
[dis_data] g2p_en loaded for OOV words
[dis_data] g2p_en loaded for OOV words
[dis_data] g2p_en loaded for OOV words
[dis_data] g2p_en loaded for OOV words
[dis_data] g2p_en loaded for OOV words[dis_data] g2p_en loaded for OOV words

[dis_data] g2p_en loaded for OOV words
[dis_data] g2p_en loaded for OOV words
[probe step=3000] {"z_L": {"emotion_acc": 0.42279061675071716, "emotion_uar": 0.47254419326782227}, "z_P": {"emotion_acc": 0.655850350856781, "emotion_uar": 0.6510180234909058}, "z_t": {"emotion_acc": 0.6434434056282043, "emotion_uar": 0.655057430267334}}
[dis_data] g2p_en loaded for OOV words
[dis_data] g2p_en loaded for OOV words
[dis_data] g2p_en loaded for OOV words
[dis_data] g2p_en loaded for OOV words
[dis_data] g2p_en loaded for OOV words
[dis_data] g2p_en loaded for OOV words
[dis_data] g2p_en loaded for OOV words
[dis_data] g2p_en loaded for OOV words
[probe step=3500] {"z_L": {"emotion_acc": 0.535407543182373, "emotion_uar": 0.42467260360717773}, "z_P": {"emotion_acc": 0.6468791961669922, "emotion_uar": 0.6236416101455688}, "z_t": {"emotion_acc": 0.6512693166732788, "emotion_uar": 0.5968412756919861}}
[dis_data] g2p_en loaded for OOV words
[dis_data] g2p_en loaded for OOV words
[dis_data] g2p_en loaded for OOV words
[dis_data] g2p_en loaded for OOV words
[dis_data] g2p_en loaded for OOV words
[dis_data] g2p_en loaded for OOV words
[dis_data] g2p_en loaded for OOV words[dis_data] g2p_en loaded for OOV words

[probe step=4000] {"z_L": {"emotion_acc": 0.43004390597343445, "emotion_uar": 0.4959830641746521}, "z_P": {"emotion_acc": 0.6371445059776306, "emotion_uar": 0.6563600301742554}, "z_t": {"emotion_acc": 0.5308265089988708, "emotion_uar": 0.6339133977890015}}
[dis_data] g2p_en loaded for OOV words
[dis_data] g2p_en loaded for OOV words
[dis_data] g2p_en loaded for OOV words
[dis_data] g2p_en loaded for OOV words
[dis_data] g2p_en loaded for OOV words
[dis_data] g2p_en loaded for OOV words
[dis_data] g2p_en loaded for OOV words
[dis_data] g2p_en loaded for OOV words
[probe step=4500] {"z_L": {"emotion_acc": 0.46039319038391113, "emotion_uar": 0.5043423771858215}, "z_P": {"emotion_acc": 0.6380988955497742, "emotion_uar": 0.6591944694519043}, "z_t": {"emotion_acc": 0.5690017342567444, "emotion_uar": 0.6533474326133728}}
[dis_data] g2p_en loaded for OOV words
[dis_data] g2p_en loaded for OOV words
[dis_data] g2p_en loaded for OOV words
[dis_data] g2p_en loaded for OOV words
[dis_data] g2p_en loaded for OOV words
[dis_data] g2p_en loaded for OOV words
[dis_data] g2p_en loaded for OOV words
[dis_data] g2p_en loaded for OOV words
[probe step=5000] {"z_L": {"emotion_acc": 0.4455048739910126, "emotion_uar": 0.510298490524292}, "z_P": {"emotion_acc": 0.6085130572319031, "emotion_uar": 0.6615036129951477}, "z_t": {"emotion_acc": 0.5575491786003113, "emotion_uar": 0.6535841226577759}}
[dis_data] g2p_en loaded for OOV words
[dis_data] g2p_en loaded for OOV words
[dis_data] g2p_en loaded for OOV words
[dis_data] g2p_en loaded for OOV words
[dis_data] g2p_en loaded for OOV words
[dis_data] g2p_en loaded for OOV words
[dis_data] g2p_en loaded for OOV words
[dis_data] g2p_en loaded for OOV words
{
  "checkpoint": "/rds/user/bbg25/hpc-work/Thesis/Final-Proj/Disentanglement/msp/checkpoints/msp_fixed2130L2990P_topk210L46P_sc_optfix_aux64_gn0004_grlp025_dann12000_12k_s42/final.pt",
  "probe_protocol": {
    "asr_lr": 0.0005,
    "asr_warmup_steps": 500,
    "base_lr": 0.0005,
    "pr_lr": 0.0005,
    "pr_warmup_steps": 0,
    "steps": 5000,
    "val_every": 500
  },
  "sources": [
    "z_t",
    "z_L",
    "z_P"
  ],
  "speaker_disjoint_emotion_split": true,
  "tasks": [
    "emotion"
  ],
  "test": {
    "z_L": {
      "emotion_acc": 0.4526796042919159,
      "emotion_class_support": {
        "angry": 667,
        "happy": 1622,
        "neutral": 2038,
        "sad": 935
      },
      "emotion_confusion": [
        [
          761,
          219,
          593,
          465
        ],
        [
          328,
          643,
          147,
          504
        ],
        [
          289,
          51,
          390,
          205
        ],
        [
          31,
          19,
          29,
          588
        ]
      ],
      "emotion_per_class_recall": {
        "angry": 0.8815591931343079,
        "happy": 0.39642417430877686,
        "neutral": 0.3734053075313568,
        "sad": 0.4171122908592224
      },
      "emotion_uar": 0.5171252489089966
    },
    "z_P": {
      "emotion_acc": 0.6436716318130493,
      "emotion_class_support": {
        "angry": 667,
        "happy": 1622,
        "neutral": 2038,
        "sad": 935
      },
      "emotion_confusion": [
        [
          1160,
          257,
          471,
          150
        ],
        [
          323,
          1061,
          114,
          124
        ],
        [
          197,
          41,
          641,
          56
        ],
        [
          62,
          42,
          38,
          525
        ]
      ],
      "emotion_per_class_recall": {
        "angry": 0.787106454372406,
        "happy": 0.6541306972503662,
        "neutral": 0.5691854953765869,
        "sad": 0.68556147813797
      },
      "emotion_uar": 0.6739960312843323
    },
    "z_t": {
      "emotion_acc": 0.5973014235496521,
      "emotion_class_support": {
        "angry": 667,
        "happy": 1622,
        "neutral": 2038,
        "sad": 935
      },
      "emotion_confusion": [
        [
          860,
          260,
          702,
          216
        ],
        [
          237,
          1001,
          193,
          191
        ],
        [
          103,
          34,
          724,
          74
        ],
        [
          28,
          33,
          48,
          558
        ]
      ],
      "emotion_per_class_recall": {
        "angry": 0.8365817070007324,
        "happy": 0.6171393394470215,
        "neutral": 0.4219823479652405,
        "sad": 0.7743315696716309
      },
      "emotion_uar": 0.6625087261199951
    }
  },
  "validation_selection": {
    "z_L.emotion": 0.510298490524292,
    "z_P.emotion": 0.6635950803756714,
    "z_t.emotion": 0.6597122550010681
  }
}
finished   : Fri Jul 24 08:33:37 BST 2026
