=== Matched MSP content/speaker probe ===
started    : Thu 23 Jul 08:36:30 BST 2026
task_id    : 9
run        : msp_hardqfreeze4000_strongclean_dann12000_advpe010_s42
checkpoint : /rds/user/bbg25/hpc-work/Thesis/Final-Proj/Disentanglement/msp/checkpoints/msp_hardqfreeze4000_strongclean_dann12000_advpe010_s42/final.pt
sources    : z_t
task       : asr
steps      : 15000
output     : /rds/user/bbg25/hpc-work/Thesis/Final-Proj/Disentanglement/msp/probe_results/matched_content_speaker/msp_hardqfreeze4000_strongclean_dann12000_advpe010_s42_asr_lstm_z_t_15000_seed42.json
+ /home/bbg25/.conda/envs/mlmi4/bin/python + -u + -m + msp.probe + --checkpoint + /rds/user/bbg25/hpc-work/Thesis/Final-Proj/Disentanglement/msp/checkpoints/msp_hardqfreeze4000_strongclean_dann12000_advpe010_s42/final.pt + --manifest + /rds/user/bbg25/hpc-work/Thesis/Final-Proj/Disentanglement/data/msp_subset + --audio_root + /rds/user/bbg25/hpc-work/Thesis/Final-Proj/Disentanglement/data/msp_audio + --transcripts + /rds/project/rds-xyBFuSj0hm0/dataset/MSP-Podcast-2.0/Transcripts.zip + --lexicon_path + /rds/user/bbg25/hpc-work/Thesis/Final-Proj/Probing/data/librispeech-lexicon.txt + --sources + z_t + --tasks + asr + --steps + 15000 + --val_every + 500 + --batch_size + 16 + --eval_batch + 32 + --num_workers + 8 + --lr + 5e-4 + --seed + 42 + --output + /rds/user/bbg25/hpc-work/Thesis/Final-Proj/Disentanglement/msp/probe_results/matched_content_speaker/msp_hardqfreeze4000_strongclean_dann12000_advpe010_s42_asr_lstm_z_t_15000_seed42.json + --asr_probe_arch + lstm + --asr_probe_lr + 5e-4 + --asr_probe_warmup_steps + 500 + --asr_probe_proj_dim + 1024 + --asr_lstm_hidden + 1024 + --asr_lstm_layers + 2 + --asr_time_mask_param + 50 + --asr_freq_mask_param + 64 + --asr_probe_dropout + 0.1 
[dis_data] loaded lexicon: 200,000 entries
[msp_data] manifest=/rds/user/bbg25/hpc-work/Thesis/Final-Proj/Disentanglement/data/msp_subset/manifest.csv
[msp_data] speakers=700  vocab=74  emotions=('neutral', 'happy', 'sad', 'angry')
[msp_data]  train        41067  {'neutral': 18380, 'happy': 11373, 'sad': 6128, 'angry': 5186}
[msp_data]  val           4975  {'neutral': 2282, 'happy': 1402, 'sad': 710, 'angry': 581}
[msp_data]  test          4975  {'neutral': 2282, 'happy': 1402, 'sad': 710, 'angry': 581}
[msp_data] preloaded 51017 transcripts from Transcripts.zip
[msp_data] dropped 33 rows with empty/non-verbal transcript
[msp_data] dropped 3 rows with empty/non-verbal transcript
[msp_data] dropped 7 rows with empty/non-verbal transcript
[msp_probe] loaded compatible tensors: total=35 sae=6 route=1
[dis_data] g2p_en loaded for OOV words
[dis_data] g2p_en loaded for OOV words
[dis_data] g2p_en loaded for OOV words
[dis_data] g2p_en loaded for OOV words
[dis_data] g2p_en loaded for OOV words[dis_data] g2p_en loaded for OOV words

[dis_data] g2p_en loaded for OOV words
[dis_data] g2p_en loaded for OOV words
[dis_data] g2p_en loaded for OOV words
[dis_data] g2p_en loaded for OOV words
[dis_data] g2p_en loaded for OOV words
[dis_data] g2p_en loaded for OOV words
[dis_data] g2p_en loaded for OOV words
[dis_data] g2p_en loaded for OOV words
[dis_data] g2p_en loaded for OOV words
[dis_data] g2p_en loaded for OOV words
[dis_data] g2p_en loaded for OOV words
[dis_data] g2p_en loaded for OOV words
[dis_data] g2p_en loaded for OOV words
[dis_data] g2p_en loaded for OOV words
[dis_data] g2p_en loaded for OOV words
[dis_data] g2p_en loaded for OOV words
[dis_data] g2p_en loaded for OOV words
[dis_data] g2p_en loaded for OOV words
[probe step=500] {"z_t": {"asr_cer": 0.3489311719454804, "asr_loss": 1.418443541114147, "asr_wer": 0.7093647797069851}}
[dis_data] g2p_en loaded for OOV words
[dis_data] g2p_en loaded for OOV words
[dis_data] g2p_en loaded for OOV words
[dis_data] g2p_en loaded for OOV words
[dis_data] g2p_en loaded for OOV words
[dis_data] g2p_en loaded for OOV words
[dis_data] g2p_en loaded for OOV words
[dis_data] g2p_en loaded for OOV words
[probe step=1000] {"z_t": {"asr_cer": 0.268750433725464, "asr_loss": 1.1152477256762676, "asr_wer": 0.5741577813821159}}
[dis_data] g2p_en loaded for OOV words
[dis_data] g2p_en loaded for OOV words
[dis_data] g2p_en loaded for OOV words
[dis_data] g2p_en loaded for OOV words
[dis_data] g2p_en loaded for OOV words
[dis_data] g2p_en loaded for OOV words
[dis_data] g2p_en loaded for OOV words
[dis_data] g2p_en loaded for OOV words
[probe step=1500] {"z_t": {"asr_cer": 0.218461411927386, "asr_loss": 1.0328971210580606, "asr_wer": 0.4572575713260124}}
[dis_data] g2p_en loaded for OOV words
[dis_data] g2p_en loaded for OOV words
[dis_data] g2p_en loaded for OOV words
[dis_data] g2p_en loaded for OOV words
[dis_data] g2p_en loaded for OOV words
[dis_data] g2p_en loaded for OOV words
[dis_data] g2p_en loaded for OOV words
[dis_data] g2p_en loaded for OOV words
[probe step=2000] {"z_t": {"asr_cer": 0.2169989539184365, "asr_loss": 0.9733307464764669, "asr_wer": 0.431718471642426}}
[dis_data] g2p_en loaded for OOV words
[dis_data] g2p_en loaded for OOV words
[dis_data] g2p_en loaded for OOV words
[dis_data] g2p_en loaded for OOV words
[dis_data] g2p_en loaded for OOV words
[dis_data] g2p_en loaded for OOV words
[dis_data] g2p_en loaded for OOV words
[dis_data] g2p_en loaded for OOV words
[probe step=2500] {"z_t": {"asr_cer": 0.21129305448105873, "asr_loss": 0.9699988817939391, "asr_wer": 0.4312531574888989}}
[dis_data] g2p_en loaded for OOV words
[dis_data] g2p_en loaded for OOV words[dis_data] g2p_en loaded for OOV words

[dis_data] g2p_en loaded for OOV words
[dis_data] g2p_en loaded for OOV words
[dis_data] g2p_en loaded for OOV words
[dis_data] g2p_en loaded for OOV words
[dis_data] g2p_en loaded for OOV words
[dis_data] g2p_en loaded for OOV words
[dis_data] g2p_en loaded for OOV words
[dis_data] g2p_en loaded for OOV words
[dis_data] g2p_en loaded for OOV words
[dis_data] g2p_en loaded for OOV words
[dis_data] g2p_en loaded for OOV words
[dis_data] g2p_en loaded for OOV words
[dis_data] g2p_en loaded for OOV words
[probe step=3000] {"z_t": {"asr_cer": 0.19721336208558335, "asr_loss": 0.9202112610905598, "asr_wer": 0.3894945358823686}}
[dis_data] g2p_en loaded for OOV words
[dis_data] g2p_en loaded for OOV words
[dis_data] g2p_en loaded for OOV words
[dis_data] g2p_en loaded for OOV words
[dis_data] g2p_en loaded for OOV words
[dis_data] g2p_en loaded for OOV words
[dis_data] g2p_en loaded for OOV words
[dis_data] g2p_en loaded for OOV words
[probe step=3500] {"z_t": {"asr_cer": 0.19018122656276104, "asr_loss": 0.945304732865248, "asr_wer": 0.3732218351990215}}
[dis_data] g2p_en loaded for OOV words
[dis_data] g2p_en loaded for OOV words
[dis_data] g2p_en loaded for OOV words
[dis_data] g2p_en loaded for OOV words[dis_data] g2p_en loaded for OOV words
[dis_data] g2p_en loaded for OOV words

[dis_data] g2p_en loaded for OOV words
[dis_data] g2p_en loaded for OOV words
[probe step=4000] {"z_t": {"asr_cer": 0.1930110442567038, "asr_loss": 0.8851854482140297, "asr_wer": 0.3805206200643463}}
[dis_data] g2p_en loaded for OOV words
[dis_data] g2p_en loaded for OOV words
[dis_data] g2p_en loaded for OOV words
[dis_data] g2p_en loaded for OOV words
[dis_data] g2p_en loaded for OOV words
[dis_data] g2p_en loaded for OOV words
[dis_data] g2p_en loaded for OOV words
[dis_data] g2p_en loaded for OOV words
[probe step=4500] {"z_t": {"asr_cer": 0.18634388067987592, "asr_loss": 0.8735986583125896, "asr_wer": 0.35693583982557364}}
[dis_data] g2p_en loaded for OOV words
[dis_data] g2p_en loaded for OOV words
[dis_data] g2p_en loaded for OOV words
[dis_data] g2p_en loaded for OOV words
[dis_data] g2p_en loaded for OOV words
[dis_data] g2p_en loaded for OOV words
[dis_data] g2p_en loaded for OOV words
[dis_data] g2p_en loaded for OOV words
[probe step=5000] {"z_t": {"asr_cer": 0.18098239138871824, "asr_loss": 0.8457630181159729, "asr_wer": 0.34306947805046667}}
[dis_data] g2p_en loaded for OOV words
[dis_data] g2p_en loaded for OOV words
[dis_data] g2p_en loaded for OOV words
[dis_data] g2p_en loaded for OOV words
[dis_data] g2p_en loaded for OOV words
[dis_data] g2p_en loaded for OOV words
[dis_data] g2p_en loaded for OOV words
[dis_data] g2p_en loaded for OOV words
[dis_data] g2p_en loaded for OOV words
[dis_data] g2p_en loaded for OOV words
[dis_data] g2p_en loaded for OOV words
[dis_data] g2p_en loaded for OOV words
[dis_data] g2p_en loaded for OOV words
[dis_data] g2p_en loaded for OOV words
[dis_data] g2p_en loaded for OOV words
[dis_data] g2p_en loaded for OOV words
[probe step=5500] {"z_t": {"asr_cer": 0.18267359942015723, "asr_loss": 0.8365282571086516, "asr_wer": 0.3482544071897684}}
[dis_data] g2p_en loaded for OOV words
[dis_data] g2p_en loaded for OOV words
[dis_data] g2p_en loaded for OOV words
[dis_data] g2p_en loaded for OOV words[dis_data] g2p_en loaded for OOV words

[dis_data] g2p_en loaded for OOV words
[dis_data] g2p_en loaded for OOV words
[dis_data] g2p_en loaded for OOV words
[probe step=6000] {"z_t": {"asr_cer": 0.18254508817156767, "asr_loss": 0.8245481785673362, "asr_wer": 0.3432290143316759}}
[dis_data] g2p_en loaded for OOV words
[dis_data] g2p_en loaded for OOV words
[dis_data] g2p_en loaded for OOV words
[dis_data] g2p_en loaded for OOV words
[dis_data] g2p_en loaded for OOV words
[dis_data] g2p_en loaded for OOV words
[dis_data] g2p_en loaded for OOV words
[dis_data] g2p_en loaded for OOV words
[probe step=6500] {"z_t": {"asr_cer": 0.17813972256991653, "asr_loss": 0.8295588732147828, "asr_wer": 0.33668802680209525}}
[dis_data] g2p_en loaded for OOV words
[dis_data] g2p_en loaded for OOV words
[dis_data] g2p_en loaded for OOV words
[dis_data] g2p_en loaded for OOV words
[dis_data] g2p_en loaded for OOV words
[dis_data] g2p_en loaded for OOV words
[dis_data] g2p_en loaded for OOV words
[dis_data] g2p_en loaded for OOV words
[probe step=7000] {"z_t": {"asr_cer": 0.1891916899486212, "asr_loss": 0.8102686391809047, "asr_wer": 0.34407987449812544}}
[dis_data] g2p_en loaded for OOV words
[dis_data] g2p_en loaded for OOV words
[dis_data] g2p_en loaded for OOV words[dis_data] g2p_en loaded for OOV words

[dis_data] g2p_en loaded for OOV words
[dis_data] g2p_en loaded for OOV words
[dis_data] g2p_en loaded for OOV words
[dis_data] g2p_en loaded for OOV words
[probe step=7500] {"z_t": {"asr_cer": 0.1784610006913905, "asr_loss": 0.8172945363017229, "asr_wer": 0.323127442899306}}
[dis_data] g2p_en loaded for OOV words
[dis_data] g2p_en loaded for OOV words
[dis_data] g2p_en loaded for OOV words
[dis_data] g2p_en loaded for OOV words
[dis_data] g2p_en loaded for OOV words
[dis_data] g2p_en loaded for OOV words
[dis_data] g2p_en loaded for OOV words[dis_data] g2p_en loaded for OOV words

[dis_data] g2p_en loaded for OOV words
[dis_data] g2p_en loaded for OOV words
[dis_data] g2p_en loaded for OOV words
[dis_data] g2p_en loaded for OOV words
[dis_data] g2p_en loaded for OOV words
[dis_data] g2p_en loaded for OOV words
[dis_data] g2p_en loaded for OOV words
[dis_data] g2p_en loaded for OOV words
[probe step=8000] {"z_t": {"asr_cer": 0.18035268627062928, "asr_loss": 0.7999349309083743, "asr_wer": 0.33182217022521204}}
[dis_data] g2p_en loaded for OOV words
[dis_data] g2p_en loaded for OOV words
[dis_data] g2p_en loaded for OOV words
[dis_data] g2p_en loaded for OOV words
[dis_data] g2p_en loaded for OOV words
[dis_data] g2p_en loaded for OOV words
[dis_data] g2p_en loaded for OOV words
[dis_data] g2p_en loaded for OOV words
[probe step=8500] {"z_t": {"asr_cer": 0.1794017030310663, "asr_loss": 0.8022994024631305, "asr_wer": 0.3281927198277008}}
[dis_data] g2p_en loaded for OOV words
[dis_data] g2p_en loaded for OOV words
[dis_data] g2p_en loaded for OOV words
[dis_data] g2p_en loaded for OOV words[dis_data] g2p_en loaded for OOV words

[dis_data] g2p_en loaded for OOV words
[dis_data] g2p_en loaded for OOV words
[dis_data] g2p_en loaded for OOV words
[probe step=9000] {"z_t": {"asr_cer": 0.17335910412238384, "asr_loss": 0.7864929200747074, "asr_wer": 0.3098327527985323}}
[dis_data] g2p_en loaded for OOV words
[dis_data] g2p_en loaded for OOV words
[dis_data] g2p_en loaded for OOV words
[dis_data] g2p_en loaded for OOV words
[dis_data] g2p_en loaded for OOV words
[dis_data] g2p_en loaded for OOV words
[dis_data] g2p_en loaded for OOV words
[dis_data] g2p_en loaded for OOV words
[probe step=9500] {"z_t": {"asr_cer": 0.17401451149019073, "asr_loss": 0.783790087661682, "asr_wer": 0.3169055279321439}}
[dis_data] g2p_en loaded for OOV words
[dis_data] g2p_en loaded for OOV words
[dis_data] g2p_en loaded for OOV words
[dis_data] g2p_en loaded for OOV words
[dis_data] g2p_en loaded for OOV words[dis_data] g2p_en loaded for OOV words[dis_data] g2p_en loaded for OOV words


[dis_data] g2p_en loaded for OOV words
[probe step=10000] {"z_t": {"asr_cer": 0.1880042460116534, "asr_loss": 0.8127368493722036, "asr_wer": 0.35020872663458213}}
[dis_data] g2p_en loaded for OOV words
[dis_data] g2p_en loaded for OOV words
[dis_data] g2p_en loaded for OOV words
[dis_data] g2p_en loaded for OOV words
[dis_data] g2p_en loaded for OOV words
[dis_data] g2p_en loaded for OOV words
[dis_data] g2p_en loaded for OOV words
[dis_data] g2p_en loaded for OOV words
[dis_data] g2p_en loaded for OOV words
[dis_data] g2p_en loaded for OOV words
[dis_data] g2p_en loaded for OOV words
[dis_data] g2p_en loaded for OOV words
[dis_data] g2p_en loaded for OOV words
[dis_data] g2p_en loaded for OOV words
[dis_data] g2p_en loaded for OOV words
[dis_data] g2p_en loaded for OOV words
[probe step=10500] {"z_t": {"asr_cer": 0.17410189913923166, "asr_loss": 0.7789563009372125, "asr_wer": 0.3122656810869739}}
[dis_data] g2p_en loaded for OOV words
[dis_data] g2p_en loaded for OOV words
[dis_data] g2p_en loaded for OOV words
[dis_data] g2p_en loaded for OOV words
[dis_data] g2p_en loaded for OOV words
[dis_data] g2p_en loaded for OOV words
[dis_data] g2p_en loaded for OOV words[dis_data] g2p_en loaded for OOV words

[probe step=11000] {"z_t": {"asr_cer": 0.17694713818300517, "asr_loss": 0.780438134781061, "asr_wer": 0.3171182429737563}}
[dis_data] g2p_en loaded for OOV words
[dis_data] g2p_en loaded for OOV words
[dis_data] g2p_en loaded for OOV words
[dis_data] g2p_en loaded for OOV words
[dis_data] g2p_en loaded for OOV words[dis_data] g2p_en loaded for OOV words

[dis_data] g2p_en loaded for OOV words
[dis_data] g2p_en loaded for OOV words
[probe step=11500] {"z_t": {"asr_cer": 0.17063980610222812, "asr_loss": 0.7792501541284415, "asr_wer": 0.30587093514850167}}
[dis_data] g2p_en loaded for OOV words
[dis_data] g2p_en loaded for OOV words
[dis_data] g2p_en loaded for OOV words
[dis_data] g2p_en loaded for OOV words
[dis_data] g2p_en loaded for OOV words
[dis_data] g2p_en loaded for OOV words[dis_data] g2p_en loaded for OOV words

[dis_data] g2p_en loaded for OOV words
[probe step=12000] {"z_t": {"asr_cer": 0.17417900588838542, "asr_loss": 0.769227497661725, "asr_wer": 0.3080778537052301}}
[dis_data] g2p_en loaded for OOV words
[dis_data] g2p_en loaded for OOV words
[dis_data] g2p_en loaded for OOV words
[dis_data] g2p_en loaded for OOV words
[dis_data] g2p_en loaded for OOV words
[dis_data] g2p_en loaded for OOV words
[dis_data] g2p_en loaded for OOV words
[dis_data] g2p_en loaded for OOV words
[probe step=12500] {"z_t": {"asr_cer": 0.1759010566194859, "asr_loss": 0.7774923111383731, "asr_wer": 0.3093541439549044}}
[dis_data] g2p_en loaded for OOV words
[dis_data] g2p_en loaded for OOV words
[dis_data] g2p_en loaded for OOV words
[dis_data] g2p_en loaded for OOV words
[dis_data] g2p_en loaded for OOV words
[dis_data] g2p_en loaded for OOV words
[dis_data] g2p_en loaded for OOV words
[dis_data] g2p_en loaded for OOV words
[dis_data] g2p_en loaded for OOV words
[dis_data] g2p_en loaded for OOV words
[dis_data] g2p_en loaded for OOV words
[dis_data] g2p_en loaded for OOV words
[dis_data] g2p_en loaded for OOV words
[dis_data] g2p_en loaded for OOV words
[dis_data] g2p_en loaded for OOV words
[dis_data] g2p_en loaded for OOV words
[probe step=13000] {"z_t": {"asr_cer": 0.16961428633848322, "asr_loss": 0.7765837116883352, "asr_wer": 0.29738892286420804}}
[dis_data] g2p_en loaded for OOV words
[dis_data] g2p_en loaded for OOV words
[dis_data] g2p_en loaded for OOV words
[dis_data] g2p_en loaded for OOV words[dis_data] g2p_en loaded for OOV words

[dis_data] g2p_en loaded for OOV words
[dis_data] g2p_en loaded for OOV words
[dis_data] g2p_en loaded for OOV words
[probe step=13500] {"z_t": {"asr_cer": 0.17463393570839256, "asr_loss": 0.7772840330233941, "asr_wer": 0.308436810337951}}
[dis_data] g2p_en loaded for OOV words
[dis_data] g2p_en loaded for OOV words
[dis_data] g2p_en loaded for OOV words
[dis_data] g2p_en loaded for OOV words
[dis_data] g2p_en loaded for OOV words
[dis_data] g2p_en loaded for OOV words
[dis_data] g2p_en loaded for OOV words
[dis_data] g2p_en loaded for OOV words
[probe step=14000] {"z_t": {"asr_cer": 0.16967083128786262, "asr_loss": 0.778161650380263, "asr_wer": 0.29914382195751016}}
