=== MSP independent frozen probe ===
started    : Thu 16 Jul 17:03:18 BST 2026
task_id    : 0
gpu        : NVIDIA A100-SXM4-80GB
checkpoint : /rds/user/bbg25/hpc-work/Thesis/Final-Proj/Disentanglement/msp/checkpoints/msp_hardqfreeze4000_strongclean_dann12000_advpe010_s42/final.pt
output     : /rds/user/bbg25/hpc-work/Thesis/Final-Proj/Disentanglement/msp/probe_results/msp_hardqfreeze4000_strongclean_dann12000_advpe010_s42_independent_probe_5k_seed42.json
probe      : PR/SID/emotion for z_t, z_L, z_P; steps=5000 val_every=500
[dis_data] loaded lexicon: 200,000 entries
[msp_data] manifest=/rds/user/bbg25/hpc-work/Thesis/Final-Proj/Disentanglement/data/msp_subset/manifest.csv
[msp_data] speakers=700  vocab=74  emotions=('neutral', 'happy', 'sad', 'angry')
[msp_data]  train        41067  {'neutral': 18380, 'happy': 11373, 'sad': 6128, 'angry': 5186}
[msp_data]  val           4975  {'neutral': 2282, 'happy': 1402, 'sad': 710, 'angry': 581}
[msp_data]  test          4975  {'neutral': 2282, 'happy': 1402, 'sad': 710, 'angry': 581}
[msp_data] preloaded 51017 transcripts from Transcripts.zip
[msp_data] dropped 33 rows with empty/non-verbal transcript
[msp_data] dropped 3 rows with empty/non-verbal transcript
[msp_data] dropped 7 rows with empty/non-verbal transcript
[dis_data] g2p_en loaded for OOV words
[dis_data] g2p_en loaded for OOV words[dis_data] g2p_en loaded for OOV words

[dis_data] g2p_en loaded for OOV words
[dis_data] g2p_en loaded for OOV words[dis_data] g2p_en loaded for OOV words

[dis_data] g2p_en loaded for OOV words
[dis_data] g2p_en loaded for OOV words
[dis_data] g2p_en loaded for OOV words
[dis_data] g2p_en loaded for OOV words
[dis_data] g2p_en loaded for OOV words
[dis_data] g2p_en loaded for OOV words
[dis_data] g2p_en loaded for OOV words
[dis_data] g2p_en loaded for OOV words
[dis_data] g2p_en loaded for OOV words
[dis_data] g2p_en loaded for OOV words
[dis_data] g2p_en loaded for OOV words
[dis_data] g2p_en loaded for OOV words
[dis_data] g2p_en loaded for OOV words
[dis_data] g2p_en loaded for OOV words
[dis_data] g2p_en loaded for OOV words
[dis_data] g2p_en loaded for OOV words
[dis_data] g2p_en loaded for OOV words
[dis_data] g2p_en loaded for OOV words
[probe step=500] {"z_L": {"emotion_acc": 0.38616251945495605, "emotion_uar": 0.47706887125968933, "pr_per": 0.663513610545291, "sid_acc": 0.017900241351568785}, "z_P": {"emotion_acc": 0.6156476140022278, "emotion_uar": 0.6594201922416687, "pr_per": 0.9531349792714588, "sid_acc": 0.28781174577634755}, "z_t": {"emotion_acc": 0.6367658972740173, "emotion_uar": 0.6487408876419067, "pr_per": 0.5696437411898976, "sid_acc": 0.19247787610619468}}
[dis_data] g2p_en loaded for OOV words
[dis_data] g2p_en loaded for OOV words
[dis_data] g2p_en loaded for OOV words
[dis_data] g2p_en loaded for OOV words
[dis_data] g2p_en loaded for OOV words
[dis_data] g2p_en loaded for OOV words
[dis_data] g2p_en loaded for OOV words
[dis_data] g2p_en loaded for OOV words
[probe step=1000] {"z_L": {"emotion_acc": 0.4231697618961334, "emotion_uar": 0.5479480028152466, "pr_per": 0.4951570418463329, "sid_acc": 0.020716009654062752}, "z_P": {"emotion_acc": 0.6122284531593323, "emotion_uar": 0.6670156717300415, "pr_per": 0.9358983564553249, "sid_acc": 0.41532582461786}, "z_t": {"emotion_acc": 0.6351568698883057, "emotion_uar": 0.6604300141334534, "pr_per": 0.46784147295463907, "sid_acc": 0.29806918744971844}}
[dis_data] g2p_en loaded for OOV words
[dis_data] g2p_en loaded for OOV words
[dis_data] g2p_en loaded for OOV words
[dis_data] g2p_en loaded for OOV words
[dis_data] g2p_en loaded for OOV words
[dis_data] g2p_en loaded for OOV words
[dis_data] g2p_en loaded for OOV words
[dis_data] g2p_en loaded for OOV words
[probe step=1500] {"z_L": {"emotion_acc": 0.4460981488227844, "emotion_uar": 0.39909371733665466, "pr_per": 0.41458216022765493, "sid_acc": 0.06154465004022526}, "z_P": {"emotion_acc": 0.6259050965309143, "emotion_uar": 0.6656620502471924, "pr_per": 0.9756510500319336, "sid_acc": 0.4879324215607401}, "z_t": {"emotion_acc": 0.515084445476532, "emotion_uar": 0.5864118337631226, "pr_per": 0.3995714463873384, "sid_acc": 0.3811343523732904}}
[dis_data] g2p_en loaded for OOV words
[dis_data] g2p_en loaded for OOV words
[dis_data] g2p_en loaded for OOV words
[dis_data] g2p_en loaded for OOV words
[dis_data] g2p_en loaded for OOV words
[dis_data] g2p_en loaded for OOV words
[dis_data] g2p_en loaded for OOV words
[dis_data] g2p_en loaded for OOV words
[probe step=2000] {"z_L": {"emotion_acc": 0.4106999337673187, "emotion_uar": 0.5447720885276794, "pr_per": 0.4102323788504635, "sid_acc": 0.06234915526950925}, "z_P": {"emotion_acc": 0.6248994469642639, "emotion_uar": 0.6727414727210999, "pr_per": 0.9953894584881203, "sid_acc": 0.5510860820595334}, "z_t": {"emotion_acc": 0.5687851905822754, "emotion_uar": 0.6598203182220459, "pr_per": 0.3992351036049144, "sid_acc": 0.4670152855993564}}
[dis_data] g2p_en loaded for OOV words
[dis_data] g2p_en loaded for OOV words
[dis_data] g2p_en loaded for OOV words
[dis_data] g2p_en loaded for OOV words
[dis_data] g2p_en loaded for OOV words
[dis_data] g2p_en loaded for OOV words
[dis_data] g2p_en loaded for OOV words
[dis_data] g2p_en loaded for OOV words
[probe step=2500] {"z_L": {"emotion_acc": 0.5478680729866028, "emotion_uar": 0.5095773935317993, "pr_per": 0.3986984668059907, "sid_acc": 0.08145615446500402}, "z_P": {"emotion_acc": 0.6432019472122192, "emotion_uar": 0.6753281354904175, "pr_per": 0.9981293294685406, "sid_acc": 0.5882944489139179}, "z_t": {"emotion_acc": 0.6063958406448364, "emotion_uar": 0.649088978767395, "pr_per": 0.3882227118298181, "sid_acc": 0.48592115848753015}}
[dis_data] g2p_en loaded for OOV words
[dis_data] g2p_en loaded for OOV words
[dis_data] g2p_en loaded for OOV words
[dis_data] g2p_en loaded for OOV words
[dis_data] g2p_en loaded for OOV words
[dis_data] g2p_en loaded for OOV words
[dis_data] g2p_en loaded for OOV words
[dis_data] g2p_en loaded for OOV words
[dis_data] g2p_en loaded for OOV words
[dis_data] g2p_en loaded for OOV words
[dis_data] g2p_en loaded for OOV words
[dis_data] g2p_en loaded for OOV words
[dis_data] g2p_en loaded for OOV words
[dis_data] g2p_en loaded for OOV words
[dis_data] g2p_en loaded for OOV words
[dis_data] g2p_en loaded for OOV words
[probe step=3000] {"z_L": {"emotion_acc": 0.5394207835197449, "emotion_uar": 0.5725440979003906, "pr_per": 0.39109863157616276, "sid_acc": 0.1498390989541432}, "z_P": {"emotion_acc": 0.625301718711853, "emotion_uar": 0.6735836267471313, "pr_per": 0.99831828608788, "sid_acc": 0.6128318584070797}, "z_t": {"emotion_acc": 0.6600965261459351, "emotion_uar": 0.6639264822006226, "pr_per": 0.3862726795182362, "sid_acc": 0.5718020917135961}}
[dis_data] g2p_en loaded for OOV words
[dis_data] g2p_en loaded for OOV words
[dis_data] g2p_en loaded for OOV words
[dis_data] g2p_en loaded for OOV words
[dis_data] g2p_en loaded for OOV words
[dis_data] g2p_en loaded for OOV words
[dis_data] g2p_en loaded for OOV words
[dis_data] g2p_en loaded for OOV words
[probe step=3500] {"z_L": {"emotion_acc": 0.4722445607185364, "emotion_uar": 0.5656888484954834, "pr_per": 0.3721387243916542, "sid_acc": 0.13254223652453742}, "z_P": {"emotion_acc": 0.629324197769165, "emotion_uar": 0.6786810755729675, "pr_per": 0.9962435424075341, "sid_acc": 0.6373692679002414}, "z_t": {"emotion_acc": 0.5963395237922668, "emotion_uar": 0.6431873440742493, "pr_per": 0.3690511732316495, "sid_acc": 0.5792437650844731}}
[dis_data] g2p_en loaded for OOV words
[dis_data] g2p_en loaded for OOV words
[dis_data] g2p_en loaded for OOV words
[dis_data] g2p_en loaded for OOV words
[dis_data] g2p_en loaded for OOV words
[dis_data] g2p_en loaded for OOV words
[dis_data] g2p_en loaded for OOV words
[dis_data] g2p_en loaded for OOV words
[probe step=4000] {"z_L": {"emotion_acc": 0.5355993509292603, "emotion_uar": 0.6002345085144043, "pr_per": 0.3701773546829119, "sid_acc": 0.1590909090909091}, "z_P": {"emotion_acc": 0.6041834354400635, "emotion_uar": 0.673614501953125, "pr_per": 0.9926231335809925, "sid_acc": 0.6578841512469831}, "z_t": {"emotion_acc": 0.6351568698883057, "emotion_uar": 0.6682130098342896, "pr_per": 0.36866948086058404, "sid_acc": 0.5764279967819791}}
[dis_data] g2p_en loaded for OOV words
[dis_data] g2p_en loaded for OOV words
[dis_data] g2p_en loaded for OOV words
[dis_data] g2p_en loaded for OOV words
[dis_data] g2p_en loaded for OOV words
[dis_data] g2p_en loaded for OOV words
[dis_data] g2p_en loaded for OOV words
[dis_data] g2p_en loaded for OOV words
[probe step=4500] {"z_L": {"emotion_acc": 0.5675784349441528, "emotion_uar": 0.573885977268219, "pr_per": 0.38877446515828895, "sid_acc": 0.20253419147224458}, "z_P": {"emotion_acc": 0.6395816802978516, "emotion_uar": 0.6774661540985107, "pr_per": 0.9879596842156978, "sid_acc": 0.671761866452132}, "z_t": {"emotion_acc": 0.642397403717041, "emotion_uar": 0.644538164138794, "pr_per": 0.38452672035554075, "sid_acc": 0.6098149637972646}}
[dis_data] g2p_en loaded for OOV words
[dis_data] g2p_en loaded for OOV words
[dis_data] g2p_en loaded for OOV words
[dis_data] g2p_en loaded for OOV words
[dis_data] g2p_en loaded for OOV words
[dis_data] g2p_en loaded for OOV words
[dis_data] g2p_en loaded for OOV words
[dis_data] g2p_en loaded for OOV words
[probe step=5000] {"z_L": {"emotion_acc": 0.594529390335083, "emotion_uar": 0.6005330085754395, "pr_per": 0.3732233353866619, "sid_acc": 0.24316170555108607}, "z_P": {"emotion_acc": 0.6474255919456482, "emotion_uar": 0.6747235655784607, "pr_per": 0.9809191605791142, "sid_acc": 0.6848350764279968}, "z_t": {"emotion_acc": 0.6596943140029907, "emotion_uar": 0.6761868000030518, "pr_per": 0.37126574481030644, "sid_acc": 0.6214802896218825}}
[dis_data] g2p_en loaded for OOV words
[dis_data] g2p_en loaded for OOV words
[dis_data] g2p_en loaded for OOV words
[dis_data] g2p_en loaded for OOV words
[dis_data] g2p_en loaded for OOV words
[dis_data] g2p_en loaded for OOV words
[dis_data] g2p_en loaded for OOV words
[dis_data] g2p_en loaded for OOV words
{
  "checkpoint": "/rds/user/bbg25/hpc-work/Thesis/Final-Proj/Disentanglement/msp/checkpoints/msp_hardqfreeze4000_strongclean_dann12000_advpe010_s42/final.pt",
  "test": {
    "z_L": {
      "emotion_acc": 0.5960144996643066,
      "emotion_uar": 0.6026026010513306,
      "pr_per": 0.3718754762993446,
      "sid_acc": 0.2389291465378422
    },
    "z_P": {
      "emotion_acc": 0.6286231875419617,
      "emotion_uar": 0.6791673302650452,
      "pr_per": 0.9359396433470507,
      "sid_acc": 0.7008856682769726
    },
    "z_t": {
      "emotion_acc": 0.6559984087944031,
      "emotion_uar": 0.674648642539978,
      "pr_per": 0.3706904435299497,
      "sid_acc": 0.6276167471819646
    }
  },
  "validation_selection": {
    "z_L.emotion": 0.6005330085754395,
    "z_L.pr": 0.3701773546829119,
    "z_L.sid": 0.24316170555108607,
    "z_P.emotion": 0.6786810755729675,
    "z_P.pr": 0.9358983564553249,
    "z_P.sid": 0.6848350764279968,
    "z_t.emotion": 0.6761868000030518,
    "z_t.pr": 0.36866948086058404,
    "z_t.sid": 0.6214802896218825
  }
}
finished   : Thu 16 Jul 18:31:04 BST 2026
