=== Matched MSP content/speaker probe ===
started    : Thu 23 Jul 12:07:42 BST 2026
task_id    : 13
run        : msp_hardqfreeze4000_sc_optfix_nobal_aux64_gn0004_grlp025_dann12000_12k_s42
checkpoint : /rds/user/bbg25/hpc-work/Thesis/Final-Proj/Disentanglement/msp/checkpoints/msp_hardqfreeze4000_sc_optfix_nobal_aux64_gn0004_grlp025_dann12000_12k_s42/final.pt
sources    : z_L
task       : asr
steps      : 15000
output     : /rds/user/bbg25/hpc-work/Thesis/Final-Proj/Disentanglement/msp/probe_results/matched_content_speaker/msp_hardqfreeze4000_sc_optfix_nobal_aux64_gn0004_grlp025_dann12000_12k_s42_asr_lstm_z_L_15000_seed42.json
+ /home/bbg25/.conda/envs/mlmi4/bin/python + -u + -m + msp.probe + --checkpoint + /rds/user/bbg25/hpc-work/Thesis/Final-Proj/Disentanglement/msp/checkpoints/msp_hardqfreeze4000_sc_optfix_nobal_aux64_gn0004_grlp025_dann12000_12k_s42/final.pt + --manifest + /rds/user/bbg25/hpc-work/Thesis/Final-Proj/Disentanglement/data/msp_subset + --audio_root + /rds/user/bbg25/hpc-work/Thesis/Final-Proj/Disentanglement/data/msp_audio + --transcripts + /rds/project/rds-xyBFuSj0hm0/dataset/MSP-Podcast-2.0/Transcripts.zip + --lexicon_path + /rds/user/bbg25/hpc-work/Thesis/Final-Proj/Probing/data/librispeech-lexicon.txt + --sources + z_L + --tasks + asr + --steps + 15000 + --val_every + 500 + --batch_size + 16 + --eval_batch + 32 + --num_workers + 8 + --lr + 5e-4 + --seed + 42 + --output + /rds/user/bbg25/hpc-work/Thesis/Final-Proj/Disentanglement/msp/probe_results/matched_content_speaker/msp_hardqfreeze4000_sc_optfix_nobal_aux64_gn0004_grlp025_dann12000_12k_s42_asr_lstm_z_L_15000_seed42.json + --asr_probe_arch + lstm + --asr_probe_lr + 5e-4 + --asr_probe_warmup_steps + 500 + --asr_probe_proj_dim + 1024 + --asr_lstm_hidden + 1024 + --asr_lstm_layers + 2 + --asr_time_mask_param + 50 + --asr_freq_mask_param + 64 + --asr_probe_dropout + 0.1 
[dis_data] loaded lexicon: 200,000 entries
[msp_data] manifest=/rds/user/bbg25/hpc-work/Thesis/Final-Proj/Disentanglement/data/msp_subset/manifest.csv
[msp_data] speakers=700  vocab=74  emotions=('neutral', 'happy', 'sad', 'angry')
[msp_data]  train        41067  {'neutral': 18380, 'happy': 11373, 'sad': 6128, 'angry': 5186}
[msp_data]  val           4975  {'neutral': 2282, 'happy': 1402, 'sad': 710, 'angry': 581}
[msp_data]  test          4975  {'neutral': 2282, 'happy': 1402, 'sad': 710, 'angry': 581}
[msp_data] preloaded 51017 transcripts from Transcripts.zip
[msp_data] dropped 33 rows with empty/non-verbal transcript
[msp_data] dropped 3 rows with empty/non-verbal transcript
[msp_data] dropped 7 rows with empty/non-verbal transcript
[msp_probe] loaded compatible tensors: total=35 sae=6 route=1
[dis_data] g2p_en loaded for OOV words
[dis_data] g2p_en loaded for OOV words
[dis_data] g2p_en loaded for OOV words
[dis_data] g2p_en loaded for OOV words[dis_data] g2p_en loaded for OOV words

[dis_data] g2p_en loaded for OOV words
[dis_data] g2p_en loaded for OOV words
[dis_data] g2p_en loaded for OOV words
[dis_data] g2p_en loaded for OOV words
[dis_data] g2p_en loaded for OOV words
[dis_data] g2p_en loaded for OOV words
[dis_data] g2p_en loaded for OOV words
[dis_data] g2p_en loaded for OOV words
[dis_data] g2p_en loaded for OOV words
[dis_data] g2p_en loaded for OOV words
[dis_data] g2p_en loaded for OOV words
[dis_data] g2p_en loaded for OOV words
[dis_data] g2p_en loaded for OOV words
[dis_data] g2p_en loaded for OOV words
[dis_data] g2p_en loaded for OOV words
[dis_data] g2p_en loaded for OOV words
[dis_data] g2p_en loaded for OOV words
[dis_data] g2p_en loaded for OOV words
[dis_data] g2p_en loaded for OOV words
[probe step=500] {"z_L": {"asr_cer": 0.3837551500882872, "asr_loss": 1.4018362665023558, "asr_wer": 0.7414182775399506}}
[dis_data] g2p_en loaded for OOV words
[dis_data] g2p_en loaded for OOV words
[dis_data] g2p_en loaded for OOV words
[dis_data] g2p_en loaded for OOV words
[dis_data] g2p_en loaded for OOV words
[dis_data] g2p_en loaded for OOV words
[dis_data] g2p_en loaded for OOV words
[dis_data] g2p_en loaded for OOV words
[probe step=1000] {"z_L": {"asr_cer": 0.2640854754016619, "asr_loss": 1.1129611455477202, "asr_wer": 0.5651705708739929}}
[dis_data] g2p_en loaded for OOV words
[dis_data] g2p_en loaded for OOV words
[dis_data] g2p_en loaded for OOV words
[dis_data] g2p_en loaded for OOV words
[dis_data] g2p_en loaded for OOV words
[dis_data] g2p_en loaded for OOV words
[dis_data] g2p_en loaded for OOV words
[dis_data] g2p_en loaded for OOV words
[probe step=1500] {"z_L": {"asr_cer": 0.21694754941900066, "asr_loss": 1.0311318492660155, "asr_wer": 0.4523784200590284}}
[dis_data] g2p_en loaded for OOV words
[dis_data] g2p_en loaded for OOV words
[dis_data] g2p_en loaded for OOV words
[dis_data] g2p_en loaded for OOV words
[dis_data] g2p_en loaded for OOV words
[dis_data] g2p_en loaded for OOV words
[dis_data] g2p_en loaded for OOV words[dis_data] g2p_en loaded for OOV words

[probe step=2000] {"z_L": {"asr_cer": 0.21316931871046674, "asr_loss": 0.9798361630393908, "asr_wer": 0.4251907788029461}}
