=== MSP fixed-routing independent probe ===
started    : Fri Jul 24 07:04:29 BST 2026
task       : 1
checkpoint : /rds/user/bbg25/hpc-work/Thesis/Final-Proj/Disentanglement/msp/checkpoints/msp_fixed2130L2990P_topk210L46P_sc_optfix_aux64_gn0004_grlp025_dann12000_12k_s42/final.pt
sources    : z_t,z_L,z_P
tasks      : sid
schedule   : 7500 complete steps; val every 500
output     : /rds/user/bbg25/hpc-work/Thesis/Final-Proj/Disentanglement/msp/probe_results/fixed_empirical_210L46P/msp_fixed2130L2990P_topk210L46P_sc_optfix_aux64_gn0004_grlp025_dann12000_12k_s42_final12k_sid_probe7500_seed42.json
+ /home/bbg25/.conda/envs/mlmi4/bin/python + -u + -m + msp.probe + --checkpoint + /rds/user/bbg25/hpc-work/Thesis/Final-Proj/Disentanglement/msp/checkpoints/msp_fixed2130L2990P_topk210L46P_sc_optfix_aux64_gn0004_grlp025_dann12000_12k_s42/final.pt + --manifest + /rds/user/bbg25/hpc-work/Thesis/Final-Proj/Disentanglement/data/msp_subset + --audio_root + /rds/user/bbg25/hpc-work/Thesis/Final-Proj/Disentanglement/data/msp_audio + --transcripts + /rds/project/rds-xyBFuSj0hm0/dataset/MSP-Podcast-2.0/Transcripts.zip + --lexicon_path + /rds/user/bbg25/hpc-work/Thesis/Final-Proj/Probing/data/librispeech-lexicon.txt + --steps + 7500 + --val_every + 500 + --batch_size + 16 + --eval_batch + 32 + --num_workers + 8 + --lr + 5e-4 + --seed + 42 + --sources + z_t\,z_L\,z_P + --tasks + sid + --pr_probe_arch + linear + --pr_probe_proj_dim + 256 + --output + /rds/user/bbg25/hpc-work/Thesis/Final-Proj/Disentanglement/msp/probe_results/fixed_empirical_210L46P/msp_fixed2130L2990P_topk210L46P_sc_optfix_aux64_gn0004_grlp025_dann12000_12k_s42_final12k_sid_probe7500_seed42.json 
[dis_data] loaded lexicon: 200,000 entries
[msp_data] manifest=/rds/user/bbg25/hpc-work/Thesis/Final-Proj/Disentanglement/data/msp_subset/manifest.csv
[msp_data] speakers=700  vocab=74  emotions=('neutral', 'happy', 'sad', 'angry')
[msp_data]  train        41067  {'neutral': 18380, 'happy': 11373, 'sad': 6128, 'angry': 5186}
[msp_data]  val           4975  {'neutral': 2282, 'happy': 1402, 'sad': 710, 'angry': 581}
[msp_data]  test          4975  {'neutral': 2282, 'happy': 1402, 'sad': 710, 'angry': 581}
[msp_data] preloaded 51017 transcripts from Transcripts.zip
[msp_data] dropped 33 rows with empty/non-verbal transcript
[msp_data] dropped 3 rows with empty/non-verbal transcript
[msp_data] dropped 7 rows with empty/non-verbal transcript
[msp_probe] loaded compatible tensors: total=39 sae=6 route=5
[dis_data] g2p_en loaded for OOV words[dis_data] g2p_en loaded for OOV words[dis_data] g2p_en loaded for OOV words[dis_data] g2p_en loaded for OOV words

[dis_data] g2p_en loaded for OOV words[dis_data] g2p_en loaded for OOV words
[dis_data] g2p_en loaded for OOV words[dis_data] g2p_en loaded for OOV words




[dis_data] g2p_en loaded for OOV words
[dis_data] g2p_en loaded for OOV words
[dis_data] g2p_en loaded for OOV words
[dis_data] g2p_en loaded for OOV words
[dis_data] g2p_en loaded for OOV words
[dis_data] g2p_en loaded for OOV words
[dis_data] g2p_en loaded for OOV words
[dis_data] g2p_en loaded for OOV words
[dis_data] g2p_en loaded for OOV words
[dis_data] g2p_en loaded for OOV words
[dis_data] g2p_en loaded for OOV words
[dis_data] g2p_en loaded for OOV words
[dis_data] g2p_en loaded for OOV words
[dis_data] g2p_en loaded for OOV words
[dis_data] g2p_en loaded for OOV words
[dis_data] g2p_en loaded for OOV words
[probe step=500] {"z_L": {"sid_acc": 0.011061946902654867}, "z_P": {"sid_acc": 0.3473451327433628}, "z_t": {"sid_acc": 0.18845534995977473}}
[dis_data] g2p_en loaded for OOV words
[dis_data] g2p_en loaded for OOV words
[dis_data] g2p_en loaded for OOV words
[dis_data] g2p_en loaded for OOV words[dis_data] g2p_en loaded for OOV words

[dis_data] g2p_en loaded for OOV words
[dis_data] g2p_en loaded for OOV words
[dis_data] g2p_en loaded for OOV words
[probe step=1000] {"z_L": {"sid_acc": 0.01749798873692679}, "z_P": {"sid_acc": 0.48531777956556715}, "z_t": {"sid_acc": 0.2932421560740145}}
[dis_data] g2p_en loaded for OOV words
[dis_data] g2p_en loaded for OOV words
[dis_data] g2p_en loaded for OOV words
[dis_data] g2p_en loaded for OOV words
[dis_data] g2p_en loaded for OOV words
[dis_data] g2p_en loaded for OOV words[dis_data] g2p_en loaded for OOV words

[dis_data] g2p_en loaded for OOV words
[probe step=1500] {"z_L": {"sid_acc": 0.03479485116653258}, "z_P": {"sid_acc": 0.5599356395816573}, "z_t": {"sid_acc": 0.3497586484312148}}
[dis_data] g2p_en loaded for OOV words
[dis_data] g2p_en loaded for OOV words
[dis_data] g2p_en loaded for OOV words
[dis_data] g2p_en loaded for OOV words
[dis_data] g2p_en loaded for OOV words
[dis_data] g2p_en loaded for OOV words
[dis_data] g2p_en loaded for OOV words
[dis_data] g2p_en loaded for OOV words
[probe step=2000] {"z_L": {"sid_acc": 0.036202735317779566}, "z_P": {"sid_acc": 0.6263073209975865}, "z_t": {"sid_acc": 0.4366452131938858}}
[dis_data] g2p_en loaded for OOV words
[dis_data] g2p_en loaded for OOV words
[dis_data] g2p_en loaded for OOV words
[dis_data] g2p_en loaded for OOV words
[dis_data] g2p_en loaded for OOV words
[dis_data] g2p_en loaded for OOV words
[dis_data] g2p_en loaded for OOV words
[dis_data] g2p_en loaded for OOV words
[probe step=2500] {"z_L": {"sid_acc": 0.050683829444891394}, "z_P": {"sid_acc": 0.6560740144810941}, "z_t": {"sid_acc": 0.4575623491552695}}
[dis_data] g2p_en loaded for OOV words
[dis_data] g2p_en loaded for OOV words
[dis_data] g2p_en loaded for OOV words
[dis_data] g2p_en loaded for OOV words
[dis_data] g2p_en loaded for OOV words
[dis_data] g2p_en loaded for OOV words
[dis_data] g2p_en loaded for OOV words
[dis_data] g2p_en loaded for OOV words
[dis_data] g2p_en loaded for OOV words
[dis_data] g2p_en loaded for OOV words
[dis_data] g2p_en loaded for OOV words
[dis_data] g2p_en loaded for OOV words
[dis_data] g2p_en loaded for OOV words
[dis_data] g2p_en loaded for OOV words
[dis_data] g2p_en loaded for OOV words
[dis_data] g2p_en loaded for OOV words
[probe step=3000] {"z_L": {"sid_acc": 0.08869670152855993}, "z_P": {"sid_acc": 0.6824215607401448}, "z_t": {"sid_acc": 0.5516894609814964}}
[dis_data] g2p_en loaded for OOV words
[dis_data] g2p_en loaded for OOV words
[dis_data] g2p_en loaded for OOV words
[dis_data] g2p_en loaded for OOV words
[dis_data] g2p_en loaded for OOV words
[dis_data] g2p_en loaded for OOV words
[dis_data] g2p_en loaded for OOV words
[dis_data] g2p_en loaded for OOV words
[probe step=3500] {"z_L": {"sid_acc": 0.08708769106999195}, "z_P": {"sid_acc": 0.7025341914722446}, "z_t": {"sid_acc": 0.5659694288012872}}
[dis_data] g2p_en loaded for OOV words
[dis_data] g2p_en loaded for OOV words
[dis_data] g2p_en loaded for OOV words
[dis_data] g2p_en loaded for OOV words
[dis_data] g2p_en loaded for OOV words[dis_data] g2p_en loaded for OOV words

[dis_data] g2p_en loaded for OOV words
[dis_data] g2p_en loaded for OOV words
[probe step=4000] {"z_L": {"sid_acc": 0.11926790024135157}, "z_P": {"sid_acc": 0.7133950120675785}, "z_t": {"sid_acc": 0.5619469026548672}}
[dis_data] g2p_en loaded for OOV words
[dis_data] g2p_en loaded for OOV words
[dis_data] g2p_en loaded for OOV words
[dis_data] g2p_en loaded for OOV words
[dis_data] g2p_en loaded for OOV words
[dis_data] g2p_en loaded for OOV words
[dis_data] g2p_en loaded for OOV words
[dis_data] g2p_en loaded for OOV words
[probe step=4500] {"z_L": {"sid_acc": 0.10257441673370878}, "z_P": {"sid_acc": 0.7214400643604183}, "z_t": {"sid_acc": 0.5713998390989542}}
[dis_data] g2p_en loaded for OOV words
[dis_data] g2p_en loaded for OOV words
[dis_data] g2p_en loaded for OOV words
[dis_data] g2p_en loaded for OOV words
[dis_data] g2p_en loaded for OOV words[dis_data] g2p_en loaded for OOV words

[dis_data] g2p_en loaded for OOV words
[dis_data] g2p_en loaded for OOV words
[probe step=5000] {"z_L": {"sid_acc": 0.10458567980691874}, "z_P": {"sid_acc": 0.7331053901850362}, "z_t": {"sid_acc": 0.575422365245374}}
[dis_data] g2p_en loaded for OOV words
[dis_data] g2p_en loaded for OOV words
[dis_data] g2p_en loaded for OOV words
[dis_data] g2p_en loaded for OOV words
[dis_data] g2p_en loaded for OOV words
[dis_data] g2p_en loaded for OOV words
[dis_data] g2p_en loaded for OOV words
[dis_data] g2p_en loaded for OOV words
[dis_data] g2p_en loaded for OOV words
[dis_data] g2p_en loaded for OOV words
[dis_data] g2p_en loaded for OOV words
[dis_data] g2p_en loaded for OOV words
[dis_data] g2p_en loaded for OOV words
[dis_data] g2p_en loaded for OOV words
[dis_data] g2p_en loaded for OOV words
[dis_data] g2p_en loaded for OOV words
[probe step=5500] {"z_L": {"sid_acc": 0.15486725663716813}, "z_P": {"sid_acc": 0.7465808527755431}, "z_t": {"sid_acc": 0.6238938053097345}}
[dis_data] g2p_en loaded for OOV words
[dis_data] g2p_en loaded for OOV words
[dis_data] g2p_en loaded for OOV words
[dis_data] g2p_en loaded for OOV words
[dis_data] g2p_en loaded for OOV words
[dis_data] g2p_en loaded for OOV words
[dis_data] g2p_en loaded for OOV words
[dis_data] g2p_en loaded for OOV words
[probe step=6000] {"z_L": {"sid_acc": 0.1753821399839099}, "z_P": {"sid_acc": 0.75402252614642}, "z_t": {"sid_acc": 0.6309332260659695}}
[dis_data] g2p_en loaded for OOV words
[dis_data] g2p_en loaded for OOV words
[dis_data] g2p_en loaded for OOV words
[dis_data] g2p_en loaded for OOV words
[dis_data] g2p_en loaded for OOV words
[dis_data] g2p_en loaded for OOV words
[dis_data] g2p_en loaded for OOV words
[dis_data] g2p_en loaded for OOV words
[probe step=6500] {"z_L": {"sid_acc": 0.1900643604183427}, "z_P": {"sid_acc": 0.7578439259855189}, "z_t": {"sid_acc": 0.6393805309734514}}
[dis_data] g2p_en loaded for OOV words
[dis_data] g2p_en loaded for OOV words[dis_data] g2p_en loaded for OOV words

[dis_data] g2p_en loaded for OOV words
[dis_data] g2p_en loaded for OOV words
[dis_data] g2p_en loaded for OOV words
[dis_data] g2p_en loaded for OOV words
[dis_data] g2p_en loaded for OOV words
[probe step=7000] {"z_L": {"sid_acc": 0.1922767497988737}, "z_P": {"sid_acc": 0.7654867256637168}, "z_t": {"sid_acc": 0.6357602574416734}}
[dis_data] g2p_en loaded for OOV words
[dis_data] g2p_en loaded for OOV words
[dis_data] g2p_en loaded for OOV words
[dis_data] g2p_en loaded for OOV words
[dis_data] g2p_en loaded for OOV words
[dis_data] g2p_en loaded for OOV words
[dis_data] g2p_en loaded for OOV words
[dis_data] g2p_en loaded for OOV words
[probe step=7500] {"z_L": {"sid_acc": 0.21218825422365245}, "z_P": {"sid_acc": 0.7666934835076428}, "z_t": {"sid_acc": 0.6586886564762671}}
[dis_data] g2p_en loaded for OOV words
[dis_data] g2p_en loaded for OOV words
[dis_data] g2p_en loaded for OOV words
[dis_data] g2p_en loaded for OOV words
[dis_data] g2p_en loaded for OOV words
[dis_data] g2p_en loaded for OOV words
[dis_data] g2p_en loaded for OOV words
[dis_data] g2p_en loaded for OOV words
{
  "checkpoint": "/rds/user/bbg25/hpc-work/Thesis/Final-Proj/Disentanglement/msp/checkpoints/msp_fixed2130L2990P_topk210L46P_sc_optfix_aux64_gn0004_grlp025_dann12000_12k_s42/final.pt",
  "probe_protocol": {
    "asr_lr": 0.0005,
    "asr_warmup_steps": 500,
    "base_lr": 0.0005,
    "pr_lr": 0.0005,
    "pr_warmup_steps": 0,
    "steps": 7500,
    "val_every": 500
  },
  "sources": [
    "z_t",
    "z_L",
    "z_P"
  ],
  "speaker_disjoint_emotion_split": false,
  "tasks": [
    "sid"
  ],
  "test": {
    "z_L": {
      "sid_acc": 0.2067230273752013
    },
    "z_P": {
      "sid_acc": 0.7646940418679549
    },
    "z_t": {
      "sid_acc": 0.6598228663446055
    }
  },
  "validation_selection": {
    "z_L.sid": 0.21218825422365245,
    "z_P.sid": 0.7666934835076428,
    "z_t.sid": 0.6586886564762671
  }
}
finished   : Fri Jul 24 09:12:12 BST 2026
