=== Matched MSP content/speaker probe ===
started    : Thu 23 Jul 05:12:31 BST 2026
task_id    : 0
run        : libri_advfb_prrecover_gn00015_240L16P_aux64_12k_s42
checkpoint : /rds/user/bbg25/hpc-work/Thesis/Final-Proj/checkpoints/blackwell/libri_advfb_prrecover_gn00015_240L16P_aux64_12k_s42/final.pt
sources    : z_t,z_L,z_P
task       : pr
steps      : 7500
output     : /rds/user/bbg25/hpc-work/Thesis/Final-Proj/Disentanglement/msp/probe_results/matched_content_speaker/libri_advfb_prrecover_gn00015_240L16P_aux64_12k_s42_pr_linear_all_7500_seed42.json
+ /home/bbg25/.conda/envs/mlmi4/bin/python + -u + -m + msp.probe + --checkpoint + /rds/user/bbg25/hpc-work/Thesis/Final-Proj/checkpoints/blackwell/libri_advfb_prrecover_gn00015_240L16P_aux64_12k_s42/final.pt + --manifest + /rds/user/bbg25/hpc-work/Thesis/Final-Proj/Disentanglement/data/msp_subset + --audio_root + /rds/user/bbg25/hpc-work/Thesis/Final-Proj/Disentanglement/data/msp_audio + --transcripts + /rds/project/rds-xyBFuSj0hm0/dataset/MSP-Podcast-2.0/Transcripts.zip + --lexicon_path + /rds/user/bbg25/hpc-work/Thesis/Final-Proj/Probing/data/librispeech-lexicon.txt + --sources + z_t\,z_L\,z_P + --tasks + pr + --steps + 7500 + --val_every + 500 + --batch_size + 16 + --eval_batch + 32 + --num_workers + 8 + --lr + 5e-4 + --seed + 42 + --output + /rds/user/bbg25/hpc-work/Thesis/Final-Proj/Disentanglement/msp/probe_results/matched_content_speaker/libri_advfb_prrecover_gn00015_240L16P_aux64_12k_s42_pr_linear_all_7500_seed42.json + --pr_probe_arch + linear + --pr_probe_proj_dim + 256 + --pr_probe_lr + 5e-4 + --pr_probe_warmup_steps + 500 
[dis_data] loaded lexicon: 200,000 entries
[msp_data] manifest=/rds/user/bbg25/hpc-work/Thesis/Final-Proj/Disentanglement/data/msp_subset/manifest.csv
[msp_data] speakers=700  vocab=74  emotions=('neutral', 'happy', 'sad', 'angry')
[msp_data]  train        41067  {'neutral': 18380, 'happy': 11373, 'sad': 6128, 'angry': 5186}
[msp_data]  val           4975  {'neutral': 2282, 'happy': 1402, 'sad': 710, 'angry': 581}
[msp_data]  test          4975  {'neutral': 2282, 'happy': 1402, 'sad': 710, 'angry': 581}
[msp_data] preloaded 51017 transcripts from Transcripts.zip
[msp_data] dropped 33 rows with empty/non-verbal transcript
[msp_data] dropped 3 rows with empty/non-verbal transcript
[msp_data] dropped 7 rows with empty/non-verbal transcript
[msp_probe] loaded compatible tensors: total=16 sae=3 route=5
[msp_probe] ignored shape-mismatched tensors: ['grl_head.fc.bias', 'grl_head.fc.weight', 'sid_head.fc.bias', 'sid_head.fc.weight']
[dis_data] g2p_en loaded for OOV words
[dis_data] g2p_en loaded for OOV words
[dis_data] g2p_en loaded for OOV words
[dis_data] g2p_en loaded for OOV words
[dis_data] g2p_en loaded for OOV words
[dis_data] g2p_en loaded for OOV words
[dis_data] g2p_en loaded for OOV words
[dis_data] g2p_en loaded for OOV words
[dis_data] g2p_en loaded for OOV words
[dis_data] g2p_en loaded for OOV words
[dis_data] g2p_en loaded for OOV words
[dis_data] g2p_en loaded for OOV words
[dis_data] g2p_en loaded for OOV words
[dis_data] g2p_en loaded for OOV words
[dis_data] g2p_en loaded for OOV words[dis_data] g2p_en loaded for OOV words

[dis_data] g2p_en loaded for OOV words
[dis_data] g2p_en loaded for OOV words
[dis_data] g2p_en loaded for OOV words
[dis_data] g2p_en loaded for OOV words
[dis_data] g2p_en loaded for OOV words
[dis_data] g2p_en loaded for OOV words
[dis_data] g2p_en loaded for OOV words
[dis_data] g2p_en loaded for OOV words
[probe step=500] {"z_L": {"pr_per": 0.6448938252755932}, "z_P": {"pr_per": 1.0}, "z_t": {"pr_per": 0.636572175759889}}
[dis_data] g2p_en loaded for OOV words
[dis_data] g2p_en loaded for OOV words
[dis_data] g2p_en loaded for OOV words
[dis_data] g2p_en loaded for OOV words
[dis_data] g2p_en loaded for OOV words
[dis_data] g2p_en loaded for OOV words
[dis_data] g2p_en loaded for OOV words
[dis_data] g2p_en loaded for OOV words
[probe step=1000] {"z_L": {"pr_per": 0.7329513890201088}, "z_P": {"pr_per": 1.0}, "z_t": {"pr_per": 0.6994758343379527}}
[dis_data] g2p_en loaded for OOV words
[dis_data] g2p_en loaded for OOV words
[dis_data] g2p_en loaded for OOV words
[dis_data] g2p_en loaded for OOV words
[dis_data] g2p_en loaded for OOV words
[dis_data] g2p_en loaded for OOV words
[dis_data] g2p_en loaded for OOV words
[dis_data] g2p_en loaded for OOV words
[probe step=1500] {"z_L": {"pr_per": 0.46340477153255155}, "z_P": {"pr_per": 0.9999546504113586}, "z_t": {"pr_per": 0.45506422635491345}}
[dis_data] g2p_en loaded for OOV words
[dis_data] g2p_en loaded for OOV words
[dis_data] g2p_en loaded for OOV words
[dis_data] g2p_en loaded for OOV words
[dis_data] g2p_en loaded for OOV words
[dis_data] g2p_en loaded for OOV words
[dis_data] g2p_en loaded for OOV words
[dis_data] g2p_en loaded for OOV words
[probe step=2000] {"z_L": {"pr_per": 0.5016836034783134}, "z_P": {"pr_per": 0.999947092146585}, "z_t": {"pr_per": 0.4727278911307542}}
[dis_data] g2p_en loaded for OOV words
[dis_data] g2p_en loaded for OOV words[dis_data] g2p_en loaded for OOV words

[dis_data] g2p_en loaded for OOV words
[dis_data] g2p_en loaded for OOV words
[dis_data] g2p_en loaded for OOV words
[dis_data] g2p_en loaded for OOV words
[dis_data] g2p_en loaded for OOV words
[probe step=2500] {"z_L": {"pr_per": 0.5360019046827229}, "z_P": {"pr_per": 0.9998790677636228}, "z_t": {"pr_per": 0.4887929829069842}}
[dis_data] g2p_en loaded for OOV words
[dis_data] g2p_en loaded for OOV words
[dis_data] g2p_en loaded for OOV words
[dis_data] g2p_en loaded for OOV words
[dis_data] g2p_en loaded for OOV words
[dis_data] g2p_en loaded for OOV words
[dis_data] g2p_en loaded for OOV words
[dis_data] g2p_en loaded for OOV words
[dis_data] g2p_en loaded for OOV words
[dis_data] g2p_en loaded for OOV words[dis_data] g2p_en loaded for OOV words

[dis_data] g2p_en loaded for OOV words
[dis_data] g2p_en loaded for OOV words
[dis_data] g2p_en loaded for OOV words[dis_data] g2p_en loaded for OOV words

[dis_data] g2p_en loaded for OOV words
[probe step=3000] {"z_L": {"pr_per": 0.6044155382807215}, "z_P": {"pr_per": 0.9996183076289346}, "z_t": {"pr_per": 0.5649991874865369}}
[dis_data] g2p_en loaded for OOV words
[dis_data] g2p_en loaded for OOV words
[dis_data] g2p_en loaded for OOV words
[dis_data] g2p_en loaded for OOV words
[dis_data] g2p_en loaded for OOV words
[dis_data] g2p_en loaded for OOV words
[dis_data] g2p_en loaded for OOV words
[dis_data] g2p_en loaded for OOV words
[probe step=3500] {"z_L": {"pr_per": 0.4468446134136525}, "z_P": {"pr_per": 0.9989229472697658}, "z_t": {"pr_per": 0.41245828782628086}}
[dis_data] g2p_en loaded for OOV words
[dis_data] g2p_en loaded for OOV words
[dis_data] g2p_en loaded for OOV words
[dis_data] g2p_en loaded for OOV words
[dis_data] g2p_en loaded for OOV words
[dis_data] g2p_en loaded for OOV words
[dis_data] g2p_en loaded for OOV words[dis_data] g2p_en loaded for OOV words

[probe step=4000] {"z_L": {"pr_per": 0.524347060401873}, "z_P": {"pr_per": 0.9984505557214175}, "z_t": {"pr_per": 0.5011545249441633}}
[dis_data] g2p_en loaded for OOV words
[dis_data] g2p_en loaded for OOV words
[dis_data] g2p_en loaded for OOV words
[dis_data] g2p_en loaded for OOV words
[dis_data] g2p_en loaded for OOV words
[dis_data] g2p_en loaded for OOV words
[dis_data] g2p_en loaded for OOV words
[dis_data] g2p_en loaded for OOV words
[probe step=4500] {"z_L": {"pr_per": 0.5764612960156608}, "z_P": {"pr_per": 0.9981897955867292}, "z_t": {"pr_per": 0.5321056191919459}}
[dis_data] g2p_en loaded for OOV words
[dis_data] g2p_en loaded for OOV words
[dis_data] g2p_en loaded for OOV words
[dis_data] g2p_en loaded for OOV words
[dis_data] g2p_en loaded for OOV words
[dis_data] g2p_en loaded for OOV words[dis_data] g2p_en loaded for OOV words

[dis_data] g2p_en loaded for OOV words
[probe step=5000] {"z_L": {"pr_per": 0.503391771317141}, "z_P": {"pr_per": 0.9976833918468998}, "z_t": {"pr_per": 0.47350261327004545}}
[dis_data] g2p_en loaded for OOV words
[dis_data] g2p_en loaded for OOV words
[dis_data] g2p_en loaded for OOV words
[dis_data] g2p_en loaded for OOV words
[dis_data] g2p_en loaded for OOV words
[dis_data] g2p_en loaded for OOV words
[dis_data] g2p_en loaded for OOV words
[dis_data] g2p_en loaded for OOV words
[dis_data] g2p_en loaded for OOV words
[dis_data] g2p_en loaded for OOV words
[dis_data] g2p_en loaded for OOV words
[dis_data] g2p_en loaded for OOV words[dis_data] g2p_en loaded for OOV words

[dis_data] g2p_en loaded for OOV words
[dis_data] g2p_en loaded for OOV words
[dis_data] g2p_en loaded for OOV words
[probe step=5500] {"z_L": {"pr_per": 0.5139355506762757}, "z_P": {"pr_per": 0.9977627536270223}, "z_t": {"pr_per": 0.4854522298770648}}
[dis_data] g2p_en loaded for OOV words
[dis_data] g2p_en loaded for OOV words
[dis_data] g2p_en loaded for OOV words
[dis_data] g2p_en loaded for OOV words
[dis_data] g2p_en loaded for OOV words
[dis_data] g2p_en loaded for OOV words
[dis_data] g2p_en loaded for OOV words
[dis_data] g2p_en loaded for OOV words
[probe step=6000] {"z_L": {"pr_per": 0.48968107901787905}, "z_P": {"pr_per": 0.9979139189224938}, "z_t": {"pr_per": 0.4559523224658083}}
[dis_data] g2p_en loaded for OOV words[dis_data] g2p_en loaded for OOV words

[dis_data] g2p_en loaded for OOV words
[dis_data] g2p_en loaded for OOV words
[dis_data] g2p_en loaded for OOV words
[dis_data] g2p_en loaded for OOV words
[dis_data] g2p_en loaded for OOV words
[dis_data] g2p_en loaded for OOV words
[probe step=6500] {"z_L": {"pr_per": 0.43822441243939214}, "z_P": {"pr_per": 0.9974339691093719}, "z_t": {"pr_per": 0.4187240893235731}}
[dis_data] g2p_en loaded for OOV words
[dis_data] g2p_en loaded for OOV words
[dis_data] g2p_en loaded for OOV words
[dis_data] g2p_en loaded for OOV words
[dis_data] g2p_en loaded for OOV words
[dis_data] g2p_en loaded for OOV words
[dis_data] g2p_en loaded for OOV words
[dis_data] g2p_en loaded for OOV words
[probe step=7000] {"z_L": {"pr_per": 0.4712162381760395}, "z_P": {"pr_per": 0.997112742856495}, "z_t": {"pr_per": 0.4447471949389859}}
[dis_data] g2p_en loaded for OOV words
[dis_data] g2p_en loaded for OOV words
[dis_data] g2p_en loaded for OOV words
[dis_data] g2p_en loaded for OOV words
[dis_data] g2p_en loaded for OOV words
[dis_data] g2p_en loaded for OOV words
[dis_data] g2p_en loaded for OOV words
[dis_data] g2p_en loaded for OOV words
[probe step=7500] {"z_L": {"pr_per": 0.48490803481336753}, "z_P": {"pr_per": 0.9973319325349286}, "z_t": {"pr_per": 0.4564927383971188}}
[dis_data] g2p_en loaded for OOV words
[dis_data] g2p_en loaded for OOV words
[dis_data] g2p_en loaded for OOV words
[dis_data] g2p_en loaded for OOV words[dis_data] g2p_en loaded for OOV words

[dis_data] g2p_en loaded for OOV words[dis_data] g2p_en loaded for OOV words

[dis_data] g2p_en loaded for OOV words
{
  "checkpoint": "/rds/user/bbg25/hpc-work/Thesis/Final-Proj/checkpoints/blackwell/libri_advfb_prrecover_gn00015_240L16P_aux64_12k_s42/final.pt",
  "probe_protocol": {
    "asr_lr": 0.0005,
    "asr_warmup_steps": 500,
    "base_lr": 0.0005,
    "pr_lr": 0.0005,
    "pr_warmup_steps": 500,
    "steps": 7500,
    "val_every": 500
  },
  "sources": [
    "z_t",
    "z_L",
    "z_P"
  ],
  "speaker_disjoint_emotion_split": false,
  "tasks": [
    "pr"
  ],
  "test": {
    "z_L": {
      "pr_per": 0.43916704770614234
    },
    "z_P": {
      "pr_per": 0.997195549458924
    },
    "z_t": {
      "pr_per": 0.41321063862216123
    }
  },
  "validation_selection": {
    "z_L.pr": 0.43822441243939214,
    "z_P.pr": 0.997112742856495,
    "z_t.pr": 0.41245828782628086
  }
}
finished   : Thu 23 Jul 07:19:33 BST 2026
