=== MSP empirical fixed-routing run ===
started     : Wed 22 Jul 15:09:17 BST 2026
run_name    : msp_fixed2130L2990P_topk210L46P_sc_optfix_aux64_gn0004_grlp025_dann12000_12k_s42
routing     : fixed blocks L/P/U=2130/2990/0
active      : fixed TopK L/P/U=210/46/0
schedule    : 12000 steps; sigmoid DANN ramp=12000
optimization: separate discriminator/clip; PCGrad cooperative, balance=none; AuxK=64
+ /home/bbg25/.conda/envs/mlmi4/bin/python + -u + -m + msp.run + --run_name + msp_fixed2130L2990P_topk210L46P_sc_optfix_aux64_gn0004_grlp025_dann12000_12k_s42 + --checkpoint_dir + /rds/user/bbg25/hpc-work/Thesis/Final-Proj/Disentanglement/msp/checkpoints/msp_fixed2130L2990P_topk210L46P_sc_optfix_aux64_gn0004_grlp025_dann12000_12k_s42 + --manifest + /rds/user/bbg25/hpc-work/Thesis/Final-Proj/Disentanglement/data/msp_subset + --audio_root + /rds/user/bbg25/hpc-work/Thesis/Final-Proj/Disentanglement/data/msp_audio + --transcripts + /rds/project/rds-xyBFuSj0hm0/dataset/MSP-Podcast-2.0/Transcripts.zip + --lexicon_path + /rds/user/bbg25/hpc-work/Thesis/Final-Proj/Disentanglement/../Probing/data/librispeech-lexicon.txt + --steps + 12000 + --warmup_steps + 500 + --dann_ramp_steps + 12000 + --batch_size + 16 + --eval_batch + 32 + --num_workers + 8 + --seed + 42 + --lr + 1e-4 + --lr_min + 1e-5 + --lr_heads + 1e-4 + --lr_disc + 1e-3 + --lr_routing + 0 + --n_disc_steps + 3 + --grad_clip + 1.0 + --separate_discriminator_optimizer + --separate_grad_clip + --fixed_blocks + --K_L + 2130 + --K_P + 2990 + --K_U + 0 + --per_block_topk + --topk_L + 210 + --topk_P + 46 + --topk_U + 0 + --routing_spec_weight + 0 + --pcgrad_tasks + recon\,pr\,sid\,prosody\,emotion\,aux + --pcgrad_balance + none + --adversary_balance + none + --recon_weight + 1.0 + --alpha + 0.8 + --beta + 0.6 + --grl_weight + 1.0 + --grl_phoneme_weight + 0.25 + --prosody_weight + 0.5 + --grl_prosody_weight + 0.10 + --emotion_weight + 0.5 + --grl_emotion_weight + 0.10 + --inv_weight + 0 + --no_invariance + --grl_grad_norm + --grl_grad_norm_target + 0.0004 + --aux_k + 64 + --aux_k_coef + 0.03125 + --dead_steps_threshold + 256 + --valid_frame_dead_count + --log_every + 500 + --grad_log_every + 1000 + --ckpt_every + 1000 + --resume + none 
gpu         : NVIDIA A100-SXM4-80GB
=== MSP run 'msp_fixed2130L2990P_topk210L46P_sc_optfix_aux64_gn0004_grlp025_dann12000_12k_s42'  pcgrad=True  routing=fixed-block ===
[dis_data] loaded lexicon: 200,000 entries
[msp_data] manifest=/rds/user/bbg25/hpc-work/Thesis/Final-Proj/Disentanglement/data/msp_subset/manifest.csv
[msp_data] speakers=700  vocab=74  emotions=('neutral', 'happy', 'sad', 'angry')
[msp_data]  train        41067  {'neutral': 18380, 'happy': 11373, 'sad': 6128, 'angry': 5186}
[msp_data]  val           4975  {'neutral': 2282, 'happy': 1402, 'sad': 710, 'angry': 581}
[msp_data]  test          4975  {'neutral': 2282, 'happy': 1402, 'sad': 710, 'angry': 581}
[msp_data] preloaded 51017 transcripts from Transcripts.zip
[msp_data] dropped 33 rows with empty/non-verbal transcript
[msp_data] dropped 3 rows with empty/non-verbal transcript
[msp_data] dropped 7 rows with empty/non-verbal transcript
[msp] training from scratch (SAE/routing/heads from init)
[msp] fixed blocks: sizes L/P/U=2130/2990/0 active L/P/U=210/46/0 per_block_topk=True
[msp] speaker adversary: GELUSpeakerGRLHead (GELU projector, per-frame grad norm target=0.0004)
[msp] emotion adversary: GELUEmotionGRLHead (mean+std, plain gradient reversal)
[msp] emotion class weights [0.44, 0.71, 1.31, 1.55] for ('neutral', 'happy', 'sad', 'angry')
[msp] steps=12000 microbatch=16 accumulation=1 effective_batch=16 pcgrad=True (['aux', 'emotion', 'pr', 'prosody', 'recon', 'sid'])  device=cuda amp=torch.bfloat16
[msp] optimization: discriminator_optimizer=separate gradient_clip=per-group pcgrad_balance=none adversary_balance=none
[msp] weights recon=1.0 α(pr)=0.8 β(sid)=0.6 grl=1.0 grl_p=0.25 pros=0.5/0.1 emo=0.5/0.1 inv=0.0
[msp] per-frame GRL targets: speaker=4.00e-04 emotion=nan
[msp] AuxK on: aux_k=64 coef=0.03125 dead_thresh=256 valid_frames=True
[dis_data] g2p_en loaded for OOV words
[dis_data] g2p_en loaded for OOV words[dis_data] g2p_en loaded for OOV words[dis_data] g2p_en loaded for OOV words
[dis_data] g2p_en loaded for OOV words

[dis_data] g2p_en loaded for OOV words[dis_data] g2p_en loaded for OOV words[dis_data] g2p_en loaded for OOV words




[train 00001/12000] lr=2.00e-07 dann=0.00 zL_frame=1.67e-07 emo_frame=nan recon=0.3422 aux=0.0000 dead=0.0% active L/P=210/46 (18.0% P) assigned L/P=2130/2990
  content: z_L PER=3.017 | z_P adv PER=2.918    speaker: z_P acc=0.000 | z_L adv acc=0.000
  affect:  z_P emo acc=0.312 | z_L emo-adv acc=0.375    pros loss P/Ladv=33.609/33.161
  route: Hbal=0.679 Hunit=0.000 spec=1.00 margin=1.000 tau=1.000    clip main=7.79e+00->1.28e-01 disc=2.67e+01->3.75e-02
  clip groups: SAE=7.79e+00->1.28e-01 routing=0.00e+00->1.00e+00 positive_heads=1.23e+01->8.12e-02 main_disc=0.00e+00->1.00e+00
  SAE gradients (weighted, before clipping)
    cooperative: recon=1.55e-01  pr=3.13e+00  sid=5.30e-01  prosody=7.11e+00  emotion=1.96e-01  inv=0.00e+00  aux=0.00e+00
    adversarial: external_bundle=1.00e-03
    adversarial factors: grl=9.57e-04  grl_p=1.58e-04  pros_grl=2.53e-04  emo_grl=6.95e-06  route_spec=0.00e+00
    PCGrad: raw=7.78e+00  projected=7.79e+00  adversary_bundle=1.00e-03
    cooperative conflicts=6/15  strongest=prosody|emotion:-0.01

[train 00500/12000] lr=1.00e-04 dann=0.21 zL_frame=8.21e-05 emo_frame=nan recon=0.2044 aux=0.0000 dead=0.0% active L/P=210/46 (18.0% P) assigned L/P=2130/2990
  content: z_L PER=0.872 | z_P adv PER=0.698    speaker: z_P acc=0.000 | z_L adv acc=0.000
  affect:  z_P emo acc=0.250 | z_L emo-adv acc=0.312    pros loss P/Ladv=1.683/1.934
  route: Hbal=0.679 Hunit=0.000 spec=1.00 margin=1.000 tau=0.909    clip main=6.69e+00->1.50e-01 disc=1.91e+01->5.25e-02
  clip groups: SAE=6.69e+00->1.50e-01 routing=0.00e+00->1.00e+00 positive_heads=2.00e+00->4.99e-01 main_disc=0.00e+00->1.00e+00

[train 01000/12000] lr=9.96e-05 dann=0.39 zL_frame=1.58e-04 emo_frame=nan recon=0.1287 aux=0.0000 dead=0.0% active L/P=210/46 (18.0% P) assigned L/P=2130/2990
  content: z_L PER=0.604 | z_P adv PER=0.673    speaker: z_P acc=0.062 | z_L adv acc=0.000
  affect:  z_P emo acc=0.625 | z_L emo-adv acc=0.562    pros loss P/Ladv=1.445/2.661
  route: Hbal=0.679 Hunit=0.000 spec=1.00 margin=1.000 tau=0.825    clip main=5.70e+00->1.75e-01 disc=1.47e+01->6.82e-02
  clip groups: SAE=5.70e+00->1.75e-01 routing=0.00e+00->1.00e+00 positive_heads=1.40e+00->7.14e-01 main_disc=0.00e+00->1.00e+00
  SAE gradients (weighted, before clipping)
    cooperative: recon=3.59e-02  pr=6.82e-01  sid=1.27e+00  prosody=4.90e+00  emotion=1.93e+00  inv=0.00e+00  aux=0.00e+00
    adversarial: external_bundle=9.93e-01
    adversarial factors: grl=7.37e-01  grl_p=5.36e-01  pros_grl=2.61e-01  emo_grl=2.59e-01  route_spec=0.00e+00
    PCGrad: raw=5.61e+00  projected=5.62e+00  adversary_bundle=9.93e-01
    cooperative conflicts=3/15  strongest=pr|sid:-0.01
[dis_data] g2p_en loaded for OOV words
[dis_data] g2p_en loaded for OOV words
[dis_data] g2p_en loaded for OOV words[dis_data] g2p_en loaded for OOV words

[dis_data] g2p_en loaded for OOV words
[dis_data] g2p_en loaded for OOV words
[dis_data] g2p_en loaded for OOV words
[dis_data] g2p_en loaded for OOV words

[val step=01000]
  factor      kept representation       leakage representation
  phoneme     z_L PER=0.594              z_P PER=0.687
  speaker     z_P acc=0.138              z_L acc=0.061
  emotion     z_P UAR=0.623 acc=0.515    z_L UAR=0.503
  prosody     z_P loss=1.630           z_L loss=3.018
  checkpoint score=2.711
  [best] disent=2.711 -> /rds/user/bbg25/hpc-work/Thesis/Final-Proj/Disentanglement/msp/checkpoints/msp_fixed2130L2990P_topk210L46P_sc_optfix_aux64_gn0004_grlp025_dann12000_12k_s42/best.pt

[train 01500/12000] lr=9.83e-05 dann=0.55 zL_frame=2.22e-04 emo_frame=nan recon=0.1213 aux=0.0000 dead=0.0% active L/P=210/46 (18.0% P) assigned L/P=2130/2990
  content: z_L PER=0.483 | z_P adv PER=0.847    speaker: z_P acc=0.250 | z_L adv acc=0.062
  affect:  z_P emo acc=0.562 | z_L emo-adv acc=0.625    pros loss P/Ladv=1.683/4.033
  route: Hbal=0.679 Hunit=0.000 spec=1.00 margin=1.000 tau=0.750    clip main=6.77e+00->1.48e-01 disc=1.76e+01->5.69e-02
  clip groups: SAE=6.77e+00->1.48e-01 routing=0.00e+00->1.00e+00 positive_heads=1.30e+00->7.70e-01 main_disc=0.00e+00->1.00e+00

[train 02000/12000] lr=9.63e-05 dann=0.68 zL_frame=2.73e-04 emo_frame=nan recon=0.1246 aux=0.0000 dead=0.0% active L/P=210/46 (18.0% P) assigned L/P=2130/2990
  content: z_L PER=0.429 | z_P adv PER=0.966    speaker: z_P acc=0.188 | z_L adv acc=0.062
  affect:  z_P emo acc=0.625 | z_L emo-adv acc=0.688    pros loss P/Ladv=1.379/2.987
  route: Hbal=0.679 Hunit=0.000 spec=1.00 margin=1.000 tau=0.681    clip main=1.38e+01->7.23e-02 disc=2.61e+01->3.83e-02
  clip groups: SAE=1.38e+01->7.23e-02 routing=0.00e+00->1.00e+00 positive_heads=1.86e+00->5.39e-01 main_disc=0.00e+00->1.00e+00
  SAE gradients (weighted, before clipping)
    cooperative: recon=4.69e-02  pr=8.62e-01  sid=6.54e+00  prosody=8.37e+00  emotion=6.25e+00  inv=0.00e+00  aux=0.00e+00
    adversarial: external_bundle=2.55e+00
    adversarial factors: grl=2.12e+00  grl_p=1.45e+00  pros_grl=7.03e-01  emo_grl=3.45e-01  route_spec=0.00e+00
    PCGrad: raw=1.02e+01  projected=1.34e+01  adversary_bundle=2.55e+00
    cooperative conflicts=5/15  strongest=sid|prosody:-0.27
[dis_data] g2p_en loaded for OOV words
[dis_data] g2p_en loaded for OOV words
[dis_data] g2p_en loaded for OOV words
[dis_data] g2p_en loaded for OOV words
[dis_data] g2p_en loaded for OOV words
[dis_data] g2p_en loaded for OOV words
[dis_data] g2p_en loaded for OOV words
[dis_data] g2p_en loaded for OOV words

[val step=02000]
  factor      kept representation       leakage representation
  phoneme     z_L PER=0.456              z_P PER=0.967
  speaker     z_P acc=0.255              z_L acc=0.059
  emotion     z_P UAR=0.668 acc=0.607    z_L UAR=0.506
  prosody     z_P loss=1.628           z_L loss=3.533
  checkpoint score=2.131
  [best] disent=2.131 -> /rds/user/bbg25/hpc-work/Thesis/Final-Proj/Disentanglement/msp/checkpoints/msp_fixed2130L2990P_topk210L46P_sc_optfix_aux64_gn0004_grlp025_dann12000_12k_s42/best.pt

[train 02500/12000] lr=9.34e-05 dann=0.78 zL_frame=3.11e-04 emo_frame=nan recon=0.1271 aux=0.0000 dead=0.0% active L/P=210/46 (18.0% P) assigned L/P=2130/2990
  content: z_L PER=0.535 | z_P adv PER=0.994    speaker: z_P acc=0.125 | z_L adv acc=0.000
  affect:  z_P emo acc=0.875 | z_L emo-adv acc=0.688    pros loss P/Ladv=1.408/2.785
  route: Hbal=0.679 Hunit=0.000 spec=1.00 margin=1.000 tau=0.619    clip main=1.91e+01->5.22e-02 disc=1.14e+01->8.80e-02
  clip groups: SAE=1.91e+01->5.22e-02 routing=0.00e+00->1.00e+00 positive_heads=1.72e+00->5.82e-01 main_disc=0.00e+00->1.00e+00
[dis_data] g2p_en loaded for OOV words
[dis_data] g2p_en loaded for OOV words
[dis_data] g2p_en loaded for OOV words
[dis_data] g2p_en loaded for OOV words
[dis_data] g2p_en loaded for OOV words
[dis_data] g2p_en loaded for OOV words
[dis_data] g2p_en loaded for OOV words
[dis_data] g2p_en loaded for OOV words

[train 03000/12000] lr=8.99e-05 dann=0.85 zL_frame=3.39e-04 emo_frame=nan recon=0.1383 aux=0.0000 dead=0.2% active L/P=210/46 (18.0% P) assigned L/P=2130/2990
  content: z_L PER=0.521 | z_P adv PER=1.000    speaker: z_P acc=0.312 | z_L adv acc=0.062
  affect:  z_P emo acc=0.562 | z_L emo-adv acc=0.438    pros loss P/Ladv=2.007/4.312
  route: Hbal=0.679 Hunit=0.000 spec=1.00 margin=1.000 tau=0.562    clip main=1.74e+01->5.76e-02 disc=1.26e+01->7.91e-02
  clip groups: SAE=1.74e+01->5.76e-02 routing=0.00e+00->1.00e+00 positive_heads=1.92e+00->5.21e-01 main_disc=0.00e+00->1.00e+00
  SAE gradients (weighted, before clipping)
    cooperative: recon=7.42e-02  pr=2.48e+00  sid=4.28e+00  prosody=5.93e+00  emotion=1.35e+01  inv=0.00e+00  aux=0.00e+00
    adversarial: external_bundle=3.48e+00
    adversarial factors: grl=1.93e+00  grl_p=2.09e+00  pros_grl=1.39e+00  emo_grl=1.04e+00  route_spec=0.00e+00
    PCGrad: raw=1.41e+01  projected=1.70e+01  adversary_bundle=3.48e+00
    cooperative conflicts=6/15  strongest=sid|emotion:-0.28
[dis_data] g2p_en loaded for OOV words
[dis_data] g2p_en loaded for OOV words
[dis_data] g2p_en loaded for OOV words
[dis_data] g2p_en loaded for OOV words
[dis_data] g2p_en loaded for OOV words
[dis_data] g2p_en loaded for OOV words
[dis_data] g2p_en loaded for OOV words
[dis_data] g2p_en loaded for OOV words

[val step=03000]
  factor      kept representation       leakage representation
  phoneme     z_L PER=0.446              z_P PER=0.998
  speaker     z_P acc=0.273              z_L acc=0.059
  emotion     z_P UAR=0.667 acc=0.613    z_L UAR=0.526
  prosody     z_P loss=1.628           z_L loss=3.879
  checkpoint score=2.094
  [best] disent=2.094 -> /rds/user/bbg25/hpc-work/Thesis/Final-Proj/Disentanglement/msp/checkpoints/msp_fixed2130L2990P_topk210L46P_sc_optfix_aux64_gn0004_grlp025_dann12000_12k_s42/best.pt

[train 03500/12000] lr=8.57e-05 dann=0.90 zL_frame=3.59e-04 emo_frame=nan recon=0.1397 aux=0.0000 dead=0.4% active L/P=210/46 (18.0% P) assigned L/P=2130/2990
  content: z_L PER=0.488 | z_P adv PER=0.997    speaker: z_P acc=0.188 | z_L adv acc=0.000
  affect:  z_P emo acc=0.812 | z_L emo-adv acc=0.688    pros loss P/Ladv=1.615/4.033
  route: Hbal=0.679 Hunit=0.000 spec=1.00 margin=1.000 tau=0.511    clip main=1.91e+01->5.25e-02 disc=2.59e+01->3.86e-02
  clip groups: SAE=1.91e+01->5.25e-02 routing=0.00e+00->1.00e+00 positive_heads=1.39e+00->7.20e-01 main_disc=0.00e+00->1.00e+00

[train 04000/12000] lr=8.10e-05 dann=0.93 zL_frame=3.72e-04 emo_frame=nan recon=0.1447 aux=0.0000 dead=0.6% active L/P=210/46 (18.0% P) assigned L/P=2130/2990
  content: z_L PER=0.475 | z_P adv PER=1.000    speaker: z_P acc=0.375 | z_L adv acc=0.062
  affect:  z_P emo acc=0.438 | z_L emo-adv acc=0.250    pros loss P/Ladv=1.996/4.607
  route: Hbal=0.679 Hunit=0.000 spec=1.00 margin=1.000 tau=0.464    clip main=2.46e+01->4.07e-02 disc=1.99e+01->5.03e-02
  clip groups: SAE=2.46e+01->4.07e-02 routing=0.00e+00->1.00e+00 positive_heads=2.37e+00->4.22e-01 main_disc=0.00e+00->1.00e+00
  SAE gradients (weighted, before clipping)
    cooperative: recon=9.54e-02  pr=1.22e+00  sid=1.08e+01  prosody=9.12e+00  emotion=1.68e+01  inv=0.00e+00  aux=0.00e+00
    adversarial: external_bundle=8.08e+00
    adversarial factors: grl=2.63e+00  grl_p=4.12e+00  pros_grl=5.16e+00  emo_grl=1.73e+00  route_spec=0.00e+00
    PCGrad: raw=2.17e+01  projected=2.33e+01  adversary_bundle=8.08e+00
    cooperative conflicts=5/15  strongest=sid|emotion:-0.10
[dis_data] g2p_en loaded for OOV words
[dis_data] g2p_en loaded for OOV words
[dis_data] g2p_en loaded for OOV words
[dis_data] g2p_en loaded for OOV words
[dis_data] g2p_en loaded for OOV words
[dis_data] g2p_en loaded for OOV words
[dis_data] g2p_en loaded for OOV words
[dis_data] g2p_en loaded for OOV words

[val step=04000]
  factor      kept representation       leakage representation
  phoneme     z_L PER=0.439              z_P PER=0.999
  speaker     z_P acc=0.243              z_L acc=0.070
  emotion     z_P UAR=0.647 acc=0.595    z_L UAR=0.521
  prosody     z_P loss=1.734           z_L loss=3.983
  checkpoint score=2.141

[train 04500/12000] lr=7.57e-05 dann=0.95 zL_frame=3.82e-04 emo_frame=nan recon=0.1547 aux=0.0000 dead=0.7% active L/P=210/46 (18.0% P) assigned L/P=2130/2990
  content: z_L PER=0.478 | z_P adv PER=0.994    speaker: z_P acc=0.250 | z_L adv acc=0.062
  affect:  z_P emo acc=0.625 | z_L emo-adv acc=0.438    pros loss P/Ladv=1.978/4.624
  route: Hbal=0.679 Hunit=0.000 spec=1.00 margin=1.000 tau=0.422    clip main=2.68e+01->3.73e-02 disc=1.52e+01->6.58e-02
  clip groups: SAE=2.68e+01->3.73e-02 routing=0.00e+00->1.00e+00 positive_heads=2.42e+00->4.14e-01 main_disc=0.00e+00->1.00e+00

[train 05000/12000] lr=7.01e-05 dann=0.97 zL_frame=3.88e-04 emo_frame=nan recon=0.1558 aux=0.0000 dead=1.0% active L/P=210/46 (18.0% P) assigned L/P=2130/2990
  content: z_L PER=0.403 | z_P adv PER=0.917    speaker: z_P acc=0.125 | z_L adv acc=0.000
  affect:  z_P emo acc=0.500 | z_L emo-adv acc=0.625    pros loss P/Ladv=1.691/3.940
  route: Hbal=0.679 Hunit=0.000 spec=1.00 margin=1.000 tau=0.383    clip main=3.69e+01->2.71e-02 disc=1.93e+01->5.19e-02
  clip groups: SAE=3.69e+01->2.71e-02 routing=0.00e+00->1.00e+00 positive_heads=1.84e+00->5.42e-01 main_disc=0.00e+00->1.00e+00
  SAE gradients (weighted, before clipping)
    cooperative: recon=9.21e-02  pr=1.71e+00  sid=1.49e+01  prosody=4.57e+00  emotion=2.25e+01  inv=0.00e+00  aux=0.00e+00
    adversarial: external_bundle=5.16e+00
    adversarial factors: grl=3.06e+00  grl_p=3.43e+00  pros_grl=2.27e+00  emo_grl=7.96e-01  route_spec=0.00e+00
    PCGrad: raw=3.61e+01  projected=3.61e+01  adversary_bundle=5.16e+00
    cooperative conflicts=0/15  strongest=recon|aux:+0.00
[dis_data] g2p_en loaded for OOV words
[dis_data] g2p_en loaded for OOV words
[dis_data] g2p_en loaded for OOV words
[dis_data] g2p_en loaded for OOV words
[dis_data] g2p_en loaded for OOV words
[dis_data] g2p_en loaded for OOV words[dis_data] g2p_en loaded for OOV words[dis_data] g2p_en loaded for OOV words



[val step=05000]
  factor      kept representation       leakage representation
  phoneme     z_L PER=0.434              z_P PER=0.928
  speaker     z_P acc=0.219              z_L acc=0.078
  emotion     z_P UAR=0.615 acc=0.594    z_L UAR=0.486
  prosody     z_P loss=1.701           z_L loss=4.110
  checkpoint score=2.236
[dis_data] g2p_en loaded for OOV words
[dis_data] g2p_en loaded for OOV words
[dis_data] g2p_en loaded for OOV words
[dis_data] g2p_en loaded for OOV words
[dis_data] g2p_en loaded for OOV words
[dis_data] g2p_en loaded for OOV words
[dis_data] g2p_en loaded for OOV words
[dis_data] g2p_en loaded for OOV words

[train 05500/12000] lr=6.42e-05 dann=0.98 zL_frame=3.92e-04 emo_frame=nan recon=0.1538 aux=0.3766 dead=1.3% active L/P=210/46 (18.0% P) assigned L/P=2130/2990
  content: z_L PER=0.388 | z_P adv PER=0.852    speaker: z_P acc=0.125 | z_L adv acc=0.000
  affect:  z_P emo acc=0.562 | z_L emo-adv acc=0.562    pros loss P/Ladv=1.750/4.188
  route: Hbal=0.679 Hunit=0.000 spec=1.00 margin=1.000 tau=0.348    clip main=2.39e+01->4.18e-02 disc=2.51e+01->3.98e-02
  clip groups: SAE=2.39e+01->4.18e-02 routing=0.00e+00->1.00e+00 positive_heads=2.35e+00->4.26e-01 main_disc=0.00e+00->1.00e+00

[train 06000/12000] lr=5.81e-05 dann=0.99 zL_frame=3.95e-04 emo_frame=nan recon=0.1588 aux=0.4942 dead=1.8% active L/P=210/46 (18.0% P) assigned L/P=2130/2990
  content: z_L PER=0.364 | z_P adv PER=0.791    speaker: z_P acc=0.250 | z_L adv acc=0.000
  affect:  z_P emo acc=0.562 | z_L emo-adv acc=0.562    pros loss P/Ladv=1.652/4.447
  route: Hbal=0.679 Hunit=0.000 spec=1.00 margin=1.000 tau=0.316    clip main=2.03e+01->4.93e-02 disc=1.84e+01->5.42e-02
  clip groups: SAE=2.03e+01->4.93e-02 routing=0.00e+00->1.00e+00 positive_heads=2.05e+00->4.89e-01 main_disc=0.00e+00->1.00e+00
  SAE gradients (weighted, before clipping)
    cooperative: recon=1.02e-01  pr=3.30e+00  sid=8.88e+00  prosody=4.31e+00  emotion=1.98e+01  inv=0.00e+00  aux=3.15e-02
    adversarial: external_bundle=1.29e+01
    adversarial factors: grl=2.62e+00  grl_p=1.16e+01  pros_grl=2.97e+00  emo_grl=2.47e+00  route_spec=0.00e+00
    PCGrad: raw=2.23e+01  projected=2.46e+01  adversary_bundle=1.29e+01
    cooperative conflicts=9/15  strongest=prosody|emotion:-0.17
[dis_data] g2p_en loaded for OOV words
[dis_data] g2p_en loaded for OOV words
[dis_data] g2p_en loaded for OOV words
[dis_data] g2p_en loaded for OOV words
[dis_data] g2p_en loaded for OOV words
[dis_data] g2p_en loaded for OOV words
[dis_data] g2p_en loaded for OOV words
[dis_data] g2p_en loaded for OOV words

[val step=06000]
  factor      kept representation       leakage representation
  phoneme     z_L PER=0.444              z_P PER=0.802
  speaker     z_P acc=0.206              z_L acc=0.085
  emotion     z_P UAR=0.615 acc=0.561    z_L UAR=0.473
  prosody     z_P loss=1.699           z_L loss=3.950
  checkpoint score=2.379

[train 06500/12000] lr=5.19e-05 dann=0.99 zL_frame=3.96e-04 emo_frame=nan recon=0.1591 aux=0.3909 dead=1.7% active L/P=210/46 (18.0% P) assigned L/P=2130/2990
  content: z_L PER=0.366 | z_P adv PER=0.769    speaker: z_P acc=0.125 | z_L adv acc=0.062
  affect:  z_P emo acc=0.562 | z_L emo-adv acc=0.500    pros loss P/Ladv=1.689/3.721
  route: Hbal=0.679 Hunit=0.000 spec=1.00 margin=1.000 tau=0.287    clip main=4.85e+01->2.06e-02 disc=1.84e+01->5.44e-02
  clip groups: SAE=4.85e+01->2.06e-02 routing=0.00e+00->1.00e+00 positive_heads=2.42e+00->4.13e-01 main_disc=0.00e+00->1.00e+00

[train 07000/12000] lr=4.58e-05 dann=0.99 zL_frame=3.98e-04 emo_frame=nan recon=0.1594 aux=0.5084 dead=2.1% active L/P=210/46 (18.0% P) assigned L/P=2130/2990
  content: z_L PER=0.526 | z_P adv PER=0.797    speaker: z_P acc=0.188 | z_L adv acc=0.188
  affect:  z_P emo acc=0.562 | z_L emo-adv acc=0.500    pros loss P/Ladv=1.879/3.568
  route: Hbal=0.679 Hunit=0.000 spec=1.00 margin=1.000 tau=0.261    clip main=5.56e+01->1.80e-02 disc=1.21e+01->8.25e-02
  clip groups: SAE=5.56e+01->1.80e-02 routing=0.00e+00->1.00e+00 positive_heads=2.97e+00->3.37e-01 main_disc=0.00e+00->1.00e+00
  SAE gradients (weighted, before clipping)
    cooperative: recon=1.10e-01  pr=6.61e+00  sid=8.18e+00  prosody=4.31e+00  emotion=1.15e+01  inv=0.00e+00  aux=3.41e-02
    adversarial: external_bundle=3.54e+01
    adversarial factors: grl=3.61e+00  grl_p=3.09e+01  pros_grl=3.05e+00  emo_grl=1.88e+00  route_spec=0.00e+00
    PCGrad: raw=2.24e+01  projected=2.24e+01  adversary_bundle=3.54e+01
    cooperative conflicts=5/15  strongest=pr|aux:-0.08
[dis_data] g2p_en loaded for OOV words
[dis_data] g2p_en loaded for OOV words
[dis_data] g2p_en loaded for OOV words
[dis_data] g2p_en loaded for OOV words
[dis_data] g2p_en loaded for OOV words
[dis_data] g2p_en loaded for OOV words
[dis_data] g2p_en loaded for OOV words
[dis_data] g2p_en loaded for OOV words

[val step=07000]
  factor      kept representation       leakage representation
  phoneme     z_L PER=0.384              z_P PER=0.765
  speaker     z_P acc=0.221              z_L acc=0.129
  emotion     z_P UAR=0.628 acc=0.569    z_L UAR=0.468
  prosody     z_P loss=1.729           z_L loss=3.716
  checkpoint score=2.367

[train 07500/12000] lr=3.99e-05 dann=1.00 zL_frame=3.98e-04 emo_frame=nan recon=0.1592 aux=0.5007 dead=2.3% active L/P=210/46 (18.0% P) assigned L/P=2130/2990
  content: z_L PER=0.453 | z_P adv PER=0.777    speaker: z_P acc=0.250 | z_L adv acc=0.125
  affect:  z_P emo acc=0.562 | z_L emo-adv acc=0.500    pros loss P/Ladv=1.601/3.880
  route: Hbal=0.679 Hunit=0.000 spec=1.00 margin=1.000 tau=0.237    clip main=3.53e+01->2.83e-02 disc=2.38e+01->4.19e-02
  clip groups: SAE=3.53e+01->2.83e-02 routing=0.00e+00->1.00e+00 positive_heads=2.62e+00->3.82e-01 main_disc=0.00e+00->1.00e+00
[dis_data] g2p_en loaded for OOV words
[dis_data] g2p_en loaded for OOV words
[dis_data] g2p_en loaded for OOV words
[dis_data] g2p_en loaded for OOV words
[dis_data] g2p_en loaded for OOV words
[dis_data] g2p_en loaded for OOV words
[dis_data] g2p_en loaded for OOV words
[dis_data] g2p_en loaded for OOV words

[train 08000/12000] lr=3.43e-05 dann=1.00 zL_frame=3.99e-04 emo_frame=nan recon=0.1569 aux=0.4086 dead=2.4% active L/P=210/46 (18.0% P) assigned L/P=2130/2990
  content: z_L PER=0.420 | z_P adv PER=0.759    speaker: z_P acc=0.188 | z_L adv acc=0.062
  affect:  z_P emo acc=0.625 | z_L emo-adv acc=0.438    pros loss P/Ladv=1.760/3.621
  route: Hbal=0.679 Hunit=0.000 spec=1.00 margin=1.000 tau=0.215    clip main=3.65e+01->2.74e-02 disc=2.15e+01->4.65e-02
  clip groups: SAE=3.65e+01->2.74e-02 routing=0.00e+00->1.00e+00 positive_heads=2.12e+00->4.72e-01 main_disc=0.00e+00->1.00e+00
  SAE gradients (weighted, before clipping)
    cooperative: recon=1.09e-01  pr=4.73e+00  sid=1.18e+01  prosody=3.30e+00  emotion=2.45e+01  inv=0.00e+00  aux=1.75e-02
    adversarial: external_bundle=1.41e+01
    adversarial factors: grl=3.04e+00  grl_p=1.32e+01  pros_grl=3.20e+00  emo_grl=2.11e+00  route_spec=0.00e+00
    PCGrad: raw=2.13e+01  projected=3.00e+01  adversary_bundle=1.41e+01
    cooperative conflicts=7/15  strongest=sid|emotion:-0.55
[dis_data] g2p_en loaded for OOV words
[dis_data] g2p_en loaded for OOV words
[dis_data] g2p_en loaded for OOV words
[dis_data] g2p_en loaded for OOV words
[dis_data] g2p_en loaded for OOV words
[dis_data] g2p_en loaded for OOV words
[dis_data] g2p_en loaded for OOV words
[dis_data] g2p_en loaded for OOV words

[val step=08000]
  factor      kept representation       leakage representation
  phoneme     z_L PER=0.374              z_P PER=0.764
  speaker     z_P acc=0.226              z_L acc=0.149
  emotion     z_P UAR=0.646 acc=0.583    z_L UAR=0.522
  prosody     z_P loss=1.755           z_L loss=3.535
  checkpoint score=2.409

[train 08500/12000] lr=2.90e-05 dann=1.00 zL_frame=3.99e-04 emo_frame=nan recon=0.1539 aux=0.5240 dead=2.8% active L/P=210/46 (18.0% P) assigned L/P=2130/2990
  content: z_L PER=0.270 | z_P adv PER=0.704    speaker: z_P acc=0.062 | z_L adv acc=0.125
  affect:  z_P emo acc=0.750 | z_L emo-adv acc=0.188    pros loss P/Ladv=1.498/2.976
  route: Hbal=0.679 Hunit=0.000 spec=1.00 margin=1.000 tau=0.196    clip main=3.40e+01->2.94e-02 disc=1.70e+01->5.88e-02
  clip groups: SAE=3.40e+01->2.94e-02 routing=0.00e+00->1.00e+00 positive_heads=1.88e+00->5.32e-01 main_disc=0.00e+00->1.00e+00

[train 09000/12000] lr=2.43e-05 dann=1.00 zL_frame=4.00e-04 emo_frame=nan recon=0.1536 aux=0.5670 dead=3.2% active L/P=210/46 (18.0% P) assigned L/P=2130/2990
  content: z_L PER=0.433 | z_P adv PER=0.783    speaker: z_P acc=0.312 | z_L adv acc=0.125
  affect:  z_P emo acc=0.812 | z_L emo-adv acc=0.625    pros loss P/Ladv=2.057/4.409
  route: Hbal=0.679 Hunit=0.000 spec=1.00 margin=1.000 tau=0.178    clip main=3.83e+01->2.61e-02 disc=2.99e+01->3.35e-02
  clip groups: SAE=3.83e+01->2.61e-02 routing=0.00e+00->1.00e+00 positive_heads=2.18e+00->4.59e-01 main_disc=0.00e+00->1.00e+00
  SAE gradients (weighted, before clipping)
    cooperative: recon=1.07e-01  pr=4.38e+00  sid=7.56e+00  prosody=3.83e+00  emotion=2.49e+01  inv=0.00e+00  aux=2.76e-02
    adversarial: external_bundle=1.81e+01
    adversarial factors: grl=3.27e+00  grl_p=2.01e+01  pros_grl=4.02e+00  emo_grl=1.47e+00  route_spec=0.00e+00
    PCGrad: raw=2.38e+01  projected=2.72e+01  adversary_bundle=1.81e+01
    cooperative conflicts=7/15  strongest=pr|emotion:-0.43
[dis_data] g2p_en loaded for OOV words
[dis_data] g2p_en loaded for OOV words[dis_data] g2p_en loaded for OOV words

[dis_data] g2p_en loaded for OOV words
[dis_data] g2p_en loaded for OOV words
[dis_data] g2p_en loaded for OOV words[dis_data] g2p_en loaded for OOV words

[dis_data] g2p_en loaded for OOV words

[val step=09000]
  factor      kept representation       leakage representation
  phoneme     z_L PER=0.360              z_P PER=0.729
  speaker     z_P acc=0.243              z_L acc=0.183
  emotion     z_P UAR=0.649 acc=0.618    z_L UAR=0.427
  prosody     z_P loss=1.770           z_L loss=3.452
  checkpoint score=2.348

[train 09500/12000] lr=2.01e-05 dann=1.00 zL_frame=4.00e-04 emo_frame=nan recon=0.1458 aux=0.6443 dead=3.2% active L/P=210/46 (18.0% P) assigned L/P=2130/2990
  content: z_L PER=0.353 | z_P adv PER=0.755    speaker: z_P acc=0.250 | z_L adv acc=0.188
  affect:  z_P emo acc=0.625 | z_L emo-adv acc=0.250    pros loss P/Ladv=2.533/4.936
  route: Hbal=0.679 Hunit=0.000 spec=1.00 margin=1.000 tau=0.162    clip main=4.51e+01->2.22e-02 disc=1.28e+01->7.82e-02
  clip groups: SAE=4.51e+01->2.22e-02 routing=0.00e+00->1.00e+00 positive_heads=2.65e+00->3.78e-01 main_disc=0.00e+00->1.00e+00

[train 10000/12000] lr=1.66e-05 dann=1.00 zL_frame=4.00e-04 emo_frame=nan recon=0.1604 aux=0.5908 dead=3.4% active L/P=210/46 (18.0% P) assigned L/P=2130/2990
  content: z_L PER=0.348 | z_P adv PER=0.751    speaker: z_P acc=0.188 | z_L adv acc=0.125
  affect:  z_P emo acc=0.500 | z_L emo-adv acc=0.500    pros loss P/Ladv=1.606/3.513
  route: Hbal=0.679 Hunit=0.000 spec=1.00 margin=1.000 tau=0.147    clip main=6.18e+01->1.62e-02 disc=2.08e+01->4.80e-02
  clip groups: SAE=6.18e+01->1.62e-02 routing=0.00e+00->1.00e+00 positive_heads=3.93e+00->2.54e-01 main_disc=0.00e+00->1.00e+00
  SAE gradients (weighted, before clipping)
    cooperative: recon=1.18e-01  pr=9.92e+00  sid=7.75e+00  prosody=4.43e+00  emotion=1.39e+01  inv=0.00e+00  aux=3.23e-02
    adversarial: external_bundle=5.61e+01
    adversarial factors: grl=2.29e+00  grl_p=5.48e+01  pros_grl=3.54e+00  emo_grl=9.81e-01  route_spec=0.00e+00
    PCGrad: raw=1.59e+01  projected=2.32e+01  adversary_bundle=5.61e+01
    cooperative conflicts=5/15  strongest=pr|emotion:-0.43
[dis_data] g2p_en loaded for OOV words
[dis_data] g2p_en loaded for OOV words
[dis_data] g2p_en loaded for OOV words
[dis_data] g2p_en loaded for OOV words
[dis_data] g2p_en loaded for OOV words
[dis_data] g2p_en loaded for OOV words
[dis_data] g2p_en loaded for OOV words
[dis_data] g2p_en loaded for OOV words

[val step=10000]
  factor      kept representation       leakage representation
  phoneme     z_L PER=0.366              z_P PER=0.743
  speaker     z_P acc=0.262              z_L acc=0.199
  emotion     z_P UAR=0.658 acc=0.609    z_L UAR=0.523
  prosody     z_P loss=1.779           z_L loss=3.610
  checkpoint score=2.424
[dis_data] g2p_en loaded for OOV words
[dis_data] g2p_en loaded for OOV words
[dis_data] g2p_en loaded for OOV words
[dis_data] g2p_en loaded for OOV words
[dis_data] g2p_en loaded for OOV words[dis_data] g2p_en loaded for OOV words

[dis_data] g2p_en loaded for OOV words
[dis_data] g2p_en loaded for OOV words

[train 10500/12000] lr=1.37e-05 dann=1.00 zL_frame=4.00e-04 emo_frame=nan recon=0.1453 aux=0.5886 dead=3.6% active L/P=210/46 (18.0% P) assigned L/P=2130/2990
  content: z_L PER=0.302 | z_P adv PER=0.695    speaker: z_P acc=0.188 | z_L adv acc=0.250
  affect:  z_P emo acc=0.750 | z_L emo-adv acc=0.500    pros loss P/Ladv=1.591/2.743
  route: Hbal=0.679 Hunit=0.000 spec=1.00 margin=1.000 tau=0.133    clip main=3.40e+01->2.94e-02 disc=1.48e+01->6.76e-02
  clip groups: SAE=3.40e+01->2.94e-02 routing=0.00e+00->1.00e+00 positive_heads=1.48e+00->6.75e-01 main_disc=0.00e+00->1.00e+00

[train 11000/12000] lr=1.17e-05 dann=1.00 zL_frame=4.00e-04 emo_frame=nan recon=0.1450 aux=0.5227 dead=3.7% active L/P=210/46 (18.0% P) assigned L/P=2130/2990
  content: z_L PER=0.340 | z_P adv PER=0.753    speaker: z_P acc=0.375 | z_L adv acc=0.312
  affect:  z_P emo acc=0.812 | z_L emo-adv acc=0.562    pros loss P/Ladv=1.747/3.190
  route: Hbal=0.679 Hunit=0.000 spec=1.00 margin=1.000 tau=0.121    clip main=3.20e+01->3.13e-02 disc=1.87e+01->5.34e-02
  clip groups: SAE=3.20e+01->3.13e-02 routing=0.00e+00->1.00e+00 positive_heads=2.19e+00->4.56e-01 main_disc=0.00e+00->1.00e+00
  SAE gradients (weighted, before clipping)
    cooperative: recon=9.47e-02  pr=5.97e+00  sid=8.32e+00  prosody=6.51e+00  emotion=2.01e+01  inv=0.00e+00  aux=2.70e-02
    adversarial: external_bundle=3.02e+01
    adversarial factors: grl=2.32e+00  grl_p=2.64e+01  pros_grl=7.02e+00  emo_grl=1.86e+00  route_spec=0.00e+00
    PCGrad: raw=2.27e+01  projected=2.46e+01  adversary_bundle=3.02e+01
    cooperative conflicts=7/15  strongest=pr|emotion:-0.52
[dis_data] g2p_en loaded for OOV words
[dis_data] g2p_en loaded for OOV words
[dis_data] g2p_en loaded for OOV words
[dis_data] g2p_en loaded for OOV words
[dis_data] g2p_en loaded for OOV words
[dis_data] g2p_en loaded for OOV words
[dis_data] g2p_en loaded for OOV words
[dis_data] g2p_en loaded for OOV words

[val step=11000]
  factor      kept representation       leakage representation
  phoneme     z_L PER=0.377              z_P PER=0.758
  speaker     z_P acc=0.276              z_L acc=0.248
  emotion     z_P UAR=0.667 acc=0.615    z_L UAR=0.465
  prosody     z_P loss=1.781           z_L loss=3.563
  checkpoint score=2.389

[train 11500/12000] lr=1.04e-05 dann=1.00 zL_frame=4.00e-04 emo_frame=nan recon=0.1459 aux=0.5793 dead=3.9% active L/P=210/46 (18.0% P) assigned L/P=2130/2990
  content: z_L PER=0.283 | z_P adv PER=0.677    speaker: z_P acc=0.125 | z_L adv acc=0.438
  affect:  z_P emo acc=0.562 | z_L emo-adv acc=0.375    pros loss P/Ladv=1.815/3.124
  route: Hbal=0.679 Hunit=0.000 spec=1.00 margin=1.000 tau=0.110    clip main=5.16e+01->1.94e-02 disc=1.50e+01->6.67e-02
  clip groups: SAE=5.16e+01->1.94e-02 routing=0.00e+00->1.00e+00 positive_heads=1.48e+00->6.75e-01 main_disc=0.00e+00->1.00e+00

[train 12000/12000] lr=1.00e-05 dann=1.00 zL_frame=4.00e-04 emo_frame=nan recon=0.1455 aux=0.4872 dead=3.6% active L/P=210/46 (18.0% P) assigned L/P=2130/2990
  content: z_L PER=0.392 | z_P adv PER=0.741    speaker: z_P acc=0.312 | z_L adv acc=0.500
  affect:  z_P emo acc=0.688 | z_L emo-adv acc=0.438    pros loss P/Ladv=1.778/3.659
  route: Hbal=0.679 Hunit=0.000 spec=1.00 margin=1.000 tau=0.100    clip main=7.82e+01->1.28e-02 disc=2.16e+01->4.63e-02
  clip groups: SAE=7.82e+01->1.28e-02 routing=0.00e+00->1.00e+00 positive_heads=3.14e+00->3.19e-01 main_disc=0.00e+00->1.00e+00
  SAE gradients (weighted, before clipping)
    cooperative: recon=1.02e-01  pr=7.81e+00  sid=1.45e+01  prosody=5.73e+00  emotion=3.09e+01  inv=0.00e+00  aux=2.80e-02
    adversarial: external_bundle=4.03e+01
    adversarial factors: grl=3.50e+00  grl_p=4.36e+01  pros_grl=3.75e+00  emo_grl=3.93e+00  route_spec=0.00e+00
    PCGrad: raw=4.17e+01  projected=4.15e+01  adversary_bundle=4.03e+01
    cooperative conflicts=5/15  strongest=emotion|aux:-0.09
[dis_data] g2p_en loaded for OOV words
[dis_data] g2p_en loaded for OOV words
[dis_data] g2p_en loaded for OOV words
[dis_data] g2p_en loaded for OOV words
[dis_data] g2p_en loaded for OOV words
[dis_data] g2p_en loaded for OOV words[dis_data] g2p_en loaded for OOV words

[dis_data] g2p_en loaded for OOV words

[val step=12000]
  factor      kept representation       leakage representation
  phoneme     z_L PER=0.371              z_P PER=0.732
  speaker     z_P acc=0.280              z_L acc=0.263
  emotion     z_P UAR=0.666 acc=0.639    z_L UAR=0.497
  prosody     z_P loss=1.796           z_L loss=3.489
  checkpoint score=2.452
[dis_data] g2p_en loaded for OOV words
[dis_data] g2p_en loaded for OOV words
[dis_data] g2p_en loaded for OOV words
[dis_data] g2p_en loaded for OOV words
[dis_data] g2p_en loaded for OOV words
[dis_data] g2p_en loaded for OOV words
[dis_data] g2p_en loaded for OOV words
[dis_data] g2p_en loaded for OOV words
[test] final.pt: z_L PER=0.373 z_P SID=0.285 z_L SID=0.269 z_P emo UAR=0.666 z_L emo UAR=0.503
[msp] done. best disent=2.094  ckpts in /rds/user/bbg25/hpc-work/Thesis/Final-Proj/Disentanglement/msp/checkpoints/msp_fixed2130L2990P_topk210L46P_sc_optfix_aux64_gn0004_grlp025_dann12000_12k_s42
finished    : Wed 22 Jul 18:18:48 BST 2026
