=== MSP fixed-routing independent probe ===
started    : Fri Jul 24 06:24:56 BST 2026
task       : 0
checkpoint : /rds/user/bbg25/hpc-work/Thesis/Final-Proj/Disentanglement/msp/checkpoints/msp_fixed2130L2990P_topk210L46P_sc_optfix_aux64_gn0004_grlp025_dann12000_12k_s42/final.pt
sources    : z_t,z_L,z_P
tasks      : pr,prosody
schedule   : 5000 complete steps; val every 500
output     : /rds/user/bbg25/hpc-work/Thesis/Final-Proj/Disentanglement/msp/probe_results/fixed_empirical_210L46P/msp_fixed2130L2990P_topk210L46P_sc_optfix_aux64_gn0004_grlp025_dann12000_12k_s42_final12k_pr_prosody_probe5k_seed42.json
+ /home/bbg25/.conda/envs/mlmi4/bin/python + -u + -m + msp.probe + --checkpoint + /rds/user/bbg25/hpc-work/Thesis/Final-Proj/Disentanglement/msp/checkpoints/msp_fixed2130L2990P_topk210L46P_sc_optfix_aux64_gn0004_grlp025_dann12000_12k_s42/final.pt + --manifest + /rds/user/bbg25/hpc-work/Thesis/Final-Proj/Disentanglement/data/msp_subset + --audio_root + /rds/user/bbg25/hpc-work/Thesis/Final-Proj/Disentanglement/data/msp_audio + --transcripts + /rds/project/rds-xyBFuSj0hm0/dataset/MSP-Podcast-2.0/Transcripts.zip + --lexicon_path + /rds/user/bbg25/hpc-work/Thesis/Final-Proj/Probing/data/librispeech-lexicon.txt + --steps + 5000 + --val_every + 500 + --batch_size + 16 + --eval_batch + 32 + --num_workers + 8 + --lr + 5e-4 + --seed + 42 + --sources + z_t\,z_L\,z_P + --tasks + pr\,prosody + --pr_probe_arch + linear + --pr_probe_proj_dim + 256 + --output + /rds/user/bbg25/hpc-work/Thesis/Final-Proj/Disentanglement/msp/probe_results/fixed_empirical_210L46P/msp_fixed2130L2990P_topk210L46P_sc_optfix_aux64_gn0004_grlp025_dann12000_12k_s42_final12k_pr_prosody_probe5k_seed42.json 
[dis_data] loaded lexicon: 200,000 entries
[msp_data] manifest=/rds/user/bbg25/hpc-work/Thesis/Final-Proj/Disentanglement/data/msp_subset/manifest.csv
[msp_data] speakers=700  vocab=74  emotions=('neutral', 'happy', 'sad', 'angry')
[msp_data]  train        41067  {'neutral': 18380, 'happy': 11373, 'sad': 6128, 'angry': 5186}
[msp_data]  val           4975  {'neutral': 2282, 'happy': 1402, 'sad': 710, 'angry': 581}
[msp_data]  test          4975  {'neutral': 2282, 'happy': 1402, 'sad': 710, 'angry': 581}
[msp_data] preloaded 51017 transcripts from Transcripts.zip
[msp_data] dropped 33 rows with empty/non-verbal transcript
[msp_data] dropped 3 rows with empty/non-verbal transcript
[msp_data] dropped 7 rows with empty/non-verbal transcript
[msp_probe] loaded compatible tensors: total=39 sae=6 route=5
[dis_data] g2p_en loaded for OOV words
[dis_data] g2p_en loaded for OOV words
[dis_data] g2p_en loaded for OOV words
[dis_data] g2p_en loaded for OOV words
[dis_data] g2p_en loaded for OOV words
[dis_data] g2p_en loaded for OOV words
[dis_data] g2p_en loaded for OOV words
[dis_data] g2p_en loaded for OOV words
[dis_data] g2p_en loaded for OOV words
[dis_data] g2p_en loaded for OOV words
[dis_data] g2p_en loaded for OOV words
[dis_data] g2p_en loaded for OOV words[dis_data] g2p_en loaded for OOV words

[dis_data] g2p_en loaded for OOV words
[dis_data] g2p_en loaded for OOV words
[dis_data] g2p_en loaded for OOV words
[dis_data] g2p_en loaded for OOV words
[dis_data] g2p_en loaded for OOV words
[dis_data] g2p_en loaded for OOV words
[dis_data] g2p_en loaded for OOV words
[dis_data] g2p_en loaded for OOV words
[dis_data] g2p_en loaded for OOV words
[dis_data] g2p_en loaded for OOV words
[dis_data] g2p_en loaded for OOV words
[probe step=500] {"z_L": {"pr_per": 0.5520027512083776, "prosody_energy_corr": 0.7235895953077418, "prosody_f0_corr": -0.004595836629116129, "prosody_loss": 4.939419901764211}, "z_P": {"pr_per": 0.9988020150333886, "prosody_energy_corr": 0.9091544726153133, "prosody_f0_corr": 0.42561433234352014, "prosody_loss": 1.9355479100013298}, "z_t": {"pr_per": 0.5250499790258153, "prosody_energy_corr": 0.9053254853719037, "prosody_f0_corr": 0.26568542715172105, "prosody_loss": 1.9333642008605736}}
[dis_data] g2p_en loaded for OOV words
[dis_data] g2p_en loaded for OOV words
[dis_data] g2p_en loaded for OOV words
[dis_data] g2p_en loaded for OOV words
[dis_data] g2p_en loaded for OOV words
[dis_data] g2p_en loaded for OOV words
[dis_data] g2p_en loaded for OOV words
[dis_data] g2p_en loaded for OOV words
[probe step=1000] {"z_L": {"pr_per": 0.3823159279092706, "prosody_energy_corr": 0.7402157320313298, "prosody_f0_corr": 0.045574748955409965, "prosody_loss": 4.664371112998416}, "z_P": {"pr_per": 0.9694835059766979, "prosody_energy_corr": 0.9116389482258658, "prosody_f0_corr": 0.4809372429016223, "prosody_loss": 1.8063454773765557}, "z_t": {"pr_per": 0.3835517041997498, "prosody_energy_corr": 0.9109845106660318, "prosody_f0_corr": 0.3535441117492572, "prosody_loss": 1.7979003558308486}}
[dis_data] g2p_en loaded for OOV words
[dis_data] g2p_en loaded for OOV words
[dis_data] g2p_en loaded for OOV words
[dis_data] g2p_en loaded for OOV words
[dis_data] g2p_en loaded for OOV words
[dis_data] g2p_en loaded for OOV words
[dis_data] g2p_en loaded for OOV words
[dis_data] g2p_en loaded for OOV words
[probe step=1500] {"z_L": {"pr_per": 0.3530276519116741, "prosody_energy_corr": 0.748265628161807, "prosody_f0_corr": 0.012728096839447995, "prosody_loss": 4.5672729696272265}, "z_P": {"pr_per": 0.8518088817169355, "prosody_energy_corr": 0.9130642715528003, "prosody_f0_corr": 0.5268694477402526, "prosody_loss": 1.7251443876341668}, "z_t": {"pr_per": 0.35364365049072033, "prosody_energy_corr": 0.9129998717029999, "prosody_f0_corr": 0.38191892998974664, "prosody_loss": 1.7552722149670172}}
[dis_data] g2p_en loaded for OOV words
[dis_data] g2p_en loaded for OOV words
[dis_data] g2p_en loaded for OOV words
[dis_data] g2p_en loaded for OOV words
[dis_data] g2p_en loaded for OOV words
[dis_data] g2p_en loaded for OOV words
[dis_data] g2p_en loaded for OOV words
[dis_data] g2p_en loaded for OOV words
[probe step=2000] {"z_L": {"pr_per": 0.34467576933687566, "prosody_energy_corr": 0.7544090163034052, "prosody_f0_corr": 0.05533563304404216, "prosody_loss": 4.410019091224824}, "z_P": {"pr_per": 0.8353696558344136, "prosody_energy_corr": 0.9138336875617924, "prosody_f0_corr": 0.5404517704858535, "prosody_loss": 1.6928614849825587}, "z_t": {"pr_per": 0.3462365510126185, "prosody_energy_corr": 0.9148408923577641, "prosody_f0_corr": 0.41873960294358437, "prosody_loss": 1.7412120032866731}}
[dis_data] g2p_en loaded for OOV words[dis_data] g2p_en loaded for OOV words

[dis_data] g2p_en loaded for OOV words
[dis_data] g2p_en loaded for OOV words
[dis_data] g2p_en loaded for OOV words
[dis_data] g2p_en loaded for OOV words
[dis_data] g2p_en loaded for OOV words
[dis_data] g2p_en loaded for OOV words
[probe step=2500] {"z_L": {"pr_per": 0.3896285490777027, "prosody_energy_corr": 0.7560053086598933, "prosody_f0_corr": 0.05015483493748921, "prosody_loss": 4.480971080491549}, "z_P": {"pr_per": 0.8316736643601362, "prosody_energy_corr": 0.9143469937980384, "prosody_f0_corr": 0.53792233843236, "prosody_loss": 1.6672305274374142}, "z_t": {"pr_per": 0.40003627967091315, "prosody_energy_corr": 0.9160512020449533, "prosody_f0_corr": 0.43029892885205595, "prosody_loss": 1.6900506802172979}}
[dis_data] g2p_en loaded for OOV words
[dis_data] g2p_en loaded for OOV words
[dis_data] g2p_en loaded for OOV words
[dis_data] g2p_en loaded for OOV words
[dis_data] g2p_en loaded for OOV words
[dis_data] g2p_en loaded for OOV words
[dis_data] g2p_en loaded for OOV words
[dis_data] g2p_en loaded for OOV words
[dis_data] g2p_en loaded for OOV words
[dis_data] g2p_en loaded for OOV words
[dis_data] g2p_en loaded for OOV words
[dis_data] g2p_en loaded for OOV words
[dis_data] g2p_en loaded for OOV words
[dis_data] g2p_en loaded for OOV words
[dis_data] g2p_en loaded for OOV words
[dis_data] g2p_en loaded for OOV words
[probe step=3000] {"z_L": {"pr_per": 0.43587757122719767, "prosody_energy_corr": 0.7618004457526328, "prosody_f0_corr": 0.08243988302058389, "prosody_loss": 4.315606907501589}, "z_P": {"pr_per": 0.8258651378816452, "prosody_energy_corr": 0.9151229830733275, "prosody_f0_corr": 0.5530791477945625, "prosody_loss": 1.6504075559798692}, "z_t": {"pr_per": 0.41007743442260525, "prosody_energy_corr": 0.9177528045638302, "prosody_f0_corr": 0.4200350749079445, "prosody_loss": 1.6648671039150111}}
[dis_data] g2p_en loaded for OOV words
[dis_data] g2p_en loaded for OOV words
[dis_data] g2p_en loaded for OOV words
[dis_data] g2p_en loaded for OOV words
[dis_data] g2p_en loaded for OOV words
[dis_data] g2p_en loaded for OOV words
[dis_data] g2p_en loaded for OOV words
[dis_data] g2p_en loaded for OOV words
[probe step=3500] {"z_L": {"pr_per": 0.30402742138459854, "prosody_energy_corr": 0.768590644909396, "prosody_f0_corr": 0.03573983153723711, "prosody_loss": 4.232095642427428}, "z_P": {"pr_per": 0.8187452524649391, "prosody_energy_corr": 0.9157500454847913, "prosody_f0_corr": 0.5797010353911894, "prosody_loss": 1.6358733352690287}, "z_t": {"pr_per": 0.3039442804720892, "prosody_energy_corr": 0.9187327562899843, "prosody_f0_corr": 0.4307084729074504, "prosody_loss": 1.7641258869838639}}
[dis_data] g2p_en loaded for OOV words
[dis_data] g2p_en loaded for OOV words
[dis_data] g2p_en loaded for OOV words
[dis_data] g2p_en loaded for OOV words
[dis_data] g2p_en loaded for OOV words
[dis_data] g2p_en loaded for OOV words
[dis_data] g2p_en loaded for OOV words
[dis_data] g2p_en loaded for OOV words
[probe step=4000] {"z_L": {"pr_per": 0.36818575191507535, "prosody_energy_corr": 0.7729643660919772, "prosody_f0_corr": 0.06588486330345127, "prosody_loss": 4.097356196669734}, "z_P": {"pr_per": 0.8225999674994615, "prosody_energy_corr": 0.9161026637978699, "prosody_f0_corr": 0.5769091492625606, "prosody_loss": 1.6283885398797229}, "z_t": {"pr_per": 0.366473804943861, "prosody_energy_corr": 0.9204640619998714, "prosody_f0_corr": 0.4634582357252696, "prosody_loss": 1.583455330598575}}
[dis_data] g2p_en loaded for OOV words
[dis_data] g2p_en loaded for OOV words
[dis_data] g2p_en loaded for OOV words
[dis_data] g2p_en loaded for OOV words
[dis_data] g2p_en loaded for OOV words
[dis_data] g2p_en loaded for OOV words
[dis_data] g2p_en loaded for OOV words
[dis_data] g2p_en loaded for OOV words
[probe step=4500] {"z_L": {"pr_per": 0.40170665618587287, "prosody_energy_corr": 0.7720468222710547, "prosody_f0_corr": 0.1249373522554524, "prosody_loss": 4.181211804921648}, "z_P": {"pr_per": 0.8281666295051981, "prosody_energy_corr": 0.916624261789586, "prosody_f0_corr": 0.5771441284784966, "prosody_loss": 1.6186833664571099}, "z_t": {"pr_per": 0.3910457237227477, "prosody_energy_corr": 0.9212231046443402, "prosody_f0_corr": 0.47858321064093423, "prosody_loss": 1.598960205516984}}
[dis_data] g2p_en loaded for OOV words
[dis_data] g2p_en loaded for OOV words
[dis_data] g2p_en loaded for OOV words
[dis_data] g2p_en loaded for OOV words
[dis_data] g2p_en loaded for OOV words
[dis_data] g2p_en loaded for OOV words
[dis_data] g2p_en loaded for OOV words
[dis_data] g2p_en loaded for OOV words
[probe step=5000] {"z_L": {"pr_per": 0.3567274225183382, "prosody_energy_corr": 0.7782989344264306, "prosody_f0_corr": 0.11483528686538416, "prosody_loss": 4.014282810429076}, "z_P": {"pr_per": 0.822093563759632, "prosody_energy_corr": 0.9170379201167331, "prosody_f0_corr": 0.5647627435861733, "prosody_loss": 1.6133589172018026}, "z_t": {"pr_per": 0.3549323346346146, "prosody_energy_corr": 0.9225028759444274, "prosody_f0_corr": 0.4871410499136488, "prosody_loss": 1.5440201047727014}}
[dis_data] g2p_en loaded for OOV words
[dis_data] g2p_en loaded for OOV words
[dis_data] g2p_en loaded for OOV words
[dis_data] g2p_en loaded for OOV words
[dis_data] g2p_en loaded for OOV words
[dis_data] g2p_en loaded for OOV words
[dis_data] g2p_en loaded for OOV words
[dis_data] g2p_en loaded for OOV words
{
  "checkpoint": "/rds/user/bbg25/hpc-work/Thesis/Final-Proj/Disentanglement/msp/checkpoints/msp_fixed2130L2990P_topk210L46P_sc_optfix_aux64_gn0004_grlp025_dann12000_12k_s42/final.pt",
  "probe_protocol": {
    "asr_lr": 0.0005,
    "asr_warmup_steps": 500,
    "base_lr": 0.0005,
    "pr_lr": 0.0005,
    "pr_warmup_steps": 0,
    "steps": 5000,
    "val_every": 500
  },
  "sources": [
    "z_t",
    "z_L",
    "z_P"
  ],
  "speaker_disjoint_emotion_split": false,
  "tasks": [
    "pr",
    "prosody"
  ],
  "test": {
    "z_L": {
      "pr_per": 0.30578036884621246,
      "prosody_energy_corr": 0.7811500895754586,
      "prosody_f0_corr": 0.117518772951535,
      "prosody_loss": 3.9962192230562463
    },
    "z_P": {
      "pr_per": 0.8178516994360616,
      "prosody_energy_corr": 0.9182643749215428,
      "prosody_f0_corr": 0.5635796228039988,
      "prosody_loss": 1.6034683937419825
    },
    "z_t": {
      "pr_per": 0.3052278616064624,
      "prosody_energy_corr": 0.9234962461316645,
      "prosody_f0_corr": 0.48210237231288844,
      "prosody_loss": 1.5398688162774472
    }
  },
  "validation_selection": {
    "z_L.pr": 0.30402742138459854,
    "z_L.prosody": 4.014282810429076,
    "z_P.pr": 0.8187452524649391,
    "z_P.prosody": 1.6133589172018026,
    "z_t.pr": 0.3039442804720892,
    "z_t.prosody": 1.5440201047727014
  }
}
finished   : Fri Jul 24 09:01:26 BST 2026
