=== MSP pure SAE reconstruction baseline ===
started    : Sat 18 Jul 15:40:38 BST 2026
gpu        : NVIDIA A100-SXM4-80GB
run_name   : msp_sae_recon_topk256_12k_s42
topk       : 256 (DISConfig default)
steps      : 12000
objective  : reconstruction only; all supervised/adversarial weights set to 0
checkpoint : /rds/user/bbg25/hpc-work/Thesis/Final-Proj/Disentanglement/msp/checkpoints/msp_sae_recon_topk256_12k_s42/final.pt
probe      : z_t only; PR/SID/emotion/prosody; steps=5000
=== MSP run 'msp_sae_recon_topk256_12k_s42'  pcgrad=False  routing=hard ===
[dis_data] loaded lexicon: 200,000 entries
[msp_data] manifest=/rds/user/bbg25/hpc-work/Thesis/Final-Proj/Disentanglement/data/msp_subset/manifest.csv
[msp_data] speakers=700  vocab=74  emotions=('neutral', 'happy', 'sad', 'angry')
[msp_data]  train        41067  {'neutral': 18380, 'happy': 11373, 'sad': 6128, 'angry': 5186}
[msp_data]  val           4975  {'neutral': 2282, 'happy': 1402, 'sad': 710, 'angry': 581}
[msp_data]  test          4975  {'neutral': 2282, 'happy': 1402, 'sad': 710, 'angry': 581}
[msp_data] preloaded 51017 transcripts from Transcripts.zip
[msp_data] dropped 33 rows with empty/non-verbal transcript
[msp_data] dropped 3 rows with empty/non-verbal transcript
[msp_data] dropped 7 rows with empty/non-verbal transcript
[msp] training from scratch (SAE/routing/heads from init)
[msp] speaker adversary: GELUSpeakerGRLHead (GELU projector, per-frame grad norm target=0.0002)
[msp] emotion class weights [0.44, 0.71, 1.31, 1.55] for ('neutral', 'happy', 'sad', 'angry')
[msp] steps=12000 microbatch=16 accumulation=1 effective_batch=16 pcgrad=False (['recon'])  device=cuda amp=torch.bfloat16
[msp] weights recon=1.0 α(pr)=0.0 β(sid)=0.0 grl=0.0 grl_p=0.0 pros=0.0/0.0 emo=0.0/0.0 inv=0.0
[msp] per-frame GRL targets: speaker=2.00e-04 emotion=nan
[dis_data] g2p_en loaded for OOV words[dis_data] g2p_en loaded for OOV words[dis_data] g2p_en loaded for OOV words[dis_data] g2p_en loaded for OOV words
[dis_data] g2p_en loaded for OOV words
[dis_data] g2p_en loaded for OOV words
[dis_data] g2p_en loaded for OOV words
[dis_data] g2p_en loaded for OOV words



