=== Standard downstream SID ===
task_id    : 0
label      : libri_advfb_prrecover_gn00015_240L16P_aux64_12k_s42_z_t
checkpoint : /rds/user/bbg25/hpc-work/Thesis/Final-Proj/checkpoints/blackwell/libri_advfb_prrecover_gn00015_240L16P_aux64_12k_s42/final.pt
epochs     : 4
+ /home/bbg25/.conda/envs/mlmi4/bin/python + -u + Probing/sid/sid_run.py + --probe + final + --voxceleb1_root + /rds/user/bbg25/hpc-work/data/VoxCeleb1 + --model_family + disentanglement + --checkpoint_path + /rds/user/bbg25/hpc-work/Thesis/Final-Proj/checkpoints/blackwell/libri_advfb_prrecover_gn00015_240L16P_aux64_12k_s42/final.pt + --representation_source + z_t + --epochs + 4 + --batch_size + 8 + --eval_batch_size + 8 + --lr + 4e-4 + --warmup_steps + 100 + --num_workers + 0 + --train_max_duration_s + 8.0 + --max_examples + 0 + --seed + 42 + --checkpoint_dir + /rds/user/bbg25/hpc-work/Thesis/Final-Proj/Probing/sid/standard_downstream/checkpoints/libri_advfb_prrecover_gn00015_240L16P_aux64_12k_s42_z_t_seed42 + --runs_dir + /rds/user/bbg25/hpc-work/Thesis/Final-Proj/Probing/sid/standard_downstream/runs/libri_advfb_prrecover_gn00015_240L16P_aux64_12k_s42_z_t_seed42 
=== probe_type    : final
=== model_id      : marcoyang/spear-xlarge-speech-audio
=== model_family  : disentanglement
=== source        : z_t
=== encoder ckpt  : /rds/user/bbg25/hpc-work/Thesis/Final-Proj/checkpoints/blackwell/libri_advfb_prrecover_gn00015_240L16P_aux64_12k_s42/final.pt
=== voxceleb1_root: /rds/user/bbg25/hpc-work/data/VoxCeleb1
=== checkpoint    : /rds/user/bbg25/hpc-work/Thesis/Final-Proj/Probing/sid/standard_downstream/checkpoints/libri_advfb_prrecover_gn00015_240L16P_aux64_12k_s42_z_t_seed42
=== runs          : /rds/user/bbg25/hpc-work/Thesis/Final-Proj/Probing/sid/standard_downstream/runs/libri_advfb_prrecover_gn00015_240L16P_aux64_12k_s42_z_t_seed42
=== logs          : /rds/user/bbg25/hpc-work/Thesis/Final-Proj/Probing/sid/logs
=== epochs        : 4  lr=0.0004
=== seed          : 42
[SID]  speakers=1251  train=138361  val=6904  test=8251  train_max=8.0s  val/test=full
[CheckpointRepresentationEncoder] checkpoint=/rds/user/bbg25/hpc-work/Thesis/Final-Proj/checkpoints/blackwell/libri_advfb_prrecover_gn00015_240L16P_aux64_12k_s42/final.pt source=z_t hidden=5120 compatible=20 sae=3 shape_ignored=0
[build_sid_model] probe=final  hidden=5120  layers=1  speakers=1251  probe_params=1,632,483
[TBLogger] events → /rds/user/bbg25/hpc-work/Thesis/Final-Proj/Probing/sid/standard_downstream/runs/libri_advfb_prrecover_gn00015_240L16P_aux64_12k_s42_z_t_seed42/tb/20260723_140736_final
frozen encoder params : 614,467,004
trainable probe params: 1,632,483
device                : cuda
  epoch  1/4  step     50  loss 7.1330  lr 2.00e-04
  epoch  1/4  step    100  loss 7.1225  lr 4.00e-04
  epoch  1/4  step    150  loss 7.1340  lr 4.00e-04
  epoch  1/4  step    200  loss 7.1199  lr 3.99e-04
  epoch  1/4  step    250  loss 7.1078  lr 3.99e-04
  epoch  1/4  step    300  loss 7.0475  lr 3.99e-04
  epoch  1/4  step    350  loss 7.0285  lr 3.99e-04
  epoch  1/4  step    400  loss 7.0669  lr 3.98e-04
  epoch  1/4  step    450  loss 6.9939  lr 3.98e-04
  epoch  1/4  step    500  loss 7.0157  lr 3.98e-04
  epoch  1/4  step    550  loss 7.0452  lr 3.97e-04
  epoch  1/4  step    600  loss 6.9557  lr 3.97e-04
  epoch  1/4  step    650  loss 6.9615  lr 3.97e-04
  epoch  1/4  step    700  loss 6.9334  lr 3.97e-04
  epoch  1/4  step    750  loss 6.9366  lr 3.96e-04
  epoch  1/4  step    800  loss 6.9197  lr 3.96e-04
  epoch  1/4  step    850  loss 6.9134  lr 3.96e-04
  epoch  1/4  step    900  loss 6.9443  lr 3.95e-04
  epoch  1/4  step    950  loss 6.9128  lr 3.95e-04
  epoch  1/4  step   1000  loss 6.7388  lr 3.95e-04
  epoch  1/4  step   1050  loss 6.7122  lr 3.94e-04
  epoch  1/4  step   1100  loss 6.7756  lr 3.94e-04
  epoch  1/4  step   1150  loss 6.7099  lr 3.94e-04
  epoch  1/4  step   1200  loss 6.7125  lr 3.94e-04
  epoch  1/4  step   1250  loss 6.6250  lr 3.93e-04
  epoch  1/4  step   1300  loss 6.6115  lr 3.93e-04
  epoch  1/4  step   1350  loss 6.6270  lr 3.93e-04
  epoch  1/4  step   1400  loss 6.4907  lr 3.92e-04
  epoch  1/4  step   1450  loss 6.5937  lr 3.92e-04
  epoch  1/4  step   1500  loss 6.4812  lr 3.92e-04
  epoch  1/4  step   1550  loss 6.3803  lr 3.92e-04
  epoch  1/4  step   1600  loss 6.4038  lr 3.91e-04
  epoch  1/4  step   1650  loss 6.3290  lr 3.91e-04
  epoch  1/4  step   1700  loss 6.4132  lr 3.91e-04
  epoch  1/4  step   1750  loss 6.1149  lr 3.90e-04
  epoch  1/4  step   1800  loss 6.2608  lr 3.90e-04
  epoch  1/4  step   1850  loss 6.1865  lr 3.90e-04
  epoch  1/4  step   1900  loss 6.1939  lr 3.90e-04
  epoch  1/4  step   1950  loss 6.1257  lr 3.89e-04
  epoch  1/4  step   2000  loss 6.0380  lr 3.89e-04
  epoch  1/4  step   2050  loss 5.8786  lr 3.89e-04
  epoch  1/4  step   2100  loss 5.8754  lr 3.88e-04
  epoch  1/4  step   2150  loss 5.9143  lr 3.88e-04
  epoch  1/4  step   2200  loss 5.8353  lr 3.88e-04
  epoch  1/4  step   2250  loss 5.8571  lr 3.88e-04
  epoch  1/4  step   2300  loss 5.8038  lr 3.87e-04
  epoch  1/4  step   2350  loss 5.7905  lr 3.87e-04
  epoch  1/4  step   2400  loss 5.7090  lr 3.87e-04
  epoch  1/4  step   2450  loss 5.7767  lr 3.86e-04
  epoch  1/4  step   2500  loss 5.8175  lr 3.86e-04
  epoch  1/4  step   2550  loss 5.5868  lr 3.86e-04
  epoch  1/4  step   2600  loss 5.4992  lr 3.86e-04
  epoch  1/4  step   2650  loss 5.4785  lr 3.85e-04
  epoch  1/4  step   2700  loss 5.4227  lr 3.85e-04
  epoch  1/4  step   2750  loss 5.4708  lr 3.85e-04
  epoch  1/4  step   2800  loss 5.5649  lr 3.84e-04
  epoch  1/4  step   2850  loss 5.3901  lr 3.84e-04
  epoch  1/4  step   2900  loss 5.2593  lr 3.84e-04
  epoch  1/4  step   2950  loss 5.4009  lr 3.83e-04
  epoch  1/4  step   3000  loss 5.3507  lr 3.83e-04
  epoch  1/4  step   3050  loss 5.0948  lr 3.83e-04
  epoch  1/4  step   3100  loss 5.0685  lr 3.83e-04
  epoch  1/4  step   3150  loss 5.2580  lr 3.82e-04
  epoch  1/4  step   3200  loss 5.1360  lr 3.82e-04
  epoch  1/4  step   3250  loss 5.0877  lr 3.82e-04
  epoch  1/4  step   3300  loss 5.0789  lr 3.81e-04
  epoch  1/4  step   3350  loss 5.1646  lr 3.81e-04
  epoch  1/4  step   3400  loss 4.9240  lr 3.81e-04
  epoch  1/4  step   3450  loss 4.9723  lr 3.81e-04
  epoch  1/4  step   3500  loss 5.0533  lr 3.80e-04
  epoch  1/4  step   3550  loss 4.9159  lr 3.80e-04
  epoch  1/4  step   3600  loss 4.9270  lr 3.80e-04
  epoch  1/4  step   3650  loss 4.8250  lr 3.79e-04
  epoch  1/4  step   3700  loss 4.7156  lr 3.79e-04
  epoch  1/4  step   3750  loss 4.6456  lr 3.79e-04
  epoch  1/4  step   3800  loss 4.7314  lr 3.79e-04
  epoch  1/4  step   3850  loss 4.7989  lr 3.78e-04
  epoch  1/4  step   3900  loss 4.7656  lr 3.78e-04
  epoch  1/4  step   3950  loss 4.5731  lr 3.78e-04
  epoch  1/4  step   4000  loss 4.3977  lr 3.77e-04
  epoch  1/4  step   4050  loss 4.7046  lr 3.77e-04
  epoch  1/4  step   4100  loss 4.4873  lr 3.77e-04
  epoch  1/4  step   4150  loss 4.5221  lr 3.77e-04
  epoch  1/4  step   4200  loss 4.4356  lr 3.76e-04
  epoch  1/4  step   4250  loss 4.4507  lr 3.76e-04
  epoch  1/4  step   4300  loss 4.4792  lr 3.76e-04
  epoch  1/4  step   4350  loss 4.3452  lr 3.75e-04
  epoch  1/4  step   4400  loss 4.5343  lr 3.75e-04
  epoch  1/4  step   4450  loss 4.2750  lr 3.75e-04
  epoch  1/4  step   4500  loss 4.3135  lr 3.75e-04
  epoch  1/4  step   4550  loss 4.3143  lr 3.74e-04
  epoch  1/4  step   4600  loss 4.2602  lr 3.74e-04
  epoch  1/4  step   4650  loss 4.1339  lr 3.74e-04
  epoch  1/4  step   4700  loss 4.3220  lr 3.73e-04
  epoch  1/4  step   4750  loss 4.2028  lr 3.73e-04
  epoch  1/4  step   4800  loss 4.1541  lr 3.73e-04
  epoch  1/4  step   4850  loss 4.0864  lr 3.72e-04
  epoch  1/4  step   4900  loss 3.9687  lr 3.72e-04
  epoch  1/4  step   4950  loss 4.1014  lr 3.72e-04
  epoch  1/4  step   5000  loss 4.1614  lr 3.72e-04
  epoch  1/4  step   5050  loss 4.1072  lr 3.71e-04
  epoch  1/4  step   5100  loss 4.0881  lr 3.71e-04
  epoch  1/4  step   5150  loss 4.1198  lr 3.71e-04
  epoch  1/4  step   5200  loss 3.9958  lr 3.70e-04
  epoch  1/4  step   5250  loss 3.9933  lr 3.70e-04
  epoch  1/4  step   5300  loss 4.0917  lr 3.70e-04
  epoch  1/4  step   5350  loss 4.0545  lr 3.70e-04
  epoch  1/4  step   5400  loss 3.8999  lr 3.69e-04
  epoch  1/4  step   5450  loss 3.7454  lr 3.69e-04
  epoch  1/4  step   5500  loss 3.7161  lr 3.69e-04
  epoch  1/4  step   5550  loss 3.7627  lr 3.68e-04
  epoch  1/4  step   5600  loss 3.7416  lr 3.68e-04
  epoch  1/4  step   5650  loss 3.6534  lr 3.68e-04
  epoch  1/4  step   5700  loss 3.7401  lr 3.68e-04
  epoch  1/4  step   5750  loss 3.8018  lr 3.67e-04
  epoch  1/4  step   5800  loss 3.7363  lr 3.67e-04
  epoch  1/4  step   5850  loss 3.5564  lr 3.67e-04
  epoch  1/4  step   5900  loss 3.6494  lr 3.66e-04
  epoch  1/4  step   5950  loss 3.5702  lr 3.66e-04
  epoch  1/4  step   6000  loss 3.6296  lr 3.66e-04
  epoch  1/4  step   6050  loss 3.6826  lr 3.66e-04
  epoch  1/4  step   6100  loss 3.7368  lr 3.65e-04
  epoch  1/4  step   6150  loss 3.6182  lr 3.65e-04
  epoch  1/4  step   6200  loss 3.5019  lr 3.65e-04
  epoch  1/4  step   6250  loss 3.5503  lr 3.64e-04
  epoch  1/4  step   6300  loss 3.3934  lr 3.64e-04
  epoch  1/4  step   6350  loss 3.4680  lr 3.64e-04
  epoch  1/4  step   6400  loss 3.4211  lr 3.64e-04
  epoch  1/4  step   6450  loss 3.3730  lr 3.63e-04
  epoch  1/4  step   6500  loss 3.2643  lr 3.63e-04
  epoch  1/4  step   6550  loss 3.3982  lr 3.63e-04
  epoch  1/4  step   6600  loss 3.2177  lr 3.62e-04
  epoch  1/4  step   6650  loss 3.3066  lr 3.62e-04
  epoch  1/4  step   6700  loss 3.1275  lr 3.62e-04
  epoch  1/4  step   6750  loss 3.4316  lr 3.61e-04
  epoch  1/4  step   6800  loss 3.2741  lr 3.61e-04
  epoch  1/4  step   6850  loss 3.1939  lr 3.61e-04
  epoch  1/4  step   6900  loss 3.2156  lr 3.61e-04
  epoch  1/4  step   6950  loss 3.1907  lr 3.60e-04
  epoch  1/4  step   7000  loss 3.1807  lr 3.60e-04
  epoch  1/4  step   7050  loss 3.3507  lr 3.60e-04
  epoch  1/4  step   7100  loss 3.1308  lr 3.59e-04
  epoch  1/4  step   7150  loss 3.1237  lr 3.59e-04
  epoch  1/4  step   7200  loss 3.0628  lr 3.59e-04
  epoch  1/4  step   7250  loss 3.1373  lr 3.59e-04
  epoch  1/4  step   7300  loss 3.0072  lr 3.58e-04
  epoch  1/4  step   7350  loss 3.1240  lr 3.58e-04
  epoch  1/4  step   7400  loss 3.2155  lr 3.58e-04
  epoch  1/4  step   7450  loss 3.1422  lr 3.57e-04
  epoch  1/4  step   7500  loss 3.1285  lr 3.57e-04
  epoch  1/4  step   7550  loss 3.0660  lr 3.57e-04
  epoch  1/4  step   7600  loss 3.0403  lr 3.57e-04
  epoch  1/4  step   7650  loss 2.9452  lr 3.56e-04
  epoch  1/4  step   7700  loss 2.8653  lr 3.56e-04
  epoch  1/4  step   7750  loss 2.8424  lr 3.56e-04
  epoch  1/4  step   7800  loss 3.1192  lr 3.55e-04
  epoch  1/4  step   7850  loss 3.0460  lr 3.55e-04
  epoch  1/4  step   7900  loss 2.9464  lr 3.55e-04
  epoch  1/4  step   7950  loss 2.7330  lr 3.55e-04
  epoch  1/4  step   8000  loss 2.8145  lr 3.54e-04
  epoch  1/4  step   8050  loss 2.7962  lr 3.54e-04
  epoch  1/4  step   8100  loss 2.9088  lr 3.54e-04
  epoch  1/4  step   8150  loss 2.8006  lr 3.53e-04
  epoch  1/4  step   8200  loss 2.9021  lr 3.53e-04
  epoch  1/4  step   8250  loss 2.6713  lr 3.53e-04
  epoch  1/4  step   8300  loss 2.9812  lr 3.53e-04
  epoch  1/4  step   8350  loss 2.7189  lr 3.52e-04
  epoch  1/4  step   8400  loss 2.6527  lr 3.52e-04
  epoch  1/4  step   8450  loss 2.6738  lr 3.52e-04
  epoch  1/4  step   8500  loss 2.6999  lr 3.51e-04
  epoch  1/4  step   8550  loss 2.6370  lr 3.51e-04
  epoch  1/4  step   8600  loss 2.7545  lr 3.51e-04
  epoch  1/4  step   8650  loss 2.6828  lr 3.50e-04
  epoch  1/4  step   8700  loss 2.7602  lr 3.50e-04
  epoch  1/4  step   8750  loss 2.5801  lr 3.50e-04
  epoch  1/4  step   8800  loss 2.5934  lr 3.50e-04
  epoch  1/4  step   8850  loss 2.6394  lr 3.49e-04
  epoch  1/4  step   8900  loss 2.6935  lr 3.49e-04
  epoch  1/4  step   8950  loss 2.5895  lr 3.49e-04
  epoch  1/4  step   9000  loss 2.7128  lr 3.48e-04
  epoch  1/4  step   9050  loss 2.6560  lr 3.48e-04
  epoch  1/4  step   9100  loss 2.6292  lr 3.48e-04
  epoch  1/4  step   9150  loss 2.4241  lr 3.48e-04
  epoch  1/4  step   9200  loss 2.5308  lr 3.47e-04
  epoch  1/4  step   9250  loss 2.4019  lr 3.47e-04
  epoch  1/4  step   9300  loss 2.4894  lr 3.47e-04
  epoch  1/4  step   9350  loss 2.4060  lr 3.46e-04
  epoch  1/4  step   9400  loss 2.3520  lr 3.46e-04
  epoch  1/4  step   9450  loss 2.5000  lr 3.46e-04
  epoch  1/4  step   9500  loss 2.5106  lr 3.46e-04
  epoch  1/4  step   9550  loss 2.3731  lr 3.45e-04
  epoch  1/4  step   9600  loss 2.3781  lr 3.45e-04
  epoch  1/4  step   9650  loss 2.3131  lr 3.45e-04
  epoch  1/4  step   9700  loss 2.4614  lr 3.44e-04
  epoch  1/4  step   9750  loss 2.2898  lr 3.44e-04
  epoch  1/4  step   9800  loss 2.0827  lr 3.44e-04
  epoch  1/4  step   9850  loss 2.3911  lr 3.44e-04
  epoch  1/4  step   9900  loss 2.3438  lr 3.43e-04
  epoch  1/4  step   9950  loss 2.2183  lr 3.43e-04
  epoch  1/4  step  10000  loss 2.3198  lr 3.43e-04
  epoch  1/4  step  10050  loss 2.3070  lr 3.42e-04
  epoch  1/4  step  10100  loss 2.2300  lr 3.42e-04
  epoch  1/4  step  10150  loss 2.2337  lr 3.42e-04
  epoch  1/4  step  10200  loss 2.4196  lr 3.42e-04
  epoch  1/4  step  10250  loss 2.1861  lr 3.41e-04
  epoch  1/4  step  10300  loss 2.3118  lr 3.41e-04
  epoch  1/4  step  10350  loss 2.2233  lr 3.41e-04
  epoch  1/4  step  10400  loss 2.2023  lr 3.40e-04
  epoch  1/4  step  10450  loss 2.1160  lr 3.40e-04
  epoch  1/4  step  10500  loss 2.1382  lr 3.40e-04
  epoch  1/4  step  10550  loss 1.9747  lr 3.39e-04
  epoch  1/4  step  10600  loss 2.2503  lr 3.39e-04
  epoch  1/4  step  10650  loss 2.1011  lr 3.39e-04
  epoch  1/4  step  10700  loss 2.1590  lr 3.39e-04
  epoch  1/4  step  10750  loss 2.0868  lr 3.38e-04
  epoch  1/4  step  10800  loss 2.0585  lr 3.38e-04
  epoch  1/4  step  10850  loss 2.1083  lr 3.38e-04
  epoch  1/4  step  10900  loss 2.1638  lr 3.37e-04
  epoch  1/4  step  10950  loss 2.0809  lr 3.37e-04
  epoch  1/4  step  11000  loss 2.1274  lr 3.37e-04
  epoch  1/4  step  11050  loss 1.9958  lr 3.37e-04
  epoch  1/4  step  11100  loss 2.0184  lr 3.36e-04
  epoch  1/4  step  11150  loss 2.0276  lr 3.36e-04
  epoch  1/4  step  11200  loss 2.0209  lr 3.36e-04
  epoch  1/4  step  11250  loss 2.0255  lr 3.35e-04
  epoch  1/4  step  11300  loss 2.0018  lr 3.35e-04
  epoch  1/4  step  11350  loss 2.1130  lr 3.35e-04
  epoch  1/4  step  11400  loss 1.9165  lr 3.35e-04
  epoch  1/4  step  11450  loss 2.0162  lr 3.34e-04
  epoch  1/4  step  11500  loss 1.9302  lr 3.34e-04
  epoch  1/4  step  11550  loss 1.8375  lr 3.34e-04
  epoch  1/4  step  11600  loss 1.9131  lr 3.33e-04
  epoch  1/4  step  11650  loss 1.9399  lr 3.33e-04
  epoch  1/4  step  11700  loss 1.9359  lr 3.33e-04
  epoch  1/4  step  11750  loss 2.0327  lr 3.33e-04
  epoch  1/4  step  11800  loss 1.8472  lr 3.32e-04
  epoch  1/4  step  11850  loss 1.9754  lr 3.32e-04
  epoch  1/4  step  11900  loss 1.7787  lr 3.32e-04
  epoch  1/4  step  11950  loss 1.7370  lr 3.31e-04
  epoch  1/4  step  12000  loss 1.9841  lr 3.31e-04
  epoch  1/4  step  12050  loss 1.9135  lr 3.31e-04
  epoch  1/4  step  12100  loss 1.7579  lr 3.31e-04
  epoch  1/4  step  12150  loss 1.6350  lr 3.30e-04
  epoch  1/4  step  12200  loss 1.8096  lr 3.30e-04
  epoch  1/4  step  12250  loss 1.6817  lr 3.30e-04
  epoch  1/4  step  12300  loss 1.7985  lr 3.29e-04
  epoch  1/4  step  12350  loss 1.8448  lr 3.29e-04
  epoch  1/4  step  12400  loss 1.7697  lr 3.29e-04
  epoch  1/4  step  12450  loss 1.8820  lr 3.28e-04
  epoch  1/4  step  12500  loss 1.8730  lr 3.28e-04
  epoch  1/4  step  12550  loss 1.8287  lr 3.28e-04
  epoch  1/4  step  12600  loss 1.7318  lr 3.28e-04
  epoch  1/4  step  12650  loss 1.7597  lr 3.27e-04
  epoch  1/4  step  12700  loss 1.5947  lr 3.27e-04
  epoch  1/4  step  12750  loss 1.7287  lr 3.27e-04
  epoch  1/4  step  12800  loss 1.6751  lr 3.26e-04
  epoch  1/4  step  12850  loss 1.5723  lr 3.26e-04
  epoch  1/4  step  12900  loss 1.8226  lr 3.26e-04
  epoch  1/4  step  12950  loss 1.5926  lr 3.26e-04
  epoch  1/4  step  13000  loss 1.6510  lr 3.25e-04
  epoch  1/4  step  13050  loss 1.6836  lr 3.25e-04
  epoch  1/4  step  13100  loss 1.7828  lr 3.25e-04
  epoch  1/4  step  13150  loss 1.9213  lr 3.24e-04
  epoch  1/4  step  13200  loss 1.6330  lr 3.24e-04
  epoch  1/4  step  13250  loss 1.6972  lr 3.24e-04
  epoch  1/4  step  13300  loss 1.5391  lr 3.24e-04
  epoch  1/4  step  13350  loss 1.6962  lr 3.23e-04
  epoch  1/4  step  13400  loss 1.5527  lr 3.23e-04
  epoch  1/4  step  13450  loss 1.5917  lr 3.23e-04
  epoch  1/4  step  13500  loss 1.5454  lr 3.22e-04
  epoch  1/4  step  13550  loss 1.5041  lr 3.22e-04
  epoch  1/4  step  13600  loss 1.5376  lr 3.22e-04
  epoch  1/4  step  13650  loss 1.5699  lr 3.22e-04
  epoch  1/4  step  13700  loss 1.5635  lr 3.21e-04
  epoch  1/4  step  13750  loss 1.6753  lr 3.21e-04
  epoch  1/4  step  13800  loss 1.6770  lr 3.21e-04
  epoch  1/4  step  13850  loss 1.6203  lr 3.20e-04
  epoch  1/4  step  13900  loss 1.5822  lr 3.20e-04
  epoch  1/4  step  13950  loss 1.5824  lr 3.20e-04
  epoch  1/4  step  14000  loss 1.4361  lr 3.20e-04
  epoch  1/4  step  14050  loss 1.6454  lr 3.19e-04
  epoch  1/4  step  14100  loss 1.3645  lr 3.19e-04
  epoch  1/4  step  14150  loss 1.4821  lr 3.19e-04
  epoch  1/4  step  14200  loss 1.4859  lr 3.18e-04
  epoch  1/4  step  14250  loss 1.5567  lr 3.18e-04
  epoch  1/4  step  14300  loss 1.5144  lr 3.18e-04
  epoch  1/4  step  14350  loss 1.5144  lr 3.17e-04
  epoch  1/4  step  14400  loss 1.4405  lr 3.17e-04
  epoch  1/4  step  14450  loss 1.4614  lr 3.17e-04
  epoch  1/4  step  14500  loss 1.5106  lr 3.17e-04
  epoch  1/4  step  14550  loss 1.5850  lr 3.16e-04
  epoch  1/4  step  14600  loss 1.3105  lr 3.16e-04
  epoch  1/4  step  14650  loss 1.4594  lr 3.16e-04
  epoch  1/4  step  14700  loss 1.5070  lr 3.15e-04
  epoch  1/4  step  14750  loss 1.4465  lr 3.15e-04
  epoch  1/4  step  14800  loss 1.3203  lr 3.15e-04
  epoch  1/4  step  14850  loss 1.5459  lr 3.15e-04
  epoch  1/4  step  14900  loss 1.4523  lr 3.14e-04
  epoch  1/4  step  14950  loss 1.5316  lr 3.14e-04
  epoch  1/4  step  15000  loss 1.4839  lr 3.14e-04
  epoch  1/4  step  15050  loss 1.4056  lr 3.13e-04
  epoch  1/4  step  15100  loss 1.4274  lr 3.13e-04
  epoch  1/4  step  15150  loss 1.2194  lr 3.13e-04
  epoch  1/4  step  15200  loss 1.4320  lr 3.13e-04
  epoch  1/4  step  15250  loss 1.3127  lr 3.12e-04
  epoch  1/4  step  15300  loss 1.3869  lr 3.12e-04
  epoch  1/4  step  15350  loss 1.3884  lr 3.12e-04
  epoch  1/4  step  15400  loss 1.2987  lr 3.11e-04
  epoch  1/4  step  15450  loss 1.3406  lr 3.11e-04
  epoch  1/4  step  15500  loss 1.3269  lr 3.11e-04
  epoch  1/4  step  15550  loss 1.3396  lr 3.11e-04
  epoch  1/4  step  15600  loss 1.4036  lr 3.10e-04
  epoch  1/4  step  15650  loss 1.4268  lr 3.10e-04
  epoch  1/4  step  15700  loss 1.3414  lr 3.10e-04
  epoch  1/4  step  15750  loss 1.3047  lr 3.09e-04
  epoch  1/4  step  15800  loss 1.2797  lr 3.09e-04
  epoch  1/4  step  15850  loss 1.2238  lr 3.09e-04
