=== Standard downstream PR ===
task_id : 1
label   : libri_advfb_prrecover_gn00015_240L16P_aux64_12k_s42_z_L
ckpt    : /rds/user/bbg25/hpc-work/Thesis/Final-Proj/checkpoints/blackwell/libri_advfb_prrecover_gn00015_240L16P_aux64_12k_s42/final.pt
epochs  : 8
+ /home/bbg25/.conda/envs/mlmi4/bin/python + -u + Probing/pr/pr_run.py + --probe + final + --epochs + 8 + --batch_size + 16 + --eval_batch_size + 16 + --lr + 5e-4 + --warmup_steps + 500 + --local_data + --librispeech_root + /rds/user/bbg25/hpc-work/Thesis/Final-Proj/Probing/data/LibriSpeech + --data_cache_dir + /rds/user/bbg25/hpc-work/Thesis/Final-Proj/Probing/data + --lexicon_path + /rds/user/bbg25/hpc-work/Thesis/Final-Proj/Probing/data/librispeech-lexicon.txt + --num_workers + 8 + --max_examples + 0 + --seed + 42 + --checkpoint_dir + /rds/user/bbg25/hpc-work/Thesis/Final-Proj/Probing/pr/standard_downstream/checkpoints/libri_advfb_prrecover_gn00015_240L16P_aux64_12k_s42_z_L_seed42 + --runs_dir + /rds/user/bbg25/hpc-work/Thesis/Final-Proj/Probing/pr/standard_downstream/runs/libri_advfb_prrecover_gn00015_240L16P_aux64_12k_s42_z_L_seed42 + --model_family + disentanglement + --checkpoint_path + /rds/user/bbg25/hpc-work/Thesis/Final-Proj/checkpoints/blackwell/libri_advfb_prrecover_gn00015_240L16P_aux64_12k_s42/final.pt + --representation_source + z_L 
=== probe_type   : final
=== model_id     : marcoyang/spear-xlarge-speech-audio
=== model_family : disentanglement
=== source        : z_L
=== encoder ckpt  : /rds/user/bbg25/hpc-work/Thesis/Final-Proj/checkpoints/blackwell/libri_advfb_prrecover_gn00015_240L16P_aux64_12k_s42/final.pt
=== checkpoint   : /rds/user/bbg25/hpc-work/Thesis/Final-Proj/Probing/pr/standard_downstream/checkpoints/libri_advfb_prrecover_gn00015_240L16P_aux64_12k_s42_z_L_seed42
=== runs         : /rds/user/bbg25/hpc-work/Thesis/Final-Proj/Probing/pr/standard_downstream/runs/libri_advfb_prrecover_gn00015_240L16P_aux64_12k_s42_z_L_seed42
=== epochs       : 8  lr=0.0005
=== seed         : 42
[pr_data] loaded LibriSpeech lexicon: 200,000 entries
[pr_data] loading train-clean-100 …
[pr_data] loading dev-clean …
[pr_data] loading test-clean …
[pr_data]  train=28539  val=2703  test=2620  vocab_size=74
[CheckpointRepresentationEncoder] checkpoint=/rds/user/bbg25/hpc-work/Thesis/Final-Proj/checkpoints/blackwell/libri_advfb_prrecover_gn00015_240L16P_aux64_12k_s42/final.pt source=z_L hidden=5120 compatible=20 sae=3 shape_ignored=0
[build_pr_model] probe=final  hidden=5120  layers=1  vocab=74  probe_params=1,329,994
[TBLogger] events → /rds/user/bbg25/hpc-work/Thesis/Final-Proj/Probing/pr/standard_downstream/runs/libri_advfb_prrecover_gn00015_240L16P_aux64_12k_s42_z_L_seed42/tb/20260723_115044_final
frozen encoder params : 614,467,004
trainable probe params: 1,329,994
device                : cuda
[pr_data] g2p_en loaded for OOV words
[pr_data] g2p_en loaded for OOV words[pr_data] g2p_en loaded for OOV words

[pr_data] g2p_en loaded for OOV words[pr_data] g2p_en loaded for OOV words[pr_data] g2p_en loaded for OOV words


[pr_data] g2p_en loaded for OOV words
[pr_data] g2p_en loaded for OOV words
  epoch  1/8  step     50  loss 15.6653  lr 5.00e-05
  epoch  1/8  step    100  loss 5.2948  lr 1.00e-04
  epoch  1/8  step    150  loss 3.4656  lr 1.50e-04
  epoch  1/8  step    200  loss 2.2704  lr 2.00e-04
  epoch  1/8  step    250  loss 1.2890  lr 2.50e-04
  epoch  1/8  step    300  loss 0.9297  lr 3.00e-04
  epoch  1/8  step    350  loss 0.7660  lr 3.50e-04
  epoch  1/8  step    400  loss 0.6519  lr 4.00e-04
  epoch  1/8  step    450  loss 0.6025  lr 4.50e-04
  epoch  1/8  step    500  loss 0.5588  lr 5.00e-04
  epoch  1/8  step    550  loss 0.5063  lr 4.98e-04
  epoch  1/8  step    600  loss 0.4814  lr 4.96e-04
  epoch  1/8  step    650  loss 0.4582  lr 4.95e-04
  epoch  1/8  step    700  loss 0.4417  lr 4.93e-04
  epoch  1/8  step    750  loss 0.4182  lr 4.91e-04
  epoch  1/8  step    800  loss 0.4093  lr 4.89e-04
  epoch  1/8  step    850  loss 0.3986  lr 4.87e-04
  epoch  1/8  step    900  loss 0.3994  lr 4.85e-04
  epoch  1/8  step    950  loss 0.3872  lr 4.84e-04
  epoch  1/8  step   1000  loss 0.3781  lr 4.82e-04
  epoch  1/8  step   1050  loss 0.3787  lr 4.80e-04
  epoch  1/8  step   1100  loss 0.3587  lr 4.78e-04
  epoch  1/8  step   1150  loss 0.3632  lr 4.76e-04
  epoch  1/8  step   1200  loss 0.3609  lr 4.75e-04
  epoch  1/8  step   1250  loss 0.3708  lr 4.73e-04
  epoch  1/8  step   1300  loss 0.3610  lr 4.71e-04
  epoch  1/8  step   1350  loss 0.3409  lr 4.69e-04
  epoch  1/8  step   1400  loss 0.3497  lr 4.67e-04
  epoch  1/8  step   1450  loss 0.3287  lr 4.66e-04
  epoch  1/8  step   1500  loss 0.3482  lr 4.64e-04
  epoch  1/8  step   1550  loss 0.3355  lr 4.62e-04
  epoch  1/8  step   1600  loss 0.3395  lr 4.60e-04
  epoch  1/8  step   1650  loss 0.3415  lr 4.58e-04
  epoch  1/8  step   1700  loss 0.3217  lr 4.56e-04
  epoch  1/8  step   1750  loss 0.3296  lr 4.55e-04
  epoch  1/8  step   1784  loss 0.3095  lr 4.53e-04
[pr_data] g2p_en loaded for OOV words
[pr_data] g2p_en loaded for OOV words
[pr_data] g2p_en loaded for OOV words
[pr_data] g2p_en loaded for OOV words
[pr_data] g2p_en loaded for OOV words
[pr_data] g2p_en loaded for OOV words
[pr_data] g2p_en loaded for OOV words
[pr_data] g2p_en loaded for OOV words
[pr_data] g2p_en loaded for OOV words
[val] epoch   1  PER 0.0834
  ✓ saved best probe (val_per=0.0834) → /rds/user/bbg25/hpc-work/Thesis/Final-Proj/Probing/pr/standard_downstream/checkpoints/libri_advfb_prrecover_gn00015_240L16P_aux64_12k_s42_z_L_seed42/pr_probe_final_best.pt
  epoch  2/8  step   1800  loss 0.3305  lr 4.53e-04
  epoch  2/8  step   1850  loss 0.3074  lr 4.51e-04
  epoch  2/8  step   1900  loss 0.3254  lr 4.49e-04
  epoch  2/8  step   1950  loss 0.3105  lr 4.47e-04
  epoch  2/8  step   2000  loss 0.3041  lr 4.46e-04
  epoch  2/8  step   2050  loss 0.3070  lr 4.44e-04
  epoch  2/8  step   2100  loss 0.3039  lr 4.42e-04
  epoch  2/8  step   2150  loss 0.3137  lr 4.40e-04
  epoch  2/8  step   2200  loss 0.3051  lr 4.38e-04
  epoch  2/8  step   2250  loss 0.3023  lr 4.36e-04
  epoch  2/8  step   2300  loss 0.3045  lr 4.35e-04
  epoch  2/8  step   2350  loss 0.3158  lr 4.33e-04
  epoch  2/8  step   2400  loss 0.3087  lr 4.31e-04
  epoch  2/8  step   2450  loss 0.3037  lr 4.29e-04
  epoch  2/8  step   2500  loss 0.2998  lr 4.27e-04
  epoch  2/8  step   2550  loss 0.3044  lr 4.26e-04
  epoch  2/8  step   2600  loss 0.3027  lr 4.24e-04
  epoch  2/8  step   2650  loss 0.2961  lr 4.22e-04
  epoch  2/8  step   2700  loss 0.2923  lr 4.20e-04
  epoch  2/8  step   2750  loss 0.3018  lr 4.18e-04
  epoch  2/8  step   2800  loss 0.3017  lr 4.16e-04
  epoch  2/8  step   2850  loss 0.3043  lr 4.15e-04
  epoch  2/8  step   2900  loss 0.3094  lr 4.13e-04
  epoch  2/8  step   2950  loss 0.3044  lr 4.11e-04
  epoch  2/8  step   3000  loss 0.2860  lr 4.09e-04
  epoch  2/8  step   3050  loss 0.2944  lr 4.07e-04
  epoch  2/8  step   3100  loss 0.2907  lr 4.06e-04
  epoch  2/8  step   3150  loss 0.2979  lr 4.04e-04
  epoch  2/8  step   3200  loss 0.2942  lr 4.02e-04
  epoch  2/8  step   3250  loss 0.2939  lr 4.00e-04
  epoch  2/8  step   3300  loss 0.2941  lr 3.98e-04
  epoch  2/8  step   3350  loss 0.2952  lr 3.97e-04
  epoch  2/8  step   3400  loss 0.2916  lr 3.95e-04
  epoch  2/8  step   3450  loss 0.3030  lr 3.93e-04
  epoch  2/8  step   3500  loss 0.2931  lr 3.91e-04
  epoch  2/8  step   3550  loss 0.2832  lr 3.89e-04
  epoch  2/8  step   3568  loss 0.2876  lr 3.89e-04
[val] epoch   2  PER 0.0793
  ✓ saved best probe (val_per=0.0793) → /rds/user/bbg25/hpc-work/Thesis/Final-Proj/Probing/pr/standard_downstream/checkpoints/libri_advfb_prrecover_gn00015_240L16P_aux64_12k_s42_z_L_seed42/pr_probe_final_best.pt
  epoch  3/8  step   3600  loss 0.2814  lr 3.87e-04
  epoch  3/8  step   3650  loss 0.2700  lr 3.86e-04
  epoch  3/8  step   3700  loss 0.2820  lr 3.84e-04
  epoch  3/8  step   3750  loss 0.2720  lr 3.82e-04
  epoch  3/8  step   3800  loss 0.2768  lr 3.80e-04
  epoch  3/8  step   3850  loss 0.2794  lr 3.78e-04
  epoch  3/8  step   3900  loss 0.2744  lr 3.77e-04
  epoch  3/8  step   3950  loss 0.2659  lr 3.75e-04
  epoch  3/8  step   4000  loss 0.2743  lr 3.73e-04
  epoch  3/8  step   4050  loss 0.2770  lr 3.71e-04
  epoch  3/8  step   4100  loss 0.2725  lr 3.69e-04
  epoch  3/8  step   4150  loss 0.2705  lr 3.67e-04
  epoch  3/8  step   4200  loss 0.2777  lr 3.66e-04
  epoch  3/8  step   4250  loss 0.2799  lr 3.64e-04
  epoch  3/8  step   4300  loss 0.2813  lr 3.62e-04
  epoch  3/8  step   4350  loss 0.2590  lr 3.60e-04
  epoch  3/8  step   4400  loss 0.2723  lr 3.58e-04
  epoch  3/8  step   4450  loss 0.2748  lr 3.57e-04
  epoch  3/8  step   4500  loss 0.2705  lr 3.55e-04
  epoch  3/8  step   4550  loss 0.2840  lr 3.53e-04
  epoch  3/8  step   4600  loss 0.2815  lr 3.51e-04
  epoch  3/8  step   4650  loss 0.2792  lr 3.49e-04
  epoch  3/8  step   4700  loss 0.2757  lr 3.48e-04
  epoch  3/8  step   4750  loss 0.2728  lr 3.46e-04
  epoch  3/8  step   4800  loss 0.2737  lr 3.44e-04
  epoch  3/8  step   4850  loss 0.2770  lr 3.42e-04
  epoch  3/8  step   4900  loss 0.2794  lr 3.40e-04
  epoch  3/8  step   4950  loss 0.2822  lr 3.38e-04
  epoch  3/8  step   5000  loss 0.2779  lr 3.37e-04
  epoch  3/8  step   5050  loss 0.2812  lr 3.35e-04
  epoch  3/8  step   5100  loss 0.2824  lr 3.33e-04
  epoch  3/8  step   5150  loss 0.2777  lr 3.31e-04
  epoch  3/8  step   5200  loss 0.2692  lr 3.29e-04
  epoch  3/8  step   5250  loss 0.2728  lr 3.28e-04
  epoch  3/8  step   5300  loss 0.2713  lr 3.26e-04
  epoch  3/8  step   5350  loss 0.2698  lr 3.24e-04
  epoch  3/8  step   5352  loss 0.2553  lr 3.24e-04
[val] epoch   3  PER 0.0757
  ✓ saved best probe (val_per=0.0757) → /rds/user/bbg25/hpc-work/Thesis/Final-Proj/Probing/pr/standard_downstream/checkpoints/libri_advfb_prrecover_gn00015_240L16P_aux64_12k_s42_z_L_seed42/pr_probe_final_best.pt
  epoch  4/8  step   5400  loss 0.2596  lr 3.22e-04
  epoch  4/8  step   5450  loss 0.2617  lr 3.20e-04
  epoch  4/8  step   5500  loss 0.2536  lr 3.18e-04
  epoch  4/8  step   5550  loss 0.2591  lr 3.17e-04
  epoch  4/8  step   5600  loss 0.2612  lr 3.15e-04
  epoch  4/8  step   5650  loss 0.2665  lr 3.13e-04
  epoch  4/8  step   5700  loss 0.2598  lr 3.11e-04
  epoch  4/8  step   5750  loss 0.2572  lr 3.09e-04
  epoch  4/8  step   5800  loss 0.2658  lr 3.08e-04
  epoch  4/8  step   5850  loss 0.2577  lr 3.06e-04
  epoch  4/8  step   5900  loss 0.2572  lr 3.04e-04
  epoch  4/8  step   5950  loss 0.2510  lr 3.02e-04
  epoch  4/8  step   6000  loss 0.2571  lr 3.00e-04
  epoch  4/8  step   6050  loss 0.2505  lr 2.99e-04
  epoch  4/8  step   6100  loss 0.2519  lr 2.97e-04
  epoch  4/8  step   6150  loss 0.2680  lr 2.95e-04
  epoch  4/8  step   6200  loss 0.2641  lr 2.93e-04
  epoch  4/8  step   6250  loss 0.2649  lr 2.91e-04
  epoch  4/8  step   6300  loss 0.2578  lr 2.89e-04
  epoch  4/8  step   6350  loss 0.2626  lr 2.88e-04
  epoch  4/8  step   6400  loss 0.2590  lr 2.86e-04
  epoch  4/8  step   6450  loss 0.2648  lr 2.84e-04
  epoch  4/8  step   6500  loss 0.2606  lr 2.82e-04
  epoch  4/8  step   6550  loss 0.2594  lr 2.80e-04
  epoch  4/8  step   6600  loss 0.2732  lr 2.79e-04
  epoch  4/8  step   6650  loss 0.2634  lr 2.77e-04
  epoch  4/8  step   6700  loss 0.2628  lr 2.75e-04
  epoch  4/8  step   6750  loss 0.2642  lr 2.73e-04
  epoch  4/8  step   6800  loss 0.2684  lr 2.71e-04
  epoch  4/8  step   6850  loss 0.2568  lr 2.69e-04
  epoch  4/8  step   6900  loss 0.2574  lr 2.68e-04
  epoch  4/8  step   6950  loss 0.2607  lr 2.66e-04
  epoch  4/8  step   7000  loss 0.2806  lr 2.64e-04
  epoch  4/8  step   7050  loss 0.2694  lr 2.62e-04
  epoch  4/8  step   7100  loss 0.2617  lr 2.60e-04
  epoch  4/8  step   7136  loss 0.2583  lr 2.59e-04
[val] epoch   4  PER 0.0739
  ✓ saved best probe (val_per=0.0739) → /rds/user/bbg25/hpc-work/Thesis/Final-Proj/Probing/pr/standard_downstream/checkpoints/libri_advfb_prrecover_gn00015_240L16P_aux64_12k_s42_z_L_seed42/pr_probe_final_best.pt
  epoch  5/8  step   7150  loss 0.2632  lr 2.59e-04
  epoch  5/8  step   7200  loss 0.2548  lr 2.57e-04
  epoch  5/8  step   7250  loss 0.2395  lr 2.55e-04
  epoch  5/8  step   7300  loss 0.2444  lr 2.53e-04
  epoch  5/8  step   7350  loss 0.2509  lr 2.51e-04
  epoch  5/8  step   7400  loss 0.2513  lr 2.49e-04
  epoch  5/8  step   7450  loss 0.2550  lr 2.48e-04
  epoch  5/8  step   7500  loss 0.2498  lr 2.46e-04
  epoch  5/8  step   7550  loss 0.2506  lr 2.44e-04
  epoch  5/8  step   7600  loss 0.2462  lr 2.42e-04
  epoch  5/8  step   7650  loss 0.2476  lr 2.40e-04
  epoch  5/8  step   7700  loss 0.2568  lr 2.39e-04
  epoch  5/8  step   7750  loss 0.2486  lr 2.37e-04
  epoch  5/8  step   7800  loss 0.2507  lr 2.35e-04
  epoch  5/8  step   7850  loss 0.2443  lr 2.33e-04
  epoch  5/8  step   7900  loss 0.2453  lr 2.31e-04
  epoch  5/8  step   7950  loss 0.2519  lr 2.30e-04
  epoch  5/8  step   8000  loss 0.2458  lr 2.28e-04
  epoch  5/8  step   8050  loss 0.2445  lr 2.26e-04
  epoch  5/8  step   8100  loss 0.2491  lr 2.24e-04
  epoch  5/8  step   8150  loss 0.2548  lr 2.22e-04
  epoch  5/8  step   8200  loss 0.2536  lr 2.20e-04
  epoch  5/8  step   8250  loss 0.2535  lr 2.19e-04
  epoch  5/8  step   8300  loss 0.2488  lr 2.17e-04
  epoch  5/8  step   8350  loss 0.2463  lr 2.15e-04
  epoch  5/8  step   8400  loss 0.2482  lr 2.13e-04
  epoch  5/8  step   8450  loss 0.2586  lr 2.11e-04
  epoch  5/8  step   8500  loss 0.2501  lr 2.10e-04
  epoch  5/8  step   8550  loss 0.2580  lr 2.08e-04
  epoch  5/8  step   8600  loss 0.2590  lr 2.06e-04
  epoch  5/8  step   8650  loss 0.2598  lr 2.04e-04
  epoch  5/8  step   8700  loss 0.2525  lr 2.02e-04
  epoch  5/8  step   8750  loss 0.2616  lr 2.00e-04
  epoch  5/8  step   8800  loss 0.2608  lr 1.99e-04
  epoch  5/8  step   8850  loss 0.2536  lr 1.97e-04
  epoch  5/8  step   8900  loss 0.2527  lr 1.95e-04
  epoch  5/8  step   8920  loss 0.2448  lr 1.94e-04
[val] epoch   5  PER 0.0706
  ✓ saved best probe (val_per=0.0706) → /rds/user/bbg25/hpc-work/Thesis/Final-Proj/Probing/pr/standard_downstream/checkpoints/libri_advfb_prrecover_gn00015_240L16P_aux64_12k_s42_z_L_seed42/pr_probe_final_best.pt
  epoch  6/8  step   8950  loss 0.2397  lr 1.93e-04
  epoch  6/8  step   9000  loss 0.2436  lr 1.91e-04
  epoch  6/8  step   9050  loss 0.2415  lr 1.90e-04
  epoch  6/8  step   9100  loss 0.2396  lr 1.88e-04
  epoch  6/8  step   9150  loss 0.2377  lr 1.86e-04
  epoch  6/8  step   9200  loss 0.2426  lr 1.84e-04
  epoch  6/8  step   9250  loss 0.2403  lr 1.82e-04
  epoch  6/8  step   9300  loss 0.2408  lr 1.81e-04
  epoch  6/8  step   9350  loss 0.2392  lr 1.79e-04
  epoch  6/8  step   9400  loss 0.2508  lr 1.77e-04
  epoch  6/8  step   9450  loss 0.2511  lr 1.75e-04
  epoch  6/8  step   9500  loss 0.2451  lr 1.73e-04
  epoch  6/8  step   9550  loss 0.2498  lr 1.71e-04
  epoch  6/8  step   9600  loss 0.2499  lr 1.70e-04
  epoch  6/8  step   9650  loss 0.2488  lr 1.68e-04
  epoch  6/8  step   9700  loss 0.2479  lr 1.66e-04
  epoch  6/8  step   9750  loss 0.2494  lr 1.64e-04
  epoch  6/8  step   9800  loss 0.2446  lr 1.62e-04
  epoch  6/8  step   9850  loss 0.2363  lr 1.61e-04
  epoch  6/8  step   9900  loss 0.2399  lr 1.59e-04
  epoch  6/8  step   9950  loss 0.2360  lr 1.57e-04
  epoch  6/8  step  10000  loss 0.2435  lr 1.55e-04
  epoch  6/8  step  10050  loss 0.2443  lr 1.53e-04
  epoch  6/8  step  10100  loss 0.2404  lr 1.51e-04
  epoch  6/8  step  10150  loss 0.2360  lr 1.50e-04
  epoch  6/8  step  10200  loss 0.2399  lr 1.48e-04
  epoch  6/8  step  10250  loss 0.2482  lr 1.46e-04
  epoch  6/8  step  10300  loss 0.2413  lr 1.44e-04
  epoch  6/8  step  10350  loss 0.2556  lr 1.42e-04
  epoch  6/8  step  10400  loss 0.2449  lr 1.41e-04
  epoch  6/8  step  10450  loss 0.2387  lr 1.39e-04
  epoch  6/8  step  10500  loss 0.2417  lr 1.37e-04
  epoch  6/8  step  10550  loss 0.2485  lr 1.35e-04
  epoch  6/8  step  10600  loss 0.2326  lr 1.33e-04
  epoch  6/8  step  10650  loss 0.2482  lr 1.31e-04
  epoch  6/8  step  10700  loss 0.2491  lr 1.30e-04
  epoch  6/8  step  10704  loss 0.2491  lr 1.30e-04
[val] epoch   6  PER 0.0714
  epoch  7/8  step  10750  loss 0.2350  lr 1.28e-04
  epoch  7/8  step  10800  loss 0.2424  lr 1.26e-04
  epoch  7/8  step  10850  loss 0.2393  lr 1.24e-04
  epoch  7/8  step  10900  loss 0.2277  lr 1.22e-04
  epoch  7/8  step  10950  loss 0.2306  lr 1.21e-04
  epoch  7/8  step  11000  loss 0.2280  lr 1.19e-04
  epoch  7/8  step  11050  loss 0.2356  lr 1.17e-04
  epoch  7/8  step  11100  loss 0.2357  lr 1.15e-04
  epoch  7/8  step  11150  loss 0.2390  lr 1.13e-04
  epoch  7/8  step  11200  loss 0.2395  lr 1.12e-04
  epoch  7/8  step  11250  loss 0.2382  lr 1.10e-04
  epoch  7/8  step  11300  loss 0.2301  lr 1.08e-04
  epoch  7/8  step  11350  loss 0.2465  lr 1.06e-04
  epoch  7/8  step  11400  loss 0.2380  lr 1.04e-04
  epoch  7/8  step  11450  loss 0.2374  lr 1.02e-04
  epoch  7/8  step  11500  loss 0.2375  lr 1.01e-04
  epoch  7/8  step  11550  loss 0.2341  lr 9.88e-05
  epoch  7/8  step  11600  loss 0.2447  lr 9.70e-05
  epoch  7/8  step  11650  loss 0.2356  lr 9.52e-05
  epoch  7/8  step  11700  loss 0.2363  lr 9.34e-05
  epoch  7/8  step  11750  loss 0.2324  lr 9.16e-05
  epoch  7/8  step  11800  loss 0.2443  lr 8.97e-05
  epoch  7/8  step  11850  loss 0.2337  lr 8.79e-05
  epoch  7/8  step  11900  loss 0.2400  lr 8.61e-05
  epoch  7/8  step  11950  loss 0.2315  lr 8.43e-05
  epoch  7/8  step  12000  loss 0.2361  lr 8.25e-05
  epoch  7/8  step  12050  loss 0.2368  lr 8.07e-05
  epoch  7/8  step  12100  loss 0.2553  lr 7.89e-05
  epoch  7/8  step  12150  loss 0.2354  lr 7.70e-05
  epoch  7/8  step  12200  loss 0.2388  lr 7.52e-05
  epoch  7/8  step  12250  loss 0.2363  lr 7.34e-05
  epoch  7/8  step  12300  loss 0.2273  lr 7.16e-05
  epoch  7/8  step  12350  loss 0.2422  lr 6.98e-05
  epoch  7/8  step  12400  loss 0.2392  lr 6.80e-05
  epoch  7/8  step  12450  loss 0.2438  lr 6.61e-05
  epoch  7/8  step  12488  loss 0.2392  lr 6.48e-05
[val] epoch   7  PER 0.0709
  epoch  8/8  step  12500  loss 0.2336  lr 6.43e-05
  epoch  8/8  step  12550  loss 0.2271  lr 6.25e-05
  epoch  8/8  step  12600  loss 0.2357  lr 6.07e-05
  epoch  8/8  step  12650  loss 0.2356  lr 5.89e-05
  epoch  8/8  step  12700  loss 0.2346  lr 5.71e-05
  epoch  8/8  step  12750  loss 0.2298  lr 5.53e-05
  epoch  8/8  step  12800  loss 0.2280  lr 5.34e-05
  epoch  8/8  step  12850  loss 0.2272  lr 5.16e-05
  epoch  8/8  step  12900  loss 0.2400  lr 4.98e-05
  epoch  8/8  step  12950  loss 0.2334  lr 4.80e-05
  epoch  8/8  step  13000  loss 0.2259  lr 4.62e-05
  epoch  8/8  step  13050  loss 0.2305  lr 4.44e-05
  epoch  8/8  step  13100  loss 0.2298  lr 4.26e-05
  epoch  8/8  step  13150  loss 0.2284  lr 4.07e-05
  epoch  8/8  step  13200  loss 0.2342  lr 3.89e-05
  epoch  8/8  step  13250  loss 0.2322  lr 3.71e-05
  epoch  8/8  step  13300  loss 0.2324  lr 3.53e-05
  epoch  8/8  step  13350  loss 0.2282  lr 3.35e-05
  epoch  8/8  step  13400  loss 0.2307  lr 3.17e-05
  epoch  8/8  step  13450  loss 0.2315  lr 2.98e-05
  epoch  8/8  step  13500  loss 0.2331  lr 2.80e-05
  epoch  8/8  step  13550  loss 0.2356  lr 2.62e-05
  epoch  8/8  step  13600  loss 0.2262  lr 2.44e-05
  epoch  8/8  step  13650  loss 0.2286  lr 2.26e-05
  epoch  8/8  step  13700  loss 0.2335  lr 2.08e-05
  epoch  8/8  step  13750  loss 0.2312  lr 1.90e-05
  epoch  8/8  step  13800  loss 0.2283  lr 1.71e-05
  epoch  8/8  step  13850  loss 0.2349  lr 1.53e-05
  epoch  8/8  step  13900  loss 0.2305  lr 1.35e-05
  epoch  8/8  step  13950  loss 0.2345  lr 1.17e-05
  epoch  8/8  step  14000  loss 0.2358  lr 9.88e-06
  epoch  8/8  step  14050  loss 0.2503  lr 8.06e-06
  epoch  8/8  step  14100  loss 0.2247  lr 6.24e-06
  epoch  8/8  step  14150  loss 0.2359  lr 4.43e-06
  epoch  8/8  step  14200  loss 0.2336  lr 2.61e-06
  epoch  8/8  step  14250  loss 0.2350  lr 7.99e-07
  epoch  8/8  step  14272  loss 0.2246  lr 0.00e+00
[val] epoch   8  PER 0.0704
  ✓ saved best probe (val_per=0.0704) → /rds/user/bbg25/hpc-work/Thesis/Final-Proj/Probing/pr/standard_downstream/checkpoints/libri_advfb_prrecover_gn00015_240L16P_aux64_12k_s42_z_L_seed42/pr_probe_final_best.pt

[PR] best val PER : 0.0704

=== Final test-set evaluation ===
[test] epoch   8  PER 0.0741
[PR] test PER     : 0.0741

[run done] summary saved to /rds/user/bbg25/hpc-work/Thesis/Final-Proj/Probing/pr/standard_downstream/runs/libri_advfb_prrecover_gn00015_240L16P_aux64_12k_s42_z_L_seed42/20260723_155643_pr_final_summary.json
