=== Standard downstream ASR ===
task_id : 0
label   : libri_advfb_prrecover_gn00015_240L16P_aux64_12k_s42_z_t
ckpt    : /rds/user/bbg25/hpc-work/Thesis/Final-Proj/checkpoints/blackwell/libri_advfb_prrecover_gn00015_240L16P_aux64_12k_s42/final.pt
epochs  : 8
+ /home/bbg25/.conda/envs/mlmi4/bin/python + -u + Probing/asr/run.py + --probe + lstm + --epochs + 8 + --batch_size + 8 + --eval_batch_size + 16 + --lr + 5e-4 + --warmup_steps + 500 + --lstm_hidden + 1024 + --lstm_layers + 2 + --local_data + --librispeech_root + /rds/user/bbg25/hpc-work/Thesis/Final-Proj/Probing/data/LibriSpeech + --data_cache_dir + /rds/user/bbg25/hpc-work/Thesis/Final-Proj/Probing/data + --num_workers + 8 + --max_examples + 0 + --seed + 42 + --checkpoint_dir + /rds/user/bbg25/hpc-work/Thesis/Final-Proj/Probing/asr/standard_downstream/checkpoints/libri_advfb_prrecover_gn00015_240L16P_aux64_12k_s42_z_t_seed42 + --runs_dir + /rds/user/bbg25/hpc-work/Thesis/Final-Proj/Probing/asr/standard_downstream/runs/libri_advfb_prrecover_gn00015_240L16P_aux64_12k_s42_z_t_seed42 + --model_family + disentanglement + --checkpoint_path + /rds/user/bbg25/hpc-work/Thesis/Final-Proj/checkpoints/blackwell/libri_advfb_prrecover_gn00015_240L16P_aux64_12k_s42/final.pt + --representation_source + z_t 
=== probe_type     : lstm
=== model_id       : marcoyang/spear-xlarge-speech-audio
=== model_family   : disentanglement
=== source         : z_t
=== encoder ckpt   : /rds/user/bbg25/hpc-work/Thesis/Final-Proj/checkpoints/blackwell/libri_advfb_prrecover_gn00015_240L16P_aux64_12k_s42/final.pt
=== train_hours    : 100.0
=== seed           : 42
[CheckpointRepresentationEncoder] checkpoint=/rds/user/bbg25/hpc-work/Thesis/Final-Proj/checkpoints/blackwell/libri_advfb_prrecover_gn00015_240L16P_aux64_12k_s42/final.pt source=z_t hidden=5120 compatible=20 sae=3 shape_ignored=0
[logger] TensorBoard events → /rds/user/bbg25/hpc-work/Thesis/Final-Proj/Probing/asr/standard_downstream/runs/libri_advfb_prrecover_gn00015_240L16P_aux64_12k_s42_z_t_seed42/20260723_135430_lstm/tb
[logger] writing to /rds/user/bbg25/hpc-work/Thesis/Final-Proj/Probing/asr/standard_downstream/runs/libri_advfb_prrecover_gn00015_240L16P_aux64_12k_s42_z_t_seed42/20260723_135430_lstm
frozen encoder params : 614,467,004
trainable probe params: 47,279,133

epoch 1/8  (3568 batches) ...
  step     50  loss 6.5033  lr 5.00e-05
  step    100  loss 2.9528  lr 1.00e-04
  step    150  loss 2.8786  lr 1.50e-04
  step    200  loss 2.7525  lr 2.00e-04
  step    250  loss 1.4168  lr 2.50e-04
  step    300  loss 0.6938  lr 3.00e-04
  step    350  loss 0.5365  lr 3.50e-04
  step    400  loss 0.4682  lr 4.00e-04
  step    450  loss 0.4085  lr 4.50e-04
  step    500  loss 0.3883  lr 5.00e-04
  step    550  loss 0.3694  lr 4.99e-04
  step    600  loss 0.3407  lr 4.98e-04
  step    650  loss 0.3085  lr 4.97e-04
  step    700  loss 0.3043  lr 4.96e-04
  step    750  loss 0.2707  lr 4.96e-04
  step    800  loss 0.2650  lr 4.95e-04
  step    850  loss 0.2717  lr 4.94e-04
  step    900  loss 0.2607  lr 4.93e-04
  step    950  loss 0.2572  lr 4.92e-04
  step   1000  loss 0.2439  lr 4.91e-04
  step   1050  loss 0.2252  lr 4.90e-04
  step   1100  loss 0.2445  lr 4.89e-04
  step   1150  loss 0.2231  lr 4.88e-04
  step   1200  loss 0.2265  lr 4.88e-04
  step   1250  loss 0.2227  lr 4.87e-04
  step   1300  loss 0.2112  lr 4.86e-04
  step   1350  loss 0.2075  lr 4.85e-04
  step   1400  loss 0.2118  lr 4.84e-04
  step   1450  loss 0.2115  lr 4.83e-04
  step   1500  loss 0.2159  lr 4.82e-04
  step   1550  loss 0.2027  lr 4.81e-04
  step   1600  loss 0.2063  lr 4.80e-04
  step   1650  loss 0.1910  lr 4.79e-04
  step   1700  loss 0.1956  lr 4.79e-04
  step   1750  loss 0.1944  lr 4.78e-04
  step   1800  loss 0.1998  lr 4.77e-04
  step   1850  loss 0.1958  lr 4.76e-04
  step   1900  loss 0.2058  lr 4.75e-04
  step   1950  loss 0.1792  lr 4.74e-04
  step   2000  loss 0.1844  lr 4.73e-04
  step   2050  loss 0.1927  lr 4.72e-04
  step   2100  loss 0.1747  lr 4.71e-04
  step   2150  loss 0.1710  lr 4.71e-04
  step   2200  loss 0.1752  lr 4.70e-04
  step   2250  loss 0.1909  lr 4.69e-04
  step   2300  loss 0.1803  lr 4.68e-04
  step   2350  loss 0.1699  lr 4.67e-04
  step   2400  loss 0.1829  lr 4.66e-04
  step   2450  loss 0.1786  lr 4.65e-04
  step   2500  loss 0.1789  lr 4.64e-04
  step   2550  loss 0.1751  lr 4.63e-04
  step   2600  loss 0.1982  lr 4.63e-04
  step   2650  loss 0.1707  lr 4.62e-04
  step   2700  loss 0.1802  lr 4.61e-04
  step   2750  loss 0.1638  lr 4.60e-04
  step   2800  loss 0.1846  lr 4.59e-04
  step   2850  loss 0.1676  lr 4.58e-04
  step   2900  loss 0.1529  lr 4.57e-04
  step   2950  loss 0.1589  lr 4.56e-04
  step   3000  loss 0.1739  lr 4.55e-04
  step   3050  loss 0.1551  lr 4.55e-04
  step   3100  loss 0.1699  lr 4.54e-04
  step   3150  loss 0.1573  lr 4.53e-04
  step   3200  loss 0.1688  lr 4.52e-04
  step   3250  loss 0.1672  lr 4.51e-04
  step   3300  loss 0.1550  lr 4.50e-04
  step   3350  loss 0.1586  lr 4.49e-04
  step   3400  loss 0.1506  lr 4.48e-04
  step   3450  loss 0.1598  lr 4.47e-04
  step   3500  loss 0.1474  lr 4.47e-04
  step   3550  loss 0.1489  lr 4.46e-04
  step   3568  loss 0.1379  lr 4.45e-04

[val] starting evaluation  examples=2703  batches=169  device=cuda:0
[val] evaluating batch    1/169 ...
[val] evaluating batch    2/169 ...
[val] evaluating batch    3/169 ...
[val] evaluating batch    4/169 ...
[val] evaluating batch    5/169 ...
[val] evaluating batch    6/169 ...
[val] evaluating batch    7/169 ...
[val] evaluating batch    8/169 ...
[val] evaluating batch    9/169 ...
[val] evaluating batch   10/169 ...
[val] evaluating batch   11/169 ...
[val] evaluating batch   12/169 ...
[val] evaluating batch   13/169 ...
[val] evaluating batch   14/169 ...
[val] evaluating batch   15/169 ...
[val] evaluating batch   16/169 ...
[val]   batch   16/169  seen   256/2703  running cer 0.0305  wer 0.1146
[val] evaluating batch   17/169 ...
[val] evaluating batch   18/169 ...
[val] evaluating batch   19/169 ...
[val] evaluating batch   20/169 ...
[val] evaluating batch   21/169 ...
[val] evaluating batch   22/169 ...
[val] evaluating batch   23/169 ...
[val] evaluating batch   24/169 ...
[val] evaluating batch   25/169 ...
[val] evaluating batch   26/169 ...
[val] evaluating batch   27/169 ...
[val] evaluating batch   28/169 ...
[val] evaluating batch   29/169 ...
[val] evaluating batch   30/169 ...
[val] evaluating batch   31/169 ...
[val] evaluating batch   32/169 ...
[val]   batch   32/169  seen   512/2703  running cer 0.0277  wer 0.1048
[val] evaluating batch   33/169 ...
[val] evaluating batch   34/169 ...
[val] evaluating batch   35/169 ...
[val] evaluating batch   36/169 ...
[val] evaluating batch   37/169 ...
[val] evaluating batch   38/169 ...
[val] evaluating batch   39/169 ...
[val] evaluating batch   40/169 ...
[val] evaluating batch   41/169 ...
[val] evaluating batch   42/169 ...
[val] evaluating batch   43/169 ...
[val] evaluating batch   44/169 ...
[val] evaluating batch   45/169 ...
[val] evaluating batch   46/169 ...
[val] evaluating batch   47/169 ...
[val] evaluating batch   48/169 ...
[val]   batch   48/169  seen   768/2703  running cer 0.0271  wer 0.0990
[val] evaluating batch   49/169 ...
[val] evaluating batch   50/169 ...
[val] evaluating batch   51/169 ...
[val] evaluating batch   52/169 ...
[val] evaluating batch   53/169 ...
[val] evaluating batch   54/169 ...
[val] evaluating batch   55/169 ...
[val] evaluating batch   56/169 ...
[val] evaluating batch   57/169 ...
[val] evaluating batch   58/169 ...
[val] evaluating batch   59/169 ...
[val] evaluating batch   60/169 ...
[val] evaluating batch   61/169 ...
[val] evaluating batch   62/169 ...
[val] evaluating batch   63/169 ...
[val] evaluating batch   64/169 ...
[val]   batch   64/169  seen  1024/2703  running cer 0.0262  wer 0.0975
[val] evaluating batch   65/169 ...
[val] evaluating batch   66/169 ...
[val] evaluating batch   67/169 ...
[val] evaluating batch   68/169 ...
[val] evaluating batch   69/169 ...
[val] evaluating batch   70/169 ...
[val] evaluating batch   71/169 ...
[val] evaluating batch   72/169 ...
[val] evaluating batch   73/169 ...
[val] evaluating batch   74/169 ...
[val] evaluating batch   75/169 ...
[val] evaluating batch   76/169 ...
[val] evaluating batch   77/169 ...
[val] evaluating batch   78/169 ...
[val] evaluating batch   79/169 ...
[val] evaluating batch   80/169 ...
[val]   batch   80/169  seen  1280/2703  running cer 0.0249  wer 0.0935
[val] evaluating batch   81/169 ...
[val] evaluating batch   82/169 ...
[val] evaluating batch   83/169 ...
[val] evaluating batch   84/169 ...
[val] evaluating batch   85/169 ...
[val] evaluating batch   86/169 ...
[val] evaluating batch   87/169 ...
[val] evaluating batch   88/169 ...
[val] evaluating batch   89/169 ...
[val] evaluating batch   90/169 ...
[val] evaluating batch   91/169 ...
[val] evaluating batch   92/169 ...
[val] evaluating batch   93/169 ...
[val] evaluating batch   94/169 ...
[val] evaluating batch   95/169 ...
[val] evaluating batch   96/169 ...
[val]   batch   96/169  seen  1536/2703  running cer 0.0249  wer 0.0931
[val] evaluating batch   97/169 ...
[val] evaluating batch   98/169 ...
[val] evaluating batch   99/169 ...
[val] evaluating batch  100/169 ...
[val] evaluating batch  101/169 ...
[val] evaluating batch  102/169 ...
[val] evaluating batch  103/169 ...
[val] evaluating batch  104/169 ...
[val] evaluating batch  105/169 ...
[val] evaluating batch  106/169 ...
[val] evaluating batch  107/169 ...
[val] evaluating batch  108/169 ...
[val] evaluating batch  109/169 ...
[val] evaluating batch  110/169 ...
[val] evaluating batch  111/169 ...
[val] evaluating batch  112/169 ...
[val]   batch  112/169  seen  1792/2703  running cer 0.0250  wer 0.0932
[val] evaluating batch  113/169 ...
[val] evaluating batch  114/169 ...
[val] evaluating batch  115/169 ...
[val] evaluating batch  116/169 ...
[val] evaluating batch  117/169 ...
[val] evaluating batch  118/169 ...
[val] evaluating batch  119/169 ...
[val] evaluating batch  120/169 ...
[val] evaluating batch  121/169 ...
[val] evaluating batch  122/169 ...
[val] evaluating batch  123/169 ...
[val] evaluating batch  124/169 ...
[val] evaluating batch  125/169 ...
[val] evaluating batch  126/169 ...
[val] evaluating batch  127/169 ...
[val] evaluating batch  128/169 ...
[val]   batch  128/169  seen  2048/2703  running cer 0.0257  wer 0.0949
[val] evaluating batch  129/169 ...
[val] evaluating batch  130/169 ...
[val] evaluating batch  131/169 ...
[val] evaluating batch  132/169 ...
[val] evaluating batch  133/169 ...
[val] evaluating batch  134/169 ...
[val] evaluating batch  135/169 ...
[val] evaluating batch  136/169 ...
[val] evaluating batch  137/169 ...
[val] evaluating batch  138/169 ...
[val] evaluating batch  139/169 ...
[val] evaluating batch  140/169 ...
[val] evaluating batch  141/169 ...
[val] evaluating batch  142/169 ...
[val] evaluating batch  143/169 ...
[val] evaluating batch  144/169 ...
[val]   batch  144/169  seen  2304/2703  running cer 0.0264  wer 0.0967
[val] evaluating batch  145/169 ...
[val] evaluating batch  146/169 ...
[val] evaluating batch  147/169 ...
[val] evaluating batch  148/169 ...
[val] evaluating batch  149/169 ...
[val] evaluating batch  150/169 ...
[val] evaluating batch  151/169 ...
[val] evaluating batch  152/169 ...
[val] evaluating batch  153/169 ...
[val] evaluating batch  154/169 ...
[val] evaluating batch  155/169 ...
[val] evaluating batch  156/169 ...
[val] evaluating batch  157/169 ...
[val] evaluating batch  158/169 ...
[val] evaluating batch  159/169 ...
[val] evaluating batch  160/169 ...
[val]   batch  160/169  seen  2560/2703  running cer 0.0263  wer 0.0961
[val] evaluating batch  161/169 ...
[val] evaluating batch  162/169 ...
[val] evaluating batch  163/169 ...
[val] evaluating batch  164/169 ...
[val] evaluating batch  165/169 ...
[val] evaluating batch  166/169 ...
[val] evaluating batch  167/169 ...
[val] evaluating batch  168/169 ...
[val] evaluating batch  169/169 ...
[val]   batch  169/169  seen  2703/2703  running cer 0.0263  wer 0.0960
[val] sample predictions:
  REF[0]: mister quilter is the apostle of the middle classes and we are glad to welcome his gospel
  HYP[0]: mister quilter is the apossal of the middle classes and we are glad to welcome his ghospel
  REF[1]: nor is mister quilter's manner less interesting than his matter
  HYP[1]: nor is mister quilter's manner less interesting than his matter
  REF[2]: he tells us that at this festive season of the year with christmas and roast beef looming before us similes drawn from e
  HYP[2]: he tells us that at this festive sceason of the ear with chrismas and roase beaf loming before us simolies drawn from ea
[val] DONE  cer 0.0263  wer 0.0960
epoch   1  val_cer 0.0263  val_wer 0.0960
  saved best probe to /rds/user/bbg25/hpc-work/Thesis/Final-Proj/Probing/asr/standard_downstream/checkpoints/libri_advfb_prrecover_gn00015_240L16P_aux64_12k_s42_z_t_seed42/probe_lstm_best.pt

epoch 2/8  (3568 batches) ...
  step   3600  loss 0.1537  lr 4.45e-04
  step   3650  loss 0.1450  lr 4.44e-04
  step   3700  loss 0.1355  lr 4.43e-04
  step   3750  loss 0.1590  lr 4.42e-04
  step   3800  loss 0.1515  lr 4.41e-04
  step   3850  loss 0.1425  lr 4.40e-04
  step   3900  loss 0.1464  lr 4.39e-04
  step   3950  loss 0.1359  lr 4.38e-04
  step   4000  loss 0.1368  lr 4.38e-04
  step   4050  loss 0.1427  lr 4.37e-04
  step   4100  loss 0.1431  lr 4.36e-04
  step   4150  loss 0.1399  lr 4.35e-04
  step   4200  loss 0.1428  lr 4.34e-04
  step   4250  loss 0.1428  lr 4.33e-04
  step   4300  loss 0.1477  lr 4.32e-04
  step   4350  loss 0.1448  lr 4.31e-04
  step   4400  loss 0.1388  lr 4.30e-04
  step   4450  loss 0.1287  lr 4.30e-04
  step   4500  loss 0.1314  lr 4.29e-04
  step   4550  loss 0.1451  lr 4.28e-04
  step   4600  loss 0.1389  lr 4.27e-04
  step   4650  loss 0.1349  lr 4.26e-04
  step   4700  loss 0.1473  lr 4.25e-04
  step   4750  loss 0.1347  lr 4.24e-04
  step   4800  loss 0.1398  lr 4.23e-04
  step   4850  loss 0.1502  lr 4.22e-04
  step   4900  loss 0.1347  lr 4.22e-04
  step   4950  loss 0.1349  lr 4.21e-04
  step   5000  loss 0.1359  lr 4.20e-04
  step   5050  loss 0.1317  lr 4.19e-04
  step   5100  loss 0.1476  lr 4.18e-04
  step   5150  loss 0.1329  lr 4.17e-04
  step   5200  loss 0.1389  lr 4.16e-04
  step   5250  loss 0.1423  lr 4.15e-04
  step   5300  loss 0.1492  lr 4.14e-04
  step   5350  loss 0.1448  lr 4.14e-04
  step   5400  loss 0.1279  lr 4.13e-04
  step   5450  loss 0.1424  lr 4.12e-04
  step   5500  loss 0.1393  lr 4.11e-04
  step   5550  loss 0.1352  lr 4.10e-04
  step   5600  loss 0.1352  lr 4.09e-04
  step   5650  loss 0.1340  lr 4.08e-04
  step   5700  loss 0.1304  lr 4.07e-04
  step   5750  loss 0.1395  lr 4.06e-04
  step   5800  loss 0.1324  lr 4.06e-04
  step   5850  loss 0.1421  lr 4.05e-04
  step   5900  loss 0.1398  lr 4.04e-04
  step   5950  loss 0.1338  lr 4.03e-04
  step   6000  loss 0.1247  lr 4.02e-04
  step   6050  loss 0.1357  lr 4.01e-04
  step   6100  loss 0.1317  lr 4.00e-04
  step   6150  loss 0.1228  lr 3.99e-04
  step   6200  loss 0.1293  lr 3.98e-04
  step   6250  loss 0.1373  lr 3.97e-04
  step   6300  loss 0.1331  lr 3.97e-04
  step   6350  loss 0.1208  lr 3.96e-04
  step   6400  loss 0.1294  lr 3.95e-04
  step   6450  loss 0.1435  lr 3.94e-04
  step   6500  loss 0.1468  lr 3.93e-04
  step   6550  loss 0.1334  lr 3.92e-04
  step   6600  loss 0.1375  lr 3.91e-04
  step   6650  loss 0.1249  lr 3.90e-04
  step   6700  loss 0.1353  lr 3.89e-04
  step   6750  loss 0.1246  lr 3.89e-04
  step   6800  loss 0.1307  lr 3.88e-04
  step   6850  loss 0.1397  lr 3.87e-04
  step   6900  loss 0.1386  lr 3.86e-04
  step   6950  loss 0.1296  lr 3.85e-04
  step   7000  loss 0.1308  lr 3.84e-04
  step   7050  loss 0.1334  lr 3.83e-04
  step   7100  loss 0.1227  lr 3.82e-04
  step   7136  loss 0.1255  lr 3.82e-04

[val] starting evaluation  examples=2703  batches=169  device=cuda:0
[val] evaluating batch    1/169 ...
[val] evaluating batch    2/169 ...
[val] evaluating batch    3/169 ...
[val] evaluating batch    4/169 ...
[val] evaluating batch    5/169 ...
[val] evaluating batch    6/169 ...
[val] evaluating batch    7/169 ...
[val] evaluating batch    8/169 ...
[val] evaluating batch    9/169 ...
[val] evaluating batch   10/169 ...
[val] evaluating batch   11/169 ...
[val] evaluating batch   12/169 ...
[val] evaluating batch   13/169 ...
[val] evaluating batch   14/169 ...
[val] evaluating batch   15/169 ...
[val] evaluating batch   16/169 ...
[val]   batch   16/169  seen   256/2703  running cer 0.0241  wer 0.0923
[val] evaluating batch   17/169 ...
[val] evaluating batch   18/169 ...
[val] evaluating batch   19/169 ...
[val] evaluating batch   20/169 ...
[val] evaluating batch   21/169 ...
[val] evaluating batch   22/169 ...
[val] evaluating batch   23/169 ...
[val] evaluating batch   24/169 ...
[val] evaluating batch   25/169 ...
[val] evaluating batch   26/169 ...
[val] evaluating batch   27/169 ...
[val] evaluating batch   28/169 ...
[val] evaluating batch   29/169 ...
[val] evaluating batch   30/169 ...
[val] evaluating batch   31/169 ...
[val] evaluating batch   32/169 ...
[val]   batch   32/169  seen   512/2703  running cer 0.0216  wer 0.0826
[val] evaluating batch   33/169 ...
[val] evaluating batch   34/169 ...
[val] evaluating batch   35/169 ...
[val] evaluating batch   36/169 ...
[val] evaluating batch   37/169 ...
[val] evaluating batch   38/169 ...
[val] evaluating batch   39/169 ...
[val] evaluating batch   40/169 ...
[val] evaluating batch   41/169 ...
[val] evaluating batch   42/169 ...
[val] evaluating batch   43/169 ...
[val] evaluating batch   44/169 ...
[val] evaluating batch   45/169 ...
[val] evaluating batch   46/169 ...
[val] evaluating batch   47/169 ...
[val] evaluating batch   48/169 ...
[val]   batch   48/169  seen   768/2703  running cer 0.0212  wer 0.0799
[val] evaluating batch   49/169 ...
[val] evaluating batch   50/169 ...
[val] evaluating batch   51/169 ...
[val] evaluating batch   52/169 ...
[val] evaluating batch   53/169 ...
[val] evaluating batch   54/169 ...
[val] evaluating batch   55/169 ...
[val] evaluating batch   56/169 ...
[val] evaluating batch   57/169 ...
[val] evaluating batch   58/169 ...
[val] evaluating batch   59/169 ...
[val] evaluating batch   60/169 ...
[val] evaluating batch   61/169 ...
[val] evaluating batch   62/169 ...
[val] evaluating batch   63/169 ...
[val] evaluating batch   64/169 ...
[val]   batch   64/169  seen  1024/2703  running cer 0.0207  wer 0.0787
[val] evaluating batch   65/169 ...
[val] evaluating batch   66/169 ...
[val] evaluating batch   67/169 ...
[val] evaluating batch   68/169 ...
[val] evaluating batch   69/169 ...
[val] evaluating batch   70/169 ...
[val] evaluating batch   71/169 ...
[val] evaluating batch   72/169 ...
[val] evaluating batch   73/169 ...
[val] evaluating batch   74/169 ...
[val] evaluating batch   75/169 ...
[val] evaluating batch   76/169 ...
[val] evaluating batch   77/169 ...
[val] evaluating batch   78/169 ...
[val] evaluating batch   79/169 ...
[val] evaluating batch   80/169 ...
[val]   batch   80/169  seen  1280/2703  running cer 0.0196  wer 0.0750
[val] evaluating batch   81/169 ...
[val] evaluating batch   82/169 ...
[val] evaluating batch   83/169 ...
[val] evaluating batch   84/169 ...
[val] evaluating batch   85/169 ...
[val] evaluating batch   86/169 ...
[val] evaluating batch   87/169 ...
[val] evaluating batch   88/169 ...
[val] evaluating batch   89/169 ...
[val] evaluating batch   90/169 ...
[val] evaluating batch   91/169 ...
[val] evaluating batch   92/169 ...
[val] evaluating batch   93/169 ...
[val] evaluating batch   94/169 ...
[val] evaluating batch   95/169 ...
[val] evaluating batch   96/169 ...
[val]   batch   96/169  seen  1536/2703  running cer 0.0197  wer 0.0738
[val] evaluating batch   97/169 ...
[val] evaluating batch   98/169 ...
[val] evaluating batch   99/169 ...
[val] evaluating batch  100/169 ...
[val] evaluating batch  101/169 ...
[val] evaluating batch  102/169 ...
[val] evaluating batch  103/169 ...
[val] evaluating batch  104/169 ...
[val] evaluating batch  105/169 ...
[val] evaluating batch  106/169 ...
[val] evaluating batch  107/169 ...
[val] evaluating batch  108/169 ...
[val] evaluating batch  109/169 ...
[val] evaluating batch  110/169 ...
[val] evaluating batch  111/169 ...
[val] evaluating batch  112/169 ...
[val]   batch  112/169  seen  1792/2703  running cer 0.0197  wer 0.0738
[val] evaluating batch  113/169 ...
[val] evaluating batch  114/169 ...
[val] evaluating batch  115/169 ...
[val] evaluating batch  116/169 ...
[val] evaluating batch  117/169 ...
[val] evaluating batch  118/169 ...
[val] evaluating batch  119/169 ...
[val] evaluating batch  120/169 ...
[val] evaluating batch  121/169 ...
[val] evaluating batch  122/169 ...
[val] evaluating batch  123/169 ...
[val] evaluating batch  124/169 ...
[val] evaluating batch  125/169 ...
[val] evaluating batch  126/169 ...
[val] evaluating batch  127/169 ...
[val] evaluating batch  128/169 ...
[val]   batch  128/169  seen  2048/2703  running cer 0.0201  wer 0.0749
[val] evaluating batch  129/169 ...
[val] evaluating batch  130/169 ...
[val] evaluating batch  131/169 ...
[val] evaluating batch  132/169 ...
[val] evaluating batch  133/169 ...
[val] evaluating batch  134/169 ...
[val] evaluating batch  135/169 ...
[val] evaluating batch  136/169 ...
[val] evaluating batch  137/169 ...
[val] evaluating batch  138/169 ...
[val] evaluating batch  139/169 ...
[val] evaluating batch  140/169 ...
[val] evaluating batch  141/169 ...
[val] evaluating batch  142/169 ...
[val] evaluating batch  143/169 ...
[val] evaluating batch  144/169 ...
[val]   batch  144/169  seen  2304/2703  running cer 0.0209  wer 0.0770
[val] evaluating batch  145/169 ...
[val] evaluating batch  146/169 ...
[val] evaluating batch  147/169 ...
[val] evaluating batch  148/169 ...
[val] evaluating batch  149/169 ...
[val] evaluating batch  150/169 ...
[val] evaluating batch  151/169 ...
[val] evaluating batch  152/169 ...
[val] evaluating batch  153/169 ...
[val] evaluating batch  154/169 ...
[val] evaluating batch  155/169 ...
[val] evaluating batch  156/169 ...
[val] evaluating batch  157/169 ...
[val] evaluating batch  158/169 ...
[val] evaluating batch  159/169 ...
[val] evaluating batch  160/169 ...
[val]   batch  160/169  seen  2560/2703  running cer 0.0209  wer 0.0768
[val] evaluating batch  161/169 ...
[val] evaluating batch  162/169 ...
[val] evaluating batch  163/169 ...
[val] evaluating batch  164/169 ...
[val] evaluating batch  165/169 ...
[val] evaluating batch  166/169 ...
[val] evaluating batch  167/169 ...
[val] evaluating batch  168/169 ...
[val] evaluating batch  169/169 ...
[val]   batch  169/169  seen  2703/2703  running cer 0.0210  wer 0.0771
[val] sample predictions:
  REF[0]: mister quilter is the apostle of the middle classes and we are glad to welcome his gospel
  HYP[0]: mister quilter is the apossle of the middle classes and we are glad to welcome his gospele
  REF[1]: nor is mister quilter's manner less interesting than his matter
  HYP[1]: nor is mister quilter's manner less interesting than his matter
  REF[2]: he tells us that at this festive season of the year with christmas and roast beef looming before us similes drawn from e
  HYP[2]: he tells us that at this festive season of the year with christmas and rost beaf luming before us similies drawn from ea
[val] DONE  cer 0.0210  wer 0.0771
epoch   2  val_cer 0.0210  val_wer 0.0771
  saved best probe to /rds/user/bbg25/hpc-work/Thesis/Final-Proj/Probing/asr/standard_downstream/checkpoints/libri_advfb_prrecover_gn00015_240L16P_aux64_12k_s42_z_t_seed42/probe_lstm_best.pt

epoch 3/8  (3568 batches) ...
  step   7150  loss 0.1147  lr 3.81e-04
  step   7200  loss 0.1167  lr 3.81e-04
  step   7250  loss 0.1055  lr 3.80e-04
  step   7300  loss 0.1047  lr 3.79e-04
  step   7350  loss 0.1128  lr 3.78e-04
  step   7400  loss 0.1164  lr 3.77e-04
  step   7450  loss 0.1055  lr 3.76e-04
  step   7500  loss 0.1138  lr 3.75e-04
  step   7550  loss 0.1061  lr 3.74e-04
  step   7600  loss 0.1064  lr 3.73e-04
  step   7650  loss 0.1043  lr 3.73e-04
  step   7700  loss 0.1066  lr 3.72e-04
  step   7750  loss 0.1083  lr 3.71e-04
  step   7800  loss 0.1138  lr 3.70e-04
  step   7850  loss 0.1109  lr 3.69e-04
  step   7900  loss 0.1157  lr 3.68e-04
  step   7950  loss 0.1108  lr 3.67e-04
  step   8000  loss 0.1177  lr 3.66e-04
  step   8050  loss 0.1169  lr 3.65e-04
  step   8100  loss 0.1076  lr 3.64e-04
  step   8150  loss 0.1112  lr 3.64e-04
  step   8200  loss 0.1114  lr 3.63e-04
  step   8250  loss 0.1183  lr 3.62e-04
  step   8300  loss 0.1138  lr 3.61e-04
  step   8350  loss 0.1166  lr 3.60e-04
  step   8400  loss 0.1066  lr 3.59e-04
  step   8450  loss 0.1125  lr 3.58e-04
  step   8500  loss 0.1146  lr 3.57e-04
  step   8550  loss 0.1233  lr 3.56e-04
  step   8600  loss 0.1169  lr 3.56e-04
  step   8650  loss 0.1111  lr 3.55e-04
  step   8700  loss 0.1019  lr 3.54e-04
  step   8750  loss 0.1048  lr 3.53e-04
  step   8800  loss 0.1158  lr 3.52e-04
  step   8850  loss 0.1089  lr 3.51e-04
  step   8900  loss 0.1156  lr 3.50e-04
  step   8950  loss 0.1055  lr 3.49e-04
  step   9000  loss 0.1127  lr 3.48e-04
  step   9050  loss 0.1184  lr 3.48e-04
  step   9100  loss 0.1092  lr 3.47e-04
  step   9150  loss 0.1126  lr 3.46e-04
  step   9200  loss 0.1057  lr 3.45e-04
  step   9250  loss 0.1188  lr 3.44e-04
  step   9300  loss 0.1164  lr 3.43e-04
  step   9350  loss 0.1198  lr 3.42e-04
  step   9400  loss 0.1237  lr 3.41e-04
  step   9450  loss 0.1160  lr 3.40e-04
  step   9500  loss 0.1147  lr 3.40e-04
  step   9550  loss 0.1063  lr 3.39e-04
  step   9600  loss 0.1135  lr 3.38e-04
  step   9650  loss 0.1084  lr 3.37e-04
  step   9700  loss 0.1087  lr 3.36e-04
  step   9750  loss 0.1173  lr 3.35e-04
  step   9800  loss 0.1128  lr 3.34e-04
  step   9850  loss 0.1076  lr 3.33e-04
  step   9900  loss 0.1147  lr 3.32e-04
  step   9950  loss 0.1142  lr 3.32e-04
  step  10000  loss 0.1152  lr 3.31e-04
  step  10050  loss 0.1128  lr 3.30e-04
  step  10100  loss 0.1248  lr 3.29e-04
  step  10150  loss 0.1208  lr 3.28e-04
  step  10200  loss 0.1085  lr 3.27e-04
  step  10250  loss 0.1084  lr 3.26e-04
  step  10300  loss 0.1103  lr 3.25e-04
  step  10350  loss 0.1090  lr 3.24e-04
  step  10400  loss 0.1131  lr 3.23e-04
  step  10450  loss 0.1214  lr 3.23e-04
  step  10500  loss 0.1184  lr 3.22e-04
  step  10550  loss 0.1145  lr 3.21e-04
  step  10600  loss 0.1063  lr 3.20e-04
  step  10650  loss 0.1124  lr 3.19e-04
  step  10700  loss 0.1091  lr 3.18e-04
  step  10704  loss 0.1503  lr 3.18e-04

[val] starting evaluation  examples=2703  batches=169  device=cuda:0
[val] evaluating batch    1/169 ...
[val] evaluating batch    2/169 ...
[val] evaluating batch    3/169 ...
[val] evaluating batch    4/169 ...
[val] evaluating batch    5/169 ...
[val] evaluating batch    6/169 ...
[val] evaluating batch    7/169 ...
[val] evaluating batch    8/169 ...
[val] evaluating batch    9/169 ...
[val] evaluating batch   10/169 ...
[val] evaluating batch   11/169 ...
[val] evaluating batch   12/169 ...
[val] evaluating batch   13/169 ...
[val] evaluating batch   14/169 ...
[val] evaluating batch   15/169 ...
[val] evaluating batch   16/169 ...
[val]   batch   16/169  seen   256/2703  running cer 0.0206  wer 0.0801
[val] evaluating batch   17/169 ...
[val] evaluating batch   18/169 ...
[val] evaluating batch   19/169 ...
[val] evaluating batch   20/169 ...
[val] evaluating batch   21/169 ...
[val] evaluating batch   22/169 ...
[val] evaluating batch   23/169 ...
[val] evaluating batch   24/169 ...
[val] evaluating batch   25/169 ...
[val] evaluating batch   26/169 ...
[val] evaluating batch   27/169 ...
[val] evaluating batch   28/169 ...
[val] evaluating batch   29/169 ...
[val] evaluating batch   30/169 ...
[val] evaluating batch   31/169 ...
[val] evaluating batch   32/169 ...
[val]   batch   32/169  seen   512/2703  running cer 0.0188  wer 0.0728
[val] evaluating batch   33/169 ...
[val] evaluating batch   34/169 ...
[val] evaluating batch   35/169 ...
[val] evaluating batch   36/169 ...
[val] evaluating batch   37/169 ...
[val] evaluating batch   38/169 ...
[val] evaluating batch   39/169 ...
[val] evaluating batch   40/169 ...
[val] evaluating batch   41/169 ...
[val] evaluating batch   42/169 ...
[val] evaluating batch   43/169 ...
[val] evaluating batch   44/169 ...
[val] evaluating batch   45/169 ...
[val] evaluating batch   46/169 ...
[val] evaluating batch   47/169 ...
[val] evaluating batch   48/169 ...
[val]   batch   48/169  seen   768/2703  running cer 0.0188  wer 0.0702
[val] evaluating batch   49/169 ...
[val] evaluating batch   50/169 ...
[val] evaluating batch   51/169 ...
[val] evaluating batch   52/169 ...
[val] evaluating batch   53/169 ...
[val] evaluating batch   54/169 ...
[val] evaluating batch   55/169 ...
[val] evaluating batch   56/169 ...
[val] evaluating batch   57/169 ...
[val] evaluating batch   58/169 ...
[val] evaluating batch   59/169 ...
[val] evaluating batch   60/169 ...
[val] evaluating batch   61/169 ...
[val] evaluating batch   62/169 ...
[val] evaluating batch   63/169 ...
[val] evaluating batch   64/169 ...
[val]   batch   64/169  seen  1024/2703  running cer 0.0180  wer 0.0684
[val] evaluating batch   65/169 ...
[val] evaluating batch   66/169 ...
[val] evaluating batch   67/169 ...
[val] evaluating batch   68/169 ...
[val] evaluating batch   69/169 ...
[val] evaluating batch   70/169 ...
[val] evaluating batch   71/169 ...
[val] evaluating batch   72/169 ...
[val] evaluating batch   73/169 ...
[val] evaluating batch   74/169 ...
[val] evaluating batch   75/169 ...
[val] evaluating batch   76/169 ...
[val] evaluating batch   77/169 ...
[val] evaluating batch   78/169 ...
[val] evaluating batch   79/169 ...
[val] evaluating batch   80/169 ...
[val]   batch   80/169  seen  1280/2703  running cer 0.0171  wer 0.0662
[val] evaluating batch   81/169 ...
[val] evaluating batch   82/169 ...
[val] evaluating batch   83/169 ...
[val] evaluating batch   84/169 ...
[val] evaluating batch   85/169 ...
[val] evaluating batch   86/169 ...
[val] evaluating batch   87/169 ...
[val] evaluating batch   88/169 ...
[val] evaluating batch   89/169 ...
[val] evaluating batch   90/169 ...
[val] evaluating batch   91/169 ...
[val] evaluating batch   92/169 ...
[val] evaluating batch   93/169 ...
[val] evaluating batch   94/169 ...
[val] evaluating batch   95/169 ...
[val] evaluating batch   96/169 ...
[val]   batch   96/169  seen  1536/2703  running cer 0.0174  wer 0.0657
[val] evaluating batch   97/169 ...
[val] evaluating batch   98/169 ...
[val] evaluating batch   99/169 ...
[val] evaluating batch  100/169 ...
[val] evaluating batch  101/169 ...
[val] evaluating batch  102/169 ...
[val] evaluating batch  103/169 ...
[val] evaluating batch  104/169 ...
[val] evaluating batch  105/169 ...
[val] evaluating batch  106/169 ...
[val] evaluating batch  107/169 ...
[val] evaluating batch  108/169 ...
[val] evaluating batch  109/169 ...
[val] evaluating batch  110/169 ...
[val] evaluating batch  111/169 ...
[val] evaluating batch  112/169 ...
[val]   batch  112/169  seen  1792/2703  running cer 0.0175  wer 0.0658
[val] evaluating batch  113/169 ...
[val] evaluating batch  114/169 ...
[val] evaluating batch  115/169 ...
[val] evaluating batch  116/169 ...
[val] evaluating batch  117/169 ...
[val] evaluating batch  118/169 ...
[val] evaluating batch  119/169 ...
[val] evaluating batch  120/169 ...
[val] evaluating batch  121/169 ...
[val] evaluating batch  122/169 ...
[val] evaluating batch  123/169 ...
[val] evaluating batch  124/169 ...
[val] evaluating batch  125/169 ...
[val] evaluating batch  126/169 ...
[val] evaluating batch  127/169 ...
[val] evaluating batch  128/169 ...
[val]   batch  128/169  seen  2048/2703  running cer 0.0179  wer 0.0670
[val] evaluating batch  129/169 ...
[val] evaluating batch  130/169 ...
[val] evaluating batch  131/169 ...
[val] evaluating batch  132/169 ...
[val] evaluating batch  133/169 ...
[val] evaluating batch  134/169 ...
[val] evaluating batch  135/169 ...
[val] evaluating batch  136/169 ...
[val] evaluating batch  137/169 ...
[val] evaluating batch  138/169 ...
[val] evaluating batch  139/169 ...
[val] evaluating batch  140/169 ...
[val] evaluating batch  141/169 ...
[val] evaluating batch  142/169 ...
[val] evaluating batch  143/169 ...
[val] evaluating batch  144/169 ...
[val]   batch  144/169  seen  2304/2703  running cer 0.0188  wer 0.0691
[val] evaluating batch  145/169 ...
[val] evaluating batch  146/169 ...
[val] evaluating batch  147/169 ...
[val] evaluating batch  148/169 ...
[val] evaluating batch  149/169 ...
[val] evaluating batch  150/169 ...
[val] evaluating batch  151/169 ...
[val] evaluating batch  152/169 ...
[val] evaluating batch  153/169 ...
[val] evaluating batch  154/169 ...
[val] evaluating batch  155/169 ...
[val] evaluating batch  156/169 ...
[val] evaluating batch  157/169 ...
[val] evaluating batch  158/169 ...
[val] evaluating batch  159/169 ...
[val] evaluating batch  160/169 ...
[val]   batch  160/169  seen  2560/2703  running cer 0.0187  wer 0.0687
[val] evaluating batch  161/169 ...
[val] evaluating batch  162/169 ...
[val] evaluating batch  163/169 ...
[val] evaluating batch  164/169 ...
[val] evaluating batch  165/169 ...
[val] evaluating batch  166/169 ...
[val] evaluating batch  167/169 ...
[val] evaluating batch  168/169 ...
[val] evaluating batch  169/169 ...
[val]   batch  169/169  seen  2703/2703  running cer 0.0188  wer 0.0692
[val] sample predictions:
  REF[0]: mister quilter is the apostle of the middle classes and we are glad to welcome his gospel
  HYP[0]: mister quilter is the appocal of the middle classes and we are glad to welcome his gospel
  REF[1]: nor is mister quilter's manner less interesting than his matter
  HYP[1]: nor is mister quilter's manner less interesting than his matter
  REF[2]: he tells us that at this festive season of the year with christmas and roast beef looming before us similes drawn from e
  HYP[2]: he tells us that at this festive ceason of the year with christmas and roast beaf loming before us similies drawn from e
[val] DONE  cer 0.0188  wer 0.0692
epoch   3  val_cer 0.0188  val_wer 0.0692
  saved best probe to /rds/user/bbg25/hpc-work/Thesis/Final-Proj/Probing/asr/standard_downstream/checkpoints/libri_advfb_prrecover_gn00015_240L16P_aux64_12k_s42_z_t_seed42/probe_lstm_best.pt

epoch 4/8  (3568 batches) ...
  step  10750  loss 0.0962  lr 3.17e-04
  step  10800  loss 0.1052  lr 3.16e-04
  step  10850  loss 0.0929  lr 3.15e-04
  step  10900  loss 0.0924  lr 3.15e-04
  step  10950  loss 0.0871  lr 3.14e-04
  step  11000  loss 0.0956  lr 3.13e-04
  step  11050  loss 0.1014  lr 3.12e-04
  step  11100  loss 0.0924  lr 3.11e-04
  step  11150  loss 0.0982  lr 3.10e-04
  step  11200  loss 0.0881  lr 3.09e-04
  step  11250  loss 0.0873  lr 3.08e-04
  step  11300  loss 0.0925  lr 3.07e-04
  step  11350  loss 0.0907  lr 3.07e-04
  step  11400  loss 0.0902  lr 3.06e-04
  step  11450  loss 0.0968  lr 3.05e-04
  step  11500  loss 0.1001  lr 3.04e-04
  step  11550  loss 0.0900  lr 3.03e-04
  step  11600  loss 0.0984  lr 3.02e-04
  step  11650  loss 0.0945  lr 3.01e-04
  step  11700  loss 0.0964  lr 3.00e-04
  step  11750  loss 0.1073  lr 2.99e-04
  step  11800  loss 0.1020  lr 2.99e-04
  step  11850  loss 0.0883  lr 2.98e-04
  step  11900  loss 0.0983  lr 2.97e-04
  step  11950  loss 0.0949  lr 2.96e-04
  step  12000  loss 0.0933  lr 2.95e-04
  step  12050  loss 0.0938  lr 2.94e-04
  step  12100  loss 0.0896  lr 2.93e-04
  step  12150  loss 0.0947  lr 2.92e-04
  step  12200  loss 0.0917  lr 2.91e-04
  step  12250  loss 0.1000  lr 2.91e-04
  step  12300  loss 0.1016  lr 2.90e-04
  step  12350  loss 0.0974  lr 2.89e-04
  step  12400  loss 0.1020  lr 2.88e-04
  step  12450  loss 0.1021  lr 2.87e-04
  step  12500  loss 0.0954  lr 2.86e-04
  step  12550  loss 0.0881  lr 2.85e-04
  step  12600  loss 0.0978  lr 2.84e-04
  step  12650  loss 0.0938  lr 2.83e-04
  step  12700  loss 0.0891  lr 2.82e-04
  step  12750  loss 0.0969  lr 2.82e-04
  step  12800  loss 0.0949  lr 2.81e-04
  step  12850  loss 0.1003  lr 2.80e-04
  step  12900  loss 0.1001  lr 2.79e-04
  step  12950  loss 0.1046  lr 2.78e-04
  step  13000  loss 0.1004  lr 2.77e-04
  step  13050  loss 0.0928  lr 2.76e-04
  step  13100  loss 0.0955  lr 2.75e-04
  step  13150  loss 0.1073  lr 2.74e-04
  step  13200  loss 0.0920  lr 2.74e-04
  step  13250  loss 0.0994  lr 2.73e-04
  step  13300  loss 0.0945  lr 2.72e-04
  step  13350  loss 0.0987  lr 2.71e-04
  step  13400  loss 0.1017  lr 2.70e-04
  step  13450  loss 0.0985  lr 2.69e-04
  step  13500  loss 0.1031  lr 2.68e-04
  step  13550  loss 0.1076  lr 2.67e-04
  step  13600  loss 0.0980  lr 2.66e-04
  step  13650  loss 0.0945  lr 2.66e-04
  step  13700  loss 0.0973  lr 2.65e-04
  step  13750  loss 0.0934  lr 2.64e-04
  step  13800  loss 0.0880  lr 2.63e-04
  step  13850  loss 0.1006  lr 2.62e-04
  step  13900  loss 0.0933  lr 2.61e-04
  step  13950  loss 0.0913  lr 2.60e-04
  step  14000  loss 0.0974  lr 2.59e-04
  step  14050  loss 0.0869  lr 2.58e-04
  step  14100  loss 0.1025  lr 2.58e-04
  step  14150  loss 0.0901  lr 2.57e-04
  step  14200  loss 0.0950  lr 2.56e-04
  step  14250  loss 0.0941  lr 2.55e-04
  step  14272  loss 0.0901  lr 2.54e-04

[val] starting evaluation  examples=2703  batches=169  device=cuda:0
[val] evaluating batch    1/169 ...
[val] evaluating batch    2/169 ...
[val] evaluating batch    3/169 ...
[val] evaluating batch    4/169 ...
[val] evaluating batch    5/169 ...
[val] evaluating batch    6/169 ...
[val] evaluating batch    7/169 ...
[val] evaluating batch    8/169 ...
[val] evaluating batch    9/169 ...
[val] evaluating batch   10/169 ...
[val] evaluating batch   11/169 ...
[val] evaluating batch   12/169 ...
[val] evaluating batch   13/169 ...
[val] evaluating batch   14/169 ...
[val] evaluating batch   15/169 ...
[val] evaluating batch   16/169 ...
[val]   batch   16/169  seen   256/2703  running cer 0.0192  wer 0.0691
[val] evaluating batch   17/169 ...
[val] evaluating batch   18/169 ...
[val] evaluating batch   19/169 ...
[val] evaluating batch   20/169 ...
[val] evaluating batch   21/169 ...
[val] evaluating batch   22/169 ...
[val] evaluating batch   23/169 ...
[val] evaluating batch   24/169 ...
[val] evaluating batch   25/169 ...
[val] evaluating batch   26/169 ...
[val] evaluating batch   27/169 ...
[val] evaluating batch   28/169 ...
[val] evaluating batch   29/169 ...
[val] evaluating batch   30/169 ...
[val] evaluating batch   31/169 ...
[val] evaluating batch   32/169 ...
[val]   batch   32/169  seen   512/2703  running cer 0.0178  wer 0.0640
[val] evaluating batch   33/169 ...
[val] evaluating batch   34/169 ...
[val] evaluating batch   35/169 ...
[val] evaluating batch   36/169 ...
[val] evaluating batch   37/169 ...
[val] evaluating batch   38/169 ...
[val] evaluating batch   39/169 ...
[val] evaluating batch   40/169 ...
[val] evaluating batch   41/169 ...
[val] evaluating batch   42/169 ...
[val] evaluating batch   43/169 ...
[val] evaluating batch   44/169 ...
[val] evaluating batch   45/169 ...
[val] evaluating batch   46/169 ...
[val] evaluating batch   47/169 ...
[val] evaluating batch   48/169 ...
[val]   batch   48/169  seen   768/2703  running cer 0.0172  wer 0.0611
[val] evaluating batch   49/169 ...
[val] evaluating batch   50/169 ...
[val] evaluating batch   51/169 ...
[val] evaluating batch   52/169 ...
[val] evaluating batch   53/169 ...
[val] evaluating batch   54/169 ...
[val] evaluating batch   55/169 ...
[val] evaluating batch   56/169 ...
[val] evaluating batch   57/169 ...
[val] evaluating batch   58/169 ...
[val] evaluating batch   59/169 ...
[val] evaluating batch   60/169 ...
[val] evaluating batch   61/169 ...
[val] evaluating batch   62/169 ...
[val] evaluating batch   63/169 ...
[val] evaluating batch   64/169 ...
[val]   batch   64/169  seen  1024/2703  running cer 0.0165  wer 0.0595
[val] evaluating batch   65/169 ...
[val] evaluating batch   66/169 ...
[val] evaluating batch   67/169 ...
[val] evaluating batch   68/169 ...
[val] evaluating batch   69/169 ...
[val] evaluating batch   70/169 ...
[val] evaluating batch   71/169 ...
[val] evaluating batch   72/169 ...
[val] evaluating batch   73/169 ...
[val] evaluating batch   74/169 ...
[val] evaluating batch   75/169 ...
[val] evaluating batch   76/169 ...
[val] evaluating batch   77/169 ...
[val] evaluating batch   78/169 ...
[val] evaluating batch   79/169 ...
[val] evaluating batch   80/169 ...
[val]   batch   80/169  seen  1280/2703  running cer 0.0155  wer 0.0570
[val] evaluating batch   81/169 ...
[val] evaluating batch   82/169 ...
[val] evaluating batch   83/169 ...
[val] evaluating batch   84/169 ...
[val] evaluating batch   85/169 ...
[val] evaluating batch   86/169 ...
[val] evaluating batch   87/169 ...
[val] evaluating batch   88/169 ...
[val] evaluating batch   89/169 ...
[val] evaluating batch   90/169 ...
[val] evaluating batch   91/169 ...
[val] evaluating batch   92/169 ...
[val] evaluating batch   93/169 ...
[val] evaluating batch   94/169 ...
[val] evaluating batch   95/169 ...
[val] evaluating batch   96/169 ...
[val]   batch   96/169  seen  1536/2703  running cer 0.0157  wer 0.0568
[val] evaluating batch   97/169 ...
[val] evaluating batch   98/169 ...
[val] evaluating batch   99/169 ...
[val] evaluating batch  100/169 ...
[val] evaluating batch  101/169 ...
[val] evaluating batch  102/169 ...
[val] evaluating batch  103/169 ...
[val] evaluating batch  104/169 ...
[val] evaluating batch  105/169 ...
[val] evaluating batch  106/169 ...
[val] evaluating batch  107/169 ...
[val] evaluating batch  108/169 ...
[val] evaluating batch  109/169 ...
[val] evaluating batch  110/169 ...
[val] evaluating batch  111/169 ...
[val] evaluating batch  112/169 ...
[val]   batch  112/169  seen  1792/2703  running cer 0.0158  wer 0.0573
[val] evaluating batch  113/169 ...
[val] evaluating batch  114/169 ...
[val] evaluating batch  115/169 ...
[val] evaluating batch  116/169 ...
[val] evaluating batch  117/169 ...
[val] evaluating batch  118/169 ...
[val] evaluating batch  119/169 ...
[val] evaluating batch  120/169 ...
[val] evaluating batch  121/169 ...
[val] evaluating batch  122/169 ...
[val] evaluating batch  123/169 ...
[val] evaluating batch  124/169 ...
[val] evaluating batch  125/169 ...
[val] evaluating batch  126/169 ...
[val] evaluating batch  127/169 ...
[val] evaluating batch  128/169 ...
[val]   batch  128/169  seen  2048/2703  running cer 0.0162  wer 0.0583
[val] evaluating batch  129/169 ...
[val] evaluating batch  130/169 ...
[val] evaluating batch  131/169 ...
[val] evaluating batch  132/169 ...
[val] evaluating batch  133/169 ...
[val] evaluating batch  134/169 ...
[val] evaluating batch  135/169 ...
[val] evaluating batch  136/169 ...
[val] evaluating batch  137/169 ...
[val] evaluating batch  138/169 ...
[val] evaluating batch  139/169 ...
[val] evaluating batch  140/169 ...
[val] evaluating batch  141/169 ...
[val] evaluating batch  142/169 ...
[val] evaluating batch  143/169 ...
[val] evaluating batch  144/169 ...
[val]   batch  144/169  seen  2304/2703  running cer 0.0167  wer 0.0600
[val] evaluating batch  145/169 ...
[val] evaluating batch  146/169 ...
[val] evaluating batch  147/169 ...
[val] evaluating batch  148/169 ...
[val] evaluating batch  149/169 ...
[val] evaluating batch  150/169 ...
[val] evaluating batch  151/169 ...
[val] evaluating batch  152/169 ...
[val] evaluating batch  153/169 ...
[val] evaluating batch  154/169 ...
[val] evaluating batch  155/169 ...
[val] evaluating batch  156/169 ...
[val] evaluating batch  157/169 ...
[val] evaluating batch  158/169 ...
[val] evaluating batch  159/169 ...
[val] evaluating batch  160/169 ...
[val]   batch  160/169  seen  2560/2703  running cer 0.0167  wer 0.0601
[val] evaluating batch  161/169 ...
[val] evaluating batch  162/169 ...
[val] evaluating batch  163/169 ...
[val] evaluating batch  164/169 ...
[val] evaluating batch  165/169 ...
[val] evaluating batch  166/169 ...
[val] evaluating batch  167/169 ...
[val] evaluating batch  168/169 ...
[val] evaluating batch  169/169 ...
[val]   batch  169/169  seen  2703/2703  running cer 0.0167  wer 0.0604
[val] sample predictions:
  REF[0]: mister quilter is the apostle of the middle classes and we are glad to welcome his gospel
  HYP[0]: mister quilter is the apossal of the middle classes and we are glad to welcome his gospel
  REF[1]: nor is mister quilter's manner less interesting than his matter
  HYP[1]: nor is mister quilter's manner less interesting than his matter
  REF[2]: he tells us that at this festive season of the year with christmas and roast beef looming before us similes drawn from e
  HYP[2]: he tells us that at this festive season of the year with christmas and roast beaf looming before us symilies drawn from 
[val] DONE  cer 0.0167  wer 0.0604
epoch   4  val_cer 0.0167  val_wer 0.0604
  saved best probe to /rds/user/bbg25/hpc-work/Thesis/Final-Proj/Probing/asr/standard_downstream/checkpoints/libri_advfb_prrecover_gn00015_240L16P_aux64_12k_s42_z_t_seed42/probe_lstm_best.pt

epoch 5/8  (3568 batches) ...
  step  14300  loss 0.0918  lr 2.54e-04
  step  14350  loss 0.0881  lr 2.53e-04
  step  14400  loss 0.0807  lr 2.52e-04
  step  14450  loss 0.0841  lr 2.51e-04
  step  14500  loss 0.0770  lr 2.50e-04
  step  14550  loss 0.0829  lr 2.50e-04
  step  14600  loss 0.0815  lr 2.49e-04
  step  14650  loss 0.0847  lr 2.48e-04
  step  14700  loss 0.0816  lr 2.47e-04
  step  14750  loss 0.0866  lr 2.46e-04
  step  14800  loss 0.0864  lr 2.45e-04
  step  14850  loss 0.0900  lr 2.44e-04
  step  14900  loss 0.0893  lr 2.43e-04
  step  14950  loss 0.0880  lr 2.42e-04
  step  15000  loss 0.0822  lr 2.41e-04
  step  15050  loss 0.0844  lr 2.41e-04
  step  15100  loss 0.0857  lr 2.40e-04
  step  15150  loss 0.0788  lr 2.39e-04
  step  15200  loss 0.0858  lr 2.38e-04
  step  15250  loss 0.0857  lr 2.37e-04
  step  15300  loss 0.0787  lr 2.36e-04
  step  15350  loss 0.0938  lr 2.35e-04
  step  15400  loss 0.0843  lr 2.34e-04
  step  15450  loss 0.0854  lr 2.33e-04
  step  15500  loss 0.0858  lr 2.33e-04
  step  15550  loss 0.0797  lr 2.32e-04
  step  15600  loss 0.0832  lr 2.31e-04
  step  15650  loss 0.0844  lr 2.30e-04
  step  15700  loss 0.0900  lr 2.29e-04
  step  15750  loss 0.0798  lr 2.28e-04
  step  15800  loss 0.0922  lr 2.27e-04
  step  15850  loss 0.0750  lr 2.26e-04
  step  15900  loss 0.0808  lr 2.25e-04
  step  15950  loss 0.0961  lr 2.25e-04
  step  16000  loss 0.0767  lr 2.24e-04
  step  16050  loss 0.0751  lr 2.23e-04
  step  16100  loss 0.0835  lr 2.22e-04
  step  16150  loss 0.0814  lr 2.21e-04
  step  16200  loss 0.0818  lr 2.20e-04
  step  16250  loss 0.0807  lr 2.19e-04
  step  16300  loss 0.0750  lr 2.18e-04
  step  16350  loss 0.0832  lr 2.17e-04
  step  16400  loss 0.0819  lr 2.17e-04
  step  16450  loss 0.0856  lr 2.16e-04
  step  16500  loss 0.0785  lr 2.15e-04
  step  16550  loss 0.0842  lr 2.14e-04
  step  16600  loss 0.0816  lr 2.13e-04
  step  16650  loss 0.0891  lr 2.12e-04
  step  16700  loss 0.0896  lr 2.11e-04
  step  16750  loss 0.0840  lr 2.10e-04
  step  16800  loss 0.0815  lr 2.09e-04
  step  16850  loss 0.0873  lr 2.08e-04
  step  16900  loss 0.0839  lr 2.08e-04
  step  16950  loss 0.0865  lr 2.07e-04
  step  17000  loss 0.0872  lr 2.06e-04
  step  17050  loss 0.0864  lr 2.05e-04
  step  17100  loss 0.0815  lr 2.04e-04
  step  17150  loss 0.0859  lr 2.03e-04
  step  17200  loss 0.0817  lr 2.02e-04
  step  17250  loss 0.0805  lr 2.01e-04
  step  17300  loss 0.0898  lr 2.00e-04
  step  17350  loss 0.0771  lr 2.00e-04
  step  17400  loss 0.0759  lr 1.99e-04
  step  17450  loss 0.0823  lr 1.98e-04
  step  17500  loss 0.0837  lr 1.97e-04
  step  17550  loss 0.0944  lr 1.96e-04
  step  17600  loss 0.0771  lr 1.95e-04
  step  17650  loss 0.0795  lr 1.94e-04
  step  17700  loss 0.0841  lr 1.93e-04
  step  17750  loss 0.0904  lr 1.92e-04
  step  17800  loss 0.0769  lr 1.92e-04
  step  17840  loss 0.0823  lr 1.91e-04

[val] starting evaluation  examples=2703  batches=169  device=cuda:0
[val] evaluating batch    1/169 ...
[val] evaluating batch    2/169 ...
[val] evaluating batch    3/169 ...
[val] evaluating batch    4/169 ...
[val] evaluating batch    5/169 ...
[val] evaluating batch    6/169 ...
[val] evaluating batch    7/169 ...
[val] evaluating batch    8/169 ...
[val] evaluating batch    9/169 ...
[val] evaluating batch   10/169 ...
[val] evaluating batch   11/169 ...
[val] evaluating batch   12/169 ...
[val] evaluating batch   13/169 ...
[val] evaluating batch   14/169 ...
[val] evaluating batch   15/169 ...
[val] evaluating batch   16/169 ...
[val]   batch   16/169  seen   256/2703  running cer 0.0177  wer 0.0659
[val] evaluating batch   17/169 ...
[val] evaluating batch   18/169 ...
[val] evaluating batch   19/169 ...
[val] evaluating batch   20/169 ...
[val] evaluating batch   21/169 ...
[val] evaluating batch   22/169 ...
[val] evaluating batch   23/169 ...
[val] evaluating batch   24/169 ...
[val] evaluating batch   25/169 ...
[val] evaluating batch   26/169 ...
[val] evaluating batch   27/169 ...
[val] evaluating batch   28/169 ...
[val] evaluating batch   29/169 ...
[val] evaluating batch   30/169 ...
[val] evaluating batch   31/169 ...
[val] evaluating batch   32/169 ...
[val]   batch   32/169  seen   512/2703  running cer 0.0158  wer 0.0575
[val] evaluating batch   33/169 ...
[val] evaluating batch   34/169 ...
[val] evaluating batch   35/169 ...
[val] evaluating batch   36/169 ...
[val] evaluating batch   37/169 ...
[val] evaluating batch   38/169 ...
[val] evaluating batch   39/169 ...
[val] evaluating batch   40/169 ...
[val] evaluating batch   41/169 ...
[val] evaluating batch   42/169 ...
[val] evaluating batch   43/169 ...
[val] evaluating batch   44/169 ...
[val] evaluating batch   45/169 ...
[val] evaluating batch   46/169 ...
[val] evaluating batch   47/169 ...
[val] evaluating batch   48/169 ...
[val]   batch   48/169  seen   768/2703  running cer 0.0154  wer 0.0557
[val] evaluating batch   49/169 ...
[val] evaluating batch   50/169 ...
[val] evaluating batch   51/169 ...
[val] evaluating batch   52/169 ...
[val] evaluating batch   53/169 ...
[val] evaluating batch   54/169 ...
[val] evaluating batch   55/169 ...
[val] evaluating batch   56/169 ...
[val] evaluating batch   57/169 ...
[val] evaluating batch   58/169 ...
[val] evaluating batch   59/169 ...
[val] evaluating batch   60/169 ...
[val] evaluating batch   61/169 ...
[val] evaluating batch   62/169 ...
[val] evaluating batch   63/169 ...
[val] evaluating batch   64/169 ...
[val]   batch   64/169  seen  1024/2703  running cer 0.0149  wer 0.0549
[val] evaluating batch   65/169 ...
[val] evaluating batch   66/169 ...
[val] evaluating batch   67/169 ...
[val] evaluating batch   68/169 ...
[val] evaluating batch   69/169 ...
[val] evaluating batch   70/169 ...
[val] evaluating batch   71/169 ...
[val] evaluating batch   72/169 ...
[val] evaluating batch   73/169 ...
[val] evaluating batch   74/169 ...
[val] evaluating batch   75/169 ...
[val] evaluating batch   76/169 ...
[val] evaluating batch   77/169 ...
[val] evaluating batch   78/169 ...
[val] evaluating batch   79/169 ...
[val] evaluating batch   80/169 ...
[val]   batch   80/169  seen  1280/2703  running cer 0.0141  wer 0.0529
[val] evaluating batch   81/169 ...
[val] evaluating batch   82/169 ...
[val] evaluating batch   83/169 ...
[val] evaluating batch   84/169 ...
[val] evaluating batch   85/169 ...
[val] evaluating batch   86/169 ...
[val] evaluating batch   87/169 ...
[val] evaluating batch   88/169 ...
[val] evaluating batch   89/169 ...
[val] evaluating batch   90/169 ...
[val] evaluating batch   91/169 ...
[val] evaluating batch   92/169 ...
[val] evaluating batch   93/169 ...
[val] evaluating batch   94/169 ...
[val] evaluating batch   95/169 ...
[val] evaluating batch   96/169 ...
[val]   batch   96/169  seen  1536/2703  running cer 0.0145  wer 0.0527
[val] evaluating batch   97/169 ...
[val] evaluating batch   98/169 ...
[val] evaluating batch   99/169 ...
[val] evaluating batch  100/169 ...
[val] evaluating batch  101/169 ...
[val] evaluating batch  102/169 ...
[val] evaluating batch  103/169 ...
[val] evaluating batch  104/169 ...
[val] evaluating batch  105/169 ...
[val] evaluating batch  106/169 ...
[val] evaluating batch  107/169 ...
[val] evaluating batch  108/169 ...
[val] evaluating batch  109/169 ...
[val] evaluating batch  110/169 ...
[val] evaluating batch  111/169 ...
[val] evaluating batch  112/169 ...
[val]   batch  112/169  seen  1792/2703  running cer 0.0146  wer 0.0533
[val] evaluating batch  113/169 ...
[val] evaluating batch  114/169 ...
[val] evaluating batch  115/169 ...
[val] evaluating batch  116/169 ...
[val] evaluating batch  117/169 ...
[val] evaluating batch  118/169 ...
[val] evaluating batch  119/169 ...
[val] evaluating batch  120/169 ...
[val] evaluating batch  121/169 ...
[val] evaluating batch  122/169 ...
[val] evaluating batch  123/169 ...
[val] evaluating batch  124/169 ...
[val] evaluating batch  125/169 ...
[val] evaluating batch  126/169 ...
[val] evaluating batch  127/169 ...
[val] evaluating batch  128/169 ...
[val]   batch  128/169  seen  2048/2703  running cer 0.0151  wer 0.0544
[val] evaluating batch  129/169 ...
[val] evaluating batch  130/169 ...
[val] evaluating batch  131/169 ...
[val] evaluating batch  132/169 ...
[val] evaluating batch  133/169 ...
[val] evaluating batch  134/169 ...
[val] evaluating batch  135/169 ...
[val] evaluating batch  136/169 ...
[val] evaluating batch  137/169 ...
[val] evaluating batch  138/169 ...
[val] evaluating batch  139/169 ...
[val] evaluating batch  140/169 ...
[val] evaluating batch  141/169 ...
[val] evaluating batch  142/169 ...
[val] evaluating batch  143/169 ...
[val] evaluating batch  144/169 ...
[val]   batch  144/169  seen  2304/2703  running cer 0.0156  wer 0.0559
[val] evaluating batch  145/169 ...
[val] evaluating batch  146/169 ...
[val] evaluating batch  147/169 ...
[val] evaluating batch  148/169 ...
[val] evaluating batch  149/169 ...
[val] evaluating batch  150/169 ...
[val] evaluating batch  151/169 ...
[val] evaluating batch  152/169 ...
[val] evaluating batch  153/169 ...
[val] evaluating batch  154/169 ...
[val] evaluating batch  155/169 ...
[val] evaluating batch  156/169 ...
[val] evaluating batch  157/169 ...
[val] evaluating batch  158/169 ...
[val] evaluating batch  159/169 ...
[val] evaluating batch  160/169 ...
[val]   batch  160/169  seen  2560/2703  running cer 0.0157  wer 0.0562
[val] evaluating batch  161/169 ...
[val] evaluating batch  162/169 ...
[val] evaluating batch  163/169 ...
[val] evaluating batch  164/169 ...
[val] evaluating batch  165/169 ...
[val] evaluating batch  166/169 ...
[val] evaluating batch  167/169 ...
[val] evaluating batch  168/169 ...
[val] evaluating batch  169/169 ...
[val]   batch  169/169  seen  2703/2703  running cer 0.0157  wer 0.0562
[val] sample predictions:
  REF[0]: mister quilter is the apostle of the middle classes and we are glad to welcome his gospel
  HYP[0]: mister quilter is the apostl of the middle classes and we are glad to welcome his gospel
  REF[1]: nor is mister quilter's manner less interesting than his matter
  HYP[1]: nor is mister quilter's manner less interesting than his matter
  REF[2]: he tells us that at this festive season of the year with christmas and roast beef looming before us similes drawn from e
  HYP[2]: he tells us that at this festive season of the year with christmas and rost beef louoming before us similies drawn from 
[val] DONE  cer 0.0157  wer 0.0562
epoch   5  val_cer 0.0157  val_wer 0.0562
  saved best probe to /rds/user/bbg25/hpc-work/Thesis/Final-Proj/Probing/asr/standard_downstream/checkpoints/libri_advfb_prrecover_gn00015_240L16P_aux64_12k_s42_z_t_seed42/probe_lstm_best.pt

epoch 6/8  (3568 batches) ...
  step  17850  loss 0.0703  lr 1.91e-04
  step  17900  loss 0.0710  lr 1.90e-04
  step  17950  loss 0.0758  lr 1.89e-04
  step  18000  loss 0.0719  lr 1.88e-04
  step  18050  loss 0.0723  lr 1.87e-04
  step  18100  loss 0.0738  lr 1.86e-04
  step  18150  loss 0.0718  lr 1.85e-04
  step  18200  loss 0.0660  lr 1.84e-04
  step  18250  loss 0.0738  lr 1.84e-04
  step  18300  loss 0.0782  lr 1.83e-04
  step  18350  loss 0.0713  lr 1.82e-04
  step  18400  loss 0.0810  lr 1.81e-04
  step  18450  loss 0.0791  lr 1.80e-04
  step  18500  loss 0.0697  lr 1.79e-04
  step  18550  loss 0.0677  lr 1.78e-04
  step  18600  loss 0.0709  lr 1.77e-04
  step  18650  loss 0.0746  lr 1.76e-04
  step  18700  loss 0.0708  lr 1.76e-04
  step  18750  loss 0.0818  lr 1.75e-04
  step  18800  loss 0.0725  lr 1.74e-04
  step  18850  loss 0.0777  lr 1.73e-04
  step  18900  loss 0.0708  lr 1.72e-04
  step  18950  loss 0.0701  lr 1.71e-04
  step  19000  loss 0.0761  lr 1.70e-04
  step  19050  loss 0.0750  lr 1.69e-04
  step  19100  loss 0.0756  lr 1.68e-04
  step  19150  loss 0.0721  lr 1.67e-04
  step  19200  loss 0.0702  lr 1.67e-04
  step  19250  loss 0.0729  lr 1.66e-04
  step  19300  loss 0.0717  lr 1.65e-04
  step  19350  loss 0.0705  lr 1.64e-04
  step  19400  loss 0.0730  lr 1.63e-04
  step  19450  loss 0.0809  lr 1.62e-04
  step  19500  loss 0.0721  lr 1.61e-04
  step  19550  loss 0.0733  lr 1.60e-04
  step  19600  loss 0.0720  lr 1.59e-04
  step  19650  loss 0.0759  lr 1.59e-04
  step  19700  loss 0.0655  lr 1.58e-04
  step  19750  loss 0.0732  lr 1.57e-04
  step  19800  loss 0.0747  lr 1.56e-04
  step  19850  loss 0.0737  lr 1.55e-04
  step  19900  loss 0.0660  lr 1.54e-04
  step  19950  loss 0.0760  lr 1.53e-04
  step  20000  loss 0.0715  lr 1.52e-04
  step  20050  loss 0.0807  lr 1.51e-04
  step  20100  loss 0.0728  lr 1.51e-04
  step  20150  loss 0.0773  lr 1.50e-04
  step  20200  loss 0.0670  lr 1.49e-04
  step  20250  loss 0.0655  lr 1.48e-04
  step  20300  loss 0.0733  lr 1.47e-04
  step  20350  loss 0.0756  lr 1.46e-04
  step  20400  loss 0.0752  lr 1.45e-04
  step  20450  loss 0.0709  lr 1.44e-04
  step  20500  loss 0.0663  lr 1.43e-04
