=== Probe-seed sweep on job2_dense_gradnorm: probe_seed=123 ===  Tue 23 Jun 11:43:33 BST 2026
NVIDIA A100-SXM4-80GB
[diag_probe] run=diag_job2_dense_gradnorm_probe_seed123  device=cuda
[diag_probe] seed=123
[diag_probe] stage1_ckpt=/rds/user/bbg25/hpc-work/Thesis/Final-Proj/Disentanglement/checkpoints/job2_dense_gradnorm/stage2_best.pt
[diag_probe] stage2_ckpt=/rds/user/bbg25/hpc-work/Thesis/Final-Proj/Disentanglement/checkpoints/job2_dense_gradnorm/stage2_best.pt
[diag_probe] sources=['z_L', 'z_P']  tasks=['pr', 'sid']
[diag_probe] probe_steps=10000  pr_lr=0.0005  sid_lr=0.001  warmup=0  val_every=250  patience=8
[pr_data] loaded LibriSpeech lexicon: 200,000 entries
[pr_data] loading train-clean-100 …
[pr_data] loading dev-clean …
[pr_data] loading test-clean …
[pr_data]  train=28539  val=2703  test=2620  vocab_size=74
[dis_data] loaded lexicon: 200,000 entries
[dis_data] loading train-clean-100 …
[dis_data]  251 speakers
[dis_data]  train=27539  val=500  test=500  vocab=74  speakers=251
[train] WARNING: unexpected missing SAE keys: ['block_idx', 'block_m_L', 'block_m_P', 'block_m_U']
[train] loaded 3 SAE tensors from /rds/user/bbg25/hpc-work/Thesis/Final-Proj/Disentanglement/checkpoints/job2_dense_gradnorm/stage2_best.pt  (step=12000  val=0.5279)
[diag_probe] skipped 2 shape-mismatched/stale keys (e.g. ['grl_head.context_conv.weight', 'grl_head.context_conv.bias']) — fine, probe does not use adversarial heads
[diag_probe] loaded stage2 weights from /rds/user/bbg25/hpc-work/Thesis/Final-Proj/Disentanglement/checkpoints/job2_dense_gradnorm/stage2_best.pt

[diag_probe] speakers=251  pr_vocab=74  D=1280  K=5120
[diag_probe] PR: SUPERB 74-phone — train-clean-100 → val=dev-clean, test=test-clean
[diag_probe] SID: closed-set utterance split (val/test held out); probe arch=stats
[diag_probe] reported metric = TEST (val shown in parentheses)

  training probe: z_L -> PR ...
[pr_data] g2p_en loaded for OOV words
      [pr z_L] step 250/10000  dev PER=0.084  (best 0.084, bad 0/8)
      [pr z_L] step 500/10000  dev PER=0.076  (best 0.076, bad 0/8)
      [pr z_L] step 750/10000  dev PER=0.074  (best 0.074, bad 0/8)
      [pr z_L] step 1000/10000  dev PER=0.067  (best 0.067, bad 0/8)
      [pr z_L] step 1250/10000  dev PER=0.068  (best 0.067, bad 1/8)
      [pr z_L] step 1500/10000  dev PER=0.070  (best 0.067, bad 2/8)
      [pr z_L] step 1750/10000  dev PER=0.073  (best 0.067, bad 3/8)
      [pr z_L] step 2000/10000  dev PER=0.073  (best 0.067, bad 4/8)
      [pr z_L] step 2250/10000  dev PER=0.071  (best 0.067, bad 5/8)
      [pr z_L] step 2500/10000  dev PER=0.066  (best 0.066, bad 0/8)
      [pr z_L] step 2750/10000  dev PER=0.066  (best 0.066, bad 1/8)
      [pr z_L] step 3000/10000  dev PER=0.064  (best 0.064, bad 0/8)
      [pr z_L] step 3250/10000  dev PER=0.067  (best 0.064, bad 1/8)
      [pr z_L] step 3500/10000  dev PER=0.065  (best 0.064, bad 2/8)
      [pr z_L] step 3750/10000  dev PER=0.065  (best 0.064, bad 3/8)
      [pr z_L] step 4000/10000  dev PER=0.068  (best 0.064, bad 4/8)
      [pr z_L] step 4250/10000  dev PER=0.066  (best 0.064, bad 5/8)
      [pr z_L] step 4500/10000  dev PER=0.064  (best 0.064, bad 6/8)
      [pr z_L] step 4750/10000  dev PER=0.074  (best 0.064, bad 7/8)
      [pr z_L] step 5000/10000  dev PER=0.068  (best 0.064, bad 8/8)
    z_L -> PR               PER test=0.068  (val 0.064)
      [mdl z_L/pr] block 1/7  slice=[31, 62)  block_nats=3253.3  running_kbits=30.95
      [mdl z_L/pr] block 2/7  slice=[62, 125)  block_nats=5222.2  running_kbits=38.48
      [mdl z_L/pr] block 3/7  slice=[125, 250)  block_nats=11141.7  running_kbits=54.56
      [mdl z_L/pr] block 4/7  slice=[250, 500)  block_nats=18375.1  running_kbits=81.06
      [mdl z_L/pr] block 5/7  slice=[500, 1000)  block_nats=31952.2  running_kbits=127.16
      [mdl z_L/pr] block 6/7  slice=[1000, 2000)  block_nats=50754.9  running_kbits=200.39
      [mdl z_L/pr] block 7/7  slice=[2000, 4000)  block_nats=88421.8  running_kbits=327.95
    z_L -> PR               MDL kbits=327.95 / uniform=3107.50  compression=89.4%  (n=4000, 8 blocks)
  training probe: z_L -> SID ...
[dis_data] g2p_en loaded for OOV words
      [sid z_L] step 250/10000  dev acc=0.000  (best 0.000, bad 0/8)
      [sid z_L] step 500/10000  dev acc=0.010  (best 0.010, bad 0/8)
      [sid z_L] step 750/10000  dev acc=0.022  (best 0.022, bad 0/8)
      [sid z_L] step 1000/10000  dev acc=0.018  (best 0.022, bad 1/8)
      [sid z_L] step 1250/10000  dev acc=0.032  (best 0.032, bad 0/8)
      [sid z_L] step 1500/10000  dev acc=0.038  (best 0.038, bad 0/8)
      [sid z_L] step 1750/10000  dev acc=0.026  (best 0.038, bad 1/8)
      [sid z_L] step 2000/10000  dev acc=0.042  (best 0.042, bad 0/8)
      [sid z_L] step 2250/10000  dev acc=0.042  (best 0.042, bad 1/8)
      [sid z_L] step 2500/10000  dev acc=0.060  (best 0.060, bad 0/8)
      [sid z_L] step 2750/10000  dev acc=0.084  (best 0.084, bad 0/8)
      [sid z_L] step 3000/10000  dev acc=0.040  (best 0.084, bad 1/8)
      [sid z_L] step 3250/10000  dev acc=0.058  (best 0.084, bad 2/8)
      [sid z_L] step 3500/10000  dev acc=0.100  (best 0.100, bad 0/8)
      [sid z_L] step 3750/10000  dev acc=0.106  (best 0.106, bad 0/8)
      [sid z_L] step 4000/10000  dev acc=0.112  (best 0.112, bad 0/8)
      [sid z_L] step 4250/10000  dev acc=0.112  (best 0.112, bad 1/8)
      [sid z_L] step 4500/10000  dev acc=0.104  (best 0.112, bad 2/8)
      [sid z_L] step 4750/10000  dev acc=0.108  (best 0.112, bad 3/8)
      [sid z_L] step 5000/10000  dev acc=0.094  (best 0.112, bad 4/8)
      [sid z_L] step 5250/10000  dev acc=0.114  (best 0.114, bad 0/8)
      [sid z_L] step 5500/10000  dev acc=0.136  (best 0.136, bad 0/8)
      [sid z_L] step 5750/10000  dev acc=0.132  (best 0.136, bad 1/8)
      [sid z_L] step 6000/10000  dev acc=0.144  (best 0.144, bad 0/8)
      [sid z_L] step 6250/10000  dev acc=0.166  (best 0.166, bad 0/8)
      [sid z_L] step 6500/10000  dev acc=0.136  (best 0.166, bad 1/8)
      [sid z_L] step 6750/10000  dev acc=0.176  (best 0.176, bad 0/8)
      [sid z_L] step 7000/10000  dev acc=0.164  (best 0.176, bad 1/8)
      [sid z_L] step 7250/10000  dev acc=0.164  (best 0.176, bad 2/8)
      [sid z_L] step 7500/10000  dev acc=0.184  (best 0.184, bad 0/8)
      [sid z_L] step 7750/10000  dev acc=0.190  (best 0.190, bad 0/8)
      [sid z_L] step 8000/10000  dev acc=0.174  (best 0.190, bad 1/8)
      [sid z_L] step 8250/10000  dev acc=0.206  (best 0.206, bad 0/8)
      [sid z_L] step 8500/10000  dev acc=0.212  (best 0.212, bad 0/8)
      [sid z_L] step 8750/10000  dev acc=0.180  (best 0.212, bad 1/8)
      [sid z_L] step 9000/10000  dev acc=0.212  (best 0.212, bad 2/8)
      [sid z_L] step 9250/10000  dev acc=0.192  (best 0.212, bad 3/8)
      [sid z_L] step 9500/10000  dev acc=0.202  (best 0.212, bad 4/8)
      [sid z_L] step 9750/10000  dev acc=0.210  (best 0.212, bad 5/8)
      [sid z_L] step 10000/10000  dev acc=0.214  (best 0.214, bad 0/8)
    z_L -> SID              acc test=0.258  (val 0.214)
      [mdl z_L/sid] block 1/7  slice=[31, 62)  block_nats=1123.2  running_kbits=1.87
      [mdl z_L/sid] block 2/7  slice=[62, 125)  block_nats=2421.6  running_kbits=5.36
      [mdl z_L/sid] block 3/7  slice=[125, 250)  block_nats=3699.6  running_kbits=10.70
      [mdl z_L/sid] block 4/7  slice=[250, 500)  block_nats=4933.6  running_kbits=17.82
      [mdl z_L/sid] block 5/7  slice=[500, 1000)  block_nats=5285.1  running_kbits=25.44
      [mdl z_L/sid] block 6/7  slice=[1000, 2000)  block_nats=3950.6  running_kbits=31.14
      [mdl z_L/sid] block 7/7  slice=[2000, 4000)  block_nats=4026.1  running_kbits=36.95
    z_L -> SID              MDL kbits=36.95 / uniform=31.89  compression=0.0%  (n=4000, 8 blocks)
  training probe: z_P -> PR ...
      [pr z_P] step 250/10000  dev PER=0.940  (best 0.940, bad 0/8)
      [pr z_P] step 500/10000  dev PER=0.786  (best 0.786, bad 0/8)
      [pr z_P] step 750/10000  dev PER=0.640  (best 0.640, bad 0/8)
      [pr z_P] step 1000/10000  dev PER=0.585  (best 0.585, bad 0/8)
      [pr z_P] step 1250/10000  dev PER=0.562  (best 0.562, bad 0/8)
      [pr z_P] step 1500/10000  dev PER=0.540  (best 0.540, bad 0/8)
      [pr z_P] step 1750/10000  dev PER=0.538  (best 0.538, bad 0/8)
      [pr z_P] step 2000/10000  dev PER=0.534  (best 0.534, bad 0/8)
      [pr z_P] step 2250/10000  dev PER=0.533  (best 0.533, bad 0/8)
      [pr z_P] step 2500/10000  dev PER=0.533  (best 0.533, bad 1/8)
      [pr z_P] step 2750/10000  dev PER=0.537  (best 0.533, bad 2/8)
      [pr z_P] step 3000/10000  dev PER=0.531  (best 0.531, bad 0/8)
      [pr z_P] step 3250/10000  dev PER=0.527  (best 0.527, bad 0/8)
      [pr z_P] step 3500/10000  dev PER=0.534  (best 0.527, bad 1/8)
      [pr z_P] step 3750/10000  dev PER=0.531  (best 0.527, bad 2/8)
      [pr z_P] step 4000/10000  dev PER=0.529  (best 0.527, bad 3/8)
      [pr z_P] step 4250/10000  dev PER=0.534  (best 0.527, bad 4/8)
      [pr z_P] step 4500/10000  dev PER=0.528  (best 0.527, bad 5/8)
      [pr z_P] step 4750/10000  dev PER=0.524  (best 0.524, bad 0/8)
      [pr z_P] step 5000/10000  dev PER=0.527  (best 0.524, bad 1/8)
      [pr z_P] step 5250/10000  dev PER=0.527  (best 0.524, bad 2/8)
      [pr z_P] step 5500/10000  dev PER=0.526  (best 0.524, bad 3/8)
      [pr z_P] step 5750/10000  dev PER=0.527  (best 0.524, bad 4/8)
      [pr z_P] step 6000/10000  dev PER=0.526  (best 0.524, bad 5/8)
      [pr z_P] step 6250/10000  dev PER=0.526  (best 0.524, bad 6/8)
      [pr z_P] step 6500/10000  dev PER=0.526  (best 0.524, bad 7/8)
      [pr z_P] step 6750/10000  dev PER=0.528  (best 0.524, bad 8/8)
    z_P -> PR               PER test=0.529  (val 0.524)
      [mdl z_P/pr] block 1/7  slice=[31, 62)  block_nats=24391.6  running_kbits=58.82
      [mdl z_P/pr] block 2/7  slice=[62, 125)  block_nats=68138.3  running_kbits=157.12
      [mdl z_P/pr] block 3/7  slice=[125, 250)  block_nats=93012.7  running_kbits=291.31
      [mdl z_P/pr] block 4/7  slice=[250, 500)  block_nats=142376.8  running_kbits=496.71
      [mdl z_P/pr] block 5/7  slice=[500, 1000)  block_nats=188081.7  running_kbits=768.06
      [mdl z_P/pr] block 6/7  slice=[1000, 2000)  block_nats=265741.1  running_kbits=1151.44
      [mdl z_P/pr] block 7/7  slice=[2000, 4000)  block_nats=484045.7  running_kbits=1849.77
    z_P -> PR               MDL kbits=1849.77 / uniform=3134.18  compression=41.0%  (n=4000, 8 blocks)
  training probe: z_P -> SID ...
      [sid z_P] step 250/10000  dev acc=0.270  (best 0.270, bad 0/8)
      [sid z_P] step 500/10000  dev acc=0.476  (best 0.476, bad 0/8)
      [sid z_P] step 750/10000  dev acc=0.654  (best 0.654, bad 0/8)
      [sid z_P] step 1000/10000  dev acc=0.782  (best 0.782, bad 0/8)
      [sid z_P] step 1250/10000  dev acc=0.790  (best 0.790, bad 0/8)
      [sid z_P] step 1500/10000  dev acc=0.810  (best 0.810, bad 0/8)
      [sid z_P] step 1750/10000  dev acc=0.866  (best 0.866, bad 0/8)
      [sid z_P] step 2000/10000  dev acc=0.874  (best 0.874, bad 0/8)
      [sid z_P] step 2250/10000  dev acc=0.904  (best 0.904, bad 0/8)
      [sid z_P] step 2500/10000  dev acc=0.900  (best 0.904, bad 1/8)
      [sid z_P] step 2750/10000  dev acc=0.926  (best 0.926, bad 0/8)
      [sid z_P] step 3000/10000  dev acc=0.914  (best 0.926, bad 1/8)
      [sid z_P] step 3250/10000  dev acc=0.926  (best 0.926, bad 2/8)
      [sid z_P] step 3500/10000  dev acc=0.928  (best 0.928, bad 0/8)
      [sid z_P] step 3750/10000  dev acc=0.928  (best 0.928, bad 1/8)
      [sid z_P] step 4000/10000  dev acc=0.942  (best 0.942, bad 0/8)
      [sid z_P] step 4250/10000  dev acc=0.952  (best 0.952, bad 0/8)
      [sid z_P] step 4500/10000  dev acc=0.948  (best 0.952, bad 1/8)
      [sid z_P] step 4750/10000  dev acc=0.950  (best 0.952, bad 2/8)
      [sid z_P] step 5000/10000  dev acc=0.958  (best 0.958, bad 0/8)
      [sid z_P] step 5250/10000  dev acc=0.952  (best 0.958, bad 1/8)
      [sid z_P] step 5500/10000  dev acc=0.960  (best 0.960, bad 0/8)
      [sid z_P] step 5750/10000  dev acc=0.952  (best 0.960, bad 1/8)
      [sid z_P] step 6000/10000  dev acc=0.976  (best 0.976, bad 0/8)
      [sid z_P] step 6250/10000  dev acc=0.956  (best 0.976, bad 1/8)
      [sid z_P] step 6500/10000  dev acc=0.964  (best 0.976, bad 2/8)
      [sid z_P] step 6750/10000  dev acc=0.958  (best 0.976, bad 3/8)
      [sid z_P] step 7000/10000  dev acc=0.962  (best 0.976, bad 4/8)
      [sid z_P] step 7250/10000  dev acc=0.966  (best 0.976, bad 5/8)
      [sid z_P] step 7500/10000  dev acc=0.964  (best 0.976, bad 6/8)
      [sid z_P] step 7750/10000  dev acc=0.968  (best 0.976, bad 7/8)
      [sid z_P] step 8000/10000  dev acc=0.978  (best 0.978, bad 0/8)
      [sid z_P] step 8250/10000  dev acc=0.974  (best 0.978, bad 1/8)
      [sid z_P] step 8500/10000  dev acc=0.974  (best 0.978, bad 2/8)
      [sid z_P] step 8750/10000  dev acc=0.974  (best 0.978, bad 3/8)
      [sid z_P] step 9000/10000  dev acc=0.974  (best 0.978, bad 4/8)
      [sid z_P] step 9250/10000  dev acc=0.974  (best 0.978, bad 5/8)
      [sid z_P] step 9500/10000  dev acc=0.974  (best 0.978, bad 6/8)
      [sid z_P] step 9750/10000  dev acc=0.972  (best 0.978, bad 7/8)
      [sid z_P] step 10000/10000  dev acc=0.972  (best 0.978, bad 8/8)
    z_P -> SID              acc test=0.968  (val 0.978)
      [mdl z_P/sid] block 1/7  slice=[31, 62)  block_nats=494.6  running_kbits=0.96
      [mdl z_P/sid] block 2/7  slice=[62, 125)  block_nats=1784.3  running_kbits=3.53
      [mdl z_P/sid] block 3/7  slice=[125, 250)  block_nats=3552.3  running_kbits=8.66
      [mdl z_P/sid] block 4/7  slice=[250, 500)  block_nats=4290.9  running_kbits=14.85
      [mdl z_P/sid] block 5/7  slice=[500, 1000)  block_nats=2994.9  running_kbits=19.17
      [mdl z_P/sid] block 6/7  slice=[1000, 2000)  block_nats=2072.8  running_kbits=22.16
      [mdl z_P/sid] block 7/7  slice=[2000, 4000)  block_nats=2157.4  running_kbits=25.27
    z_P -> SID              MDL kbits=25.27 / uniform=31.89  compression=20.7%  (n=4000, 8 blocks)

==================================================================
  DIAGNOSTIC PROBE RESULTS - diag_job2_dense_gradnorm_probe_seed123
==================================================================
  Source       PR (PER↓)    SID (acc↑)
  --------  ------------  ------------
  z_L              0.068         0.258
  z_P              0.529         0.968
==================================================================

================================================================================
  MDL CODELENGTH (probe-budget-free) - diag_job2_dense_gradnorm_probe_seed123
================================================================================
  Source    Task     kbits ↓     uniform    compr% ↑       n
  --------  ----  ----------  ----------  ----------  ------
  z_L       PR        327.95     3107.50        89.4    4000
  z_L       SID        36.95       31.89         0.0    4000
  z_P       PR       1849.77     3134.18        41.0    4000
  z_P       SID        25.27       31.89        20.7    4000
================================================================================

Finished probe_seed=123: Tue 23 Jun 14:39:47 BST 2026
