[diag_probe] run=diag_libri_advlearn_hard_gn00015_gp02_aux64_12k_s42_z_L_pr_direct_seed42  device=cuda
[diag_probe] seed=42
[diag_probe] stage1_ckpt=/scratch/bbg25/runs/libri_advlearn_hard_gn00015_gp02_aux64_12k_s42/checkpoints/stage2_step12000.pt
[diag_probe] stage2_ckpt=/scratch/bbg25/runs/libri_advlearn_hard_gn00015_gp02_aux64_12k_s42/checkpoints/stage2_step12000.pt
[diag_probe] sources=['z_L']  tasks=['pr']
[diag_probe] probe_steps=5000  pr_lr=0.0005  asr_lr=0.0005  sid_lr=0.001  pr_warmup=500  asr_warmup=500  other_warmup=0  val_every=250  patience=10
[dis_data] loaded lexicon: 200,000 entries
[dis_data] loading PR train-clean-100 …
[dis_data] loading PR dev-clean …
[dis_data] loading PR test-clean …
[dis_data]  PR train=28539 val=2703 test=2620 vocab=74
[diag_probe] ASR task not requested — skipping ASR dataloaders.
[dis_data] loading train-clean-100 …
[dis_data]  251 speakers
[dis_data]  train=27539  val=500  test=500  vocab=74  speakers=251
[diag_probe] topk confirmed: 256
[train] loaded 3 SAE tensors from /scratch/bbg25/runs/libri_advlearn_hard_gn00015_gp02_aux64_12k_s42/checkpoints/stage2_step12000.pt  (step=12000  val=0.2565)
[diag_probe] skipped 1 shape-mismatched/stale keys (e.g. ['routing.current_logits']) — fine, probe does not use adversarial heads
[diag_probe] loaded stage2 weights from /scratch/bbg25/runs/libri_advlearn_hard_gn00015_gp02_aux64_12k_s42/checkpoints/stage2_step12000.pt

[diag_probe] speakers=251  pr_vocab=74  asr_vocab=n/a  D=1280  K=5120
[diag_probe] PR: stage-2-matched 74-phone targets — train-clean-100 → val=dev-clean, test=test-clean
[diag_probe] ASR: skipped
[diag_probe] SID: closed-set utterance split (val/test held out); probe arch=linear
[diag_probe] reported metric = TEST (val shown in parentheses)

  training probe: z_L -> PR ...
[dis_data] g2p_en loaded for OOV words
      [pr z_L] step 250/5000  train loss=7.270  dev loss=8.484  dev PER=0.910  (best 0.910, bad 0/10)
      [pr z_L] step 500/5000  train loss=5.542  dev loss=8.004  dev PER=0.922  (best 0.910, bad 1/10)
      [pr z_L] step 750/5000  train loss=5.505  dev loss=6.757  dev PER=0.954  (best 0.910, bad 2/10)
      [pr z_L] step 1000/5000  train loss=5.299  dev loss=6.759  dev PER=0.948  (best 0.910, bad 3/10)
      [pr z_L] step 1250/5000  train loss=5.340  dev loss=6.747  dev PER=0.922  (best 0.910, bad 4/10)
      [pr z_L] step 1500/5000  train loss=5.334  dev loss=5.593  dev PER=0.952  (best 0.910, bad 5/10)
      [pr z_L] step 1750/5000  train loss=1.231  dev loss=0.363  dev PER=0.094  (best 0.094, bad 0/10)
      [pr z_L] step 2000/5000  train loss=0.323  dev loss=0.320  dev PER=0.079  (best 0.079, bad 0/10)
      [pr z_L] step 2250/5000  train loss=0.309  dev loss=0.308  dev PER=0.077  (best 0.077, bad 0/10)
      [pr z_L] step 2500/5000  train loss=0.299  dev loss=0.302  dev PER=0.073  (best 0.073, bad 0/10)
      [pr z_L] step 2750/5000  train loss=0.295  dev loss=0.294  dev PER=0.073  (best 0.073, bad 0/10)
      [pr z_L] step 3000/5000  train loss=0.295  dev loss=0.293  dev PER=0.071  (best 0.071, bad 0/10)
      [pr z_L] step 3250/5000  train loss=0.289  dev loss=0.287  dev PER=0.070  (best 0.070, bad 0/10)
      [pr z_L] step 3500/5000  train loss=0.285  dev loss=0.288  dev PER=0.073  (best 0.070, bad 1/10)
      [pr z_L] step 3750/5000  train loss=0.281  dev loss=0.287  dev PER=0.070  (best 0.070, bad 2/10)
      [pr z_L] step 4000/5000  train loss=0.276  dev loss=0.285  dev PER=0.069  (best 0.069, bad 0/10)
      [pr z_L] step 4250/5000  train loss=0.275  dev loss=0.284  dev PER=0.069  (best 0.069, bad 1/10)
      [pr z_L] step 4500/5000  train loss=0.273  dev loss=0.282  dev PER=0.069  (best 0.069, bad 0/10)
      [pr z_L] step 4750/5000  train loss=0.278  dev loss=0.282  dev PER=0.070  (best 0.069, bad 1/10)
      [pr z_L] step 5000/5000  train loss=0.272  dev loss=0.282  dev PER=0.070  (best 0.069, bad 2/10)
    z_L -> PR               PER test=0.073  (val 0.069)

==================================================================
  DIAGNOSTIC PROBE RESULTS - diag_libri_advlearn_hard_gn00015_gp02_aux64_12k_s42_z_L_pr_direct_seed42
==================================================================
  Source       PR (PER↓)    SID (acc↑)
  --------  ------------  ------------
  z_L              0.073           nan
==================================================================

