[diag_probe] run=diag_libri_advlearn_hard_gn00015_gp02_aux64_12k_s42_sid_linear_seed42  device=cuda
[diag_probe] seed=42
[diag_probe] stage1_ckpt=/scratch/bbg25/runs/libri_advlearn_hard_gn00015_gp02_aux64_12k_s42/checkpoints/stage2_step12000.pt
[diag_probe] stage2_ckpt=/scratch/bbg25/runs/libri_advlearn_hard_gn00015_gp02_aux64_12k_s42/checkpoints/stage2_step12000.pt
[diag_probe] sources=['z_t', 'z_L', 'z_P']  tasks=['sid']
[diag_probe] probe_steps=5000  pr_lr=0.0005  asr_lr=0.0005  sid_lr=0.001  pr_warmup=500  asr_warmup=500  other_warmup=0  val_every=250  patience=10
[diag_probe] PR task not requested — skipping PR dataloaders.
[diag_probe] ASR task not requested — skipping ASR dataloaders.
[dis_data] loaded lexicon: 200,000 entries
[dis_data] loading train-clean-100 …
[dis_data]  251 speakers
[dis_data]  train=27539  val=500  test=500  vocab=74  speakers=251
[diag_probe] topk confirmed: 256
[train] loaded 3 SAE tensors from /scratch/bbg25/runs/libri_advlearn_hard_gn00015_gp02_aux64_12k_s42/checkpoints/stage2_step12000.pt  (step=12000  val=0.2565)
[diag_probe] skipped 1 shape-mismatched/stale keys (e.g. ['routing.current_logits']) — fine, probe does not use adversarial heads
[diag_probe] loaded stage2 weights from /scratch/bbg25/runs/libri_advlearn_hard_gn00015_gp02_aux64_12k_s42/checkpoints/stage2_step12000.pt

[diag_probe] speakers=251  pr_vocab=74  asr_vocab=n/a  D=1280  K=5120
[diag_probe] PR: skipped
[diag_probe] ASR: skipped
[diag_probe] SID: closed-set utterance split (val/test held out); probe arch=linear
[diag_probe] reported metric = TEST (val shown in parentheses)

  training probe: z_t -> SID ...
[dis_data] g2p_en loaded for OOV words
      [sid z_t] step 250/5000  train loss=4.462 acc=0.188  dev loss=4.247 acc=0.174  (best 0.174, bad 0/10)
      [sid z_t] step 500/5000  train loss=2.333 acc=0.625  dev loss=2.297 acc=0.506  (best 0.506, bad 0/10)
      [sid z_t] step 750/5000  train loss=1.072 acc=0.812  dev loss=0.930 acc=0.800  (best 0.800, bad 0/10)
      [sid z_t] step 1000/5000  train loss=0.598 acc=0.812  dev loss=0.500 acc=0.900  (best 0.900, bad 0/10)
      [sid z_t] step 1250/5000  train loss=0.331 acc=0.938  dev loss=0.332 acc=0.928  (best 0.928, bad 0/10)
      [sid z_t] step 1500/5000  train loss=0.343 acc=0.938  dev loss=0.289 acc=0.926  (best 0.928, bad 1/10)
      [sid z_t] step 1750/5000  train loss=0.202 acc=0.938  dev loss=0.299 acc=0.910  (best 0.928, bad 2/10)
      [sid z_t] step 2000/5000  train loss=0.282 acc=0.938  dev loss=0.098 acc=0.982  (best 0.982, bad 0/10)
      [sid z_t] step 2250/5000  train loss=0.063 acc=1.000  dev loss=0.106 acc=0.980  (best 0.982, bad 1/10)
      [sid z_t] step 2500/5000  train loss=0.114 acc=1.000  dev loss=0.171 acc=0.944  (best 0.982, bad 2/10)
      [sid z_t] step 2750/5000  train loss=0.061 acc=1.000  dev loss=0.088 acc=0.976  (best 0.982, bad 3/10)
      [sid z_t] step 3000/5000  train loss=0.211 acc=0.938  dev loss=0.056 acc=0.990  (best 0.990, bad 0/10)
      [sid z_t] step 3250/5000  train loss=0.006 acc=1.000  dev loss=0.056 acc=0.986  (best 0.990, bad 1/10)
      [sid z_t] step 3500/5000  train loss=0.193 acc=0.938  dev loss=0.031 acc=0.992  (best 0.992, bad 0/10)
      [sid z_t] step 3750/5000  train loss=0.028 acc=1.000  dev loss=0.022 acc=0.996  (best 0.996, bad 0/10)
      [sid z_t] step 4000/5000  train loss=0.012 acc=1.000  dev loss=0.014 acc=1.000  (best 1.000, bad 0/10)
      [sid z_t] step 4250/5000  train loss=0.004 acc=1.000  dev loss=0.029 acc=0.990  (best 1.000, bad 1/10)
      [sid z_t] step 4500/5000  train loss=0.003 acc=1.000  dev loss=0.015 acc=1.000  (best 1.000, bad 2/10)
      [sid z_t] step 4750/5000  train loss=0.002 acc=1.000  dev loss=0.011 acc=1.000  (best 1.000, bad 3/10)
      [sid z_t] step 5000/5000  train loss=0.003 acc=1.000  dev loss=0.011 acc=1.000  (best 1.000, bad 4/10)
    z_t -> SID              acc test=0.996  (val 1.000)
  training probe: z_L -> SID ...
      [sid z_L] step 250/5000  train loss=5.691 acc=0.000  dev loss=6.113 acc=0.016  (best 0.016, bad 0/10)
      [sid z_L] step 500/5000  train loss=6.119 acc=0.000  dev loss=5.880 acc=0.006  (best 0.016, bad 1/10)
      [sid z_L] step 750/5000  train loss=5.422 acc=0.125  dev loss=5.138 acc=0.040  (best 0.040, bad 0/10)
      [sid z_L] step 1000/5000  train loss=4.549 acc=0.125  dev loss=4.628 acc=0.174  (best 0.174, bad 0/10)
      [sid z_L] step 1250/5000  train loss=4.022 acc=0.250  dev loss=4.331 acc=0.150  (best 0.174, bad 1/10)
      [sid z_L] step 1500/5000  train loss=3.474 acc=0.062  dev loss=3.580 acc=0.226  (best 0.226, bad 0/10)
      [sid z_L] step 1750/5000  train loss=3.277 acc=0.438  dev loss=3.020 acc=0.378  (best 0.378, bad 0/10)
      [sid z_L] step 2000/5000  train loss=2.229 acc=0.750  dev loss=2.335 acc=0.540  (best 0.540, bad 0/10)
      [sid z_L] step 2250/5000  train loss=2.288 acc=0.688  dev loss=1.840 acc=0.668  (best 0.668, bad 0/10)
      [sid z_L] step 2500/5000  train loss=1.013 acc=0.812  dev loss=1.548 acc=0.694  (best 0.694, bad 0/10)
      [sid z_L] step 2750/5000  train loss=1.513 acc=0.688  dev loss=1.285 acc=0.764  (best 0.764, bad 0/10)
      [sid z_L] step 3000/5000  train loss=1.074 acc=0.875  dev loss=0.951 acc=0.860  (best 0.860, bad 0/10)
      [sid z_L] step 3250/5000  train loss=0.540 acc=0.938  dev loss=0.764 acc=0.890  (best 0.890, bad 0/10)
      [sid z_L] step 3500/5000  train loss=0.338 acc=0.938  dev loss=0.551 acc=0.936  (best 0.936, bad 0/10)
      [sid z_L] step 3750/5000  train loss=0.508 acc=0.938  dev loss=0.523 acc=0.930  (best 0.936, bad 1/10)
      [sid z_L] step 4000/5000  train loss=0.371 acc=1.000  dev loss=0.445 acc=0.964  (best 0.964, bad 0/10)
      [sid z_L] step 4250/5000  train loss=0.363 acc=0.938  dev loss=0.355 acc=0.974  (best 0.974, bad 0/10)
      [sid z_L] step 4500/5000  train loss=0.304 acc=1.000  dev loss=0.307 acc=0.978  (best 0.978, bad 0/10)
      [sid z_L] step 4750/5000  train loss=0.270 acc=0.938  dev loss=0.284 acc=0.982  (best 0.982, bad 0/10)
      [sid z_L] step 5000/5000  train loss=0.168 acc=1.000  dev loss=0.268 acc=0.980  (best 0.982, bad 1/10)
    z_L -> SID              acc test=0.976  (val 0.982)
  training probe: z_P -> SID ...
      [sid z_P] step 250/5000  train loss=1.636 acc=0.875  dev loss=2.110 acc=0.746  (best 0.746, bad 0/10)
      [sid z_P] step 500/5000  train loss=0.749 acc=0.938  dev loss=0.639 acc=0.946  (best 0.946, bad 0/10)
      [sid z_P] step 750/5000  train loss=0.211 acc=1.000  dev loss=0.262 acc=0.972  (best 0.972, bad 0/10)
      [sid z_P] step 1000/5000  train loss=0.108 acc=1.000  dev loss=0.141 acc=0.988  (best 0.988, bad 0/10)
      [sid z_P] step 1250/5000  train loss=0.042 acc=1.000  dev loss=0.100 acc=0.990  (best 0.990, bad 0/10)
      [sid z_P] step 1500/5000  train loss=0.024 acc=1.000  dev loss=0.069 acc=0.998  (best 0.998, bad 0/10)
      [sid z_P] step 1750/5000  train loss=0.064 acc=1.000  dev loss=0.054 acc=0.998  (best 0.998, bad 1/10)
      [sid z_P] step 2000/5000  train loss=0.128 acc=1.000  dev loss=0.054 acc=0.992  (best 0.998, bad 2/10)
      [sid z_P] step 2250/5000  train loss=0.006 acc=1.000  dev loss=0.036 acc=0.998  (best 0.998, bad 3/10)
      [sid z_P] step 2500/5000  train loss=0.003 acc=1.000  dev loss=0.033 acc=0.998  (best 0.998, bad 4/10)
      [sid z_P] step 2750/5000  train loss=0.017 acc=1.000  dev loss=0.029 acc=0.998  (best 0.998, bad 5/10)
      [sid z_P] step 3000/5000  train loss=0.055 acc=1.000  dev loss=0.026 acc=0.998  (best 0.998, bad 6/10)
      [sid z_P] step 3250/5000  train loss=0.023 acc=1.000  dev loss=0.025 acc=0.996  (best 0.998, bad 7/10)
      [sid z_P] step 3500/5000  train loss=0.012 acc=1.000  dev loss=0.021 acc=0.998  (best 0.998, bad 8/10)
      [sid z_P] step 3750/5000  train loss=0.104 acc=0.938  dev loss=0.022 acc=0.996  (best 0.998, bad 9/10)
      [sid z_P] step 4000/5000  train loss=0.007 acc=1.000  dev loss=0.020 acc=0.996  (best 0.998, bad 10/10)
    z_P -> SID              acc test=0.996  (val 0.998)

==================================================================
  DIAGNOSTIC PROBE RESULTS - diag_libri_advlearn_hard_gn00015_gp02_aux64_12k_s42_sid_linear_seed42
==================================================================
  Source       PR (PER↓)    SID (acc↑)
  --------  ------------  ------------
  z_t                nan         0.996
  z_L                nan         0.976
  z_P                nan         0.996
==================================================================

