[diag_probe] run=diag_libri_advlearn_hard_gn00015_gp02_aux64_12k_s42_z_t_pr_linear_seed42  device=cuda
[diag_probe] seed=42
[diag_probe] stage1_ckpt=/scratch/bbg25/runs/libri_advlearn_hard_gn00015_gp02_aux64_12k_s42/checkpoints/stage2_step12000.pt
[diag_probe] stage2_ckpt=/scratch/bbg25/runs/libri_advlearn_hard_gn00015_gp02_aux64_12k_s42/checkpoints/stage2_step12000.pt
[diag_probe] sources=['z_t']  tasks=['pr']
[diag_probe] probe_steps=5000  pr_lr=0.0005  asr_lr=0.0005  sid_lr=0.001  pr_warmup=500  asr_warmup=500  other_warmup=0  val_every=250  patience=10
[dis_data] loaded lexicon: 200,000 entries
[dis_data] loading PR train-clean-100 …
[dis_data] loading PR dev-clean …
[dis_data] loading PR test-clean …
[dis_data]  PR train=28539 val=2703 test=2620 vocab=74
[diag_probe] ASR task not requested — skipping ASR dataloaders.
[dis_data] loading train-clean-100 …
[dis_data]  251 speakers
[dis_data]  train=27539  val=500  test=500  vocab=74  speakers=251
[diag_probe] topk confirmed: 256
[train] loaded 3 SAE tensors from /scratch/bbg25/runs/libri_advlearn_hard_gn00015_gp02_aux64_12k_s42/checkpoints/stage2_step12000.pt  (step=12000  val=0.2565)
[diag_probe] skipped 1 shape-mismatched/stale keys (e.g. ['routing.current_logits']) — fine, probe does not use adversarial heads
[diag_probe] loaded stage2 weights from /scratch/bbg25/runs/libri_advlearn_hard_gn00015_gp02_aux64_12k_s42/checkpoints/stage2_step12000.pt

[diag_probe] speakers=251  pr_vocab=74  asr_vocab=n/a  D=1280  K=5120
[diag_probe] PR: stage-2-matched 74-phone targets — train-clean-100 → val=dev-clean, test=test-clean
[diag_probe] ASR: skipped
[diag_probe] SID: closed-set utterance split (val/test held out); probe arch=linear
[diag_probe] reported metric = TEST (val shown in parentheses)

  training probe: z_t -> PR ...
[dis_data] g2p_en loaded for OOV words
      [pr z_t] step 250/5000  train loss=3.419  dev loss=0.500  dev PER=0.151  (best 0.151, bad 0/10)
      [pr z_t] step 500/5000  train loss=0.376  dev loss=0.347  dev PER=0.097  (best 0.097, bad 0/10)
      [pr z_t] step 750/5000  train loss=0.315  dev loss=0.313  dev PER=0.075  (best 0.075, bad 0/10)
      [pr z_t] step 1000/5000  train loss=0.311  dev loss=0.308  dev PER=0.080  (best 0.075, bad 1/10)
      [pr z_t] step 1250/5000  train loss=0.307  dev loss=0.297  dev PER=0.071  (best 0.071, bad 0/10)
      [pr z_t] step 1500/5000  train loss=0.295  dev loss=0.301  dev PER=0.075  (best 0.071, bad 1/10)
      [pr z_t] step 1750/5000  train loss=0.299  dev loss=0.308  dev PER=0.082  (best 0.071, bad 2/10)
      [pr z_t] step 2000/5000  train loss=0.275  dev loss=0.289  dev PER=0.068  (best 0.068, bad 0/10)
      [pr z_t] step 2250/5000  train loss=0.279  dev loss=0.294  dev PER=0.070  (best 0.068, bad 1/10)
      [pr z_t] step 2500/5000  train loss=0.278  dev loss=0.293  dev PER=0.074  (best 0.068, bad 2/10)
      [pr z_t] step 2750/5000  train loss=0.278  dev loss=0.291  dev PER=0.072  (best 0.068, bad 3/10)
      [pr z_t] step 3000/5000  train loss=0.279  dev loss=0.285  dev PER=0.070  (best 0.068, bad 4/10)
      [pr z_t] step 3250/5000  train loss=0.275  dev loss=0.280  dev PER=0.071  (best 0.068, bad 5/10)
      [pr z_t] step 3500/5000  train loss=0.272  dev loss=0.284  dev PER=0.072  (best 0.068, bad 6/10)
      [pr z_t] step 3750/5000  train loss=0.264  dev loss=0.281  dev PER=0.072  (best 0.068, bad 7/10)
      [pr z_t] step 4000/5000  train loss=0.259  dev loss=0.283  dev PER=0.065  (best 0.065, bad 0/10)
      [pr z_t] step 4250/5000  train loss=0.257  dev loss=0.278  dev PER=0.070  (best 0.065, bad 1/10)
      [pr z_t] step 4500/5000  train loss=0.255  dev loss=0.276  dev PER=0.066  (best 0.065, bad 2/10)
      [pr z_t] step 4750/5000  train loss=0.260  dev loss=0.275  dev PER=0.068  (best 0.065, bad 3/10)
      [pr z_t] step 5000/5000  train loss=0.255  dev loss=0.274  dev PER=0.067  (best 0.065, bad 4/10)
    z_t -> PR               PER test=0.069  (val 0.065)

==================================================================
  DIAGNOSTIC PROBE RESULTS - diag_libri_advlearn_hard_gn00015_gp02_aux64_12k_s42_z_t_pr_linear_seed42
==================================================================
  Source       PR (PER↓)    SID (acc↑)
  --------  ------------  ------------
  z_t              0.069           nan
==================================================================

