=== Reconstructive projection stage2 + probe (reuse ln_sae) ===
Job/Array         : 30388107 / 2
Node / GPU        : gpu-q-44 / NVIDIA A100-SXM4-80GB
Started           : Thu Jun 11 09:31:41 BST 2026
run_name          : proj_recon_ln_d256_grl0p1
grl_weight (SID)  : 0.1    frame_level=0
grl_p (phoneme)   : 0.01  (frozen)
stage1_ckpt       : /rds/user/bbg25/hpc-work/Thesis/Final-Proj/Disentanglement/checkpoints/ln_sae/stage1_best.pt
=== Disentanglement  stage=2
=== device=cuda  bf16=True
=== K=5120  topk=256  D=1280
=== steps=8000  α=0.02  β=0.03  grl=0.1  ρ=0.0
[dis_data] loaded lexicon: 200,000 entries
[dis_data] loading train-clean-100 …
[dis_data]  251 speakers
[dis_data]  train=28039  val=500  vocab=41  speakers=251
[train] loaded 3 SAE tensors from /rds/user/bbg25/hpc-work/Thesis/Final-Proj/Disentanglement/checkpoints/ln_sae/stage1_best.pt  (step=6000  val=0.0737)
[stage 2] frozen=596,973,362  trainable=18,714,184  device=cuda
[stage 2] speakers=251  vocab=41
[stage 2] α=0.02  β=0.03  grl=0.1  ρ=0.0  grl_p=0.01  projection=True dim=256  recon_via_views=True  spear_ln=True
[stage 2] steps=8000  batch=16
[dis_data] g2p_en loaded for OOV words
  step      1/8000  recon=0.4323  pr=14.9000  sid=5.5312  grl=5.5059  grl_p=15.0099  L/P/U=0/0/0  actL/P/U=nan/nan/nan  H=nan  Hu=nan  spec<.5=nan  marg=nan  lstd=nan  lr=6.00e-08
  step    100/8000  recon=0.3413  pr=3.6374  sid=5.5547  grl=5.5469  grl_p=14.3598  L/P/U=0/0/0  actL/P/U=nan/nan/nan  H=nan  Hu=nan  spec<.5=nan  marg=nan  lstd=nan  lr=6.00e-06
  step    200/8000  recon=0.2345  pr=3.3727  sid=5.5098  grl=5.5254  grl_p=13.5149  L/P/U=0/0/0  actL/P/U=nan/nan/nan  H=nan  Hu=nan  spec<.5=nan  marg=nan  lstd=nan  lr=1.20e-05
  step    300/8000  recon=0.1816  pr=2.5270  sid=5.5156  grl=5.5215  grl_p=15.1416  L/P/U=0/0/0  actL/P/U=nan/nan/nan  H=nan  Hu=nan  spec<.5=nan  marg=nan  lstd=nan  lr=1.80e-05
  step    400/8000  recon=0.1565  pr=1.3588  sid=5.5156  grl=5.5469  grl_p=13.4841  L/P/U=0/0/0  actL/P/U=nan/nan/nan  H=nan  Hu=nan  spec<.5=nan  marg=nan  lstd=nan  lr=2.40e-05
  [grad_norms @500]
    recon             |g|=0.18367  ratio=1.000x recon
    pr_raw            |g|=0.22154  ratio=1.206x recon
    pr_weighted       |g|=0.00443  ratio=0.024x recon
    sid_raw           |g|=0.29788  ratio=1.622x recon
    sid_weighted      |g|=0.00894  ratio=0.049x recon
    grl               |g|=0.01185  ratio=0.065x recon
    grl_p             |g|=0.00852  ratio=0.046x recon
    route             |g|=0.00000  ratio=0.000x recon
  step    500/8000  recon=0.1382  pr=0.9213  sid=5.2891  grl=5.5977  grl_p=8.2454  L/P/U=0/0/0  actL/P/U=nan/nan/nan  H=nan  Hu=nan  spec<.5=nan  marg=nan  lstd=nan  lr=3.00e-05
  step    600/8000  recon=0.1308  pr=0.7236  sid=5.3809  grl=5.6387  grl_p=12.1152  L/P/U=0/0/0  actL/P/U=nan/nan/nan  H=nan  Hu=nan  spec<.5=nan  marg=nan  lstd=nan  lr=3.00e-05
  step    700/8000  recon=0.1230  pr=0.7438  sid=5.5508  grl=5.6641  grl_p=14.2956  L/P/U=0/0/0  actL/P/U=nan/nan/nan  H=nan  Hu=nan  spec<.5=nan  marg=nan  lstd=nan  lr=2.99e-05
  step    800/8000  recon=0.1185  pr=0.5550  sid=5.2285  grl=5.7969  grl_p=7.7080  L/P/U=0/0/0  actL/P/U=nan/nan/nan  H=nan  Hu=nan  spec<.5=nan  marg=nan  lstd=nan  lr=2.99e-05
  step    900/8000  recon=0.1146  pr=0.4617  sid=5.0322  grl=5.6953  grl_p=7.0743  L/P/U=0/0/0  actL/P/U=nan/nan/nan  H=nan  Hu=nan  spec<.5=nan  marg=nan  lstd=nan  lr=2.98e-05
  [grad_norms @1000]
    recon             |g|=0.21710  ratio=1.000x recon
    pr_raw            |g|=0.20014  ratio=0.922x recon
    pr_weighted       |g|=0.00400  ratio=0.018x recon
    sid_raw           |g|=0.90625  ratio=4.174x recon
    sid_weighted      |g|=0.02719  ratio=0.125x recon
    grl               |g|=0.02645  ratio=0.122x recon
    grl_p             |g|=0.00731  ratio=0.034x recon
    route             |g|=0.00000  ratio=0.000x recon
  step   1000/8000  recon=0.1121  pr=0.4699  sid=4.7344  grl=5.9043  grl_p=6.3321  L/P/U=0/0/0  actL/P/U=nan/nan/nan  H=nan  Hu=nan  spec<.5=nan  marg=nan  lstd=nan  lr=2.97e-05
  [val] step=1000  recon=0.1118  pr=0.5036  PER=0.135  sid_acc=0.078
  ✓ best checkpoint (disent=1.0572  PER=0.135 sid=0.078) → /rds/user/bbg25/hpc-work/Thesis/Final-Proj/Disentanglement/checkpoints/proj_recon_ln_d256_grl0p1/stage2_best.pt
  step   1100/8000  recon=0.1076  pr=0.4176  sid=4.6709  grl=5.8535  grl_p=6.0329  L/P/U=0/0/0  actL/P/U=nan/nan/nan  H=nan  Hu=nan  spec<.5=nan  marg=nan  lstd=nan  lr=2.95e-05
  step   1200/8000  recon=0.1089  pr=0.4081  sid=4.6738  grl=5.8613  grl_p=8.5371  L/P/U=0/0/0  actL/P/U=nan/nan/nan  H=nan  Hu=nan  spec<.5=nan  marg=nan  lstd=nan  lr=2.94e-05
  step   1300/8000  recon=0.1060  pr=0.4529  sid=4.2900  grl=5.7891  grl_p=10.4206  L/P/U=0/0/0  actL/P/U=nan/nan/nan  H=nan  Hu=nan  spec<.5=nan  marg=nan  lstd=nan  lr=2.92e-05
  step   1400/8000  recon=0.1057  pr=0.5006  sid=3.8311  grl=5.7637  grl_p=9.2186  L/P/U=0/0/0  actL/P/U=nan/nan/nan  H=nan  Hu=nan  spec<.5=nan  marg=nan  lstd=nan  lr=2.90e-05
  [grad_norms @1500]
    recon             |g|=0.30245  ratio=1.000x recon
    pr_raw            |g|=0.24900  ratio=0.823x recon
    pr_weighted       |g|=0.00498  ratio=0.016x recon
    sid_raw           |g|=0.98119  ratio=3.244x recon
    sid_weighted      |g|=0.02944  ratio=0.097x recon
    grl               |g|=0.03888  ratio=0.129x recon
    grl_p             |g|=0.01603  ratio=0.053x recon
    route             |g|=0.00000  ratio=0.000x recon
  step   1500/8000  recon=0.1065  pr=0.5020  sid=3.6606  grl=5.8848  grl_p=7.0919  L/P/U=0/0/0  actL/P/U=nan/nan/nan  H=nan  Hu=nan  spec<.5=nan  marg=nan  lstd=nan  lr=2.87e-05
  step   1600/8000  recon=0.1045  pr=0.4174  sid=3.5015  grl=5.8848  grl_p=6.7676  L/P/U=0/0/0  actL/P/U=nan/nan/nan  H=nan  Hu=nan  spec<.5=nan  marg=nan  lstd=nan  lr=2.85e-05
  step   1700/8000  recon=0.1055  pr=0.4775  sid=3.5723  grl=5.8633  grl_p=6.3332  L/P/U=0/0/0  actL/P/U=nan/nan/nan  H=nan  Hu=nan  spec<.5=nan  marg=nan  lstd=nan  lr=2.82e-05
  step   1800/8000  recon=0.1014  pr=0.3380  sid=2.7983  grl=5.9453  grl_p=6.1317  L/P/U=0/0/0  actL/P/U=nan/nan/nan  H=nan  Hu=nan  spec<.5=nan  marg=nan  lstd=nan  lr=2.79e-05
  step   1900/8000  recon=0.1024  pr=0.4257  sid=2.7466  grl=6.0645  grl_p=6.9886  L/P/U=0/0/0  actL/P/U=nan/nan/nan  H=nan  Hu=nan  spec<.5=nan  marg=nan  lstd=nan  lr=2.76e-05
  [grad_norms @2000]
    recon             |g|=0.32205  ratio=1.000x recon
    pr_raw            |g|=0.27244  ratio=0.846x recon
    pr_weighted       |g|=0.00545  ratio=0.017x recon
    sid_raw           |g|=2.28856  ratio=7.106x recon
    sid_weighted      |g|=0.06866  ratio=0.213x recon
    grl               |g|=0.05313  ratio=0.165x recon
    grl_p             |g|=0.02713  ratio=0.084x recon
    route             |g|=0.00000  ratio=0.000x recon
  step   2000/8000  recon=0.1026  pr=0.3746  sid=2.5635  grl=5.9727  grl_p=7.4614  L/P/U=0/0/0  actL/P/U=nan/nan/nan  H=nan  Hu=nan  spec<.5=nan  marg=nan  lstd=nan  lr=2.72e-05
  [val] step=2000  recon=0.1019  pr=0.4093  PER=0.098  sid_acc=0.580
  ✓ best checkpoint (disent=0.5178  PER=0.098 sid=0.580) → /rds/user/bbg25/hpc-work/Thesis/Final-Proj/Disentanglement/checkpoints/proj_recon_ln_d256_grl0p1/stage2_best.pt
  step   2100/8000  recon=0.1017  pr=0.3957  sid=2.1963  grl=6.3398  grl_p=7.1110  L/P/U=0/0/0  actL/P/U=nan/nan/nan  H=nan  Hu=nan  spec<.5=nan  marg=nan  lstd=nan  lr=2.69e-05
  step   2200/8000  recon=0.1004  pr=0.3820  sid=2.0136  grl=6.5410  grl_p=7.5419  L/P/U=0/0/0  actL/P/U=nan/nan/nan  H=nan  Hu=nan  spec<.5=nan  marg=nan  lstd=nan  lr=2.65e-05
  step   2300/8000  recon=0.1005  pr=0.3406  sid=1.7332  grl=6.0254  grl_p=6.9790  L/P/U=0/0/0  actL/P/U=nan/nan/nan  H=nan  Hu=nan  spec<.5=nan  marg=nan  lstd=nan  lr=2.61e-05
  step   2400/8000  recon=0.1000  pr=0.3362  sid=1.9912  grl=6.2559  grl_p=6.9811  L/P/U=0/0/0  actL/P/U=nan/nan/nan  H=nan  Hu=nan  spec<.5=nan  marg=nan  lstd=nan  lr=2.56e-05
  [grad_norms @2500]
    recon             |g|=0.34767  ratio=1.000x recon
    pr_raw            |g|=0.25515  ratio=0.734x recon
    pr_weighted       |g|=0.00510  ratio=0.015x recon
    sid_raw           |g|=1.71912  ratio=4.945x recon
    sid_weighted      |g|=0.05157  ratio=0.148x recon
    grl               |g|=0.06034  ratio=0.174x recon
    grl_p             |g|=0.04833  ratio=0.139x recon
    route             |g|=0.00000  ratio=0.000x recon
  step   2500/8000  recon=0.0995  pr=0.3609  sid=1.1176  grl=5.9414  grl_p=7.6796  L/P/U=0/0/0  actL/P/U=nan/nan/nan  H=nan  Hu=nan  spec<.5=nan  marg=nan  lstd=nan  lr=2.52e-05
  step   2600/8000  recon=0.0998  pr=0.3469  sid=1.1927  grl=6.0957  grl_p=6.8802  L/P/U=0/0/0  actL/P/U=nan/nan/nan  H=nan  Hu=nan  spec<.5=nan  marg=nan  lstd=nan  lr=2.47e-05
  step   2700/8000  recon=0.0989  pr=0.3924  sid=1.6603  grl=6.1230  grl_p=7.0798  L/P/U=0/0/0  actL/P/U=nan/nan/nan  H=nan  Hu=nan  spec<.5=nan  marg=nan  lstd=nan  lr=2.43e-05
  step   2800/8000  recon=0.0985  pr=0.3111  sid=1.3258  grl=5.9805  grl_p=6.9501  L/P/U=0/0/0  actL/P/U=nan/nan/nan  H=nan  Hu=nan  spec<.5=nan  marg=nan  lstd=nan  lr=2.38e-05
  step   2900/8000  recon=0.0983  pr=0.4377  sid=0.9705  grl=6.0078  grl_p=7.2581  L/P/U=0/0/0  actL/P/U=nan/nan/nan  H=nan  Hu=nan  spec<.5=nan  marg=nan  lstd=nan  lr=2.33e-05
  [grad_norms @3000]
    recon             |g|=0.29041  ratio=1.000x recon
    pr_raw            |g|=0.27450  ratio=0.945x recon
    pr_weighted       |g|=0.00549  ratio=0.019x recon
    sid_raw           |g|=2.38811  ratio=8.223x recon
    sid_weighted      |g|=0.07164  ratio=0.247x recon
    grl               |g|=0.07251  ratio=0.250x recon
    grl_p             |g|=0.02731  ratio=0.094x recon
    route             |g|=0.00000  ratio=0.000x recon
  step   3000/8000  recon=0.0983  pr=0.3126  sid=1.0314  grl=6.1172  grl_p=7.9979  L/P/U=0/0/0  actL/P/U=nan/nan/nan  H=nan  Hu=nan  spec<.5=nan  marg=nan  lstd=nan  lr=2.28e-05
  [val] step=3000  recon=0.0983  pr=0.3798  PER=0.095  sid_acc=0.866
  ✓ best checkpoint (disent=0.2285  PER=0.095 sid=0.866) → /rds/user/bbg25/hpc-work/Thesis/Final-Proj/Disentanglement/checkpoints/proj_recon_ln_d256_grl0p1/stage2_best.pt
  step   3100/8000  recon=0.0987  pr=0.3686  sid=1.1984  grl=6.1348  grl_p=8.4644  L/P/U=0/0/0  actL/P/U=nan/nan/nan  H=nan  Hu=nan  spec<.5=nan  marg=nan  lstd=nan  lr=2.22e-05
  step   3200/8000  recon=0.0977  pr=0.3434  sid=0.6725  grl=6.1328  grl_p=8.5796  L/P/U=0/0/0  actL/P/U=nan/nan/nan  H=nan  Hu=nan  spec<.5=nan  marg=nan  lstd=nan  lr=2.17e-05
  step   3300/8000  recon=0.0984  pr=0.4337  sid=0.4373  grl=6.0840  grl_p=7.9970  L/P/U=0/0/0  actL/P/U=nan/nan/nan  H=nan  Hu=nan  spec<.5=nan  marg=nan  lstd=nan  lr=2.11e-05
  step   3400/8000  recon=0.0985  pr=0.3984  sid=0.5728  grl=6.0723  grl_p=9.2082  L/P/U=0/0/0  actL/P/U=nan/nan/nan  H=nan  Hu=nan  spec<.5=nan  marg=nan  lstd=nan  lr=2.06e-05
  [grad_norms @3500]
    recon             |g|=0.25885  ratio=1.000x recon
    pr_raw            |g|=0.31113  ratio=1.202x recon
    pr_weighted       |g|=0.00622  ratio=0.024x recon
    sid_raw           |g|=2.72397  ratio=10.523x recon
    sid_weighted      |g|=0.08172  ratio=0.316x recon
    grl               |g|=0.07827  ratio=0.302x recon
    grl_p             |g|=0.03341  ratio=0.129x recon
    route             |g|=0.00000  ratio=0.000x recon
  step   3500/8000  recon=0.0986  pr=0.3999  sid=0.5813  grl=6.0801  grl_p=8.5327  L/P/U=0/0/0  actL/P/U=nan/nan/nan  H=nan  Hu=nan  spec<.5=nan  marg=nan  lstd=nan  lr=2.00e-05
  step   3600/8000  recon=0.0972  pr=0.2754  sid=0.6594  grl=6.1367  grl_p=8.3614  L/P/U=0/0/0  actL/P/U=nan/nan/nan  H=nan  Hu=nan  spec<.5=nan  marg=nan  lstd=nan  lr=1.94e-05
  step   3700/8000  recon=0.0979  pr=0.3580  sid=0.7104  grl=6.0156  grl_p=8.5386  L/P/U=0/0/0  actL/P/U=nan/nan/nan  H=nan  Hu=nan  spec<.5=nan  marg=nan  lstd=nan  lr=1.88e-05
  step   3800/8000  recon=0.0974  pr=0.3286  sid=0.6295  grl=6.1621  grl_p=7.9500  L/P/U=0/0/0  actL/P/U=nan/nan/nan  H=nan  Hu=nan  spec<.5=nan  marg=nan  lstd=nan  lr=1.82e-05
  step   3900/8000  recon=0.0971  pr=0.3686  sid=0.3749  grl=6.0605  grl_p=7.9173  L/P/U=0/0/0  actL/P/U=nan/nan/nan  H=nan  Hu=nan  spec<.5=nan  marg=nan  lstd=nan  lr=1.76e-05
  [grad_norms @4000]
    recon             |g|=0.27831  ratio=1.000x recon
    pr_raw            |g|=0.32909  ratio=1.182x recon
    pr_weighted       |g|=0.00658  ratio=0.024x recon
    sid_raw           |g|=2.12409  ratio=7.632x recon
    sid_weighted      |g|=0.06372  ratio=0.229x recon
    grl               |g|=0.08920  ratio=0.321x recon
    grl_p             |g|=0.05544  ratio=0.199x recon
    route             |g|=0.00000  ratio=0.000x recon
  step   4000/8000  recon=0.0987  pr=0.3412  sid=0.3675  grl=6.4961  grl_p=8.9019  L/P/U=0/0/0  actL/P/U=nan/nan/nan  H=nan  Hu=nan  spec<.5=nan  marg=nan  lstd=nan  lr=1.70e-05
  [val] step=4000  recon=0.0965  pr=0.3655  PER=0.087  sid_acc=0.940
  ✓ best checkpoint (disent=0.1467  PER=0.087 sid=0.940) → /rds/user/bbg25/hpc-work/Thesis/Final-Proj/Disentanglement/checkpoints/proj_recon_ln_d256_grl0p1/stage2_best.pt
  step   4100/8000  recon=0.0958  pr=0.3260  sid=0.2366  grl=6.0645  grl_p=8.1880  L/P/U=0/0/0  actL/P/U=nan/nan/nan  H=nan  Hu=nan  spec<.5=nan  marg=nan  lstd=nan  lr=1.64e-05
  step   4200/8000  recon=0.0971  pr=0.2925  sid=0.5055  grl=6.1953  grl_p=7.7905  L/P/U=0/0/0  actL/P/U=nan/nan/nan  H=nan  Hu=nan  spec<.5=nan  marg=nan  lstd=nan  lr=1.58e-05
  step   4300/8000  recon=0.0958  pr=0.3348  sid=0.4025  grl=6.0078  grl_p=8.7474  L/P/U=0/0/0  actL/P/U=nan/nan/nan  H=nan  Hu=nan  spec<.5=nan  marg=nan  lstd=nan  lr=1.52e-05
  step   4400/8000  recon=0.0970  pr=0.3088  sid=0.5191  grl=6.2227  grl_p=8.7622  L/P/U=0/0/0  actL/P/U=nan/nan/nan  H=nan  Hu=nan  spec<.5=nan  marg=nan  lstd=nan  lr=1.46e-05
  [grad_norms @4500]
    recon             |g|=0.21398  ratio=1.000x recon
    pr_raw            |g|=0.26087  ratio=1.219x recon
    pr_weighted       |g|=0.00522  ratio=0.024x recon
    sid_raw           |g|=2.25670  ratio=10.546x recon
    sid_weighted      |g|=0.06770  ratio=0.316x recon
    grl               |g|=0.08418  ratio=0.393x recon
    grl_p             |g|=0.02215  ratio=0.104x recon
    route             |g|=0.00000  ratio=0.000x recon
  step   4500/8000  recon=0.0948  pr=0.2805  sid=0.6390  grl=6.0586  grl_p=8.2120  L/P/U=0/0/0  actL/P/U=nan/nan/nan  H=nan  Hu=nan  spec<.5=nan  marg=nan  lstd=nan  lr=1.40e-05
  step   4600/8000  recon=0.0944  pr=0.3018  sid=0.4205  grl=6.0996  grl_p=8.0183  L/P/U=0/0/0  actL/P/U=nan/nan/nan  H=nan  Hu=nan  spec<.5=nan  marg=nan  lstd=nan  lr=1.34e-05
  step   4700/8000  recon=0.0960  pr=0.3648  sid=0.3390  grl=5.8691  grl_p=8.5543  L/P/U=0/0/0  actL/P/U=nan/nan/nan  H=nan  Hu=nan  spec<.5=nan  marg=nan  lstd=nan  lr=1.28e-05
  step   4800/8000  recon=0.0952  pr=0.3128  sid=0.4430  grl=5.9805  grl_p=8.4019  L/P/U=0/0/0  actL/P/U=nan/nan/nan  H=nan  Hu=nan  spec<.5=nan  marg=nan  lstd=nan  lr=1.22e-05
  step   4900/8000  recon=0.0955  pr=0.3029  sid=0.3699  grl=5.9355  grl_p=7.6879  L/P/U=0/0/0  actL/P/U=nan/nan/nan  H=nan  Hu=nan  spec<.5=nan  marg=nan  lstd=nan  lr=1.16e-05
  [grad_norms @5000]
    recon             |g|=0.20417  ratio=1.000x recon
    pr_raw            |g|=0.32527  ratio=1.593x recon
    pr_weighted       |g|=0.00651  ratio=0.032x recon
    sid_raw           |g|=2.02336  ratio=9.910x recon
    sid_weighted      |g|=0.06070  ratio=0.297x recon
    grl               |g|=0.07952  ratio=0.389x recon
    grl_p             |g|=0.03553  ratio=0.174x recon
    route             |g|=0.00000  ratio=0.000x recon
  step   5000/8000  recon=0.0936  pr=0.3077  sid=0.2406  grl=5.9629  grl_p=8.6921  L/P/U=0/0/0  actL/P/U=nan/nan/nan  H=nan  Hu=nan  spec<.5=nan  marg=nan  lstd=nan  lr=1.10e-05
  [val] step=5000  recon=0.0947  pr=0.3582  PER=0.087  sid_acc=0.962
  ✓ best checkpoint (disent=0.1246  PER=0.087 sid=0.962) → /rds/user/bbg25/hpc-work/Thesis/Final-Proj/Disentanglement/checkpoints/proj_recon_ln_d256_grl0p1/stage2_best.pt
  step   5100/8000  recon=0.0943  pr=0.3684  sid=0.3427  grl=5.9766  grl_p=8.3123  L/P/U=0/0/0  actL/P/U=nan/nan/nan  H=nan  Hu=nan  spec<.5=nan  marg=nan  lstd=nan  lr=1.04e-05
  step   5200/8000  recon=0.0945  pr=0.3023  sid=0.1228  grl=6.1543  grl_p=8.2105  L/P/U=0/0/0  actL/P/U=nan/nan/nan  H=nan  Hu=nan  spec<.5=nan  marg=nan  lstd=nan  lr=9.88e-06
  step   5300/8000  recon=0.0945  pr=0.3288  sid=0.2152  grl=6.1270  grl_p=8.1214  L/P/U=0/0/0  actL/P/U=nan/nan/nan  H=nan  Hu=nan  spec<.5=nan  marg=nan  lstd=nan  lr=9.33e-06
  step   5400/8000  recon=0.0929  pr=0.2987  sid=0.1725  grl=5.7656  grl_p=8.1683  L/P/U=0/0/0  actL/P/U=nan/nan/nan  H=nan  Hu=nan  spec<.5=nan  marg=nan  lstd=nan  lr=8.78e-06
  [grad_norms @5500]
    recon             |g|=0.19577  ratio=1.000x recon
    pr_raw            |g|=0.29039  ratio=1.483x recon
    pr_weighted       |g|=0.00581  ratio=0.030x recon
    sid_raw           |g|=2.71666  ratio=13.877x recon
    sid_weighted      |g|=0.08150  ratio=0.416x recon
    grl               |g|=0.08464  ratio=0.432x recon
    grl_p             |g|=0.03227  ratio=0.165x recon
    route             |g|=0.00000  ratio=0.000x recon
  step   5500/8000  recon=0.0936  pr=0.3150  sid=0.3871  grl=6.0273  grl_p=9.6451  L/P/U=0/0/0  actL/P/U=nan/nan/nan  H=nan  Hu=nan  spec<.5=nan  marg=nan  lstd=nan  lr=8.25e-06
  step   5600/8000  recon=0.0941  pr=0.4808  sid=0.1785  grl=5.9668  grl_p=8.1813  L/P/U=0/0/0  actL/P/U=nan/nan/nan  H=nan  Hu=nan  spec<.5=nan  marg=nan  lstd=nan  lr=7.73e-06
  step   5700/8000  recon=0.0938  pr=0.3180  sid=0.1863  grl=6.0020  grl_p=8.7690  L/P/U=0/0/0  actL/P/U=nan/nan/nan  H=nan  Hu=nan  spec<.5=nan  marg=nan  lstd=nan  lr=7.22e-06
  step   5800/8000  recon=0.0925  pr=0.3689  sid=0.2772  grl=5.8965  grl_p=8.8008  L/P/U=0/0/0  actL/P/U=nan/nan/nan  H=nan  Hu=nan  spec<.5=nan  marg=nan  lstd=nan  lr=6.73e-06
  step   5900/8000  recon=0.0945  pr=0.3191  sid=0.2264  grl=6.1133  grl_p=8.8183  L/P/U=0/0/0  actL/P/U=nan/nan/nan  H=nan  Hu=nan  spec<.5=nan  marg=nan  lstd=nan  lr=6.26e-06
  [grad_norms @6000]
    recon             |g|=0.19472  ratio=1.000x recon
    pr_raw            |g|=0.27684  ratio=1.422x recon
    pr_weighted       |g|=0.00554  ratio=0.028x recon
    sid_raw           |g|=1.58118  ratio=8.120x recon
    sid_weighted      |g|=0.04744  ratio=0.244x recon
    grl               |g|=0.07117  ratio=0.366x recon
    grl_p             |g|=0.02742  ratio=0.141x recon
    route             |g|=0.00000  ratio=0.000x recon
  step   6000/8000  recon=0.0933  pr=0.3542  sid=0.2135  grl=6.1074  grl_p=9.1914  L/P/U=0/0/0  actL/P/U=nan/nan/nan  H=nan  Hu=nan  spec<.5=nan  marg=nan  lstd=nan  lr=5.80e-06
  [val] step=6000  recon=0.0937  pr=0.3518  PER=0.083  sid_acc=0.976
  ✓ best checkpoint (disent=0.1072  PER=0.083 sid=0.976) → /rds/user/bbg25/hpc-work/Thesis/Final-Proj/Disentanglement/checkpoints/proj_recon_ln_d256_grl0p1/stage2_best.pt
  step   6100/8000  recon=0.0925  pr=0.3094  sid=0.1680  grl=6.0410  grl_p=9.8277  L/P/U=0/0/0  actL/P/U=nan/nan/nan  H=nan  Hu=nan  spec<.5=nan  marg=nan  lstd=nan  lr=5.35e-06
  step   6200/8000  recon=0.0961  pr=0.3573  sid=0.4849  grl=5.9395  grl_p=8.3069  L/P/U=0/0/0  actL/P/U=nan/nan/nan  H=nan  Hu=nan  spec<.5=nan  marg=nan  lstd=nan  lr=4.93e-06
  step   6300/8000  recon=0.0918  pr=0.2627  sid=0.3117  grl=5.9648  grl_p=8.5075  L/P/U=0/0/0  actL/P/U=nan/nan/nan  H=nan  Hu=nan  spec<.5=nan  marg=nan  lstd=nan  lr=4.52e-06
  step   6400/8000  recon=0.0920  pr=0.3960  sid=0.2630  grl=5.9082  grl_p=9.2219  L/P/U=0/0/0  actL/P/U=nan/nan/nan  H=nan  Hu=nan  spec<.5=nan  marg=nan  lstd=nan  lr=4.14e-06
  [grad_norms @6500]
    recon             |g|=0.17363  ratio=1.000x recon
    pr_raw            |g|=0.29676  ratio=1.709x recon
    pr_weighted       |g|=0.00594  ratio=0.034x recon
    sid_raw           |g|=1.01237  ratio=5.831x recon
    sid_weighted      |g|=0.03037  ratio=0.175x recon
    grl               |g|=0.07867  ratio=0.453x recon
    grl_p             |g|=0.02555  ratio=0.147x recon
    route             |g|=0.00000  ratio=0.000x recon
  step   6500/8000  recon=0.0938  pr=0.2951  sid=0.1486  grl=6.1680  grl_p=8.9011  L/P/U=0/0/0  actL/P/U=nan/nan/nan  H=nan  Hu=nan  spec<.5=nan  marg=nan  lstd=nan  lr=3.77e-06
  step   6600/8000  recon=0.0923  pr=0.3338  sid=0.1263  grl=5.8066  grl_p=10.0857  L/P/U=0/0/0  actL/P/U=nan/nan/nan  H=nan  Hu=nan  spec<.5=nan  marg=nan  lstd=nan  lr=3.42e-06
  step   6700/8000  recon=0.0926  pr=0.3664  sid=0.1730  grl=5.8281  grl_p=8.8737  L/P/U=0/0/0  actL/P/U=nan/nan/nan  H=nan  Hu=nan  spec<.5=nan  marg=nan  lstd=nan  lr=3.10e-06
  step   6800/8000  recon=0.0933  pr=0.4021  sid=0.1830  grl=6.0625  grl_p=8.9348  L/P/U=0/0/0  actL/P/U=nan/nan/nan  H=nan  Hu=nan  spec<.5=nan  marg=nan  lstd=nan  lr=2.79e-06
  step   6900/8000  recon=0.0913  pr=0.2982  sid=0.2040  grl=5.9062  grl_p=8.6275  L/P/U=0/0/0  actL/P/U=nan/nan/nan  H=nan  Hu=nan  spec<.5=nan  marg=nan  lstd=nan  lr=2.51e-06
  [grad_norms @7000]
    recon             |g|=0.15990  ratio=1.000x recon
    pr_raw            |g|=0.26332  ratio=1.647x recon
    pr_weighted       |g|=0.00527  ratio=0.033x recon
    sid_raw           |g|=2.19462  ratio=13.725x recon
    sid_weighted      |g|=0.06584  ratio=0.412x recon
    grl               |g|=0.07728  ratio=0.483x recon
    grl_p             |g|=0.02949  ratio=0.184x recon
    route             |g|=0.00000  ratio=0.000x recon
  step   7000/8000  recon=0.0909  pr=0.2891  sid=0.2124  grl=6.0664  grl_p=9.0997  L/P/U=0/0/0  actL/P/U=nan/nan/nan  H=nan  Hu=nan  spec<.5=nan  marg=nan  lstd=nan  lr=2.25e-06
  [val] step=7000  recon=0.0931  pr=0.3480  PER=0.082  sid_acc=0.982
  ✓ best checkpoint (disent=0.1002  PER=0.082 sid=0.982) → /rds/user/bbg25/hpc-work/Thesis/Final-Proj/Disentanglement/checkpoints/proj_recon_ln_d256_grl0p1/stage2_best.pt
  step   7100/8000  recon=0.0928  pr=0.3566  sid=0.1598  grl=5.8789  grl_p=8.9391  L/P/U=0/0/0  actL/P/U=nan/nan/nan  H=nan  Hu=nan  spec<.5=nan  marg=nan  lstd=nan  lr=2.02e-06
  step   7200/8000  recon=0.0928  pr=0.3548  sid=0.2035  grl=5.9082  grl_p=8.7506  L/P/U=0/0/0  actL/P/U=nan/nan/nan  H=nan  Hu=nan  spec<.5=nan  marg=nan  lstd=nan  lr=1.81e-06
  step   7300/8000  recon=0.0929  pr=0.2595  sid=0.1993  grl=5.8262  grl_p=8.9297  L/P/U=0/0/0  actL/P/U=nan/nan/nan  H=nan  Hu=nan  spec<.5=nan  marg=nan  lstd=nan  lr=1.62e-06
  step   7400/8000  recon=0.0938  pr=0.3392  sid=0.1756  grl=5.9297  grl_p=8.8800  L/P/U=0/0/0  actL/P/U=nan/nan/nan  H=nan  Hu=nan  spec<.5=nan  marg=nan  lstd=nan  lr=1.46e-06
  [grad_norms @7500]
    recon             |g|=0.16300  ratio=1.000x recon
    pr_raw            |g|=0.26838  ratio=1.647x recon
    pr_weighted       |g|=0.00537  ratio=0.033x recon
    sid_raw           |g|=1.17902  ratio=7.233x recon
    sid_weighted      |g|=0.03537  ratio=0.217x recon
    grl               |g|=0.08148  ratio=0.500x recon
    grl_p             |g|=0.03050  ratio=0.187x recon
    route             |g|=0.00000  ratio=0.000x recon
  step   7500/8000  recon=0.0908  pr=0.3065  sid=0.1433  grl=5.9043  grl_p=9.2644  L/P/U=0/0/0  actL/P/U=nan/nan/nan  H=nan  Hu=nan  spec<.5=nan  marg=nan  lstd=nan  lr=1.32e-06
  step   7600/8000  recon=0.0926  pr=0.2458  sid=0.2476  grl=5.9980  grl_p=9.9533  L/P/U=0/0/0  actL/P/U=nan/nan/nan  H=nan  Hu=nan  spec<.5=nan  marg=nan  lstd=nan  lr=1.20e-06
  step   7700/8000  recon=0.0928  pr=0.2793  sid=0.2233  grl=5.9727  grl_p=9.3698  L/P/U=0/0/0  actL/P/U=nan/nan/nan  H=nan  Hu=nan  spec<.5=nan  marg=nan  lstd=nan  lr=1.11e-06
  step   7800/8000  recon=0.0926  pr=0.3131  sid=0.2185  grl=5.7461  grl_p=9.7766  L/P/U=0/0/0  actL/P/U=nan/nan/nan  H=nan  Hu=nan  spec<.5=nan  marg=nan  lstd=nan  lr=1.05e-06
  step   7900/8000  recon=0.0934  pr=0.3088  sid=0.2667  grl=5.9434  grl_p=8.2222  L/P/U=0/0/0  actL/P/U=nan/nan/nan  H=nan  Hu=nan  spec<.5=nan  marg=nan  lstd=nan  lr=1.01e-06
  [grad_norms @8000]
    recon             |g|=0.16947  ratio=1.000x recon
    pr_raw            |g|=0.35864  ratio=2.116x recon
    pr_weighted       |g|=0.00717  ratio=0.042x recon
    sid_raw           |g|=1.41538  ratio=8.352x recon
    sid_weighted      |g|=0.04246  ratio=0.251x recon
    grl               |g|=0.08560  ratio=0.505x recon
    grl_p             |g|=0.03672  ratio=0.217x recon
    route             |g|=0.00000  ratio=0.000x recon
  step   8000/8000  recon=0.0927  pr=0.3435  sid=0.1803  grl=5.9336  grl_p=8.6874  L/P/U=0/0/0  actL/P/U=nan/nan/nan  H=nan  Hu=nan  spec<.5=nan  marg=nan  lstd=nan  lr=1.00e-06
  [val] step=8000  recon=0.0928  pr=0.3466  PER=0.083  sid_acc=0.980

[stage 2] done.  Best disent_score=0.1002  → /rds/user/bbg25/hpc-work/Thesis/Final-Proj/Disentanglement/checkpoints/proj_recon_ln_d256_grl0p1/stage2_best.pt

[done]  best checkpoint → /rds/user/bbg25/hpc-work/Thesis/Final-Proj/Disentanglement/checkpoints/proj_recon_ln_d256_grl0p1/stage2_best.pt

----- probe (dis) -----
Thu Jun 11 10:13:54 BST 2026
[diag_probe] run=diag_probe_proj_recon_ln_d256_grl0p1_dis  device=cuda
[diag_probe] seed=42
[diag_probe] stage1_ckpt=/rds/user/bbg25/hpc-work/Thesis/Final-Proj/Disentanglement/checkpoints/ln_sae/stage1_best.pt
[diag_probe] stage2_ckpt=/rds/user/bbg25/hpc-work/Thesis/Final-Proj/Disentanglement/checkpoints/proj_recon_ln_d256_grl0p1/stage2_best.pt
[diag_probe] sources=['z_t', 'z_L', 'z_P']  tasks=['pr', 'sid']
[diag_probe] probe_steps=2000  pr_lr=0.0005  sid_lr=0.001  warmup=0
[dis_data] loaded lexicon: 200,000 entries
[dis_data] loading train-clean-100 …
[dis_data]  251 speakers
[dis_data]  train=28039  val=500  vocab=41  speakers=251
[diag_probe] projection_dim overridden: 128 -> 256
[diag_probe] projection_disentanglement enabled from checkpoint
[train] loaded 3 SAE tensors from /rds/user/bbg25/hpc-work/Thesis/Final-Proj/Disentanglement/checkpoints/ln_sae/stage1_best.pt  (step=6000  val=0.0737)
[diag_probe] skipped 2 shape-mismatched/stale keys (e.g. ['up_L.proj.weight', 'up_P.proj.weight']) — fine, probe does not use adversarial heads
[diag_probe] loaded stage2 weights from /rds/user/bbg25/hpc-work/Thesis/Final-Proj/Disentanglement/checkpoints/proj_recon_ln_d256_grl0p1/stage2_best.pt

[diag_probe] speakers=251  pr_vocab=41  D=1280  K=5120
[diag_probe] PR: Disentanglement 41-phone labels, stage2 val diagnostic eval
[diag_probe] SID: LibriSpeech diagnostic split, SUPERB-style SID head

  training probe: z_t -> PR ...
[dis_data] g2p_en loaded for OOV words
    z_t -> PR               PER=0.055
  training probe: z_t -> SID ...
    z_t -> SID              acc=0.998
  training probe: z_L -> PR ...
