[diag_probe] run=diag_libri_advfb_next_gn0001_240L16P_aux64_12k_s42_sid_stats_seed42  device=cuda
[diag_probe] seed=42
[diag_probe] stage1_ckpt=/scratch/bbg25/runs/libri_advfb_next_gn0001_240L16P_aux64_12k_s42/checkpoints/stage2_step12000.pt
[diag_probe] stage2_ckpt=/scratch/bbg25/runs/libri_advfb_next_gn0001_240L16P_aux64_12k_s42/checkpoints/stage2_step12000.pt
[diag_probe] sources=['z_t', 'z_L', 'z_P']  tasks=['sid']
[diag_probe] probe_steps=5000  pr_lr=0.0005  sid_lr=0.001  pr_warmup=500  other_warmup=0  val_every=250  patience=5
[diag_probe] PR task not requested — skipping PR dataloaders.
[dis_data] loaded lexicon: 200,000 entries
[dis_data] loading train-clean-100 …
[dis_data]  251 speakers
[dis_data]  train=27539  val=500  test=500  vocab=74  speakers=251
[diag_probe] topk confirmed: 256
[train] WARNING: unexpected missing SAE keys: ['block_idx', 'block_m_L', 'block_m_P', 'block_m_U']
[train] loaded 3 SAE tensors from /scratch/bbg25/runs/libri_advfb_next_gn0001_240L16P_aux64_12k_s42/checkpoints/stage2_step12000.pt  (step=12000  val=0.1136)
[diag_probe] loaded stage2 weights from /scratch/bbg25/runs/libri_advfb_next_gn0001_240L16P_aux64_12k_s42/checkpoints/stage2_step12000.pt

[diag_probe] speakers=251  pr_vocab=74  D=1280  K=5120
[diag_probe] PR: skipped
[diag_probe] SID: closed-set utterance split (val/test held out); probe arch=stats
[diag_probe] reported metric = TEST (val shown in parentheses)

  training probe: z_t -> SID ...
[dis_data] g2p_en loaded for OOV words
      [sid z_t] step 250/5000  train loss=5.512 acc=0.000  dev loss=5.528 acc=0.006  (best 0.006, bad 0/5)
      [sid z_t] step 500/5000  train loss=5.543 acc=0.000  dev loss=5.528 acc=0.002  (best 0.006, bad 1/5)
      [sid z_t] step 750/5000  train loss=5.525 acc=0.000  dev loss=5.526 acc=0.002  (best 0.006, bad 2/5)
      [sid z_t] step 1000/5000  train loss=5.504 acc=0.000  dev loss=5.525 acc=0.002  (best 0.006, bad 3/5)
      [sid z_t] step 1250/5000  train loss=5.506 acc=0.000  dev loss=5.526 acc=0.002  (best 0.006, bad 4/5)
      [sid z_t] step 1500/5000  train loss=5.509 acc=0.000  dev loss=5.527 acc=0.002  (best 0.006, bad 5/5)
    z_t -> SID              acc test=0.006  (val 0.006)
  training probe: z_L -> SID ...
      [sid z_L] step 250/5000  train loss=5.534 acc=0.000  dev loss=5.526 acc=0.006  (best 0.006, bad 0/5)
      [sid z_L] step 500/5000  train loss=5.518 acc=0.062  dev loss=5.526 acc=0.006  (best 0.006, bad 1/5)
      [sid z_L] step 750/5000  train loss=5.538 acc=0.000  dev loss=5.526 acc=0.006  (best 0.006, bad 2/5)
      [sid z_L] step 1000/5000  train loss=5.534 acc=0.000  dev loss=5.525 acc=0.006  (best 0.006, bad 3/5)
      [sid z_L] step 1250/5000  train loss=5.543 acc=0.000  dev loss=5.526 acc=0.002  (best 0.006, bad 4/5)
      [sid z_L] step 1500/5000  train loss=5.528 acc=0.000  dev loss=5.526 acc=0.002  (best 0.006, bad 5/5)
    z_L -> SID              acc test=0.002  (val 0.006)
  training probe: z_P -> SID ...
      [sid z_P] step 250/5000  train loss=1.839 acc=0.562  dev loss=1.983 acc=0.592  (best 0.592, bad 0/5)
      [sid z_P] step 500/5000  train loss=0.431 acc=0.938  dev loss=0.496 acc=0.922  (best 0.922, bad 0/5)
      [sid z_P] step 750/5000  train loss=0.261 acc=0.938  dev loss=0.207 acc=0.960  (best 0.960, bad 0/5)
      [sid z_P] step 1000/5000  train loss=0.331 acc=0.875  dev loss=0.112 acc=0.982  (best 0.982, bad 0/5)
      [sid z_P] step 1250/5000  train loss=0.102 acc=0.938  dev loss=0.088 acc=0.978  (best 0.982, bad 1/5)
      [sid z_P] step 1500/5000  train loss=0.008 acc=1.000  dev loss=0.054 acc=0.990  (best 0.990, bad 0/5)
      [sid z_P] step 1750/5000  train loss=0.019 acc=1.000  dev loss=0.036 acc=0.992  (best 0.992, bad 0/5)
      [sid z_P] step 2000/5000  train loss=0.023 acc=1.000  dev loss=0.035 acc=0.990  (best 0.992, bad 1/5)
      [sid z_P] step 2250/5000  train loss=0.009 acc=1.000  dev loss=0.026 acc=0.994  (best 0.994, bad 0/5)
      [sid z_P] step 2500/5000  train loss=0.006 acc=1.000  dev loss=0.020 acc=0.996  (best 0.996, bad 0/5)
      [sid z_P] step 2750/5000  train loss=0.005 acc=1.000  dev loss=0.013 acc=0.998  (best 0.998, bad 0/5)
      [sid z_P] step 3000/5000  train loss=0.005 acc=1.000  dev loss=0.013 acc=0.998  (best 0.998, bad 1/5)
      [sid z_P] step 3250/5000  train loss=0.005 acc=1.000  dev loss=0.018 acc=0.996  (best 0.998, bad 2/5)
      [sid z_P] step 3500/5000  train loss=0.002 acc=1.000  dev loss=0.008 acc=0.998  (best 0.998, bad 3/5)
      [sid z_P] step 3750/5000  train loss=0.005 acc=1.000  dev loss=0.012 acc=0.996  (best 0.998, bad 4/5)
      [sid z_P] step 4000/5000  train loss=0.003 acc=1.000  dev loss=0.008 acc=0.998  (best 0.998, bad 5/5)
    z_P -> SID              acc test=1.000  (val 0.998)

==================================================================
  DIAGNOSTIC PROBE RESULTS - diag_libri_advfb_next_gn0001_240L16P_aux64_12k_s42_sid_stats_seed42
==================================================================
  Source       PR (PER↓)    SID (acc↑)
  --------  ------------  ------------
  z_t                nan         0.006
  z_L                nan         0.002
  z_P                nan         1.000
==================================================================

