[diag_probe] run=diag_libri_advfb_next_gn0001_240L16P_aux64_12k_s42_z_P_pr_linear_seed42  device=cuda
[diag_probe] seed=42
[diag_probe] stage1_ckpt=/scratch/bbg25/runs/libri_advfb_next_gn0001_240L16P_aux64_12k_s42/checkpoints/stage2_step12000.pt
[diag_probe] stage2_ckpt=/scratch/bbg25/runs/libri_advfb_next_gn0001_240L16P_aux64_12k_s42/checkpoints/stage2_step12000.pt
[diag_probe] sources=['z_P']  tasks=['pr']
[diag_probe] probe_steps=5000  pr_lr=0.0005  sid_lr=0.001  pr_warmup=500  other_warmup=0  val_every=250  patience=5
[dis_data] loaded lexicon: 200,000 entries
[dis_data] loading PR train-clean-100 …
[dis_data] loading PR dev-clean …
[dis_data] loading PR test-clean …
[dis_data]  PR train=28539 val=2703 test=2620 vocab=74
[dis_data] loading train-clean-100 …
[dis_data]  251 speakers
[dis_data]  train=27539  val=500  test=500  vocab=74  speakers=251
[diag_probe] topk confirmed: 256
[train] WARNING: unexpected missing SAE keys: ['block_idx', 'block_m_L', 'block_m_P', 'block_m_U']
[train] loaded 3 SAE tensors from /scratch/bbg25/runs/libri_advfb_next_gn0001_240L16P_aux64_12k_s42/checkpoints/stage2_step12000.pt  (step=12000  val=0.1136)
[diag_probe] loaded stage2 weights from /scratch/bbg25/runs/libri_advfb_next_gn0001_240L16P_aux64_12k_s42/checkpoints/stage2_step12000.pt

[diag_probe] speakers=251  pr_vocab=74  D=1280  K=5120
[diag_probe] PR: stage-2-matched 74-phone targets — train-clean-100 → val=dev-clean, test=test-clean
[diag_probe] SID: closed-set utterance split (val/test held out); probe arch=linear
[diag_probe] reported metric = TEST (val shown in parentheses)

  training probe: z_P -> PR ...
[dis_data] g2p_en loaded for OOV words
      [pr z_P] step 250/5000  train loss=9.644  dev loss=3.646  dev PER=1.000  (best 1.000, bad 0/5)
      [pr z_P] step 500/5000  train loss=3.563  dev loss=3.597  dev PER=1.000  (best 1.000, bad 1/5)
      [pr z_P] step 750/5000  train loss=3.545  dev loss=3.585  dev PER=1.000  (best 1.000, bad 2/5)
      [pr z_P] step 1000/5000  train loss=3.531  dev loss=3.569  dev PER=1.000  (best 1.000, bad 3/5)
      [pr z_P] step 1250/5000  train loss=3.520  dev loss=3.553  dev PER=1.000  (best 1.000, bad 4/5)
      [pr z_P] step 1500/5000  train loss=3.504  dev loss=3.538  dev PER=1.000  (best 1.000, bad 0/5)
      [pr z_P] step 1750/5000  train loss=3.487  dev loss=3.521  dev PER=1.000  (best 1.000, bad 0/5)
      [pr z_P] step 2000/5000  train loss=3.469  dev loss=3.507  dev PER=0.999  (best 0.999, bad 0/5)
      [pr z_P] step 2250/5000  train loss=3.453  dev loss=3.489  dev PER=0.999  (best 0.999, bad 0/5)
      [pr z_P] step 2500/5000  train loss=3.438  dev loss=3.471  dev PER=0.999  (best 0.999, bad 0/5)
      [pr z_P] step 2750/5000  train loss=3.426  dev loss=3.456  dev PER=0.999  (best 0.999, bad 0/5)
      [pr z_P] step 3000/5000  train loss=3.414  dev loss=3.443  dev PER=0.999  (best 0.999, bad 0/5)
      [pr z_P] step 3250/5000  train loss=3.404  dev loss=3.434  dev PER=0.999  (best 0.999, bad 1/5)
      [pr z_P] step 3500/5000  train loss=3.395  dev loss=3.424  dev PER=0.999  (best 0.999, bad 0/5)
      [pr z_P] step 3750/5000  train loss=3.382  dev loss=3.422  dev PER=0.998  (best 0.998, bad 0/5)
      [pr z_P] step 4000/5000  train loss=3.371  dev loss=3.416  dev PER=0.998  (best 0.998, bad 1/5)
      [pr z_P] step 4250/5000  train loss=3.368  dev loss=3.411  dev PER=0.998  (best 0.998, bad 2/5)
      [pr z_P] step 4500/5000  train loss=3.365  dev loss=3.407  dev PER=0.998  (best 0.998, bad 3/5)
      [pr z_P] step 4750/5000  train loss=3.365  dev loss=3.406  dev PER=0.998  (best 0.998, bad 0/5)
      [pr z_P] step 5000/5000  train loss=3.365  dev loss=3.406  dev PER=0.998  (best 0.998, bad 1/5)
    z_P -> PR               PER test=0.997  (val 0.998)

==================================================================
  DIAGNOSTIC PROBE RESULTS - diag_libri_advfb_next_gn0001_240L16P_aux64_12k_s42_z_P_pr_linear_seed42
==================================================================
  Source       PR (PER↓)    SID (acc↑)
  --------  ------------  ------------
  z_P              0.997           nan
==================================================================

