[diag_probe] run=diag_libri_advfb_next_gn0001_240L16P_aux64_12k_s42_z_t_pr_linear_seed42  device=cuda
[diag_probe] seed=42
[diag_probe] stage1_ckpt=/scratch/bbg25/runs/libri_advfb_next_gn0001_240L16P_aux64_12k_s42/checkpoints/stage2_step12000.pt
[diag_probe] stage2_ckpt=/scratch/bbg25/runs/libri_advfb_next_gn0001_240L16P_aux64_12k_s42/checkpoints/stage2_step12000.pt
[diag_probe] sources=['z_t']  tasks=['pr']
[diag_probe] probe_steps=5000  pr_lr=0.0005  sid_lr=0.001  pr_warmup=500  other_warmup=0  val_every=250  patience=5
[dis_data] loaded lexicon: 200,000 entries
[dis_data] loading PR train-clean-100 …
[dis_data] loading PR dev-clean …
[dis_data] loading PR test-clean …
[dis_data]  PR train=28539 val=2703 test=2620 vocab=74
[dis_data] loading train-clean-100 …
[dis_data]  251 speakers
[dis_data]  train=27539  val=500  test=500  vocab=74  speakers=251
[diag_probe] topk confirmed: 256
[train] WARNING: unexpected missing SAE keys: ['block_idx', 'block_m_L', 'block_m_P', 'block_m_U']
[train] loaded 3 SAE tensors from /scratch/bbg25/runs/libri_advfb_next_gn0001_240L16P_aux64_12k_s42/checkpoints/stage2_step12000.pt  (step=12000  val=0.1136)
[diag_probe] loaded stage2 weights from /scratch/bbg25/runs/libri_advfb_next_gn0001_240L16P_aux64_12k_s42/checkpoints/stage2_step12000.pt

[diag_probe] speakers=251  pr_vocab=74  D=1280  K=5120
[diag_probe] PR: stage-2-matched 74-phone targets — train-clean-100 → val=dev-clean, test=test-clean
[diag_probe] SID: closed-set utterance split (val/test held out); probe arch=linear
[diag_probe] reported metric = TEST (val shown in parentheses)

  training probe: z_t -> PR ...
[dis_data] g2p_en loaded for OOV words
      [pr z_t] step 250/5000  train loss=6.667  dev loss=7.242  dev PER=0.924  (best 0.924, bad 0/5)
      [pr z_t] step 500/5000  train loss=5.577  dev loss=7.744  dev PER=0.957  (best 0.924, bad 1/5)
      [pr z_t] step 750/5000  train loss=4.557  dev loss=0.514  dev PER=0.134  (best 0.134, bad 0/5)
      [pr z_t] step 1000/5000  train loss=0.398  dev loss=0.382  dev PER=0.109  (best 0.109, bad 0/5)
      [pr z_t] step 1250/5000  train loss=0.356  dev loss=0.347  dev PER=0.089  (best 0.089, bad 0/5)
      [pr z_t] step 1500/5000  train loss=0.338  dev loss=0.342  dev PER=0.092  (best 0.089, bad 1/5)
      [pr z_t] step 1750/5000  train loss=0.335  dev loss=0.333  dev PER=0.085  (best 0.085, bad 0/5)
      [pr z_t] step 2000/5000  train loss=0.313  dev loss=0.327  dev PER=0.082  (best 0.082, bad 0/5)
      [pr z_t] step 2250/5000  train loss=0.313  dev loss=0.330  dev PER=0.085  (best 0.082, bad 1/5)
      [pr z_t] step 2500/5000  train loss=0.310  dev loss=0.320  dev PER=0.086  (best 0.082, bad 2/5)
      [pr z_t] step 2750/5000  train loss=0.309  dev loss=0.316  dev PER=0.077  (best 0.077, bad 0/5)
      [pr z_t] step 3000/5000  train loss=0.308  dev loss=0.310  dev PER=0.077  (best 0.077, bad 0/5)
      [pr z_t] step 3250/5000  train loss=0.305  dev loss=0.307  dev PER=0.077  (best 0.077, bad 1/5)
      [pr z_t] step 3500/5000  train loss=0.300  dev loss=0.309  dev PER=0.079  (best 0.077, bad 2/5)
      [pr z_t] step 3750/5000  train loss=0.291  dev loss=0.307  dev PER=0.076  (best 0.076, bad 0/5)
      [pr z_t] step 4000/5000  train loss=0.286  dev loss=0.304  dev PER=0.073  (best 0.073, bad 0/5)
      [pr z_t] step 4250/5000  train loss=0.284  dev loss=0.302  dev PER=0.075  (best 0.073, bad 1/5)
      [pr z_t] step 4500/5000  train loss=0.283  dev loss=0.299  dev PER=0.074  (best 0.073, bad 2/5)
      [pr z_t] step 4750/5000  train loss=0.285  dev loss=0.298  dev PER=0.076  (best 0.073, bad 3/5)
      [pr z_t] step 5000/5000  train loss=0.278  dev loss=0.296  dev PER=0.075  (best 0.073, bad 4/5)
    z_t -> PR               PER test=0.076  (val 0.073)

==================================================================
  DIAGNOSTIC PROBE RESULTS - diag_libri_advfb_next_gn0001_240L16P_aux64_12k_s42_z_t_pr_linear_seed42
==================================================================
  Source       PR (PER↓)    SID (acc↑)
  --------  ------------  ------------
  z_t              0.076           nan
==================================================================

