=== Probe: probe_B ===
Job ID  : 29907492
Node    : gpu-q-27
GPU     : NVIDIA A100-SXM4-80GB
Started : Sun May 31 00:51:18 BST 2026
stage2_ckpt=none
[probe] run=probe_B  device=cuda
[probe] stage1_ckpt=/rds/user/bbg25/hpc-work/Thesis/Final-Proj/Disentanglement/checkpoints/best.pt
[probe] stage2_ckpt=(none — baselines only)
[probe] probe_steps=2000  train_examples=5000
[train] loaded 3 SAE tensors from /rds/user/bbg25/hpc-work/Thesis/Final-Proj/Disentanglement/checkpoints/best.pt  (step=6000  val=0.0049)
[dis_data] loaded lexicon: 200,000 entries
[dis_data] loading train-clean-100 …
[dis_data]  46 speakers
[dis_data]  train=4500  val=500  vocab=41  speakers=46

[probe] speakers=46  vocab=41  D=1280  K=5120
[probe] sources=['h_t', 'z_t']  tasks=['pr', 'sid']

  training probe: h_t → PR ...
[dis_data] g2p_en loaded for OOV words
    h_t → PR                PER=0.072
  training probe: h_t → SID ...
    h_t → SID               acc=1.000
  training probe: z_t → PR ...
    z_t → PR                PER=0.057
  training probe: z_t → SID ...
    z_t → SID               acc=1.000

============================================================
  PROBE RESULTS — probe_B
============================================================
  Source       PR (PER↓)    SID (acc↑)
  --------  ------------  ------------
  h_t              0.072         1.000
  z_t              0.057         1.000
============================================================

Finished : Sun May 31 01:37:53 BST 2026
