=== Stage 2: fixed_70_30 ===
Job ID     : 29909641
Node       : gpu-q-32
GPU        : NVIDIA A100-SXM4-80GB
Started    : Sun May 31 01:59:05 BST 2026
α=0.02  β=0.01  grl=0.01  ρ=0.001  grl_delay=0
=== Disentanglement  stage=2
=== device=cuda  bf16=True
=== K=5120  topk=256  D=1280
=== steps=8000  α=0.02  β=0.01  grl=0.01  ρ=0.001
[dis_data] loaded lexicon: 200,000 entries
[dis_data] loading train-clean-100 …
[dis_data]  251 speakers
[dis_data]  train=28039  val=500  vocab=41  speakers=251
[train] loaded 3 SAE tensors from /rds/user/bbg25/hpc-work/Thesis/Final-Proj/Disentanglement/checkpoints/best.pt  (step=6000  val=0.0049)
[stage 2] frozen=596,973,362  trainable=15,979,295  device=cuda
[stage 2] speakers=251  vocab=41
[stage 2] α=0.02  β=0.01  grl=0.01  ρ=0.001
[stage 2] steps=8000  batch=16
[dis_data] g2p_en loaded for OOV words
  step      1/8000  recon=0.0077  pr=14.5113  sid=5.5293  grl=5.5039  L/P/U=3584/1536/0  actL/P/U=179/77/0  H=0.611  lr=6.00e-08
  step    100/8000  recon=0.0072  pr=14.2738  sid=5.5254  grl=5.5312  L/P/U=3584/1536/0  actL/P/U=180/76/0  H=0.611  lr=6.00e-06
  step    200/8000  recon=0.0064  pr=9.2500  sid=5.5020  grl=5.4609  L/P/U=3584/1536/0  actL/P/U=183/73/0  H=0.611  lr=1.20e-05
  step    300/8000  recon=0.0059  pr=3.9517  sid=5.5215  grl=5.4668  L/P/U=3584/1536/0  actL/P/U=191/65/0  H=0.611  lr=1.80e-05
  step    400/8000  recon=0.0057  pr=3.3999  sid=5.5234  grl=5.4863  L/P/U=3584/1536/0  actL/P/U=195/61/0  H=0.611  lr=2.40e-05
  [grad_norms @500]
    recon             |g|=0.00200  ratio=1.000x recon
    pr_raw            |g|=0.58045  ratio=290.698x recon
    pr_weighted       |g|=0.01161  ratio=5.814x recon
    sid_raw           |g|=0.13816  ratio=69.195x recon
    sid_weighted      |g|=0.00138  ratio=0.692x recon
    grl               |g|=0.00138  ratio=0.689x recon
    route             |g|=0.00000  ratio=0.000x recon
  step    500/8000  recon=0.0057  pr=2.8716  sid=5.5098  grl=5.4277  L/P/U=3584/1536/0  actL/P/U=197/59/0  H=0.611  lr=3.00e-05
  step    600/8000  recon=0.0056  pr=2.1621  sid=5.5039  grl=5.4434  L/P/U=3584/1536/0  actL/P/U=199/57/0  H=0.611  lr=3.00e-05
  step    700/8000  recon=0.0056  pr=1.6950  sid=5.4570  grl=5.2246  L/P/U=3584/1536/0  actL/P/U=202/54/0  H=0.611  lr=2.99e-05
  step    800/8000  recon=0.0056  pr=1.3290  sid=5.4727  grl=5.2832  L/P/U=3584/1536/0  actL/P/U=203/53/0  H=0.611  lr=2.99e-05
  step    900/8000  recon=0.0056  pr=1.1544  sid=5.4414  grl=5.1113  L/P/U=3584/1536/0  actL/P/U=205/51/0  H=0.611  lr=2.98e-05
  [grad_norms @1000]
    recon             |g|=0.00200  ratio=1.000x recon
    pr_raw            |g|=0.23294  ratio=116.445x recon
    pr_weighted       |g|=0.00466  ratio=2.329x recon
    sid_raw           |g|=0.32037  ratio=160.154x recon
    sid_weighted      |g|=0.00320  ratio=1.602x recon
    grl               |g|=0.00396  ratio=1.977x recon
    route             |g|=0.00000  ratio=0.000x recon
  step   1000/8000  recon=0.0056  pr=0.9858  sid=5.4551  grl=5.1406  L/P/U=3584/1536/0  actL/P/U=205/51/0  H=0.611  lr=2.97e-05
  [val] step=1000  recon=0.0056  pr=1.0033  PER=0.436  sid_acc=0.032
  ✓ best checkpoint (val_recon=0.0056) → /rds/user/bbg25/hpc-work/Thesis/Final-Proj/Disentanglement/checkpoints/fixed_70_30/stage2_best.pt
  step   1100/8000  recon=0.0055  pr=0.8708  sid=5.2441  grl=4.8027  L/P/U=3584/1536/0  actL/P/U=206/50/0  H=0.611  lr=2.95e-05
  step   1200/8000  recon=0.0056  pr=0.8166  sid=5.2188  grl=4.9766  L/P/U=3584/1536/0  actL/P/U=206/50/0  H=0.611  lr=2.94e-05
  step   1300/8000  recon=0.0056  pr=0.7609  sid=5.1191  grl=4.8750  L/P/U=3584/1536/0  actL/P/U=205/51/0  H=0.611  lr=2.92e-05
  step   1400/8000  recon=0.0057  pr=0.7277  sid=4.9922  grl=4.8984  L/P/U=3584/1536/0  actL/P/U=204/52/0  H=0.611  lr=2.90e-05
  [grad_norms @1500]
    recon             |g|=0.00217  ratio=1.000x recon
    pr_raw            |g|=0.17529  ratio=80.895x recon
    pr_weighted       |g|=0.00351  ratio=1.618x recon
    sid_raw           |g|=1.45752  ratio=672.635x recon
    sid_weighted      |g|=0.01458  ratio=6.726x recon
    grl               |g|=0.00806  ratio=3.720x recon
    route             |g|=0.00000  ratio=0.000x recon
  step   1500/8000  recon=0.0058  pr=0.6467  sid=4.7891  grl=4.7080  L/P/U=3584/1536/0  actL/P/U=201/55/0  H=0.611  lr=2.87e-05
  step   1600/8000  recon=0.0056  pr=0.6166  sid=4.7090  grl=4.7402  L/P/U=3584/1536/0  actL/P/U=200/56/0  H=0.611  lr=2.85e-05
  step   1700/8000  recon=0.0056  pr=0.5201  sid=4.4883  grl=4.6758  L/P/U=3584/1536/0  actL/P/U=197/59/0  H=0.611  lr=2.82e-05
  step   1800/8000  recon=0.0057  pr=0.5283  sid=4.4736  grl=4.7148  L/P/U=3584/1536/0  actL/P/U=194/62/0  H=0.611  lr=2.79e-05
  step   1900/8000  recon=0.0058  pr=0.5529  sid=3.9873  grl=4.6191  L/P/U=3584/1536/0  actL/P/U=190/66/0  H=0.611  lr=2.76e-05
  [grad_norms @2000]
    recon             |g|=0.00230  ratio=1.000x recon
    pr_raw            |g|=0.59842  ratio=260.554x recon
    pr_weighted       |g|=0.01197  ratio=5.211x recon
    sid_raw           |g|=3.36277  ratio=1464.163x recon
    sid_weighted      |g|=0.03363  ratio=14.642x recon
    grl               |g|=0.01078  ratio=4.692x recon
    route             |g|=0.00000  ratio=0.000x recon
  step   2000/8000  recon=0.0057  pr=0.5407  sid=3.5576  grl=4.4180  L/P/U=3584/1536/0  actL/P/U=188/68/0  H=0.611  lr=2.72e-05
  [val] step=2000  recon=0.0058  pr=0.5304  PER=0.154  sid_acc=0.386
  step   2100/8000  recon=0.0057  pr=0.4840  sid=3.4316  grl=4.5195  L/P/U=3584/1536/0  actL/P/U=186/70/0  H=0.611  lr=2.69e-05
  step   2200/8000  recon=0.0059  pr=0.4728  sid=2.9702  grl=4.4561  L/P/U=3584/1536/0  actL/P/U=181/75/0  H=0.611  lr=2.65e-05
  step   2300/8000  recon=0.0058  pr=0.5299  sid=3.0176  grl=4.5225  L/P/U=3584/1536/0  actL/P/U=180/76/0  H=0.611  lr=2.61e-05
  step   2400/8000  recon=0.0060  pr=0.4483  sid=2.7861  grl=4.4844  L/P/U=3584/1536/0  actL/P/U=176/80/0  H=0.611  lr=2.56e-05
  [grad_norms @2500]
    recon             |g|=0.00234  ratio=1.000x recon
    pr_raw            |g|=0.19350  ratio=82.871x recon
    pr_weighted       |g|=0.00387  ratio=1.657x recon
    sid_raw           |g|=5.07983  ratio=2175.517x recon
    sid_weighted      |g|=0.05080  ratio=21.755x recon
    grl               |g|=0.01247  ratio=5.342x recon
    route             |g|=0.00000  ratio=0.000x recon
  step   2500/8000  recon=0.0059  pr=0.4342  sid=2.6553  grl=4.4697  L/P/U=3584/1536/0  actL/P/U=175/81/0  H=0.611  lr=2.52e-05
  step   2600/8000  recon=0.0059  pr=0.4146  sid=2.4170  grl=4.4482  L/P/U=3584/1536/0  actL/P/U=174/82/0  H=0.611  lr=2.47e-05
  step   2700/8000  recon=0.0061  pr=0.4445  sid=2.2676  grl=4.4277  L/P/U=3584/1536/0  actL/P/U=172/84/0  H=0.611  lr=2.43e-05
  step   2800/8000  recon=0.0060  pr=0.4153  sid=2.0580  grl=4.4170  L/P/U=3584/1536/0  actL/P/U=168/88/0  H=0.611  lr=2.38e-05
  step   2900/8000  recon=0.0062  pr=0.4095  sid=1.7423  grl=4.4258  L/P/U=3584/1536/0  actL/P/U=167/89/0  H=0.611  lr=2.33e-05
  [grad_norms @3000]
    recon             |g|=0.00235  ratio=1.000x recon
    pr_raw            |g|=0.34103  ratio=145.014x recon
    pr_weighted       |g|=0.00682  ratio=2.900x recon
    sid_raw           |g|=3.39943  ratio=1445.501x recon
    sid_weighted      |g|=0.03399  ratio=14.455x recon
    grl               |g|=0.01388  ratio=5.901x recon
    route             |g|=0.00000  ratio=0.000x recon
  step   3000/8000  recon=0.0061  pr=0.3785  sid=1.7861  grl=4.4131  L/P/U=3584/1536/0  actL/P/U=166/90/0  H=0.611  lr=2.28e-05
  [val] step=3000  recon=0.0061  pr=0.4112  PER=0.104  sid_acc=0.738
  step   3100/8000  recon=0.0061  pr=0.3711  sid=1.9825  grl=4.4727  L/P/U=3584/1536/0  actL/P/U=164/92/0  H=0.611  lr=2.22e-05
  step   3200/8000  recon=0.0062  pr=0.3674  sid=1.6547  grl=4.4512  L/P/U=3584/1536/0  actL/P/U=164/92/0  H=0.611  lr=2.17e-05
  step   3300/8000  recon=0.0063  pr=0.4087  sid=1.4457  grl=4.4404  L/P/U=3584/1536/0  actL/P/U=161/95/0  H=0.611  lr=2.11e-05
  step   3400/8000  recon=0.0062  pr=0.3569  sid=1.4343  grl=4.5195  L/P/U=3584/1536/0  actL/P/U=160/96/0  H=0.611  lr=2.06e-05
  [grad_norms @3500]
    recon             |g|=0.00231  ratio=1.000x recon
    pr_raw            |g|=0.16741  ratio=72.496x recon
    pr_weighted       |g|=0.00335  ratio=1.450x recon
    sid_raw           |g|=5.44967  ratio=2359.987x recon
    sid_weighted      |g|=0.05450  ratio=23.600x recon
    grl               |g|=0.01277  ratio=5.529x recon
    route             |g|=0.00000  ratio=0.000x recon
  step   3500/8000  recon=0.0062  pr=0.3618  sid=1.4321  grl=4.4863  L/P/U=3584/1536/0  actL/P/U=159/97/0  H=0.611  lr=2.00e-05
  step   3600/8000  recon=0.0062  pr=0.3360  sid=1.3890  grl=4.4785  L/P/U=3584/1536/0  actL/P/U=158/98/0  H=0.611  lr=1.94e-05
  step   3700/8000  recon=0.0062  pr=0.3509  sid=1.2803  grl=4.3535  L/P/U=3584/1536/0  actL/P/U=158/98/0  H=0.611  lr=1.88e-05
  step   3800/8000  recon=0.0063  pr=0.3858  sid=1.2325  grl=4.4941  L/P/U=3584/1536/0  actL/P/U=156/100/0  H=0.611  lr=1.82e-05
  step   3900/8000  recon=0.0063  pr=0.3397  sid=1.1180  grl=4.5068  L/P/U=3584/1536/0  actL/P/U=154/102/0  H=0.611  lr=1.76e-05
  [grad_norms @4000]
    recon             |g|=0.00228  ratio=1.000x recon
    pr_raw            |g|=0.36985  ratio=161.968x recon
    pr_weighted       |g|=0.00740  ratio=3.239x recon
    sid_raw           |g|=5.21080  ratio=2281.984x recon
    sid_weighted      |g|=0.05211  ratio=22.820x recon
    grl               |g|=0.01634  ratio=7.154x recon
    route             |g|=0.00000  ratio=0.000x recon
  step   4000/8000  recon=0.0063  pr=0.3519  sid=0.8700  grl=4.4131  L/P/U=3584/1536/0  actL/P/U=154/102/0  H=0.611  lr=1.70e-05
  [val] step=4000  recon=0.0063  pr=0.3585  PER=0.087  sid_acc=0.870
  step   4100/8000  recon=0.0063  pr=0.3473  sid=1.1749  grl=4.6328  L/P/U=3584/1536/0  actL/P/U=155/101/0  H=0.611  lr=1.64e-05
  step   4200/8000  recon=0.0063  pr=0.3343  sid=1.0646  grl=4.5781  L/P/U=3584/1536/0  actL/P/U=153/103/0  H=0.611  lr=1.58e-05
  step   4300/8000  recon=0.0064  pr=0.3115  sid=1.0932  grl=4.4766  L/P/U=3584/1536/0  actL/P/U=153/103/0  H=0.611  lr=1.52e-05
  step   4400/8000  recon=0.0063  pr=0.2850  sid=0.9458  grl=4.5820  L/P/U=3584/1536/0  actL/P/U=152/104/0  H=0.611  lr=1.46e-05
  [grad_norms @4500]
    recon             |g|=0.00232  ratio=1.000x recon
    pr_raw            |g|=0.43855  ratio=188.843x recon
    pr_weighted       |g|=0.00877  ratio=3.777x recon
    sid_raw           |g|=4.21491  ratio=1814.990x recon
    sid_weighted      |g|=0.04215  ratio=18.150x recon
    grl               |g|=0.01595  ratio=6.869x recon
    route             |g|=0.00000  ratio=0.000x recon
  step   4500/8000  recon=0.0065  pr=0.3899  sid=0.7503  grl=4.4033  L/P/U=3584/1536/0  actL/P/U=151/105/0  H=0.611  lr=1.40e-05
  step   4600/8000  recon=0.0063  pr=0.3252  sid=1.1027  grl=4.7930  L/P/U=3584/1536/0  actL/P/U=152/104/0  H=0.611  lr=1.34e-05
  step   4700/8000  recon=0.0065  pr=0.3102  sid=0.7894  grl=4.5654  L/P/U=3584/1536/0  actL/P/U=151/105/0  H=0.611  lr=1.28e-05
  step   4800/8000  recon=0.0065  pr=0.2910  sid=0.7940  grl=4.5469  L/P/U=3584/1536/0  actL/P/U=151/105/0  H=0.611  lr=1.22e-05
  step   4900/8000  recon=0.0064  pr=0.2983  sid=0.9125  grl=4.7031  L/P/U=3584/1536/0  actL/P/U=151/105/0  H=0.611  lr=1.16e-05
  [grad_norms @5000]
    recon             |g|=0.00231  ratio=1.000x recon
    pr_raw            |g|=0.28713  ratio=124.093x recon
    pr_weighted       |g|=0.00574  ratio=2.482x recon
    sid_raw           |g|=7.24047  ratio=3129.172x recon
    sid_weighted      |g|=0.07240  ratio=31.292x recon
    grl               |g|=0.01824  ratio=7.882x recon
    route             |g|=0.00000  ratio=0.000x recon
  step   5000/8000  recon=0.0064  pr=0.3030  sid=0.7884  grl=4.7012  L/P/U=3584/1536/0  actL/P/U=149/107/0  H=0.611  lr=1.10e-05
  [val] step=5000  recon=0.0064  pr=0.3333  PER=0.081  sid_acc=0.916
  step   5100/8000  recon=0.0065  pr=0.2954  sid=0.8548  grl=4.6816  L/P/U=3584/1536/0  actL/P/U=148/108/0  H=0.611  lr=1.04e-05
  step   5200/8000  recon=0.0064  pr=0.3383  sid=0.9587  grl=4.5820  L/P/U=3584/1536/0  actL/P/U=150/106/0  H=0.611  lr=9.88e-06
  step   5300/8000  recon=0.0066  pr=0.3551  sid=0.4799  grl=4.5820  L/P/U=3584/1536/0  actL/P/U=147/109/0  H=0.611  lr=9.33e-06
  step   5400/8000  recon=0.0064  pr=0.2408  sid=0.7792  grl=4.6738  L/P/U=3584/1536/0  actL/P/U=149/107/0  H=0.611  lr=8.78e-06
  [grad_norms @5500]
    recon             |g|=0.00235  ratio=1.000x recon
    pr_raw            |g|=0.30519  ratio=129.768x recon
    pr_weighted       |g|=0.00610  ratio=2.595x recon
    sid_raw           |g|=7.45825  ratio=3171.322x recon
    sid_weighted      |g|=0.07458  ratio=31.713x recon
    grl               |g|=0.02358  ratio=10.024x recon
    route             |g|=0.00000  ratio=0.000x recon
  step   5500/8000  recon=0.0064  pr=0.2697  sid=0.6733  grl=4.6914  L/P/U=3584/1536/0  actL/P/U=146/110/0  H=0.611  lr=8.25e-06
  step   5600/8000  recon=0.0065  pr=0.3093  sid=0.6145  grl=4.5898  L/P/U=3584/1536/0  actL/P/U=149/107/0  H=0.611  lr=7.73e-06
  step   5700/8000  recon=0.0065  pr=0.3228  sid=0.8400  grl=4.6406  L/P/U=3584/1536/0  actL/P/U=147/109/0  H=0.611  lr=7.22e-06
  step   5800/8000  recon=0.0064  pr=0.2652  sid=0.6523  grl=4.6367  L/P/U=3584/1536/0  actL/P/U=147/109/0  H=0.611  lr=6.73e-06
  step   5900/8000  recon=0.0066  pr=0.3596  sid=0.9375  grl=4.8594  L/P/U=3584/1536/0  actL/P/U=146/110/0  H=0.611  lr=6.26e-06
  [grad_norms @6000]
    recon             |g|=0.00223  ratio=1.000x recon
    pr_raw            |g|=0.23159  ratio=103.702x recon
    pr_weighted       |g|=0.00463  ratio=2.074x recon
    sid_raw           |g|=3.46471  ratio=1551.466x recon
    sid_weighted      |g|=0.03465  ratio=15.515x recon
    grl               |g|=0.01539  ratio=6.890x recon
    route             |g|=0.00000  ratio=0.000x recon
  step   6000/8000  recon=0.0066  pr=0.2971  sid=0.8051  grl=4.6250  L/P/U=3584/1536/0  actL/P/U=146/110/0  H=0.611  lr=5.80e-06
  [val] step=6000  recon=0.0065  pr=0.3214  PER=0.078  sid_acc=0.934
  step   6100/8000  recon=0.0066  pr=0.3364  sid=0.6873  grl=4.6934  L/P/U=3584/1536/0  actL/P/U=148/108/0  H=0.611  lr=5.35e-06
  step   6200/8000  recon=0.0066  pr=0.3824  sid=0.5252  grl=4.6133  L/P/U=3584/1536/0  actL/P/U=144/112/0  H=0.611  lr=4.93e-06
  step   6300/8000  recon=0.0066  pr=0.2777  sid=0.7183  grl=4.6289  L/P/U=3584/1536/0  actL/P/U=148/108/0  H=0.611  lr=4.52e-06
  step   6400/8000  recon=0.0066  pr=0.2775  sid=0.5111  grl=4.5840  L/P/U=3584/1536/0  actL/P/U=146/110/0  H=0.611  lr=4.14e-06
  [grad_norms @6500]
    recon             |g|=0.00223  ratio=1.000x recon
    pr_raw            |g|=0.28493  ratio=128.009x recon
    pr_weighted       |g|=0.00570  ratio=2.560x recon
    sid_raw           |g|=6.11119  ratio=2745.558x recon
    sid_weighted      |g|=0.06111  ratio=27.456x recon
    grl               |g|=0.02346  ratio=10.539x recon
    route             |g|=0.00000  ratio=0.000x recon
  step   6500/8000  recon=0.0066  pr=0.3326  sid=0.8840  grl=4.7988  L/P/U=3584/1536/0  actL/P/U=145/111/0  H=0.611  lr=3.77e-06
  step   6600/8000  recon=0.0064  pr=0.2675  sid=0.7958  grl=4.7695  L/P/U=3584/1536/0  actL/P/U=145/111/0  H=0.611  lr=3.42e-06
  step   6700/8000  recon=0.0066  pr=0.2957  sid=0.7212  grl=4.5801  L/P/U=3584/1536/0  actL/P/U=146/110/0  H=0.611  lr=3.10e-06
  step   6800/8000  recon=0.0065  pr=0.3745  sid=0.4613  grl=4.6191  L/P/U=3584/1536/0  actL/P/U=144/112/0  H=0.611  lr=2.79e-06
  step   6900/8000  recon=0.0065  pr=0.2983  sid=0.3652  grl=4.6543  L/P/U=3584/1536/0  actL/P/U=144/112/0  H=0.611  lr=2.51e-06
  [grad_norms @7000]
    recon             |g|=0.00226  ratio=1.000x recon
    pr_raw            |g|=0.26801  ratio=118.634x recon
    pr_weighted       |g|=0.00536  ratio=2.373x recon
    sid_raw           |g|=3.50071  ratio=1549.562x recon
    sid_weighted      |g|=0.03501  ratio=15.496x recon
    grl               |g|=0.01929  ratio=8.539x recon
    route             |g|=0.00000  ratio=0.000x recon
  step   7000/8000  recon=0.0066  pr=0.2628  sid=0.5226  grl=4.7461  L/P/U=3584/1536/0  actL/P/U=144/112/0  H=0.611  lr=2.25e-06
  [val] step=7000  recon=0.0066  pr=0.3160  PER=0.076  sid_acc=0.944
  step   7100/8000  recon=0.0065  pr=0.2784  sid=0.5625  grl=4.7324  L/P/U=3584/1536/0  actL/P/U=145/111/0  H=0.611  lr=2.02e-06
  step   7200/8000  recon=0.0066  pr=0.3117  sid=0.3336  grl=4.6211  L/P/U=3584/1536/0  actL/P/U=144/112/0  H=0.611  lr=1.81e-06
  step   7300/8000  recon=0.0065  pr=0.2532  sid=0.4343  grl=4.6582  L/P/U=3584/1536/0  actL/P/U=146/110/0  H=0.611  lr=1.62e-06
  step   7400/8000  recon=0.0066  pr=0.2900  sid=0.9272  grl=4.7188  L/P/U=3584/1536/0  actL/P/U=145/111/0  H=0.611  lr=1.46e-06
  [grad_norms @7500]
    recon             |g|=0.00218  ratio=1.000x recon
    pr_raw            |g|=0.45868  ratio=210.660x recon
    pr_weighted       |g|=0.00917  ratio=4.213x recon
    sid_raw           |g|=2.70516  ratio=1242.409x recon
    sid_weighted      |g|=0.02705  ratio=12.424x recon
    grl               |g|=0.01790  ratio=8.220x recon
    route             |g|=0.00000  ratio=0.000x recon
  step   7500/8000  recon=0.0066  pr=0.2622  sid=0.4541  grl=4.6992  L/P/U=3584/1536/0  actL/P/U=144/112/0  H=0.611  lr=1.32e-06
  step   7600/8000  recon=0.0065  pr=0.2689  sid=0.5455  grl=4.7051  L/P/U=3584/1536/0  actL/P/U=146/110/0  H=0.611  lr=1.20e-06
  step   7700/8000  recon=0.0065  pr=0.2907  sid=0.6462  grl=4.7617  L/P/U=3584/1536/0  actL/P/U=144/112/0  H=0.611  lr=1.11e-06
  step   7800/8000  recon=0.0066  pr=0.2342  sid=0.4409  grl=4.7109  L/P/U=3584/1536/0  actL/P/U=144/112/0  H=0.611  lr=1.05e-06
  step   7900/8000  recon=0.0066  pr=0.3042  sid=0.4646  grl=4.6465  L/P/U=3584/1536/0  actL/P/U=145/111/0  H=0.611  lr=1.01e-06
  [grad_norms @8000]
    recon             |g|=0.00210  ratio=1.000x recon
    pr_raw            |g|=0.40669  ratio=193.461x recon
    pr_weighted       |g|=0.00813  ratio=3.869x recon
    sid_raw           |g|=2.61822  ratio=1245.482x recon
    sid_weighted      |g|=0.02618  ratio=12.455x recon
    grl               |g|=0.01613  ratio=7.675x recon
    route             |g|=0.00000  ratio=0.000x recon
  step   8000/8000  recon=0.0066  pr=0.3124  sid=0.3857  grl=4.5820  L/P/U=3584/1536/0  actL/P/U=144/112/0  H=0.611  lr=1.00e-06
  [val] step=8000  recon=0.0066  pr=0.3141  PER=0.076  sid_acc=0.948

[stage 2] done.  Best val_recon=0.0056  → /rds/user/bbg25/hpc-work/Thesis/Final-Proj/Disentanglement/checkpoints/fixed_70_30/stage2_best.pt

[done]  best checkpoint → /rds/user/bbg25/hpc-work/Thesis/Final-Proj/Disentanglement/checkpoints/fixed_70_30/stage2_best.pt
Finished : Sun May 31 02:40:45 BST 2026
