[diag_probe] run=diag_libri_advlearn_hardqfreeze4000_gn0002_dann6800_gp02_aux64_20k_s42_z_t_pr_linear_seed42  device=cuda
[diag_probe] seed=42
[diag_probe] stage1_ckpt=/scratch/bbg25/runs/libri_advlearn_hardqfreeze4000_gn0002_dann6800_gp02_aux64_20k_s42/checkpoints/stage2_step20000.pt
[diag_probe] stage2_ckpt=/scratch/bbg25/runs/libri_advlearn_hardqfreeze4000_gn0002_dann6800_gp02_aux64_20k_s42/checkpoints/stage2_step20000.pt
[diag_probe] sources=['z_t']  tasks=['pr']
[diag_probe] probe_steps=5000  pr_lr=0.0005  asr_lr=0.0005  sid_lr=0.001  pr_warmup=500  asr_warmup=500  other_warmup=0  val_every=250  patience=10
[dis_data] loaded lexicon: 200,000 entries
[dis_data] loading PR train-clean-100 …
[dis_data] loading PR dev-clean …
[dis_data] loading PR test-clean …
[dis_data]  PR train=28539 val=2703 test=2620 vocab=74
[diag_probe] ASR task not requested — skipping ASR dataloaders.
[dis_data] loading train-clean-100 …
[dis_data]  251 speakers
[dis_data]  train=27539  val=500  test=500  vocab=74  speakers=251
[diag_probe] topk confirmed: 256
[train] loaded 6 SAE tensors from /scratch/bbg25/runs/libri_advlearn_hardqfreeze4000_gn0002_dann6800_gp02_aux64_20k_s42/checkpoints/stage2_step20000.pt  (step=20000  val=0.1039)
[diag_probe] learned-route TopK loaded: quotas=[233, 23, 0]
[diag_probe] loaded stage2 weights from /scratch/bbg25/runs/libri_advlearn_hardqfreeze4000_gn0002_dann6800_gp02_aux64_20k_s42/checkpoints/stage2_step20000.pt

[diag_probe] speakers=251  pr_vocab=74  asr_vocab=n/a  D=1280  K=5120
[diag_probe] PR: stage-2-matched 74-phone targets — train-clean-100 → val=dev-clean, test=test-clean
[diag_probe] ASR: skipped
[diag_probe] SID: closed-set utterance split (val/test held out); probe arch=linear
[diag_probe] reported metric = TEST (val shown in parentheses)

  training probe: z_t -> PR ...
[dis_data] g2p_en loaded for OOV words
      [pr z_t] step 250/5000  train loss=4.243  dev loss=2.583  dev PER=0.596  (best 0.596, bad 0/10)
      [pr z_t] step 500/5000  train loss=1.475  dev loss=0.814  dev PER=0.230  (best 0.230, bad 0/10)
      [pr z_t] step 750/5000  train loss=0.639  dev loss=0.573  dev PER=0.167  (best 0.167, bad 0/10)
      [pr z_t] step 1000/5000  train loss=0.537  dev loss=0.500  dev PER=0.147  (best 0.147, bad 0/10)
      [pr z_t] step 1250/5000  train loss=0.489  dev loss=0.468  dev PER=0.123  (best 0.123, bad 0/10)
      [pr z_t] step 1500/5000  train loss=0.454  dev loss=0.486  dev PER=0.149  (best 0.123, bad 1/10)
      [pr z_t] step 1750/5000  train loss=0.438  dev loss=0.429  dev PER=0.118  (best 0.118, bad 0/10)
      [pr z_t] step 2000/5000  train loss=0.401  dev loss=0.441  dev PER=0.115  (best 0.115, bad 0/10)
      [pr z_t] step 2250/5000  train loss=0.395  dev loss=0.409  dev PER=0.117  (best 0.115, bad 1/10)
      [pr z_t] step 2500/5000  train loss=0.385  dev loss=0.409  dev PER=0.103  (best 0.103, bad 0/10)
      [pr z_t] step 2750/5000  train loss=0.378  dev loss=0.414  dev PER=0.103  (best 0.103, bad 0/10)
      [pr z_t] step 3000/5000  train loss=0.376  dev loss=0.364  dev PER=0.087  (best 0.087, bad 0/10)
      [pr z_t] step 3250/5000  train loss=0.367  dev loss=0.384  dev PER=0.085  (best 0.085, bad 0/10)
      [pr z_t] step 3500/5000  train loss=0.356  dev loss=0.365  dev PER=0.087  (best 0.085, bad 1/10)
      [pr z_t] step 3750/5000  train loss=0.345  dev loss=0.353  dev PER=0.080  (best 0.080, bad 0/10)
      [pr z_t] step 4000/5000  train loss=0.334  dev loss=0.361  dev PER=0.093  (best 0.080, bad 1/10)
      [pr z_t] step 4250/5000  train loss=0.331  dev loss=0.348  dev PER=0.089  (best 0.080, bad 2/10)
      [pr z_t] step 4500/5000  train loss=0.325  dev loss=0.340  dev PER=0.084  (best 0.080, bad 3/10)
      [pr z_t] step 4750/5000  train loss=0.325  dev loss=0.339  dev PER=0.088  (best 0.080, bad 4/10)
      [pr z_t] step 5000/5000  train loss=0.316  dev loss=0.334  dev PER=0.084  (best 0.080, bad 5/10)
    z_t -> PR               PER test=0.085  (val 0.080)

==================================================================
  DIAGNOSTIC PROBE RESULTS - diag_libri_advlearn_hardqfreeze4000_gn0002_dann6800_gp02_aux64_20k_s42_z_t_pr_linear_seed42
==================================================================
  Source       PR (PER↓)    SID (acc↑)
  --------  ------------  ------------
  z_t              0.085           nan
==================================================================

