[diag_probe] run=diag_libri_advlearn_hardqfreeze4000_gn0002_dann6800_gp02_aux64_20k_s42_sid_linear_seed42  device=cuda
[diag_probe] seed=42
[diag_probe] stage1_ckpt=/scratch/bbg25/runs/libri_advlearn_hardqfreeze4000_gn0002_dann6800_gp02_aux64_20k_s42/checkpoints/stage2_step20000.pt
[diag_probe] stage2_ckpt=/scratch/bbg25/runs/libri_advlearn_hardqfreeze4000_gn0002_dann6800_gp02_aux64_20k_s42/checkpoints/stage2_step20000.pt
[diag_probe] sources=['z_t', 'z_L', 'z_P']  tasks=['sid']
[diag_probe] probe_steps=5000  pr_lr=0.0005  asr_lr=0.0005  sid_lr=0.001  pr_warmup=500  asr_warmup=500  other_warmup=0  val_every=250  patience=10
[diag_probe] PR task not requested — skipping PR dataloaders.
[diag_probe] ASR task not requested — skipping ASR dataloaders.
[dis_data] loaded lexicon: 200,000 entries
[dis_data] loading train-clean-100 …
[dis_data]  251 speakers
[dis_data]  train=27539  val=500  test=500  vocab=74  speakers=251
[diag_probe] topk confirmed: 256
[train] loaded 6 SAE tensors from /scratch/bbg25/runs/libri_advlearn_hardqfreeze4000_gn0002_dann6800_gp02_aux64_20k_s42/checkpoints/stage2_step20000.pt  (step=20000  val=0.1039)
[diag_probe] learned-route TopK loaded: quotas=[233, 23, 0]
[diag_probe] loaded stage2 weights from /scratch/bbg25/runs/libri_advlearn_hardqfreeze4000_gn0002_dann6800_gp02_aux64_20k_s42/checkpoints/stage2_step20000.pt

[diag_probe] speakers=251  pr_vocab=74  asr_vocab=n/a  D=1280  K=5120
[diag_probe] PR: skipped
[diag_probe] ASR: skipped
[diag_probe] SID: closed-set utterance split (val/test held out); probe arch=linear
[diag_probe] reported metric = TEST (val shown in parentheses)

  training probe: z_t -> SID ...
[dis_data] g2p_en loaded for OOV words
      [sid z_t] step 250/5000  train loss=6.430 acc=0.062  dev loss=6.435 acc=0.040  (best 0.040, bad 0/10)
      [sid z_t] step 500/5000  train loss=5.374 acc=0.125  dev loss=5.462 acc=0.066  (best 0.066, bad 0/10)
      [sid z_t] step 750/5000  train loss=3.078 acc=0.312  dev loss=3.004 acc=0.376  (best 0.376, bad 0/10)
      [sid z_t] step 1000/5000  train loss=2.769 acc=0.438  dev loss=1.839 acc=0.562  (best 0.562, bad 0/10)
      [sid z_t] step 1250/5000  train loss=0.747 acc=0.750  dev loss=1.013 acc=0.752  (best 0.752, bad 0/10)
      [sid z_t] step 1500/5000  train loss=0.676 acc=0.750  dev loss=0.766 acc=0.772  (best 0.772, bad 0/10)
      [sid z_t] step 1750/5000  train loss=0.321 acc=0.875  dev loss=0.541 acc=0.830  (best 0.830, bad 0/10)
      [sid z_t] step 2000/5000  train loss=0.252 acc=0.938  dev loss=0.209 acc=0.952  (best 0.952, bad 0/10)
      [sid z_t] step 2250/5000  train loss=0.426 acc=0.875  dev loss=0.674 acc=0.808  (best 0.952, bad 1/10)
      [sid z_t] step 2500/5000  train loss=0.079 acc=1.000  dev loss=0.197 acc=0.952  (best 0.952, bad 2/10)
      [sid z_t] step 2750/5000  train loss=0.554 acc=0.812  dev loss=0.098 acc=0.968  (best 0.968, bad 0/10)
      [sid z_t] step 3000/5000  train loss=0.175 acc=0.938  dev loss=0.088 acc=0.976  (best 0.976, bad 0/10)
      [sid z_t] step 3250/5000  train loss=0.017 acc=1.000  dev loss=0.125 acc=0.962  (best 0.976, bad 1/10)
      [sid z_t] step 3500/5000  train loss=0.015 acc=1.000  dev loss=0.039 acc=0.990  (best 0.990, bad 0/10)
      [sid z_t] step 3750/5000  train loss=0.163 acc=0.875  dev loss=0.046 acc=0.982  (best 0.990, bad 1/10)
      [sid z_t] step 4000/5000  train loss=0.056 acc=0.938  dev loss=0.016 acc=0.996  (best 0.996, bad 0/10)
      [sid z_t] step 4250/5000  train loss=0.004 acc=1.000  dev loss=0.012 acc=0.996  (best 0.996, bad 1/10)
      [sid z_t] step 4500/5000  train loss=0.009 acc=1.000  dev loss=0.005 acc=1.000  (best 1.000, bad 0/10)
      [sid z_t] step 4750/5000  train loss=0.000 acc=1.000  dev loss=0.006 acc=0.998  (best 1.000, bad 1/10)
      [sid z_t] step 5000/5000  train loss=0.000 acc=1.000  dev loss=0.005 acc=1.000  (best 1.000, bad 2/10)
    z_t -> SID              acc test=0.998  (val 1.000)
  training probe: z_L -> SID ...
      [sid z_L] step 250/5000  train loss=6.787 acc=0.000  dev loss=7.754 acc=0.012  (best 0.012, bad 0/10)
      [sid z_L] step 500/5000  train loss=7.289 acc=0.000  dev loss=7.637 acc=0.006  (best 0.012, bad 1/10)
      [sid z_L] step 750/5000  train loss=7.914 acc=0.000  dev loss=7.016 acc=0.010  (best 0.012, bad 2/10)
      [sid z_L] step 1000/5000  train loss=6.621 acc=0.000  dev loss=6.916 acc=0.006  (best 0.012, bad 3/10)
      [sid z_L] step 1250/5000  train loss=6.834 acc=0.000  dev loss=6.757 acc=0.010  (best 0.012, bad 4/10)
      [sid z_L] step 1500/5000  train loss=6.308 acc=0.000  dev loss=6.457 acc=0.002  (best 0.012, bad 5/10)
      [sid z_L] step 1750/5000  train loss=6.523 acc=0.000  dev loss=6.426 acc=0.006  (best 0.012, bad 6/10)
      [sid z_L] step 2000/5000  train loss=6.333 acc=0.000  dev loss=6.507 acc=0.002  (best 0.012, bad 7/10)
      [sid z_L] step 2250/5000  train loss=5.992 acc=0.000  dev loss=6.118 acc=0.006  (best 0.012, bad 8/10)
      [sid z_L] step 2500/5000  train loss=5.792 acc=0.000  dev loss=6.013 acc=0.004  (best 0.012, bad 9/10)
      [sid z_L] step 2750/5000  train loss=6.541 acc=0.000  dev loss=6.266 acc=0.006  (best 0.012, bad 10/10)
    z_L -> SID              acc test=0.014  (val 0.012)
  training probe: z_P -> SID ...
      [sid z_P] step 250/5000  train loss=1.988 acc=0.875  dev loss=2.053 acc=0.802  (best 0.802, bad 0/10)
      [sid z_P] step 500/5000  train loss=0.195 acc=1.000  dev loss=0.250 acc=0.990  (best 0.990, bad 0/10)
      [sid z_P] step 750/5000  train loss=0.068 acc=1.000  dev loss=0.074 acc=0.998  (best 0.998, bad 0/10)
      [sid z_P] step 1000/5000  train loss=0.034 acc=1.000  dev loss=0.034 acc=1.000  (best 1.000, bad 0/10)
      [sid z_P] step 1250/5000  train loss=0.012 acc=1.000  dev loss=0.024 acc=1.000  (best 1.000, bad 1/10)
      [sid z_P] step 1500/5000  train loss=0.021 acc=1.000  dev loss=0.018 acc=1.000  (best 1.000, bad 2/10)
      [sid z_P] step 1750/5000  train loss=0.010 acc=1.000  dev loss=0.016 acc=0.998  (best 1.000, bad 3/10)
      [sid z_P] step 2000/5000  train loss=0.007 acc=1.000  dev loss=0.028 acc=0.992  (best 1.000, bad 4/10)
      [sid z_P] step 2250/5000  train loss=0.002 acc=1.000  dev loss=0.012 acc=1.000  (best 1.000, bad 5/10)
      [sid z_P] step 2500/5000  train loss=0.002 acc=1.000  dev loss=0.007 acc=1.000  (best 1.000, bad 6/10)
      [sid z_P] step 2750/5000  train loss=0.003 acc=1.000  dev loss=0.007 acc=1.000  (best 1.000, bad 7/10)
      [sid z_P] step 3000/5000  train loss=0.005 acc=1.000  dev loss=0.006 acc=1.000  (best 1.000, bad 8/10)
      [sid z_P] step 3250/5000  train loss=0.004 acc=1.000  dev loss=0.006 acc=1.000  (best 1.000, bad 9/10)
      [sid z_P] step 3500/5000  train loss=0.002 acc=1.000  dev loss=0.005 acc=1.000  (best 1.000, bad 10/10)
    z_P -> SID              acc test=1.000  (val 1.000)

==================================================================
  DIAGNOSTIC PROBE RESULTS - diag_libri_advlearn_hardqfreeze4000_gn0002_dann6800_gp02_aux64_20k_s42_sid_linear_seed42
==================================================================
  Source       PR (PER↓)    SID (acc↑)
  --------  ------------  ------------
  z_t                nan         0.998
  z_L                nan         0.014
  z_P                nan         1.000
==================================================================

