[diag_probe] run=diag_libri_advlearn_hardqfreeze4000_gn0002_dann6800_gp02_aux64_20k_s42_z_L_pr_linear_seed42  device=cuda
[diag_probe] seed=42
[diag_probe] stage1_ckpt=/scratch/bbg25/runs/libri_advlearn_hardqfreeze4000_gn0002_dann6800_gp02_aux64_20k_s42/checkpoints/stage2_step20000.pt
[diag_probe] stage2_ckpt=/scratch/bbg25/runs/libri_advlearn_hardqfreeze4000_gn0002_dann6800_gp02_aux64_20k_s42/checkpoints/stage2_step20000.pt
[diag_probe] sources=['z_L']  tasks=['pr']
[diag_probe] probe_steps=5000  pr_lr=0.0005  asr_lr=0.0005  sid_lr=0.001  pr_warmup=500  asr_warmup=500  other_warmup=0  val_every=250  patience=10
[dis_data] loaded lexicon: 200,000 entries
[dis_data] loading PR train-clean-100 …
[dis_data] loading PR dev-clean …
[dis_data] loading PR test-clean …
[dis_data]  PR train=28539 val=2703 test=2620 vocab=74
[diag_probe] ASR task not requested — skipping ASR dataloaders.
[dis_data] loading train-clean-100 …
[dis_data]  251 speakers
[dis_data]  train=27539  val=500  test=500  vocab=74  speakers=251
[diag_probe] topk confirmed: 256
[train] loaded 6 SAE tensors from /scratch/bbg25/runs/libri_advlearn_hardqfreeze4000_gn0002_dann6800_gp02_aux64_20k_s42/checkpoints/stage2_step20000.pt  (step=20000  val=0.1039)
[diag_probe] learned-route TopK loaded: quotas=[233, 23, 0]
[diag_probe] loaded stage2 weights from /scratch/bbg25/runs/libri_advlearn_hardqfreeze4000_gn0002_dann6800_gp02_aux64_20k_s42/checkpoints/stage2_step20000.pt

[diag_probe] speakers=251  pr_vocab=74  asr_vocab=n/a  D=1280  K=5120
[diag_probe] PR: stage-2-matched 74-phone targets — train-clean-100 → val=dev-clean, test=test-clean
[diag_probe] ASR: skipped
[diag_probe] SID: closed-set utterance split (val/test held out); probe arch=linear
[diag_probe] reported metric = TEST (val shown in parentheses)

  training probe: z_L -> PR ...
[dis_data] g2p_en loaded for OOV words
      [pr z_L] step 250/5000  train loss=4.453  dev loss=3.029  dev PER=0.983  (best 0.983, bad 0/10)
      [pr z_L] step 500/5000  train loss=1.836  dev loss=0.883  dev PER=0.292  (best 0.292, bad 0/10)
      [pr z_L] step 750/5000  train loss=0.708  dev loss=0.641  dev PER=0.190  (best 0.190, bad 0/10)
      [pr z_L] step 1000/5000  train loss=0.574  dev loss=0.536  dev PER=0.151  (best 0.151, bad 0/10)
      [pr z_L] step 1250/5000  train loss=0.523  dev loss=0.515  dev PER=0.133  (best 0.133, bad 0/10)
      [pr z_L] step 1500/5000  train loss=0.482  dev loss=0.497  dev PER=0.151  (best 0.133, bad 1/10)
      [pr z_L] step 1750/5000  train loss=0.465  dev loss=0.470  dev PER=0.132  (best 0.132, bad 0/10)
      [pr z_L] step 2000/5000  train loss=0.436  dev loss=0.440  dev PER=0.101  (best 0.101, bad 0/10)
      [pr z_L] step 2250/5000  train loss=0.428  dev loss=0.437  dev PER=0.127  (best 0.101, bad 1/10)
      [pr z_L] step 2500/5000  train loss=0.415  dev loss=0.427  dev PER=0.109  (best 0.101, bad 2/10)
      [pr z_L] step 2750/5000  train loss=0.407  dev loss=0.419  dev PER=0.104  (best 0.101, bad 3/10)
      [pr z_L] step 3000/5000  train loss=0.405  dev loss=0.388  dev PER=0.093  (best 0.093, bad 0/10)
      [pr z_L] step 3250/5000  train loss=0.395  dev loss=0.392  dev PER=0.092  (best 0.092, bad 0/10)
      [pr z_L] step 3500/5000  train loss=0.385  dev loss=0.380  dev PER=0.093  (best 0.092, bad 1/10)
      [pr z_L] step 3750/5000  train loss=0.379  dev loss=0.370  dev PER=0.086  (best 0.086, bad 0/10)
      [pr z_L] step 4000/5000  train loss=0.371  dev loss=0.386  dev PER=0.102  (best 0.086, bad 1/10)
      [pr z_L] step 4250/5000  train loss=0.366  dev loss=0.370  dev PER=0.095  (best 0.086, bad 2/10)
      [pr z_L] step 4500/5000  train loss=0.360  dev loss=0.357  dev PER=0.088  (best 0.086, bad 3/10)
      [pr z_L] step 4750/5000  train loss=0.360  dev loss=0.355  dev PER=0.090  (best 0.086, bad 4/10)
      [pr z_L] step 5000/5000  train loss=0.350  dev loss=0.351  dev PER=0.088  (best 0.086, bad 5/10)
    z_L -> PR               PER test=0.090  (val 0.086)

==================================================================
  DIAGNOSTIC PROBE RESULTS - diag_libri_advlearn_hardqfreeze4000_gn0002_dann6800_gp02_aux64_20k_s42_z_L_pr_linear_seed42
==================================================================
  Source       PR (PER↓)    SID (acc↑)
  --------  ------------  ------------
  z_L              0.090           nan
==================================================================

