[diag_probe] run=diag_libri_advlearn_hardfreeze4000_linmean_gn00015_gp02_aux64_12k_s42_sid_linear_seed42  device=cuda
[diag_probe] seed=42
[diag_probe] stage1_ckpt=/scratch/bbg25/runs/libri_advlearn_hardfreeze4000_linmean_gn00015_gp02_aux64_12k_s42/checkpoints/stage2_step12000.pt
[diag_probe] stage2_ckpt=/scratch/bbg25/runs/libri_advlearn_hardfreeze4000_linmean_gn00015_gp02_aux64_12k_s42/checkpoints/stage2_step12000.pt
[diag_probe] sources=['z_t', 'z_L', 'z_P']  tasks=['sid']
[diag_probe] probe_steps=5000  pr_lr=0.0005  sid_lr=0.001  pr_warmup=500  other_warmup=0  val_every=250  patience=5
[diag_probe] PR task not requested — skipping PR dataloaders.
[dis_data] loaded lexicon: 200,000 entries
[dis_data] loading train-clean-100 …
[dis_data]  251 speakers
[dis_data]  train=27539  val=500  test=500  vocab=74  speakers=251
[diag_probe] topk confirmed: 256
[train] loaded 3 SAE tensors from /scratch/bbg25/runs/libri_advlearn_hardfreeze4000_linmean_gn00015_gp02_aux64_12k_s42/checkpoints/stage2_step12000.pt  (step=12000  val=0.2315)
[diag_probe] loaded stage2 weights from /scratch/bbg25/runs/libri_advlearn_hardfreeze4000_linmean_gn00015_gp02_aux64_12k_s42/checkpoints/stage2_step12000.pt

[diag_probe] speakers=251  pr_vocab=74  D=1280  K=5120
[diag_probe] PR: skipped
[diag_probe] SID: closed-set utterance split (val/test held out); probe arch=linear
[diag_probe] reported metric = TEST (val shown in parentheses)

  training probe: z_t -> SID ...
[dis_data] g2p_en loaded for OOV words
      [sid z_t] step 250/5000  train loss=3.316 acc=0.312  dev loss=3.081 acc=0.410  (best 0.410, bad 0/5)
      [sid z_t] step 500/5000  train loss=1.225 acc=0.750  dev loss=1.097 acc=0.768  (best 0.768, bad 0/5)
      [sid z_t] step 750/5000  train loss=0.390 acc=0.938  dev loss=0.335 acc=0.952  (best 0.952, bad 0/5)
      [sid z_t] step 1000/5000  train loss=0.111 acc=1.000  dev loss=0.289 acc=0.922  (best 0.952, bad 1/5)
      [sid z_t] step 1250/5000  train loss=0.327 acc=0.812  dev loss=0.276 acc=0.920  (best 0.952, bad 2/5)
      [sid z_t] step 1500/5000  train loss=0.024 acc=1.000  dev loss=0.078 acc=0.978  (best 0.978, bad 0/5)
      [sid z_t] step 1750/5000  train loss=0.176 acc=0.938  dev loss=0.083 acc=0.976  (best 0.978, bad 1/5)
      [sid z_t] step 2000/5000  train loss=0.082 acc=1.000  dev loss=0.034 acc=0.992  (best 0.992, bad 0/5)
      [sid z_t] step 2250/5000  train loss=0.020 acc=1.000  dev loss=0.054 acc=0.980  (best 0.992, bad 1/5)
      [sid z_t] step 2500/5000  train loss=0.170 acc=0.938  dev loss=0.038 acc=0.992  (best 0.992, bad 2/5)
      [sid z_t] step 2750/5000  train loss=0.151 acc=0.938  dev loss=0.024 acc=0.992  (best 0.992, bad 3/5)
      [sid z_t] step 3000/5000  train loss=0.005 acc=1.000  dev loss=0.014 acc=0.998  (best 0.998, bad 0/5)
      [sid z_t] step 3250/5000  train loss=0.000 acc=1.000  dev loss=0.034 acc=0.990  (best 0.998, bad 1/5)
      [sid z_t] step 3500/5000  train loss=0.017 acc=1.000  dev loss=0.008 acc=0.998  (best 0.998, bad 2/5)
      [sid z_t] step 3750/5000  train loss=0.001 acc=1.000  dev loss=0.014 acc=0.996  (best 0.998, bad 3/5)
      [sid z_t] step 4000/5000  train loss=0.006 acc=1.000  dev loss=0.007 acc=0.998  (best 0.998, bad 4/5)
      [sid z_t] step 4250/5000  train loss=0.001 acc=1.000  dev loss=0.014 acc=0.996  (best 0.998, bad 5/5)
    z_t -> SID              acc test=0.994  (val 0.998)
  training probe: z_L -> SID ...
      [sid z_L] step 250/5000  train loss=6.001 acc=0.000  dev loss=5.871 acc=0.002  (best 0.002, bad 0/5)
      [sid z_L] step 500/5000  train loss=5.649 acc=0.000  dev loss=5.630 acc=0.012  (best 0.012, bad 0/5)
      [sid z_L] step 750/5000  train loss=5.224 acc=0.062  dev loss=5.223 acc=0.032  (best 0.032, bad 0/5)
      [sid z_L] step 1000/5000  train loss=5.208 acc=0.000  dev loss=4.708 acc=0.068  (best 0.068, bad 0/5)
      [sid z_L] step 1250/5000  train loss=4.346 acc=0.125  dev loss=4.278 acc=0.114  (best 0.114, bad 0/5)
      [sid z_L] step 1500/5000  train loss=3.570 acc=0.188  dev loss=3.703 acc=0.184  (best 0.184, bad 0/5)
      [sid z_L] step 1750/5000  train loss=2.934 acc=0.375  dev loss=3.231 acc=0.292  (best 0.292, bad 0/5)
      [sid z_L] step 2000/5000  train loss=2.174 acc=0.500  dev loss=2.885 acc=0.326  (best 0.326, bad 0/5)
      [sid z_L] step 2250/5000  train loss=2.367 acc=0.625  dev loss=2.525 acc=0.386  (best 0.386, bad 0/5)
      [sid z_L] step 2500/5000  train loss=2.102 acc=0.562  dev loss=2.114 acc=0.528  (best 0.528, bad 0/5)
      [sid z_L] step 2750/5000  train loss=1.744 acc=0.688  dev loss=1.756 acc=0.670  (best 0.670, bad 0/5)
      [sid z_L] step 3000/5000  train loss=2.177 acc=0.625  dev loss=1.626 acc=0.670  (best 0.670, bad 1/5)
      [sid z_L] step 3250/5000  train loss=0.815 acc=0.875  dev loss=1.277 acc=0.780  (best 0.780, bad 0/5)
      [sid z_L] step 3500/5000  train loss=1.594 acc=0.562  dev loss=1.292 acc=0.724  (best 0.780, bad 1/5)
      [sid z_L] step 3750/5000  train loss=0.929 acc=0.938  dev loss=1.034 acc=0.844  (best 0.844, bad 0/5)
      [sid z_L] step 4000/5000  train loss=0.682 acc=0.875  dev loss=1.008 acc=0.852  (best 0.852, bad 0/5)
      [sid z_L] step 4250/5000  train loss=0.608 acc=0.875  dev loss=0.865 acc=0.876  (best 0.876, bad 0/5)
      [sid z_L] step 4500/5000  train loss=0.871 acc=0.938  dev loss=0.845 acc=0.888  (best 0.888, bad 0/5)
      [sid z_L] step 4750/5000  train loss=0.618 acc=0.938  dev loss=0.786 acc=0.898  (best 0.898, bad 0/5)
      [sid z_L] step 5000/5000  train loss=0.511 acc=1.000  dev loss=0.730 acc=0.932  (best 0.932, bad 0/5)
    z_L -> SID              acc test=0.930  (val 0.932)
  training probe: z_P -> SID ...
      [sid z_P] step 250/5000  train loss=1.835 acc=0.750  dev loss=1.501 acc=0.798  (best 0.798, bad 0/5)
      [sid z_P] step 500/5000  train loss=0.158 acc=1.000  dev loss=0.247 acc=0.974  (best 0.974, bad 0/5)
      [sid z_P] step 750/5000  train loss=0.070 acc=1.000  dev loss=0.082 acc=0.994  (best 0.994, bad 0/5)
      [sid z_P] step 1000/5000  train loss=0.012 acc=1.000  dev loss=0.045 acc=0.994  (best 0.994, bad 1/5)
      [sid z_P] step 1250/5000  train loss=0.021 acc=1.000  dev loss=0.034 acc=0.994  (best 0.994, bad 2/5)
      [sid z_P] step 1500/5000  train loss=0.008 acc=1.000  dev loss=0.033 acc=0.992  (best 0.994, bad 3/5)
      [sid z_P] step 1750/5000  train loss=0.013 acc=1.000  dev loss=0.021 acc=0.996  (best 0.996, bad 0/5)
      [sid z_P] step 2000/5000  train loss=0.006 acc=1.000  dev loss=0.017 acc=0.998  (best 0.998, bad 0/5)
      [sid z_P] step 2250/5000  train loss=0.002 acc=1.000  dev loss=0.015 acc=0.998  (best 0.998, bad 1/5)
      [sid z_P] step 2500/5000  train loss=0.009 acc=1.000  dev loss=0.014 acc=0.998  (best 0.998, bad 2/5)
      [sid z_P] step 2750/5000  train loss=0.006 acc=1.000  dev loss=0.013 acc=0.998  (best 0.998, bad 3/5)
      [sid z_P] step 3000/5000  train loss=0.001 acc=1.000  dev loss=0.011 acc=0.998  (best 0.998, bad 4/5)
      [sid z_P] step 3250/5000  train loss=0.001 acc=1.000  dev loss=0.010 acc=0.998  (best 0.998, bad 5/5)
    z_P -> SID              acc test=0.998  (val 0.998)

==================================================================
  DIAGNOSTIC PROBE RESULTS - diag_libri_advlearn_hardfreeze4000_linmean_gn00015_gp02_aux64_12k_s42_sid_linear_seed42
==================================================================
  Source       PR (PER↓)    SID (acc↑)
  --------  ------------  ------------
  z_t                nan         0.994
  z_L                nan         0.930
  z_P                nan         0.998
==================================================================

