[diag_probe] run=diag_libri_advlearn_hardfreeze4000_linmean_gn00015_gp02_aux64_12k_s42_z_L_pr_linear_seed42  device=cuda
[diag_probe] seed=42
[diag_probe] stage1_ckpt=/scratch/bbg25/runs/libri_advlearn_hardfreeze4000_linmean_gn00015_gp02_aux64_12k_s42/checkpoints/stage2_step12000.pt
[diag_probe] stage2_ckpt=/scratch/bbg25/runs/libri_advlearn_hardfreeze4000_linmean_gn00015_gp02_aux64_12k_s42/checkpoints/stage2_step12000.pt
[diag_probe] sources=['z_L']  tasks=['pr']
[diag_probe] probe_steps=5000  pr_lr=0.0005  sid_lr=0.001  pr_warmup=500  other_warmup=0  val_every=250  patience=5
[dis_data] loaded lexicon: 200,000 entries
[dis_data] loading PR train-clean-100 …
[dis_data] loading PR dev-clean …
[dis_data] loading PR test-clean …
[dis_data]  PR train=28539 val=2703 test=2620 vocab=74
[dis_data] loading train-clean-100 …
[dis_data]  251 speakers
[dis_data]  train=27539  val=500  test=500  vocab=74  speakers=251
[diag_probe] topk confirmed: 256
[train] loaded 3 SAE tensors from /scratch/bbg25/runs/libri_advlearn_hardfreeze4000_linmean_gn00015_gp02_aux64_12k_s42/checkpoints/stage2_step12000.pt  (step=12000  val=0.2315)
[diag_probe] loaded stage2 weights from /scratch/bbg25/runs/libri_advlearn_hardfreeze4000_linmean_gn00015_gp02_aux64_12k_s42/checkpoints/stage2_step12000.pt

[diag_probe] speakers=251  pr_vocab=74  D=1280  K=5120
[diag_probe] PR: stage-2-matched 74-phone targets — train-clean-100 → val=dev-clean, test=test-clean
[diag_probe] SID: closed-set utterance split (val/test held out); probe arch=linear
[diag_probe] reported metric = TEST (val shown in parentheses)

  training probe: z_L -> PR ...
[dis_data] g2p_en loaded for OOV words
      [pr z_L] step 250/5000  train loss=3.173  dev loss=0.422  dev PER=0.107  (best 0.107, bad 0/5)
      [pr z_L] step 500/5000  train loss=0.364  dev loss=0.324  dev PER=0.082  (best 0.082, bad 0/5)
      [pr z_L] step 750/5000  train loss=0.310  dev loss=0.305  dev PER=0.076  (best 0.076, bad 0/5)
      [pr z_L] step 1000/5000  train loss=0.303  dev loss=0.304  dev PER=0.084  (best 0.076, bad 1/5)
      [pr z_L] step 1250/5000  train loss=0.298  dev loss=0.290  dev PER=0.071  (best 0.071, bad 0/5)
      [pr z_L] step 1500/5000  train loss=0.288  dev loss=0.292  dev PER=0.074  (best 0.071, bad 1/5)
      [pr z_L] step 1750/5000  train loss=0.291  dev loss=0.294  dev PER=0.081  (best 0.071, bad 2/5)
      [pr z_L] step 2000/5000  train loss=0.269  dev loss=0.285  dev PER=0.069  (best 0.069, bad 0/5)
      [pr z_L] step 2250/5000  train loss=0.274  dev loss=0.284  dev PER=0.069  (best 0.069, bad 1/5)
      [pr z_L] step 2500/5000  train loss=0.272  dev loss=0.281  dev PER=0.073  (best 0.069, bad 2/5)
      [pr z_L] step 2750/5000  train loss=0.271  dev loss=0.283  dev PER=0.074  (best 0.069, bad 3/5)
      [pr z_L] step 3000/5000  train loss=0.273  dev loss=0.276  dev PER=0.069  (best 0.069, bad 0/5)
      [pr z_L] step 3250/5000  train loss=0.268  dev loss=0.270  dev PER=0.066  (best 0.066, bad 0/5)
      [pr z_L] step 3500/5000  train loss=0.265  dev loss=0.273  dev PER=0.070  (best 0.066, bad 1/5)
      [pr z_L] step 3750/5000  train loss=0.258  dev loss=0.271  dev PER=0.070  (best 0.066, bad 2/5)
      [pr z_L] step 4000/5000  train loss=0.254  dev loss=0.271  dev PER=0.064  (best 0.064, bad 0/5)
      [pr z_L] step 4250/5000  train loss=0.253  dev loss=0.270  dev PER=0.068  (best 0.064, bad 1/5)
      [pr z_L] step 4500/5000  train loss=0.252  dev loss=0.267  dev PER=0.066  (best 0.064, bad 2/5)
      [pr z_L] step 4750/5000  train loss=0.254  dev loss=0.266  dev PER=0.068  (best 0.064, bad 3/5)
      [pr z_L] step 5000/5000  train loss=0.250  dev loss=0.265  dev PER=0.067  (best 0.064, bad 4/5)
    z_L -> PR               PER test=0.067  (val 0.064)

==================================================================
  DIAGNOSTIC PROBE RESULTS - diag_libri_advlearn_hardfreeze4000_linmean_gn00015_gp02_aux64_12k_s42_z_L_pr_linear_seed42
==================================================================
  Source       PR (PER↓)    SID (acc↑)
  --------  ------------  ------------
  z_L              0.067           nan
==================================================================

