[diag_probe] run=diag_libri_advlearn_hardfreeze4000_linmean_gn00015_gp02_aux64_12k_s42_z_P_pr_linear_seed42  device=cuda
[diag_probe] seed=42
[diag_probe] stage1_ckpt=/scratch/bbg25/runs/libri_advlearn_hardfreeze4000_linmean_gn00015_gp02_aux64_12k_s42/checkpoints/stage2_step12000.pt
[diag_probe] stage2_ckpt=/scratch/bbg25/runs/libri_advlearn_hardfreeze4000_linmean_gn00015_gp02_aux64_12k_s42/checkpoints/stage2_step12000.pt
[diag_probe] sources=['z_P']  tasks=['pr']
[diag_probe] probe_steps=5000  pr_lr=0.0005  sid_lr=0.001  pr_warmup=500  other_warmup=0  val_every=250  patience=5
[dis_data] loaded lexicon: 200,000 entries
[dis_data] loading PR train-clean-100 …
[dis_data] loading PR dev-clean …
[dis_data] loading PR test-clean …
[dis_data]  PR train=28539 val=2703 test=2620 vocab=74
[dis_data] loading train-clean-100 …
[dis_data]  251 speakers
[dis_data]  train=27539  val=500  test=500  vocab=74  speakers=251
[diag_probe] topk confirmed: 256
[train] loaded 3 SAE tensors from /scratch/bbg25/runs/libri_advlearn_hardfreeze4000_linmean_gn00015_gp02_aux64_12k_s42/checkpoints/stage2_step12000.pt  (step=12000  val=0.2315)
[diag_probe] loaded stage2 weights from /scratch/bbg25/runs/libri_advlearn_hardfreeze4000_linmean_gn00015_gp02_aux64_12k_s42/checkpoints/stage2_step12000.pt

[diag_probe] speakers=251  pr_vocab=74  D=1280  K=5120
[diag_probe] PR: stage-2-matched 74-phone targets — train-clean-100 → val=dev-clean, test=test-clean
[diag_probe] SID: closed-set utterance split (val/test held out); probe arch=linear
[diag_probe] reported metric = TEST (val shown in parentheses)

  training probe: z_P -> PR ...
[dis_data] g2p_en loaded for OOV words
      [pr z_P] step 250/5000  train loss=9.023  dev loss=4.009  dev PER=1.000  (best 1.000, bad 0/5)
      [pr z_P] step 500/5000  train loss=3.689  dev loss=3.684  dev PER=1.000  (best 1.000, bad 1/5)
      [pr z_P] step 750/5000  train loss=3.576  dev loss=3.637  dev PER=1.000  (best 1.000, bad 0/5)
      [pr z_P] step 1000/5000  train loss=3.550  dev loss=3.597  dev PER=0.998  (best 0.998, bad 0/5)
      [pr z_P] step 1250/5000  train loss=3.522  dev loss=3.538  dev PER=0.981  (best 0.981, bad 0/5)
      [pr z_P] step 1500/5000  train loss=3.431  dev loss=3.428  dev PER=0.951  (best 0.951, bad 0/5)
      [pr z_P] step 1750/5000  train loss=3.309  dev loss=3.355  dev PER=0.932  (best 0.932, bad 0/5)
      [pr z_P] step 2000/5000  train loss=3.217  dev loss=3.304  dev PER=0.927  (best 0.927, bad 0/5)
      [pr z_P] step 2250/5000  train loss=3.166  dev loss=3.272  dev PER=0.920  (best 0.920, bad 0/5)
      [pr z_P] step 2500/5000  train loss=3.134  dev loss=3.254  dev PER=0.913  (best 0.913, bad 0/5)
      [pr z_P] step 2750/5000  train loss=3.110  dev loss=3.246  dev PER=0.919  (best 0.913, bad 1/5)
      [pr z_P] step 3000/5000  train loss=3.099  dev loss=3.235  dev PER=0.913  (best 0.913, bad 0/5)
      [pr z_P] step 3250/5000  train loss=3.086  dev loss=3.228  dev PER=0.911  (best 0.911, bad 0/5)
      [pr z_P] step 3500/5000  train loss=3.079  dev loss=3.221  dev PER=0.912  (best 0.911, bad 1/5)
      [pr z_P] step 3750/5000  train loss=3.062  dev loss=3.216  dev PER=0.908  (best 0.908, bad 0/5)
      [pr z_P] step 4000/5000  train loss=3.053  dev loss=3.214  dev PER=0.909  (best 0.908, bad 1/5)
      [pr z_P] step 4250/5000  train loss=3.050  dev loss=3.211  dev PER=0.906  (best 0.906, bad 0/5)
      [pr z_P] step 4500/5000  train loss=3.047  dev loss=3.209  dev PER=0.905  (best 0.905, bad 0/5)
      [pr z_P] step 4750/5000  train loss=3.044  dev loss=3.208  dev PER=0.905  (best 0.905, bad 1/5)
      [pr z_P] step 5000/5000  train loss=3.043  dev loss=3.208  dev PER=0.906  (best 0.905, bad 2/5)
    z_P -> PR               PER test=0.901  (val 0.905)

==================================================================
  DIAGNOSTIC PROBE RESULTS - diag_libri_advlearn_hardfreeze4000_linmean_gn00015_gp02_aux64_12k_s42_z_P_pr_linear_seed42
==================================================================
  Source       PR (PER↓)    SID (acc↑)
  --------  ------------  ------------
  z_P              0.901           nan
==================================================================

