=== Stats-GRL final z_L SID probe-seed sweep ===
started          : Thu 25 Jun 00:46:10 BST 2026
gpu              : NVIDIA A100-SXM4-80GB
run_name         : job2_statsgrl_clip_gp02
ckpt             : /rds/user/bbg25/hpc-work/Thesis/Final-Proj/Disentanglement/checkpoints/job2_statsgrl_clip_gp02/stage2_step12000.pt
known seed 42    : logs/diag/final_step_selected4/probe_final4_31011803_3.out
probe_seed       : 123
sources          : z_L
task             : sid
sid_probe_arch   : stats
probe_steps      : 10000
probe_val_every  : 250
probe_patience   : 0  # disabled; run all probe steps
sid_probe_lr     : 1e-3
[diag_probe] run=diag_job2_statsgrl_clip_gp02_final12000_zL_sid_noearly_seed123  device=cuda
[diag_probe] seed=123
[diag_probe] stage1_ckpt=/rds/user/bbg25/hpc-work/Thesis/Final-Proj/Disentanglement/checkpoints/job2_statsgrl_clip_gp02/stage2_step12000.pt
[diag_probe] stage2_ckpt=/rds/user/bbg25/hpc-work/Thesis/Final-Proj/Disentanglement/checkpoints/job2_statsgrl_clip_gp02/stage2_step12000.pt
[diag_probe] sources=['z_L']  tasks=['sid']
[diag_probe] probe_steps=10000  pr_lr=0.0005  sid_lr=0.001  warmup=0  val_every=250  patience=0
[diag_probe] PR task not requested — skipping PR dataloaders.
[dis_data] loaded lexicon: 200,000 entries
[dis_data] loading train-clean-100 …
[dis_data]  251 speakers
[dis_data]  train=27539  val=500  test=500  vocab=74  speakers=251
[train] WARNING: unexpected missing SAE keys: ['block_idx', 'block_m_L', 'block_m_P', 'block_m_U']
[train] loaded 3 SAE tensors from /rds/user/bbg25/hpc-work/Thesis/Final-Proj/Disentanglement/checkpoints/job2_statsgrl_clip_gp02/stage2_step12000.pt  (step=12000  val=0.2514)
[diag_probe] skipped 1 shape-mismatched/stale keys (e.g. ['grl_head.fc.weight']) — fine, probe does not use adversarial heads
[diag_probe] WARNING missing keys: ['grl_head.fc.weight']
[diag_probe] loaded stage2 weights from /rds/user/bbg25/hpc-work/Thesis/Final-Proj/Disentanglement/checkpoints/job2_statsgrl_clip_gp02/stage2_step12000.pt

[diag_probe] speakers=251  pr_vocab=74  D=1280  K=5120
[diag_probe] PR: skipped
[diag_probe] SID: closed-set utterance split (val/test held out); probe arch=stats
[diag_probe] reported metric = TEST (val shown in parentheses)

  training probe: z_L -> SID ...
[dis_data] g2p_en loaded for OOV words
      [sid z_L] step 250/10000  dev acc=0.002  (best 0.002, bad 0/0)
      [sid z_L] step 500/10000  dev acc=0.018  (best 0.018, bad 0/0)
      [sid z_L] step 750/10000  dev acc=0.032  (best 0.032, bad 0/0)
      [sid z_L] step 1000/10000  dev acc=0.036  (best 0.036, bad 0/0)
      [sid z_L] step 1250/10000  dev acc=0.034  (best 0.036, bad 1/0)
      [sid z_L] step 1500/10000  dev acc=0.038  (best 0.038, bad 0/0)
      [sid z_L] step 1750/10000  dev acc=0.076  (best 0.076, bad 0/0)
      [sid z_L] step 2000/10000  dev acc=0.074  (best 0.076, bad 1/0)
      [sid z_L] step 2250/10000  dev acc=0.090  (best 0.090, bad 0/0)
      [sid z_L] step 2500/10000  dev acc=0.118  (best 0.118, bad 0/0)
      [sid z_L] step 2750/10000  dev acc=0.118  (best 0.118, bad 1/0)
      [sid z_L] step 3000/10000  dev acc=0.142  (best 0.142, bad 0/0)
      [sid z_L] step 3250/10000  dev acc=0.172  (best 0.172, bad 0/0)
      [sid z_L] step 3500/10000  dev acc=0.200  (best 0.200, bad 0/0)
      [sid z_L] step 3750/10000  dev acc=0.210  (best 0.210, bad 0/0)
      [sid z_L] step 4000/10000  dev acc=0.242  (best 0.242, bad 0/0)
      [sid z_L] step 4250/10000  dev acc=0.224  (best 0.242, bad 1/0)
      [sid z_L] step 4500/10000  dev acc=0.234  (best 0.242, bad 2/0)
      [sid z_L] step 4750/10000  dev acc=0.254  (best 0.254, bad 0/0)
      [sid z_L] step 5000/10000  dev acc=0.242  (best 0.254, bad 1/0)
      [sid z_L] step 5250/10000  dev acc=0.220  (best 0.254, bad 2/0)
      [sid z_L] step 5500/10000  dev acc=0.296  (best 0.296, bad 0/0)
      [sid z_L] step 5750/10000  dev acc=0.300  (best 0.300, bad 0/0)
      [sid z_L] step 6000/10000  dev acc=0.308  (best 0.308, bad 0/0)
      [sid z_L] step 6250/10000  dev acc=0.298  (best 0.308, bad 1/0)
      [sid z_L] step 6500/10000  dev acc=0.282  (best 0.308, bad 2/0)
      [sid z_L] step 6750/10000  dev acc=0.312  (best 0.312, bad 0/0)
      [sid z_L] step 7000/10000  dev acc=0.328  (best 0.328, bad 0/0)
      [sid z_L] step 7250/10000  dev acc=0.354  (best 0.354, bad 0/0)
      [sid z_L] step 7500/10000  dev acc=0.344  (best 0.354, bad 1/0)
      [sid z_L] step 7750/10000  dev acc=0.364  (best 0.364, bad 0/0)
      [sid z_L] step 8000/10000  dev acc=0.350  (best 0.364, bad 1/0)
      [sid z_L] step 8250/10000  dev acc=0.346  (best 0.364, bad 2/0)
      [sid z_L] step 8500/10000  dev acc=0.372  (best 0.372, bad 0/0)
      [sid z_L] step 8750/10000  dev acc=0.380  (best 0.380, bad 0/0)
      [sid z_L] step 9000/10000  dev acc=0.352  (best 0.380, bad 1/0)
      [sid z_L] step 9250/10000  dev acc=0.376  (best 0.380, bad 2/0)
      [sid z_L] step 9500/10000  dev acc=0.368  (best 0.380, bad 3/0)
      [sid z_L] step 9750/10000  dev acc=0.372  (best 0.380, bad 4/0)
      [sid z_L] step 10000/10000  dev acc=0.382  (best 0.382, bad 0/0)
    z_L -> SID              acc test=0.418  (val 0.382)

==================================================================
  DIAGNOSTIC PROBE RESULTS - diag_job2_statsgrl_clip_gp02_final12000_zL_sid_noearly_seed123
==================================================================
  Source       PR (PER↓)    SID (acc↑)
  --------  ------------  ------------
  z_L                nan         0.418
==================================================================

finished         : Thu 25 Jun 01:36:31 BST 2026
