[diag_probe] run=diag_libri_advlearn_hardqfreeze5000_dann10200_gn00015_gp02_aux64_12k_s42_sid_linear_seed42  device=cuda
[diag_probe] seed=42
[diag_probe] stage1_ckpt=/scratch/bbg25/runs/libri_advlearn_hardqfreeze5000_dann10200_gn00015_gp02_aux64_12k_s42/checkpoints/stage2_step12000.pt
[diag_probe] stage2_ckpt=/scratch/bbg25/runs/libri_advlearn_hardqfreeze5000_dann10200_gn00015_gp02_aux64_12k_s42/checkpoints/stage2_step12000.pt
[diag_probe] sources=['z_t', 'z_L', 'z_P']  tasks=['sid']
[diag_probe] probe_steps=5000  pr_lr=0.0005  asr_lr=0.0005  sid_lr=0.001  pr_warmup=500  asr_warmup=500  other_warmup=0  val_every=250  patience=10
[diag_probe] PR task not requested — skipping PR dataloaders.
[diag_probe] ASR task not requested — skipping ASR dataloaders.
[dis_data] loaded lexicon: 200,000 entries
[dis_data] loading train-clean-100 …
[dis_data]  251 speakers
[dis_data]  train=27539  val=500  test=500  vocab=74  speakers=251
[diag_probe] topk confirmed: 256
[train] loaded 6 SAE tensors from /scratch/bbg25/runs/libri_advlearn_hardqfreeze5000_dann10200_gn00015_gp02_aux64_12k_s42/checkpoints/stage2_step12000.pt  (step=12000  val=0.2321)
[diag_probe] learned-route TopK loaded: quotas=[226, 30, 0]
[diag_probe] loaded stage2 weights from /scratch/bbg25/runs/libri_advlearn_hardqfreeze5000_dann10200_gn00015_gp02_aux64_12k_s42/checkpoints/stage2_step12000.pt

[diag_probe] speakers=251  pr_vocab=74  asr_vocab=n/a  D=1280  K=5120
[diag_probe] PR: skipped
[diag_probe] ASR: skipped
[diag_probe] SID: closed-set utterance split (val/test held out); probe arch=linear
[diag_probe] reported metric = TEST (val shown in parentheses)

  training probe: z_t -> SID ...
[dis_data] g2p_en loaded for OOV words
      [sid z_t] step 250/5000  train loss=3.730 acc=0.250  dev loss=3.457 acc=0.326  (best 0.326, bad 0/10)
      [sid z_t] step 500/5000  train loss=1.321 acc=0.750  dev loss=1.222 acc=0.732  (best 0.732, bad 0/10)
      [sid z_t] step 750/5000  train loss=0.359 acc=0.938  dev loss=0.249 acc=0.976  (best 0.976, bad 0/10)
      [sid z_t] step 1000/5000  train loss=0.152 acc=1.000  dev loss=0.196 acc=0.958  (best 0.976, bad 1/10)
      [sid z_t] step 1250/5000  train loss=0.055 acc=1.000  dev loss=0.089 acc=0.976  (best 0.976, bad 2/10)
      [sid z_t] step 1500/5000  train loss=0.019 acc=1.000  dev loss=0.089 acc=0.976  (best 0.976, bad 3/10)
      [sid z_t] step 1750/5000  train loss=0.041 acc=1.000  dev loss=0.050 acc=0.984  (best 0.984, bad 0/10)
      [sid z_t] step 2000/5000  train loss=0.008 acc=1.000  dev loss=0.012 acc=1.000  (best 1.000, bad 0/10)
      [sid z_t] step 2250/5000  train loss=0.019 acc=1.000  dev loss=0.038 acc=0.990  (best 1.000, bad 1/10)
      [sid z_t] step 2500/5000  train loss=0.001 acc=1.000  dev loss=0.014 acc=0.998  (best 1.000, bad 2/10)
      [sid z_t] step 2750/5000  train loss=0.042 acc=1.000  dev loss=0.016 acc=0.998  (best 1.000, bad 3/10)
      [sid z_t] step 3000/5000  train loss=0.070 acc=0.938  dev loss=0.006 acc=1.000  (best 1.000, bad 4/10)
      [sid z_t] step 3250/5000  train loss=0.001 acc=1.000  dev loss=0.006 acc=1.000  (best 1.000, bad 5/10)
      [sid z_t] step 3500/5000  train loss=0.001 acc=1.000  dev loss=0.003 acc=1.000  (best 1.000, bad 6/10)
      [sid z_t] step 3750/5000  train loss=0.002 acc=1.000  dev loss=0.001 acc=1.000  (best 1.000, bad 7/10)
      [sid z_t] step 4000/5000  train loss=0.000 acc=1.000  dev loss=0.001 acc=1.000  (best 1.000, bad 8/10)
      [sid z_t] step 4250/5000  train loss=0.000 acc=1.000  dev loss=0.007 acc=0.998  (best 1.000, bad 9/10)
      [sid z_t] step 4500/5000  train loss=0.001 acc=1.000  dev loss=0.001 acc=1.000  (best 1.000, bad 10/10)
    z_t -> SID              acc test=0.990  (val 1.000)
  training probe: z_L -> SID ...
      [sid z_L] step 250/5000  train loss=5.510 acc=0.000  dev loss=5.844 acc=0.006  (best 0.006, bad 0/10)
      [sid z_L] step 500/5000  train loss=5.532 acc=0.062  dev loss=5.669 acc=0.012  (best 0.012, bad 0/10)
      [sid z_L] step 750/5000  train loss=5.621 acc=0.000  dev loss=5.402 acc=0.038  (best 0.038, bad 0/10)
      [sid z_L] step 1000/5000  train loss=5.290 acc=0.062  dev loss=4.958 acc=0.060  (best 0.060, bad 0/10)
      [sid z_L] step 1250/5000  train loss=4.128 acc=0.188  dev loss=4.213 acc=0.104  (best 0.104, bad 0/10)
      [sid z_L] step 1500/5000  train loss=3.356 acc=0.438  dev loss=3.632 acc=0.242  (best 0.242, bad 0/10)
      [sid z_L] step 1750/5000  train loss=2.784 acc=0.438  dev loss=3.346 acc=0.270  (best 0.270, bad 0/10)
      [sid z_L] step 2000/5000  train loss=2.649 acc=0.562  dev loss=2.882 acc=0.328  (best 0.328, bad 0/10)
      [sid z_L] step 2250/5000  train loss=2.787 acc=0.500  dev loss=2.586 acc=0.436  (best 0.436, bad 0/10)
      [sid z_L] step 2500/5000  train loss=1.984 acc=0.750  dev loss=2.121 acc=0.556  (best 0.556, bad 0/10)
      [sid z_L] step 2750/5000  train loss=2.380 acc=0.562  dev loss=1.908 acc=0.588  (best 0.588, bad 0/10)
      [sid z_L] step 3000/5000  train loss=1.247 acc=0.750  dev loss=1.613 acc=0.686  (best 0.686, bad 0/10)
      [sid z_L] step 3250/5000  train loss=1.588 acc=0.688  dev loss=1.576 acc=0.672  (best 0.686, bad 1/10)
      [sid z_L] step 3500/5000  train loss=1.385 acc=0.875  dev loss=1.255 acc=0.770  (best 0.770, bad 0/10)
      [sid z_L] step 3750/5000  train loss=0.756 acc=0.875  dev loss=1.168 acc=0.806  (best 0.806, bad 0/10)
      [sid z_L] step 4000/5000  train loss=0.678 acc=0.938  dev loss=0.998 acc=0.858  (best 0.858, bad 0/10)
      [sid z_L] step 4250/5000  train loss=0.962 acc=0.812  dev loss=0.908 acc=0.886  (best 0.886, bad 0/10)
      [sid z_L] step 4500/5000  train loss=0.641 acc=0.938  dev loss=0.848 acc=0.886  (best 0.886, bad 1/10)
      [sid z_L] step 4750/5000  train loss=0.746 acc=0.875  dev loss=0.791 acc=0.912  (best 0.912, bad 0/10)
      [sid z_L] step 5000/5000  train loss=0.962 acc=0.875  dev loss=0.760 acc=0.906  (best 0.912, bad 1/10)
    z_L -> SID              acc test=0.920  (val 0.912)
  training probe: z_P -> SID ...
      [sid z_P] step 250/5000  train loss=1.438 acc=0.750  dev loss=1.658 acc=0.788  (best 0.788, bad 0/10)
      [sid z_P] step 500/5000  train loss=0.121 acc=1.000  dev loss=0.222 acc=0.976  (best 0.976, bad 0/10)
      [sid z_P] step 750/5000  train loss=0.026 acc=1.000  dev loss=0.054 acc=0.998  (best 0.998, bad 0/10)
      [sid z_P] step 1000/5000  train loss=0.044 acc=1.000  dev loss=0.029 acc=1.000  (best 1.000, bad 0/10)
      [sid z_P] step 1250/5000  train loss=0.009 acc=1.000  dev loss=0.020 acc=1.000  (best 1.000, bad 1/10)
      [sid z_P] step 1500/5000  train loss=0.010 acc=1.000  dev loss=0.016 acc=1.000  (best 1.000, bad 2/10)
      [sid z_P] step 1750/5000  train loss=0.009 acc=1.000  dev loss=0.010 acc=1.000  (best 1.000, bad 3/10)
      [sid z_P] step 2000/5000  train loss=0.002 acc=1.000  dev loss=0.011 acc=0.998  (best 1.000, bad 4/10)
      [sid z_P] step 2250/5000  train loss=0.006 acc=1.000  dev loss=0.008 acc=1.000  (best 1.000, bad 5/10)
      [sid z_P] step 2500/5000  train loss=0.003 acc=1.000  dev loss=0.009 acc=1.000  (best 1.000, bad 6/10)
      [sid z_P] step 2750/5000  train loss=0.001 acc=1.000  dev loss=0.005 acc=1.000  (best 1.000, bad 7/10)
      [sid z_P] step 3000/5000  train loss=0.001 acc=1.000  dev loss=0.005 acc=1.000  (best 1.000, bad 8/10)
      [sid z_P] step 3250/5000  train loss=0.002 acc=1.000  dev loss=0.004 acc=1.000  (best 1.000, bad 9/10)
      [sid z_P] step 3500/5000  train loss=0.019 acc=1.000  dev loss=0.004 acc=1.000  (best 1.000, bad 10/10)
    z_P -> SID              acc test=0.998  (val 1.000)

==================================================================
  DIAGNOSTIC PROBE RESULTS - diag_libri_advlearn_hardqfreeze5000_dann10200_gn00015_gp02_aux64_12k_s42_sid_linear_seed42
==================================================================
  Source       PR (PER↓)    SID (acc↑)
  --------  ------------  ------------
  z_t                nan         0.990
  z_L                nan         0.920
  z_P                nan         0.998
==================================================================

