=== Projection final-checkpoint diagnostic probe ===
Job ID            : 30341972
Node              : gpu-q-17
GPU               : NVIDIA A100-SXM4-80GB
Started           : Wed Jun 10 14:17:09 BST 2026
model             : projection_dual_grl_gp002_d128
run_name          : diag_probe_projection_dual_grl_gp002_d128_step8000_zLP
stage1_ckpt       : /rds/user/bbg25/hpc-work/Thesis/Final-Proj/Disentanglement/checkpoints/best.pt
stage2_ckpt       : /rds/user/bbg25/hpc-work/Thesis/Final-Proj/Disentanglement/checkpoints/projection_dual_grl_gp002_d128/stage2_step8000.pt
sources           : z_L,z_P
tasks             : pr,sid
seed              : 42
probe_steps       : 2000
pr_probe_lr       : 5e-4
sid_probe_lr      : 1e-3
warmup_steps      : 0
pr_max_examples   : 0
[diag_probe] run=diag_probe_projection_dual_grl_gp002_d128_step8000_zLP  device=cuda
[diag_probe] seed=42
[diag_probe] stage1_ckpt=/rds/user/bbg25/hpc-work/Thesis/Final-Proj/Disentanglement/checkpoints/best.pt
[diag_probe] stage2_ckpt=/rds/user/bbg25/hpc-work/Thesis/Final-Proj/Disentanglement/checkpoints/projection_dual_grl_gp002_d128/stage2_step8000.pt
[diag_probe] sources=['z_L', 'z_P']  tasks=['pr', 'sid']
[diag_probe] probe_steps=2000  pr_lr=0.0005  sid_lr=0.001  warmup=0
[pr_data] loaded LibriSpeech lexicon: 200,000 entries
[pr_data] loading train-clean-100 …
[pr_data] loading dev-clean …
[pr_data] loading test-clean …
[pr_data]  train=28539  val=2703  test=2620  vocab_size=74
[dis_data] loaded lexicon: 200,000 entries
[dis_data] loading train-clean-100 …
[dis_data]  251 speakers
[dis_data]  train=28039  val=500  vocab=41  speakers=251
[diag_probe] projection_disentanglement enabled from checkpoint
[train] WARNING: unexpected missing SAE keys: ['pr_grl_head.fc.weight', 'pr_grl_head.fc.bias']
[train] loaded 3 SAE tensors from /rds/user/bbg25/hpc-work/Thesis/Final-Proj/Disentanglement/checkpoints/best.pt  (step=6000  val=0.0049)
[diag_probe] loaded stage2 weights from /rds/user/bbg25/hpc-work/Thesis/Final-Proj/Disentanglement/checkpoints/projection_dual_grl_gp002_d128/stage2_step8000.pt

[diag_probe] speakers=251  pr_vocab=74  D=1280  K=5120
[diag_probe] PR: SUPERB phone data/head, dev-clean diagnostic eval
[diag_probe] SID: LibriSpeech diagnostic split, SUPERB-style SID head

  training probe: z_L -> PR ...
[pr_data] g2p_en loaded for OOV words
    z_L -> PR               PER=0.974
  training probe: z_L -> SID ...
[dis_data] g2p_en loaded for OOV words
    z_L -> SID              acc=0.734
  training probe: z_P -> PR ...
    z_P -> PR               PER=0.969
  training probe: z_P -> SID ...
    z_P -> SID              acc=0.840

==================================================================
  DIAGNOSTIC PROBE RESULTS - diag_probe_projection_dual_grl_gp002_d128_step8000_zLP
==================================================================
  Source       PR (PER↓)    SID (acc↑)
  --------  ------------  ------------
  z_L              0.974         0.734
  z_P              0.969         0.840
==================================================================

Finished          : Wed Jun 10 15:01:38 BST 2026
