=== scaled experiment 2: routed_soft ===  Mon Jun 15 19:17:48 BST 2026
GPU NVIDIA A100-SXM4-80GB
partition: --n_routes 3 --no-hard_gumbel_routing --gumbel_tau_start 1.0 --gumbel_tau_end 0.5 --routing_init_std 0.5 --routing_spec_weight 0.0 --lr_routing 1e-3   rho=0.01
=== Disentanglement  stage=2
=== device=cuda  bf16=True
=== K=16384  topk=64  D=1280
=== steps=26000  α=0.8  β=0.6  grl=0.7  ρ=0.01
[dis_data] loaded lexicon: 200,000 entries
[dis_data] loading train-clean-100 …
[dis_data]  921 speakers
[dis_data]  train=103014  val=500  test=500  vocab=74  speakers=921
[train] stage2_from_scratch=True — SAE/routing/heads start from initialization
[stage 2] frozen=596,973,362  trainable=75,586,217  device=cuda
[stage 2] speakers=921  vocab=74
[stage 2] α=0.8  β=0.6  grl=0.7  ρ=0.01  grl_p=0.7  spear_ln=True  dann_full_disc=True
[stage 2] steps=26000  batch=16
[dis_data] g2p_en loaded for OOV words
[stage 2] b_pre ← geometric median of a data sample
[stage 2] AuxK on: aux_k=512  coef=0.03125  dead_thresh=256  renorm_dec=True
[stage 2] z_U adversaries on: grl_u=0.5  grl_p_u=0.5
  step      1/26000  recon=0.2992  pr=17.7171  sid=6.8242  grl=6.8438  grl_p=17.6577  grlU=6.836/17.764  aux=0.0000  dead=0.0%  L/P/U=5506/5417/5461  actL/P/U=21/21/21  H=1.099  Hu=1.025  spec<.5=0.00  marg=0.161  lstd=0.4982  lr=2.00e-07
  step    100/26000  recon=0.2923  pr=18.1977  sid=6.8203  grl=6.8027  grl_p=3.6133  grlU=6.793/3.611  aux=0.0000  dead=0.0%  L/P/U=5550/5384/5450  actL/P/U=21/21/22  H=1.099  Hu=1.025  spec<.5=0.00  marg=0.161  lstd=0.4982  lr=2.00e-05
  step    200/26000  recon=0.2780  pr=17.3148  sid=6.8223  grl=6.8633  grl_p=1.1432  grlU=6.850/1.101  aux=0.0000  dead=0.0%  L/P/U=5959/5165/5260  actL/P/U=23/20/21  H=1.098  Hu=1.025  spec<.5=0.00  marg=0.162  lstd=0.4993  lr=4.00e-05
  step    300/26000  recon=0.2876  pr=18.5497  sid=6.8047  grl=6.7637  grl_p=0.8387  grlU=6.756/0.852  aux=0.0000  dead=0.0%  L/P/U=6499/4906/4979  actL/P/U=27/18/19  H=1.098  Hu=1.023  spec<.5=0.00  marg=0.164  lstd=0.5023  lr=6.00e-05
  step    400/26000  recon=0.3117  pr=15.9861  sid=6.8145  grl=6.6855  grl_p=0.7600  grlU=6.691/0.801  aux=0.0000  dead=0.0%  L/P/U=7081/4618/4685  actL/P/U=34/15/16  H=1.096  Hu=1.021  spec<.5=0.00  marg=0.169  lstd=0.5083  lr=8.00e-05
  [grad_norms @500]
    recon             |g|=0.09420  ratio=1.000x recon
    pr_raw            |g|=98.15339  ratio=1041.926x recon
    pr_weighted       |g|=78.52271  ratio=833.541x recon
    sid_raw           |g|=0.37555  ratio=3.987x recon
    sid_weighted      |g|=0.22533  ratio=2.392x recon
    grl               |g|=0.26993  ratio=2.865x recon
    grl_p             |g|=0.45044  ratio=4.782x recon
    route             |g|=0.00000  ratio=0.000x recon
  step    500/26000  recon=0.3905  pr=13.8028  sid=6.7910  grl=5.8057  grl_p=0.7960  grlU=6.037/0.788  aux=0.0000  dead=0.0%  L/P/U=7569/4398/4417  actL/P/U=44/9/11  H=1.094  Hu=1.016  spec<.5=0.00  marg=0.177  lstd=0.5196  lr=1.00e-04
  step    600/26000  recon=0.5228  pr=4.5619  sid=6.8008  grl=5.7275  grl_p=1.1068  grlU=6.254/1.160  aux=0.0000  dead=0.0%  L/P/U=7890/4260/4234  actL/P/U=57/3/4  H=1.091  Hu=1.008  spec<.5=0.00  marg=0.189  lstd=0.5365  lr=1.00e-04
  step    700/26000  recon=0.5441  pr=3.6894  sid=6.7422  grl=6.7734  grl_p=2.5356  grlU=6.715/2.600  aux=0.0000  dead=0.0%  L/P/U=8012/4230/4142  actL/P/U=60/2/2  H=1.090  Hu=1.002  spec<.5=0.00  marg=0.196  lstd=0.5485  lr=1.00e-04
  step    800/26000  recon=0.5780  pr=3.0921  sid=6.8203  grl=6.7676  grl_p=2.4661  grlU=6.635/2.391  aux=0.0000  dead=0.5%  L/P/U=8128/4219/4037  actL/P/U=60/2/2  H=1.088  Hu=0.998  spec<.5=0.00  marg=0.202  lstd=0.5586  lr=1.00e-04
  step    900/26000  recon=0.5798  pr=1.8874  sid=6.7402  grl=6.4980  grl_p=1.8780  grlU=6.635/1.932  aux=0.0000  dead=2.6%  L/P/U=8299/4199/3886  actL/P/U=61/1/1  H=1.086  Hu=0.991  spec<.5=0.01  marg=0.210  lstd=0.5747  lr=9.99e-05
  [grad_norms @1000]
    recon             |g|=0.12761  ratio=1.000x recon
    pr_raw            |g|=0.91527  ratio=7.172x recon
    pr_weighted       |g|=0.73221  ratio=5.738x recon
    sid_raw           |g|=1.35930  ratio=10.652x recon
    sid_weighted      |g|=0.81558  ratio=6.391x recon
    grl               |g|=0.38133  ratio=2.988x recon
    grl_p             |g|=0.73217  ratio=5.738x recon
    route             |g|=0.00000  ratio=0.000x recon
  step   1000/26000  recon=0.5905  pr=1.2770  sid=6.7598  grl=6.1963  grl_p=1.7050  grlU=6.645/1.519  aux=0.0000  dead=2.0%  L/P/U=8338/4224/3822  actL/P/U=60/2/2  H=1.085  Hu=0.986  spec<.5=0.02  marg=0.215  lstd=0.5882  lr=9.99e-05
  [val] step=1000  recon=0.5886  pr=1.2029  PER=0.526  sid_acc=0.006
  ✓ best checkpoint (disent=1.5201  PER=0.526 sid=0.006) → /rds/user/bbg25/hpc-work/Thesis/Final-Proj/Disentanglement/checkpoints/scaled_routed_soft/stage2_best.pt
  step   1100/26000  recon=0.5945  pr=0.9955  sid=6.7422  grl=6.6797  grl_p=1.4613  grlU=6.574/1.341  aux=0.0000  dead=0.9%  L/P/U=8300/4277/3807  actL/P/U=59/2/2  H=1.085  Hu=0.983  spec<.5=0.02  marg=0.217  lstd=0.5977  lr=9.99e-05
  step   1200/26000  recon=0.6087  pr=0.9001  sid=6.7227  grl=6.5273  grl_p=1.5290  grlU=6.553/1.543  aux=0.0000  dead=0.3%  L/P/U=8240/4370/3774  actL/P/U=58/3/3  H=1.085  Hu=0.981  spec<.5=0.03  marg=0.219  lstd=0.6048  lr=9.98e-05
  step   1300/26000  recon=0.6101  pr=0.7635  sid=6.7227  grl=6.3496  grl_p=1.7538  grlU=6.570/1.373  aux=0.0000  dead=0.1%  L/P/U=8153/4479/3752  actL/P/U=58/3/3  H=1.085  Hu=0.980  spec<.5=0.03  marg=0.220  lstd=0.6102  lr=9.98e-05
  step   1400/26000  recon=0.6180  pr=0.7400  sid=6.6953  grl=6.8027  grl_p=1.6828  grlU=6.787/1.631  aux=0.0000  dead=0.0%  L/P/U=8074/4581/3729  actL/P/U=57/4/3  H=1.086  Hu=0.979  spec<.5=0.03  marg=0.220  lstd=0.6146  lr=9.97e-05
  [grad_norms @1500]
    recon             |g|=0.15464  ratio=1.000x recon
    pr_raw            |g|=1.06789  ratio=6.906x recon
    pr_weighted       |g|=0.85431  ratio=5.525x recon
    sid_raw           |g|=1.15840  ratio=7.491x recon
    sid_weighted      |g|=0.69504  ratio=4.495x recon
    grl               |g|=0.85260  ratio=5.514x recon
    grl_p             |g|=2.72210  ratio=17.603x recon
    route             |g|=0.00000  ratio=0.000x recon
  step   1500/26000  recon=0.6106  pr=0.6783  sid=6.7949  grl=6.5449  grl_p=1.7168  grlU=6.691/1.737  aux=0.0000  dead=0.0%  L/P/U=7990/4686/3708  actL/P/U=57/4/3  H=1.086  Hu=0.979  spec<.5=0.03  marg=0.221  lstd=0.6179  lr=9.96e-05
  step   1600/26000  recon=0.6079  pr=0.7173  sid=6.6953  grl=6.6250  grl_p=2.1720  grlU=6.967/2.009  aux=0.0000  dead=0.0%  L/P/U=7906/4780/3698  actL/P/U=57/4/3  H=1.087  Hu=0.978  spec<.5=0.03  marg=0.221  lstd=0.6206  lr=9.95e-05
  step   1700/26000  recon=0.6132  pr=0.6993  sid=6.7148  grl=6.8789  grl_p=2.4131  grlU=6.676/1.912  aux=0.0000  dead=0.0%  L/P/U=7816/4877/3691  actL/P/U=57/4/2  H=1.087  Hu=0.978  spec<.5=0.03  marg=0.221  lstd=0.6229  lr=9.95e-05
  step   1800/26000  recon=0.6304  pr=0.7195  sid=6.6348  grl=6.5703  grl_p=2.5551  grlU=6.494/2.538  aux=0.0000  dead=0.0%  L/P/U=7751/4960/3673  actL/P/U=58/4/2  H=1.087  Hu=0.978  spec<.5=0.03  marg=0.221  lstd=0.6249  lr=9.94e-05
  step   1900/26000  recon=0.6431  pr=0.6659  sid=6.6855  grl=6.4570  grl_p=2.5734  grlU=6.719/2.402  aux=0.0000  dead=0.0%  L/P/U=7703/5004/3677  actL/P/U=58/4/2  H=1.088  Hu=0.977  spec<.5=0.03  marg=0.222  lstd=0.6266  lr=9.93e-05
  [grad_norms @2000]
    recon             |g|=0.21542  ratio=1.000x recon
    pr_raw            |g|=0.97373  ratio=4.520x recon
    pr_weighted       |g|=0.77899  ratio=3.616x recon
    sid_raw           |g|=1.56627  ratio=7.271x recon
    sid_weighted      |g|=0.93976  ratio=4.363x recon
    grl               |g|=2.15484  ratio=10.003x recon
    grl_p             |g|=11.74436  ratio=54.520x recon
    route             |g|=0.00000  ratio=0.000x recon
  step   2000/26000  recon=0.6513  pr=0.7332  sid=6.6367  grl=6.3965  grl_p=2.8419  grlU=6.717/2.605  aux=0.0000  dead=0.0%  L/P/U=7640/5084/3660  actL/P/U=57/4/2  H=1.088  Hu=0.977  spec<.5=0.03  marg=0.222  lstd=0.6282  lr=9.92e-05
  [val] step=2000  recon=0.6414  pr=0.6869  PER=0.216  sid_acc=0.012
  ✓ best checkpoint (disent=1.2042  PER=0.216 sid=0.012) → /rds/user/bbg25/hpc-work/Thesis/Final-Proj/Disentanglement/checkpoints/scaled_routed_soft/stage2_best.pt
  step   2100/26000  recon=0.6514  pr=0.7581  sid=6.7715  grl=6.1738  grl_p=2.8485  grlU=6.545/3.604  aux=0.0000  dead=0.0%  L/P/U=7613/5138/3633  actL/P/U=57/4/3  H=1.088  Hu=0.977  spec<.5=0.03  marg=0.222  lstd=0.6297  lr=9.90e-05
  step   2200/26000  recon=0.6696  pr=0.6290  sid=6.6465  grl=7.0039  grl_p=3.0045  grlU=6.902/3.246  aux=0.0000  dead=0.0%  L/P/U=7564/5211/3609  actL/P/U=57/4/2  H=1.088  Hu=0.977  spec<.5=0.03  marg=0.223  lstd=0.6312  lr=9.89e-05
  step   2300/26000  recon=0.6698  pr=0.7781  sid=6.6992  grl=5.9824  grl_p=3.2830  grlU=6.510/3.327  aux=0.0000  dead=0.0%  L/P/U=7530/5264/3590  actL/P/U=58/4/2  H=1.088  Hu=0.976  spec<.5=0.03  marg=0.223  lstd=0.6326  lr=9.88e-05
  step   2400/26000  recon=0.6719  pr=0.6497  sid=6.7090  grl=6.6328  grl_p=3.0514  grlU=6.855/3.113  aux=0.0000  dead=0.0%  L/P/U=7512/5300/3572  actL/P/U=59/3/2  H=1.088  Hu=0.976  spec<.5=0.03  marg=0.224  lstd=0.6339  lr=9.87e-05
  [grad_norms @2500]
    recon             |g|=0.23962  ratio=1.000x recon
    pr_raw            |g|=0.70823  ratio=2.956x recon
    pr_weighted       |g|=0.56658  ratio=2.365x recon
    sid_raw           |g|=2.02846  ratio=8.465x recon
    sid_weighted      |g|=1.21708  ratio=5.079x recon
    grl               |g|=3.94593  ratio=16.468x recon
    grl_p             |g|=6.53368  ratio=27.267x recon
    route             |g|=0.00000  ratio=0.000x recon
  step   2500/26000  recon=0.6742  pr=0.7250  sid=6.7891  grl=6.5859  grl_p=3.0100  grlU=6.836/3.700  aux=0.0000  dead=0.0%  L/P/U=7459/5366/3559  actL/P/U=58/4/2  H=1.088  Hu=0.976  spec<.5=0.03  marg=0.224  lstd=0.6351  lr=9.85e-05
  step   2600/26000  recon=0.6887  pr=0.7200  sid=6.7383  grl=6.5156  grl_p=3.4560  grlU=6.557/4.045  aux=0.0000  dead=0.0%  L/P/U=7424/5427/3533  actL/P/U=58/4/2  H=1.088  Hu=0.975  spec<.5=0.03  marg=0.225  lstd=0.6365  lr=9.84e-05
  step   2700/26000  recon=0.7038  pr=0.7923  sid=6.6875  grl=6.4121  grl_p=3.2982  grlU=6.572/2.936  aux=0.0000  dead=0.0%  L/P/U=7389/5476/3519  actL/P/U=58/4/2  H=1.088  Hu=0.975  spec<.5=0.03  marg=0.225  lstd=0.6378  lr=9.82e-05
