=== scaled experiment 0: preact_fixed ===  Mon Jun 15 19:17:48 BST 2026
GPU NVIDIA A100-SXM4-80GB
partition: --fixed_blocks --no-per_block_topk --K_L 5462 --K_P 5461 --K_U 5461   rho=0.0
=== Disentanglement  stage=2
=== device=cuda  bf16=True
=== K=16384  topk=64  D=1280
=== steps=26000  α=0.8  β=0.6  grl=0.7  ρ=0.0
[dis_data] loaded lexicon: 200,000 entries
[dis_data] loading train-clean-100 …
[dis_data]  921 speakers
[dis_data]  train=103014  val=500  test=500  vocab=74  speakers=921
[train] stage2_from_scratch=True — SAE/routing/heads start from initialization
[stage 2] frozen=596,973,362  trainable=75,537,065  device=cuda
[stage 2] speakers=921  vocab=74
[stage 2] α=0.8  β=0.6  grl=0.7  ρ=0.0  grl_p=0.7  hard_gumbel=True  spear_ln=True  dann_full_disc=True
[stage 2] steps=26000  batch=16
[dis_data] g2p_en loaded for OOV words
[stage 2] b_pre ← geometric median of a data sample
[stage 2] AuxK on: aux_k=512  coef=0.03125  dead_thresh=256  renorm_dec=True
[stage 2] z_U adversaries on: grl_u=0.5  grl_p_u=0.5
  step      1/26000  recon=0.2992  pr=17.7185  sid=6.8203  grl=6.8438  grl_p=17.6536  grlU=6.836/17.762  aux=0.0000  dead=0.0%  L/P/U=5462/5461/5461  actL/P/U=22/21/21  H=nan  Hu=nan  spec<.5=nan  marg=nan  lstd=nan  lr=2.00e-07
  step    100/26000  recon=0.2931  pr=18.1712  sid=6.8203  grl=6.8027  grl_p=3.6046  grlU=6.793/3.591  aux=0.0000  dead=0.0%  L/P/U=5462/5461/5461  actL/P/U=19/20/24  H=nan  Hu=nan  spec<.5=nan  marg=nan  lstd=nan  lr=2.00e-05
  step    200/26000  recon=0.2839  pr=17.3457  sid=6.8203  grl=6.8398  grl_p=1.6662  grlU=6.852/1.205  aux=0.0000  dead=0.0%  L/P/U=5462/5461/5461  actL/P/U=18/15/31  H=nan  Hu=nan  spec<.5=nan  marg=nan  lstd=nan  lr=4.00e-05
  step    300/26000  recon=0.3033  pr=17.9603  sid=6.8047  grl=6.7988  grl_p=1.5900  grlU=6.695/2.417  aux=0.0000  dead=0.0%  L/P/U=5462/5461/5461  actL/P/U=25/16/23  H=nan  Hu=nan  spec<.5=nan  marg=nan  lstd=nan  lr=6.00e-05
  step    400/26000  recon=0.3279  pr=12.3046  sid=6.8184  grl=6.7988  grl_p=2.2728  grlU=6.412/3.175  aux=0.0000  dead=0.0%  L/P/U=5462/5461/5461  actL/P/U=40/7/17  H=nan  Hu=nan  spec<.5=nan  marg=nan  lstd=nan  lr=8.00e-05
  [grad_norms @500]
    recon             |g|=0.11129  ratio=1.000x recon
    pr_raw            |g|=53.35331  ratio=479.425x recon
    pr_weighted       |g|=42.68265  ratio=383.540x recon
    sid_raw           |g|=0.46493  ratio=4.178x recon
    sid_weighted      |g|=0.27896  ratio=2.507x recon
    grl               |g|=0.18905  ratio=1.699x recon
    grl_p             |g|=1.13476  ratio=10.197x recon
    route             |g|=0.00000  ratio=0.000x recon
  step    500/26000  recon=0.3958  pr=5.7482  sid=6.8203  grl=6.0605  grl_p=3.4546  grlU=5.518/3.517  aux=0.0000  dead=0.0%  L/P/U=5462/5461/5461  actL/P/U=54/1/9  H=nan  Hu=nan  spec<.5=nan  marg=nan  lstd=nan  lr=1.00e-04
  step    600/26000  recon=0.4262  pr=3.6407  sid=6.8242  grl=6.2725  grl_p=3.5970  grlU=6.738/3.598  aux=0.0000  dead=0.0%  L/P/U=5462/5461/5461  actL/P/U=59/1/4  H=nan  Hu=nan  spec<.5=nan  marg=nan  lstd=nan  lr=1.00e-04
  step    700/26000  recon=0.4505  pr=2.1085  sid=6.8145  grl=6.5078  grl_p=3.6142  grlU=6.668/3.583  aux=0.0000  dead=0.0%  L/P/U=5462/5461/5461  actL/P/U=60/1/2  H=nan  Hu=nan  spec<.5=nan  marg=nan  lstd=nan  lr=1.00e-04
  step    800/26000  recon=0.4993  pr=1.1182  sid=6.8164  grl=6.5156  grl_p=3.6867  grlU=6.738/3.653  aux=0.0000  dead=0.6%  L/P/U=5462/5461/5461  actL/P/U=60/2/2  H=nan  Hu=nan  spec<.5=nan  marg=nan  lstd=nan  lr=1.00e-04
  step    900/26000  recon=0.5342  pr=0.8544  sid=6.8027  grl=6.3066  grl_p=3.6251  grlU=6.434/3.586  aux=0.0000  dead=2.4%  L/P/U=5462/5461/5461  actL/P/U=58/3/3  H=nan  Hu=nan  spec<.5=nan  marg=nan  lstd=nan  lr=9.99e-05
  [grad_norms @1000]
    recon             |g|=0.10709  ratio=1.000x recon
    pr_raw            |g|=0.70655  ratio=6.598x recon
    pr_weighted       |g|=0.56524  ratio=5.278x recon
    sid_raw           |g|=1.79974  ratio=16.807x recon
    sid_weighted      |g|=1.07984  ratio=10.084x recon
    grl               |g|=0.49659  ratio=4.637x recon
    grl_p             |g|=4.77395  ratio=44.581x recon
    route             |g|=0.00000  ratio=0.000x recon
  step   1000/26000  recon=0.5727  pr=0.8198  sid=6.8008  grl=6.2344  grl_p=3.7109  grlU=6.416/3.591  aux=0.6720  dead=3.7%  L/P/U=5462/5461/5461  actL/P/U=57/3/5  H=nan  Hu=nan  spec<.5=nan  marg=nan  lstd=nan  lr=9.99e-05
  [val] step=1000  recon=0.5713  pr=0.7484  PER=0.201  sid_acc=0.004
  ✓ best checkpoint (disent=1.1967  PER=0.201 sid=0.004) → /rds/user/bbg25/hpc-work/Thesis/Final-Proj/Disentanglement/checkpoints/scaled_preact_fixed/stage2_best.pt
  step   1100/26000  recon=0.6040  pr=0.7048  sid=6.7695  grl=6.3682  grl_p=3.6538  grlU=6.206/3.187  aux=0.6783  dead=4.2%  L/P/U=5462/5461/5461  actL/P/U=57/3/4  H=nan  Hu=nan  spec<.5=nan  marg=nan  lstd=nan  lr=9.99e-05
  step   1200/26000  recon=0.6126  pr=0.5954  sid=6.8008  grl=6.5977  grl_p=3.4232  grlU=6.383/3.504  aux=0.6843  dead=4.5%  L/P/U=5462/5461/5461  actL/P/U=59/3/2  H=nan  Hu=nan  spec<.5=nan  marg=nan  lstd=nan  lr=9.98e-05
  step   1300/26000  recon=0.6047  pr=0.4868  sid=6.7617  grl=6.2676  grl_p=3.2954  grlU=6.434/3.489  aux=0.6702  dead=4.4%  L/P/U=5462/5461/5461  actL/P/U=61/2/1  H=nan  Hu=nan  spec<.5=nan  marg=nan  lstd=nan  lr=9.98e-05
  step   1400/26000  recon=0.6123  pr=0.4948  sid=6.7695  grl=6.6113  grl_p=3.4800  grlU=6.516/3.514  aux=0.6828  dead=4.1%  L/P/U=5462/5461/5461  actL/P/U=61/2/2  H=nan  Hu=nan  spec<.5=nan  marg=nan  lstd=nan  lr=9.97e-05
  [grad_norms @1500]
    recon             |g|=0.12419  ratio=1.000x recon
    pr_raw            |g|=0.53564  ratio=4.313x recon
    pr_weighted       |g|=0.42851  ratio=3.450x recon
    sid_raw           |g|=1.46646  ratio=11.808x recon
    sid_weighted      |g|=0.87988  ratio=7.085x recon
    grl               |g|=0.93686  ratio=7.544x recon
    grl_p             |g|=2.53001  ratio=20.372x recon
    route             |g|=0.00000  ratio=0.000x recon
  step   1500/26000  recon=0.6302  pr=0.4570  sid=6.7070  grl=6.3652  grl_p=3.4539  grlU=6.471/3.493  aux=0.7267  dead=4.3%  L/P/U=5462/5461/5461  actL/P/U=59/3/1  H=nan  Hu=nan  spec<.5=nan  marg=nan  lstd=nan  lr=9.96e-05
  step   1600/26000  recon=0.6305  pr=0.4671  sid=6.6660  grl=6.4629  grl_p=3.4857  grlU=6.428/3.482  aux=0.7367  dead=4.3%  L/P/U=5462/5461/5461  actL/P/U=58/3/2  H=nan  Hu=nan  spec<.5=nan  marg=nan  lstd=nan  lr=9.95e-05
  step   1700/26000  recon=0.6589  pr=0.4880  sid=6.6719  grl=6.6055  grl_p=3.4751  grlU=6.051/3.435  aux=0.7861  dead=4.2%  L/P/U=5462/5461/5461  actL/P/U=57/3/4  H=nan  Hu=nan  spec<.5=nan  marg=nan  lstd=nan  lr=9.95e-05
  step   1800/26000  recon=0.6853  pr=0.4634  sid=6.5410  grl=6.1084  grl_p=3.5392  grlU=5.891/3.484  aux=0.8265  dead=4.1%  L/P/U=5462/5461/5461  actL/P/U=57/4/3  H=nan  Hu=nan  spec<.5=nan  marg=nan  lstd=nan  lr=9.94e-05
  step   1900/26000  recon=0.6824  pr=0.4062  sid=6.5176  grl=6.2070  grl_p=3.4227  grlU=6.049/3.381  aux=0.8400  dead=4.0%  L/P/U=5462/5461/5461  actL/P/U=57/4/3  H=nan  Hu=nan  spec<.5=nan  marg=nan  lstd=nan  lr=9.93e-05
  [grad_norms @2000]
    recon             |g|=0.15904  ratio=1.000x recon
    pr_raw            |g|=0.38130  ratio=2.397x recon
    pr_weighted       |g|=0.30504  ratio=1.918x recon
    sid_raw           |g|=2.12211  ratio=13.343x recon
    sid_weighted      |g|=1.27327  ratio=8.006x recon
    grl               |g|=1.49714  ratio=9.413x recon
    grl_p             |g|=13.77051  ratio=86.583x recon
    route             |g|=0.00000  ratio=0.000x recon
  step   2000/26000  recon=0.7002  pr=0.4582  sid=6.5645  grl=6.1006  grl_p=3.4264  grlU=6.392/3.430  aux=0.8827  dead=4.2%  L/P/U=5462/5461/5461  actL/P/U=57/4/3  H=nan  Hu=nan  spec<.5=nan  marg=nan  lstd=nan  lr=9.92e-05
  [val] step=2000  recon=0.6955  pr=0.4762  PER=0.117  sid_acc=0.038
  ✓ best checkpoint (disent=1.0789  PER=0.117 sid=0.038) → /rds/user/bbg25/hpc-work/Thesis/Final-Proj/Disentanglement/checkpoints/scaled_preact_fixed/stage2_best.pt
  step   2100/26000  recon=0.7022  pr=0.4748  sid=6.3809  grl=5.9102  grl_p=3.4451  grlU=6.264/3.435  aux=0.8981  dead=4.3%  L/P/U=5462/5461/5461  actL/P/U=57/4/3  H=nan  Hu=nan  spec<.5=nan  marg=nan  lstd=nan  lr=9.90e-05
  step   2200/26000  recon=0.7131  pr=0.3564  sid=6.4922  grl=6.1445  grl_p=3.5331  grlU=6.705/3.509  aux=0.9718  dead=3.7%  L/P/U=5462/5461/5461  actL/P/U=58/3/3  H=nan  Hu=nan  spec<.5=nan  marg=nan  lstd=nan  lr=9.89e-05
  step   2300/26000  recon=0.7021  pr=0.4416  sid=6.4395  grl=5.6904  grl_p=3.5367  grlU=6.158/3.483  aux=1.0138  dead=3.6%  L/P/U=5462/5461/5461  actL/P/U=59/3/2  H=nan  Hu=nan  spec<.5=nan  marg=nan  lstd=nan  lr=9.88e-05
  step   2400/26000  recon=0.6962  pr=0.3616  sid=6.4746  grl=6.1230  grl_p=3.4475  grlU=6.604/3.459  aux=1.1072  dead=3.3%  L/P/U=5462/5461/5461  actL/P/U=60/3/2  H=nan  Hu=nan  spec<.5=nan  marg=nan  lstd=nan  lr=9.87e-05
  [grad_norms @2500]
    recon             |g|=0.16322  ratio=1.000x recon
    pr_raw            |g|=0.70362  ratio=4.311x recon
    pr_weighted       |g|=0.56290  ratio=3.449x recon
    sid_raw           |g|=2.71237  ratio=16.618x recon
    sid_weighted      |g|=1.62742  ratio=9.971x recon
    grl               |g|=2.39156  ratio=14.653x recon
    grl_p             |g|=50.09581  ratio=306.928x recon
    route             |g|=0.00000  ratio=0.000x recon
  step   2500/26000  recon=0.7090  pr=0.4315  sid=6.4023  grl=6.0410  grl_p=3.4515  grlU=6.754/3.433  aux=0.0000  dead=3.0%  L/P/U=5462/5461/5461  actL/P/U=59/4/2  H=nan  Hu=nan  spec<.5=nan  marg=nan  lstd=nan  lr=9.85e-05
  step   2600/26000  recon=0.7197  pr=0.4120  sid=6.3418  grl=5.6904  grl_p=3.4877  grlU=6.648/3.502  aux=0.0000  dead=2.7%  L/P/U=5462/5461/5461  actL/P/U=59/4/2  H=nan  Hu=nan  spec<.5=nan  marg=nan  lstd=nan  lr=9.84e-05
  step   2700/26000  recon=0.7299  pr=0.5661  sid=6.3242  grl=6.0625  grl_p=3.4847  grlU=6.816/3.502  aux=0.0000  dead=2.7%  L/P/U=5462/5461/5461  actL/P/U=59/3/1  H=nan  Hu=nan  spec<.5=nan  marg=nan  lstd=nan  lr=9.82e-05
