[diag_probe] run=diag_libri_advfb_prrecover_U24open_gn00025_gp02_aux64_12k_s42_z_L_pr_direct_seed42  device=cuda
[diag_probe] seed=42
[diag_probe] stage1_ckpt=/scratch/bbg25/runs/libri_advfb_prrecover_U24open_gn00025_gp02_aux64_12k_s42/checkpoints/stage2_step12000.pt
[diag_probe] stage2_ckpt=/scratch/bbg25/runs/libri_advfb_prrecover_U24open_gn00025_gp02_aux64_12k_s42/checkpoints/stage2_step12000.pt
[diag_probe] sources=['z_L']  tasks=['pr']
[diag_probe] probe_steps=5000  pr_lr=0.0005  sid_lr=0.001  pr_warmup=500  other_warmup=0  val_every=250  patience=5
[dis_data] loaded lexicon: 200,000 entries
[dis_data] loading PR train-clean-100 …
[dis_data] loading PR dev-clean …
[dis_data] loading PR test-clean …
[dis_data]  PR train=28539 val=2703 test=2620 vocab=74
[dis_data] loading train-clean-100 …
[dis_data]  251 speakers
[dis_data]  train=27539  val=500  test=500  vocab=74  speakers=251
[diag_probe] topk confirmed: 256
[train] WARNING: unexpected missing SAE keys: ['block_idx', 'block_m_L', 'block_m_P', 'block_m_U']
[train] loaded 3 SAE tensors from /scratch/bbg25/runs/libri_advfb_prrecover_U24open_gn00025_gp02_aux64_12k_s42/checkpoints/stage2_step12000.pt  (step=12000  val=0.1373)
[diag_probe] loaded stage2 weights from /scratch/bbg25/runs/libri_advfb_prrecover_U24open_gn00025_gp02_aux64_12k_s42/checkpoints/stage2_step12000.pt

[diag_probe] speakers=251  pr_vocab=74  D=1280  K=5120
[diag_probe] PR: stage-2-matched 74-phone targets — train-clean-100 → val=dev-clean, test=test-clean
[diag_probe] SID: closed-set utterance split (val/test held out); probe arch=linear
[diag_probe] reported metric = TEST (val shown in parentheses)

  training probe: z_L -> PR ...
[dis_data] g2p_en loaded for OOV words
      [pr z_L] step 250/5000  train loss=6.666  dev loss=6.733  dev PER=0.987  (best 0.987, bad 0/5)
      [pr z_L] step 500/5000  train loss=5.397  dev loss=6.660  dev PER=0.984  (best 0.984, bad 0/5)
      [pr z_L] step 750/5000  train loss=5.482  dev loss=6.537  dev PER=0.976  (best 0.976, bad 0/5)
      [pr z_L] step 1000/5000  train loss=5.338  dev loss=6.785  dev PER=0.850  (best 0.850, bad 0/5)
      [pr z_L] step 1250/5000  train loss=5.257  dev loss=6.538  dev PER=0.971  (best 0.850, bad 1/5)
      [pr z_L] step 1500/5000  train loss=5.264  dev loss=6.482  dev PER=0.958  (best 0.850, bad 2/5)
      [pr z_L] step 1750/5000  train loss=5.085  dev loss=6.343  dev PER=0.941  (best 0.850, bad 3/5)
      [pr z_L] step 2000/5000  train loss=5.033  dev loss=6.361  dev PER=0.903  (best 0.850, bad 4/5)
      [pr z_L] step 2250/5000  train loss=5.057  dev loss=6.445  dev PER=0.966  (best 0.850, bad 5/5)
    z_L -> PR               PER test=0.846  (val 0.850)

==================================================================
  DIAGNOSTIC PROBE RESULTS - diag_libri_advfb_prrecover_U24open_gn00025_gp02_aux64_12k_s42_z_L_pr_direct_seed42
==================================================================
  Source       PR (PER↓)    SID (acc↑)
  --------  ------------  ------------
  z_L              0.846           nan
==================================================================

