[diag_probe] run=diag_libri_advfb_prrecover_U24open_gn00025_gp02_aux64_12k_s42_z_U_pr_linear_seed42  device=cuda
[diag_probe] seed=42
[diag_probe] stage1_ckpt=/scratch/bbg25/runs/libri_advfb_prrecover_U24open_gn00025_gp02_aux64_12k_s42/checkpoints/stage2_step12000.pt
[diag_probe] stage2_ckpt=/scratch/bbg25/runs/libri_advfb_prrecover_U24open_gn00025_gp02_aux64_12k_s42/checkpoints/stage2_step12000.pt
[diag_probe] sources=['z_U']  tasks=['pr']
[diag_probe] probe_steps=5000  pr_lr=0.0005  sid_lr=0.001  pr_warmup=500  other_warmup=0  val_every=250  patience=5
[dis_data] loaded lexicon: 200,000 entries
[dis_data] loading PR train-clean-100 …
[dis_data] loading PR dev-clean …
[dis_data] loading PR test-clean …
[dis_data]  PR train=28539 val=2703 test=2620 vocab=74
[dis_data] loading train-clean-100 …
[dis_data]  251 speakers
[dis_data]  train=27539  val=500  test=500  vocab=74  speakers=251
[diag_probe] topk confirmed: 256
[train] WARNING: unexpected missing SAE keys: ['block_idx', 'block_m_L', 'block_m_P', 'block_m_U']
[train] loaded 3 SAE tensors from /scratch/bbg25/runs/libri_advfb_prrecover_U24open_gn00025_gp02_aux64_12k_s42/checkpoints/stage2_step12000.pt  (step=12000  val=0.1373)
[diag_probe] loaded stage2 weights from /scratch/bbg25/runs/libri_advfb_prrecover_U24open_gn00025_gp02_aux64_12k_s42/checkpoints/stage2_step12000.pt

[diag_probe] speakers=251  pr_vocab=74  D=1280  K=5120
[diag_probe] PR: stage-2-matched 74-phone targets — train-clean-100 → val=dev-clean, test=test-clean
[diag_probe] SID: closed-set utterance split (val/test held out); probe arch=linear
[diag_probe] reported metric = TEST (val shown in parentheses)

  training probe: z_U -> PR ...
[dis_data] g2p_en loaded for OOV words
      [pr z_U] step 250/5000  train loss=4.737  dev loss=1.159  dev PER=0.407  (best 0.407, bad 0/5)
      [pr z_U] step 500/5000  train loss=1.039  dev loss=0.989  dev PER=0.322  (best 0.322, bad 0/5)
      [pr z_U] step 750/5000  train loss=0.964  dev loss=0.956  dev PER=0.305  (best 0.305, bad 0/5)
      [pr z_U] step 1000/5000  train loss=0.955  dev loss=0.941  dev PER=0.288  (best 0.288, bad 0/5)
      [pr z_U] step 1250/5000  train loss=0.942  dev loss=0.932  dev PER=0.288  (best 0.288, bad 1/5)
      [pr z_U] step 1500/5000  train loss=0.934  dev loss=0.934  dev PER=0.297  (best 0.288, bad 2/5)
      [pr z_U] step 1750/5000  train loss=0.935  dev loss=0.930  dev PER=0.289  (best 0.288, bad 3/5)
      [pr z_U] step 2000/5000  train loss=0.916  dev loss=0.925  dev PER=0.279  (best 0.279, bad 0/5)
      [pr z_U] step 2250/5000  train loss=0.919  dev loss=0.923  dev PER=0.295  (best 0.279, bad 1/5)
      [pr z_U] step 2500/5000  train loss=0.917  dev loss=0.922  dev PER=0.285  (best 0.279, bad 2/5)
      [pr z_U] step 2750/5000  train loss=0.918  dev loss=0.916  dev PER=0.291  (best 0.279, bad 3/5)
      [pr z_U] step 3000/5000  train loss=0.918  dev loss=0.912  dev PER=0.280  (best 0.279, bad 4/5)
      [pr z_U] step 3250/5000  train loss=0.916  dev loss=0.909  dev PER=0.282  (best 0.279, bad 5/5)
    z_U -> PR               PER test=0.277  (val 0.279)

==================================================================
  DIAGNOSTIC PROBE RESULTS - diag_libri_advfb_prrecover_U24open_gn00025_gp02_aux64_12k_s42_z_U_pr_linear_seed42
==================================================================
  Source       PR (PER↓)    SID (acc↑)
  --------  ------------  ------------
  z_U              0.277           nan
==================================================================

