[diag_probe] run=diag_libri_advfb_prrecover_U24open_gn00025_gp02_aux64_12k_s42_z_L_pr_linear_seed42  device=cuda
[diag_probe] seed=42
[diag_probe] stage1_ckpt=/scratch/bbg25/runs/libri_advfb_prrecover_U24open_gn00025_gp02_aux64_12k_s42/checkpoints/stage2_step12000.pt
[diag_probe] stage2_ckpt=/scratch/bbg25/runs/libri_advfb_prrecover_U24open_gn00025_gp02_aux64_12k_s42/checkpoints/stage2_step12000.pt
[diag_probe] sources=['z_L']  tasks=['pr']
[diag_probe] probe_steps=5000  pr_lr=0.0005  sid_lr=0.001  pr_warmup=500  other_warmup=0  val_every=250  patience=5
[dis_data] loaded lexicon: 200,000 entries
[dis_data] loading PR train-clean-100 …
[dis_data] loading PR dev-clean …
[dis_data] loading PR test-clean …
[dis_data]  PR train=28539 val=2703 test=2620 vocab=74
[dis_data] loading train-clean-100 …
[dis_data]  251 speakers
[dis_data]  train=27539  val=500  test=500  vocab=74  speakers=251
[diag_probe] topk confirmed: 256
[train] WARNING: unexpected missing SAE keys: ['block_idx', 'block_m_L', 'block_m_P', 'block_m_U']
[train] loaded 3 SAE tensors from /scratch/bbg25/runs/libri_advfb_prrecover_U24open_gn00025_gp02_aux64_12k_s42/checkpoints/stage2_step12000.pt  (step=12000  val=0.1373)
[diag_probe] loaded stage2 weights from /scratch/bbg25/runs/libri_advfb_prrecover_U24open_gn00025_gp02_aux64_12k_s42/checkpoints/stage2_step12000.pt

[diag_probe] speakers=251  pr_vocab=74  D=1280  K=5120
[diag_probe] PR: stage-2-matched 74-phone targets — train-clean-100 → val=dev-clean, test=test-clean
[diag_probe] SID: closed-set utterance split (val/test held out); probe arch=linear
[diag_probe] reported metric = TEST (val shown in parentheses)

  training probe: z_L -> PR ...
[dis_data] g2p_en loaded for OOV words
      [pr z_L] step 250/5000  train loss=5.111  dev loss=3.559  dev PER=0.998  (best 0.998, bad 0/5)
      [pr z_L] step 500/5000  train loss=2.483  dev loss=1.441  dev PER=0.530  (best 0.530, bad 0/5)
      [pr z_L] step 750/5000  train loss=1.049  dev loss=0.927  dev PER=0.293  (best 0.293, bad 0/5)
      [pr z_L] step 1000/5000  train loss=0.820  dev loss=0.779  dev PER=0.204  (best 0.204, bad 0/5)
      [pr z_L] step 1250/5000  train loss=0.715  dev loss=0.675  dev PER=0.190  (best 0.190, bad 0/5)
      [pr z_L] step 1500/5000  train loss=0.655  dev loss=0.639  dev PER=0.204  (best 0.190, bad 1/5)
      [pr z_L] step 1750/5000  train loss=0.625  dev loss=0.621  dev PER=0.191  (best 0.190, bad 2/5)
      [pr z_L] step 2000/5000  train loss=0.586  dev loss=0.587  dev PER=0.149  (best 0.149, bad 0/5)
      [pr z_L] step 2250/5000  train loss=0.576  dev loss=0.605  dev PER=0.181  (best 0.149, bad 1/5)
      [pr z_L] step 2500/5000  train loss=0.555  dev loss=0.567  dev PER=0.148  (best 0.148, bad 0/5)
      [pr z_L] step 2750/5000  train loss=0.542  dev loss=0.553  dev PER=0.140  (best 0.140, bad 0/5)
      [pr z_L] step 3000/5000  train loss=0.536  dev loss=0.510  dev PER=0.126  (best 0.126, bad 0/5)
      [pr z_L] step 3250/5000  train loss=0.520  dev loss=0.527  dev PER=0.146  (best 0.126, bad 1/5)
      [pr z_L] step 3500/5000  train loss=0.508  dev loss=0.495  dev PER=0.132  (best 0.126, bad 2/5)
      [pr z_L] step 3750/5000  train loss=0.499  dev loss=0.483  dev PER=0.116  (best 0.116, bad 0/5)
      [pr z_L] step 4000/5000  train loss=0.487  dev loss=0.490  dev PER=0.139  (best 0.116, bad 1/5)
      [pr z_L] step 4250/5000  train loss=0.481  dev loss=0.474  dev PER=0.124  (best 0.116, bad 2/5)
      [pr z_L] step 4500/5000  train loss=0.474  dev loss=0.474  dev PER=0.117  (best 0.116, bad 3/5)
      [pr z_L] step 4750/5000  train loss=0.471  dev loss=0.471  dev PER=0.132  (best 0.116, bad 4/5)
      [pr z_L] step 5000/5000  train loss=0.462  dev loss=0.460  dev PER=0.123  (best 0.116, bad 5/5)
    z_L -> PR               PER test=0.118  (val 0.116)

==================================================================
  DIAGNOSTIC PROBE RESULTS - diag_libri_advfb_prrecover_U24open_gn00025_gp02_aux64_12k_s42_z_L_pr_linear_seed42
==================================================================
  Source       PR (PER↓)    SID (acc↑)
  --------  ------------  ------------
  z_L              0.118           nan
==================================================================

