[diag_probe] run=diag_libri_advfb_prrecover_U24open_gn00025_gp02_aux64_12k_s42_sid_linear_seed42  device=cuda
[diag_probe] seed=42
[diag_probe] stage1_ckpt=/scratch/bbg25/runs/libri_advfb_prrecover_U24open_gn00025_gp02_aux64_12k_s42/checkpoints/stage2_step12000.pt
[diag_probe] stage2_ckpt=/scratch/bbg25/runs/libri_advfb_prrecover_U24open_gn00025_gp02_aux64_12k_s42/checkpoints/stage2_step12000.pt
[diag_probe] sources=['z_t', 'z_L', 'z_P', 'z_U']  tasks=['sid']
[diag_probe] probe_steps=5000  pr_lr=0.0005  sid_lr=0.001  pr_warmup=500  other_warmup=0  val_every=250  patience=5
[diag_probe] PR task not requested — skipping PR dataloaders.
[dis_data] loaded lexicon: 200,000 entries
[dis_data] loading train-clean-100 …
[dis_data]  251 speakers
[dis_data]  train=27539  val=500  test=500  vocab=74  speakers=251
[diag_probe] topk confirmed: 256
[train] WARNING: unexpected missing SAE keys: ['block_idx', 'block_m_L', 'block_m_P', 'block_m_U']
[train] loaded 3 SAE tensors from /scratch/bbg25/runs/libri_advfb_prrecover_U24open_gn00025_gp02_aux64_12k_s42/checkpoints/stage2_step12000.pt  (step=12000  val=0.1373)
[diag_probe] loaded stage2 weights from /scratch/bbg25/runs/libri_advfb_prrecover_U24open_gn00025_gp02_aux64_12k_s42/checkpoints/stage2_step12000.pt

[diag_probe] speakers=251  pr_vocab=74  D=1280  K=5120
[diag_probe] PR: skipped
[diag_probe] SID: closed-set utterance split (val/test held out); probe arch=linear
[diag_probe] reported metric = TEST (val shown in parentheses)

  training probe: z_t -> SID ...
[dis_data] g2p_en loaded for OOV words
      [sid z_t] step 250/5000  train loss=6.213 acc=0.125  dev loss=5.506 acc=0.078  (best 0.078, bad 0/5)
      [sid z_t] step 500/5000  train loss=4.205 acc=0.250  dev loss=4.343 acc=0.208  (best 0.208, bad 0/5)
      [sid z_t] step 750/5000  train loss=2.021 acc=0.500  dev loss=1.860 acc=0.596  (best 0.596, bad 0/5)
      [sid z_t] step 1000/5000  train loss=1.307 acc=0.688  dev loss=1.663 acc=0.620  (best 0.620, bad 0/5)
      [sid z_t] step 1250/5000  train loss=0.713 acc=0.875  dev loss=0.956 acc=0.744  (best 0.744, bad 0/5)
      [sid z_t] step 1500/5000  train loss=0.464 acc=0.812  dev loss=0.543 acc=0.846  (best 0.846, bad 0/5)
      [sid z_t] step 1750/5000  train loss=0.697 acc=0.812  dev loss=0.461 acc=0.870  (best 0.870, bad 0/5)
      [sid z_t] step 2000/5000  train loss=0.280 acc=0.875  dev loss=0.563 acc=0.838  (best 0.870, bad 1/5)
      [sid z_t] step 2250/5000  train loss=0.809 acc=0.750  dev loss=0.535 acc=0.856  (best 0.870, bad 2/5)
      [sid z_t] step 2500/5000  train loss=0.064 acc=1.000  dev loss=0.252 acc=0.934  (best 0.934, bad 0/5)
      [sid z_t] step 2750/5000  train loss=0.201 acc=0.938  dev loss=0.144 acc=0.962  (best 0.962, bad 0/5)
      [sid z_t] step 3000/5000  train loss=0.346 acc=0.875  dev loss=0.134 acc=0.960  (best 0.962, bad 1/5)
      [sid z_t] step 3250/5000  train loss=0.186 acc=0.938  dev loss=0.318 acc=0.916  (best 0.962, bad 2/5)
      [sid z_t] step 3500/5000  train loss=0.226 acc=0.875  dev loss=0.167 acc=0.946  (best 0.962, bad 3/5)
      [sid z_t] step 3750/5000  train loss=0.393 acc=0.875  dev loss=0.067 acc=0.974  (best 0.974, bad 0/5)
      [sid z_t] step 4000/5000  train loss=0.453 acc=0.938  dev loss=0.043 acc=0.986  (best 0.986, bad 0/5)
      [sid z_t] step 4250/5000  train loss=0.029 acc=1.000  dev loss=0.060 acc=0.986  (best 0.986, bad 1/5)
      [sid z_t] step 4500/5000  train loss=0.002 acc=1.000  dev loss=0.017 acc=0.996  (best 0.996, bad 0/5)
      [sid z_t] step 4750/5000  train loss=0.001 acc=1.000  dev loss=0.008 acc=1.000  (best 1.000, bad 0/5)
      [sid z_t] step 5000/5000  train loss=0.000 acc=1.000  dev loss=0.008 acc=0.998  (best 1.000, bad 1/5)
    z_t -> SID              acc test=1.000  (val 1.000)
  training probe: z_L -> SID ...
      [sid z_L] step 250/5000  train loss=7.237 acc=0.000  dev loss=7.694 acc=0.012  (best 0.012, bad 0/5)
      [sid z_L] step 500/5000  train loss=7.189 acc=0.000  dev loss=7.141 acc=0.002  (best 0.012, bad 1/5)
      [sid z_L] step 750/5000  train loss=7.525 acc=0.000  dev loss=7.146 acc=0.000  (best 0.012, bad 2/5)
      [sid z_L] step 1000/5000  train loss=7.127 acc=0.000  dev loss=6.716 acc=0.008  (best 0.012, bad 3/5)
      [sid z_L] step 1250/5000  train loss=7.010 acc=0.000  dev loss=6.673 acc=0.006  (best 0.012, bad 4/5)
      [sid z_L] step 1500/5000  train loss=6.367 acc=0.062  dev loss=6.477 acc=0.000  (best 0.012, bad 5/5)
    z_L -> SID              acc test=0.014  (val 0.012)
  training probe: z_P -> SID ...
      [sid z_P] step 250/5000  train loss=1.917 acc=0.750  dev loss=1.783 acc=0.764  (best 0.764, bad 0/5)
      [sid z_P] step 500/5000  train loss=0.367 acc=0.875  dev loss=0.407 acc=0.968  (best 0.968, bad 0/5)
      [sid z_P] step 750/5000  train loss=0.309 acc=0.938  dev loss=0.132 acc=0.992  (best 0.992, bad 0/5)
      [sid z_P] step 1000/5000  train loss=0.046 acc=1.000  dev loss=0.067 acc=0.998  (best 0.998, bad 0/5)
      [sid z_P] step 1250/5000  train loss=0.051 acc=1.000  dev loss=0.042 acc=1.000  (best 1.000, bad 0/5)
      [sid z_P] step 1500/5000  train loss=0.026 acc=1.000  dev loss=0.034 acc=1.000  (best 1.000, bad 1/5)
      [sid z_P] step 1750/5000  train loss=0.018 acc=1.000  dev loss=0.028 acc=0.998  (best 1.000, bad 2/5)
      [sid z_P] step 2000/5000  train loss=0.009 acc=1.000  dev loss=0.025 acc=1.000  (best 1.000, bad 3/5)
      [sid z_P] step 2250/5000  train loss=0.012 acc=1.000  dev loss=0.022 acc=1.000  (best 1.000, bad 4/5)
      [sid z_P] step 2500/5000  train loss=0.014 acc=1.000  dev loss=0.018 acc=0.998  (best 1.000, bad 5/5)
    z_P -> SID              acc test=0.992  (val 1.000)
  training probe: z_U -> SID ...
      [sid z_U] step 250/5000  train loss=4.881 acc=0.062  dev loss=4.829 acc=0.112  (best 0.112, bad 0/5)
      [sid z_U] step 500/5000  train loss=3.898 acc=0.188  dev loss=3.766 acc=0.244  (best 0.244, bad 0/5)
      [sid z_U] step 750/5000  train loss=2.504 acc=0.562  dev loss=2.651 acc=0.450  (best 0.450, bad 0/5)
      [sid z_U] step 1000/5000  train loss=1.264 acc=0.750  dev loss=1.824 acc=0.644  (best 0.644, bad 0/5)
      [sid z_U] step 1250/5000  train loss=0.812 acc=0.875  dev loss=1.307 acc=0.748  (best 0.748, bad 0/5)
      [sid z_U] step 1500/5000  train loss=0.812 acc=0.875  dev loss=0.963 acc=0.812  (best 0.812, bad 0/5)
      [sid z_U] step 1750/5000  train loss=0.216 acc=1.000  dev loss=0.756 acc=0.848  (best 0.848, bad 0/5)
      [sid z_U] step 2000/5000  train loss=0.595 acc=0.875  dev loss=0.655 acc=0.860  (best 0.860, bad 0/5)
      [sid z_U] step 2250/5000  train loss=0.385 acc=0.938  dev loss=0.584 acc=0.890  (best 0.890, bad 0/5)
      [sid z_U] step 2500/5000  train loss=0.288 acc=0.938  dev loss=0.499 acc=0.896  (best 0.896, bad 0/5)
      [sid z_U] step 2750/5000  train loss=0.949 acc=0.750  dev loss=0.423 acc=0.922  (best 0.922, bad 0/5)
      [sid z_U] step 3000/5000  train loss=0.436 acc=0.938  dev loss=0.404 acc=0.924  (best 0.924, bad 0/5)
      [sid z_U] step 3250/5000  train loss=0.052 acc=1.000  dev loss=0.361 acc=0.926  (best 0.926, bad 0/5)
      [sid z_U] step 3500/5000  train loss=0.069 acc=1.000  dev loss=0.342 acc=0.928  (best 0.928, bad 0/5)
      [sid z_U] step 3750/5000  train loss=0.057 acc=1.000  dev loss=0.340 acc=0.928  (best 0.928, bad 1/5)
      [sid z_U] step 4000/5000  train loss=0.085 acc=1.000  dev loss=0.300 acc=0.944  (best 0.944, bad 0/5)
      [sid z_U] step 4250/5000  train loss=0.382 acc=0.875  dev loss=0.312 acc=0.938  (best 0.944, bad 1/5)
      [sid z_U] step 4500/5000  train loss=0.194 acc=1.000  dev loss=0.292 acc=0.942  (best 0.944, bad 2/5)
      [sid z_U] step 4750/5000  train loss=0.198 acc=0.938  dev loss=0.280 acc=0.946  (best 0.946, bad 0/5)
      [sid z_U] step 5000/5000  train loss=0.015 acc=1.000  dev loss=0.280 acc=0.946  (best 0.946, bad 1/5)
    z_U -> SID              acc test=0.966  (val 0.946)

==================================================================
  DIAGNOSTIC PROBE RESULTS - diag_libri_advfb_prrecover_U24open_gn00025_gp02_aux64_12k_s42_sid_linear_seed42
==================================================================
  Source       PR (PER↓)    SID (acc↑)
  --------  ------------  ------------
  z_t                nan         1.000
  z_L                nan         0.014
  z_P                nan         0.992
  z_U                nan         0.966
==================================================================

