[diag_probe] run=diag_libri_advfb_prrecover_U24open_gn00025_gp02_aux64_12k_s42_sid_stats_seed42  device=cuda
[diag_probe] seed=42
[diag_probe] stage1_ckpt=/scratch/bbg25/runs/libri_advfb_prrecover_U24open_gn00025_gp02_aux64_12k_s42/checkpoints/stage2_step12000.pt
[diag_probe] stage2_ckpt=/scratch/bbg25/runs/libri_advfb_prrecover_U24open_gn00025_gp02_aux64_12k_s42/checkpoints/stage2_step12000.pt
[diag_probe] sources=['z_t', 'z_L', 'z_P', 'z_U']  tasks=['sid']
[diag_probe] probe_steps=5000  pr_lr=0.0005  sid_lr=0.001  pr_warmup=500  other_warmup=0  val_every=250  patience=5
[diag_probe] PR task not requested — skipping PR dataloaders.
[dis_data] loaded lexicon: 200,000 entries
[dis_data] loading train-clean-100 …
[dis_data]  251 speakers
[dis_data]  train=27539  val=500  test=500  vocab=74  speakers=251
[diag_probe] topk confirmed: 256
[train] WARNING: unexpected missing SAE keys: ['block_idx', 'block_m_L', 'block_m_P', 'block_m_U']
[train] loaded 3 SAE tensors from /scratch/bbg25/runs/libri_advfb_prrecover_U24open_gn00025_gp02_aux64_12k_s42/checkpoints/stage2_step12000.pt  (step=12000  val=0.1373)
[diag_probe] loaded stage2 weights from /scratch/bbg25/runs/libri_advfb_prrecover_U24open_gn00025_gp02_aux64_12k_s42/checkpoints/stage2_step12000.pt

[diag_probe] speakers=251  pr_vocab=74  D=1280  K=5120
[diag_probe] PR: skipped
[diag_probe] SID: closed-set utterance split (val/test held out); probe arch=stats
[diag_probe] reported metric = TEST (val shown in parentheses)

  training probe: z_t -> SID ...
[dis_data] g2p_en loaded for OOV words
      [sid z_t] step 250/5000  train loss=5.512 acc=0.000  dev loss=5.528 acc=0.006  (best 0.006, bad 0/5)
      [sid z_t] step 500/5000  train loss=5.550 acc=0.000  dev loss=5.528 acc=0.002  (best 0.006, bad 1/5)
      [sid z_t] step 750/5000  train loss=5.529 acc=0.000  dev loss=5.526 acc=0.002  (best 0.006, bad 2/5)
      [sid z_t] step 1000/5000  train loss=5.504 acc=0.000  dev loss=5.525 acc=0.002  (best 0.006, bad 3/5)
      [sid z_t] step 1250/5000  train loss=5.507 acc=0.000  dev loss=5.526 acc=0.002  (best 0.006, bad 4/5)
      [sid z_t] step 1500/5000  train loss=5.510 acc=0.000  dev loss=5.528 acc=0.002  (best 0.006, bad 5/5)
    z_t -> SID              acc test=0.006  (val 0.006)
  training probe: z_L -> SID ...
      [sid z_L] step 250/5000  train loss=5.531 acc=0.000  dev loss=5.526 acc=0.006  (best 0.006, bad 0/5)
      [sid z_L] step 500/5000  train loss=5.518 acc=0.062  dev loss=5.526 acc=0.006  (best 0.006, bad 1/5)
      [sid z_L] step 750/5000  train loss=5.535 acc=0.000  dev loss=5.526 acc=0.002  (best 0.006, bad 2/5)
      [sid z_L] step 1000/5000  train loss=5.534 acc=0.000  dev loss=5.547 acc=0.006  (best 0.006, bad 3/5)
      [sid z_L] step 1250/5000  train loss=5.542 acc=0.000  dev loss=5.526 acc=0.002  (best 0.006, bad 4/5)
      [sid z_L] step 1500/5000  train loss=5.529 acc=0.000  dev loss=5.526 acc=0.002  (best 0.006, bad 5/5)
    z_L -> SID              acc test=0.002  (val 0.006)
  training probe: z_P -> SID ...
      [sid z_P] step 250/5000  train loss=1.865 acc=0.625  dev loss=2.008 acc=0.592  (best 0.592, bad 0/5)
      [sid z_P] step 500/5000  train loss=0.419 acc=1.000  dev loss=0.537 acc=0.912  (best 0.912, bad 0/5)
      [sid z_P] step 750/5000  train loss=0.290 acc=0.938  dev loss=0.225 acc=0.958  (best 0.958, bad 0/5)
      [sid z_P] step 1000/5000  train loss=0.263 acc=0.875  dev loss=0.132 acc=0.974  (best 0.974, bad 0/5)
      [sid z_P] step 1250/5000  train loss=0.050 acc=1.000  dev loss=0.087 acc=0.980  (best 0.980, bad 0/5)
      [sid z_P] step 1500/5000  train loss=0.006 acc=1.000  dev loss=0.057 acc=0.992  (best 0.992, bad 0/5)
      [sid z_P] step 1750/5000  train loss=0.064 acc=0.938  dev loss=0.042 acc=0.994  (best 0.994, bad 0/5)
      [sid z_P] step 2000/5000  train loss=0.011 acc=1.000  dev loss=0.032 acc=0.996  (best 0.996, bad 0/5)
      [sid z_P] step 2250/5000  train loss=0.009 acc=1.000  dev loss=0.027 acc=0.996  (best 0.996, bad 1/5)
      [sid z_P] step 2500/5000  train loss=0.008 acc=1.000  dev loss=0.020 acc=1.000  (best 1.000, bad 0/5)
      [sid z_P] step 2750/5000  train loss=0.019 acc=1.000  dev loss=0.018 acc=0.998  (best 1.000, bad 1/5)
      [sid z_P] step 3000/5000  train loss=0.007 acc=1.000  dev loss=0.022 acc=0.994  (best 1.000, bad 2/5)
      [sid z_P] step 3250/5000  train loss=0.005 acc=1.000  dev loss=0.016 acc=1.000  (best 1.000, bad 3/5)
      [sid z_P] step 3500/5000  train loss=0.002 acc=1.000  dev loss=0.009 acc=1.000  (best 1.000, bad 4/5)
      [sid z_P] step 3750/5000  train loss=0.007 acc=1.000  dev loss=0.011 acc=0.998  (best 1.000, bad 5/5)
    z_P -> SID              acc test=0.996  (val 1.000)
  training probe: z_U -> SID ...
      [sid z_U] step 250/5000  train loss=5.302 acc=0.000  dev loss=5.277 acc=0.042  (best 0.042, bad 0/5)
      [sid z_U] step 500/5000  train loss=4.181 acc=0.250  dev loss=4.357 acc=0.126  (best 0.126, bad 0/5)
      [sid z_U] step 750/5000  train loss=3.042 acc=0.375  dev loss=3.456 acc=0.300  (best 0.300, bad 0/5)
      [sid z_U] step 1000/5000  train loss=2.974 acc=0.250  dev loss=2.787 acc=0.442  (best 0.442, bad 0/5)
      [sid z_U] step 1250/5000  train loss=2.063 acc=0.438  dev loss=2.157 acc=0.556  (best 0.556, bad 0/5)
      [sid z_U] step 1500/5000  train loss=1.326 acc=0.812  dev loss=1.753 acc=0.624  (best 0.624, bad 0/5)
      [sid z_U] step 1750/5000  train loss=1.679 acc=0.625  dev loss=1.415 acc=0.670  (best 0.670, bad 0/5)
      [sid z_U] step 2000/5000  train loss=0.985 acc=0.812  dev loss=1.163 acc=0.742  (best 0.742, bad 0/5)
      [sid z_U] step 2250/5000  train loss=0.567 acc=0.875  dev loss=1.013 acc=0.776  (best 0.776, bad 0/5)
      [sid z_U] step 2500/5000  train loss=0.614 acc=0.938  dev loss=0.857 acc=0.814  (best 0.814, bad 0/5)
      [sid z_U] step 2750/5000  train loss=0.816 acc=0.875  dev loss=0.762 acc=0.846  (best 0.846, bad 0/5)
      [sid z_U] step 3000/5000  train loss=0.470 acc=0.938  dev loss=0.675 acc=0.860  (best 0.860, bad 0/5)
      [sid z_U] step 3250/5000  train loss=0.286 acc=0.938  dev loss=0.643 acc=0.860  (best 0.860, bad 1/5)
      [sid z_U] step 3500/5000  train loss=0.302 acc=0.812  dev loss=0.559 acc=0.886  (best 0.886, bad 0/5)
      [sid z_U] step 3750/5000  train loss=0.284 acc=1.000  dev loss=0.536 acc=0.890  (best 0.890, bad 0/5)
      [sid z_U] step 4000/5000  train loss=0.095 acc=1.000  dev loss=0.479 acc=0.902  (best 0.902, bad 0/5)
      [sid z_U] step 4250/5000  train loss=0.092 acc=1.000  dev loss=0.455 acc=0.900  (best 0.902, bad 1/5)
      [sid z_U] step 4500/5000  train loss=0.150 acc=1.000  dev loss=0.430 acc=0.914  (best 0.914, bad 0/5)
      [sid z_U] step 4750/5000  train loss=0.133 acc=1.000  dev loss=0.417 acc=0.904  (best 0.914, bad 1/5)
      [sid z_U] step 5000/5000  train loss=0.469 acc=0.875  dev loss=0.404 acc=0.908  (best 0.914, bad 2/5)
    z_U -> SID              acc test=0.920  (val 0.914)

==================================================================
  DIAGNOSTIC PROBE RESULTS - diag_libri_advfb_prrecover_U24open_gn00025_gp02_aux64_12k_s42_sid_stats_seed42
==================================================================
  Source       PR (PER↓)    SID (acc↑)
  --------  ------------  ------------
  z_t                nan         0.006
  z_L                nan         0.002
  z_P                nan         0.996
  z_U                nan         0.920
==================================================================

