=== Stage 2: pre_topk ===
Job ID     : 29937690
Node       : gpu-q-13
GPU        : NVIDIA A100-SXM4-80GB
Started    : Mon Jun  1 17:12:03 BST 2026
α=0.02  β=0.01  grl=0.01  ρ=0.001  grl_delay=0
=== Disentanglement  stage=2
=== device=cuda  bf16=True
=== K=5120  topk=256  D=1280
=== steps=8000  α=0.02  β=0.01  grl=0.01  ρ=0.001
[dis_data] loaded lexicon: 200,000 entries
[dis_data] loading train-clean-100 …
[dis_data]  251 speakers
[dis_data]  train=28039  val=500  vocab=41  speakers=251
[train] loaded 3 SAE tensors from /rds/user/bbg25/hpc-work/Thesis/Final-Proj/Disentanglement/checkpoints/best.pt  (step=6000  val=0.0049)
[stage 2] frozen=596,973,362  trainable=15,994,655  device=cuda
[stage 2] speakers=251  vocab=41
[stage 2] α=0.02  β=0.01  grl=0.01  ρ=0.001  pre_topk_routing=True
[stage 2] steps=8000  batch=16
[dis_data] g2p_en loaded for OOV words
  step      1/8000  recon=0.0075  pr=14.4888  sid=5.5371  grl=5.5176  L/P/U=5120/0/0  actL/P/U=256/0/0  H=1.099  lr=6.00e-08
  step    100/8000  recon=0.0070  pr=14.7540  sid=5.5215  grl=5.5352  L/P/U=2756/250/2114  actL/P/U=138/11/107  H=1.099  lr=6.00e-06
  step    200/8000  recon=0.0063  pr=11.2282  sid=5.4727  grl=5.4551  L/P/U=3425/175/1520  actL/P/U=169/8/79  H=1.099  lr=1.20e-05
  step    300/8000  recon=0.0059  pr=3.8955  sid=5.4551  grl=5.3789  L/P/U=4034/50/1036  actL/P/U=198/2/56  H=1.099  lr=1.80e-05
  step    400/8000  recon=0.0058  pr=3.0133  sid=5.4648  grl=5.3555  L/P/U=4347/16/757  actL/P/U=215/1/40  H=1.099  lr=2.40e-05
  [grad_norms @500]
    recon             |g|=0.00204  ratio=1.000x recon
    pr_raw            |g|=0.22715  ratio=111.219x recon
    pr_weighted       |g|=0.00454  ratio=2.224x recon
    sid_raw           |g|=0.16273  ratio=79.681x recon
    sid_weighted      |g|=0.00163  ratio=0.797x recon
    grl               |g|=0.00087  ratio=0.424x recon
    route             |g|=0.00000  ratio=0.000x recon
  step    500/8000  recon=0.0057  pr=2.3254  sid=5.3730  grl=5.2871  L/P/U=4724/25/371  actL/P/U=236/1/19  H=1.099  lr=3.00e-05
  step    600/8000  recon=0.0057  pr=1.7753  sid=5.3125  grl=5.2500  L/P/U=4943/40/137  actL/P/U=248/2/7  H=1.099  lr=3.00e-05
  step    700/8000  recon=0.0057  pr=1.4597  sid=5.0391  grl=4.9336  L/P/U=5011/49/60  actL/P/U=251/2/3  H=1.099  lr=2.99e-05
  step    800/8000  recon=0.0056  pr=1.1424  sid=5.0762  grl=4.9844  L/P/U=5038/57/25  actL/P/U=252/2/1  H=1.099  lr=2.99e-05
  step    900/8000  recon=0.0058  pr=1.0608  sid=4.7109  grl=4.8184  L/P/U=5030/79/11  actL/P/U=252/4/1  H=1.099  lr=2.98e-05
  [grad_norms @1000]
    recon             |g|=0.00206  ratio=1.000x recon
    pr_raw            |g|=0.37691  ratio=182.543x recon
    pr_weighted       |g|=0.00754  ratio=3.651x recon
    sid_raw           |g|=0.42196  ratio=204.366x recon
    sid_weighted      |g|=0.00422  ratio=2.044x recon
    grl               |g|=0.00238  ratio=1.153x recon
    route             |g|=0.00000  ratio=0.000x recon
  step   1000/8000  recon=0.0057  pr=0.9308  sid=4.6865  grl=4.7773  L/P/U=5005/113/2  actL/P/U=251/5/0  H=1.099  lr=2.97e-05
  [val] step=1000  recon=0.0085  pr=1.4814  PER=0.373  sid_acc=0.094
  ✓ best checkpoint (val_recon=0.0085) → /rds/user/bbg25/hpc-work/Thesis/Final-Proj/Disentanglement/checkpoints/pre_topk/stage2_best.pt
  step   1100/8000  recon=0.0057  pr=0.7963  sid=4.0322  grl=4.3203  L/P/U=4939/181/0  actL/P/U=247/9/0  H=1.099  lr=2.95e-05
  step   1200/8000  recon=0.0058  pr=0.8003  sid=4.1533  grl=4.5176  L/P/U=4857/263/0  actL/P/U=243/13/0  H=1.099  lr=2.94e-05
  step   1300/8000  recon=0.0058  pr=0.7607  sid=3.7695  grl=4.3076  L/P/U=4746/374/0  actL/P/U=237/19/0  H=1.099  lr=2.92e-05
  step   1400/8000  recon=0.0059  pr=0.7210  sid=3.6826  grl=4.2646  L/P/U=4602/518/0  actL/P/U=229/27/0  H=1.099  lr=2.90e-05
  [grad_norms @1500]
    recon             |g|=0.00232  ratio=1.000x recon
    pr_raw            |g|=0.11996  ratio=51.638x recon
    pr_weighted       |g|=0.00240  ratio=1.033x recon
    sid_raw           |g|=1.29740  ratio=558.500x recon
    sid_weighted      |g|=0.01297  ratio=5.585x recon
    grl               |g|=0.00474  ratio=2.042x recon
    route             |g|=0.00000  ratio=0.000x recon
  step   1500/8000  recon=0.0060  pr=0.6487  sid=3.0811  grl=3.9463  L/P/U=4409/711/0  actL/P/U=219/37/0  H=1.099  lr=2.87e-05
  step   1600/8000  recon=0.0059  pr=0.6221  sid=3.3037  grl=4.1162  L/P/U=4184/936/0  actL/P/U=206/50/0  H=1.099  lr=2.85e-05
  step   1700/8000  recon=0.0059  pr=0.5359  sid=3.0933  grl=3.9629  L/P/U=3926/1194/0  actL/P/U=193/63/0  H=1.099  lr=2.82e-05
  step   1800/8000  recon=0.0060  pr=0.5600  sid=2.9951  grl=4.0391  L/P/U=3585/1535/0  actL/P/U=175/81/0  H=1.099  lr=2.79e-05
  step   1900/8000  recon=0.0060  pr=0.5567  sid=2.4434  grl=3.7480  L/P/U=3265/1855/0  actL/P/U=157/99/0  H=1.099  lr=2.76e-05
  [grad_norms @2000]
    recon             |g|=0.00245  ratio=1.000x recon
    pr_raw            |g|=0.11516  ratio=47.062x recon
    pr_weighted       |g|=0.00230  ratio=0.941x recon
    sid_raw           |g|=1.48584  ratio=607.194x recon
    sid_weighted      |g|=0.01486  ratio=6.072x recon
    grl               |g|=0.00713  ratio=2.912x recon
    route             |g|=0.00000  ratio=0.000x recon
  step   2000/8000  recon=0.0060  pr=0.5335  sid=2.1282  grl=3.5547  L/P/U=2923/2197/0  actL/P/U=138/118/0  H=1.099  lr=2.72e-05
  [val] step=2000  recon=0.0083  pr=1.0622  PER=0.319  sid_acc=0.628
  ✓ best checkpoint (val_recon=0.0083) → /rds/user/bbg25/hpc-work/Thesis/Final-Proj/Disentanglement/checkpoints/pre_topk/stage2_best.pt
  step   2100/8000  recon=0.0059  pr=0.4926  sid=2.0122  grl=3.4912  L/P/U=2571/2549/0  actL/P/U=124/132/0  H=1.099  lr=2.69e-05
  step   2200/8000  recon=0.0060  pr=0.4810  sid=1.8823  grl=3.4385  L/P/U=2255/2865/0  actL/P/U=108/148/0  H=1.099  lr=2.65e-05
  step   2300/8000  recon=0.0060  pr=0.5382  sid=1.9141  grl=3.4316  L/P/U=1955/3165/0  actL/P/U=93/163/0  H=1.099  lr=2.61e-05
  step   2400/8000  recon=0.0061  pr=0.4694  sid=1.5603  grl=3.3115  L/P/U=1677/3443/0  actL/P/U=80/176/0  H=1.099  lr=2.56e-05
  [grad_norms @2500]
    recon             |g|=0.00243  ratio=1.000x recon
    pr_raw            |g|=0.12410  ratio=51.026x recon
    pr_weighted       |g|=0.00248  ratio=1.021x recon
    sid_raw           |g|=1.20727  ratio=496.383x recon
    sid_weighted      |g|=0.01207  ratio=4.964x recon
    grl               |g|=0.00919  ratio=3.777x recon
    route             |g|=0.00000  ratio=0.000x recon
  step   2500/8000  recon=0.0061  pr=0.4625  sid=1.6180  grl=3.2637  L/P/U=1453/3667/0  actL/P/U=68/188/0  H=1.099  lr=2.52e-05
  step   2600/8000  recon=0.0061  pr=0.4337  sid=1.4587  grl=3.0781  L/P/U=1262/3858/0  actL/P/U=60/196/0  H=1.099  lr=2.47e-05
  step   2700/8000  recon=0.0062  pr=0.4571  sid=1.1479  grl=2.9932  L/P/U=1113/4007/0  actL/P/U=53/203/0  H=1.099  lr=2.43e-05
  step   2800/8000  recon=0.0061  pr=0.4361  sid=1.2693  grl=3.0747  L/P/U=934/4186/0  actL/P/U=45/211/0  H=1.099  lr=2.38e-05
  step   2900/8000  recon=0.0063  pr=0.4481  sid=1.2478  grl=2.9438  L/P/U=819/4301/0  actL/P/U=41/215/0  H=1.099  lr=2.33e-05
  [grad_norms @3000]
    recon             |g|=0.00237  ratio=1.000x recon
    pr_raw            |g|=0.13112  ratio=55.329x recon
    pr_weighted       |g|=0.00262  ratio=1.107x recon
    sid_raw           |g|=1.76917  ratio=746.521x recon
    sid_weighted      |g|=0.01769  ratio=7.465x recon
    grl               |g|=0.00931  ratio=3.930x recon
    route             |g|=0.00000  ratio=0.000x recon
  step   3000/8000  recon=0.0062  pr=0.4230  sid=1.0638  grl=2.8599  L/P/U=704/4416/0  actL/P/U=36/220/0  H=1.099  lr=2.28e-05
  [val] step=3000  recon=0.0195  pr=1.1162  PER=0.321  sid_acc=0.926
  step   3100/8000  recon=0.0061  pr=0.4048  sid=1.5516  grl=3.0337  L/P/U=628/4492/0  actL/P/U=31/225/0  H=1.099  lr=2.22e-05
  step   3200/8000  recon=0.0062  pr=0.3813  sid=1.1239  grl=2.7275  L/P/U=559/4561/0  actL/P/U=28/228/0  H=1.099  lr=2.17e-05
  step   3300/8000  recon=0.0063  pr=0.4339  sid=0.9608  grl=2.6606  L/P/U=498/4622/0  actL/P/U=25/231/0  H=1.099  lr=2.11e-05
  step   3400/8000  recon=0.0062  pr=0.3944  sid=0.8981  grl=2.9810  L/P/U=442/4678/0  actL/P/U=22/234/0  H=1.099  lr=2.06e-05
  [grad_norms @3500]
    recon             |g|=0.00229  ratio=1.000x recon
    pr_raw            |g|=0.13566  ratio=59.269x recon
    pr_weighted       |g|=0.00271  ratio=1.185x recon
    sid_raw           |g|=1.32726  ratio=579.856x recon
    sid_weighted      |g|=0.01327  ratio=5.799x recon
    grl               |g|=0.00919  ratio=4.017x recon
    route             |g|=0.00000  ratio=0.000x recon
  step   3500/8000  recon=0.0063  pr=0.4123  sid=0.9543  grl=2.7598  L/P/U=400/4720/0  actL/P/U=21/235/0  H=1.099  lr=2.00e-05
  step   3600/8000  recon=0.0063  pr=0.3785  sid=1.0372  grl=2.6035  L/P/U=354/4766/0  actL/P/U=19/237/0  H=1.099  lr=1.94e-05
  step   3700/8000  recon=0.0063  pr=0.3784  sid=0.8613  grl=2.5007  L/P/U=327/4793/0  actL/P/U=18/238/0  H=1.099  lr=1.88e-05
  step   3800/8000  recon=0.0063  pr=0.4007  sid=1.0116  grl=2.6499  L/P/U=294/4826/0  actL/P/U=15/241/0  H=1.099  lr=1.82e-05
  step   3900/8000  recon=0.0063  pr=0.3671  sid=0.9379  grl=2.5117  L/P/U=262/4858/0  actL/P/U=14/242/0  H=1.099  lr=1.76e-05
  [grad_norms @4000]
    recon             |g|=0.00234  ratio=1.000x recon
    pr_raw            |g|=0.22216  ratio=95.086x recon
    pr_weighted       |g|=0.00444  ratio=1.902x recon
    sid_raw           |g|=1.39876  ratio=598.685x recon
    sid_weighted      |g|=0.01399  ratio=5.987x recon
    grl               |g|=0.01175  ratio=5.030x recon
    route             |g|=0.00000  ratio=0.000x recon
  step   4000/8000  recon=0.0064  pr=0.3961  sid=0.5745  grl=2.3896  L/P/U=243/4877/0  actL/P/U=13/243/0  H=1.099  lr=1.70e-05
  [val] step=4000  recon=0.0233  pr=5.8717  PER=0.324  sid_acc=0.966
  step   4100/8000  recon=0.0063  pr=0.4159  sid=0.8407  grl=2.8340  L/P/U=222/4898/0  actL/P/U=12/244/0  H=1.099  lr=1.64e-05
  step   4200/8000  recon=0.0062  pr=0.3583  sid=0.9423  grl=2.6506  L/P/U=201/4919/0  actL/P/U=11/245/0  H=1.099  lr=1.58e-05
  step   4300/8000  recon=0.0064  pr=0.3631  sid=0.8626  grl=2.5461  L/P/U=189/4931/0  actL/P/U=10/246/0  H=1.099  lr=1.52e-05
  step   4400/8000  recon=0.0063  pr=0.3292  sid=0.6956  grl=2.6499  L/P/U=181/4939/0  actL/P/U=10/246/0  H=1.099  lr=1.46e-05
  [grad_norms @4500]
    recon             |g|=0.00232  ratio=1.000x recon
    pr_raw            |g|=0.19652  ratio=84.765x recon
    pr_weighted       |g|=0.00393  ratio=1.695x recon
    sid_raw           |g|=1.34065  ratio=578.267x recon
    sid_weighted      |g|=0.01341  ratio=5.783x recon
    grl               |g|=0.01138  ratio=4.909x recon
    route             |g|=0.00000  ratio=0.000x recon
  step   4500/8000  recon=0.0064  pr=0.4303  sid=0.5910  grl=2.2109  L/P/U=171/4949/0  actL/P/U=9/247/0  H=1.099  lr=1.40e-05
  step   4600/8000  recon=0.0063  pr=0.3749  sid=1.0369  grl=2.6597  L/P/U=159/4961/0  actL/P/U=9/247/0  H=1.099  lr=1.34e-05
  step   4700/8000  recon=0.0065  pr=0.3598  sid=0.6218  grl=2.4614  L/P/U=148/4972/0  actL/P/U=8/248/0  H=1.099  lr=1.28e-05
  step   4800/8000  recon=0.0065  pr=0.3429  sid=0.5972  grl=2.3218  L/P/U=141/4979/0  actL/P/U=8/248/0  H=1.099  lr=1.22e-05
  step   4900/8000  recon=0.0064  pr=0.3470  sid=0.7980  grl=2.6426  L/P/U=136/4984/0  actL/P/U=7/249/0  H=1.099  lr=1.16e-05
  [grad_norms @5000]
    recon             |g|=0.00239  ratio=1.000x recon
    pr_raw            |g|=0.09323  ratio=38.941x recon
    pr_weighted       |g|=0.00186  ratio=0.779x recon
    sid_raw           |g|=2.16387  ratio=903.839x recon
    sid_weighted      |g|=0.02164  ratio=9.038x recon
    grl               |g|=0.01225  ratio=5.116x recon
    route             |g|=0.00000  ratio=0.000x recon
  step   5000/8000  recon=0.0063  pr=0.3497  sid=0.7165  grl=2.4727  L/P/U=132/4988/0  actL/P/U=7/249/0  H=1.099  lr=1.10e-05
  [val] step=5000  recon=0.0244  pr=9.6024  PER=0.382  sid_acc=0.976
  step   5100/8000  recon=0.0065  pr=0.3257  sid=0.6862  grl=2.4243  L/P/U=125/4995/0  actL/P/U=7/249/0  H=1.099  lr=1.04e-05
  step   5200/8000  recon=0.0064  pr=0.3877  sid=0.6799  grl=2.2888  L/P/U=124/4996/0  actL/P/U=7/249/0  H=1.099  lr=9.88e-06
  step   5300/8000  recon=0.0065  pr=0.4190  sid=0.6047  grl=2.2231  L/P/U=122/4998/0  actL/P/U=7/249/0  H=1.099  lr=9.33e-06
  step   5400/8000  recon=0.0064  pr=0.2794  sid=0.7510  grl=2.5703  L/P/U=117/5003/0  actL/P/U=6/250/0  H=1.099  lr=8.78e-06
