=== SAE Reconstruction — full LibriSpeech 100h, no duration clip ===
Job ID     : 29858328
Node       : gpu-q-11
GPU        : NVIDIA A100-SXM4-80GB
Started    : Fri May 29 21:35:47 BST 2026
=== SAE Reconstruction
=== device   : cuda
=== bf16     : True
=== K=5120  topk=256  D=1280
=== steps    : 6000  batch=16
=== lr       : 1.0e-04 → 1.0e-06  warmup=500
=== train_ex : all
=== ckpt_dir : /rds/user/bbg25/hpc-work/Thesis/Final-Proj/Disentanglement/checkpoints
[dis_data] loading train-clean-100 …
[dis_data] loading dev-clean …
[dis_data]  train=28539  val=500
[train] frozen=596,973,362  trainable=13,108,480  device=cuda
[train] K=5120  topk=256  D=1280
[train] steps=6000  batch=16  lr=1.0e-04→1.0e-06  warmup=500
[train] starting training loop …
  [grad_norm @0]  SAE |g|=0.01316
  step      1/6000  recon=0.0246  lr=2.00e-07
  step    100/6000  recon=0.0207  lr=2.00e-05
  step    200/6000  recon=0.0176  lr=4.00e-05
  step    300/6000  recon=0.0154  lr=6.00e-05
  step    400/6000  recon=0.0136  lr=8.00e-05
  step    500/6000  recon=0.0117  lr=1.00e-04
  [grad_norm @500]  SAE |g|=0.00159
  step    600/6000  recon=0.0103  lr=9.99e-05
  step    700/6000  recon=0.0091  lr=9.97e-05
  step    800/6000  recon=0.0080  lr=9.93e-05
  step    900/6000  recon=0.0071  lr=9.87e-05
  step   1000/6000  recon=0.0066  lr=9.80e-05
  [val] step=1000  val_recon=0.0066
  ✓ best checkpoint (val=0.0066) → /rds/user/bbg25/hpc-work/Thesis/Final-Proj/Disentanglement/checkpoints/best.pt
  [grad_norm @1000]  SAE |g|=0.00102
  step   1100/6000  recon=0.0062  lr=9.71e-05
  step   1200/6000  recon=0.0059  lr=9.61e-05
  step   1300/6000  recon=0.0057  lr=9.49e-05
  step   1400/6000  recon=0.0056  lr=9.36e-05
  step   1500/6000  recon=0.0055  lr=9.21e-05
  [grad_norm @1500]  SAE |g|=0.00110
  step   1600/6000  recon=0.0053  lr=9.05e-05
  step   1700/6000  recon=0.0053  lr=8.88e-05
  step   1800/6000  recon=0.0052  lr=8.70e-05
  step   1900/6000  recon=0.0052  lr=8.50e-05
  step   2000/6000  recon=0.0052  lr=8.29e-05
  [val] step=2000  val_recon=0.0053
  ✓ best checkpoint (val=0.0053) → /rds/user/bbg25/hpc-work/Thesis/Final-Proj/Disentanglement/checkpoints/best.pt
  [grad_norm @2000]  SAE |g|=0.00133
  step   2100/6000  recon=0.0051  lr=8.07e-05
  step   2200/6000  recon=0.0051  lr=7.84e-05
  step   2300/6000  recon=0.0053  lr=7.61e-05
  step   2400/6000  recon=0.0050  lr=7.36e-05
  step   2500/6000  recon=0.0051  lr=7.11e-05
  [grad_norm @2500]  SAE |g|=0.00146
  step   2600/6000  recon=0.0050  lr=6.85e-05
  step   2700/6000  recon=0.0050  lr=6.58e-05
  step   2800/6000  recon=0.0050  lr=6.31e-05
  step   2900/6000  recon=0.0050  lr=6.03e-05
  step   3000/6000  recon=0.0050  lr=5.75e-05
  [val] step=3000  val_recon=0.0051
  ✓ best checkpoint (val=0.0051) → /rds/user/bbg25/hpc-work/Thesis/Final-Proj/Disentanglement/checkpoints/best.pt
  [grad_norm @3000]  SAE |g|=0.00156
  step   3100/6000  recon=0.0050  lr=5.47e-05
  step   3200/6000  recon=0.0049  lr=5.19e-05
  step   3300/6000  recon=0.0050  lr=4.91e-05
  step   3400/6000  recon=0.0050  lr=4.63e-05
  step   3500/6000  recon=0.0049  lr=4.35e-05
  [grad_norm @3500]  SAE |g|=0.00166
  step   3600/6000  recon=0.0049  lr=4.07e-05
  step   3700/6000  recon=0.0049  lr=3.79e-05
  step   3800/6000  recon=0.0049  lr=3.52e-05
  step   3900/6000  recon=0.0048  lr=3.25e-05
  step   4000/6000  recon=0.0049  lr=2.99e-05
  [val] step=4000  val_recon=0.0049
  ✓ best checkpoint (val=0.0049) → /rds/user/bbg25/hpc-work/Thesis/Final-Proj/Disentanglement/checkpoints/best.pt
  [grad_norm @4000]  SAE |g|=0.00166
  step   4100/6000  recon=0.0049  lr=2.74e-05
  step   4200/6000  recon=0.0049  lr=2.49e-05
  step   4300/6000  recon=0.0049  lr=2.26e-05
  step   4400/6000  recon=0.0049  lr=2.03e-05
  step   4500/6000  recon=0.0049  lr=1.81e-05
  [grad_norm @4500]  SAE |g|=0.00172
  step   4600/6000  recon=0.0048  lr=1.60e-05
  step   4700/6000  recon=0.0049  lr=1.40e-05
  step   4800/6000  recon=0.0048  lr=1.22e-05
  step   4900/6000  recon=0.0048  lr=1.05e-05
  step   5000/6000  recon=0.0048  lr=8.86e-06
  [val] step=5000  val_recon=0.0049
  ✓ best checkpoint (val=0.0049) → /rds/user/bbg25/hpc-work/Thesis/Final-Proj/Disentanglement/checkpoints/best.pt
  [grad_norm @5000]  SAE |g|=0.00175
  step   5100/6000  recon=0.0048  lr=7.40e-06
  step   5200/6000  recon=0.0048  lr=6.08e-06
  step   5300/6000  recon=0.0049  lr=4.90e-06
  step   5400/6000  recon=0.0048  lr=3.88e-06
  step   5500/6000  recon=0.0048  lr=3.01e-06
  [grad_norm @5500]  SAE |g|=0.00170
  step   5600/6000  recon=0.0048  lr=2.29e-06
  step   5700/6000  recon=0.0048  lr=1.72e-06
  step   5800/6000  recon=0.0048  lr=1.32e-06
  step   5900/6000  recon=0.0047  lr=1.08e-06
  step   6000/6000  recon=0.0047  lr=1.00e-06
  [val] step=6000  val_recon=0.0049
  ✓ best checkpoint (val=0.0049) → /rds/user/bbg25/hpc-work/Thesis/Final-Proj/Disentanglement/checkpoints/best.pt

[train] done.  Best val_recon=0.0049  checkpoint → /rds/user/bbg25/hpc-work/Thesis/Final-Proj/Disentanglement/checkpoints/best.pt

[done]  best checkpoint → /rds/user/bbg25/hpc-work/Thesis/Final-Proj/Disentanglement/checkpoints/best.pt
Finished : Fri May 29 22:06:29 BST 2026
