=== Stage 1: decor_only ===
Job ID  : 29970557
Node    : gpu-q-3
GPU     : NVIDIA A100-SXM4-80GB
Started : Tue Jun  2 04:49:48 BST 2026
extra   : --K 5120  --topk 256 --decor_weight 0.01
=== Disentanglement  stage=1
=== device=cuda  bf16=True
=== K=5120  topk=256  D=1280
=== steps=6000  lr=1.0e-04→1.0e-06
[dis_data] loading train-clean-100 …
[dis_data] loading dev-clean …
[dis_data]  train=28539  val=500
[stage 1] frozen=596,973,362  trainable=14,854,738  device=cuda
[stage 1] K=5120  topk=256  D=1280
[stage 1] steps=6000  batch=16  lr=1.0e-04→1.0e-06  warmup=500
  step      1/6000  recon=0.0251  lr=2.00e-07
  step    100/6000  recon=0.0216  lr=2.00e-05
  step    200/6000  recon=0.0186  lr=4.00e-05
  step    300/6000  recon=0.0160  lr=6.00e-05
  step    400/6000  recon=0.0141  lr=8.00e-05
  [grad_norm @500]  SAE |g|=0.00164
  step    500/6000  recon=0.0125  lr=1.00e-04
  step    600/6000  recon=0.0111  lr=9.99e-05
  step    700/6000  recon=0.0096  lr=9.97e-05
  step    800/6000  recon=0.0086  lr=9.93e-05
  step    900/6000  recon=0.0079  lr=9.87e-05
  [grad_norm @1000]  SAE |g|=0.00136
  step   1000/6000  recon=0.0075  lr=9.80e-05
  [val] step=1000  val_recon=0.0067
  ✓ best checkpoint (val=0.0067) → /rds/user/bbg25/hpc-work/Thesis/Final-Proj/Disentanglement/checkpoints/decor_only/stage1_best.pt
  step   1100/6000  recon=0.0071  lr=9.71e-05
  step   1200/6000  recon=0.0073  lr=9.61e-05
  step   1300/6000  recon=0.0069  lr=9.49e-05
  step   1400/6000  recon=0.0072  lr=9.36e-05
  [grad_norm @1500]  SAE |g|=0.00144
  step   1500/6000  recon=0.0069  lr=9.21e-05
  step   1600/6000  recon=0.0069  lr=9.05e-05
  step   1700/6000  recon=0.0066  lr=8.88e-05
  step   1800/6000  recon=0.0069  lr=8.70e-05
  step   1900/6000  recon=0.0067  lr=8.50e-05
  [grad_norm @2000]  SAE |g|=0.00171
  step   2000/6000  recon=0.0067  lr=8.29e-05
  [val] step=2000  val_recon=0.0059
  ✓ best checkpoint (val=0.0059) → /rds/user/bbg25/hpc-work/Thesis/Final-Proj/Disentanglement/checkpoints/decor_only/stage1_best.pt
  step   2100/6000  recon=0.0069  lr=8.07e-05
  step   2200/6000  recon=0.0067  lr=7.84e-05
  step   2300/6000  recon=0.0065  lr=7.61e-05
  step   2400/6000  recon=0.0065  lr=7.36e-05
  [grad_norm @2500]  SAE |g|=0.00163
  step   2500/6000  recon=0.0064  lr=7.11e-05
  step   2600/6000  recon=0.0064  lr=6.85e-05
  step   2700/6000  recon=0.0064  lr=6.58e-05
  step   2800/6000  recon=0.0065  lr=6.31e-05
  step   2900/6000  recon=0.0064  lr=6.03e-05
  [grad_norm @3000]  SAE |g|=0.00165
  step   3000/6000  recon=0.0063  lr=5.75e-05
  [val] step=3000  val_recon=0.0057
  ✓ best checkpoint (val=0.0057) → /rds/user/bbg25/hpc-work/Thesis/Final-Proj/Disentanglement/checkpoints/decor_only/stage1_best.pt
  step   3100/6000  recon=0.0066  lr=5.47e-05
  step   3200/6000  recon=0.0066  lr=5.19e-05
  step   3300/6000  recon=0.0066  lr=4.91e-05
  step   3400/6000  recon=0.0063  lr=4.63e-05
  [grad_norm @3500]  SAE |g|=0.00176
  step   3500/6000  recon=0.0065  lr=4.35e-05
  step   3600/6000  recon=0.0064  lr=4.07e-05
  step   3700/6000  recon=0.0062  lr=3.79e-05
  step   3800/6000  recon=0.0063  lr=3.52e-05
  step   3900/6000  recon=0.0063  lr=3.25e-05
  [grad_norm @4000]  SAE |g|=0.00166
  step   4000/6000  recon=0.0061  lr=2.99e-05
  [val] step=4000  val_recon=0.0056
  ✓ best checkpoint (val=0.0056) → /rds/user/bbg25/hpc-work/Thesis/Final-Proj/Disentanglement/checkpoints/decor_only/stage1_best.pt
  step   4100/6000  recon=0.0064  lr=2.74e-05
  step   4200/6000  recon=0.0062  lr=2.49e-05
  step   4300/6000  recon=0.0064  lr=2.26e-05
  step   4400/6000  recon=0.0063  lr=2.03e-05
  [grad_norm @4500]  SAE |g|=0.00176
  step   4500/6000  recon=0.0062  lr=1.81e-05
  step   4600/6000  recon=0.0064  lr=1.60e-05
  step   4700/6000  recon=0.0063  lr=1.40e-05
  step   4800/6000  recon=0.0064  lr=1.22e-05
  step   4900/6000  recon=0.0063  lr=1.05e-05
  [grad_norm @5000]  SAE |g|=0.00177
  step   5000/6000  recon=0.0064  lr=8.86e-06
  [val] step=5000  val_recon=0.0056
  ✓ best checkpoint (val=0.0056) → /rds/user/bbg25/hpc-work/Thesis/Final-Proj/Disentanglement/checkpoints/decor_only/stage1_best.pt
  step   5100/6000  recon=0.0063  lr=7.40e-06
  step   5200/6000  recon=0.0061  lr=6.08e-06
  step   5300/6000  recon=0.0065  lr=4.90e-06
  step   5400/6000  recon=0.0061  lr=3.88e-06
  [grad_norm @5500]  SAE |g|=0.00168
  step   5500/6000  recon=0.0063  lr=3.01e-06
  step   5600/6000  recon=0.0061  lr=2.29e-06
  step   5700/6000  recon=0.0064  lr=1.72e-06
  step   5800/6000  recon=0.0064  lr=1.32e-06
  step   5900/6000  recon=0.0064  lr=1.08e-06
  [grad_norm @6000]  SAE |g|=0.00153
  step   6000/6000  recon=0.0061  lr=1.00e-06
  [val] step=6000  val_recon=0.0056
  ✓ best checkpoint (val=0.0056) → /rds/user/bbg25/hpc-work/Thesis/Final-Proj/Disentanglement/checkpoints/decor_only/stage1_best.pt

[stage 1] done.  Best val_recon=0.0056  → /rds/user/bbg25/hpc-work/Thesis/Final-Proj/Disentanglement/checkpoints/decor_only/stage1_best.pt

[done]  best checkpoint → /rds/user/bbg25/hpc-work/Thesis/Final-Proj/Disentanglement/checkpoints/decor_only/stage1_best.pt
Finished : Tue Jun  2 05:20:27 BST 2026
