[diag_probe] run=diag_libri_advlearn_hardqfreeze4000_resetadv_dann6800_gn00015_gp02_aux64_16k_s42_z_t_pr_linear_seed42  device=cuda
[diag_probe] seed=42
[diag_probe] stage1_ckpt=/scratch/bbg25/runs/libri_advlearn_hardqfreeze4000_resetadv_dann6800_gn00015_gp02_aux64_16k_s42/checkpoints/stage2_step16000.pt
[diag_probe] stage2_ckpt=/scratch/bbg25/runs/libri_advlearn_hardqfreeze4000_resetadv_dann6800_gn00015_gp02_aux64_16k_s42/checkpoints/stage2_step16000.pt
[diag_probe] sources=['z_t']  tasks=['pr']
[diag_probe] probe_steps=5000  pr_lr=0.0005  asr_lr=0.0005  sid_lr=0.001  pr_warmup=500  asr_warmup=500  other_warmup=0  val_every=250  patience=10
[dis_data] loaded lexicon: 200,000 entries
[dis_data] loading PR train-clean-100 …
[dis_data] loading PR dev-clean …
[dis_data] loading PR test-clean …
[dis_data]  PR train=28539 val=2703 test=2620 vocab=74
[diag_probe] ASR task not requested — skipping ASR dataloaders.
[dis_data] loading train-clean-100 …
[dis_data]  251 speakers
[dis_data]  train=27539  val=500  test=500  vocab=74  speakers=251
[diag_probe] topk confirmed: 256
[train] loaded 6 SAE tensors from /scratch/bbg25/runs/libri_advlearn_hardqfreeze4000_resetadv_dann6800_gn00015_gp02_aux64_16k_s42/checkpoints/stage2_step16000.pt  (step=16000  val=0.1678)
[diag_probe] learned-route TopK loaded: quotas=[232, 24, 0]
[diag_probe] loaded stage2 weights from /scratch/bbg25/runs/libri_advlearn_hardqfreeze4000_resetadv_dann6800_gn00015_gp02_aux64_16k_s42/checkpoints/stage2_step16000.pt

[diag_probe] speakers=251  pr_vocab=74  asr_vocab=n/a  D=1280  K=5120
[diag_probe] PR: stage-2-matched 74-phone targets — train-clean-100 → val=dev-clean, test=test-clean
[diag_probe] ASR: skipped
[diag_probe] SID: closed-set utterance split (val/test held out); probe arch=linear
[diag_probe] reported metric = TEST (val shown in parentheses)

  training probe: z_t -> PR ...
[dis_data] g2p_en loaded for OOV words
      [pr z_t] step 250/5000  train loss=12.771  dev loss=17.955  dev PER=0.929  (best 0.929, bad 0/10)
      [pr z_t] step 500/5000  train loss=33.228  dev loss=56.975  dev PER=0.988  (best 0.929, bad 1/10)
      [pr z_t] step 750/5000  train loss=34.173  dev loss=23.503  dev PER=0.929  (best 0.929, bad 0/10)
      [pr z_t] step 1000/5000  train loss=25.739  dev loss=16.064  dev PER=0.906  (best 0.906, bad 0/10)
      [pr z_t] step 1250/5000  train loss=17.509  dev loss=17.708  dev PER=0.931  (best 0.906, bad 1/10)
      [pr z_t] step 1500/5000  train loss=14.979  dev loss=9.147  dev PER=0.894  (best 0.894, bad 0/10)
      [pr z_t] step 1750/5000  train loss=7.536  dev loss=6.579  dev PER=0.940  (best 0.894, bad 1/10)
      [pr z_t] step 2000/5000  train loss=5.399  dev loss=5.721  dev PER=0.952  (best 0.894, bad 2/10)
      [pr z_t] step 2250/5000  train loss=5.558  dev loss=6.049  dev PER=1.000  (best 0.894, bad 3/10)
      [pr z_t] step 2500/5000  train loss=5.056  dev loss=6.087  dev PER=0.917  (best 0.894, bad 4/10)
      [pr z_t] step 2750/5000  train loss=4.472  dev loss=3.667  dev PER=0.999  (best 0.894, bad 5/10)
      [pr z_t] step 3000/5000  train loss=3.641  dev loss=3.648  dev PER=1.000  (best 0.894, bad 6/10)
      [pr z_t] step 3250/5000  train loss=3.593  dev loss=3.620  dev PER=1.000  (best 0.894, bad 7/10)
      [pr z_t] step 3500/5000  train loss=3.571  dev loss=3.594  dev PER=1.000  (best 0.894, bad 8/10)
      [pr z_t] step 3750/5000  train loss=3.549  dev loss=3.562  dev PER=1.000  (best 0.894, bad 9/10)
      [pr z_t] step 4000/5000  train loss=3.527  dev loss=3.547  dev PER=1.000  (best 0.894, bad 10/10)
    z_t -> PR               PER test=0.895  (val 0.894)

==================================================================
  DIAGNOSTIC PROBE RESULTS - diag_libri_advlearn_hardqfreeze4000_resetadv_dann6800_gn00015_gp02_aux64_16k_s42_z_t_pr_linear_seed42
==================================================================
  Source       PR (PER↓)    SID (acc↑)
  --------  ------------  ------------
  z_t              0.895           nan
==================================================================

