[diag_probe] run=diag_libri_advlearn_hardqfreeze4000_resetadv_dann6800_gn00015_gp02_aux64_16k_s42_sid_linear_seed42  device=cuda
[diag_probe] seed=42
[diag_probe] stage1_ckpt=/scratch/bbg25/runs/libri_advlearn_hardqfreeze4000_resetadv_dann6800_gn00015_gp02_aux64_16k_s42/checkpoints/stage2_step16000.pt
[diag_probe] stage2_ckpt=/scratch/bbg25/runs/libri_advlearn_hardqfreeze4000_resetadv_dann6800_gn00015_gp02_aux64_16k_s42/checkpoints/stage2_step16000.pt
[diag_probe] sources=['z_t', 'z_L', 'z_P']  tasks=['sid']
[diag_probe] probe_steps=5000  pr_lr=0.0005  asr_lr=0.0005  sid_lr=0.001  pr_warmup=500  asr_warmup=500  other_warmup=0  val_every=250  patience=10
[diag_probe] PR task not requested — skipping PR dataloaders.
[diag_probe] ASR task not requested — skipping ASR dataloaders.
[dis_data] loaded lexicon: 200,000 entries
[dis_data] loading train-clean-100 …
[dis_data]  251 speakers
[dis_data]  train=27539  val=500  test=500  vocab=74  speakers=251
[diag_probe] topk confirmed: 256
[train] loaded 6 SAE tensors from /scratch/bbg25/runs/libri_advlearn_hardqfreeze4000_resetadv_dann6800_gn00015_gp02_aux64_16k_s42/checkpoints/stage2_step16000.pt  (step=16000  val=0.1678)
[diag_probe] learned-route TopK loaded: quotas=[232, 24, 0]
[diag_probe] loaded stage2 weights from /scratch/bbg25/runs/libri_advlearn_hardqfreeze4000_resetadv_dann6800_gn00015_gp02_aux64_16k_s42/checkpoints/stage2_step16000.pt

[diag_probe] speakers=251  pr_vocab=74  asr_vocab=n/a  D=1280  K=5120
[diag_probe] PR: skipped
[diag_probe] ASR: skipped
[diag_probe] SID: closed-set utterance split (val/test held out); probe arch=linear
[diag_probe] reported metric = TEST (val shown in parentheses)

  training probe: z_t -> SID ...
[dis_data] g2p_en loaded for OOV words
      [sid z_t] step 250/5000  train loss=110.843 acc=0.000  dev loss=122.212 acc=0.010  (best 0.010, bad 0/10)
      [sid z_t] step 500/5000  train loss=111.243 acc=0.000  dev loss=111.858 acc=0.004  (best 0.010, bad 1/10)
      [sid z_t] step 750/5000  train loss=111.634 acc=0.000  dev loss=102.483 acc=0.002  (best 0.010, bad 2/10)
      [sid z_t] step 1000/5000  train loss=61.306 acc=0.000  dev loss=86.074 acc=0.012  (best 0.012, bad 0/10)
      [sid z_t] step 1250/5000  train loss=72.888 acc=0.062  dev loss=66.339 acc=0.004  (best 0.012, bad 1/10)
      [sid z_t] step 1500/5000  train loss=77.063 acc=0.000  dev loss=62.701 acc=0.028  (best 0.028, bad 0/10)
      [sid z_t] step 1750/5000  train loss=61.129 acc=0.000  dev loss=49.412 acc=0.016  (best 0.028, bad 1/10)
      [sid z_t] step 2000/5000  train loss=33.344 acc=0.062  dev loss=44.994 acc=0.020  (best 0.028, bad 2/10)
      [sid z_t] step 2250/5000  train loss=30.102 acc=0.000  dev loss=28.636 acc=0.028  (best 0.028, bad 3/10)
      [sid z_t] step 2500/5000  train loss=25.406 acc=0.000  dev loss=25.706 acc=0.034  (best 0.034, bad 0/10)
      [sid z_t] step 2750/5000  train loss=16.373 acc=0.062  dev loss=15.945 acc=0.074  (best 0.074, bad 0/10)
      [sid z_t] step 3000/5000  train loss=13.839 acc=0.125  dev loss=11.010 acc=0.098  (best 0.098, bad 0/10)
      [sid z_t] step 3250/5000  train loss=7.759 acc=0.125  dev loss=9.586 acc=0.166  (best 0.166, bad 0/10)
      [sid z_t] step 3500/5000  train loss=7.509 acc=0.062  dev loss=8.211 acc=0.168  (best 0.168, bad 0/10)
      [sid z_t] step 3750/5000  train loss=5.535 acc=0.188  dev loss=6.018 acc=0.280  (best 0.280, bad 0/10)
      [sid z_t] step 4000/5000  train loss=3.472 acc=0.375  dev loss=3.992 acc=0.332  (best 0.332, bad 0/10)
      [sid z_t] step 4250/5000  train loss=2.691 acc=0.438  dev loss=2.965 acc=0.462  (best 0.462, bad 0/10)
      [sid z_t] step 4500/5000  train loss=2.119 acc=0.562  dev loss=1.880 acc=0.584  (best 0.584, bad 0/10)
      [sid z_t] step 4750/5000  train loss=0.621 acc=0.938  dev loss=1.125 acc=0.772  (best 0.772, bad 0/10)
      [sid z_t] step 5000/5000  train loss=0.541 acc=0.938  dev loss=0.657 acc=0.950  (best 0.950, bad 0/10)
    z_t -> SID              acc test=0.964  (val 0.950)
  training probe: z_L -> SID ...
      [sid z_L] step 250/5000  train loss=141.059 acc=0.000  dev loss=121.774 acc=0.006  (best 0.006, bad 0/10)
      [sid z_L] step 500/5000  train loss=112.104 acc=0.000  dev loss=92.029 acc=0.002  (best 0.006, bad 1/10)
      [sid z_L] step 750/5000  train loss=100.348 acc=0.000  dev loss=89.415 acc=0.000  (best 0.006, bad 2/10)
      [sid z_L] step 1000/5000  train loss=101.761 acc=0.000  dev loss=86.353 acc=0.002  (best 0.006, bad 3/10)
      [sid z_L] step 1250/5000  train loss=93.683 acc=0.000  dev loss=87.541 acc=0.008  (best 0.008, bad 0/10)
      [sid z_L] step 1500/5000  train loss=87.201 acc=0.000  dev loss=82.966 acc=0.002  (best 0.008, bad 1/10)
      [sid z_L] step 1750/5000  train loss=47.391 acc=0.000  dev loss=61.582 acc=0.006  (best 0.008, bad 2/10)
      [sid z_L] step 2000/5000  train loss=43.920 acc=0.000  dev loss=42.336 acc=0.008  (best 0.008, bad 3/10)
      [sid z_L] step 2250/5000  train loss=48.694 acc=0.000  dev loss=44.289 acc=0.006  (best 0.008, bad 4/10)
      [sid z_L] step 2500/5000  train loss=30.090 acc=0.000  dev loss=35.733 acc=0.000  (best 0.008, bad 5/10)
      [sid z_L] step 2750/5000  train loss=26.528 acc=0.000  dev loss=25.546 acc=0.002  (best 0.008, bad 6/10)
      [sid z_L] step 3000/5000  train loss=21.244 acc=0.000  dev loss=22.986 acc=0.002  (best 0.008, bad 7/10)
      [sid z_L] step 3250/5000  train loss=11.965 acc=0.000  dev loss=16.355 acc=0.002  (best 0.008, bad 8/10)
      [sid z_L] step 3500/5000  train loss=14.828 acc=0.000  dev loss=13.005 acc=0.004  (best 0.008, bad 9/10)
      [sid z_L] step 3750/5000  train loss=9.342 acc=0.000  dev loss=10.368 acc=0.006  (best 0.008, bad 10/10)
    z_L -> SID              acc test=0.006  (val 0.008)
  training probe: z_P -> SID ...
      [sid z_P] step 250/5000  train loss=2.225 acc=0.750  dev loss=2.300 acc=0.646  (best 0.646, bad 0/10)
      [sid z_P] step 500/5000  train loss=0.349 acc=0.938  dev loss=0.304 acc=0.968  (best 0.968, bad 0/10)
      [sid z_P] step 750/5000  train loss=0.056 acc=1.000  dev loss=0.077 acc=0.994  (best 0.994, bad 0/10)
      [sid z_P] step 1000/5000  train loss=0.100 acc=0.938  dev loss=0.037 acc=0.998  (best 0.998, bad 0/10)
      [sid z_P] step 1250/5000  train loss=0.008 acc=1.000  dev loss=0.021 acc=0.998  (best 0.998, bad 1/10)
      [sid z_P] step 1500/5000  train loss=0.003 acc=1.000  dev loss=0.023 acc=0.998  (best 0.998, bad 2/10)
      [sid z_P] step 1750/5000  train loss=0.004 acc=1.000  dev loss=0.012 acc=0.998  (best 0.998, bad 3/10)
      [sid z_P] step 2000/5000  train loss=0.003 acc=1.000  dev loss=0.011 acc=0.998  (best 0.998, bad 4/10)
      [sid z_P] step 2250/5000  train loss=0.003 acc=1.000  dev loss=0.013 acc=0.994  (best 0.998, bad 5/10)
      [sid z_P] step 2500/5000  train loss=0.003 acc=1.000  dev loss=0.006 acc=1.000  (best 1.000, bad 0/10)
      [sid z_P] step 2750/5000  train loss=0.001 acc=1.000  dev loss=0.005 acc=1.000  (best 1.000, bad 1/10)
      [sid z_P] step 3000/5000  train loss=0.007 acc=1.000  dev loss=0.006 acc=1.000  (best 1.000, bad 2/10)
      [sid z_P] step 3250/5000  train loss=0.002 acc=1.000  dev loss=0.005 acc=1.000  (best 1.000, bad 3/10)
      [sid z_P] step 3500/5000  train loss=0.001 acc=1.000  dev loss=0.004 acc=1.000  (best 1.000, bad 4/10)
      [sid z_P] step 3750/5000  train loss=0.001 acc=1.000  dev loss=0.004 acc=1.000  (best 1.000, bad 5/10)
      [sid z_P] step 4000/5000  train loss=0.001 acc=1.000  dev loss=0.003 acc=1.000  (best 1.000, bad 6/10)
      [sid z_P] step 4250/5000  train loss=0.002 acc=1.000  dev loss=0.003 acc=1.000  (best 1.000, bad 7/10)
      [sid z_P] step 4500/5000  train loss=0.001 acc=1.000  dev loss=0.003 acc=1.000  (best 1.000, bad 8/10)
      [sid z_P] step 4750/5000  train loss=0.002 acc=1.000  dev loss=0.003 acc=1.000  (best 1.000, bad 9/10)
      [sid z_P] step 5000/5000  train loss=0.002 acc=1.000  dev loss=0.003 acc=1.000  (best 1.000, bad 10/10)
    z_P -> SID              acc test=0.998  (val 1.000)

==================================================================
  DIAGNOSTIC PROBE RESULTS - diag_libri_advlearn_hardqfreeze4000_resetadv_dann6800_gn00015_gp02_aux64_16k_s42_sid_linear_seed42
==================================================================
  Source       PR (PER↓)    SID (acc↑)
  --------  ------------  ------------
  z_t                nan         0.964
  z_L                nan         0.006
  z_P                nan         0.998
==================================================================

