[diag_probe] run=diag_libri_advfb_next_earlydecay_gn0002to00005_240L16P_aux64_12k_s42_z_L_pr_linear_seed42  device=cuda
[diag_probe] seed=42
[diag_probe] stage1_ckpt=/scratch/bbg25/runs/libri_advfb_next_earlydecay_gn0002to00005_240L16P_aux64_12k_s42/checkpoints/stage2_step12000.pt
[diag_probe] stage2_ckpt=/scratch/bbg25/runs/libri_advfb_next_earlydecay_gn0002to00005_240L16P_aux64_12k_s42/checkpoints/stage2_step12000.pt
[diag_probe] sources=['z_L']  tasks=['pr']
[diag_probe] probe_steps=5000  pr_lr=0.0005  sid_lr=0.001  pr_warmup=500  other_warmup=0  val_every=250  patience=5
[dis_data] loaded lexicon: 200,000 entries
[dis_data] loading PR train-clean-100 …
[dis_data] loading PR dev-clean …
[dis_data] loading PR test-clean …
[dis_data]  PR train=28539 val=2703 test=2620 vocab=74
[dis_data] loading train-clean-100 …
[dis_data]  251 speakers
[dis_data]  train=27539  val=500  test=500  vocab=74  speakers=251
[diag_probe] topk confirmed: 256
[train] WARNING: unexpected missing SAE keys: ['block_idx', 'block_m_L', 'block_m_P', 'block_m_U']
[train] loaded 3 SAE tensors from /scratch/bbg25/runs/libri_advfb_next_earlydecay_gn0002to00005_240L16P_aux64_12k_s42/checkpoints/stage2_step12000.pt  (step=12000  val=0.1113)
[diag_probe] loaded stage2 weights from /scratch/bbg25/runs/libri_advfb_next_earlydecay_gn0002to00005_240L16P_aux64_12k_s42/checkpoints/stage2_step12000.pt

[diag_probe] speakers=251  pr_vocab=74  D=1280  K=5120
[diag_probe] PR: stage-2-matched 74-phone targets — train-clean-100 → val=dev-clean, test=test-clean
[diag_probe] SID: closed-set utterance split (val/test held out); probe arch=linear
[diag_probe] reported metric = TEST (val shown in parentheses)

  training probe: z_L -> PR ...
[dis_data] g2p_en loaded for OOV words
      [pr z_L] step 250/5000  train loss=6.543  dev loss=6.857  dev PER=0.937  (best 0.937, bad 0/5)
      [pr z_L] step 500/5000  train loss=5.176  dev loss=6.000  dev PER=0.862  (best 0.862, bad 0/5)
      [pr z_L] step 750/5000  train loss=4.991  dev loss=7.216  dev PER=0.953  (best 0.862, bad 1/5)
      [pr z_L] step 1000/5000  train loss=4.987  dev loss=5.825  dev PER=0.928  (best 0.862, bad 2/5)
      [pr z_L] step 1250/5000  train loss=4.684  dev loss=3.143  dev PER=0.976  (best 0.862, bad 3/5)
      [pr z_L] step 1500/5000  train loss=0.974  dev loss=0.615  dev PER=0.186  (best 0.186, bad 0/5)
      [pr z_L] step 1750/5000  train loss=0.552  dev loss=0.535  dev PER=0.158  (best 0.158, bad 0/5)
      [pr z_L] step 2000/5000  train loss=0.501  dev loss=0.514  dev PER=0.152  (best 0.152, bad 0/5)
      [pr z_L] step 2250/5000  train loss=0.482  dev loss=0.480  dev PER=0.132  (best 0.132, bad 0/5)
      [pr z_L] step 2500/5000  train loss=0.467  dev loss=0.479  dev PER=0.143  (best 0.132, bad 1/5)
      [pr z_L] step 2750/5000  train loss=0.457  dev loss=0.462  dev PER=0.124  (best 0.124, bad 0/5)
      [pr z_L] step 3000/5000  train loss=0.449  dev loss=0.442  dev PER=0.109  (best 0.109, bad 0/5)
      [pr z_L] step 3250/5000  train loss=0.440  dev loss=0.435  dev PER=0.108  (best 0.108, bad 0/5)
      [pr z_L] step 3500/5000  train loss=0.426  dev loss=0.432  dev PER=0.116  (best 0.108, bad 1/5)
      [pr z_L] step 3750/5000  train loss=0.421  dev loss=0.421  dev PER=0.107  (best 0.107, bad 0/5)
      [pr z_L] step 4000/5000  train loss=0.413  dev loss=0.420  dev PER=0.114  (best 0.107, bad 1/5)
      [pr z_L] step 4250/5000  train loss=0.410  dev loss=0.411  dev PER=0.106  (best 0.106, bad 0/5)
      [pr z_L] step 4500/5000  train loss=0.404  dev loss=0.407  dev PER=0.104  (best 0.104, bad 0/5)
      [pr z_L] step 4750/5000  train loss=0.403  dev loss=0.403  dev PER=0.107  (best 0.104, bad 1/5)
      [pr z_L] step 5000/5000  train loss=0.394  dev loss=0.401  dev PER=0.106  (best 0.104, bad 2/5)
    z_L -> PR               PER test=0.107  (val 0.104)

==================================================================
  DIAGNOSTIC PROBE RESULTS - diag_libri_advfb_next_earlydecay_gn0002to00005_240L16P_aux64_12k_s42_z_L_pr_linear_seed42
==================================================================
  Source       PR (PER↓)    SID (acc↑)
  --------  ------------  ------------
  z_L              0.107           nan
==================================================================

