[diag_probe] run=diag_libri_advfb_next_earlydecay_gn0002to00005_240L16P_aux64_12k_s42_sid_linear_seed42  device=cuda
[diag_probe] seed=42
[diag_probe] stage1_ckpt=/scratch/bbg25/runs/libri_advfb_next_earlydecay_gn0002to00005_240L16P_aux64_12k_s42/checkpoints/stage2_step12000.pt
[diag_probe] stage2_ckpt=/scratch/bbg25/runs/libri_advfb_next_earlydecay_gn0002to00005_240L16P_aux64_12k_s42/checkpoints/stage2_step12000.pt
[diag_probe] sources=['z_t', 'z_L', 'z_P']  tasks=['sid']
[diag_probe] probe_steps=5000  pr_lr=0.0005  sid_lr=0.001  pr_warmup=500  other_warmup=0  val_every=250  patience=5
[diag_probe] PR task not requested — skipping PR dataloaders.
[dis_data] loaded lexicon: 200,000 entries
[dis_data] loading train-clean-100 …
[dis_data]  251 speakers
[dis_data]  train=27539  val=500  test=500  vocab=74  speakers=251
[diag_probe] topk confirmed: 256
[train] WARNING: unexpected missing SAE keys: ['block_idx', 'block_m_L', 'block_m_P', 'block_m_U']
[train] loaded 3 SAE tensors from /scratch/bbg25/runs/libri_advfb_next_earlydecay_gn0002to00005_240L16P_aux64_12k_s42/checkpoints/stage2_step12000.pt  (step=12000  val=0.1113)
[diag_probe] loaded stage2 weights from /scratch/bbg25/runs/libri_advfb_next_earlydecay_gn0002to00005_240L16P_aux64_12k_s42/checkpoints/stage2_step12000.pt

[diag_probe] speakers=251  pr_vocab=74  D=1280  K=5120
[diag_probe] PR: skipped
[diag_probe] SID: closed-set utterance split (val/test held out); probe arch=linear
[diag_probe] reported metric = TEST (val shown in parentheses)

  training probe: z_t -> SID ...
[dis_data] g2p_en loaded for OOV words
      [sid z_t] step 250/5000  train loss=5.841 acc=0.188  dev loss=5.296 acc=0.050  (best 0.050, bad 0/5)
      [sid z_t] step 500/5000  train loss=3.302 acc=0.438  dev loss=3.681 acc=0.240  (best 0.240, bad 0/5)
      [sid z_t] step 750/5000  train loss=1.840 acc=0.562  dev loss=1.715 acc=0.618  (best 0.618, bad 0/5)
      [sid z_t] step 1000/5000  train loss=1.268 acc=0.688  dev loss=1.180 acc=0.730  (best 0.730, bad 0/5)
      [sid z_t] step 1250/5000  train loss=0.808 acc=0.812  dev loss=0.889 acc=0.766  (best 0.766, bad 0/5)
      [sid z_t] step 1500/5000  train loss=0.262 acc=1.000  dev loss=0.509 acc=0.860  (best 0.860, bad 0/5)
      [sid z_t] step 1750/5000  train loss=0.654 acc=0.750  dev loss=0.516 acc=0.840  (best 0.860, bad 1/5)
      [sid z_t] step 2000/5000  train loss=0.254 acc=0.938  dev loss=0.431 acc=0.886  (best 0.886, bad 0/5)
      [sid z_t] step 2250/5000  train loss=0.215 acc=0.938  dev loss=0.504 acc=0.844  (best 0.886, bad 1/5)
      [sid z_t] step 2500/5000  train loss=0.242 acc=0.938  dev loss=0.270 acc=0.910  (best 0.910, bad 0/5)
      [sid z_t] step 2750/5000  train loss=0.264 acc=0.938  dev loss=0.166 acc=0.944  (best 0.944, bad 0/5)
      [sid z_t] step 3000/5000  train loss=0.279 acc=0.938  dev loss=0.076 acc=0.980  (best 0.980, bad 0/5)
      [sid z_t] step 3250/5000  train loss=0.256 acc=0.938  dev loss=0.120 acc=0.960  (best 0.980, bad 1/5)
      [sid z_t] step 3500/5000  train loss=0.074 acc=1.000  dev loss=0.121 acc=0.968  (best 0.980, bad 2/5)
      [sid z_t] step 3750/5000  train loss=0.054 acc=1.000  dev loss=0.064 acc=0.982  (best 0.982, bad 0/5)
      [sid z_t] step 4000/5000  train loss=0.107 acc=0.938  dev loss=0.026 acc=0.994  (best 0.994, bad 0/5)
      [sid z_t] step 4250/5000  train loss=0.010 acc=1.000  dev loss=0.025 acc=0.992  (best 0.994, bad 1/5)
      [sid z_t] step 4500/5000  train loss=0.005 acc=1.000  dev loss=0.021 acc=0.992  (best 0.994, bad 2/5)
      [sid z_t] step 4750/5000  train loss=0.002 acc=1.000  dev loss=0.015 acc=0.996  (best 0.996, bad 0/5)
      [sid z_t] step 5000/5000  train loss=0.002 acc=1.000  dev loss=0.011 acc=0.998  (best 0.998, bad 0/5)
    z_t -> SID              acc test=1.000  (val 0.998)
  training probe: z_L -> SID ...
      [sid z_L] step 250/5000  train loss=6.728 acc=0.000  dev loss=7.279 acc=0.012  (best 0.012, bad 0/5)
      [sid z_L] step 500/5000  train loss=6.932 acc=0.000  dev loss=6.902 acc=0.002  (best 0.012, bad 1/5)
      [sid z_L] step 750/5000  train loss=6.966 acc=0.000  dev loss=6.634 acc=0.004  (best 0.012, bad 2/5)
      [sid z_L] step 1000/5000  train loss=6.855 acc=0.000  dev loss=6.751 acc=0.006  (best 0.012, bad 3/5)
      [sid z_L] step 1250/5000  train loss=6.598 acc=0.000  dev loss=6.518 acc=0.006  (best 0.012, bad 4/5)
      [sid z_L] step 1500/5000  train loss=6.188 acc=0.062  dev loss=6.328 acc=0.000  (best 0.012, bad 5/5)
    z_L -> SID              acc test=0.014  (val 0.012)
  training probe: z_P -> SID ...
      [sid z_P] step 250/5000  train loss=1.821 acc=0.812  dev loss=1.699 acc=0.766  (best 0.766, bad 0/5)
      [sid z_P] step 500/5000  train loss=0.294 acc=0.938  dev loss=0.361 acc=0.968  (best 0.968, bad 0/5)
      [sid z_P] step 750/5000  train loss=0.279 acc=0.938  dev loss=0.108 acc=0.996  (best 0.996, bad 0/5)
      [sid z_P] step 1000/5000  train loss=0.033 acc=1.000  dev loss=0.056 acc=0.996  (best 0.996, bad 1/5)
      [sid z_P] step 1250/5000  train loss=0.038 acc=1.000  dev loss=0.035 acc=1.000  (best 1.000, bad 0/5)
      [sid z_P] step 1500/5000  train loss=0.016 acc=1.000  dev loss=0.030 acc=0.996  (best 1.000, bad 1/5)
      [sid z_P] step 1750/5000  train loss=0.018 acc=1.000  dev loss=0.025 acc=1.000  (best 1.000, bad 2/5)
      [sid z_P] step 2000/5000  train loss=0.022 acc=1.000  dev loss=0.022 acc=1.000  (best 1.000, bad 3/5)
      [sid z_P] step 2250/5000  train loss=0.011 acc=1.000  dev loss=0.018 acc=1.000  (best 1.000, bad 4/5)
      [sid z_P] step 2500/5000  train loss=0.007 acc=1.000  dev loss=0.015 acc=1.000  (best 1.000, bad 5/5)
    z_P -> SID              acc test=0.996  (val 1.000)

==================================================================
  DIAGNOSTIC PROBE RESULTS - diag_libri_advfb_next_earlydecay_gn0002to00005_240L16P_aux64_12k_s42_sid_linear_seed42
==================================================================
  Source       PR (PER↓)    SID (acc↑)
  --------  ------------  ------------
  z_t                nan         1.000
  z_L                nan         0.014
  z_P                nan         0.996
==================================================================

