[diag_probe] run=diag_libri_advfb_next_earlydecay_gn0002to00005_240L16P_aux64_12k_s42_checkpoint_pr_sanity  device=cuda
[diag_probe] seed=42
[diag_probe] stage1_ckpt=/scratch/bbg25/runs/libri_advfb_next_earlydecay_gn0002to00005_240L16P_aux64_12k_s42/checkpoints/stage2_step12000.pt
[diag_probe] stage2_ckpt=/scratch/bbg25/runs/libri_advfb_next_earlydecay_gn0002to00005_240L16P_aux64_12k_s42/checkpoints/stage2_step12000.pt
[diag_probe] sources=['z_L']  tasks=['pr']
[diag_probe] probe_steps=5000  pr_lr=0.0005  sid_lr=0.001  pr_warmup=500  other_warmup=0  val_every=250  patience=5
[dis_data] loaded lexicon: 200,000 entries
[dis_data] loading PR train-clean-100 …
[dis_data] loading PR dev-clean …
[dis_data] loading PR test-clean …
[dis_data]  PR train=28539 val=2703 test=2620 vocab=74
[dis_data] loading train-clean-100 …
[dis_data]  251 speakers
[dis_data]  train=27539  val=500  test=500  vocab=74  speakers=251
[diag_probe] topk confirmed: 256
[train] WARNING: unexpected missing SAE keys: ['block_idx', 'block_m_L', 'block_m_P', 'block_m_U']
[train] loaded 3 SAE tensors from /scratch/bbg25/runs/libri_advfb_next_earlydecay_gn0002to00005_240L16P_aux64_12k_s42/checkpoints/stage2_step12000.pt  (step=12000  val=0.1113)
[diag_probe] loaded stage2 weights from /scratch/bbg25/runs/libri_advfb_next_earlydecay_gn0002to00005_240L16P_aux64_12k_s42/checkpoints/stage2_step12000.pt
[dis_data] g2p_en loaded for OOV words
[diag_probe] checkpoint PR-head sanity on stage-2 holdout: loss=0.3925 PER=0.1064
[diag_probe] PR sanity-only requested; exiting before fresh probes.
