[diag_probe] run=diag_libri_advlearn_hardfreeze4000_dann3k_gn00015_gp02_aux64_12k_s42_z_P_pr_direct_seed42  device=cuda
[diag_probe] seed=42
[diag_probe] stage1_ckpt=/scratch/bbg25/runs/libri_advlearn_hardfreeze4000_dann3k_gn00015_gp02_aux64_12k_s42/checkpoints/stage2_step12000.pt
[diag_probe] stage2_ckpt=/scratch/bbg25/runs/libri_advlearn_hardfreeze4000_dann3k_gn00015_gp02_aux64_12k_s42/checkpoints/stage2_step12000.pt
[diag_probe] sources=['z_P']  tasks=['pr']
[diag_probe] probe_steps=5000  pr_lr=0.0005  asr_lr=0.0005  sid_lr=0.001  pr_warmup=500  asr_warmup=500  other_warmup=0  val_every=250  patience=10
[dis_data] loaded lexicon: 200,000 entries
[dis_data] loading PR train-clean-100 …
[dis_data] loading PR dev-clean …
[dis_data] loading PR test-clean …
[dis_data]  PR train=28539 val=2703 test=2620 vocab=74
[diag_probe] ASR task not requested — skipping ASR dataloaders.
[dis_data] loading train-clean-100 …
[dis_data]  251 speakers
[dis_data]  train=27539  val=500  test=500  vocab=74  speakers=251
[diag_probe] topk confirmed: 256
[train] loaded 3 SAE tensors from /scratch/bbg25/runs/libri_advlearn_hardfreeze4000_dann3k_gn00015_gp02_aux64_12k_s42/checkpoints/stage2_step12000.pt  (step=12000  val=0.1354)
[diag_probe] loaded stage2 weights from /scratch/bbg25/runs/libri_advlearn_hardfreeze4000_dann3k_gn00015_gp02_aux64_12k_s42/checkpoints/stage2_step12000.pt

[diag_probe] speakers=251  pr_vocab=74  asr_vocab=n/a  D=1280  K=5120
[diag_probe] PR: stage-2-matched 74-phone targets — train-clean-100 → val=dev-clean, test=test-clean
[diag_probe] ASR: skipped
[diag_probe] SID: closed-set utterance split (val/test held out); probe arch=linear
[diag_probe] reported metric = TEST (val shown in parentheses)

  training probe: z_P -> PR ...
[dis_data] g2p_en loaded for OOV words
      [pr z_P] step 250/5000  train loss=16.556  dev loss=14.363  dev PER=0.938  (best 0.938, bad 0/10)
      [pr z_P] step 500/5000  train loss=10.214  dev loss=9.031  dev PER=1.000  (best 0.938, bad 1/10)
      [pr z_P] step 750/5000  train loss=6.950  dev loss=6.969  dev PER=1.000  (best 0.938, bad 2/10)
      [pr z_P] step 1000/5000  train loss=5.823  dev loss=6.214  dev PER=1.000  (best 0.938, bad 3/10)
      [pr z_P] step 1250/5000  train loss=5.373  dev loss=5.880  dev PER=1.000  (best 0.938, bad 4/10)
      [pr z_P] step 1500/5000  train loss=5.174  dev loss=5.664  dev PER=1.000  (best 0.938, bad 5/10)
      [pr z_P] step 1750/5000  train loss=4.997  dev loss=5.505  dev PER=1.000  (best 0.938, bad 6/10)
      [pr z_P] step 2000/5000  train loss=4.892  dev loss=5.375  dev PER=1.000  (best 0.938, bad 7/10)
      [pr z_P] step 2250/5000  train loss=4.783  dev loss=5.268  dev PER=1.000  (best 0.938, bad 8/10)
      [pr z_P] step 2500/5000  train loss=4.709  dev loss=5.175  dev PER=1.000  (best 0.938, bad 9/10)
      [pr z_P] step 2750/5000  train loss=4.640  dev loss=5.094  dev PER=1.000  (best 0.938, bad 10/10)
    z_P -> PR               PER test=0.933  (val 0.938)

==================================================================
  DIAGNOSTIC PROBE RESULTS - diag_libri_advlearn_hardfreeze4000_dann3k_gn00015_gp02_aux64_12k_s42_z_P_pr_direct_seed42
==================================================================
  Source       PR (PER↓)    SID (acc↑)
  --------  ------------  ------------
  z_P              0.933           nan
==================================================================

