[diag_probe] run=diag_libri_advlearn_hardfreeze4000_dann3k_gn00015_gp02_aux64_12k_s42_sid_linear_seed42  device=cuda
[diag_probe] seed=42
[diag_probe] stage1_ckpt=/scratch/bbg25/runs/libri_advlearn_hardfreeze4000_dann3k_gn00015_gp02_aux64_12k_s42/checkpoints/stage2_step12000.pt
[diag_probe] stage2_ckpt=/scratch/bbg25/runs/libri_advlearn_hardfreeze4000_dann3k_gn00015_gp02_aux64_12k_s42/checkpoints/stage2_step12000.pt
[diag_probe] sources=['z_t', 'z_L', 'z_P']  tasks=['sid']
[diag_probe] probe_steps=5000  pr_lr=0.0005  asr_lr=0.0005  sid_lr=0.001  pr_warmup=500  asr_warmup=500  other_warmup=0  val_every=250  patience=10
[diag_probe] PR task not requested — skipping PR dataloaders.
[diag_probe] ASR task not requested — skipping ASR dataloaders.
[dis_data] loaded lexicon: 200,000 entries
[dis_data] loading train-clean-100 …
[dis_data]  251 speakers
[dis_data]  train=27539  val=500  test=500  vocab=74  speakers=251
[diag_probe] topk confirmed: 256
[train] loaded 3 SAE tensors from /scratch/bbg25/runs/libri_advlearn_hardfreeze4000_dann3k_gn00015_gp02_aux64_12k_s42/checkpoints/stage2_step12000.pt  (step=12000  val=0.1354)
[diag_probe] loaded stage2 weights from /scratch/bbg25/runs/libri_advlearn_hardfreeze4000_dann3k_gn00015_gp02_aux64_12k_s42/checkpoints/stage2_step12000.pt

[diag_probe] speakers=251  pr_vocab=74  asr_vocab=n/a  D=1280  K=5120
[diag_probe] PR: skipped
[diag_probe] ASR: skipped
[diag_probe] SID: closed-set utterance split (val/test held out); probe arch=linear
[diag_probe] reported metric = TEST (val shown in parentheses)

  training probe: z_t -> SID ...
[dis_data] g2p_en loaded for OOV words
      [sid z_t] step 250/5000  train loss=5.959 acc=0.062  dev loss=5.596 acc=0.066  (best 0.066, bad 0/10)
      [sid z_t] step 500/5000  train loss=4.112 acc=0.250  dev loss=4.508 acc=0.172  (best 0.172, bad 0/10)
      [sid z_t] step 750/5000  train loss=2.146 acc=0.625  dev loss=2.402 acc=0.452  (best 0.452, bad 0/10)
      [sid z_t] step 1000/5000  train loss=1.736 acc=0.625  dev loss=1.570 acc=0.624  (best 0.624, bad 0/10)
      [sid z_t] step 1250/5000  train loss=1.160 acc=0.500  dev loss=1.179 acc=0.722  (best 0.722, bad 0/10)
      [sid z_t] step 1500/5000  train loss=0.555 acc=0.875  dev loss=0.960 acc=0.730  (best 0.730, bad 0/10)
      [sid z_t] step 1750/5000  train loss=0.611 acc=0.812  dev loss=0.674 acc=0.822  (best 0.822, bad 0/10)
      [sid z_t] step 2000/5000  train loss=0.596 acc=0.812  dev loss=0.584 acc=0.846  (best 0.846, bad 0/10)
      [sid z_t] step 2250/5000  train loss=0.436 acc=0.875  dev loss=0.605 acc=0.836  (best 0.846, bad 1/10)
      [sid z_t] step 2500/5000  train loss=0.219 acc=1.000  dev loss=0.359 acc=0.900  (best 0.900, bad 0/10)
      [sid z_t] step 2750/5000  train loss=0.414 acc=0.812  dev loss=0.307 acc=0.924  (best 0.924, bad 0/10)
      [sid z_t] step 3000/5000  train loss=0.275 acc=0.938  dev loss=0.316 acc=0.904  (best 0.924, bad 1/10)
      [sid z_t] step 3250/5000  train loss=0.112 acc=1.000  dev loss=0.259 acc=0.918  (best 0.924, bad 2/10)
      [sid z_t] step 3500/5000  train loss=0.233 acc=0.938  dev loss=0.150 acc=0.962  (best 0.962, bad 0/10)
      [sid z_t] step 3750/5000  train loss=0.145 acc=0.938  dev loss=0.173 acc=0.966  (best 0.966, bad 0/10)
      [sid z_t] step 4000/5000  train loss=0.103 acc=0.938  dev loss=0.180 acc=0.946  (best 0.966, bad 1/10)
      [sid z_t] step 4250/5000  train loss=0.200 acc=0.938  dev loss=0.141 acc=0.972  (best 0.972, bad 0/10)
      [sid z_t] step 4500/5000  train loss=0.015 acc=1.000  dev loss=0.089 acc=0.982  (best 0.982, bad 0/10)
      [sid z_t] step 4750/5000  train loss=0.036 acc=1.000  dev loss=0.073 acc=0.988  (best 0.988, bad 0/10)
      [sid z_t] step 5000/5000  train loss=0.004 acc=1.000  dev loss=0.062 acc=0.992  (best 0.992, bad 0/10)
    z_t -> SID              acc test=0.988  (val 0.992)
  training probe: z_L -> SID ...
      [sid z_L] step 250/5000  train loss=6.078 acc=0.000  dev loss=6.584 acc=0.014  (best 0.014, bad 0/10)
      [sid z_L] step 500/5000  train loss=6.847 acc=0.000  dev loss=6.720 acc=0.006  (best 0.014, bad 1/10)
      [sid z_L] step 750/5000  train loss=6.816 acc=0.000  dev loss=6.166 acc=0.008  (best 0.014, bad 2/10)
      [sid z_L] step 1000/5000  train loss=6.238 acc=0.000  dev loss=6.181 acc=0.006  (best 0.014, bad 3/10)
      [sid z_L] step 1250/5000  train loss=6.324 acc=0.000  dev loss=6.246 acc=0.004  (best 0.014, bad 4/10)
      [sid z_L] step 1500/5000  train loss=5.759 acc=0.062  dev loss=5.993 acc=0.010  (best 0.014, bad 5/10)
      [sid z_L] step 1750/5000  train loss=6.070 acc=0.000  dev loss=5.843 acc=0.004  (best 0.014, bad 6/10)
      [sid z_L] step 2000/5000  train loss=6.073 acc=0.000  dev loss=5.836 acc=0.014  (best 0.014, bad 7/10)
      [sid z_L] step 2250/5000  train loss=5.831 acc=0.000  dev loss=5.569 acc=0.024  (best 0.024, bad 0/10)
      [sid z_L] step 2500/5000  train loss=5.247 acc=0.000  dev loss=5.434 acc=0.012  (best 0.024, bad 1/10)
      [sid z_L] step 2750/5000  train loss=5.659 acc=0.000  dev loss=5.425 acc=0.014  (best 0.024, bad 2/10)
      [sid z_L] step 3000/5000  train loss=5.614 acc=0.000  dev loss=5.316 acc=0.020  (best 0.024, bad 3/10)
      [sid z_L] step 3250/5000  train loss=5.123 acc=0.000  dev loss=5.163 acc=0.036  (best 0.036, bad 0/10)
      [sid z_L] step 3500/5000  train loss=4.767 acc=0.062  dev loss=5.075 acc=0.038  (best 0.038, bad 0/10)
      [sid z_L] step 3750/5000  train loss=5.322 acc=0.000  dev loss=4.972 acc=0.046  (best 0.046, bad 0/10)
      [sid z_L] step 4000/5000  train loss=5.014 acc=0.000  dev loss=4.903 acc=0.046  (best 0.046, bad 1/10)
      [sid z_L] step 4250/5000  train loss=4.937 acc=0.062  dev loss=4.883 acc=0.042  (best 0.046, bad 2/10)
      [sid z_L] step 4500/5000  train loss=4.702 acc=0.000  dev loss=4.797 acc=0.066  (best 0.066, bad 0/10)
      [sid z_L] step 4750/5000  train loss=4.578 acc=0.125  dev loss=4.714 acc=0.090  (best 0.090, bad 0/10)
      [sid z_L] step 5000/5000  train loss=4.662 acc=0.188  dev loss=4.691 acc=0.116  (best 0.116, bad 0/10)
    z_L -> SID              acc test=0.094  (val 0.116)
  training probe: z_P -> SID ...
      [sid z_P] step 250/5000  train loss=1.759 acc=0.812  dev loss=2.300 acc=0.686  (best 0.686, bad 0/10)
      [sid z_P] step 500/5000  train loss=0.733 acc=0.938  dev loss=0.707 acc=0.920  (best 0.920, bad 0/10)
      [sid z_P] step 750/5000  train loss=0.191 acc=1.000  dev loss=0.320 acc=0.954  (best 0.954, bad 0/10)
      [sid z_P] step 1000/5000  train loss=0.122 acc=1.000  dev loss=0.191 acc=0.968  (best 0.968, bad 0/10)
      [sid z_P] step 1250/5000  train loss=0.054 acc=1.000  dev loss=0.140 acc=0.978  (best 0.978, bad 0/10)
      [sid z_P] step 1500/5000  train loss=0.072 acc=1.000  dev loss=0.112 acc=0.988  (best 0.988, bad 0/10)
      [sid z_P] step 1750/5000  train loss=0.134 acc=1.000  dev loss=0.097 acc=0.988  (best 0.988, bad 1/10)
      [sid z_P] step 2000/5000  train loss=0.062 acc=1.000  dev loss=0.086 acc=0.990  (best 0.990, bad 0/10)
      [sid z_P] step 2250/5000  train loss=0.015 acc=1.000  dev loss=0.073 acc=0.990  (best 0.990, bad 1/10)
      [sid z_P] step 2500/5000  train loss=0.009 acc=1.000  dev loss=0.074 acc=0.988  (best 0.990, bad 2/10)
      [sid z_P] step 2750/5000  train loss=0.045 acc=1.000  dev loss=0.063 acc=0.988  (best 0.990, bad 3/10)
      [sid z_P] step 3000/5000  train loss=0.050 acc=1.000  dev loss=0.059 acc=0.990  (best 0.990, bad 4/10)
      [sid z_P] step 3250/5000  train loss=0.020 acc=1.000  dev loss=0.057 acc=0.990  (best 0.990, bad 5/10)
      [sid z_P] step 3500/5000  train loss=0.010 acc=1.000  dev loss=0.053 acc=0.992  (best 0.992, bad 0/10)
      [sid z_P] step 3750/5000  train loss=0.112 acc=1.000  dev loss=0.053 acc=0.994  (best 0.994, bad 0/10)
      [sid z_P] step 4000/5000  train loss=0.005 acc=1.000  dev loss=0.051 acc=0.992  (best 0.994, bad 1/10)
      [sid z_P] step 4250/5000  train loss=0.051 acc=1.000  dev loss=0.049 acc=0.992  (best 0.994, bad 2/10)
      [sid z_P] step 4500/5000  train loss=0.074 acc=1.000  dev loss=0.047 acc=0.992  (best 0.994, bad 3/10)
      [sid z_P] step 4750/5000  train loss=0.049 acc=1.000  dev loss=0.045 acc=0.992  (best 0.994, bad 4/10)
      [sid z_P] step 5000/5000  train loss=0.004 acc=1.000  dev loss=0.045 acc=0.992  (best 0.994, bad 5/10)
    z_P -> SID              acc test=0.992  (val 0.994)

==================================================================
  DIAGNOSTIC PROBE RESULTS - diag_libri_advlearn_hardfreeze4000_dann3k_gn00015_gp02_aux64_12k_s42_sid_linear_seed42
==================================================================
  Source       PR (PER↓)    SID (acc↑)
  --------  ------------  ------------
  z_t                nan         0.988
  z_L                nan         0.094
  z_P                nan         0.992
==================================================================

