=== Disentanglement  stage=2
=== device=cuda  bf16=True
=== K=5120  topk=256  D=1280
=== steps=12000  α=0.8  β=0.6  grl=1.0  ρ=0.0
[dis_data] loaded lexicon: 200,000 entries
[dis_data] loading train-clean-100 …
[dis_data]  251 speakers
[dis_data]  train=27539  val=500  test=500  vocab=74  speakers=251
[train] stage2_from_scratch=True — SAE/routing/heads start from initialization
[stage 2] frozen=596,973,362  trainable=17,488,522  device=cuda
[stage 2] speakers=251  vocab=74
[stage 2] α=0.8  β=0.6  grl=1.0  ρ=0.0  grl_p=0.2  hard_gumbel=True  spear_ln=True  grl_linear_mean=True  grl_grad_norm=0.00015  dann_full_disc=True
[stage 2] steps=12000  schedule_steps=12000  batch=16  grad_clip=1.0
[stage 2] best_ckpt selection: per + (1 - sid_acc) + grl_acc + (1 - grl_p_per)  — in-training head proxies, NOT a probe; run diag_probe/ for the authoritative leakage signal.
[stage 2] AuxK on: aux_k=64  coef=0.03125  dead_thresh=256  renorm_dec=False
[stage 2] precision requested=auto resolved=bf16
[dis_data] g2p_en loaded for OOV words
[dis_data] g2p_en loaded for OOV words
[stage 2] exact resume from /scratch/bbg25/runs/libri_advlearn_hardfreeze4000_dann3k_gn00015_gp02_aux64_12k_s42/checkpoints/latest-resume.pt: step=4000 best=0.3093
[dis_data] g2p_en loaded for OOV words
[dis_data] g2p_en loaded for OOV words
[stage 2] learned routing FROZEN after resume: step=4000 deterministic=True hard_counts=2427/2693/0 routing_optimizer_updates=off
  step   4100/12000  recon=0.1640  pr=0.4405  sid=1.8015  grl=6.8353(acc=0.125)  grl_p=3.5016(per=1.000)  aux=0.0000  dead=0.0%  L/P/U=2427/2693/0  actL/P/U=253/3/0  H=0.693  Hu=0.557  spec<.5=0.26  marg=0.401  lstd=0.7855  lr=7.99e-05
  step   4200/12000  recon=0.1652  pr=0.5322  sid=2.4521  grl=6.9155(acc=0.062)  grl_p=3.4234(per=0.997)  aux=0.0000  dead=0.0%  L/P/U=2427/2693/0  actL/P/U=253/3/0  H=0.693  Hu=0.557  spec<.5=0.26  marg=0.401  lstd=0.7855  lr=7.89e-05
  step   4300/12000  recon=0.1650  pr=0.4534  sid=2.3906  grl=7.3623(acc=0.062)  grl_p=3.5080(per=1.000)  aux=0.1709  dead=6.6%  L/P/U=2427/2693/0  actL/P/U=253/3/0  H=0.693  Hu=0.557  spec<.5=0.26  marg=0.401  lstd=0.7855  lr=7.79e-05
  step   4400/12000  recon=0.1653  pr=0.4128  sid=1.5724  grl=6.7664(acc=0.062)  grl_p=3.4828(per=0.999)  aux=0.1700  dead=7.4%  L/P/U=2427/2693/0  actL/P/U=252/4/0  H=0.693  Hu=0.557  spec<.5=0.26  marg=0.401  lstd=0.7855  lr=7.68e-05
  [grad_norms @4500]
    recon             |g|=0.20591  ratio=1.000x recon
    pr_raw            |g|=0.25979  ratio=1.262x recon
    pr_weighted       |g|=0.20783  ratio=1.009x recon
    sid_raw           |g|=10.65820  ratio=51.761x recon
    sid_weighted      |g|=6.39492  ratio=31.056x recon
    grl               |g|=2.13480  ratio=10.368x recon
    grl_p             |g|=0.59938  ratio=2.911x recon
    per-frame |dL/dz[t]|:  grl(z_L)=0.00015   grl_p(z_P)=0.00043   (grl_p/grl = 2.9x  <- pooled-vs-dense dilution)
    [grad_cos @4500]  shared=sae.enc_weight; cos<0 = conflict
      cos(recon_vs_pr           ) = +0.001
      cos(recon_vs_sid          ) = +0.090  aligned
      cos(recon_vs_grl          ) = -0.026
      cos(recon_vs_grl_p        ) = -0.043
      cos(pr_vs_sid             ) = +0.000
      cos(pr_vs_grl             ) = -0.025
      cos(pr_vs_grl_p           ) = +0.000
      cos(sid_vs_grl            ) = +0.000
      cos(sid_vs_grl_p          ) = -0.015
      cos(grl_vs_grl_p          ) = +0.000
  step   4500/12000  recon=0.1667  pr=0.3848  sid=1.9648  grl=6.1628(acc=0.062)  grl_p=3.4600(per=1.000)  aux=0.1712  dead=7.8%  L/P/U=2427/2693/0  actL/P/U=253/3/0  H=0.693  Hu=0.557  spec<.5=0.26  marg=0.401  lstd=0.7855  lr=7.57e-05
  step   4600/12000  recon=0.1662  pr=0.3081  sid=1.8596  grl=5.8745(acc=0.125)  grl_p=3.4778(per=1.000)  aux=0.1711  dead=8.0%  L/P/U=2427/2693/0  actL/P/U=253/3/0  H=0.693  Hu=0.557  spec<.5=0.26  marg=0.401  lstd=0.7855  lr=7.46e-05
  step   4700/12000  recon=0.1687  pr=0.4926  sid=1.2068  grl=5.3146(acc=0.062)  grl_p=3.4954(per=0.998)  aux=0.1724  dead=7.7%  L/P/U=2427/2693/0  actL/P/U=252/4/0  H=0.693  Hu=0.557  spec<.5=0.26  marg=0.401  lstd=0.7855  lr=7.35e-05
  step   4800/12000  recon=0.1693  pr=0.4778  sid=1.6624  grl=7.9160(acc=0.000)  grl_p=3.4942(per=1.000)  aux=0.1708  dead=7.8%  L/P/U=2427/2693/0  actL/P/U=253/3/0  H=0.693  Hu=0.557  spec<.5=0.26  marg=0.401  lstd=0.7855  lr=7.24e-05
  step   4900/12000  recon=0.1704  pr=0.3685  sid=1.8394  grl=5.4412(acc=0.125)  grl_p=3.4936(per=0.999)  aux=0.1721  dead=8.4%  L/P/U=2427/2693/0  actL/P/U=253/3/0  H=0.693  Hu=0.557  spec<.5=0.26  marg=0.401  lstd=0.7855  lr=7.12e-05
  [grad_norms @5000]
    recon             |g|=0.22429  ratio=1.000x recon
    pr_raw            |g|=0.27658  ratio=1.233x recon
    pr_weighted       |g|=0.22126  ratio=0.986x recon
    sid_raw           |g|=7.57019  ratio=33.752x recon
    sid_weighted      |g|=4.54211  ratio=20.251x recon
    grl               |g|=2.45950  ratio=10.966x recon
    grl_p             |g|=0.84682  ratio=3.776x recon
    per-frame |dL/dz[t]|:  grl(z_L)=0.00015   grl_p(z_P)=0.00039   (grl_p/grl = 2.6x  <- pooled-vs-dense dilution)
    [grad_cos @5000]  shared=sae.enc_weight; cos<0 = conflict
      cos(recon_vs_pr           ) = +0.005
      cos(recon_vs_sid          ) = +0.057  aligned
      cos(recon_vs_grl          ) = +0.003
      cos(recon_vs_grl_p        ) = -0.033
      cos(pr_vs_sid             ) = +0.000
      cos(pr_vs_grl             ) = +0.007
      cos(pr_vs_grl_p           ) = +0.000
      cos(sid_vs_grl            ) = +0.000
      cos(sid_vs_grl_p          ) = +0.025
      cos(grl_vs_grl_p          ) = +0.000
  step   5000/12000  recon=0.1696  pr=0.3978  sid=1.1704  grl=6.8965(acc=0.000)  grl_p=3.4542(per=1.000)  aux=0.1686  dead=8.3%  L/P/U=2427/2693/0  actL/P/U=253/3/0  H=0.693  Hu=0.557  spec<.5=0.26  marg=0.401  lstd=0.7855  lr=7.01e-05
[dis_data] g2p_en loaded for OOV words
[dis_data] g2p_en loaded for OOV words
  [val] step=5000  recon=0.1713  pr=0.4229  | z_L PR=0.102 SID=0.054  | z_P PR=1.000 SID=0.946
  ✓ best checkpoint (disent=0.2109  PER=0.102 sid=0.946 grl_acc=0.054 grl_p_per=1.000) → /scratch/bbg25/runs/libri_advlearn_hardfreeze4000_dann3k_gn00015_gp02_aux64_12k_s42/checkpoints/stage2_best.pt
  step   5100/12000  recon=0.1712  pr=0.3044  sid=1.4002  grl=5.3926(acc=0.000)  grl_p=3.4798(per=1.000)  aux=0.1701  dead=8.6%  L/P/U=2427/2693/0  actL/P/U=253/3/0  H=0.693  Hu=0.557  spec<.5=0.26  marg=0.401  lstd=0.7855  lr=6.89e-05
[dis_data] g2p_en loaded for OOV words
[dis_data] g2p_en loaded for OOV words
  step   5200/12000  recon=0.1730  pr=0.4034  sid=1.3959  grl=5.7329(acc=0.125)  grl_p=3.4680(per=0.999)  aux=0.1713  dead=9.0%  L/P/U=2427/2693/0  actL/P/U=253/3/0  H=0.693  Hu=0.557  spec<.5=0.26  marg=0.401  lstd=0.7855  lr=6.77e-05
  step   5300/12000  recon=0.1734  pr=0.4084  sid=1.2151  grl=6.4883(acc=0.062)  grl_p=3.4401(per=0.999)  aux=0.1710  dead=9.5%  L/P/U=2427/2693/0  actL/P/U=253/3/0  H=0.693  Hu=0.557  spec<.5=0.26  marg=0.401  lstd=0.7855  lr=6.65e-05
  step   5400/12000  recon=0.1722  pr=0.4962  sid=0.9665  grl=5.9229(acc=0.000)  grl_p=3.4526(per=1.000)  aux=0.1697  dead=9.7%  L/P/U=2427/2693/0  actL/P/U=253/3/0  H=0.693  Hu=0.557  spec<.5=0.26  marg=0.401  lstd=0.7855  lr=6.54e-05
  [grad_norms @5500]
    recon             |g|=0.23717  ratio=1.000x recon
    pr_raw            |g|=0.24092  ratio=1.016x recon
    pr_weighted       |g|=0.19274  ratio=0.813x recon
    sid_raw           |g|=7.86789  ratio=33.174x recon
    sid_weighted      |g|=4.72073  ratio=19.904x recon
    grl               |g|=2.41562  ratio=10.185x recon
    grl_p             |g|=0.81082  ratio=3.419x recon
    per-frame |dL/dz[t]|:  grl(z_L)=0.00015   grl_p(z_P)=0.00042   (grl_p/grl = 2.8x  <- pooled-vs-dense dilution)
    [grad_cos @5500]  shared=sae.enc_weight; cos<0 = conflict
      cos(recon_vs_pr           ) = +0.004
      cos(recon_vs_sid          ) = +0.071  aligned
      cos(recon_vs_grl          ) = -0.016
      cos(recon_vs_grl_p        ) = -0.025
      cos(pr_vs_sid             ) = +0.000
      cos(pr_vs_grl             ) = +0.008
      cos(pr_vs_grl_p           ) = +0.000
      cos(sid_vs_grl            ) = +0.000
      cos(sid_vs_grl_p          ) = -0.015
      cos(grl_vs_grl_p          ) = +0.000
  step   5500/12000  recon=0.1754  pr=0.3825  sid=0.8991  grl=5.4821(acc=0.250)  grl_p=3.4639(per=0.999)  aux=0.1717  dead=9.6%  L/P/U=2427/2693/0  actL/P/U=253/3/0  H=0.693  Hu=0.557  spec<.5=0.26  marg=0.401  lstd=0.7855  lr=6.42e-05
  step   5600/12000  recon=0.1764  pr=0.4620  sid=0.7280  grl=7.1880(acc=0.125)  grl_p=3.4883(per=0.999)  aux=0.1731  dead=9.5%  L/P/U=2427/2693/0  actL/P/U=253/3/0  H=0.693  Hu=0.557  spec<.5=0.26  marg=0.401  lstd=0.7855  lr=6.29e-05
  step   5700/12000  recon=0.1749  pr=0.3736  sid=1.1286  grl=6.3662(acc=0.000)  grl_p=3.4591(per=0.999)  aux=0.1706  dead=9.8%  L/P/U=2427/2693/0  actL/P/U=253/3/0  H=0.693  Hu=0.557  spec<.5=0.26  marg=0.401  lstd=0.7855  lr=6.17e-05
  step   5800/12000  recon=0.1772  pr=0.4027  sid=1.0486  grl=6.4238(acc=0.000)  grl_p=3.4746(per=0.998)  aux=0.1698  dead=9.7%  L/P/U=2427/2693/0  actL/P/U=253/3/0  H=0.693  Hu=0.557  spec<.5=0.26  marg=0.401  lstd=0.7855  lr=6.05e-05
  step   5900/12000  recon=0.1765  pr=0.3579  sid=0.9305  grl=6.5371(acc=0.062)  grl_p=3.4572(per=0.999)  aux=0.1702  dead=10.2%  L/P/U=2427/2693/0  actL/P/U=253/3/0  H=0.693  Hu=0.557  spec<.5=0.26  marg=0.401  lstd=0.7855  lr=5.93e-05
  [grad_norms @6000]
    recon             |g|=0.24858  ratio=1.000x recon
    pr_raw            |g|=0.23461  ratio=0.944x recon
    pr_weighted       |g|=0.18769  ratio=0.755x recon
    sid_raw           |g|=12.51814  ratio=50.358x recon
    sid_weighted      |g|=7.51089  ratio=30.215x recon
    grl               |g|=3.09113  ratio=12.435x recon
    grl_p             |g|=0.99402  ratio=3.999x recon
    per-frame |dL/dz[t]|:  grl(z_L)=0.00015   grl_p(z_P)=0.00050   (grl_p/grl = 3.4x  <- pooled-vs-dense dilution)
    [grad_cos @6000]  shared=sae.enc_weight; cos<0 = conflict
      cos(recon_vs_pr           ) = +0.001
      cos(recon_vs_sid          ) = +0.052  aligned
      cos(recon_vs_grl          ) = +0.004
      cos(recon_vs_grl_p        ) = -0.014
      cos(pr_vs_sid             ) = +0.000
      cos(pr_vs_grl             ) = -0.014
      cos(pr_vs_grl_p           ) = +0.000
      cos(sid_vs_grl            ) = +0.000
      cos(sid_vs_grl_p          ) = -0.020
      cos(grl_vs_grl_p          ) = +0.000
  step   6000/12000  recon=0.1780  pr=0.3664  sid=1.1689  grl=7.7188(acc=0.000)  grl_p=3.4527(per=0.998)  aux=0.1710  dead=10.6%  L/P/U=2427/2693/0  actL/P/U=253/3/0  H=0.693  Hu=0.557  spec<.5=0.26  marg=0.401  lstd=0.7855  lr=5.81e-05
[dis_data] g2p_en loaded for OOV words
[dis_data] g2p_en loaded for OOV words
  [val] step=6000  recon=0.1788  pr=0.4162  | z_L PR=0.104 SID=0.034  | z_P PR=0.999 SID=0.978
  ✓ best checkpoint (disent=0.1613  PER=0.104 sid=0.978 grl_acc=0.034 grl_p_per=0.999) → /scratch/bbg25/runs/libri_advlearn_hardfreeze4000_dann3k_gn00015_gp02_aux64_12k_s42/checkpoints/stage2_best.pt
  step   6100/12000  recon=0.1778  pr=0.3514  sid=0.9703  grl=5.5681(acc=0.188)  grl_p=3.4338(per=0.999)  aux=0.1702  dead=11.2%  L/P/U=2427/2693/0  actL/P/U=253/3/0  H=0.693  Hu=0.557  spec<.5=0.26  marg=0.401  lstd=0.7855  lr=5.68e-05
  step   6200/12000  recon=0.1788  pr=0.3398  sid=0.6951  grl=6.4570(acc=0.000)  grl_p=3.4543(per=0.998)  aux=0.1690  dead=11.1%  L/P/U=2427/2693/0  actL/P/U=253/3/0  H=0.693  Hu=0.557  spec<.5=0.26  marg=0.401  lstd=0.7855  lr=5.56e-05
  step   6300/12000  recon=0.1801  pr=0.3527  sid=0.7612  grl=6.4414(acc=0.062)  grl_p=3.4641(per=0.998)  aux=0.1696  dead=11.2%  L/P/U=2427/2693/0  actL/P/U=253/3/0  H=0.693  Hu=0.557  spec<.5=0.26  marg=0.401  lstd=0.7855  lr=5.44e-05
  step   6400/12000  recon=0.1823  pr=0.4009  sid=0.7322  grl=5.1320(acc=0.062)  grl_p=3.4757(per=1.000)  aux=0.1724  dead=11.4%  L/P/U=2427/2693/0  actL/P/U=253/3/0  H=0.693  Hu=0.557  spec<.5=0.26  marg=0.401  lstd=0.7855  lr=5.32e-05
  [grad_norms @6500]
    recon             |g|=0.25466  ratio=1.000x recon
    pr_raw            |g|=0.21152  ratio=0.831x recon
    pr_weighted       |g|=0.16921  ratio=0.664x recon
    sid_raw           |g|=8.47693  ratio=33.287x recon
    sid_weighted      |g|=5.08616  ratio=19.972x recon
    grl               |g|=3.32713  ratio=13.065x recon
    grl_p             |g|=1.44513  ratio=5.675x recon
    per-frame |dL/dz[t]|:  grl(z_L)=0.00015   grl_p(z_P)=0.00047   (grl_p/grl = 3.1x  <- pooled-vs-dense dilution)
    [grad_cos @6500]  shared=sae.enc_weight; cos<0 = conflict
      cos(recon_vs_pr           ) = -0.003
      cos(recon_vs_sid          ) = +0.037
      cos(recon_vs_grl          ) = -0.007
      cos(recon_vs_grl_p        ) = -0.023
      cos(pr_vs_sid             ) = +0.000
      cos(pr_vs_grl             ) = -0.020
      cos(pr_vs_grl_p           ) = +0.000
      cos(sid_vs_grl            ) = +0.000
      cos(sid_vs_grl_p          ) = +0.096  aligned
      cos(grl_vs_grl_p          ) = +0.000
  step   6500/12000  recon=0.1808  pr=0.3675  sid=0.7393  grl=6.5684(acc=0.000)  grl_p=3.4565(per=0.999)  aux=0.1694  dead=11.6%  L/P/U=2427/2693/0  actL/P/U=253/3/0  H=0.693  Hu=0.557  spec<.5=0.26  marg=0.401  lstd=0.7855  lr=5.19e-05
  step   6600/12000  recon=0.1791  pr=0.4291  sid=0.7094  grl=6.0000(acc=0.000)  grl_p=3.4613(per=1.000)  aux=0.1684  dead=12.1%  L/P/U=2427/2693/0  actL/P/U=253/3/0  H=0.693  Hu=0.557  spec<.5=0.26  marg=0.401  lstd=0.7855  lr=5.07e-05
  step   6700/12000  recon=0.1815  pr=0.3695  sid=0.4427  grl=6.0830(acc=0.000)  grl_p=3.4774(per=0.999)  aux=0.1696  dead=12.5%  L/P/U=2427/2693/0  actL/P/U=253/3/0  H=0.693  Hu=0.557  spec<.5=0.26  marg=0.401  lstd=0.7855  lr=4.95e-05
  step   6800/12000  recon=0.1825  pr=0.4643  sid=0.8696  grl=6.2998(acc=0.000)  grl_p=3.5165(per=0.998)  aux=0.1697  dead=12.8%  L/P/U=2427/2693/0  actL/P/U=253/3/0  H=0.693  Hu=0.557  spec<.5=0.26  marg=0.401  lstd=0.7855  lr=4.83e-05
[dis_data] g2p_en loaded for OOV words
[dis_data] g2p_en loaded for OOV words
  step   6900/12000  recon=0.1849  pr=0.2998  sid=0.5423  grl=6.9307(acc=0.062)  grl_p=3.4673(per=0.999)  aux=0.1713  dead=12.6%  L/P/U=2427/2693/0  actL/P/U=253/3/0  H=0.693  Hu=0.557  spec<.5=0.26  marg=0.401  lstd=0.7855  lr=4.71e-05
  [grad_norms @7000]
    recon             |g|=0.27683  ratio=1.000x recon
    pr_raw            |g|=0.61698  ratio=2.229x recon
    pr_weighted       |g|=0.49359  ratio=1.783x recon
    sid_raw           |g|=7.45926  ratio=26.945x recon
    sid_weighted      |g|=4.47556  ratio=16.167x recon
    grl               |g|=2.23514  ratio=8.074x recon
    grl_p             |g|=1.26543  ratio=4.571x recon
    per-frame |dL/dz[t]|:  grl(z_L)=0.00015   grl_p(z_P)=0.00055   (grl_p/grl = 3.7x  <- pooled-vs-dense dilution)
    [grad_cos @7000]  shared=sae.enc_weight; cos<0 = conflict
      cos(recon_vs_pr           ) = -0.002
      cos(recon_vs_sid          ) = +0.041
      cos(recon_vs_grl          ) = +0.003
      cos(recon_vs_grl_p        ) = -0.004
      cos(pr_vs_sid             ) = +0.000
      cos(pr_vs_grl             ) = -0.002
      cos(pr_vs_grl_p           ) = +0.000
      cos(sid_vs_grl            ) = +0.000
      cos(sid_vs_grl_p          ) = +0.007
      cos(grl_vs_grl_p          ) = +0.000
  step   7000/12000  recon=0.1835  pr=0.7000  sid=0.7069  grl=5.7456(acc=0.062)  grl_p=3.5092(per=0.997)  aux=0.1691  dead=12.8%  L/P/U=2427/2693/0  actL/P/U=253/3/0  H=0.693  Hu=0.557  spec<.5=0.26  marg=0.401  lstd=0.7855  lr=4.58e-05
[dis_data] g2p_en loaded for OOV words
[dis_data] g2p_en loaded for OOV words
  [val] step=7000  recon=0.1826  pr=0.4119  | z_L PR=0.105 SID=0.042  | z_P PR=0.999 SID=0.984
  step   7100/12000  recon=0.1815  pr=0.3787  sid=0.6712  grl=5.5898(acc=0.062)  grl_p=3.5005(per=1.000)  aux=0.1687  dead=12.9%  L/P/U=2427/2693/0  actL/P/U=253/3/0  H=0.693  Hu=0.557  spec<.5=0.26  marg=0.401  lstd=0.7855  lr=4.46e-05
  step   7200/12000  recon=0.1853  pr=0.4626  sid=0.3598  grl=5.5840(acc=0.000)  grl_p=3.4157(per=0.997)  aux=0.1705  dead=13.1%  L/P/U=2427/2693/0  actL/P/U=253/3/0  H=0.693  Hu=0.557  spec<.5=0.26  marg=0.401  lstd=0.7855  lr=4.35e-05
  step   7300/12000  recon=0.1842  pr=0.3870  sid=0.6273  grl=5.5791(acc=0.000)  grl_p=3.4959(per=0.998)  aux=0.1695  dead=13.4%  L/P/U=2427/2693/0  actL/P/U=253/3/0  H=0.693  Hu=0.557  spec<.5=0.26  marg=0.401  lstd=0.7855  lr=4.23e-05
  step   7400/12000  recon=0.1845  pr=0.4092  sid=0.5674  grl=5.9287(acc=0.000)  grl_p=3.4726(per=0.998)  aux=0.1694  dead=13.6%  L/P/U=2427/2693/0  actL/P/U=253/3/0  H=0.693  Hu=0.557  spec<.5=0.26  marg=0.401  lstd=0.7855  lr=4.11e-05
  [grad_norms @7500]
    recon             |g|=0.29716  ratio=1.000x recon
    pr_raw            |g|=0.26812  ratio=0.902x recon
    pr_weighted       |g|=0.21449  ratio=0.722x recon
    sid_raw           |g|=7.15438  ratio=24.076x recon
    sid_weighted      |g|=4.29263  ratio=14.445x recon
    grl               |g|=2.38089  ratio=8.012x recon
    grl_p             |g|=0.98663  ratio=3.320x recon
    per-frame |dL/dz[t]|:  grl(z_L)=0.00015   grl_p(z_P)=0.00052   (grl_p/grl = 3.5x  <- pooled-vs-dense dilution)
    [grad_cos @7500]  shared=sae.enc_weight; cos<0 = conflict
      cos(recon_vs_pr           ) = -0.000
      cos(recon_vs_sid          ) = +0.040
      cos(recon_vs_grl          ) = -0.001
      cos(recon_vs_grl_p        ) = -0.025
      cos(pr_vs_sid             ) = +0.000
      cos(pr_vs_grl             ) = +0.006
      cos(pr_vs_grl_p           ) = +0.000
      cos(sid_vs_grl            ) = +0.000
      cos(sid_vs_grl_p          ) = +0.014
      cos(grl_vs_grl_p          ) = +0.000
  step   7500/12000  recon=0.1837  pr=0.3772  sid=0.4605  grl=6.2588(acc=0.000)  grl_p=3.4624(per=0.999)  aux=0.1685  dead=13.4%  L/P/U=2427/2693/0  actL/P/U=253/3/0  H=0.693  Hu=0.557  spec<.5=0.26  marg=0.401  lstd=0.7855  lr=3.99e-05
  step   7600/12000  recon=0.1801  pr=0.3292  sid=0.2654  grl=6.9150(acc=0.000)  grl_p=3.4379(per=0.997)  aux=0.1656  dead=13.5%  L/P/U=2427/2693/0  actL/P/U=253/3/0  H=0.693  Hu=0.557  spec<.5=0.26  marg=0.401  lstd=0.7855  lr=3.88e-05
  step   7700/12000  recon=0.1849  pr=0.3532  sid=0.4529  grl=5.6680(acc=0.000)  grl_p=3.4297(per=0.995)  aux=0.1702  dead=13.7%  L/P/U=2427/2693/0  actL/P/U=253/3/0  H=0.693  Hu=0.557  spec<.5=0.26  marg=0.401  lstd=0.7855  lr=3.76e-05
  step   7800/12000  recon=0.1831  pr=0.3504  sid=0.3469  grl=5.5928(acc=0.000)  grl_p=3.4430(per=0.999)  aux=0.1683  dead=13.7%  L/P/U=2427/2693/0  actL/P/U=253/3/0  H=0.693  Hu=0.557  spec<.5=0.26  marg=0.401  lstd=0.7855  lr=3.65e-05
  step   7900/12000  recon=0.1830  pr=0.4583  sid=0.6624  grl=6.5664(acc=0.000)  grl_p=3.4240(per=0.999)  aux=0.1669  dead=13.8%  L/P/U=2427/2693/0  actL/P/U=253/3/0  H=0.693  Hu=0.557  spec<.5=0.26  marg=0.401  lstd=0.7855  lr=3.54e-05
  [grad_norms @8000]
    recon             |g|=0.31571  ratio=1.000x recon
    pr_raw            |g|=0.31879  ratio=1.010x recon
    pr_weighted       |g|=0.25504  ratio=0.808x recon
    sid_raw           |g|=8.61093  ratio=27.275x recon
    sid_weighted      |g|=5.16656  ratio=16.365x recon
    grl               |g|=2.53031  ratio=8.015x recon
    grl_p             |g|=1.16872  ratio=3.702x recon
    per-frame |dL/dz[t]|:  grl(z_L)=0.00015   grl_p(z_P)=0.00051   (grl_p/grl = 3.4x  <- pooled-vs-dense dilution)
    [grad_cos @8000]  shared=sae.enc_weight; cos<0 = conflict
      cos(recon_vs_pr           ) = +0.007
      cos(recon_vs_sid          ) = +0.049
      cos(recon_vs_grl          ) = -0.011
      cos(recon_vs_grl_p        ) = -0.022
      cos(pr_vs_sid             ) = +0.000
      cos(pr_vs_grl             ) = -0.028
      cos(pr_vs_grl_p           ) = +0.000
      cos(sid_vs_grl            ) = +0.000
      cos(sid_vs_grl_p          ) = -0.032
      cos(grl_vs_grl_p          ) = +0.000
  step   8000/12000  recon=0.1835  pr=0.3921  sid=0.6739  grl=5.3721(acc=0.000)  grl_p=3.4773(per=0.998)  aux=0.1667  dead=14.0%  L/P/U=2427/2693/0  actL/P/U=253/3/0  H=0.693  Hu=0.557  spec<.5=0.26  marg=0.401  lstd=0.7855  lr=3.43e-05
[dis_data] g2p_en loaded for OOV words
[dis_data] g2p_en loaded for OOV words
  [val] step=8000  recon=0.1851  pr=0.4141  | z_L PR=0.103 SID=0.018  | z_P PR=0.998 SID=0.988
  ✓ best checkpoint (disent=0.1354  PER=0.103 sid=0.988 grl_acc=0.018 grl_p_per=0.998) → /scratch/bbg25/runs/libri_advlearn_hardfreeze4000_dann3k_gn00015_gp02_aux64_12k_s42/checkpoints/stage2_best.pt
  step   8100/12000  recon=0.1831  pr=0.3381  sid=0.5129  grl=5.1719(acc=0.000)  grl_p=3.4218(per=0.997)  aux=0.1671  dead=13.8%  L/P/U=2427/2693/0  actL/P/U=253/3/0  H=0.693  Hu=0.557  spec<.5=0.26  marg=0.401  lstd=0.7855  lr=3.32e-05
  step   8200/12000  recon=0.1862  pr=0.3732  sid=0.4986  grl=6.6934(acc=0.000)  grl_p=3.4623(per=0.998)  aux=0.1696  dead=14.0%  L/P/U=2427/2693/0  actL/P/U=253/3/0  H=0.693  Hu=0.557  spec<.5=0.26  marg=0.401  lstd=0.7855  lr=3.21e-05
  step   8300/12000  recon=0.1869  pr=0.3613  sid=0.4928  grl=5.4688(acc=0.062)  grl_p=3.4670(per=0.996)  aux=0.1697  dead=14.2%  L/P/U=2427/2693/0  actL/P/U=253/3/0  H=0.693  Hu=0.557  spec<.5=0.26  marg=0.401  lstd=0.7855  lr=3.11e-05
  step   8400/12000  recon=0.1849  pr=0.4800  sid=0.5696  grl=5.3223(acc=0.125)  grl_p=3.3963(per=0.999)  aux=0.1665  dead=14.1%  L/P/U=2427/2693/0  actL/P/U=253/3/0  H=0.693  Hu=0.557  spec<.5=0.26  marg=0.401  lstd=0.7855  lr=3.01e-05
  [grad_norms @8500]
    recon             |g|=0.27563  ratio=1.000x recon
    pr_raw            |g|=0.30165  ratio=1.094x recon
    pr_weighted       |g|=0.24132  ratio=0.876x recon
    sid_raw           |g|=3.51436  ratio=12.750x recon
    sid_weighted      |g|=2.10861  ratio=7.650x recon
    grl               |g|=1.90892  ratio=6.926x recon
    grl_p             |g|=0.97078  ratio=3.522x recon
    per-frame |dL/dz[t]|:  grl(z_L)=0.00015   grl_p(z_P)=0.00057   (grl_p/grl = 3.8x  <- pooled-vs-dense dilution)
    [grad_cos @8500]  shared=sae.enc_weight; cos<0 = conflict
      cos(recon_vs_pr           ) = +0.004
      cos(recon_vs_sid          ) = +0.033
      cos(recon_vs_grl          ) = -0.006
      cos(recon_vs_grl_p        ) = -0.015
      cos(pr_vs_sid             ) = +0.000
      cos(pr_vs_grl             ) = +0.005
      cos(pr_vs_grl_p           ) = +0.000
      cos(sid_vs_grl            ) = +0.000
      cos(sid_vs_grl_p          ) = -0.045
      cos(grl_vs_grl_p          ) = +0.000
  step   8500/12000  recon=0.1853  pr=0.3970  sid=0.1223  grl=5.5537(acc=0.062)  grl_p=3.4961(per=0.997)  aux=0.1668  dead=14.0%  L/P/U=2427/2693/0  actL/P/U=253/3/0  H=0.693  Hu=0.557  spec<.5=0.26  marg=0.401  lstd=0.7855  lr=2.90e-05
  step   8600/12000  recon=0.1863  pr=0.4106  sid=0.3035  grl=5.6270(acc=0.062)  grl_p=3.4633(per=0.995)  aux=0.1695  dead=14.1%  L/P/U=2427/2693/0  actL/P/U=253/3/0  H=0.693  Hu=0.557  spec<.5=0.26  marg=0.401  lstd=0.7855  lr=2.81e-05
[dis_data] g2p_en loaded for OOV words
[dis_data] g2p_en loaded for OOV words
  step   8700/12000  recon=0.1857  pr=0.3528  sid=0.2848  grl=4.7588(acc=0.000)  grl_p=3.4598(per=0.995)  aux=0.1685  dead=14.2%  L/P/U=2427/2693/0  actL/P/U=252/4/0  H=0.693  Hu=0.557  spec<.5=0.26  marg=0.401  lstd=0.7855  lr=2.71e-05
  step   8800/12000  recon=0.1860  pr=0.4002  sid=0.4631  grl=6.0996(acc=0.000)  grl_p=3.4248(per=0.996)  aux=0.1679  dead=14.5%  L/P/U=2427/2693/0  actL/P/U=253/3/0  H=0.693  Hu=0.557  spec<.5=0.26  marg=0.401  lstd=0.7855  lr=2.61e-05
  step   8900/12000  recon=0.1822  pr=0.3259  sid=0.2935  grl=5.5820(acc=0.000)  grl_p=3.3672(per=0.994)  aux=0.1648  dead=14.1%  L/P/U=2427/2693/0  actL/P/U=253/3/0  H=0.693  Hu=0.557  spec<.5=0.26  marg=0.401  lstd=0.7855  lr=2.52e-05
  [grad_norms @9000]
    recon             |g|=0.25906  ratio=1.000x recon
    pr_raw            |g|=0.26985  ratio=1.042x recon
    pr_weighted       |g|=0.21588  ratio=0.833x recon
    sid_raw           |g|=4.26571  ratio=16.466x recon
    sid_weighted      |g|=2.55943  ratio=9.880x recon
    grl               |g|=2.25326  ratio=8.698x recon
    grl_p             |g|=0.83607  ratio=3.227x recon
    per-frame |dL/dz[t]|:  grl(z_L)=0.00015   grl_p(z_P)=0.00049   (grl_p/grl = 3.3x  <- pooled-vs-dense dilution)
    [grad_cos @9000]  shared=sae.enc_weight; cos<0 = conflict
      cos(recon_vs_pr           ) = +0.001
      cos(recon_vs_sid          ) = +0.041
      cos(recon_vs_grl          ) = -0.004
      cos(recon_vs_grl_p        ) = -0.022
      cos(pr_vs_sid             ) = +0.000
      cos(pr_vs_grl             ) = -0.017
      cos(pr_vs_grl_p           ) = +0.000
      cos(sid_vs_grl            ) = +0.000
      cos(sid_vs_grl_p          ) = +0.003
      cos(grl_vs_grl_p          ) = +0.000
  step   9000/12000  recon=0.1883  pr=0.3847  sid=0.1875  grl=5.0400(acc=0.000)  grl_p=3.4040(per=0.996)  aux=0.1691  dead=14.1%  L/P/U=2427/2693/0  actL/P/U=253/3/0  H=0.693  Hu=0.557  spec<.5=0.26  marg=0.401  lstd=0.7855  lr=2.43e-05
[dis_data] g2p_en loaded for OOV words
[dis_data] g2p_en loaded for OOV words
  [val] step=9000  recon=0.1858  pr=0.4100  | z_L PR=0.101 SID=0.030  | z_P PR=0.997 SID=0.990
  step   9100/12000  recon=0.1861  pr=0.4248  sid=0.3122  grl=5.1328(acc=0.000)  grl_p=3.4212(per=0.996)  aux=0.1671  dead=14.3%  L/P/U=2427/2693/0  actL/P/U=253/3/0  H=0.693  Hu=0.557  spec<.5=0.26  marg=0.401  lstd=0.7855  lr=2.34e-05
  step   9200/12000  recon=0.1869  pr=0.5583  sid=0.1821  grl=5.3906(acc=0.062)  grl_p=3.4489(per=0.995)  aux=0.1675  dead=14.5%  L/P/U=2427/2693/0  actL/P/U=253/3/0  H=0.693  Hu=0.557  spec<.5=0.26  marg=0.401  lstd=0.7855  lr=2.25e-05
  step   9300/12000  recon=0.1863  pr=0.4334  sid=0.2643  grl=5.1992(acc=0.000)  grl_p=3.4421(per=0.996)  aux=0.1672  dead=14.5%  L/P/U=2427/2693/0  actL/P/U=253/3/0  H=0.693  Hu=0.557  spec<.5=0.26  marg=0.401  lstd=0.7855  lr=2.17e-05
  step   9400/12000  recon=0.1847  pr=0.3438  sid=0.1904  grl=5.7051(acc=0.000)  grl_p=3.4021(per=0.996)  aux=0.1662  dead=14.6%  L/P/U=2427/2693/0  actL/P/U=253/3/0  H=0.693  Hu=0.557  spec<.5=0.26  marg=0.401  lstd=0.7855  lr=2.09e-05
  [grad_norms @9500]
    recon             |g|=0.26282  ratio=1.000x recon
    pr_raw            |g|=0.26703  ratio=1.016x recon
    pr_weighted       |g|=0.21363  ratio=0.813x recon
    sid_raw           |g|=5.45945  ratio=20.772x recon
    sid_weighted      |g|=3.27567  ratio=12.463x recon
    grl               |g|=2.55627  ratio=9.726x recon
    grl_p             |g|=0.88667  ratio=3.374x recon
    per-frame |dL/dz[t]|:  grl(z_L)=0.00015   grl_p(z_P)=0.00056   (grl_p/grl = 3.7x  <- pooled-vs-dense dilution)
    [grad_cos @9500]  shared=sae.enc_weight; cos<0 = conflict
      cos(recon_vs_pr           ) = +0.003
      cos(recon_vs_sid          ) = +0.030
      cos(recon_vs_grl          ) = -0.006
      cos(recon_vs_grl_p        ) = -0.025
      cos(pr_vs_sid             ) = +0.000
      cos(pr_vs_grl             ) = -0.036
      cos(pr_vs_grl_p           ) = +0.000
      cos(sid_vs_grl            ) = +0.000
      cos(sid_vs_grl_p          ) = +0.001
      cos(grl_vs_grl_p          ) = +0.000
  step   9500/12000  recon=0.1847  pr=0.3619  sid=0.2477  grl=5.9717(acc=0.000)  grl_p=3.3938(per=0.996)  aux=0.1669  dead=14.3%  L/P/U=2427/2693/0  actL/P/U=253/3/0  H=0.693  Hu=0.557  spec<.5=0.26  marg=0.401  lstd=0.7855  lr=2.01e-05
  step   9600/12000  recon=0.1863  pr=0.4719  sid=0.0799  grl=5.1533(acc=0.000)  grl_p=3.4139(per=0.994)  aux=0.1677  dead=14.1%  L/P/U=2427/2693/0  actL/P/U=253/3/0  H=0.693  Hu=0.557  spec<.5=0.26  marg=0.401  lstd=0.7855  lr=1.93e-05
  step   9700/12000  recon=0.1836  pr=0.3802  sid=0.1498  grl=5.2061(acc=0.062)  grl_p=3.4514(per=0.996)  aux=0.1655  dead=14.3%  L/P/U=2427/2693/0  actL/P/U=253/3/0  H=0.693  Hu=0.557  spec<.5=0.26  marg=0.401  lstd=0.7855  lr=1.86e-05
  step   9800/12000  recon=0.1848  pr=0.3460  sid=0.3564  grl=5.0723(acc=0.000)  grl_p=3.4757(per=0.994)  aux=0.1655  dead=14.0%  L/P/U=2427/2693/0  actL/P/U=253/3/0  H=0.693  Hu=0.557  spec<.5=0.26  marg=0.401  lstd=0.7855  lr=1.79e-05
  step   9900/12000  recon=0.1840  pr=0.3576  sid=0.3116  grl=5.7207(acc=0.000)  grl_p=3.4124(per=0.996)  aux=0.1645  dead=14.0%  L/P/U=2427/2693/0  actL/P/U=253/3/0  H=0.693  Hu=0.557  spec<.5=0.26  marg=0.401  lstd=0.7855  lr=1.72e-05
  [grad_norms @10000]
    recon             |g|=0.25394  ratio=1.000x recon
    pr_raw            |g|=0.41640  ratio=1.640x recon
    pr_weighted       |g|=0.33312  ratio=1.312x recon
    sid_raw           |g|=4.78007  ratio=18.824x recon
    sid_weighted      |g|=2.86804  ratio=11.294x recon
    grl               |g|=2.05825  ratio=8.105x recon
    grl_p             |g|=0.85430  ratio=3.364x recon
    per-frame |dL/dz[t]|:  grl(z_L)=0.00015   grl_p(z_P)=0.00053   (grl_p/grl = 3.5x  <- pooled-vs-dense dilution)
    [grad_cos @10000]  shared=sae.enc_weight; cos<0 = conflict
      cos(recon_vs_pr           ) = +0.004
      cos(recon_vs_sid          ) = +0.032
      cos(recon_vs_grl          ) = -0.004
      cos(recon_vs_grl_p        ) = -0.021
      cos(pr_vs_sid             ) = +0.000
      cos(pr_vs_grl             ) = +0.004
      cos(pr_vs_grl_p           ) = +0.000
      cos(sid_vs_grl            ) = +0.000
      cos(sid_vs_grl_p          ) = -0.011
      cos(grl_vs_grl_p          ) = +0.000
  step  10000/12000  recon=0.1893  pr=0.4327  sid=0.1615  grl=4.9082(acc=0.062)  grl_p=3.5060(per=0.993)  aux=0.1692  dead=14.0%  L/P/U=2427/2693/0  actL/P/U=252/4/0  H=0.693  Hu=0.557  spec<.5=0.26  marg=0.401  lstd=0.7855  lr=1.66e-05
[dis_data] g2p_en loaded for OOV words
[dis_data] g2p_en loaded for OOV words
  [val] step=10000  recon=0.1858  pr=0.4096  | z_L PR=0.103 SID=0.030  | z_P PR=0.996 SID=0.992
  step  10100/12000  recon=0.1859  pr=0.3814  sid=0.2995  grl=5.0967(acc=0.125)  grl_p=3.4033(per=0.992)  aux=0.1672  dead=14.0%  L/P/U=2427/2693/0  actL/P/U=253/3/0  H=0.693  Hu=0.557  spec<.5=0.26  marg=0.401  lstd=0.7855  lr=1.59e-05
  step  10200/12000  recon=0.1852  pr=0.5274  sid=0.2180  grl=5.7754(acc=0.000)  grl_p=3.5050(per=0.992)  aux=0.1657  dead=14.0%  L/P/U=2427/2693/0  actL/P/U=253/3/0  H=0.693  Hu=0.557  spec<.5=0.26  marg=0.401  lstd=0.7855  lr=1.53e-05
  step  10300/12000  recon=0.1833  pr=0.3490  sid=0.1781  grl=5.5479(acc=0.000)  grl_p=3.4068(per=0.996)  aux=0.1636  dead=13.8%  L/P/U=2427/2693/0  actL/P/U=253/3/0  H=0.693  Hu=0.557  spec<.5=0.26  marg=0.401  lstd=0.7855  lr=1.48e-05
[dis_data] g2p_en loaded for OOV words
[dis_data] g2p_en loaded for OOV words
  step  10400/12000  recon=0.1837  pr=0.3549  sid=0.2772  grl=5.2388(acc=0.062)  grl_p=3.4019(per=0.996)  aux=0.1637  dead=14.2%  L/P/U=2427/2693/0  actL/P/U=253/3/0  H=0.693  Hu=0.557  spec<.5=0.26  marg=0.401  lstd=0.7855  lr=1.42e-05
  [grad_norms @10500]
    recon             |g|=0.26704  ratio=1.000x recon
    pr_raw            |g|=0.24997  ratio=0.936x recon
    pr_weighted       |g|=0.19998  ratio=0.749x recon
    sid_raw           |g|=4.34573  ratio=16.274x recon
    sid_weighted      |g|=2.60744  ratio=9.764x recon
    grl               |g|=1.93458  ratio=7.245x recon
    grl_p             |g|=2.33553  ratio=8.746x recon
    per-frame |dL/dz[t]|:  grl(z_L)=0.00015   grl_p(z_P)=0.00063   (grl_p/grl = 4.2x  <- pooled-vs-dense dilution)
    [grad_cos @10500]  shared=sae.enc_weight; cos<0 = conflict
      cos(recon_vs_pr           ) = +0.008
      cos(recon_vs_sid          ) = +0.054  aligned
      cos(recon_vs_grl          ) = +0.005
      cos(recon_vs_grl_p        ) = -0.011
      cos(pr_vs_sid             ) = +0.000
      cos(pr_vs_grl             ) = -0.015
      cos(pr_vs_grl_p           ) = +0.000
      cos(sid_vs_grl            ) = +0.000
      cos(sid_vs_grl_p          ) = -0.010
      cos(grl_vs_grl_p          ) = +0.000
  step  10500/12000  recon=0.1864  pr=0.3907  sid=0.1334  grl=5.3594(acc=0.000)  grl_p=3.3936(per=0.989)  aux=0.1670  dead=14.3%  L/P/U=2427/2693/0  actL/P/U=252/4/0  H=0.693  Hu=0.557  spec<.5=0.26  marg=0.401  lstd=0.7855  lr=1.37e-05
  step  10600/12000  recon=0.1843  pr=0.3394  sid=0.1842  grl=5.2842(acc=0.062)  grl_p=3.3806(per=0.992)  aux=0.1641  dead=14.2%  L/P/U=2427/2693/0  actL/P/U=252/4/0  H=0.693  Hu=0.557  spec<.5=0.26  marg=0.401  lstd=0.7855  lr=1.33e-05
  step  10700/12000  recon=0.1840  pr=0.4219  sid=0.2085  grl=5.4365(acc=0.000)  grl_p=3.4018(per=0.996)  aux=0.1636  dead=14.0%  L/P/U=2427/2693/0  actL/P/U=253/3/0  H=0.693  Hu=0.557  spec<.5=0.26  marg=0.401  lstd=0.7855  lr=1.28e-05
  step  10800/12000  recon=0.1848  pr=0.3456  sid=0.1006  grl=4.8933(acc=0.062)  grl_p=3.3792(per=0.994)  aux=0.1654  dead=13.7%  L/P/U=2427/2693/0  actL/P/U=252/4/0  H=0.693  Hu=0.557  spec<.5=0.26  marg=0.401  lstd=0.7855  lr=1.24e-05
  step  10900/12000  recon=0.1839  pr=0.4105  sid=0.1420  grl=5.4590(acc=0.000)  grl_p=3.4257(per=0.995)  aux=0.1648  dead=13.7%  L/P/U=2427/2693/0  actL/P/U=252/4/0  H=0.693  Hu=0.557  spec<.5=0.26  marg=0.401  lstd=0.7855  lr=1.20e-05
  [grad_norms @11000]
    recon             |g|=0.22638  ratio=1.000x recon
    pr_raw            |g|=0.33336  ratio=1.473x recon
    pr_weighted       |g|=0.26669  ratio=1.178x recon
    sid_raw           |g|=6.05373  ratio=26.741x recon
    sid_weighted      |g|=3.63224  ratio=16.045x recon
    grl               |g|=2.74982  ratio=12.147x recon
    grl_p             |g|=2.40876  ratio=10.640x recon
    per-frame |dL/dz[t]|:  grl(z_L)=0.00015   grl_p(z_P)=0.00055   (grl_p/grl = 3.7x  <- pooled-vs-dense dilution)
    [grad_cos @11000]  shared=sae.enc_weight; cos<0 = conflict
      cos(recon_vs_pr           ) = +0.006
      cos(recon_vs_sid          ) = +0.031
      cos(recon_vs_grl          ) = +0.003
      cos(recon_vs_grl_p        ) = -0.014
      cos(pr_vs_sid             ) = +0.000
      cos(pr_vs_grl             ) = +0.091  aligned
      cos(pr_vs_grl_p           ) = +0.000
      cos(sid_vs_grl            ) = +0.000
      cos(sid_vs_grl_p          ) = -0.042
      cos(grl_vs_grl_p          ) = +0.000
  step  11000/12000  recon=0.1851  pr=0.3683  sid=0.3091  grl=4.8838(acc=0.125)  grl_p=3.3995(per=0.994)  aux=0.1652  dead=13.6%  L/P/U=2427/2693/0  actL/P/U=253/3/0  H=0.693  Hu=0.557  spec<.5=0.26  marg=0.401  lstd=0.7855  lr=1.17e-05
[dis_data] g2p_en loaded for OOV words
[dis_data] g2p_en loaded for OOV words
  [val] step=11000  recon=0.1854  pr=0.4097  | z_L PR=0.103 SID=0.060  | z_P PR=0.994 SID=0.992
  step  11100/12000  recon=0.1846  pr=0.3676  sid=0.1393  grl=5.5742(acc=0.062)  grl_p=3.4016(per=0.995)  aux=0.1647  dead=14.1%  L/P/U=2427/2693/0  actL/P/U=252/4/0  H=0.693  Hu=0.557  spec<.5=0.26  marg=0.401  lstd=0.7855  lr=1.14e-05
  step  11200/12000  recon=0.1839  pr=0.4077  sid=0.0920  grl=5.6729(acc=0.000)  grl_p=3.4347(per=0.996)  aux=0.1646  dead=14.2%  L/P/U=2427/2693/0  actL/P/U=252/4/0  H=0.693  Hu=0.557  spec<.5=0.26  marg=0.401  lstd=0.7855  lr=1.11e-05
  step  11300/12000  recon=0.1839  pr=0.4160  sid=0.0763  grl=5.1738(acc=0.000)  grl_p=3.4781(per=0.995)  aux=0.1641  dead=14.3%  L/P/U=2427/2693/0  actL/P/U=253/3/0  H=0.693  Hu=0.557  spec<.5=0.26  marg=0.401  lstd=0.7855  lr=1.08e-05
  step  11400/12000  recon=0.1836  pr=0.3761  sid=0.1930  grl=5.1396(acc=0.062)  grl_p=3.3886(per=0.993)  aux=0.1640  dead=13.8%  L/P/U=2427/2693/0  actL/P/U=253/3/0  H=0.693  Hu=0.557  spec<.5=0.26  marg=0.401  lstd=0.7855  lr=1.06e-05
  [grad_norms @11500]
    recon             |g|=0.24014  ratio=1.000x recon
    pr_raw            |g|=0.19839  ratio=0.826x recon
    pr_weighted       |g|=0.15871  ratio=0.661x recon
    sid_raw           |g|=1.68161  ratio=7.003x recon
    sid_weighted      |g|=1.00896  ratio=4.202x recon
    grl               |g|=2.37969  ratio=9.910x recon
    grl_p             |g|=1.10940  ratio=4.620x recon
    per-frame |dL/dz[t]|:  grl(z_L)=0.00015   grl_p(z_P)=0.00048   (grl_p/grl = 3.2x  <- pooled-vs-dense dilution)
    [grad_cos @11500]  shared=sae.enc_weight; cos<0 = conflict
      cos(recon_vs_pr           ) = +0.008
      cos(recon_vs_sid          ) = +0.039
      cos(recon_vs_grl          ) = +0.002
      cos(recon_vs_grl_p        ) = -0.017
      cos(pr_vs_sid             ) = +0.000
      cos(pr_vs_grl             ) = -0.007
      cos(pr_vs_grl_p           ) = +0.000
      cos(sid_vs_grl            ) = +0.000
      cos(sid_vs_grl_p          ) = +0.002
      cos(grl_vs_grl_p          ) = +0.000
  step  11500/12000  recon=0.1846  pr=0.3259  sid=0.0450  grl=4.9482(acc=0.062)  grl_p=3.3925(per=0.996)  aux=0.1640  dead=13.4%  L/P/U=2427/2693/0  actL/P/U=252/4/0  H=0.693  Hu=0.557  spec<.5=0.26  marg=0.401  lstd=0.7855  lr=1.04e-05
  step  11600/12000  recon=0.1856  pr=0.4785  sid=0.1118  grl=4.7119(acc=0.062)  grl_p=3.4068(per=0.994)  aux=0.1654  dead=13.7%  L/P/U=2427/2693/0  actL/P/U=252/4/0  H=0.693  Hu=0.557  spec<.5=0.26  marg=0.401  lstd=0.7855  lr=1.03e-05
  step  11700/12000  recon=0.1847  pr=0.3157  sid=0.1605  grl=5.0195(acc=0.062)  grl_p=3.4168(per=0.994)  aux=0.1640  dead=14.2%  L/P/U=2427/2693/0  actL/P/U=252/4/0  H=0.693  Hu=0.557  spec<.5=0.26  marg=0.401  lstd=0.7855  lr=1.02e-05
  step  11800/12000  recon=0.1833  pr=0.4694  sid=0.4011  grl=5.5049(acc=0.062)  grl_p=3.4272(per=0.997)  aux=0.1636  dead=14.0%  L/P/U=2427/2693/0  actL/P/U=253/3/0  H=0.693  Hu=0.557  spec<.5=0.26  marg=0.401  lstd=0.7855  lr=1.01e-05
  step  11900/12000  recon=0.1853  pr=0.4546  sid=0.2284  grl=5.5156(acc=0.000)  grl_p=3.4327(per=0.997)  aux=0.1654  dead=13.8%  L/P/U=2427/2693/0  actL/P/U=253/3/0  H=0.693  Hu=0.557  spec<.5=0.26  marg=0.401  lstd=0.7855  lr=1.00e-05
  [grad_norms @12000]
    recon             |g|=0.28368  ratio=1.000x recon
    pr_raw            |g|=0.27346  ratio=0.964x recon
    pr_weighted       |g|=0.21877  ratio=0.771x recon
    sid_raw           |g|=2.16348  ratio=7.626x recon
    sid_weighted      |g|=1.29809  ratio=4.576x recon
    grl               |g|=2.49940  ratio=8.811x recon
    grl_p             |g|=1.63316  ratio=5.757x recon
    per-frame |dL/dz[t]|:  grl(z_L)=0.00015   grl_p(z_P)=0.00051   (grl_p/grl = 3.4x  <- pooled-vs-dense dilution)
    [grad_cos @12000]  shared=sae.enc_weight; cos<0 = conflict
      cos(recon_vs_pr           ) = +0.001
      cos(recon_vs_sid          ) = +0.069  aligned
      cos(recon_vs_grl          ) = -0.007
      cos(recon_vs_grl_p        ) = -0.025
      cos(pr_vs_sid             ) = +0.000
      cos(pr_vs_grl             ) = -0.027
      cos(pr_vs_grl_p           ) = +0.000
      cos(sid_vs_grl            ) = +0.000
      cos(sid_vs_grl_p          ) = +0.021
      cos(grl_vs_grl_p          ) = +0.000
  step  12000/12000  recon=0.1855  pr=0.3786  sid=0.0533  grl=4.8184(acc=0.062)  grl_p=3.4456(per=0.991)  aux=0.1650  dead=13.5%  L/P/U=2427/2693/0  actL/P/U=252/4/0  H=0.693  Hu=0.557  spec<.5=0.26  marg=0.401  lstd=0.7855  lr=1.00e-05
[dis_data] g2p_en loaded for OOV words
[dis_data] g2p_en loaded for OOV words
  [val] step=12000  recon=0.1852  pr=0.4096  | z_L PR=0.103 SID=0.020  | z_P PR=0.994 SID=0.992

[stage 2] done.  Best disent_score=0.1354  → /scratch/bbg25/runs/libri_advlearn_hardfreeze4000_dann3k_gn00015_gp02_aux64_12k_s42/checkpoints/stage2_best.pt

[done]  best checkpoint → /scratch/bbg25/runs/libri_advlearn_hardfreeze4000_dann3k_gn00015_gp02_aux64_12k_s42/checkpoints/stage2_best.pt
