[diag_probe] run=diag_libri_advlearn_hardfreeze4000_dann3k_gn00015_gp02_aux64_12k_s42_z_P_pr_linear_seed42  device=cuda
[diag_probe] seed=42
[diag_probe] stage1_ckpt=/scratch/bbg25/runs/libri_advlearn_hardfreeze4000_dann3k_gn00015_gp02_aux64_12k_s42/checkpoints/stage2_step12000.pt
[diag_probe] stage2_ckpt=/scratch/bbg25/runs/libri_advlearn_hardfreeze4000_dann3k_gn00015_gp02_aux64_12k_s42/checkpoints/stage2_step12000.pt
[diag_probe] sources=['z_P']  tasks=['pr']
[diag_probe] probe_steps=5000  pr_lr=0.0005  asr_lr=0.0005  sid_lr=0.001  pr_warmup=500  asr_warmup=500  other_warmup=0  val_every=250  patience=10
[dis_data] loaded lexicon: 200,000 entries
[dis_data] loading PR train-clean-100 …
[dis_data] loading PR dev-clean …
[dis_data] loading PR test-clean …
[dis_data]  PR train=28539 val=2703 test=2620 vocab=74
[diag_probe] ASR task not requested — skipping ASR dataloaders.
[dis_data] loading train-clean-100 …
[dis_data]  251 speakers
[dis_data]  train=27539  val=500  test=500  vocab=74  speakers=251
[diag_probe] topk confirmed: 256
[train] loaded 3 SAE tensors from /scratch/bbg25/runs/libri_advlearn_hardfreeze4000_dann3k_gn00015_gp02_aux64_12k_s42/checkpoints/stage2_step12000.pt  (step=12000  val=0.1354)
[diag_probe] loaded stage2 weights from /scratch/bbg25/runs/libri_advlearn_hardfreeze4000_dann3k_gn00015_gp02_aux64_12k_s42/checkpoints/stage2_step12000.pt

[diag_probe] speakers=251  pr_vocab=74  asr_vocab=n/a  D=1280  K=5120
[diag_probe] PR: stage-2-matched 74-phone targets — train-clean-100 → val=dev-clean, test=test-clean
[diag_probe] ASR: skipped
[diag_probe] SID: closed-set utterance split (val/test held out); probe arch=linear
[diag_probe] reported metric = TEST (val shown in parentheses)

  training probe: z_P -> PR ...
[dis_data] g2p_en loaded for OOV words
      [pr z_P] step 250/5000  train loss=11.434  dev loss=5.788  dev PER=1.000  (best 1.000, bad 0/10)
      [pr z_P] step 500/5000  train loss=3.954  dev loss=3.686  dev PER=1.000  (best 1.000, bad 1/10)
      [pr z_P] step 750/5000  train loss=3.581  dev loss=3.627  dev PER=1.000  (best 1.000, bad 0/10)
      [pr z_P] step 1000/5000  train loss=3.559  dev loss=3.615  dev PER=1.000  (best 1.000, bad 1/10)
      [pr z_P] step 1250/5000  train loss=3.557  dev loss=3.615  dev PER=0.999  (best 0.999, bad 0/10)
      [pr z_P] step 1500/5000  train loss=3.552  dev loss=3.603  dev PER=0.998  (best 0.998, bad 0/10)
      [pr z_P] step 1750/5000  train loss=3.541  dev loss=3.583  dev PER=0.994  (best 0.994, bad 0/10)
      [pr z_P] step 2000/5000  train loss=3.511  dev loss=3.533  dev PER=0.984  (best 0.984, bad 0/10)
      [pr z_P] step 2250/5000  train loss=3.462  dev loss=3.498  dev PER=0.977  (best 0.977, bad 0/10)
      [pr z_P] step 2500/5000  train loss=3.422  dev loss=3.479  dev PER=0.974  (best 0.974, bad 0/10)
      [pr z_P] step 2750/5000  train loss=3.403  dev loss=3.472  dev PER=0.973  (best 0.973, bad 0/10)
      [pr z_P] step 3000/5000  train loss=3.392  dev loss=3.462  dev PER=0.971  (best 0.971, bad 0/10)
      [pr z_P] step 3250/5000  train loss=3.383  dev loss=3.462  dev PER=0.972  (best 0.971, bad 1/10)
      [pr z_P] step 3500/5000  train loss=3.379  dev loss=3.456  dev PER=0.972  (best 0.971, bad 2/10)
      [pr z_P] step 3750/5000  train loss=3.370  dev loss=3.453  dev PER=0.970  (best 0.970, bad 0/10)
      [pr z_P] step 4000/5000  train loss=3.362  dev loss=3.451  dev PER=0.970  (best 0.970, bad 0/10)
      [pr z_P] step 4250/5000  train loss=3.361  dev loss=3.451  dev PER=0.970  (best 0.970, bad 0/10)
      [pr z_P] step 4500/5000  train loss=3.360  dev loss=3.449  dev PER=0.970  (best 0.970, bad 1/10)
      [pr z_P] step 4750/5000  train loss=3.358  dev loss=3.449  dev PER=0.970  (best 0.970, bad 2/10)
      [pr z_P] step 5000/5000  train loss=3.360  dev loss=3.449  dev PER=0.970  (best 0.970, bad 0/10)
    z_P -> PR               PER test=0.964  (val 0.970)

==================================================================
  DIAGNOSTIC PROBE RESULTS - diag_libri_advlearn_hardfreeze4000_dann3k_gn00015_gp02_aux64_12k_s42_z_P_pr_linear_seed42
==================================================================
  Source       PR (PER↓)    SID (acc↑)
  --------  ------------  ------------
  z_P              0.964           nan
==================================================================

