[diag_probe] run=diag_libri_advlearn_hardfreeze4000_dann3k_gn00015_gp02_aux64_12k_s42_z_L_pr_direct_seed42  device=cuda
[diag_probe] seed=42
[diag_probe] stage1_ckpt=/scratch/bbg25/runs/libri_advlearn_hardfreeze4000_dann3k_gn00015_gp02_aux64_12k_s42/checkpoints/stage2_step12000.pt
[diag_probe] stage2_ckpt=/scratch/bbg25/runs/libri_advlearn_hardfreeze4000_dann3k_gn00015_gp02_aux64_12k_s42/checkpoints/stage2_step12000.pt
[diag_probe] sources=['z_L']  tasks=['pr']
[diag_probe] probe_steps=5000  pr_lr=0.0005  asr_lr=0.0005  sid_lr=0.001  pr_warmup=500  asr_warmup=500  other_warmup=0  val_every=250  patience=10
[dis_data] loaded lexicon: 200,000 entries
[dis_data] loading PR train-clean-100 …
[dis_data] loading PR dev-clean …
[dis_data] loading PR test-clean …
[dis_data]  PR train=28539 val=2703 test=2620 vocab=74
[diag_probe] ASR task not requested — skipping ASR dataloaders.
[dis_data] loading train-clean-100 …
[dis_data]  251 speakers
[dis_data]  train=27539  val=500  test=500  vocab=74  speakers=251
[diag_probe] topk confirmed: 256
[train] loaded 3 SAE tensors from /scratch/bbg25/runs/libri_advlearn_hardfreeze4000_dann3k_gn00015_gp02_aux64_12k_s42/checkpoints/stage2_step12000.pt  (step=12000  val=0.1354)
[diag_probe] loaded stage2 weights from /scratch/bbg25/runs/libri_advlearn_hardfreeze4000_dann3k_gn00015_gp02_aux64_12k_s42/checkpoints/stage2_step12000.pt

[diag_probe] speakers=251  pr_vocab=74  asr_vocab=n/a  D=1280  K=5120
[diag_probe] PR: stage-2-matched 74-phone targets — train-clean-100 → val=dev-clean, test=test-clean
[diag_probe] ASR: skipped
[diag_probe] SID: closed-set utterance split (val/test held out); probe arch=linear
[diag_probe] reported metric = TEST (val shown in parentheses)

  training probe: z_L -> PR ...
[dis_data] g2p_en loaded for OOV words
      [pr z_L] step 250/5000  train loss=6.924  dev loss=8.177  dev PER=0.907  (best 0.907, bad 0/10)
      [pr z_L] step 500/5000  train loss=5.831  dev loss=8.531  dev PER=0.921  (best 0.907, bad 1/10)
      [pr z_L] step 750/5000  train loss=5.870  dev loss=7.939  dev PER=0.936  (best 0.907, bad 2/10)
      [pr z_L] step 1000/5000  train loss=5.701  dev loss=8.218  dev PER=0.921  (best 0.907, bad 3/10)
      [pr z_L] step 1250/5000  train loss=5.754  dev loss=7.565  dev PER=0.896  (best 0.896, bad 0/10)
      [pr z_L] step 1500/5000  train loss=5.812  dev loss=7.622  dev PER=0.965  (best 0.896, bad 1/10)
      [pr z_L] step 1750/5000  train loss=5.660  dev loss=7.683  dev PER=0.893  (best 0.893, bad 0/10)
      [pr z_L] step 2000/5000  train loss=5.668  dev loss=7.257  dev PER=0.909  (best 0.893, bad 1/10)
      [pr z_L] step 2250/5000  train loss=5.671  dev loss=7.421  dev PER=0.948  (best 0.893, bad 2/10)
      [pr z_L] step 2500/5000  train loss=5.638  dev loss=7.144  dev PER=0.894  (best 0.893, bad 3/10)
      [pr z_L] step 2750/5000  train loss=5.506  dev loss=7.063  dev PER=0.900  (best 0.893, bad 4/10)
      [pr z_L] step 3000/5000  train loss=5.657  dev loss=7.385  dev PER=0.952  (best 0.893, bad 5/10)
      [pr z_L] step 3250/5000  train loss=5.592  dev loss=7.508  dev PER=0.930  (best 0.893, bad 6/10)
      [pr z_L] step 3500/5000  train loss=5.583  dev loss=7.557  dev PER=0.952  (best 0.893, bad 7/10)
      [pr z_L] step 3750/5000  train loss=5.512  dev loss=7.623  dev PER=0.952  (best 0.893, bad 8/10)
      [pr z_L] step 4000/5000  train loss=5.596  dev loss=6.811  dev PER=0.892  (best 0.892, bad 0/10)
      [pr z_L] step 4250/5000  train loss=5.493  dev loss=7.661  dev PER=0.939  (best 0.892, bad 1/10)
      [pr z_L] step 4500/5000  train loss=5.458  dev loss=7.382  dev PER=0.911  (best 0.892, bad 2/10)
      [pr z_L] step 4750/5000  train loss=5.462  dev loss=7.752  dev PER=0.937  (best 0.892, bad 3/10)
      [pr z_L] step 5000/5000  train loss=5.478  dev loss=7.494  dev PER=0.943  (best 0.892, bad 4/10)
    z_L -> PR               PER test=0.888  (val 0.892)

==================================================================
  DIAGNOSTIC PROBE RESULTS - diag_libri_advlearn_hardfreeze4000_dann3k_gn00015_gp02_aux64_12k_s42_z_L_pr_direct_seed42
==================================================================
  Source       PR (PER↓)    SID (acc↑)
  --------  ------------  ------------
  z_L              0.888           nan
==================================================================

