
######## z_L->SID  case3_attn_w2.0  (checkpoints/grl_attn_w2.0/stage2_best.pt) ########
Wed Jun 17 00:43:49 BST 2026
[diag_probe] run=zLsid_case3_attn_w2.0  device=cuda
[diag_probe] seed=42
[diag_probe] stage1_ckpt=checkpoints/grl_attn_w2.0/stage2_best.pt
[diag_probe] stage2_ckpt=checkpoints/grl_attn_w2.0/stage2_best.pt
[diag_probe] sources=['z_L']  tasks=['sid']
[diag_probe] probe_steps=10000  pr_lr=0.0005  sid_lr=0.001  warmup=0  val_every=250  patience=8
[pr_data] loaded LibriSpeech lexicon: 200,000 entries
[pr_data] loading train-clean-100 …
[pr_data] loading dev-clean …
[pr_data] loading test-clean …
[pr_data]  train=28539  val=2703  test=2620  vocab_size=74
[dis_data] loaded lexicon: 200,000 entries
[dis_data] loading train-clean-100 …
[dis_data]  251 speakers
[dis_data]  train=27539  val=500  test=500  vocab=74  speakers=251
[diag_probe] topk overridden: 256 -> 256
[train] WARNING: unexpected missing SAE keys: ['block_idx', 'block_m_L', 'block_m_P', 'block_m_U']
[train] loaded 3 SAE tensors from checkpoints/grl_attn_w2.0/stage2_best.pt  (step=12000  val=0.1192)
[diag_probe] skipped 5 shape-mismatched/stale keys (e.g. ['grl_head.attn.0.weight', 'grl_head.attn.0.bias', 'grl_head.attn.2.weight']) — fine, probe does not use adversarial heads
[diag_probe] WARNING missing keys: ['grl_head.fc.weight']
[diag_probe] loaded stage2 weights from checkpoints/grl_attn_w2.0/stage2_best.pt

[diag_probe] speakers=251  pr_vocab=74  D=1280  K=5120
[diag_probe] PR: SUPERB 74-phone — train-clean-100 → val=dev-clean, test=test-clean
[diag_probe] SID: closed-set utterance split (val/test held out); probe arch=stats
[diag_probe] reported metric = TEST (val shown in parentheses)

  training probe: z_L -> SID ...
[dis_data] g2p_en loaded for OOV words
      [sid z_L] step 250/10000  dev acc=0.008  (best 0.008, bad 0/8)
      [sid z_L] step 500/10000  dev acc=0.006  (best 0.008, bad 1/8)
      [sid z_L] step 750/10000  dev acc=0.042  (best 0.042, bad 0/8)
      [sid z_L] step 1000/10000  dev acc=0.082  (best 0.082, bad 0/8)
      [sid z_L] step 1250/10000  dev acc=0.118  (best 0.118, bad 0/8)
      [sid z_L] step 1500/10000  dev acc=0.182  (best 0.182, bad 0/8)
      [sid z_L] step 1750/10000  dev acc=0.296  (best 0.296, bad 0/8)
      [sid z_L] step 2000/10000  dev acc=0.306  (best 0.306, bad 0/8)
      [sid z_L] step 2250/10000  dev acc=0.432  (best 0.432, bad 0/8)
      [sid z_L] step 2500/10000  dev acc=0.478  (best 0.478, bad 0/8)
      [sid z_L] step 2750/10000  dev acc=0.550  (best 0.550, bad 0/8)
      [sid z_L] step 3000/10000  dev acc=0.660  (best 0.660, bad 0/8)
      [sid z_L] step 3250/10000  dev acc=0.636  (best 0.660, bad 1/8)
      [sid z_L] step 3500/10000  dev acc=0.686  (best 0.686, bad 0/8)
      [sid z_L] step 3750/10000  dev acc=0.756  (best 0.756, bad 0/8)
      [sid z_L] step 4000/10000  dev acc=0.778  (best 0.778, bad 0/8)
      [sid z_L] step 4250/10000  dev acc=0.814  (best 0.814, bad 0/8)
      [sid z_L] step 4500/10000  dev acc=0.870  (best 0.870, bad 0/8)
      [sid z_L] step 4750/10000  dev acc=0.876  (best 0.876, bad 0/8)
      [sid z_L] step 5000/10000  dev acc=0.856  (best 0.876, bad 1/8)
      [sid z_L] step 5250/10000  dev acc=0.896  (best 0.896, bad 0/8)
      [sid z_L] step 5500/10000  dev acc=0.868  (best 0.896, bad 1/8)
      [sid z_L] step 5750/10000  dev acc=0.894  (best 0.896, bad 2/8)
      [sid z_L] step 6000/10000  dev acc=0.908  (best 0.908, bad 0/8)
      [sid z_L] step 6250/10000  dev acc=0.916  (best 0.916, bad 0/8)
      [sid z_L] step 6500/10000  dev acc=0.942  (best 0.942, bad 0/8)
      [sid z_L] step 6750/10000  dev acc=0.948  (best 0.948, bad 0/8)
      [sid z_L] step 7000/10000  dev acc=0.954  (best 0.954, bad 0/8)
      [sid z_L] step 7250/10000  dev acc=0.960  (best 0.960, bad 0/8)
      [sid z_L] step 7500/10000  dev acc=0.962  (best 0.962, bad 0/8)
      [sid z_L] step 7750/10000  dev acc=0.964  (best 0.964, bad 0/8)
      [sid z_L] step 8000/10000  dev acc=0.964  (best 0.964, bad 1/8)
      [sid z_L] step 8250/10000  dev acc=0.976  (best 0.976, bad 0/8)
      [sid z_L] step 8500/10000  dev acc=0.968  (best 0.976, bad 1/8)
      [sid z_L] step 8750/10000  dev acc=0.972  (best 0.976, bad 2/8)
      [sid z_L] step 9000/10000  dev acc=0.968  (best 0.976, bad 3/8)
      [sid z_L] step 9250/10000  dev acc=0.978  (best 0.978, bad 0/8)
      [sid z_L] step 9500/10000  dev acc=0.976  (best 0.978, bad 1/8)
      [sid z_L] step 9750/10000  dev acc=0.980  (best 0.980, bad 0/8)
      [sid z_L] step 10000/10000  dev acc=0.984  (best 0.984, bad 0/8)
    z_L -> SID              acc test=0.974  (val 0.984)

==================================================================
  DIAGNOSTIC PROBE RESULTS - zLsid_case3_attn_w2.0
==================================================================
  Source       PR (PER↓)    SID (acc↑)
  --------  ------------  ------------
  z_L                nan         0.974
==================================================================


######## z_L->SID  dense_k31_w2.0  (checkpoints/grl_dense_k31_w2.0/stage2_best.pt) ########
Wed Jun 17 01:36:52 BST 2026
[diag_probe] run=zLsid_dense_k31_w2.0  device=cuda
[diag_probe] seed=42
[diag_probe] stage1_ckpt=checkpoints/grl_dense_k31_w2.0/stage2_best.pt
[diag_probe] stage2_ckpt=checkpoints/grl_dense_k31_w2.0/stage2_best.pt
[diag_probe] sources=['z_L']  tasks=['sid']
[diag_probe] probe_steps=10000  pr_lr=0.0005  sid_lr=0.001  warmup=0  val_every=250  patience=8
[pr_data] loaded LibriSpeech lexicon: 200,000 entries
[pr_data] loading train-clean-100 …
[pr_data] loading dev-clean …
[pr_data] loading test-clean …
[pr_data]  train=28539  val=2703  test=2620  vocab_size=74
[dis_data] loaded lexicon: 200,000 entries
[dis_data] loading train-clean-100 …
[dis_data]  251 speakers
[dis_data]  train=27539  val=500  test=500  vocab=74  speakers=251
[diag_probe] topk overridden: 256 -> 256
[train] WARNING: unexpected missing SAE keys: ['block_idx', 'block_m_L', 'block_m_P', 'block_m_U']
[train] loaded 3 SAE tensors from checkpoints/grl_dense_k31_w2.0/stage2_best.pt  (step=7000  val=0.0718)
[diag_probe] skipped 2 shape-mismatched/stale keys (e.g. ['grl_head.context_conv.weight', 'grl_head.context_conv.bias']) — fine, probe does not use adversarial heads
[diag_probe] loaded stage2 weights from checkpoints/grl_dense_k31_w2.0/stage2_best.pt

[diag_probe] speakers=251  pr_vocab=74  D=1280  K=5120
[diag_probe] PR: SUPERB 74-phone — train-clean-100 → val=dev-clean, test=test-clean
[diag_probe] SID: closed-set utterance split (val/test held out); probe arch=stats
[diag_probe] reported metric = TEST (val shown in parentheses)

  training probe: z_L -> SID ...
[dis_data] g2p_en loaded for OOV words
      [sid z_L] step 250/10000  dev acc=0.008  (best 0.008, bad 0/8)
      [sid z_L] step 500/10000  dev acc=0.014  (best 0.014, bad 0/8)
      [sid z_L] step 750/10000  dev acc=0.020  (best 0.020, bad 0/8)
      [sid z_L] step 1000/10000  dev acc=0.040  (best 0.040, bad 0/8)
      [sid z_L] step 1250/10000  dev acc=0.048  (best 0.048, bad 0/8)
      [sid z_L] step 1500/10000  dev acc=0.098  (best 0.098, bad 0/8)
      [sid z_L] step 1750/10000  dev acc=0.122  (best 0.122, bad 0/8)
      [sid z_L] step 2000/10000  dev acc=0.168  (best 0.168, bad 0/8)
      [sid z_L] step 2250/10000  dev acc=0.190  (best 0.190, bad 0/8)
      [sid z_L] step 2500/10000  dev acc=0.262  (best 0.262, bad 0/8)
      [sid z_L] step 2750/10000  dev acc=0.286  (best 0.286, bad 0/8)
      [sid z_L] step 3000/10000  dev acc=0.368  (best 0.368, bad 0/8)
      [sid z_L] step 3250/10000  dev acc=0.400  (best 0.400, bad 0/8)
      [sid z_L] step 3500/10000  dev acc=0.424  (best 0.424, bad 0/8)
      [sid z_L] step 3750/10000  dev acc=0.502  (best 0.502, bad 0/8)
      [sid z_L] step 4000/10000  dev acc=0.498  (best 0.502, bad 1/8)
      [sid z_L] step 4250/10000  dev acc=0.552  (best 0.552, bad 0/8)
      [sid z_L] step 4500/10000  dev acc=0.576  (best 0.576, bad 0/8)
      [sid z_L] step 4750/10000  dev acc=0.640  (best 0.640, bad 0/8)
      [sid z_L] step 5000/10000  dev acc=0.586  (best 0.640, bad 1/8)
      [sid z_L] step 5250/10000  dev acc=0.654  (best 0.654, bad 0/8)
      [sid z_L] step 5500/10000  dev acc=0.644  (best 0.654, bad 1/8)
      [sid z_L] step 5750/10000  dev acc=0.680  (best 0.680, bad 0/8)
      [sid z_L] step 6000/10000  dev acc=0.720  (best 0.720, bad 0/8)
      [sid z_L] step 6250/10000  dev acc=0.694  (best 0.720, bad 1/8)
      [sid z_L] step 6500/10000  dev acc=0.726  (best 0.726, bad 0/8)
      [sid z_L] step 6750/10000  dev acc=0.746  (best 0.746, bad 0/8)
      [sid z_L] step 7000/10000  dev acc=0.752  (best 0.752, bad 0/8)
      [sid z_L] step 7250/10000  dev acc=0.770  (best 0.770, bad 0/8)
      [sid z_L] step 7500/10000  dev acc=0.780  (best 0.780, bad 0/8)
      [sid z_L] step 7750/10000  dev acc=0.748  (best 0.780, bad 1/8)
      [sid z_L] step 8000/10000  dev acc=0.808  (best 0.808, bad 0/8)
      [sid z_L] step 8250/10000  dev acc=0.822  (best 0.822, bad 0/8)
      [sid z_L] step 8500/10000  dev acc=0.822  (best 0.822, bad 1/8)
      [sid z_L] step 8750/10000  dev acc=0.834  (best 0.834, bad 0/8)
      [sid z_L] step 9000/10000  dev acc=0.836  (best 0.836, bad 0/8)
      [sid z_L] step 9250/10000  dev acc=0.852  (best 0.852, bad 0/8)
      [sid z_L] step 9500/10000  dev acc=0.854  (best 0.854, bad 0/8)
      [sid z_L] step 9750/10000  dev acc=0.864  (best 0.864, bad 0/8)
      [sid z_L] step 10000/10000  dev acc=0.860  (best 0.864, bad 1/8)
    z_L -> SID              acc test=0.848  (val 0.864)

==================================================================
  DIAGNOSTIC PROBE RESULTS - zLsid_dense_k31_w2.0
==================================================================
  Source       PR (PER↓)    SID (acc↑)
  --------  ------------  ------------
  z_L                nan         0.848
==================================================================

Finished: Wed Jun 17 02:29:11 BST 2026
