[diag_probe] run=diag_libri_advlearn_hardfreeze6000_dann3k_gn00015_gp02_aux64_12k_s42_z_L_pr_direct_seed42  device=cuda
[diag_probe] seed=42
[diag_probe] stage1_ckpt=/scratch/bbg25/runs/libri_advlearn_hardfreeze6000_dann3k_gn00015_gp02_aux64_12k_s42/checkpoints/stage2_step12000.pt
[diag_probe] stage2_ckpt=/scratch/bbg25/runs/libri_advlearn_hardfreeze6000_dann3k_gn00015_gp02_aux64_12k_s42/checkpoints/stage2_step12000.pt
[diag_probe] sources=['z_L']  tasks=['pr']
[diag_probe] probe_steps=5000  pr_lr=0.0005  asr_lr=0.0005  sid_lr=0.001  pr_warmup=500  asr_warmup=500  other_warmup=0  val_every=250  patience=10
[dis_data] loaded lexicon: 200,000 entries
[dis_data] loading PR train-clean-100 …
[dis_data] loading PR dev-clean …
[dis_data] loading PR test-clean …
[dis_data]  PR train=28539 val=2703 test=2620 vocab=74
[diag_probe] ASR task not requested — skipping ASR dataloaders.
[dis_data] loading train-clean-100 …
[dis_data]  251 speakers
[dis_data]  train=27539  val=500  test=500  vocab=74  speakers=251
[diag_probe] topk confirmed: 256
[train] WARNING: unexpected missing SAE keys: ['sae.route_topk_enabled', 'sae.route_topk_idx', 'sae.route_topk_quotas']
[train] loaded 3 SAE tensors from /scratch/bbg25/runs/libri_advlearn_hardfreeze6000_dann3k_gn00015_gp02_aux64_12k_s42/checkpoints/stage2_step12000.pt  (step=12000  val=0.1577)
[diag_probe] loaded stage2 weights from /scratch/bbg25/runs/libri_advlearn_hardfreeze6000_dann3k_gn00015_gp02_aux64_12k_s42/checkpoints/stage2_step12000.pt

[diag_probe] speakers=251  pr_vocab=74  asr_vocab=n/a  D=1280  K=5120
[diag_probe] PR: stage-2-matched 74-phone targets — train-clean-100 → val=dev-clean, test=test-clean
[diag_probe] ASR: skipped
[diag_probe] SID: closed-set utterance split (val/test held out); probe arch=linear
[diag_probe] reported metric = TEST (val shown in parentheses)

  training probe: z_L -> PR ...
[dis_data] g2p_en loaded for OOV words
      [pr z_L] step 250/5000  train loss=7.014  dev loss=8.213  dev PER=0.895  (best 0.895, bad 0/10)
      [pr z_L] step 500/5000  train loss=5.824  dev loss=8.712  dev PER=0.920  (best 0.895, bad 1/10)
      [pr z_L] step 750/5000  train loss=5.896  dev loss=8.073  dev PER=0.914  (best 0.895, bad 2/10)
      [pr z_L] step 1000/5000  train loss=5.681  dev loss=7.959  dev PER=0.966  (best 0.895, bad 3/10)
      [pr z_L] step 1250/5000  train loss=5.483  dev loss=3.681  dev PER=0.979  (best 0.895, bad 4/10)
      [pr z_L] step 1500/5000  train loss=1.286  dev loss=0.572  dev PER=0.160  (best 0.160, bad 0/10)
      [pr z_L] step 1750/5000  train loss=0.516  dev loss=0.487  dev PER=0.129  (best 0.129, bad 0/10)
      [pr z_L] step 2000/5000  train loss=0.457  dev loss=0.455  dev PER=0.125  (best 0.125, bad 0/10)
      [pr z_L] step 2250/5000  train loss=0.441  dev loss=0.442  dev PER=0.116  (best 0.116, bad 0/10)
      [pr z_L] step 2500/5000  train loss=0.431  dev loss=0.437  dev PER=0.122  (best 0.116, bad 1/10)
      [pr z_L] step 2750/5000  train loss=0.423  dev loss=0.422  dev PER=0.114  (best 0.114, bad 0/10)
      [pr z_L] step 3000/5000  train loss=0.420  dev loss=0.419  dev PER=0.112  (best 0.112, bad 0/10)
      [pr z_L] step 3250/5000  train loss=0.414  dev loss=0.411  dev PER=0.108  (best 0.108, bad 0/10)
      [pr z_L] step 3500/5000  train loss=0.405  dev loss=0.415  dev PER=0.116  (best 0.108, bad 1/10)
      [pr z_L] step 3750/5000  train loss=0.401  dev loss=0.403  dev PER=0.107  (best 0.107, bad 0/10)
      [pr z_L] step 4000/5000  train loss=0.394  dev loss=0.402  dev PER=0.104  (best 0.104, bad 0/10)
      [pr z_L] step 4250/5000  train loss=0.392  dev loss=0.399  dev PER=0.106  (best 0.104, bad 1/10)
      [pr z_L] step 4500/5000  train loss=0.390  dev loss=0.398  dev PER=0.102  (best 0.102, bad 0/10)
      [pr z_L] step 4750/5000  train loss=0.391  dev loss=0.397  dev PER=0.107  (best 0.102, bad 1/10)
      [pr z_L] step 5000/5000  train loss=0.386  dev loss=0.396  dev PER=0.106  (best 0.102, bad 2/10)
    z_L -> PR               PER test=0.106  (val 0.102)

==================================================================
  DIAGNOSTIC PROBE RESULTS - diag_libri_advlearn_hardfreeze6000_dann3k_gn00015_gp02_aux64_12k_s42_z_L_pr_direct_seed42
==================================================================
  Source       PR (PER↓)    SID (acc↑)
  --------  ------------  ------------
  z_L              0.106           nan
==================================================================

