[diag_probe] run=diag_libri_advlearn_hardfreeze6000_dann3k_gn00015_gp02_aux64_12k_s42_z_t_pr_linear_seed42  device=cuda
[diag_probe] seed=42
[diag_probe] stage1_ckpt=/scratch/bbg25/runs/libri_advlearn_hardfreeze6000_dann3k_gn00015_gp02_aux64_12k_s42/checkpoints/stage2_step12000.pt
[diag_probe] stage2_ckpt=/scratch/bbg25/runs/libri_advlearn_hardfreeze6000_dann3k_gn00015_gp02_aux64_12k_s42/checkpoints/stage2_step12000.pt
[diag_probe] sources=['z_t']  tasks=['pr']
[diag_probe] probe_steps=5000  pr_lr=0.0005  asr_lr=0.0005  sid_lr=0.001  pr_warmup=500  asr_warmup=500  other_warmup=0  val_every=250  patience=10
[dis_data] loaded lexicon: 200,000 entries
[dis_data] loading PR train-clean-100 …
[dis_data] loading PR dev-clean …
[dis_data] loading PR test-clean …
[dis_data]  PR train=28539 val=2703 test=2620 vocab=74
[diag_probe] ASR task not requested — skipping ASR dataloaders.
[dis_data] loading train-clean-100 …
[dis_data]  251 speakers
[dis_data]  train=27539  val=500  test=500  vocab=74  speakers=251
[diag_probe] topk confirmed: 256
[train] loaded 3 SAE tensors from /scratch/bbg25/runs/libri_advlearn_hardfreeze6000_dann3k_gn00015_gp02_aux64_12k_s42/checkpoints/stage2_step12000.pt  (step=12000  val=0.1577)
[diag_probe] loaded stage2 weights from /scratch/bbg25/runs/libri_advlearn_hardfreeze6000_dann3k_gn00015_gp02_aux64_12k_s42/checkpoints/stage2_step12000.pt

[diag_probe] speakers=251  pr_vocab=74  asr_vocab=n/a  D=1280  K=5120
[diag_probe] PR: stage-2-matched 74-phone targets — train-clean-100 → val=dev-clean, test=test-clean
[diag_probe] ASR: skipped
[diag_probe] SID: closed-set utterance split (val/test held out); probe arch=linear
[diag_probe] reported metric = TEST (val shown in parentheses)

  training probe: z_t -> PR ...
[dis_data] g2p_en loaded for OOV words
      [pr z_t] step 250/5000  train loss=5.786  dev loss=6.591  dev PER=0.888  (best 0.888, bad 0/10)
      [pr z_t] step 500/5000  train loss=4.755  dev loss=5.824  dev PER=0.930  (best 0.888, bad 1/10)
      [pr z_t] step 750/5000  train loss=4.729  dev loss=6.143  dev PER=0.886  (best 0.886, bad 0/10)
      [pr z_t] step 1000/5000  train loss=4.085  dev loss=0.997  dev PER=0.378  (best 0.378, bad 0/10)
      [pr z_t] step 1250/5000  train loss=0.575  dev loss=0.483  dev PER=0.124  (best 0.124, bad 0/10)
      [pr z_t] step 1500/5000  train loss=0.460  dev loss=0.469  dev PER=0.139  (best 0.124, bad 1/10)
      [pr z_t] step 1750/5000  train loss=0.442  dev loss=0.431  dev PER=0.114  (best 0.114, bad 0/10)
      [pr z_t] step 2000/5000  train loss=0.411  dev loss=0.423  dev PER=0.118  (best 0.114, bad 1/10)
      [pr z_t] step 2250/5000  train loss=0.407  dev loss=0.404  dev PER=0.107  (best 0.107, bad 0/10)
      [pr z_t] step 2500/5000  train loss=0.402  dev loss=0.430  dev PER=0.129  (best 0.107, bad 1/10)
      [pr z_t] step 2750/5000  train loss=0.396  dev loss=0.405  dev PER=0.108  (best 0.107, bad 2/10)
      [pr z_t] step 3000/5000  train loss=0.394  dev loss=0.390  dev PER=0.100  (best 0.100, bad 0/10)
      [pr z_t] step 3250/5000  train loss=0.388  dev loss=0.384  dev PER=0.096  (best 0.096, bad 0/10)
      [pr z_t] step 3500/5000  train loss=0.379  dev loss=0.390  dev PER=0.101  (best 0.096, bad 1/10)
      [pr z_t] step 3750/5000  train loss=0.375  dev loss=0.381  dev PER=0.095  (best 0.095, bad 0/10)
      [pr z_t] step 4000/5000  train loss=0.367  dev loss=0.378  dev PER=0.101  (best 0.095, bad 1/10)
      [pr z_t] step 4250/5000  train loss=0.365  dev loss=0.372  dev PER=0.096  (best 0.095, bad 2/10)
      [pr z_t] step 4500/5000  train loss=0.362  dev loss=0.371  dev PER=0.097  (best 0.095, bad 3/10)
      [pr z_t] step 4750/5000  train loss=0.363  dev loss=0.370  dev PER=0.100  (best 0.095, bad 4/10)
      [pr z_t] step 5000/5000  train loss=0.356  dev loss=0.366  dev PER=0.096  (best 0.095, bad 5/10)
    z_t -> PR               PER test=0.100  (val 0.095)

==================================================================
  DIAGNOSTIC PROBE RESULTS - diag_libri_advlearn_hardfreeze6000_dann3k_gn00015_gp02_aux64_12k_s42_z_t_pr_linear_seed42
==================================================================
  Source       PR (PER↓)    SID (acc↑)
  --------  ------------  ------------
  z_t              0.100           nan
==================================================================

