[diag_probe] run=diag_libri_advlearn_hardfreeze6000_dann3k_gn00015_gp02_aux64_12k_s42_z_L_pr_linear_seed42  device=cuda
[diag_probe] seed=42
[diag_probe] stage1_ckpt=/scratch/bbg25/runs/libri_advlearn_hardfreeze6000_dann3k_gn00015_gp02_aux64_12k_s42/checkpoints/stage2_step12000.pt
[diag_probe] stage2_ckpt=/scratch/bbg25/runs/libri_advlearn_hardfreeze6000_dann3k_gn00015_gp02_aux64_12k_s42/checkpoints/stage2_step12000.pt
[diag_probe] sources=['z_L']  tasks=['pr']
[diag_probe] probe_steps=5000  pr_lr=0.0005  asr_lr=0.0005  sid_lr=0.001  pr_warmup=500  asr_warmup=500  other_warmup=0  val_every=250  patience=10
[dis_data] loaded lexicon: 200,000 entries
[dis_data] loading PR train-clean-100 …
[dis_data] loading PR dev-clean …
[dis_data] loading PR test-clean …
[dis_data]  PR train=28539 val=2703 test=2620 vocab=74
[diag_probe] ASR task not requested — skipping ASR dataloaders.
[dis_data] loading train-clean-100 …
[dis_data]  251 speakers
[dis_data]  train=27539  val=500  test=500  vocab=74  speakers=251
[diag_probe] topk confirmed: 256
[train] loaded 3 SAE tensors from /scratch/bbg25/runs/libri_advlearn_hardfreeze6000_dann3k_gn00015_gp02_aux64_12k_s42/checkpoints/stage2_step12000.pt  (step=12000  val=0.1577)
[diag_probe] loaded stage2 weights from /scratch/bbg25/runs/libri_advlearn_hardfreeze6000_dann3k_gn00015_gp02_aux64_12k_s42/checkpoints/stage2_step12000.pt

[diag_probe] speakers=251  pr_vocab=74  asr_vocab=n/a  D=1280  K=5120
[diag_probe] PR: stage-2-matched 74-phone targets — train-clean-100 → val=dev-clean, test=test-clean
[diag_probe] ASR: skipped
[diag_probe] SID: closed-set utterance split (val/test held out); probe arch=linear
[diag_probe] reported metric = TEST (val shown in parentheses)

  training probe: z_L -> PR ...
[dis_data] g2p_en loaded for OOV words
      [pr z_L] step 250/5000  train loss=5.849  dev loss=5.768  dev PER=0.946  (best 0.946, bad 0/10)
      [pr z_L] step 500/5000  train loss=4.899  dev loss=5.929  dev PER=0.944  (best 0.944, bad 0/10)
      [pr z_L] step 750/5000  train loss=4.775  dev loss=6.218  dev PER=0.934  (best 0.934, bad 0/10)
      [pr z_L] step 1000/5000  train loss=2.295  dev loss=0.545  dev PER=0.155  (best 0.155, bad 0/10)
      [pr z_L] step 1250/5000  train loss=0.496  dev loss=0.464  dev PER=0.114  (best 0.114, bad 0/10)
      [pr z_L] step 1500/5000  train loss=0.451  dev loss=0.458  dev PER=0.136  (best 0.114, bad 1/10)
      [pr z_L] step 1750/5000  train loss=0.438  dev loss=0.430  dev PER=0.112  (best 0.112, bad 0/10)
      [pr z_L] step 2000/5000  train loss=0.410  dev loss=0.418  dev PER=0.116  (best 0.112, bad 1/10)
      [pr z_L] step 2250/5000  train loss=0.409  dev loss=0.404  dev PER=0.106  (best 0.106, bad 0/10)
      [pr z_L] step 2500/5000  train loss=0.403  dev loss=0.436  dev PER=0.132  (best 0.106, bad 1/10)
      [pr z_L] step 2750/5000  train loss=0.398  dev loss=0.405  dev PER=0.108  (best 0.106, bad 2/10)
      [pr z_L] step 3000/5000  train loss=0.395  dev loss=0.388  dev PER=0.099  (best 0.099, bad 0/10)
      [pr z_L] step 3250/5000  train loss=0.390  dev loss=0.383  dev PER=0.097  (best 0.097, bad 0/10)
      [pr z_L] step 3500/5000  train loss=0.382  dev loss=0.389  dev PER=0.101  (best 0.097, bad 1/10)
      [pr z_L] step 3750/5000  train loss=0.378  dev loss=0.381  dev PER=0.097  (best 0.097, bad 0/10)
      [pr z_L] step 4000/5000  train loss=0.371  dev loss=0.380  dev PER=0.102  (best 0.097, bad 1/10)
      [pr z_L] step 4250/5000  train loss=0.369  dev loss=0.373  dev PER=0.097  (best 0.097, bad 2/10)
      [pr z_L] step 4500/5000  train loss=0.366  dev loss=0.372  dev PER=0.097  (best 0.097, bad 3/10)
      [pr z_L] step 4750/5000  train loss=0.366  dev loss=0.372  dev PER=0.101  (best 0.097, bad 4/10)
      [pr z_L] step 5000/5000  train loss=0.360  dev loss=0.367  dev PER=0.097  (best 0.097, bad 5/10)
    z_L -> PR               PER test=0.100  (val 0.097)

==================================================================
  DIAGNOSTIC PROBE RESULTS - diag_libri_advlearn_hardfreeze6000_dann3k_gn00015_gp02_aux64_12k_s42_z_L_pr_linear_seed42
==================================================================
  Source       PR (PER↓)    SID (acc↑)
  --------  ------------  ------------
  z_L              0.100           nan
==================================================================

