[diag_probe] run=diag_libri_advfb_prrecover_gn00015_240L16P_aux64_12k_s42_sid_linear_seed42  device=cuda
[diag_probe] seed=42
[diag_probe] stage1_ckpt=/scratch/bbg25/runs/libri_advfb_prrecover_gn00015_240L16P_aux64_12k_s42/checkpoints/stage2_step12000.pt
[diag_probe] stage2_ckpt=/scratch/bbg25/runs/libri_advfb_prrecover_gn00015_240L16P_aux64_12k_s42/checkpoints/stage2_step12000.pt
[diag_probe] sources=['z_t', 'z_L', 'z_P']  tasks=['sid']
[diag_probe] probe_steps=5000  pr_lr=0.0005  sid_lr=0.001  pr_warmup=500  other_warmup=0  val_every=250  patience=5
[diag_probe] PR task not requested — skipping PR dataloaders.
[dis_data] loaded lexicon: 200,000 entries
[dis_data] loading train-clean-100 …
[dis_data]  251 speakers
[dis_data]  train=27539  val=500  test=500  vocab=74  speakers=251
[diag_probe] topk confirmed: 256
[train] WARNING: unexpected missing SAE keys: ['block_idx', 'block_m_L', 'block_m_P', 'block_m_U']
[train] loaded 3 SAE tensors from /scratch/bbg25/runs/libri_advfb_prrecover_gn00015_240L16P_aux64_12k_s42/checkpoints/stage2_step12000.pt  (step=12000  val=0.1062)
[diag_probe] loaded stage2 weights from /scratch/bbg25/runs/libri_advfb_prrecover_gn00015_240L16P_aux64_12k_s42/checkpoints/stage2_step12000.pt

[diag_probe] speakers=251  pr_vocab=74  D=1280  K=5120
[diag_probe] PR: skipped
[diag_probe] SID: closed-set utterance split (val/test held out); probe arch=linear
[diag_probe] reported metric = TEST (val shown in parentheses)

  training probe: z_t -> SID ...
[dis_data] g2p_en loaded for OOV words
      [sid z_t] step 250/5000  train loss=5.664 acc=0.062  dev loss=5.083 acc=0.084  (best 0.084, bad 0/5)
      [sid z_t] step 500/5000  train loss=2.772 acc=0.438  dev loss=3.297 acc=0.294  (best 0.294, bad 0/5)
      [sid z_t] step 750/5000  train loss=1.446 acc=0.625  dev loss=1.367 acc=0.660  (best 0.660, bad 0/5)
      [sid z_t] step 1000/5000  train loss=1.049 acc=0.812  dev loss=0.923 acc=0.764  (best 0.764, bad 0/5)
      [sid z_t] step 1250/5000  train loss=0.584 acc=0.812  dev loss=0.739 acc=0.794  (best 0.794, bad 0/5)
      [sid z_t] step 1500/5000  train loss=0.439 acc=0.812  dev loss=0.449 acc=0.862  (best 0.862, bad 0/5)
      [sid z_t] step 1750/5000  train loss=0.793 acc=0.812  dev loss=0.312 acc=0.916  (best 0.916, bad 0/5)
      [sid z_t] step 2000/5000  train loss=0.105 acc=1.000  dev loss=0.330 acc=0.910  (best 0.916, bad 1/5)
      [sid z_t] step 2250/5000  train loss=0.250 acc=0.938  dev loss=0.354 acc=0.892  (best 0.916, bad 2/5)
      [sid z_t] step 2500/5000  train loss=0.108 acc=1.000  dev loss=0.212 acc=0.926  (best 0.926, bad 0/5)
      [sid z_t] step 2750/5000  train loss=0.247 acc=0.938  dev loss=0.136 acc=0.954  (best 0.954, bad 0/5)
      [sid z_t] step 3000/5000  train loss=0.155 acc=0.938  dev loss=0.103 acc=0.968  (best 0.968, bad 0/5)
      [sid z_t] step 3250/5000  train loss=0.040 acc=1.000  dev loss=0.050 acc=0.988  (best 0.988, bad 0/5)
      [sid z_t] step 3500/5000  train loss=0.025 acc=1.000  dev loss=0.033 acc=0.990  (best 0.990, bad 0/5)
      [sid z_t] step 3750/5000  train loss=0.018 acc=1.000  dev loss=0.022 acc=0.998  (best 0.998, bad 0/5)
      [sid z_t] step 4000/5000  train loss=0.137 acc=0.938  dev loss=0.022 acc=0.992  (best 0.998, bad 1/5)
      [sid z_t] step 4250/5000  train loss=0.009 acc=1.000  dev loss=0.026 acc=0.992  (best 0.998, bad 2/5)
      [sid z_t] step 4500/5000  train loss=0.002 acc=1.000  dev loss=0.013 acc=0.996  (best 0.998, bad 3/5)
      [sid z_t] step 4750/5000  train loss=0.001 acc=1.000  dev loss=0.007 acc=0.998  (best 0.998, bad 4/5)
      [sid z_t] step 5000/5000  train loss=0.001 acc=1.000  dev loss=0.006 acc=1.000  (best 1.000, bad 0/5)
    z_t -> SID              acc test=1.000  (val 1.000)
  training probe: z_L -> SID ...
      [sid z_L] step 250/5000  train loss=6.626 acc=0.000  dev loss=7.079 acc=0.006  (best 0.006, bad 0/5)
      [sid z_L] step 500/5000  train loss=6.370 acc=0.000  dev loss=6.654 acc=0.004  (best 0.006, bad 1/5)
      [sid z_L] step 750/5000  train loss=6.874 acc=0.000  dev loss=6.619 acc=0.000  (best 0.006, bad 2/5)
      [sid z_L] step 1000/5000  train loss=6.390 acc=0.000  dev loss=6.407 acc=0.008  (best 0.008, bad 0/5)
