=== Disentanglement  stage=2
=== device=cuda  bf16=True
=== K=5120  topk=256  D=1280
=== steps=12000  α=0.8  β=0.6  grl=1.0  ρ=0.0
[dis_data] loaded lexicon: 200,000 entries
[dis_data] loading train-clean-100 …
[dis_data]  251 speakers
[dis_data]  train=27539  val=500  test=500  vocab=74  speakers=251
[train] stage2_from_scratch=True — SAE/routing/heads start from initialization
[stage 2] frozen=596,973,362  trainable=17,478,282  device=cuda
[stage 2] speakers=251  vocab=74
[stage 2] α=0.8  β=0.6  grl=1.0  ρ=0.0  grl_p=0.2  hard_gumbel=True  spear_ln=True  grl_linear_mean=True  grl_grad_norm=0.00015  dann_full_disc=True
[stage 2] steps=12000  schedule_steps=12000  batch=16  grad_clip=1.0
[stage 2] best_ckpt selection: per + (1 - sid_acc) + grl_acc + (1 - grl_p_per)  — in-training head proxies, NOT a probe; run diag_probe/ for the authoritative leakage signal.
[stage 2] AuxK on: aux_k=64  coef=0.03125  dead_thresh=256  renorm_dec=False
[stage 2] precision requested=auto resolved=bf16
[dis_data] g2p_en loaded for OOV words
[dis_data] g2p_en loaded for OOV words
  step      1/12000  recon=0.3606  pr=17.7526  sid=5.5254  grl=5.5293(acc=0.000)  grl_p=17.6189(per=2.116)  aux=0.0000  dead=0.0%  L/P/U=4096/1024/0  actL/P/U=240/16/0  H=nan  Hu=nan  spec<.5=nan  marg=nan  lstd=nan  lr=2.00e-07
  step    100/12000  recon=0.3312  pr=17.1016  sid=5.5117  grl=5.4902(acc=0.062)  grl_p=3.6701(per=1.000)  aux=0.0000  dead=0.0%  L/P/U=4096/1024/0  actL/P/U=240/16/0  H=nan  Hu=nan  spec<.5=nan  marg=nan  lstd=nan  lr=2.00e-05
  step    200/12000  recon=0.3644  pr=4.9484  sid=5.5000  grl=5.4697(acc=0.000)  grl_p=3.4706(per=1.000)  aux=0.0000  dead=0.0%  L/P/U=4096/1024/0  actL/P/U=240/16/0  H=nan  Hu=nan  spec<.5=nan  marg=nan  lstd=nan  lr=4.00e-05
  step    300/12000  recon=0.2991  pr=2.8873  sid=5.3555  grl=3.5366(acc=0.250)  grl_p=2.1242(per=0.796)  aux=0.0000  dead=0.0%  L/P/U=4096/1024/0  actL/P/U=240/16/0  H=nan  Hu=nan  spec<.5=nan  marg=nan  lstd=nan  lr=6.00e-05
  step    400/12000  recon=0.2456  pr=1.5022  sid=5.1113  grl=2.6375(acc=0.438)  grl_p=3.1037(per=0.923)  aux=0.0000  dead=0.0%  L/P/U=4096/1024/0  actL/P/U=240/16/0  H=nan  Hu=nan  spec<.5=nan  marg=nan  lstd=nan  lr=8.00e-05
  [grad_norms @500]
    recon             |g|=0.04044  ratio=1.000x recon
    pr_raw            |g|=0.35522  ratio=8.783x recon
    pr_weighted       |g|=0.28417  ratio=7.027x recon
    sid_raw           |g|=2.60025  ratio=64.295x recon
    sid_weighted      |g|=1.56015  ratio=38.577x recon
    grl               |g|=0.57140  ratio=14.129x recon
    grl_p             |g|=0.60541  ratio=14.970x recon
    per-frame |dL/dz[t]|:  grl(z_L)=0.00015   grl_p(z_P)=0.00074   (grl_p/grl = 4.9x  <- pooled-vs-dense dilution)
    [grad_cos @500]  shared=sae.enc_weight; cos<0 = conflict
      cos(recon_vs_pr           ) = +0.003
      cos(recon_vs_sid          ) = +0.122  aligned
      cos(recon_vs_grl          ) = -0.123  conflict
      cos(recon_vs_grl_p        ) = -0.013
      cos(pr_vs_sid             ) = +0.000
      cos(pr_vs_grl             ) = +0.010
      cos(pr_vs_grl_p           ) = +0.000
      cos(sid_vs_grl            ) = +0.000
      cos(sid_vs_grl_p          ) = +0.082  aligned
      cos(grl_vs_grl_p          ) = +0.000
  step    500/12000  recon=0.2017  pr=0.9928  sid=5.0332  grl=3.4586(acc=0.188)  grl_p=3.4957(per=0.979)  aux=0.0000  dead=0.0%  L/P/U=4096/1024/0  actL/P/U=240/16/0  H=nan  Hu=nan  spec<.5=nan  marg=nan  lstd=nan  lr=1.00e-04
  step    600/12000  recon=0.1726  pr=0.7245  sid=4.7363  grl=3.0974(acc=0.250)  grl_p=3.2884(per=0.959)  aux=0.0000  dead=0.0%  L/P/U=4096/1024/0  actL/P/U=240/16/0  H=nan  Hu=nan  spec<.5=nan  marg=nan  lstd=nan  lr=1.00e-04
  step    700/12000  recon=0.1549  pr=0.6220  sid=4.1572  grl=3.7587(acc=0.125)  grl_p=3.3552(per=0.980)  aux=0.0000  dead=0.0%  L/P/U=4096/1024/0  actL/P/U=240/16/0  H=nan  Hu=nan  spec<.5=nan  marg=nan  lstd=nan  lr=9.99e-05
  step    800/12000  recon=0.1435  pr=0.5627  sid=3.9072  grl=5.4380(acc=0.062)  grl_p=3.3984(per=0.995)  aux=0.0000  dead=0.0%  L/P/U=4096/1024/0  actL/P/U=240/16/0  H=nan  Hu=nan  spec<.5=nan  marg=nan  lstd=nan  lr=9.98e-05
  step    900/12000  recon=0.1374  pr=0.5284  sid=3.5479  grl=5.5532(acc=0.125)  grl_p=3.3935(per=0.995)  aux=0.0000  dead=0.0%  L/P/U=4096/1024/0  actL/P/U=240/16/0  H=nan  Hu=nan  spec<.5=nan  marg=nan  lstd=nan  lr=9.97e-05
  [grad_norms @1000]
    recon             |g|=0.04877  ratio=1.000x recon
    pr_raw            |g|=0.41789  ratio=8.569x recon
    pr_weighted       |g|=0.33431  ratio=6.855x recon
    sid_raw           |g|=6.12746  ratio=125.647x recon
    sid_weighted      |g|=3.67647  ratio=75.388x recon
    grl               |g|=1.17053  ratio=24.002x recon
    grl_p             |g|=0.33238  ratio=6.816x recon
    per-frame |dL/dz[t]|:  grl(z_L)=0.00015   grl_p(z_P)=0.00040   (grl_p/grl = 2.7x  <- pooled-vs-dense dilution)
    [grad_cos @1000]  shared=sae.enc_weight; cos<0 = conflict
      cos(recon_vs_pr           ) = +0.008
      cos(recon_vs_sid          ) = +0.112  aligned
      cos(recon_vs_grl          ) = -0.061  conflict
      cos(recon_vs_grl_p        ) = -0.035
      cos(pr_vs_sid             ) = +0.000
      cos(pr_vs_grl             ) = +0.003
      cos(pr_vs_grl_p           ) = +0.000
      cos(sid_vs_grl            ) = +0.000
      cos(sid_vs_grl_p          ) = +0.009
      cos(grl_vs_grl_p          ) = +0.000
  step   1000/12000  recon=0.1340  pr=0.4843  sid=3.3799  grl=5.4282(acc=0.188)  grl_p=3.4524(per=0.998)  aux=0.0000  dead=0.0%  L/P/U=4096/1024/0  actL/P/U=240/16/0  H=nan  Hu=nan  spec<.5=nan  marg=nan  lstd=nan  lr=9.96e-05
[dis_data] g2p_en loaded for OOV words
[dis_data] g2p_en loaded for OOV words
  [val] step=1000  recon=0.1338  pr=0.5372  | z_L PR=0.136 SID=0.146  | z_P PR=0.997 SID=0.812
  ✓ best checkpoint (disent=0.4724  PER=0.136 sid=0.812 grl_acc=0.146 grl_p_per=0.997) → /scratch/bbg25/runs/libri_advfb_prrecover_gn00015_240L16P_aux64_12k_s42/checkpoints/stage2_best.pt
  step   1100/12000  recon=0.1306  pr=0.4472  sid=2.4719  grl=3.7676(acc=0.250)  grl_p=3.4542(per=0.999)  aux=0.0000  dead=0.0%  L/P/U=4096/1024/0  actL/P/U=240/16/0  H=nan  Hu=nan  spec<.5=nan  marg=nan  lstd=nan  lr=9.94e-05
  step   1200/12000  recon=0.1304  pr=0.3842  sid=2.2759  grl=5.9592(acc=0.062)  grl_p=3.4562(per=0.998)  aux=0.0000  dead=0.0%  L/P/U=4096/1024/0  actL/P/U=240/16/0  H=nan  Hu=nan  spec<.5=nan  marg=nan  lstd=nan  lr=9.92e-05
  step   1300/12000  recon=0.1294  pr=0.3777  sid=1.6577  grl=5.0576(acc=0.062)  grl_p=3.4465(per=1.000)  aux=0.0000  dead=0.0%  L/P/U=4096/1024/0  actL/P/U=240/16/0  H=nan  Hu=nan  spec<.5=nan  marg=nan  lstd=nan  lr=9.89e-05
  step   1400/12000  recon=0.1292  pr=0.4445  sid=1.4714  grl=6.3138(acc=0.188)  grl_p=3.4356(per=0.998)  aux=0.0000  dead=0.0%  L/P/U=4096/1024/0  actL/P/U=240/16/0  H=nan  Hu=nan  spec<.5=nan  marg=nan  lstd=nan  lr=9.86e-05
  [grad_norms @1500]
    recon             |g|=0.06406  ratio=1.000x recon
    pr_raw            |g|=0.33049  ratio=5.159x recon
    pr_weighted       |g|=0.26439  ratio=4.127x recon
    sid_raw           |g|=5.28568  ratio=82.512x recon
    sid_weighted      |g|=3.17141  ratio=49.507x recon
    grl               |g|=2.06560  ratio=32.245x recon
    grl_p             |g|=0.33560  ratio=5.239x recon
    per-frame |dL/dz[t]|:  grl(z_L)=0.00015   grl_p(z_P)=0.00027   (grl_p/grl = 1.8x  <- pooled-vs-dense dilution)
    [grad_cos @1500]  shared=sae.enc_weight; cos<0 = conflict
      cos(recon_vs_pr           ) = -0.004
      cos(recon_vs_sid          ) = +0.077  aligned
      cos(recon_vs_grl          ) = -0.023
      cos(recon_vs_grl_p        ) = -0.023
      cos(pr_vs_sid             ) = +0.000
      cos(pr_vs_grl             ) = +0.000
      cos(pr_vs_grl_p           ) = +0.000
      cos(sid_vs_grl            ) = +0.000
      cos(sid_vs_grl_p          ) = -0.001
      cos(grl_vs_grl_p          ) = +0.000
  step   1500/12000  recon=0.1266  pr=0.4387  sid=1.2389  grl=6.4397(acc=0.062)  grl_p=3.4680(per=1.000)  aux=0.0000  dead=0.0%  L/P/U=4096/1024/0  actL/P/U=240/16/0  H=nan  Hu=nan  spec<.5=nan  marg=nan  lstd=nan  lr=9.83e-05
  step   1600/12000  recon=0.1311  pr=0.4544  sid=0.7798  grl=7.1045(acc=0.000)  grl_p=3.4526(per=0.998)  aux=0.0000  dead=0.0%  L/P/U=4096/1024/0  actL/P/U=240/16/0  H=nan  Hu=nan  spec<.5=nan  marg=nan  lstd=nan  lr=9.80e-05
  step   1700/12000  recon=0.1290  pr=0.3720  sid=0.9890  grl=4.7676(acc=0.125)  grl_p=3.3736(per=1.000)  aux=0.0000  dead=0.0%  L/P/U=4096/1024/0  actL/P/U=240/16/0  H=nan  Hu=nan  spec<.5=nan  marg=nan  lstd=nan  lr=9.76e-05
[dis_data] g2p_en loaded for OOV words
[dis_data] g2p_en loaded for OOV words
  step   1800/12000  recon=0.1295  pr=0.4549  sid=0.7234  grl=4.6180(acc=0.188)  grl_p=3.4192(per=0.999)  aux=0.0000  dead=0.0%  L/P/U=4096/1024/0  actL/P/U=240/16/0  H=nan  Hu=nan  spec<.5=nan  marg=nan  lstd=nan  lr=9.72e-05
  step   1900/12000  recon=0.1324  pr=0.3838  sid=0.5004  grl=5.0337(acc=0.188)  grl_p=3.4226(per=0.999)  aux=0.0000  dead=0.1%  L/P/U=4096/1024/0  actL/P/U=240/16/0  H=nan  Hu=nan  spec<.5=nan  marg=nan  lstd=nan  lr=9.67e-05
  [grad_norms @2000]
    recon             |g|=0.08360  ratio=1.000x recon
    pr_raw            |g|=0.41254  ratio=4.935x recon
    pr_weighted       |g|=0.33003  ratio=3.948x recon
    sid_raw           |g|=3.61440  ratio=43.234x recon
    sid_weighted      |g|=2.16864  ratio=25.940x recon
    grl               |g|=2.57745  ratio=30.830x recon
    grl_p             |g|=0.39623  ratio=4.739x recon
    per-frame |dL/dz[t]|:  grl(z_L)=0.00015   grl_p(z_P)=0.00022   (grl_p/grl = 1.5x  <- pooled-vs-dense dilution)
    [grad_cos @2000]  shared=sae.enc_weight; cos<0 = conflict
      cos(recon_vs_pr           ) = -0.002
      cos(recon_vs_sid          ) = +0.070  aligned
      cos(recon_vs_grl          ) = -0.016
      cos(recon_vs_grl_p        ) = -0.009
      cos(pr_vs_sid             ) = +0.000
      cos(pr_vs_grl             ) = -0.011
      cos(pr_vs_grl_p           ) = +0.000
      cos(sid_vs_grl            ) = +0.000
      cos(sid_vs_grl_p          ) = +0.047
      cos(grl_vs_grl_p          ) = +0.000
  step   2000/12000  recon=0.1316  pr=0.4606  sid=0.5600  grl=5.9641(acc=0.188)  grl_p=3.4218(per=0.999)  aux=0.0000  dead=0.1%  L/P/U=4096/1024/0  actL/P/U=240/16/0  H=nan  Hu=nan  spec<.5=nan  marg=nan  lstd=nan  lr=9.63e-05
[dis_data] g2p_en loaded for OOV words
[dis_data] g2p_en loaded for OOV words
  [val] step=2000  recon=0.1326  pr=0.3959  | z_L PR=0.094 SID=0.116  | z_P PR=0.998 SID=0.984
  ✓ best checkpoint (disent=0.2277  PER=0.094 sid=0.984 grl_acc=0.116 grl_p_per=0.998) → /scratch/bbg25/runs/libri_advfb_prrecover_gn00015_240L16P_aux64_12k_s42/checkpoints/stage2_best.pt
  step   2100/12000  recon=0.1337  pr=0.3569  sid=0.4351  grl=6.0164(acc=0.125)  grl_p=3.4294(per=0.998)  aux=0.0000  dead=0.0%  L/P/U=4096/1024/0  actL/P/U=240/16/0  H=nan  Hu=nan  spec<.5=nan  marg=nan  lstd=nan  lr=9.58e-05
  step   2200/12000  recon=0.1331  pr=0.3804  sid=0.3618  grl=4.7568(acc=0.000)  grl_p=3.4264(per=1.000)  aux=0.0000  dead=0.1%  L/P/U=4096/1024/0  actL/P/U=240/16/0  H=nan  Hu=nan  spec<.5=nan  marg=nan  lstd=nan  lr=9.52e-05
  step   2300/12000  recon=0.1356  pr=0.3711  sid=0.4365  grl=6.4053(acc=0.062)  grl_p=3.4594(per=0.999)  aux=0.0000  dead=0.2%  L/P/U=4096/1024/0  actL/P/U=240/16/0  H=nan  Hu=nan  spec<.5=nan  marg=nan  lstd=nan  lr=9.47e-05
  step   2400/12000  recon=0.1361  pr=0.3403  sid=0.3210  grl=6.1865(acc=0.000)  grl_p=3.4029(per=0.996)  aux=0.0000  dead=0.2%  L/P/U=4096/1024/0  actL/P/U=240/16/0  H=nan  Hu=nan  spec<.5=nan  marg=nan  lstd=nan  lr=9.41e-05
  [grad_norms @2500]
    recon             |g|=0.10925  ratio=1.000x recon
    pr_raw            |g|=0.26967  ratio=2.468x recon
    pr_weighted       |g|=0.21573  ratio=1.975x recon
    sid_raw           |g|=3.29118  ratio=30.125x recon
    sid_weighted      |g|=1.97471  ratio=18.075x recon
    grl               |g|=2.70872  ratio=24.793x recon
    grl_p             |g|=0.40346  ratio=3.693x recon
    per-frame |dL/dz[t]|:  grl(z_L)=0.00015   grl_p(z_P)=0.00028   (grl_p/grl = 1.9x  <- pooled-vs-dense dilution)
    [grad_cos @2500]  shared=sae.enc_weight; cos<0 = conflict
      cos(recon_vs_pr           ) = +0.006
      cos(recon_vs_sid          ) = +0.062  aligned
      cos(recon_vs_grl          ) = -0.004
      cos(recon_vs_grl_p        ) = -0.033
      cos(pr_vs_sid             ) = +0.000
      cos(pr_vs_grl             ) = -0.007
      cos(pr_vs_grl_p           ) = +0.000
      cos(sid_vs_grl            ) = +0.000
      cos(sid_vs_grl_p          ) = +0.002
      cos(grl_vs_grl_p          ) = +0.000
  step   2500/12000  recon=0.1385  pr=0.3267  sid=0.3265  grl=7.1062(acc=0.062)  grl_p=3.4479(per=0.998)  aux=0.0000  dead=0.3%  L/P/U=4096/1024/0  actL/P/U=240/16/0  H=nan  Hu=nan  spec<.5=nan  marg=nan  lstd=nan  lr=9.34e-05
  step   2600/12000  recon=0.1397  pr=0.3731  sid=0.2086  grl=6.6997(acc=0.062)  grl_p=3.4104(per=0.998)  aux=0.0000  dead=0.4%  L/P/U=4096/1024/0  actL/P/U=240/16/0  H=nan  Hu=nan  spec<.5=nan  marg=nan  lstd=nan  lr=9.28e-05
  step   2700/12000  recon=0.1399  pr=0.3699  sid=0.2206  grl=7.0254(acc=0.000)  grl_p=3.3887(per=0.997)  aux=0.0000  dead=0.5%  L/P/U=4096/1024/0  actL/P/U=240/16/0  H=nan  Hu=nan  spec<.5=nan  marg=nan  lstd=nan  lr=9.21e-05
  step   2800/12000  recon=0.1400  pr=0.3375  sid=0.2113  grl=4.9031(acc=0.188)  grl_p=3.4336(per=0.998)  aux=0.0000  dead=0.5%  L/P/U=4096/1024/0  actL/P/U=240/16/0  H=nan  Hu=nan  spec<.5=nan  marg=nan  lstd=nan  lr=9.14e-05
  step   2900/12000  recon=0.1443  pr=0.3781  sid=0.1755  grl=7.0791(acc=0.000)  grl_p=3.4632(per=0.998)  aux=0.0000  dead=0.5%  L/P/U=4096/1024/0  actL/P/U=240/16/0  H=nan  Hu=nan  spec<.5=nan  marg=nan  lstd=nan  lr=9.07e-05
  [grad_norms @3000]
    recon             |g|=0.13066  ratio=1.000x recon
    pr_raw            |g|=0.25693  ratio=1.966x recon
    pr_weighted       |g|=0.20555  ratio=1.573x recon
    sid_raw           |g|=3.28153  ratio=25.115x recon
    sid_weighted      |g|=1.96892  ratio=15.069x recon
    grl               |g|=6.38777  ratio=48.889x recon
    grl_p             |g|=0.39834  ratio=3.049x recon
    per-frame |dL/dz[t]|:  grl(z_L)=0.00015   grl_p(z_P)=0.00029   (grl_p/grl = 1.9x  <- pooled-vs-dense dilution)
    [grad_cos @3000]  shared=sae.enc_weight; cos<0 = conflict
      cos(recon_vs_pr           ) = +0.003
      cos(recon_vs_sid          ) = +0.073  aligned
      cos(recon_vs_grl          ) = -0.011
      cos(recon_vs_grl_p        ) = -0.044
      cos(pr_vs_sid             ) = +0.000
      cos(pr_vs_grl             ) = +0.024
      cos(pr_vs_grl_p           ) = +0.000
      cos(sid_vs_grl            ) = +0.000
      cos(sid_vs_grl_p          ) = -0.022
      cos(grl_vs_grl_p          ) = +0.000
  step   3000/12000  recon=0.1446  pr=0.3152  sid=0.2640  grl=8.4380(acc=0.000)  grl_p=3.4291(per=0.995)  aux=0.0000  dead=0.7%  L/P/U=4096/1024/0  actL/P/U=240/16/0  H=nan  Hu=nan  spec<.5=nan  marg=nan  lstd=nan  lr=8.99e-05
[dis_data] g2p_en loaded for OOV words
[dis_data] g2p_en loaded for OOV words
  [val] step=3000  recon=0.1448  pr=0.3716  | z_L PR=0.087 SID=0.056  | z_P PR=0.998 SID=0.994
  ✓ best checkpoint (disent=0.1512  PER=0.087 sid=0.994 grl_acc=0.056 grl_p_per=0.998) → /scratch/bbg25/runs/libri_advfb_prrecover_gn00015_240L16P_aux64_12k_s42/checkpoints/stage2_best.pt
  step   3100/12000  recon=0.1452  pr=0.3895  sid=0.2676  grl=8.4316(acc=0.000)  grl_p=3.4992(per=0.998)  aux=0.0000  dead=0.7%  L/P/U=4096/1024/0  actL/P/U=240/16/0  H=nan  Hu=nan  spec<.5=nan  marg=nan  lstd=nan  lr=8.91e-05
  step   3200/12000  recon=0.1466  pr=0.3054  sid=0.1464  grl=5.9607(acc=0.125)  grl_p=3.4033(per=0.995)  aux=0.0000  dead=1.0%  L/P/U=4096/1024/0  actL/P/U=240/16/0  H=nan  Hu=nan  spec<.5=nan  marg=nan  lstd=nan  lr=8.83e-05
  step   3300/12000  recon=0.1456  pr=0.3208  sid=0.1302  grl=8.5239(acc=0.000)  grl_p=3.4025(per=0.999)  aux=0.1512  dead=1.3%  L/P/U=4096/1024/0  actL/P/U=240/16/0  H=nan  Hu=nan  spec<.5=nan  marg=nan  lstd=nan  lr=8.75e-05
  step   3400/12000  recon=0.1505  pr=0.3040  sid=0.2056  grl=7.5589(acc=0.062)  grl_p=3.4066(per=0.997)  aux=0.1504  dead=1.6%  L/P/U=4096/1024/0  actL/P/U=240/16/0  H=nan  Hu=nan  spec<.5=nan  marg=nan  lstd=nan  lr=8.66e-05
[dis_data] g2p_en loaded for OOV words
[dis_data] g2p_en loaded for OOV words
  [grad_norms @3500]
    recon             |g|=0.16021  ratio=1.000x recon
    pr_raw            |g|=0.28538  ratio=1.781x recon
    pr_weighted       |g|=0.22831  ratio=1.425x recon
    sid_raw           |g|=1.79817  ratio=11.224x recon
    sid_weighted      |g|=1.07890  ratio=6.734x recon
    grl               |g|=3.70820  ratio=23.146x recon
    grl_p             |g|=0.53624  ratio=3.347x recon
    per-frame |dL/dz[t]|:  grl(z_L)=0.00015   grl_p(z_P)=0.00033   (grl_p/grl = 2.2x  <- pooled-vs-dense dilution)
    [grad_cos @3500]  shared=sae.enc_weight; cos<0 = conflict
      cos(recon_vs_pr           ) = -0.002
      cos(recon_vs_sid          ) = +0.037
      cos(recon_vs_grl          ) = -0.008
      cos(recon_vs_grl_p        ) = -0.041
      cos(pr_vs_sid             ) = +0.000
      cos(pr_vs_grl             ) = -0.002
      cos(pr_vs_grl_p           ) = +0.000
      cos(sid_vs_grl            ) = +0.000
      cos(sid_vs_grl_p          ) = +0.015
      cos(grl_vs_grl_p          ) = +0.000
  step   3500/12000  recon=0.1491  pr=0.3297  sid=0.0982  grl=5.2262(acc=0.188)  grl_p=3.4189(per=0.997)  aux=0.1497  dead=1.6%  L/P/U=4096/1024/0  actL/P/U=240/16/0  H=nan  Hu=nan  spec<.5=nan  marg=nan  lstd=nan  lr=8.57e-05
  step   3600/12000  recon=0.1497  pr=0.4205  sid=0.1362  grl=6.2451(acc=0.062)  grl_p=3.4345(per=0.997)  aux=0.1507  dead=1.8%  L/P/U=4096/1024/0  actL/P/U=240/16/0  H=nan  Hu=nan  spec<.5=nan  marg=nan  lstd=nan  lr=8.48e-05
  step   3700/12000  recon=0.1552  pr=0.3155  sid=0.1257  grl=6.7871(acc=0.062)  grl_p=3.4328(per=0.998)  aux=0.1576  dead=2.1%  L/P/U=4096/1024/0  actL/P/U=240/16/0  H=nan  Hu=nan  spec<.5=nan  marg=nan  lstd=nan  lr=8.39e-05
  step   3800/12000  recon=0.1536  pr=0.4003  sid=0.1224  grl=7.0273(acc=0.000)  grl_p=3.4543(per=0.998)  aux=0.1563  dead=2.6%  L/P/U=4096/1024/0  actL/P/U=240/16/0  H=nan  Hu=nan  spec<.5=nan  marg=nan  lstd=nan  lr=8.29e-05
  step   3900/12000  recon=0.1528  pr=0.2863  sid=0.0824  grl=6.4443(acc=0.000)  grl_p=3.4367(per=0.998)  aux=0.1546  dead=2.8%  L/P/U=4096/1024/0  actL/P/U=240/16/0  H=nan  Hu=nan  spec<.5=nan  marg=nan  lstd=nan  lr=8.19e-05
  [grad_norms @4000]
    recon             |g|=0.19288  ratio=1.000x recon
    pr_raw            |g|=0.44010  ratio=2.282x recon
    pr_weighted       |g|=0.35208  ratio=1.825x recon
    sid_raw           |g|=1.39772  ratio=7.247x recon
    sid_weighted      |g|=0.83863  ratio=4.348x recon
    grl               |g|=5.44070  ratio=28.208x recon
    grl_p             |g|=0.44307  ratio=2.297x recon
    per-frame |dL/dz[t]|:  grl(z_L)=0.00015   grl_p(z_P)=0.00030   (grl_p/grl = 2.0x  <- pooled-vs-dense dilution)
    [grad_cos @4000]  shared=sae.enc_weight; cos<0 = conflict
      cos(recon_vs_pr           ) = +0.001
      cos(recon_vs_sid          ) = +0.037
      cos(recon_vs_grl          ) = +0.004
      cos(recon_vs_grl_p        ) = -0.036
      cos(pr_vs_sid             ) = +0.000
      cos(pr_vs_grl             ) = -0.054  conflict
      cos(pr_vs_grl_p           ) = +0.000
      cos(sid_vs_grl            ) = +0.000
      cos(sid_vs_grl_p          ) = -0.004
      cos(grl_vs_grl_p          ) = +0.000
  step   4000/12000  recon=0.1556  pr=0.4201  sid=0.0749  grl=5.9539(acc=0.125)  grl_p=3.4652(per=0.999)  aux=0.1567  dead=3.1%  L/P/U=4096/1024/0  actL/P/U=240/16/0  H=nan  Hu=nan  spec<.5=nan  marg=nan  lstd=nan  lr=8.10e-05
[dis_data] g2p_en loaded for OOV words
[dis_data] g2p_en loaded for OOV words
  [val] step=4000  recon=0.1563  pr=0.3677  | z_L PR=0.092 SID=0.066  | z_P PR=0.998 SID=0.996
  step   4100/12000  recon=0.1570  pr=0.3885  sid=0.2096  grl=7.9336(acc=0.000)  grl_p=3.4653(per=0.999)  aux=0.1584  dead=3.3%  L/P/U=4096/1024/0  actL/P/U=240/16/0  H=nan  Hu=nan  spec<.5=nan  marg=nan  lstd=nan  lr=7.99e-05
  step   4200/12000  recon=0.1578  pr=0.4063  sid=0.1218  grl=6.9146(acc=0.062)  grl_p=3.4212(per=0.998)  aux=0.1594  dead=3.7%  L/P/U=4096/1024/0  actL/P/U=240/16/0  H=nan  Hu=nan  spec<.5=nan  marg=nan  lstd=nan  lr=7.89e-05
  step   4300/12000  recon=0.1586  pr=0.3390  sid=0.0512  grl=5.6128(acc=0.062)  grl_p=3.4251(per=0.998)  aux=0.1600  dead=3.5%  L/P/U=4096/1024/0  actL/P/U=240/16/0  H=nan  Hu=nan  spec<.5=nan  marg=nan  lstd=nan  lr=7.79e-05
  step   4400/12000  recon=0.1587  pr=0.2766  sid=0.1139  grl=6.4497(acc=0.062)  grl_p=3.4165(per=0.999)  aux=0.1594  dead=4.0%  L/P/U=4096/1024/0  actL/P/U=240/16/0  H=nan  Hu=nan  spec<.5=nan  marg=nan  lstd=nan  lr=7.68e-05
  [grad_norms @4500]
    recon             |g|=0.24591  ratio=1.000x recon
    pr_raw            |g|=0.27659  ratio=1.125x recon
    pr_weighted       |g|=0.22127  ratio=0.900x recon
    sid_raw           |g|=1.76038  ratio=7.159x recon
    sid_weighted      |g|=1.05623  ratio=4.295x recon
    grl               |g|=4.32209  ratio=17.576x recon
    grl_p             |g|=0.72939  ratio=2.966x recon
    per-frame |dL/dz[t]|:  grl(z_L)=0.00015   grl_p(z_P)=0.00031   (grl_p/grl = 2.1x  <- pooled-vs-dense dilution)
    [grad_cos @4500]  shared=sae.enc_weight; cos<0 = conflict
      cos(recon_vs_pr           ) = -0.001
      cos(recon_vs_sid          ) = +0.059  aligned
      cos(recon_vs_grl          ) = +0.012
      cos(recon_vs_grl_p        ) = -0.028
      cos(pr_vs_sid             ) = +0.000
      cos(pr_vs_grl             ) = +0.008
      cos(pr_vs_grl_p           ) = +0.000
      cos(sid_vs_grl            ) = +0.000
      cos(sid_vs_grl_p          ) = -0.020
      cos(grl_vs_grl_p          ) = +0.000
  step   4500/12000  recon=0.1608  pr=0.3116  sid=0.0898  grl=7.0488(acc=0.000)  grl_p=3.4036(per=0.997)  aux=0.1598  dead=4.5%  L/P/U=4096/1024/0  actL/P/U=240/16/0  H=nan  Hu=nan  spec<.5=nan  marg=nan  lstd=nan  lr=7.57e-05
  step   4600/12000  recon=0.1626  pr=0.4903  sid=0.1538  grl=7.8687(acc=0.062)  grl_p=3.4597(per=0.998)  aux=0.1612  dead=4.6%  L/P/U=4096/1024/0  actL/P/U=240/16/0  H=nan  Hu=nan  spec<.5=nan  marg=nan  lstd=nan  lr=7.46e-05
  step   4700/12000  recon=0.1648  pr=0.3616  sid=0.0740  grl=7.5454(acc=0.000)  grl_p=3.4561(per=0.999)  aux=0.1631  dead=4.6%  L/P/U=4096/1024/0  actL/P/U=240/16/0  H=nan  Hu=nan  spec<.5=nan  marg=nan  lstd=nan  lr=7.35e-05
  step   4800/12000  recon=0.1634  pr=0.2972  sid=0.0673  grl=8.2607(acc=0.000)  grl_p=3.4390(per=1.000)  aux=0.1613  dead=4.6%  L/P/U=4096/1024/0  actL/P/U=240/16/0  H=nan  Hu=nan  spec<.5=nan  marg=nan  lstd=nan  lr=7.24e-05
  step   4900/12000  recon=0.1669  pr=0.3759  sid=0.0569  grl=7.5088(acc=0.000)  grl_p=3.5026(per=1.000)  aux=0.1622  dead=4.9%  L/P/U=4096/1024/0  actL/P/U=240/16/0  H=nan  Hu=nan  spec<.5=nan  marg=nan  lstd=nan  lr=7.12e-05
  [grad_norms @5000]
    recon             |g|=0.25674  ratio=1.000x recon
    pr_raw            |g|=0.42169  ratio=1.642x recon
    pr_weighted       |g|=0.33735  ratio=1.314x recon
    sid_raw           |g|=1.06977  ratio=4.167x recon
    sid_weighted      |g|=0.64186  ratio=2.500x recon
    grl               |g|=4.74723  ratio=18.491x recon
    grl_p             |g|=0.48350  ratio=1.883x recon
    per-frame |dL/dz[t]|:  grl(z_L)=0.00015   grl_p(z_P)=0.00028   (grl_p/grl = 1.9x  <- pooled-vs-dense dilution)
    [grad_cos @5000]  shared=sae.enc_weight; cos<0 = conflict
      cos(recon_vs_pr           ) = -0.008
      cos(recon_vs_sid          ) = +0.028
      cos(recon_vs_grl          ) = +0.002
      cos(recon_vs_grl_p        ) = -0.018
      cos(pr_vs_sid             ) = +0.000
      cos(pr_vs_grl             ) = +0.030
      cos(pr_vs_grl_p           ) = +0.000
      cos(sid_vs_grl            ) = +0.000
      cos(sid_vs_grl_p          ) = -0.007
      cos(grl_vs_grl_p          ) = +0.000
  step   5000/12000  recon=0.1654  pr=0.3939  sid=0.0487  grl=6.5737(acc=0.125)  grl_p=3.4696(per=1.000)  aux=0.1628  dead=5.4%  L/P/U=4096/1024/0  actL/P/U=240/16/0  H=nan  Hu=nan  spec<.5=nan  marg=nan  lstd=nan  lr=7.01e-05
[dis_data] g2p_en loaded for OOV words
[dis_data] g2p_en loaded for OOV words
  [val] step=5000  recon=0.1659  pr=0.3750  | z_L PR=0.092 SID=0.024  | z_P PR=0.999 SID=0.998
  ✓ best checkpoint (disent=0.1188  PER=0.092 sid=0.998 grl_acc=0.024 grl_p_per=0.999) → /scratch/bbg25/runs/libri_advfb_prrecover_gn00015_240L16P_aux64_12k_s42/checkpoints/stage2_best.pt
  step   5100/12000  recon=0.1662  pr=0.3517  sid=0.0873  grl=5.1094(acc=0.000)  grl_p=3.4481(per=0.999)  aux=0.1617  dead=5.2%  L/P/U=4096/1024/0  actL/P/U=240/16/0  H=nan  Hu=nan  spec<.5=nan  marg=nan  lstd=nan  lr=6.89e-05
[dis_data] g2p_en loaded for OOV words
[dis_data] g2p_en loaded for OOV words
  step   5200/12000  recon=0.1665  pr=0.3601  sid=0.0452  grl=7.9712(acc=0.062)  grl_p=3.4601(per=1.000)  aux=0.1610  dead=5.4%  L/P/U=4096/1024/0  actL/P/U=240/16/0  H=nan  Hu=nan  spec<.5=nan  marg=nan  lstd=nan  lr=6.77e-05
  step   5300/12000  recon=0.1670  pr=0.3291  sid=0.0801  grl=7.4023(acc=0.000)  grl_p=3.4556(per=0.999)  aux=0.1626  dead=5.7%  L/P/U=4096/1024/0  actL/P/U=240/16/0  H=nan  Hu=nan  spec<.5=nan  marg=nan  lstd=nan  lr=6.65e-05
  step   5400/12000  recon=0.1664  pr=0.4233  sid=0.0744  grl=7.0146(acc=0.000)  grl_p=3.4418(per=0.999)  aux=0.1611  dead=6.0%  L/P/U=4096/1024/0  actL/P/U=240/16/0  H=nan  Hu=nan  spec<.5=nan  marg=nan  lstd=nan  lr=6.54e-05
  [grad_norms @5500]
    recon             |g|=0.29502  ratio=1.000x recon
    pr_raw            |g|=0.26302  ratio=0.892x recon
    pr_weighted       |g|=0.21042  ratio=0.713x recon
    sid_raw           |g|=1.74115  ratio=5.902x recon
    sid_weighted      |g|=1.04469  ratio=3.541x recon
    grl               |g|=4.72113  ratio=16.003x recon
    grl_p             |g|=0.42908  ratio=1.454x recon
    per-frame |dL/dz[t]|:  grl(z_L)=0.00015   grl_p(z_P)=0.00030   (grl_p/grl = 2.0x  <- pooled-vs-dense dilution)
    [grad_cos @5500]  shared=sae.enc_weight; cos<0 = conflict
      cos(recon_vs_pr           ) = +0.001
      cos(recon_vs_sid          ) = +0.018
      cos(recon_vs_grl          ) = -0.006
      cos(recon_vs_grl_p        ) = -0.029
      cos(pr_vs_sid             ) = +0.000
      cos(pr_vs_grl             ) = +0.006
      cos(pr_vs_grl_p           ) = +0.000
      cos(sid_vs_grl            ) = +0.000
      cos(sid_vs_grl_p          ) = -0.000
      cos(grl_vs_grl_p          ) = +0.000
  step   5500/12000  recon=0.1690  pr=0.3809  sid=0.0794  grl=6.8496(acc=0.000)  grl_p=3.4287(per=0.999)  aux=0.1629  dead=5.9%  L/P/U=4096/1024/0  actL/P/U=240/16/0  H=nan  Hu=nan  spec<.5=nan  marg=nan  lstd=nan  lr=6.42e-05
  step   5600/12000  recon=0.1726  pr=0.3683  sid=0.0428  grl=6.4097(acc=0.125)  grl_p=3.4224(per=0.998)  aux=0.1659  dead=6.0%  L/P/U=4096/1024/0  actL/P/U=240/16/0  H=nan  Hu=nan  spec<.5=nan  marg=nan  lstd=nan  lr=6.29e-05
  step   5700/12000  recon=0.1685  pr=0.3275  sid=0.0601  grl=7.1514(acc=0.000)  grl_p=3.4735(per=0.999)  aux=0.1616  dead=6.1%  L/P/U=4096/1024/0  actL/P/U=240/16/0  H=nan  Hu=nan  spec<.5=nan  marg=nan  lstd=nan  lr=6.17e-05
  step   5800/12000  recon=0.1726  pr=0.3453  sid=0.0343  grl=6.1807(acc=0.000)  grl_p=3.4747(per=1.000)  aux=0.1655  dead=6.2%  L/P/U=4096/1024/0  actL/P/U=240/16/0  H=nan  Hu=nan  spec<.5=nan  marg=nan  lstd=nan  lr=6.05e-05
  step   5900/12000  recon=0.1726  pr=0.3833  sid=0.0447  grl=7.1758(acc=0.000)  grl_p=3.4834(per=0.999)  aux=0.1659  dead=6.2%  L/P/U=4096/1024/0  actL/P/U=240/16/0  H=nan  Hu=nan  spec<.5=nan  marg=nan  lstd=nan  lr=5.93e-05
  [grad_norms @6000]
    recon             |g|=0.33980  ratio=1.000x recon
    pr_raw            |g|=0.31329  ratio=0.922x recon
    pr_weighted       |g|=0.25063  ratio=0.738x recon
    sid_raw           |g|=1.69949  ratio=5.001x recon
    sid_weighted      |g|=1.01969  ratio=3.001x recon
    grl               |g|=3.88064  ratio=11.420x recon
    grl_p             |g|=0.40447  ratio=1.190x recon
    per-frame |dL/dz[t]|:  grl(z_L)=0.00015   grl_p(z_P)=0.00030   (grl_p/grl = 2.0x  <- pooled-vs-dense dilution)
    [grad_cos @6000]  shared=sae.enc_weight; cos<0 = conflict
      cos(recon_vs_pr           ) = +0.001
      cos(recon_vs_sid          ) = +0.045
      cos(recon_vs_grl          ) = -0.010
      cos(recon_vs_grl_p        ) = -0.023
      cos(pr_vs_sid             ) = +0.000
      cos(pr_vs_grl             ) = +0.028
      cos(pr_vs_grl_p           ) = +0.000
      cos(sid_vs_grl            ) = +0.000
      cos(sid_vs_grl_p          ) = +0.005
      cos(grl_vs_grl_p          ) = +0.000
  step   6000/12000  recon=0.1728  pr=0.3692  sid=0.0628  grl=6.8691(acc=0.062)  grl_p=3.4617(per=1.000)  aux=0.1659  dead=6.4%  L/P/U=4096/1024/0  actL/P/U=240/16/0  H=nan  Hu=nan  spec<.5=nan  marg=nan  lstd=nan  lr=5.81e-05
[dis_data] g2p_en loaded for OOV words
[dis_data] g2p_en loaded for OOV words
  [val] step=6000  recon=0.1726  pr=0.3844  | z_L PR=0.093 SID=0.040  | z_P PR=1.000 SID=1.000
  step   6100/12000  recon=0.1726  pr=0.3694  sid=0.0363  grl=6.3782(acc=0.125)  grl_p=3.5348(per=1.000)  aux=0.1647  dead=6.8%  L/P/U=4096/1024/0  actL/P/U=240/16/0  H=nan  Hu=nan  spec<.5=nan  marg=nan  lstd=nan  lr=5.68e-05
  step   6200/12000  recon=0.1727  pr=0.3355  sid=0.0682  grl=5.3223(acc=0.062)  grl_p=3.4260(per=1.000)  aux=0.1632  dead=6.6%  L/P/U=4096/1024/0  actL/P/U=240/16/0  H=nan  Hu=nan  spec<.5=nan  marg=nan  lstd=nan  lr=5.56e-05
  step   6300/12000  recon=0.1727  pr=0.3139  sid=0.0423  grl=7.0244(acc=0.000)  grl_p=3.4838(per=0.999)  aux=0.1631  dead=6.6%  L/P/U=4096/1024/0  actL/P/U=240/16/0  H=nan  Hu=nan  spec<.5=nan  marg=nan  lstd=nan  lr=5.44e-05
  step   6400/12000  recon=0.1737  pr=0.3633  sid=0.0868  grl=7.5286(acc=0.062)  grl_p=3.4126(per=1.000)  aux=0.1637  dead=6.8%  L/P/U=4096/1024/0  actL/P/U=240/16/0  H=nan  Hu=nan  spec<.5=nan  marg=nan  lstd=nan  lr=5.32e-05
  [grad_norms @6500]
    recon             |g|=0.34425  ratio=1.000x recon
    pr_raw            |g|=0.57134  ratio=1.660x recon
    pr_weighted       |g|=0.45707  ratio=1.328x recon
    sid_raw           |g|=3.88526  ratio=11.286x recon
    sid_weighted      |g|=2.33116  ratio=6.772x recon
    grl               |g|=4.88628  ratio=14.194x recon
    grl_p             |g|=0.44304  ratio=1.287x recon
    per-frame |dL/dz[t]|:  grl(z_L)=0.00015   grl_p(z_P)=0.00029   (grl_p/grl = 1.9x  <- pooled-vs-dense dilution)
    [grad_cos @6500]  shared=sae.enc_weight; cos<0 = conflict
      cos(recon_vs_pr           ) = +0.002
      cos(recon_vs_sid          ) = +0.044
      cos(recon_vs_grl          ) = -0.002
      cos(recon_vs_grl_p        ) = -0.021
      cos(pr_vs_sid             ) = +0.000
      cos(pr_vs_grl             ) = -0.022
      cos(pr_vs_grl_p           ) = +0.000
      cos(sid_vs_grl            ) = +0.000
      cos(sid_vs_grl_p          ) = -0.020
      cos(grl_vs_grl_p          ) = +0.000
  step   6500/12000  recon=0.1766  pr=0.3620  sid=0.1623  grl=8.0840(acc=0.000)  grl_p=3.4194(per=0.999)  aux=0.1664  dead=6.6%  L/P/U=4096/1024/0  actL/P/U=240/16/0  H=nan  Hu=nan  spec<.5=nan  marg=nan  lstd=nan  lr=5.19e-05
  step   6600/12000  recon=0.1747  pr=0.3782  sid=0.0323  grl=6.3506(acc=0.000)  grl_p=3.4645(per=0.999)  aux=0.1645  dead=6.8%  L/P/U=4096/1024/0  actL/P/U=240/16/0  H=nan  Hu=nan  spec<.5=nan  marg=nan  lstd=nan  lr=5.07e-05
  step   6700/12000  recon=0.1741  pr=0.4191  sid=0.0356  grl=7.0361(acc=0.000)  grl_p=3.5086(per=1.000)  aux=0.1646  dead=6.7%  L/P/U=4096/1024/0  actL/P/U=240/16/0  H=nan  Hu=nan  spec<.5=nan  marg=nan  lstd=nan  lr=4.95e-05
  step   6800/12000  recon=0.1774  pr=0.3496  sid=0.0509  grl=6.9160(acc=0.000)  grl_p=3.4767(per=1.000)  aux=0.1663  dead=7.0%  L/P/U=4096/1024/0  actL/P/U=240/16/0  H=nan  Hu=nan  spec<.5=nan  marg=nan  lstd=nan  lr=4.83e-05
[dis_data] g2p_en loaded for OOV words
[dis_data] g2p_en loaded for OOV words
  step   6900/12000  recon=0.1739  pr=0.3125  sid=0.0226  grl=6.4902(acc=0.000)  grl_p=3.4255(per=1.000)  aux=0.1639  dead=7.0%  L/P/U=4096/1024/0  actL/P/U=240/16/0  H=nan  Hu=nan  spec<.5=nan  marg=nan  lstd=nan  lr=4.71e-05
  [grad_norms @7000]
    recon             |g|=0.35830  ratio=1.000x recon
    pr_raw            |g|=0.31932  ratio=0.891x recon
    pr_weighted       |g|=0.25545  ratio=0.713x recon
    sid_raw           |g|=1.78816  ratio=4.991x recon
    sid_weighted      |g|=1.07290  ratio=2.994x recon
    grl               |g|=3.73055  ratio=10.412x recon
    grl_p             |g|=0.48807  ratio=1.362x recon
    per-frame |dL/dz[t]|:  grl(z_L)=0.00015   grl_p(z_P)=0.00037   (grl_p/grl = 2.5x  <- pooled-vs-dense dilution)
    [grad_cos @7000]  shared=sae.enc_weight; cos<0 = conflict
      cos(recon_vs_pr           ) = +0.004
      cos(recon_vs_sid          ) = +0.046
      cos(recon_vs_grl          ) = -0.009
      cos(recon_vs_grl_p        ) = -0.021
      cos(pr_vs_sid             ) = +0.000
      cos(pr_vs_grl             ) = +0.007
      cos(pr_vs_grl_p           ) = +0.000
      cos(sid_vs_grl            ) = +0.000
      cos(sid_vs_grl_p          ) = -0.023
      cos(grl_vs_grl_p          ) = +0.000
  step   7000/12000  recon=0.1783  pr=0.4249  sid=0.0663  grl=6.6660(acc=0.000)  grl_p=3.4963(per=1.000)  aux=0.1668  dead=7.1%  L/P/U=4096/1024/0  actL/P/U=240/16/0  H=nan  Hu=nan  spec<.5=nan  marg=nan  lstd=nan  lr=4.58e-05
[dis_data] g2p_en loaded for OOV words
[dis_data] g2p_en loaded for OOV words
  [val] step=7000  recon=0.1765  pr=0.3894  | z_L PR=0.097 SID=0.010  | z_P PR=1.000 SID=1.000
  ✓ best checkpoint (disent=0.1075  PER=0.097 sid=1.000 grl_acc=0.010 grl_p_per=1.000) → /scratch/bbg25/runs/libri_advfb_prrecover_gn00015_240L16P_aux64_12k_s42/checkpoints/stage2_best.pt
  step   7100/12000  recon=0.1776  pr=0.3549  sid=0.0589  grl=5.9893(acc=0.000)  grl_p=3.4734(per=1.000)  aux=0.1674  dead=7.1%  L/P/U=4096/1024/0  actL/P/U=240/16/0  H=nan  Hu=nan  spec<.5=nan  marg=nan  lstd=nan  lr=4.46e-05
  step   7200/12000  recon=0.1779  pr=0.3017  sid=0.0329  grl=6.0928(acc=0.062)  grl_p=3.4746(per=0.999)  aux=0.1676  dead=7.1%  L/P/U=4096/1024/0  actL/P/U=240/16/0  H=nan  Hu=nan  spec<.5=nan  marg=nan  lstd=nan  lr=4.35e-05
  step   7300/12000  recon=0.1759  pr=0.4072  sid=0.0552  grl=7.2139(acc=0.000)  grl_p=3.4344(per=1.000)  aux=0.1652  dead=7.4%  L/P/U=4096/1024/0  actL/P/U=240/16/0  H=nan  Hu=nan  spec<.5=nan  marg=nan  lstd=nan  lr=4.23e-05
  step   7400/12000  recon=0.1758  pr=0.3103  sid=0.0186  grl=5.7207(acc=0.062)  grl_p=3.4720(per=0.999)  aux=0.1658  dead=7.4%  L/P/U=4096/1024/0  actL/P/U=240/16/0  H=nan  Hu=nan  spec<.5=nan  marg=nan  lstd=nan  lr=4.11e-05
  [grad_norms @7500]
    recon             |g|=0.35857  ratio=1.000x recon
    pr_raw            |g|=0.41924  ratio=1.169x recon
    pr_weighted       |g|=0.33539  ratio=0.935x recon
    sid_raw           |g|=1.29428  ratio=3.610x recon
    sid_weighted      |g|=0.77657  ratio=2.166x recon
    grl               |g|=4.69187  ratio=13.085x recon
    grl_p             |g|=0.41525  ratio=1.158x recon
    per-frame |dL/dz[t]|:  grl(z_L)=0.00015   grl_p(z_P)=0.00029   (grl_p/grl = 2.0x  <- pooled-vs-dense dilution)
    [grad_cos @7500]  shared=sae.enc_weight; cos<0 = conflict
      cos(recon_vs_pr           ) = +0.002
      cos(recon_vs_sid          ) = +0.020
      cos(recon_vs_grl          ) = -0.001
      cos(recon_vs_grl_p        ) = -0.029
      cos(pr_vs_sid             ) = +0.000
      cos(pr_vs_grl             ) = +0.011
      cos(pr_vs_grl_p           ) = +0.000
      cos(sid_vs_grl            ) = +0.000
      cos(sid_vs_grl_p          ) = -0.016
      cos(grl_vs_grl_p          ) = +0.000
  step   7500/12000  recon=0.1787  pr=0.4280  sid=0.0443  grl=5.9902(acc=0.062)  grl_p=3.4878(per=1.000)  aux=0.1675  dead=7.5%  L/P/U=4096/1024/0  actL/P/U=240/16/0  H=nan  Hu=nan  spec<.5=nan  marg=nan  lstd=nan  lr=3.99e-05
  step   7600/12000  recon=0.1769  pr=0.3619  sid=0.0206  grl=6.0918(acc=0.000)  grl_p=3.4744(per=1.000)  aux=0.1664  dead=7.2%  L/P/U=4096/1024/0  actL/P/U=240/16/0  H=nan  Hu=nan  spec<.5=nan  marg=nan  lstd=nan  lr=3.88e-05
  step   7700/12000  recon=0.1776  pr=0.3548  sid=0.0216  grl=5.9746(acc=0.062)  grl_p=3.4482(per=1.000)  aux=0.1663  dead=7.2%  L/P/U=4096/1024/0  actL/P/U=240/16/0  H=nan  Hu=nan  spec<.5=nan  marg=nan  lstd=nan  lr=3.76e-05
  step   7800/12000  recon=0.1770  pr=0.3726  sid=0.0258  grl=6.2812(acc=0.000)  grl_p=3.5145(per=1.000)  aux=0.1652  dead=7.2%  L/P/U=4096/1024/0  actL/P/U=240/16/0  H=nan  Hu=nan  spec<.5=nan  marg=nan  lstd=nan  lr=3.65e-05
  step   7900/12000  recon=0.1788  pr=0.4467  sid=0.0271  grl=5.6387(acc=0.000)  grl_p=3.4806(per=1.000)  aux=0.1667  dead=7.3%  L/P/U=4096/1024/0  actL/P/U=240/16/0  H=nan  Hu=nan  spec<.5=nan  marg=nan  lstd=nan  lr=3.54e-05
  [grad_norms @8000]
    recon             |g|=0.31616  ratio=1.000x recon
    pr_raw            |g|=0.59224  ratio=1.873x recon
    pr_weighted       |g|=0.47379  ratio=1.499x recon
    sid_raw           |g|=0.90418  ratio=2.860x recon
    sid_weighted      |g|=0.54251  ratio=1.716x recon
    grl               |g|=3.12421  ratio=9.882x recon
    grl_p             |g|=0.58177  ratio=1.840x recon
    per-frame |dL/dz[t]|:  grl(z_L)=0.00015   grl_p(z_P)=0.00032   (grl_p/grl = 2.1x  <- pooled-vs-dense dilution)
    [grad_cos @8000]  shared=sae.enc_weight; cos<0 = conflict
      cos(recon_vs_pr           ) = -0.007
      cos(recon_vs_sid          ) = +0.033
      cos(recon_vs_grl          ) = +0.004
      cos(recon_vs_grl_p        ) = -0.014
      cos(pr_vs_sid             ) = +0.000
      cos(pr_vs_grl             ) = +0.005
      cos(pr_vs_grl_p           ) = +0.000
      cos(sid_vs_grl            ) = +0.000
      cos(sid_vs_grl_p          ) = -0.021
      cos(grl_vs_grl_p          ) = +0.000
  step   8000/12000  recon=0.1799  pr=0.5983  sid=0.0306  grl=5.7539(acc=0.062)  grl_p=3.5227(per=1.000)  aux=0.1678  dead=7.6%  L/P/U=4096/1024/0  actL/P/U=240/16/0  H=nan  Hu=nan  spec<.5=nan  marg=nan  lstd=nan  lr=3.43e-05
[dis_data] g2p_en loaded for OOV words
[dis_data] g2p_en loaded for OOV words
  [val] step=8000  recon=0.1784  pr=0.3974  | z_L PR=0.100 SID=0.006  | z_P PR=1.000 SID=1.000
  ✓ best checkpoint (disent=0.1062  PER=0.100 sid=1.000 grl_acc=0.006 grl_p_per=1.000) → /scratch/bbg25/runs/libri_advfb_prrecover_gn00015_240L16P_aux64_12k_s42/checkpoints/stage2_best.pt
  step   8100/12000  recon=0.1807  pr=0.3951  sid=0.0278  grl=6.1240(acc=0.000)  grl_p=3.4953(per=0.999)  aux=0.1697  dead=7.7%  L/P/U=4096/1024/0  actL/P/U=240/16/0  H=nan  Hu=nan  spec<.5=nan  marg=nan  lstd=nan  lr=3.32e-05
  step   8200/12000  recon=0.1786  pr=0.3370  sid=0.0334  grl=6.3281(acc=0.000)  grl_p=3.4678(per=0.999)  aux=0.1654  dead=7.6%  L/P/U=4096/1024/0  actL/P/U=240/16/0  H=nan  Hu=nan  spec<.5=nan  marg=nan  lstd=nan  lr=3.21e-05
  step   8300/12000  recon=0.1763  pr=0.3708  sid=0.0380  grl=5.7949(acc=0.000)  grl_p=3.4520(per=1.000)  aux=0.1659  dead=8.0%  L/P/U=4096/1024/0  actL/P/U=240/16/0  H=nan  Hu=nan  spec<.5=nan  marg=nan  lstd=nan  lr=3.11e-05
  step   8400/12000  recon=0.1792  pr=0.3721  sid=0.0183  grl=6.1660(acc=0.000)  grl_p=3.4329(per=1.000)  aux=0.1673  dead=7.8%  L/P/U=4096/1024/0  actL/P/U=240/16/0  H=nan  Hu=nan  spec<.5=nan  marg=nan  lstd=nan  lr=3.01e-05
  [grad_norms @8500]
    recon             |g|=0.30447  ratio=1.000x recon
    pr_raw            |g|=0.33709  ratio=1.107x recon
    pr_weighted       |g|=0.26968  ratio=0.886x recon
    sid_raw           |g|=0.82517  ratio=2.710x recon
    sid_weighted      |g|=0.49510  ratio=1.626x recon
    grl               |g|=3.75173  ratio=12.322x recon
    grl_p             |g|=0.38586  ratio=1.267x recon
    per-frame |dL/dz[t]|:  grl(z_L)=0.00015   grl_p(z_P)=0.00029   (grl_p/grl = 1.9x  <- pooled-vs-dense dilution)
    [grad_cos @8500]  shared=sae.enc_weight; cos<0 = conflict
      cos(recon_vs_pr           ) = +0.002
      cos(recon_vs_sid          ) = +0.039
      cos(recon_vs_grl          ) = +0.004
      cos(recon_vs_grl_p        ) = -0.021
      cos(pr_vs_sid             ) = +0.000
      cos(pr_vs_grl             ) = +0.011
      cos(pr_vs_grl_p           ) = +0.000
      cos(sid_vs_grl            ) = +0.000
      cos(sid_vs_grl_p          ) = +0.012
      cos(grl_vs_grl_p          ) = +0.000
  step   8500/12000  recon=0.1775  pr=0.3269  sid=0.0197  grl=5.7197(acc=0.000)  grl_p=3.4949(per=1.000)  aux=0.1657  dead=8.0%  L/P/U=4096/1024/0  actL/P/U=240/16/0  H=nan  Hu=nan  spec<.5=nan  marg=nan  lstd=nan  lr=2.90e-05
  step   8600/12000  recon=0.1777  pr=0.4391  sid=0.0173  grl=5.2227(acc=0.000)  grl_p=3.4565(per=1.000)  aux=0.1660  dead=7.9%  L/P/U=4096/1024/0  actL/P/U=240/16/0  H=nan  Hu=nan  spec<.5=nan  marg=nan  lstd=nan  lr=2.81e-05
[dis_data] g2p_en loaded for OOV words
[dis_data] g2p_en loaded for OOV words
  step   8700/12000  recon=0.1785  pr=0.4120  sid=0.0198  grl=6.6484(acc=0.000)  grl_p=3.4590(per=1.000)  aux=0.1677  dead=8.1%  L/P/U=4096/1024/0  actL/P/U=240/16/0  H=nan  Hu=nan  spec<.5=nan  marg=nan  lstd=nan  lr=2.71e-05
  step   8800/12000  recon=0.1800  pr=0.3823  sid=0.0238  grl=5.9229(acc=0.125)  grl_p=3.4303(per=0.999)  aux=0.1682  dead=8.1%  L/P/U=4096/1024/0  actL/P/U=240/16/0  H=nan  Hu=nan  spec<.5=nan  marg=nan  lstd=nan  lr=2.61e-05
  step   8900/12000  recon=0.1778  pr=0.3133  sid=0.0121  grl=5.9727(acc=0.000)  grl_p=3.4277(per=1.000)  aux=0.1685  dead=7.6%  L/P/U=4096/1024/0  actL/P/U=240/16/0  H=nan  Hu=nan  spec<.5=nan  marg=nan  lstd=nan  lr=2.52e-05
  [grad_norms @9000]
    recon             |g|=0.29824  ratio=1.000x recon
    pr_raw            |g|=0.42193  ratio=1.415x recon
    pr_weighted       |g|=0.33754  ratio=1.132x recon
    sid_raw           |g|=1.39672  ratio=4.683x recon
    sid_weighted      |g|=0.83803  ratio=2.810x recon
    grl               |g|=3.88185  ratio=13.016x recon
    grl_p             |g|=0.36187  ratio=1.213x recon
    per-frame |dL/dz[t]|:  grl(z_L)=0.00015   grl_p(z_P)=0.00025   (grl_p/grl = 1.7x  <- pooled-vs-dense dilution)
    [grad_cos @9000]  shared=sae.enc_weight; cos<0 = conflict
      cos(recon_vs_pr           ) = -0.004
      cos(recon_vs_sid          ) = +0.005
      cos(recon_vs_grl          ) = -0.001
      cos(recon_vs_grl_p        ) = -0.031
      cos(pr_vs_sid             ) = +0.000
      cos(pr_vs_grl             ) = +0.002
      cos(pr_vs_grl_p           ) = +0.000
      cos(sid_vs_grl            ) = +0.000
      cos(sid_vs_grl_p          ) = -0.001
      cos(grl_vs_grl_p          ) = +0.000
  step   9000/12000  recon=0.1775  pr=0.3601  sid=0.0340  grl=5.5830(acc=0.000)  grl_p=3.4607(per=1.000)  aux=0.1653  dead=8.2%  L/P/U=4096/1024/0  actL/P/U=240/16/0  H=nan  Hu=nan  spec<.5=nan  marg=nan  lstd=nan  lr=2.43e-05
[dis_data] g2p_en loaded for OOV words
[dis_data] g2p_en loaded for OOV words
  [val] step=9000  recon=0.1787  pr=0.3998  | z_L PR=0.099 SID=0.014  | z_P PR=1.000 SID=1.000
  step   9100/12000  recon=0.1798  pr=0.3970  sid=0.0207  grl=5.8125(acc=0.000)  grl_p=3.4178(per=1.000)  aux=0.1700  dead=8.5%  L/P/U=4096/1024/0  actL/P/U=240/16/0  H=nan  Hu=nan  spec<.5=nan  marg=nan  lstd=nan  lr=2.34e-05
  step   9200/12000  recon=0.1790  pr=0.4849  sid=0.0211  grl=5.7178(acc=0.000)  grl_p=3.5160(per=0.998)  aux=0.1681  dead=8.3%  L/P/U=4096/1024/0  actL/P/U=240/16/0  H=nan  Hu=nan  spec<.5=nan  marg=nan  lstd=nan  lr=2.25e-05
  step   9300/12000  recon=0.1786  pr=0.3368  sid=0.0086  grl=5.9395(acc=0.000)  grl_p=3.4551(per=1.000)  aux=0.1660  dead=8.0%  L/P/U=4096/1024/0  actL/P/U=240/16/0  H=nan  Hu=nan  spec<.5=nan  marg=nan  lstd=nan  lr=2.17e-05
  step   9400/12000  recon=0.1809  pr=0.3253  sid=0.0165  grl=5.1426(acc=0.062)  grl_p=3.4759(per=1.000)  aux=0.1687  dead=7.9%  L/P/U=4096/1024/0  actL/P/U=240/16/0  H=nan  Hu=nan  spec<.5=nan  marg=nan  lstd=nan  lr=2.09e-05
  [grad_norms @9500]
    recon             |g|=0.32708  ratio=1.000x recon
    pr_raw            |g|=0.32848  ratio=1.004x recon
    pr_weighted       |g|=0.26279  ratio=0.803x recon
    sid_raw           |g|=0.36242  ratio=1.108x recon
    sid_weighted      |g|=0.21745  ratio=0.665x recon
    grl               |g|=3.72952  ratio=11.402x recon
    grl_p             |g|=0.42468  ratio=1.298x recon
    per-frame |dL/dz[t]|:  grl(z_L)=0.00015   grl_p(z_P)=0.00031   (grl_p/grl = 2.1x  <- pooled-vs-dense dilution)
    [grad_cos @9500]  shared=sae.enc_weight; cos<0 = conflict
      cos(recon_vs_pr           ) = +0.005
      cos(recon_vs_sid          ) = +0.029
      cos(recon_vs_grl          ) = +0.005
      cos(recon_vs_grl_p        ) = -0.021
      cos(pr_vs_sid             ) = +0.000
      cos(pr_vs_grl             ) = -0.005
      cos(pr_vs_grl_p           ) = +0.000
      cos(sid_vs_grl            ) = +0.000
      cos(sid_vs_grl_p          ) = -0.004
      cos(grl_vs_grl_p          ) = +0.000
  step   9500/12000  recon=0.1795  pr=0.3675  sid=0.0113  grl=5.6953(acc=0.000)  grl_p=3.4531(per=1.000)  aux=0.1673  dead=8.2%  L/P/U=4096/1024/0  actL/P/U=240/16/0  H=nan  Hu=nan  spec<.5=nan  marg=nan  lstd=nan  lr=2.01e-05
  step   9600/12000  recon=0.1786  pr=0.4352  sid=0.0232  grl=5.8809(acc=0.000)  grl_p=3.4806(per=1.000)  aux=0.1660  dead=8.5%  L/P/U=4096/1024/0  actL/P/U=240/16/0  H=nan  Hu=nan  spec<.5=nan  marg=nan  lstd=nan  lr=1.93e-05
  step   9700/12000  recon=0.1777  pr=0.3455  sid=0.0175  grl=5.7002(acc=0.062)  grl_p=3.4533(per=1.000)  aux=0.1649  dead=8.4%  L/P/U=4096/1024/0  actL/P/U=240/16/0  H=nan  Hu=nan  spec<.5=nan  marg=nan  lstd=nan  lr=1.86e-05
  step   9800/12000  recon=0.1794  pr=0.3864  sid=0.0096  grl=5.4395(acc=0.000)  grl_p=3.4333(per=1.000)  aux=0.1659  dead=8.4%  L/P/U=4096/1024/0  actL/P/U=240/16/0  H=nan  Hu=nan  spec<.5=nan  marg=nan  lstd=nan  lr=1.79e-05
  step   9900/12000  recon=0.1816  pr=0.3615  sid=0.0111  grl=5.4102(acc=0.000)  grl_p=3.4619(per=1.000)  aux=0.1685  dead=8.6%  L/P/U=4096/1024/0  actL/P/U=240/16/0  H=nan  Hu=nan  spec<.5=nan  marg=nan  lstd=nan  lr=1.72e-05
  [grad_norms @10000]
    recon             |g|=0.30865  ratio=1.000x recon
    pr_raw            |g|=0.26498  ratio=0.859x recon
    pr_weighted       |g|=0.21199  ratio=0.687x recon
    sid_raw           |g|=0.23070  ratio=0.747x recon
    sid_weighted      |g|=0.13842  ratio=0.448x recon
    grl               |g|=5.21551  ratio=16.898x recon
    grl_p             |g|=0.37876  ratio=1.227x recon
    per-frame |dL/dz[t]|:  grl(z_L)=0.00015   grl_p(z_P)=0.00027   (grl_p/grl = 1.8x  <- pooled-vs-dense dilution)
    [grad_cos @10000]  shared=sae.enc_weight; cos<0 = conflict
      cos(recon_vs_pr           ) = +0.009
      cos(recon_vs_sid          ) = +0.045
      cos(recon_vs_grl          ) = +0.004
      cos(recon_vs_grl_p        ) = -0.018
      cos(pr_vs_sid             ) = +0.000
      cos(pr_vs_grl             ) = +0.019
      cos(pr_vs_grl_p           ) = +0.000
      cos(sid_vs_grl            ) = +0.000
      cos(sid_vs_grl_p          ) = +0.026
      cos(grl_vs_grl_p          ) = +0.000
  step  10000/12000  recon=0.1803  pr=0.3369  sid=0.0084  grl=5.7227(acc=0.062)  grl_p=3.4667(per=1.000)  aux=0.1681  dead=8.5%  L/P/U=4096/1024/0  actL/P/U=240/16/0  H=nan  Hu=nan  spec<.5=nan  marg=nan  lstd=nan  lr=1.66e-05
[dis_data] g2p_en loaded for OOV words
[dis_data] g2p_en loaded for OOV words
  [val] step=10000  recon=0.1790  pr=0.4008  | z_L PR=0.104 SID=0.014  | z_P PR=1.000 SID=1.000
  step  10100/12000  recon=0.1774  pr=0.4021  sid=0.0133  grl=5.5830(acc=0.000)  grl_p=3.4695(per=0.999)  aux=0.1674  dead=8.7%  L/P/U=4096/1024/0  actL/P/U=240/16/0  H=nan  Hu=nan  spec<.5=nan  marg=nan  lstd=nan  lr=1.59e-05
  step  10200/12000  recon=0.1794  pr=0.3477  sid=0.0135  grl=5.5898(acc=0.000)  grl_p=3.4552(per=1.000)  aux=0.1695  dead=9.0%  L/P/U=4096/1024/0  actL/P/U=240/16/0  H=nan  Hu=nan  spec<.5=nan  marg=nan  lstd=nan  lr=1.53e-05
  step  10300/12000  recon=0.1766  pr=0.3875  sid=0.0216  grl=5.4956(acc=0.062)  grl_p=3.4150(per=1.000)  aux=0.1665  dead=8.8%  L/P/U=4096/1024/0  actL/P/U=240/16/0  H=nan  Hu=nan  spec<.5=nan  marg=nan  lstd=nan  lr=1.48e-05
[dis_data] g2p_en loaded for OOV words
[dis_data] g2p_en loaded for OOV words
  step  10400/12000  recon=0.1777  pr=0.3644  sid=0.0157  grl=5.5176(acc=0.062)  grl_p=3.4462(per=1.000)  aux=0.1658  dead=8.4%  L/P/U=4096/1024/0  actL/P/U=240/16/0  H=nan  Hu=nan  spec<.5=nan  marg=nan  lstd=nan  lr=1.42e-05
  [grad_norms @10500]
    recon             |g|=0.31042  ratio=1.000x recon
    pr_raw            |g|=0.26243  ratio=0.845x recon
    pr_weighted       |g|=0.20995  ratio=0.676x recon
    sid_raw           |g|=0.30066  ratio=0.969x recon
    sid_weighted      |g|=0.18040  ratio=0.581x recon
    grl               |g|=4.01416  ratio=12.931x recon
    grl_p             |g|=0.34252  ratio=1.103x recon
    per-frame |dL/dz[t]|:  grl(z_L)=0.00015   grl_p(z_P)=0.00027   (grl_p/grl = 1.8x  <- pooled-vs-dense dilution)
    [grad_cos @10500]  shared=sae.enc_weight; cos<0 = conflict
      cos(recon_vs_pr           ) = +0.010
      cos(recon_vs_sid          ) = +0.040
      cos(recon_vs_grl          ) = -0.004
      cos(recon_vs_grl_p        ) = -0.025
      cos(pr_vs_sid             ) = +0.000
      cos(pr_vs_grl             ) = -0.005
      cos(pr_vs_grl_p           ) = +0.000
      cos(sid_vs_grl            ) = +0.000
      cos(sid_vs_grl_p          ) = -0.016
      cos(grl_vs_grl_p          ) = +0.000
  step  10500/12000  recon=0.1782  pr=0.3424  sid=0.0116  grl=5.5078(acc=0.000)  grl_p=3.5095(per=1.000)  aux=0.1652  dead=8.5%  L/P/U=4096/1024/0  actL/P/U=240/16/0  H=nan  Hu=nan  spec<.5=nan  marg=nan  lstd=nan  lr=1.37e-05
  step  10600/12000  recon=0.1789  pr=0.4283  sid=0.0162  grl=5.1992(acc=0.000)  grl_p=3.4578(per=1.000)  aux=0.1653  dead=8.6%  L/P/U=4096/1024/0  actL/P/U=240/16/0  H=nan  Hu=nan  spec<.5=nan  marg=nan  lstd=nan  lr=1.33e-05
  step  10700/12000  recon=0.1805  pr=0.4147  sid=0.0155  grl=5.5605(acc=0.000)  grl_p=3.4878(per=1.000)  aux=0.1670  dead=8.5%  L/P/U=4096/1024/0  actL/P/U=240/16/0  H=nan  Hu=nan  spec<.5=nan  marg=nan  lstd=nan  lr=1.28e-05
  step  10800/12000  recon=0.1786  pr=0.3817  sid=0.0303  grl=5.4346(acc=0.000)  grl_p=3.4741(per=1.000)  aux=0.1655  dead=8.3%  L/P/U=4096/1024/0  actL/P/U=240/16/0  H=nan  Hu=nan  spec<.5=nan  marg=nan  lstd=nan  lr=1.24e-05
  step  10900/12000  recon=0.1790  pr=0.3671  sid=0.0117  grl=5.8086(acc=0.000)  grl_p=3.4698(per=1.000)  aux=0.1657  dead=8.2%  L/P/U=4096/1024/0  actL/P/U=240/16/0  H=nan  Hu=nan  spec<.5=nan  marg=nan  lstd=nan  lr=1.20e-05
  [grad_norms @11000]
    recon             |g|=0.26286  ratio=1.000x recon
    pr_raw            |g|=0.21555  ratio=0.820x recon
    pr_weighted       |g|=0.17244  ratio=0.656x recon
    sid_raw           |g|=0.57675  ratio=2.194x recon
    sid_weighted      |g|=0.34605  ratio=1.316x recon
    grl               |g|=4.18423  ratio=15.918x recon
    grl_p             |g|=0.34869  ratio=1.327x recon
    per-frame |dL/dz[t]|:  grl(z_L)=0.00015   grl_p(z_P)=0.00025   (grl_p/grl = 1.7x  <- pooled-vs-dense dilution)
    [grad_cos @11000]  shared=sae.enc_weight; cos<0 = conflict
      cos(recon_vs_pr           ) = +0.007
      cos(recon_vs_sid          ) = +0.021
      cos(recon_vs_grl          ) = +0.011
      cos(recon_vs_grl_p        ) = -0.022
      cos(pr_vs_sid             ) = +0.000
      cos(pr_vs_grl             ) = +0.010
      cos(pr_vs_grl_p           ) = +0.000
      cos(sid_vs_grl            ) = +0.000
      cos(sid_vs_grl_p          ) = -0.009
      cos(grl_vs_grl_p          ) = +0.000
  step  11000/12000  recon=0.1785  pr=0.3587  sid=0.0144  grl=5.6699(acc=0.000)  grl_p=3.4646(per=1.000)  aux=0.1659  dead=8.6%  L/P/U=4096/1024/0  actL/P/U=240/16/0  H=nan  Hu=nan  spec<.5=nan  marg=nan  lstd=nan  lr=1.17e-05
[dis_data] g2p_en loaded for OOV words
[dis_data] g2p_en loaded for OOV words
  [val] step=11000  recon=0.1787  pr=0.4021  | z_L PR=0.103 SID=0.018  | z_P PR=1.000 SID=1.000
  step  11100/12000  recon=0.1798  pr=0.3662  sid=0.0256  grl=5.2646(acc=0.000)  grl_p=3.4594(per=1.000)  aux=0.1672  dead=8.5%  L/P/U=4096/1024/0  actL/P/U=240/16/0  H=nan  Hu=nan  spec<.5=nan  marg=nan  lstd=nan  lr=1.14e-05
  step  11200/12000  recon=0.1796  pr=0.4808  sid=0.0145  grl=5.1748(acc=0.000)  grl_p=3.5130(per=1.000)  aux=0.1668  dead=8.5%  L/P/U=4096/1024/0  actL/P/U=240/16/0  H=nan  Hu=nan  spec<.5=nan  marg=nan  lstd=nan  lr=1.11e-05
  step  11300/12000  recon=0.1808  pr=0.4185  sid=0.0141  grl=5.7168(acc=0.000)  grl_p=3.5078(per=0.999)  aux=0.1677  dead=8.6%  L/P/U=4096/1024/0  actL/P/U=240/16/0  H=nan  Hu=nan  spec<.5=nan  marg=nan  lstd=nan  lr=1.08e-05
  step  11400/12000  recon=0.1786  pr=0.4170  sid=0.0082  grl=5.2998(acc=0.000)  grl_p=3.4960(per=1.000)  aux=0.1658  dead=8.7%  L/P/U=4096/1024/0  actL/P/U=240/16/0  H=nan  Hu=nan  spec<.5=nan  marg=nan  lstd=nan  lr=1.06e-05
  [grad_norms @11500]
    recon             |g|=0.29276  ratio=1.000x recon
    pr_raw            |g|=0.37347  ratio=1.276x recon
    pr_weighted       |g|=0.29878  ratio=1.021x recon
    sid_raw           |g|=0.46198  ratio=1.578x recon
    sid_weighted      |g|=0.27719  ratio=0.947x recon
    grl               |g|=3.72097  ratio=12.710x recon
    grl_p             |g|=0.36453  ratio=1.245x recon
    per-frame |dL/dz[t]|:  grl(z_L)=0.00015   grl_p(z_P)=0.00031   (grl_p/grl = 2.0x  <- pooled-vs-dense dilution)
    [grad_cos @11500]  shared=sae.enc_weight; cos<0 = conflict
      cos(recon_vs_pr           ) = +0.009
      cos(recon_vs_sid          ) = +0.046
      cos(recon_vs_grl          ) = -0.006
      cos(recon_vs_grl_p        ) = -0.025
      cos(pr_vs_sid             ) = +0.000
      cos(pr_vs_grl             ) = +0.017
      cos(pr_vs_grl_p           ) = +0.000
      cos(sid_vs_grl            ) = +0.000
      cos(sid_vs_grl_p          ) = -0.016
      cos(grl_vs_grl_p          ) = +0.000
  step  11500/12000  recon=0.1776  pr=0.4475  sid=0.0112  grl=5.0967(acc=0.125)  grl_p=3.4413(per=1.000)  aux=0.1648  dead=8.6%  L/P/U=4096/1024/0  actL/P/U=240/16/0  H=nan  Hu=nan  spec<.5=nan  marg=nan  lstd=nan  lr=1.04e-05
  step  11600/12000  recon=0.1785  pr=0.4265  sid=0.0039  grl=5.2832(acc=0.000)  grl_p=3.4810(per=1.000)  aux=0.1657  dead=8.9%  L/P/U=4096/1024/0  actL/P/U=240/16/0  H=nan  Hu=nan  spec<.5=nan  marg=nan  lstd=nan  lr=1.03e-05
  step  11700/12000  recon=0.1784  pr=0.4247  sid=0.0085  grl=5.2354(acc=0.000)  grl_p=3.4717(per=0.999)  aux=0.1662  dead=9.0%  L/P/U=4096/1024/0  actL/P/U=240/16/0  H=nan  Hu=nan  spec<.5=nan  marg=nan  lstd=nan  lr=1.02e-05
  step  11800/12000  recon=0.1789  pr=0.3459  sid=0.0095  grl=5.4814(acc=0.000)  grl_p=3.4572(per=1.000)  aux=0.1663  dead=8.9%  L/P/U=4096/1024/0  actL/P/U=240/16/0  H=nan  Hu=nan  spec<.5=nan  marg=nan  lstd=nan  lr=1.01e-05
  step  11900/12000  recon=0.1781  pr=0.3721  sid=0.0095  grl=5.1289(acc=0.000)  grl_p=3.4408(per=1.000)  aux=0.1641  dead=8.6%  L/P/U=4096/1024/0  actL/P/U=240/16/0  H=nan  Hu=nan  spec<.5=nan  marg=nan  lstd=nan  lr=1.00e-05
  [grad_norms @12000]
    recon             |g|=0.26551  ratio=1.000x recon
    pr_raw            |g|=0.31259  ratio=1.177x recon
    pr_weighted       |g|=0.25007  ratio=0.942x recon
    sid_raw           |g|=0.25661  ratio=0.966x recon
    sid_weighted      |g|=0.15396  ratio=0.580x recon
    grl               |g|=3.65947  ratio=13.783x recon
    grl_p             |g|=0.39853  ratio=1.501x recon
    per-frame |dL/dz[t]|:  grl(z_L)=0.00015   grl_p(z_P)=0.00031   (grl_p/grl = 2.0x  <- pooled-vs-dense dilution)
    [grad_cos @12000]  shared=sae.enc_weight; cos<0 = conflict
      cos(recon_vs_pr           ) = +0.002
      cos(recon_vs_sid          ) = +0.017
      cos(recon_vs_grl          ) = +0.004
      cos(recon_vs_grl_p        ) = -0.026
      cos(pr_vs_sid             ) = +0.000
      cos(pr_vs_grl             ) = +0.003
      cos(pr_vs_grl_p           ) = +0.000
      cos(sid_vs_grl            ) = +0.000
      cos(sid_vs_grl_p          ) = +0.007
      cos(grl_vs_grl_p          ) = +0.000
  step  12000/12000  recon=0.1778  pr=0.3840  sid=0.0082  grl=5.2012(acc=0.062)  grl_p=3.5117(per=1.000)  aux=0.1651  dead=8.9%  L/P/U=4096/1024/0  actL/P/U=240/16/0  H=nan  Hu=nan  spec<.5=nan  marg=nan  lstd=nan  lr=1.00e-05
[dis_data] g2p_en loaded for OOV words
[dis_data] g2p_en loaded for OOV words
  [val] step=12000  recon=0.1787  pr=0.4042  | z_L PR=0.103 SID=0.034  | z_P PR=1.000 SID=1.000

[stage 2] done.  Best disent_score=0.1062  → /scratch/bbg25/runs/libri_advfb_prrecover_gn00015_240L16P_aux64_12k_s42/checkpoints/stage2_best.pt

[done]  best checkpoint → /scratch/bbg25/runs/libri_advfb_prrecover_gn00015_240L16P_aux64_12k_s42/checkpoints/stage2_best.pt
