[diag_probe] run=diag_libri_advfb_prrecover_gn00015_240L16P_aux64_12k_s42_z_P_pr_linear_seed42  device=cuda
[diag_probe] seed=42
[diag_probe] stage1_ckpt=/scratch/bbg25/runs/libri_advfb_prrecover_gn00015_240L16P_aux64_12k_s42/checkpoints/stage2_step12000.pt
[diag_probe] stage2_ckpt=/scratch/bbg25/runs/libri_advfb_prrecover_gn00015_240L16P_aux64_12k_s42/checkpoints/stage2_step12000.pt
[diag_probe] sources=['z_P']  tasks=['pr']
[diag_probe] probe_steps=5000  pr_lr=0.0005  sid_lr=0.001  pr_warmup=500  other_warmup=0  val_every=250  patience=5
[dis_data] loaded lexicon: 200,000 entries
[dis_data] loading PR train-clean-100 …
[dis_data] loading PR dev-clean …
[dis_data] loading PR test-clean …
[dis_data]  PR train=28539 val=2703 test=2620 vocab=74
[dis_data] loading train-clean-100 …
[dis_data]  251 speakers
[dis_data]  train=27539  val=500  test=500  vocab=74  speakers=251
[diag_probe] topk confirmed: 256
[train] WARNING: unexpected missing SAE keys: ['block_idx', 'block_m_L', 'block_m_P', 'block_m_U']
[train] loaded 3 SAE tensors from /scratch/bbg25/runs/libri_advfb_prrecover_gn00015_240L16P_aux64_12k_s42/checkpoints/stage2_step12000.pt  (step=12000  val=0.1062)
[diag_probe] loaded stage2 weights from /scratch/bbg25/runs/libri_advfb_prrecover_gn00015_240L16P_aux64_12k_s42/checkpoints/stage2_step12000.pt

[diag_probe] speakers=251  pr_vocab=74  D=1280  K=5120
[diag_probe] PR: stage-2-matched 74-phone targets — train-clean-100 → val=dev-clean, test=test-clean
[diag_probe] SID: closed-set utterance split (val/test held out); probe arch=linear
[diag_probe] reported metric = TEST (val shown in parentheses)

  training probe: z_P -> PR ...
[dis_data] g2p_en loaded for OOV words
      [pr z_P] step 250/5000  train loss=9.612  dev loss=3.647  dev PER=1.000  (best 1.000, bad 0/5)
      [pr z_P] step 500/5000  train loss=3.562  dev loss=3.596  dev PER=1.000  (best 1.000, bad 1/5)
      [pr z_P] step 750/5000  train loss=3.544  dev loss=3.584  dev PER=1.000  (best 1.000, bad 2/5)
      [pr z_P] step 1000/5000  train loss=3.529  dev loss=3.567  dev PER=1.000  (best 1.000, bad 3/5)
      [pr z_P] step 1250/5000  train loss=3.517  dev loss=3.548  dev PER=1.000  (best 1.000, bad 4/5)
      [pr z_P] step 1500/5000  train loss=3.500  dev loss=3.530  dev PER=1.000  (best 1.000, bad 0/5)
      [pr z_P] step 1750/5000  train loss=3.480  dev loss=3.509  dev PER=0.999  (best 0.999, bad 0/5)
      [pr z_P] step 2000/5000  train loss=3.456  dev loss=3.489  dev PER=0.999  (best 0.999, bad 0/5)
      [pr z_P] step 2250/5000  train loss=3.435  dev loss=3.465  dev PER=0.999  (best 0.999, bad 0/5)
      [pr z_P] step 2500/5000  train loss=3.413  dev loss=3.441  dev PER=0.998  (best 0.998, bad 0/5)
      [pr z_P] step 2750/5000  train loss=3.397  dev loss=3.422  dev PER=0.998  (best 0.998, bad 0/5)
      [pr z_P] step 3000/5000  train loss=3.383  dev loss=3.408  dev PER=0.998  (best 0.998, bad 0/5)
      [pr z_P] step 3250/5000  train loss=3.371  dev loss=3.397  dev PER=0.998  (best 0.998, bad 1/5)
      [pr z_P] step 3500/5000  train loss=3.363  dev loss=3.386  dev PER=0.998  (best 0.998, bad 2/5)
      [pr z_P] step 3750/5000  train loss=3.348  dev loss=3.384  dev PER=0.997  (best 0.997, bad 0/5)
      [pr z_P] step 4000/5000  train loss=3.337  dev loss=3.378  dev PER=0.997  (best 0.997, bad 0/5)
      [pr z_P] step 4250/5000  train loss=3.333  dev loss=3.373  dev PER=0.997  (best 0.997, bad 1/5)
      [pr z_P] step 4500/5000  train loss=3.330  dev loss=3.369  dev PER=0.997  (best 0.997, bad 2/5)
      [pr z_P] step 4750/5000  train loss=3.332  dev loss=3.368  dev PER=0.997  (best 0.997, bad 0/5)
      [pr z_P] step 5000/5000  train loss=3.330  dev loss=3.367  dev PER=0.997  (best 0.997, bad 1/5)
    z_P -> PR               PER test=0.996  (val 0.997)

==================================================================
  DIAGNOSTIC PROBE RESULTS - diag_libri_advfb_prrecover_gn00015_240L16P_aux64_12k_s42_z_P_pr_linear_seed42
==================================================================
  Source       PR (PER↓)    SID (acc↑)
  --------  ------------  ------------
  z_P              0.996           nan
==================================================================

