[diag_probe] run=diag_libri_advfb_prrecover_gn00015_240L16P_aux64_12k_s42_asr_lstm_seed42  device=cuda
[diag_probe] seed=42
[diag_probe] stage1_ckpt=/scratch/bbg25/runs/libri_advfb_prrecover_gn00015_240L16P_aux64_12k_s42/checkpoints/stage2_step12000.pt
[diag_probe] stage2_ckpt=/scratch/bbg25/runs/libri_advfb_prrecover_gn00015_240L16P_aux64_12k_s42/checkpoints/stage2_step12000.pt
[diag_probe] sources=['z_P']  tasks=['asr']
[diag_probe] probe_steps=10000  pr_lr=0.0005  asr_lr=0.0005  sid_lr=0.001  pr_warmup=500  asr_warmup=500  other_warmup=0  val_every=250  patience=5
[diag_probe] PR task not requested — skipping PR dataloaders.
[dis_data] loading ASR train-clean-100 …
[dis_data] loading ASR dev-clean …
[dis_data] loading ASR test-clean …
[dis_data]  ASR train=28539 val=2703 test=2620 vocab=29
[dis_data] loaded lexicon: 200,000 entries
[dis_data] loading train-clean-100 …
[dis_data]  251 speakers
[dis_data]  train=27539  val=500  test=500  vocab=74  speakers=251
[diag_probe] topk confirmed: 256
[train] WARNING: unexpected missing SAE keys: ['block_idx', 'block_m_L', 'block_m_P', 'block_m_U']
[train] loaded 3 SAE tensors from /scratch/bbg25/runs/libri_advfb_prrecover_gn00015_240L16P_aux64_12k_s42/checkpoints/stage2_step12000.pt  (step=12000  val=0.1062)
[diag_probe] loaded stage2 weights from /scratch/bbg25/runs/libri_advfb_prrecover_gn00015_240L16P_aux64_12k_s42/checkpoints/stage2_step12000.pt

[diag_probe] speakers=251  pr_vocab=74  asr_vocab=29  D=1280  K=5120
[diag_probe] PR: skipped
[diag_probe] ASR: character CTC transcripts — train-clean-100 → val=dev-clean, test=test-clean; probe arch=lstm
[diag_probe] SID: closed-set utterance split (val/test held out); probe arch=linear
[diag_probe] reported metric = TEST (val shown in parentheses)

  training probe: z_P -> ASR ...
      [asr z_P] step 250/10000  train loss=3.767  dev loss=2.886  dev WER=1.000  dev CER=1.000  (best CER 1.000, bad 0/5)
      [asr z_P] step 500/10000  train loss=2.766  dev loss=2.664  dev WER=1.076  dev CER=0.726  (best CER 0.726, bad 0/5)
      [asr z_P] step 750/10000  train loss=2.646  dev loss=2.726  dev WER=1.146  dev CER=0.795  (best CER 0.726, bad 1/5)
      [asr z_P] step 1000/10000  train loss=2.862  dev loss=2.872  dev WER=1.000  dev CER=1.000  (best CER 0.726, bad 2/5)
      [asr z_P] step 1250/10000  train loss=2.709  dev loss=2.656  dev WER=1.120  dev CER=0.744  (best CER 0.726, bad 3/5)
      [asr z_P] step 1500/10000  train loss=2.811  dev loss=2.862  dev WER=1.000  dev CER=0.998  (best CER 0.726, bad 4/5)
      [asr z_P] step 1750/10000  train loss=2.772  dev loss=2.800  dev WER=1.000  dev CER=0.990  (best CER 0.726, bad 5/5)
    z_P -> ASR              WER test=1.078  CER test=0.727  (val WER 1.076, CER 0.726)

==============================================================================================
  DIAGNOSTIC PROBE RESULTS - diag_libri_advfb_prrecover_gn00015_240L16P_aux64_12k_s42_asr_lstm_seed42
==============================================================================================
  Source       PR (PER↓)    SID (acc↑)      ASR WER↓      ASR CER↓
  --------  ------------  ------------  ------------  ------------
  z_P                nan           nan         1.078         0.727
==============================================================================================

