[diag_probe] run=diag_libri_advfb_prrecover_gn00015_240L16P_aux64_12k_s42_z_t_pr_direct_seed42  device=cuda
[diag_probe] seed=42
[diag_probe] stage1_ckpt=/scratch/bbg25/runs/libri_advfb_prrecover_gn00015_240L16P_aux64_12k_s42/checkpoints/stage2_step12000.pt
[diag_probe] stage2_ckpt=/scratch/bbg25/runs/libri_advfb_prrecover_gn00015_240L16P_aux64_12k_s42/checkpoints/stage2_step12000.pt
[diag_probe] sources=['z_t']  tasks=['pr']
[diag_probe] probe_steps=5000  pr_lr=0.0005  sid_lr=0.001  pr_warmup=500  other_warmup=0  val_every=250  patience=5
[dis_data] loaded lexicon: 200,000 entries
[dis_data] loading PR train-clean-100 …
[dis_data] loading PR dev-clean …
[dis_data] loading PR test-clean …
[dis_data]  PR train=28539 val=2703 test=2620 vocab=74
[dis_data] loading train-clean-100 …
[dis_data]  251 speakers
[dis_data]  train=27539  val=500  test=500  vocab=74  speakers=251
[diag_probe] topk confirmed: 256
[train] WARNING: unexpected missing SAE keys: ['block_idx', 'block_m_L', 'block_m_P', 'block_m_U']
[train] loaded 3 SAE tensors from /scratch/bbg25/runs/libri_advfb_prrecover_gn00015_240L16P_aux64_12k_s42/checkpoints/stage2_step12000.pt  (step=12000  val=0.1062)
[diag_probe] loaded stage2 weights from /scratch/bbg25/runs/libri_advfb_prrecover_gn00015_240L16P_aux64_12k_s42/checkpoints/stage2_step12000.pt

[diag_probe] speakers=251  pr_vocab=74  D=1280  K=5120
[diag_probe] PR: stage-2-matched 74-phone targets — train-clean-100 → val=dev-clean, test=test-clean
[diag_probe] SID: closed-set utterance split (val/test held out); probe arch=linear
[diag_probe] reported metric = TEST (val shown in parentheses)

  training probe: z_t -> PR ...
[dis_data] g2p_en loaded for OOV words
      [pr z_t] step 250/5000  train loss=8.304  dev loss=9.588  dev PER=0.975  (best 0.975, bad 0/5)
      [pr z_t] step 500/5000  train loss=1.811  dev loss=0.527  dev PER=0.148  (best 0.148, bad 0/5)
      [pr z_t] step 750/5000  train loss=0.475  dev loss=0.471  dev PER=0.125  (best 0.125, bad 0/5)
      [pr z_t] step 1000/5000  train loss=0.450  dev loss=0.443  dev PER=0.118  (best 0.118, bad 0/5)
      [pr z_t] step 1250/5000  train loss=0.432  dev loss=0.433  dev PER=0.118  (best 0.118, bad 0/5)
      [pr z_t] step 1500/5000  train loss=0.419  dev loss=0.427  dev PER=0.119  (best 0.118, bad 1/5)
      [pr z_t] step 1750/5000  train loss=0.420  dev loss=0.419  dev PER=0.110  (best 0.110, bad 0/5)
      [pr z_t] step 2000/5000  train loss=0.396  dev loss=0.403  dev PER=0.104  (best 0.104, bad 0/5)
      [pr z_t] step 2250/5000  train loss=0.395  dev loss=0.412  dev PER=0.101  (best 0.101, bad 0/5)
      [pr z_t] step 2500/5000  train loss=0.392  dev loss=0.402  dev PER=0.107  (best 0.101, bad 1/5)
      [pr z_t] step 2750/5000  train loss=0.390  dev loss=0.399  dev PER=0.098  (best 0.098, bad 0/5)
      [pr z_t] step 3000/5000  train loss=0.388  dev loss=0.388  dev PER=0.100  (best 0.098, bad 1/5)
      [pr z_t] step 3250/5000  train loss=0.387  dev loss=0.387  dev PER=0.098  (best 0.098, bad 2/5)
      [pr z_t] step 3500/5000  train loss=0.380  dev loss=0.389  dev PER=0.106  (best 0.098, bad 3/5)
      [pr z_t] step 3750/5000  train loss=0.374  dev loss=0.384  dev PER=0.097  (best 0.097, bad 0/5)
      [pr z_t] step 4000/5000  train loss=0.368  dev loss=0.383  dev PER=0.097  (best 0.097, bad 1/5)
      [pr z_t] step 4250/5000  train loss=0.365  dev loss=0.379  dev PER=0.097  (best 0.097, bad 2/5)
      [pr z_t] step 4500/5000  train loss=0.365  dev loss=0.377  dev PER=0.096  (best 0.096, bad 0/5)
      [pr z_t] step 4750/5000  train loss=0.367  dev loss=0.377  dev PER=0.099  (best 0.096, bad 1/5)
      [pr z_t] step 5000/5000  train loss=0.362  dev loss=0.374  dev PER=0.098  (best 0.096, bad 2/5)
    z_t -> PR               PER test=0.100  (val 0.096)

==================================================================
  DIAGNOSTIC PROBE RESULTS - diag_libri_advfb_prrecover_gn00015_240L16P_aux64_12k_s42_z_t_pr_direct_seed42
==================================================================
  Source       PR (PER↓)    SID (acc↑)
  --------  ------------  ------------
  z_t              0.100           nan
==================================================================

