[diag_probe] run=diag_libri_advlearn_hardqfreeze4000_gn0002_dann6800_gp02_aux64_16k_s42_z_P_pr_linear_seed42  device=cuda
[diag_probe] seed=42
[diag_probe] stage1_ckpt=/scratch/bbg25/runs/libri_advlearn_hardqfreeze4000_gn0002_dann6800_gp02_aux64_16k_s42/checkpoints/stage2_step16000.pt
[diag_probe] stage2_ckpt=/scratch/bbg25/runs/libri_advlearn_hardqfreeze4000_gn0002_dann6800_gp02_aux64_16k_s42/checkpoints/stage2_step16000.pt
[diag_probe] sources=['z_P']  tasks=['pr']
[diag_probe] probe_steps=5000  pr_lr=0.0005  asr_lr=0.0005  sid_lr=0.001  pr_warmup=500  asr_warmup=500  other_warmup=0  val_every=250  patience=10
[dis_data] loaded lexicon: 200,000 entries
[dis_data] loading PR train-clean-100 …
[dis_data] loading PR dev-clean …
[dis_data] loading PR test-clean …
[dis_data]  PR train=28539 val=2703 test=2620 vocab=74
[diag_probe] ASR task not requested — skipping ASR dataloaders.
[dis_data] loading train-clean-100 …
[dis_data]  251 speakers
[dis_data]  train=27539  val=500  test=500  vocab=74  speakers=251
[diag_probe] topk confirmed: 256
[train] loaded 6 SAE tensors from /scratch/bbg25/runs/libri_advlearn_hardqfreeze4000_gn0002_dann6800_gp02_aux64_16k_s42/checkpoints/stage2_step16000.pt  (step=16000  val=0.1122)
[diag_probe] learned-route TopK loaded: quotas=[232, 24, 0]
[diag_probe] loaded stage2 weights from /scratch/bbg25/runs/libri_advlearn_hardqfreeze4000_gn0002_dann6800_gp02_aux64_16k_s42/checkpoints/stage2_step16000.pt

[diag_probe] speakers=251  pr_vocab=74  asr_vocab=n/a  D=1280  K=5120
[diag_probe] PR: stage-2-matched 74-phone targets — train-clean-100 → val=dev-clean, test=test-clean
[diag_probe] ASR: skipped
[diag_probe] SID: closed-set utterance split (val/test held out); probe arch=linear
[diag_probe] reported metric = TEST (val shown in parentheses)

  training probe: z_P -> PR ...
[dis_data] g2p_en loaded for OOV words
      [pr z_P] step 250/5000  train loss=7.749  dev loss=3.579  dev PER=1.000  (best 1.000, bad 0/10)
      [pr z_P] step 500/5000  train loss=3.483  dev loss=3.389  dev PER=0.992  (best 0.992, bad 0/10)
      [pr z_P] step 750/5000  train loss=2.984  dev loss=2.781  dev PER=0.858  (best 0.858, bad 0/10)
      [pr z_P] step 1000/5000  train loss=2.576  dev loss=2.608  dev PER=0.812  (best 0.812, bad 0/10)
      [pr z_P] step 1250/5000  train loss=2.463  dev loss=2.542  dev PER=0.792  (best 0.792, bad 0/10)
      [pr z_P] step 1500/5000  train loss=2.414  dev loss=2.508  dev PER=0.791  (best 0.791, bad 0/10)
      [pr z_P] step 1750/5000  train loss=2.384  dev loss=2.490  dev PER=0.789  (best 0.789, bad 0/10)
      [pr z_P] step 2000/5000  train loss=2.351  dev loss=2.476  dev PER=0.772  (best 0.772, bad 0/10)
      [pr z_P] step 2250/5000  train loss=2.335  dev loss=2.465  dev PER=0.776  (best 0.772, bad 1/10)
      [pr z_P] step 2500/5000  train loss=2.331  dev loss=2.457  dev PER=0.769  (best 0.769, bad 0/10)
      [pr z_P] step 2750/5000  train loss=2.325  dev loss=2.448  dev PER=0.775  (best 0.769, bad 1/10)
      [pr z_P] step 3000/5000  train loss=2.318  dev loss=2.439  dev PER=0.769  (best 0.769, bad 0/10)
      [pr z_P] step 3250/5000  train loss=2.312  dev loss=2.437  dev PER=0.777  (best 0.769, bad 1/10)
      [pr z_P] step 3500/5000  train loss=2.309  dev loss=2.432  dev PER=0.774  (best 0.769, bad 2/10)
      [pr z_P] step 3750/5000  train loss=2.293  dev loss=2.430  dev PER=0.765  (best 0.765, bad 0/10)
      [pr z_P] step 4000/5000  train loss=2.284  dev loss=2.428  dev PER=0.768  (best 0.765, bad 1/10)
      [pr z_P] step 4250/5000  train loss=2.284  dev loss=2.425  dev PER=0.766  (best 0.765, bad 2/10)
      [pr z_P] step 4500/5000  train loss=2.285  dev loss=2.423  dev PER=0.767  (best 0.765, bad 3/10)
      [pr z_P] step 4750/5000  train loss=2.282  dev loss=2.421  dev PER=0.768  (best 0.765, bad 4/10)
      [pr z_P] step 5000/5000  train loss=2.276  dev loss=2.420  dev PER=0.769  (best 0.765, bad 5/10)
    z_P -> PR               PER test=0.763  (val 0.765)

==================================================================
  DIAGNOSTIC PROBE RESULTS - diag_libri_advlearn_hardqfreeze4000_gn0002_dann6800_gp02_aux64_16k_s42_z_P_pr_linear_seed42
==================================================================
  Source       PR (PER↓)    SID (acc↑)
  --------  ------------  ------------
  z_P              0.763           nan
==================================================================

