[diag_probe] run=diag_libri_advlearn_hardqfreeze4000_gn0002_dann6800_gp02_aux64_16k_s42_z_t_pr_linear_seed42  device=cuda
[diag_probe] seed=42
[diag_probe] stage1_ckpt=/scratch/bbg25/runs/libri_advlearn_hardqfreeze4000_gn0002_dann6800_gp02_aux64_16k_s42/checkpoints/stage2_step16000.pt
[diag_probe] stage2_ckpt=/scratch/bbg25/runs/libri_advlearn_hardqfreeze4000_gn0002_dann6800_gp02_aux64_16k_s42/checkpoints/stage2_step16000.pt
[diag_probe] sources=['z_t']  tasks=['pr']
[diag_probe] probe_steps=5000  pr_lr=0.0005  asr_lr=0.0005  sid_lr=0.001  pr_warmup=500  asr_warmup=500  other_warmup=0  val_every=250  patience=10
[dis_data] loaded lexicon: 200,000 entries
[dis_data] loading PR train-clean-100 …
[dis_data] loading PR dev-clean …
[dis_data] loading PR test-clean …
[dis_data]  PR train=28539 val=2703 test=2620 vocab=74
[diag_probe] ASR task not requested — skipping ASR dataloaders.
[dis_data] loading train-clean-100 …
[dis_data]  251 speakers
[dis_data]  train=27539  val=500  test=500  vocab=74  speakers=251
[diag_probe] topk confirmed: 256
[train] loaded 6 SAE tensors from /scratch/bbg25/runs/libri_advlearn_hardqfreeze4000_gn0002_dann6800_gp02_aux64_16k_s42/checkpoints/stage2_step16000.pt  (step=16000  val=0.1122)
[diag_probe] learned-route TopK loaded: quotas=[232, 24, 0]
[diag_probe] loaded stage2 weights from /scratch/bbg25/runs/libri_advlearn_hardqfreeze4000_gn0002_dann6800_gp02_aux64_16k_s42/checkpoints/stage2_step16000.pt

[diag_probe] speakers=251  pr_vocab=74  asr_vocab=n/a  D=1280  K=5120
[diag_probe] PR: stage-2-matched 74-phone targets — train-clean-100 → val=dev-clean, test=test-clean
[diag_probe] ASR: skipped
[diag_probe] SID: closed-set utterance split (val/test held out); probe arch=linear
[diag_probe] reported metric = TEST (val shown in parentheses)

  training probe: z_t -> PR ...
[dis_data] g2p_en loaded for OOV words
      [pr z_t] step 250/5000  train loss=3.338  dev loss=0.631  dev PER=0.167  (best 0.167, bad 0/10)
      [pr z_t] step 500/5000  train loss=0.498  dev loss=0.432  dev PER=0.105  (best 0.105, bad 0/10)
      [pr z_t] step 750/5000  train loss=0.414  dev loss=0.413  dev PER=0.101  (best 0.101, bad 0/10)
      [pr z_t] step 1000/5000  train loss=0.404  dev loss=0.401  dev PER=0.116  (best 0.101, bad 1/10)
      [pr z_t] step 1250/5000  train loss=0.391  dev loss=0.389  dev PER=0.104  (best 0.101, bad 2/10)
      [pr z_t] step 1500/5000  train loss=0.377  dev loss=0.374  dev PER=0.100  (best 0.100, bad 0/10)
      [pr z_t] step 1750/5000  train loss=0.374  dev loss=0.365  dev PER=0.099  (best 0.099, bad 0/10)
      [pr z_t] step 2000/5000  train loss=0.344  dev loss=0.368  dev PER=0.097  (best 0.097, bad 0/10)
      [pr z_t] step 2250/5000  train loss=0.345  dev loss=0.363  dev PER=0.103  (best 0.097, bad 1/10)
      [pr z_t] step 2500/5000  train loss=0.342  dev loss=0.373  dev PER=0.109  (best 0.097, bad 2/10)
      [pr z_t] step 2750/5000  train loss=0.339  dev loss=0.351  dev PER=0.094  (best 0.094, bad 0/10)
      [pr z_t] step 3000/5000  train loss=0.339  dev loss=0.343  dev PER=0.088  (best 0.088, bad 0/10)
      [pr z_t] step 3250/5000  train loss=0.335  dev loss=0.350  dev PER=0.084  (best 0.084, bad 0/10)
      [pr z_t] step 3500/5000  train loss=0.328  dev loss=0.345  dev PER=0.092  (best 0.084, bad 1/10)
      [pr z_t] step 3750/5000  train loss=0.319  dev loss=0.335  dev PER=0.086  (best 0.084, bad 2/10)
      [pr z_t] step 4000/5000  train loss=0.309  dev loss=0.330  dev PER=0.085  (best 0.084, bad 3/10)
      [pr z_t] step 4250/5000  train loss=0.307  dev loss=0.328  dev PER=0.083  (best 0.083, bad 0/10)
      [pr z_t] step 4500/5000  train loss=0.304  dev loss=0.326  dev PER=0.083  (best 0.083, bad 0/10)
      [pr z_t] step 4750/5000  train loss=0.306  dev loss=0.323  dev PER=0.085  (best 0.083, bad 1/10)
      [pr z_t] step 5000/5000  train loss=0.300  dev loss=0.321  dev PER=0.083  (best 0.083, bad 2/10)
    z_t -> PR               PER test=0.086  (val 0.083)

==================================================================
  DIAGNOSTIC PROBE RESULTS - diag_libri_advlearn_hardqfreeze4000_gn0002_dann6800_gp02_aux64_16k_s42_z_t_pr_linear_seed42
==================================================================
  Source       PR (PER↓)    SID (acc↑)
  --------  ------------  ------------
  z_t              0.086           nan
==================================================================

