[diag_probe] run=diag_libri_advlearn_hardqfreeze4000_gn0002_dann6800_gp02_aux64_16k_s42_sid_linear_seed42  device=cuda
[diag_probe] seed=42
[diag_probe] stage1_ckpt=/scratch/bbg25/runs/libri_advlearn_hardqfreeze4000_gn0002_dann6800_gp02_aux64_16k_s42/checkpoints/stage2_step16000.pt
[diag_probe] stage2_ckpt=/scratch/bbg25/runs/libri_advlearn_hardqfreeze4000_gn0002_dann6800_gp02_aux64_16k_s42/checkpoints/stage2_step16000.pt
[diag_probe] sources=['z_t', 'z_L', 'z_P']  tasks=['sid']
[diag_probe] probe_steps=5000  pr_lr=0.0005  asr_lr=0.0005  sid_lr=0.001  pr_warmup=500  asr_warmup=500  other_warmup=0  val_every=250  patience=10
[diag_probe] PR task not requested — skipping PR dataloaders.
[diag_probe] ASR task not requested — skipping ASR dataloaders.
[dis_data] loaded lexicon: 200,000 entries
[dis_data] loading train-clean-100 …
[dis_data]  251 speakers
[dis_data]  train=27539  val=500  test=500  vocab=74  speakers=251
[diag_probe] topk confirmed: 256
[train] loaded 6 SAE tensors from /scratch/bbg25/runs/libri_advlearn_hardqfreeze4000_gn0002_dann6800_gp02_aux64_16k_s42/checkpoints/stage2_step16000.pt  (step=16000  val=0.1122)
[diag_probe] learned-route TopK loaded: quotas=[232, 24, 0]
[diag_probe] loaded stage2 weights from /scratch/bbg25/runs/libri_advlearn_hardqfreeze4000_gn0002_dann6800_gp02_aux64_16k_s42/checkpoints/stage2_step16000.pt

[diag_probe] speakers=251  pr_vocab=74  asr_vocab=n/a  D=1280  K=5120
[diag_probe] PR: skipped
[diag_probe] ASR: skipped
[diag_probe] SID: closed-set utterance split (val/test held out); probe arch=linear
[diag_probe] reported metric = TEST (val shown in parentheses)

  training probe: z_t -> SID ...
[dis_data] g2p_en loaded for OOV words
      [sid z_t] step 250/5000  train loss=5.335 acc=0.125  dev loss=5.102 acc=0.076  (best 0.076, bad 0/10)
      [sid z_t] step 500/5000  train loss=3.179 acc=0.312  dev loss=3.334 acc=0.316  (best 0.316, bad 0/10)
      [sid z_t] step 750/5000  train loss=1.307 acc=0.688  dev loss=1.364 acc=0.664  (best 0.664, bad 0/10)
      [sid z_t] step 1000/5000  train loss=0.623 acc=0.875  dev loss=0.615 acc=0.852  (best 0.852, bad 0/10)
      [sid z_t] step 1250/5000  train loss=0.097 acc=1.000  dev loss=0.473 acc=0.870  (best 0.870, bad 0/10)
      [sid z_t] step 1500/5000  train loss=0.096 acc=1.000  dev loss=0.281 acc=0.920  (best 0.920, bad 0/10)
      [sid z_t] step 1750/5000  train loss=0.270 acc=0.938  dev loss=0.184 acc=0.948  (best 0.948, bad 0/10)
      [sid z_t] step 2000/5000  train loss=0.042 acc=1.000  dev loss=0.187 acc=0.950  (best 0.950, bad 0/10)
      [sid z_t] step 2250/5000  train loss=0.410 acc=0.938  dev loss=0.096 acc=0.972  (best 0.972, bad 0/10)
      [sid z_t] step 2500/5000  train loss=0.015 acc=1.000  dev loss=0.081 acc=0.980  (best 0.980, bad 0/10)
      [sid z_t] step 2750/5000  train loss=0.093 acc=0.938  dev loss=0.092 acc=0.974  (best 0.980, bad 1/10)
      [sid z_t] step 3000/5000  train loss=0.325 acc=0.938  dev loss=0.032 acc=0.994  (best 0.994, bad 0/10)
      [sid z_t] step 3250/5000  train loss=0.003 acc=1.000  dev loss=0.021 acc=0.996  (best 0.996, bad 0/10)
      [sid z_t] step 3500/5000  train loss=0.001 acc=1.000  dev loss=0.012 acc=0.996  (best 0.996, bad 1/10)
      [sid z_t] step 3750/5000  train loss=0.001 acc=1.000  dev loss=0.002 acc=1.000  (best 1.000, bad 0/10)
      [sid z_t] step 4000/5000  train loss=0.006 acc=1.000  dev loss=0.003 acc=1.000  (best 1.000, bad 1/10)
      [sid z_t] step 4250/5000  train loss=0.001 acc=1.000  dev loss=0.010 acc=0.996  (best 1.000, bad 2/10)
      [sid z_t] step 4500/5000  train loss=0.000 acc=1.000  dev loss=0.002 acc=1.000  (best 1.000, bad 3/10)
      [sid z_t] step 4750/5000  train loss=0.000 acc=1.000  dev loss=0.002 acc=1.000  (best 1.000, bad 4/10)
      [sid z_t] step 5000/5000  train loss=0.000 acc=1.000  dev loss=0.002 acc=1.000  (best 1.000, bad 5/10)
    z_t -> SID              acc test=1.000  (val 1.000)
  training probe: z_L -> SID ...
      [sid z_L] step 250/5000  train loss=6.216 acc=0.000  dev loss=6.799 acc=0.012  (best 0.012, bad 0/10)
      [sid z_L] step 500/5000  train loss=6.934 acc=0.000  dev loss=7.015 acc=0.006  (best 0.012, bad 1/10)
      [sid z_L] step 750/5000  train loss=6.994 acc=0.000  dev loss=6.226 acc=0.006  (best 0.012, bad 2/10)
      [sid z_L] step 1000/5000  train loss=6.474 acc=0.000  dev loss=6.387 acc=0.006  (best 0.012, bad 3/10)
      [sid z_L] step 1250/5000  train loss=6.175 acc=0.000  dev loss=6.355 acc=0.004  (best 0.012, bad 4/10)
      [sid z_L] step 1500/5000  train loss=6.064 acc=0.062  dev loss=6.092 acc=0.016  (best 0.016, bad 0/10)
      [sid z_L] step 1750/5000  train loss=6.461 acc=0.000  dev loss=5.971 acc=0.002  (best 0.016, bad 1/10)
      [sid z_L] step 2000/5000  train loss=6.101 acc=0.000  dev loss=6.006 acc=0.012  (best 0.016, bad 2/10)
      [sid z_L] step 2250/5000  train loss=5.927 acc=0.000  dev loss=5.738 acc=0.014  (best 0.016, bad 3/10)
      [sid z_L] step 2500/5000  train loss=5.037 acc=0.000  dev loss=5.585 acc=0.018  (best 0.018, bad 0/10)
      [sid z_L] step 2750/5000  train loss=5.841 acc=0.000  dev loss=5.570 acc=0.016  (best 0.018, bad 1/10)
      [sid z_L] step 3000/5000  train loss=5.763 acc=0.000  dev loss=5.495 acc=0.016  (best 0.018, bad 2/10)
      [sid z_L] step 3250/5000  train loss=5.236 acc=0.000  dev loss=5.447 acc=0.026  (best 0.026, bad 0/10)
      [sid z_L] step 3500/5000  train loss=4.985 acc=0.062  dev loss=5.352 acc=0.008  (best 0.026, bad 1/10)
      [sid z_L] step 3750/5000  train loss=5.461 acc=0.000  dev loss=5.209 acc=0.012  (best 0.026, bad 2/10)
      [sid z_L] step 4000/5000  train loss=5.460 acc=0.000  dev loss=5.163 acc=0.042  (best 0.042, bad 0/10)
      [sid z_L] step 4250/5000  train loss=5.069 acc=0.000  dev loss=5.155 acc=0.022  (best 0.042, bad 1/10)
      [sid z_L] step 4500/5000  train loss=4.945 acc=0.000  dev loss=5.056 acc=0.024  (best 0.042, bad 2/10)
      [sid z_L] step 4750/5000  train loss=4.815 acc=0.062  dev loss=4.948 acc=0.064  (best 0.064, bad 0/10)
      [sid z_L] step 5000/5000  train loss=5.097 acc=0.062  dev loss=4.919 acc=0.070  (best 0.070, bad 0/10)
    z_L -> SID              acc test=0.084  (val 0.070)
  training probe: z_P -> SID ...
      [sid z_P] step 250/5000  train loss=1.290 acc=0.875  dev loss=1.584 acc=0.826  (best 0.826, bad 0/10)
      [sid z_P] step 500/5000  train loss=0.167 acc=1.000  dev loss=0.168 acc=0.990  (best 0.990, bad 0/10)
      [sid z_P] step 750/5000  train loss=0.046 acc=1.000  dev loss=0.049 acc=1.000  (best 1.000, bad 0/10)
      [sid z_P] step 1000/5000  train loss=0.022 acc=1.000  dev loss=0.031 acc=0.998  (best 1.000, bad 1/10)
      [sid z_P] step 1250/5000  train loss=0.013 acc=1.000  dev loss=0.018 acc=1.000  (best 1.000, bad 2/10)
      [sid z_P] step 1500/5000  train loss=0.006 acc=1.000  dev loss=0.014 acc=1.000  (best 1.000, bad 3/10)
      [sid z_P] step 1750/5000  train loss=0.011 acc=1.000  dev loss=0.012 acc=1.000  (best 1.000, bad 4/10)
      [sid z_P] step 2000/5000  train loss=0.005 acc=1.000  dev loss=0.010 acc=1.000  (best 1.000, bad 5/10)
      [sid z_P] step 2250/5000  train loss=0.002 acc=1.000  dev loss=0.007 acc=1.000  (best 1.000, bad 6/10)
      [sid z_P] step 2500/5000  train loss=0.002 acc=1.000  dev loss=0.006 acc=1.000  (best 1.000, bad 7/10)
      [sid z_P] step 2750/5000  train loss=0.003 acc=1.000  dev loss=0.006 acc=1.000  (best 1.000, bad 8/10)
      [sid z_P] step 3000/5000  train loss=0.009 acc=1.000  dev loss=0.005 acc=1.000  (best 1.000, bad 9/10)
      [sid z_P] step 3250/5000  train loss=0.002 acc=1.000  dev loss=0.005 acc=1.000  (best 1.000, bad 10/10)
    z_P -> SID              acc test=0.996  (val 1.000)

==================================================================
  DIAGNOSTIC PROBE RESULTS - diag_libri_advlearn_hardqfreeze4000_gn0002_dann6800_gp02_aux64_16k_s42_sid_linear_seed42
==================================================================
  Source       PR (PER↓)    SID (acc↑)
  --------  ------------  ------------
  z_t                nan         1.000
  z_L                nan         0.084
  z_P                nan         0.996
==================================================================

