=== Stage 2: combined ===
Job ID     : 29981427
Node       : gpu-q-38
GPU        : NVIDIA A100-SXM4-80GB
Started    : Wed Jun  3 05:42:36 BST 2026
α=0.02  β=0.03  grl=0.01  ρ=0.001  grl_delay=0
=== Disentanglement  stage=2
=== device=cuda  bf16=True
=== K=5120  topk=256  D=1280
=== steps=8000  α=0.02  β=0.03  grl=0.01  ρ=0.001
[dis_data] loaded lexicon: 200,000 entries
[dis_data] loading train-clean-100 …
[dis_data]  251 speakers
[dis_data]  train=28039  val=500  vocab=41  speakers=251
[train] WARNING: unexpected missing SAE keys: ['pr_grl_head.fc.weight', 'pr_grl_head.fc.bias']
[train] loaded 3 SAE tensors from /rds/user/bbg25/hpc-work/Thesis/Final-Proj/Disentanglement/checkpoints/best.pt  (step=6000  val=0.0049)
[stage 2] frozen=596,973,362  trainable=16,204,616  device=cuda
[stage 2] speakers=251  vocab=41
[stage 2] α=0.02  β=0.03  grl=0.01  ρ=0.001  grl_p=0.01  ub=0.01  ste=True
[stage 2] steps=8000  batch=16
[dis_data] g2p_en loaded for OOV words
  step      1/8000  recon=0.0074  pr=14.6564  sid=5.5215  grl=5.5156  grl_p=14.6815  ub=0.6696  L/P/U=5120/0/0  actL/P/U=256/0/0  H=1.099  lr=6.00e-08
  step    100/8000  recon=0.0068  pr=14.1924  sid=5.5234  grl=5.5215  grl_p=14.2623  ub=0.6615  L/P/U=2222/179/2719  actL/P/U=111/7/138  H=1.099  lr=6.00e-06
  step    200/8000  recon=0.0060  pr=13.0115  sid=5.5391  grl=5.5215  grl_p=13.3121  ub=0.6657  L/P/U=2180/378/2562  actL/P/U=111/16/130  H=1.099  lr=1.20e-05
  step    300/8000  recon=0.0057  pr=8.6985  sid=5.5254  grl=5.5020  grl_p=9.3779  ub=0.6697  L/P/U=2168/746/2206  actL/P/U=118/30/108  H=1.099  lr=1.80e-05
  step    400/8000  recon=0.0057  pr=5.3870  sid=5.5059  grl=5.4648  grl_p=5.8564  ub=0.6722  L/P/U=2466/1125/1529  actL/P/U=149/38/68  H=1.099  lr=2.40e-05
  [grad_norms @500]
    recon             |g|=0.00238  ratio=1.000x recon
    pr_raw            |g|=6.25444  ratio=2623.483x recon
    pr_weighted       |g|=0.12509  ratio=52.470x recon
    sid_raw           |g|=0.12197  ratio=51.164x recon
    sid_weighted      |g|=0.00366  ratio=1.535x recon
    grl               |g|=0.00068  ratio=0.286x recon
    grl_p             |g|=0.02793  ratio=11.716x recon
    route             |g|=0.00000  ratio=0.000x recon
  step    500/8000  recon=0.0057  pr=3.7725  sid=5.4844  grl=5.4590  grl_p=3.8922  ub=0.6678  L/P/U=3311/934/875  actL/P/U=197/25/34  H=1.099  lr=3.00e-05
  step    600/8000  recon=0.0058  pr=3.4534  sid=5.5098  grl=5.4648  grl_p=3.4415  ub=0.6761  L/P/U=3636/778/706  actL/P/U=211/19/25  H=1.099  lr=3.00e-05
  step    700/8000  recon=0.0057  pr=3.2344  sid=5.4688  grl=5.3613  grl_p=3.2817  ub=0.6673  L/P/U=3844/674/602  actL/P/U=220/16/21  H=1.099  lr=2.99e-05
  step    800/8000  recon=0.0056  pr=2.9356  sid=5.4199  grl=5.3379  grl_p=3.0177  ub=0.6657  L/P/U=4043/572/505  actL/P/U=228/12/16  H=1.099  lr=2.99e-05
  step    900/8000  recon=0.0058  pr=2.6835  sid=5.4688  grl=5.4355  grl_p=2.6997  ub=0.6632  L/P/U=4295/458/367  actL/P/U=234/10/12  H=1.099  lr=2.98e-05
  [grad_norms @1000]
    recon             |g|=0.00271  ratio=1.000x recon
    pr_raw            |g|=0.99729  ratio=368.668x recon
    pr_weighted       |g|=0.01995  ratio=7.373x recon
    sid_raw           |g|=0.31655  ratio=117.021x recon
    sid_weighted      |g|=0.00950  ratio=3.511x recon
    grl               |g|=0.00270  ratio=0.998x recon
    grl_p             |g|=0.00355  ratio=1.313x recon
    route             |g|=0.00000  ratio=0.000x recon
  step   1000/8000  recon=0.0058  pr=2.3417  sid=5.3262  grl=5.2402  grl_p=2.3979  ub=0.6618  L/P/U=4525/337/258  actL/P/U=241/7/8  H=1.099  lr=2.97e-05
  [val] step=1000  recon=0.0085  pr=6.3041  PER=0.994  sid_acc=0.024
  ✓ best checkpoint (val_recon=0.0085) → /rds/user/bbg25/hpc-work/Thesis/Final-Proj/Disentanglement/checkpoints/combined/stage2_best.pt
  step   1100/8000  recon=0.0058  pr=2.1069  sid=5.3613  grl=5.2949  grl_p=2.2559  ub=0.6645  L/P/U=4732/240/148  actL/P/U=247/5/4  H=1.099  lr=2.95e-05
  step   1200/8000  recon=0.0058  pr=1.8866  sid=5.3887  grl=5.3242  grl_p=1.9608  ub=0.6620  L/P/U=4857/172/91  actL/P/U=251/3/3  H=1.099  lr=2.94e-05
  step   1300/8000  recon=0.0059  pr=1.6948  sid=5.3340  grl=5.2949  grl_p=1.7283  ub=0.6568  L/P/U=4937/129/54  actL/P/U=252/2/1  H=1.099  lr=2.92e-05
  step   1400/8000  recon=0.0060  pr=1.4553  sid=5.2480  grl=5.2266  grl_p=1.4660  ub=0.6710  L/P/U=4968/114/38  actL/P/U=253/2/1  H=1.099  lr=2.90e-05
  [grad_norms @1500]
    recon             |g|=0.00284  ratio=1.000x recon
    pr_raw            |g|=0.86520  ratio=304.737x recon
    pr_weighted       |g|=0.01730  ratio=6.095x recon
    sid_raw           |g|=0.48951  ratio=172.414x recon
    sid_weighted      |g|=0.01469  ratio=5.172x recon
    grl               |g|=0.00297  ratio=1.046x recon
    grl_p             |g|=0.00551  ratio=1.942x recon
    route             |g|=0.00000  ratio=0.000x recon
  step   1500/8000  recon=0.0060  pr=1.4450  sid=5.1680  grl=5.1680  grl_p=1.4733  ub=0.6638  L/P/U=4989/110/21  actL/P/U=254/2/1  H=1.099  lr=2.87e-05
  step   1600/8000  recon=0.0060  pr=1.3571  sid=5.1934  grl=5.2090  grl_p=1.4020  ub=0.6695  L/P/U=4995/113/12  actL/P/U=254/2/0  H=1.099  lr=2.85e-05
  step   1700/8000  recon=0.0059  pr=1.1692  sid=5.0820  grl=5.0957  grl_p=1.2124  ub=0.6682  L/P/U=4997/117/6  actL/P/U=254/2/0  H=1.099  lr=2.82e-05
  step   1800/8000  recon=0.0061  pr=1.1627  sid=4.8223  grl=5.0176  grl_p=1.1700  ub=0.6600  L/P/U=4971/145/4  actL/P/U=253/3/0  H=1.099  lr=2.79e-05
  step   1900/8000  recon=0.0062  pr=1.0648  sid=4.8262  grl=5.0312  grl_p=1.0722  ub=0.6778  L/P/U=4945/173/2  actL/P/U=253/3/0  H=1.099  lr=2.76e-05
  [grad_norms @2000]
    recon             |g|=0.00309  ratio=1.000x recon
    pr_raw            |g|=0.92477  ratio=299.392x recon
    pr_weighted       |g|=0.01850  ratio=5.988x recon
    sid_raw           |g|=1.22124  ratio=395.370x recon
    sid_weighted      |g|=0.03664  ratio=11.861x recon
    grl               |g|=0.00544  ratio=1.760x recon
    grl_p             |g|=0.00211  ratio=0.684x recon
    route             |g|=0.00000  ratio=0.000x recon
  step   2000/8000  recon=0.0060  pr=1.0209  sid=4.6426  grl=4.9629  grl_p=1.0542  ub=0.6617  L/P/U=4917/203/0  actL/P/U=252/4/0  H=1.099  lr=2.72e-05
  [val] step=2000  recon=0.0086  pr=1.7448  PER=0.450  sid_acc=0.034
  step   2100/8000  recon=0.0061  pr=0.9694  sid=4.5488  grl=4.9160  grl_p=1.0222  ub=0.6816  L/P/U=4876/244/0  actL/P/U=251/5/0  H=1.099  lr=2.69e-05
  step   2200/8000  recon=0.0062  pr=0.9606  sid=4.3877  grl=4.8457  grl_p=0.9683  ub=0.6697  L/P/U=4839/281/0  actL/P/U=250/6/0  H=1.099  lr=2.65e-05
  step   2300/8000  recon=0.0062  pr=0.9205  sid=4.4951  grl=4.9668  grl_p=0.9061  ub=0.6663  L/P/U=4796/324/0  actL/P/U=249/7/0  H=1.099  lr=2.61e-05
  step   2400/8000  recon=0.0061  pr=0.9288  sid=4.2998  grl=4.9102  grl_p=0.9346  ub=0.6706  L/P/U=4753/367/0  actL/P/U=247/9/0  H=1.099  lr=2.56e-05
  [grad_norms @2500]
    recon             |g|=0.00325  ratio=1.000x recon
    pr_raw            |g|=0.79500  ratio=244.394x recon
    pr_weighted       |g|=0.01590  ratio=4.888x recon
    sid_raw           |g|=1.88753  ratio=580.252x recon
    sid_weighted      |g|=0.05663  ratio=17.408x recon
    grl               |g|=0.00628  ratio=1.931x recon
    grl_p             |g|=0.00380  ratio=1.168x recon
    route             |g|=0.00000  ratio=0.000x recon
  step   2500/8000  recon=0.0062  pr=0.8183  sid=4.1328  grl=4.8066  grl_p=0.8254  ub=0.6649  L/P/U=4702/417/1  actL/P/U=246/10/0  H=1.099  lr=2.52e-05
  step   2600/8000  recon=0.0062  pr=0.7740  sid=4.0449  grl=4.7324  grl_p=0.8629  ub=0.6748  L/P/U=4663/456/1  actL/P/U=245/10/0  H=1.099  lr=2.47e-05
  step   2700/8000  recon=0.0062  pr=0.7707  sid=3.9941  grl=4.7754  grl_p=0.7815  ub=0.6707  L/P/U=4618/501/1  actL/P/U=244/12/0  H=1.099  lr=2.43e-05
  step   2800/8000  recon=0.0063  pr=0.7523  sid=4.0146  grl=4.8301  grl_p=0.7716  ub=0.6601  L/P/U=4553/567/0  actL/P/U=242/14/0  H=1.099  lr=2.38e-05
  step   2900/8000  recon=0.0063  pr=0.6622  sid=3.8066  grl=4.7285  grl_p=0.6548  ub=0.6764  L/P/U=4496/624/0  actL/P/U=241/15/0  H=1.099  lr=2.33e-05
  [grad_norms @3000]
    recon             |g|=0.00339  ratio=1.000x recon
    pr_raw            |g|=0.44728  ratio=131.820x recon
    pr_weighted       |g|=0.00895  ratio=2.636x recon
    sid_raw           |g|=2.64578  ratio=779.754x recon
    sid_weighted      |g|=0.07937  ratio=23.393x recon
    grl               |g|=0.01065  ratio=3.139x recon
    grl_p             |g|=0.00437  ratio=1.287x recon
    route             |g|=0.00000  ratio=0.000x recon
  step   3000/8000  recon=0.0064  pr=0.6740  sid=3.5967  grl=4.6270  grl_p=0.6915  ub=0.6762  L/P/U=4446/674/0  actL/P/U=239/17/0  H=1.099  lr=2.28e-05
  [val] step=3000  recon=0.0076  pr=1.0508  PER=0.256  sid_acc=0.130
  ✓ best checkpoint (val_recon=0.0076) → /rds/user/bbg25/hpc-work/Thesis/Final-Proj/Disentanglement/checkpoints/combined/stage2_best.pt
  step   3100/8000  recon=0.0062  pr=0.6823  sid=3.4937  grl=4.5967  grl_p=0.6773  ub=0.6636  L/P/U=4394/726/0  actL/P/U=236/20/0  H=1.099  lr=2.22e-05
  step   3200/8000  recon=0.0062  pr=0.6445  sid=3.6260  grl=4.5312  grl_p=0.7138  ub=0.6607  L/P/U=4326/794/0  actL/P/U=235/21/0  H=1.099  lr=2.17e-05
  step   3300/8000  recon=0.0064  pr=0.6320  sid=3.4268  grl=4.5840  grl_p=0.6714  ub=0.6732  L/P/U=4275/845/0  actL/P/U=234/22/0  H=1.099  lr=2.11e-05
  step   3400/8000  recon=0.0064  pr=0.6258  sid=3.1880  grl=4.5078  grl_p=0.6403  ub=0.6655  L/P/U=4221/899/0  actL/P/U=232/24/0  H=1.099  lr=2.06e-05
  [grad_norms @3500]
    recon             |g|=0.00347  ratio=1.000x recon
    pr_raw            |g|=0.39703  ratio=114.508x recon
    pr_weighted       |g|=0.00794  ratio=2.290x recon
    sid_raw           |g|=5.18703  ratio=1495.987x recon
    sid_weighted      |g|=0.15561  ratio=44.880x recon
    grl               |g|=0.00841  ratio=2.425x recon
    grl_p             |g|=0.00748  ratio=2.159x recon
    route             |g|=0.00000  ratio=0.000x recon
  step   3500/8000  recon=0.0065  pr=0.6920  sid=3.2627  grl=4.5195  grl_p=0.7194  ub=0.6714  L/P/U=4174/946/0  actL/P/U=230/26/0  H=1.099  lr=2.00e-05
  step   3600/8000  recon=0.0064  pr=0.6580  sid=3.1953  grl=4.4092  grl_p=0.6509  ub=0.6755  L/P/U=4126/994/0  actL/P/U=228/28/0  H=1.099  lr=1.94e-05
  step   3700/8000  recon=0.0065  pr=0.6220  sid=3.0283  grl=4.3984  grl_p=0.6468  ub=0.6738  L/P/U=4078/1042/0  actL/P/U=226/30/0  H=1.099  lr=1.88e-05
  step   3800/8000  recon=0.0065  pr=0.6032  sid=2.7461  grl=4.2002  grl_p=0.6500  ub=0.6656  L/P/U=4033/1087/0  actL/P/U=225/31/0  H=1.099  lr=1.82e-05
  step   3900/8000  recon=0.0064  pr=0.5532  sid=2.8184  grl=4.4102  grl_p=0.5624  ub=0.6651  L/P/U=3975/1145/0  actL/P/U=224/32/0  H=1.099  lr=1.76e-05
  [grad_norms @4000]
    recon             |g|=0.00372  ratio=1.000x recon
    pr_raw            |g|=0.34325  ratio=92.315x recon
    pr_weighted       |g|=0.00686  ratio=1.846x recon
    sid_raw           |g|=2.69056  ratio=723.616x recon
    sid_weighted      |g|=0.08072  ratio=21.708x recon
    grl               |g|=0.01118  ratio=3.006x recon
    grl_p             |g|=0.00243  ratio=0.653x recon
    route             |g|=0.00000  ratio=0.000x recon
  step   4000/8000  recon=0.0065  pr=0.6021  sid=2.8618  grl=4.4023  grl_p=0.6112  ub=0.6728  L/P/U=3940/1180/0  actL/P/U=222/34/0  H=1.099  lr=1.70e-05
  [val] step=4000  recon=0.0070  pr=0.8516  PER=0.189  sid_acc=0.196
  ✓ best checkpoint (val_recon=0.0070) → /rds/user/bbg25/hpc-work/Thesis/Final-Proj/Disentanglement/checkpoints/combined/stage2_best.pt
  step   4100/8000  recon=0.0065  pr=0.5565  sid=2.8950  grl=4.4629  grl_p=0.5473  ub=0.6718  L/P/U=3885/1235/0  actL/P/U=221/35/0  H=1.099  lr=1.64e-05
  step   4200/8000  recon=0.0065  pr=0.6148  sid=2.6914  grl=4.2236  grl_p=0.6353  ub=0.6647  L/P/U=3853/1267/0  actL/P/U=219/37/0  H=1.099  lr=1.58e-05
  step   4300/8000  recon=0.0065  pr=0.6241  sid=2.6445  grl=4.1406  grl_p=0.6620  ub=0.6696  L/P/U=3809/1311/0  actL/P/U=218/38/0  H=1.099  lr=1.52e-05
  step   4400/8000  recon=0.0065  pr=0.5515  sid=3.1846  grl=4.4863  grl_p=0.5634  ub=0.6643  L/P/U=3766/1354/0  actL/P/U=216/40/0  H=1.099  lr=1.46e-05
  [grad_norms @4500]
    recon             |g|=0.00387  ratio=1.000x recon
    pr_raw            |g|=0.47901  ratio=123.722x recon
    pr_weighted       |g|=0.00958  ratio=2.474x recon
    sid_raw           |g|=4.38908  ratio=1133.646x recon
    sid_weighted      |g|=0.13167  ratio=34.009x recon
    grl               |g|=0.02019  ratio=5.216x recon
    grl_p             |g|=0.00735  ratio=1.898x recon
    route             |g|=0.00000  ratio=0.000x recon
  step   4500/8000  recon=0.0065  pr=0.5683  sid=2.5999  grl=4.1621  grl_p=0.6091  ub=0.6711  L/P/U=3735/1385/0  actL/P/U=216/40/0  H=1.099  lr=1.40e-05
  step   4600/8000  recon=0.0065  pr=0.5428  sid=2.6489  grl=4.1621  grl_p=0.5495  ub=0.6620  L/P/U=3710/1410/0  actL/P/U=215/41/0  H=1.099  lr=1.34e-05
  step   4700/8000  recon=0.0065  pr=0.5612  sid=2.7256  grl=4.2549  grl_p=0.5191  ub=0.6635  L/P/U=3681/1439/0  actL/P/U=211/45/0  H=1.099  lr=1.28e-05
  step   4800/8000  recon=0.0065  pr=0.5086  sid=2.4854  grl=4.1865  grl_p=0.4943  ub=0.6644  L/P/U=3656/1464/0  actL/P/U=212/44/0  H=1.099  lr=1.22e-05
  step   4900/8000  recon=0.0067  pr=0.5862  sid=2.4236  grl=4.1699  grl_p=0.6105  ub=0.6735  L/P/U=3633/1487/0  actL/P/U=212/44/0  H=1.099  lr=1.16e-05
  [grad_norms @5000]
    recon             |g|=0.00383  ratio=1.000x recon
    pr_raw            |g|=0.36199  ratio=94.442x recon
    pr_weighted       |g|=0.00724  ratio=1.889x recon
    sid_raw           |g|=6.21131  ratio=1620.531x recon
    sid_weighted      |g|=0.18634  ratio=48.616x recon
    grl               |g|=0.01146  ratio=2.991x recon
    grl_p             |g|=0.00735  ratio=1.918x recon
    route             |g|=0.00000  ratio=0.000x recon
  step   5000/8000  recon=0.0065  pr=0.5675  sid=2.6699  grl=4.1133  grl_p=0.6203  ub=0.6578  L/P/U=3602/1518/0  actL/P/U=211/45/0  H=1.099  lr=1.10e-05
  [val] step=5000  recon=0.0069  pr=0.7706  PER=0.167  sid_acc=0.228
  ✓ best checkpoint (val_recon=0.0069) → /rds/user/bbg25/hpc-work/Thesis/Final-Proj/Disentanglement/checkpoints/combined/stage2_best.pt
  step   5100/8000  recon=0.0067  pr=0.5676  sid=1.8347  grl=3.8584  grl_p=0.5748  ub=0.6693  L/P/U=3578/1542/0  actL/P/U=209/47/0  H=1.099  lr=1.04e-05
  step   5200/8000  recon=0.0066  pr=0.6272  sid=2.3345  grl=4.0283  grl_p=0.6465  ub=0.6708  L/P/U=3561/1559/0  actL/P/U=210/46/0  H=1.099  lr=9.88e-06
  step   5300/8000  recon=0.0065  pr=0.5036  sid=2.7161  grl=4.2002  grl_p=0.5396  ub=0.6642  L/P/U=3540/1580/0  actL/P/U=207/49/0  H=1.099  lr=9.33e-06
  step   5400/8000  recon=0.0065  pr=0.5290  sid=2.7173  grl=4.1152  grl_p=0.5275  ub=0.6686  L/P/U=3520/1600/0  actL/P/U=208/48/0  H=1.099  lr=8.78e-06
  [grad_norms @5500]
    recon             |g|=0.00393  ratio=1.000x recon
    pr_raw            |g|=0.99839  ratio=253.966x recon
    pr_weighted       |g|=0.01997  ratio=5.079x recon
    sid_raw           |g|=8.24348  ratio=2096.950x recon
    sid_weighted      |g|=0.24730  ratio=62.908x recon
    grl               |g|=0.01720  ratio=4.376x recon
    grl_p             |g|=0.00538  ratio=1.369x recon
    route             |g|=0.00000  ratio=0.000x recon
  step   5500/8000  recon=0.0066  pr=0.5519  sid=2.2338  grl=3.9951  grl_p=0.5860  ub=0.6654  L/P/U=3498/1622/0  actL/P/U=208/48/0  H=1.099  lr=8.25e-06
  step   5600/8000  recon=0.0066  pr=0.5426  sid=2.3157  grl=3.9834  grl_p=0.5597  ub=0.6750  L/P/U=3489/1631/0  actL/P/U=206/50/0  H=1.099  lr=7.73e-06
  step   5700/8000  recon=0.0067  pr=0.5294  sid=1.8567  grl=3.8291  grl_p=0.5497  ub=0.6682  L/P/U=3483/1637/0  actL/P/U=206/50/0  H=1.099  lr=7.22e-06
  step   5800/8000  recon=0.0066  pr=0.5790  sid=1.9124  grl=3.9131  grl_p=0.5541  ub=0.6618  L/P/U=3473/1647/0  actL/P/U=203/53/0  H=1.099  lr=6.73e-06
  step   5900/8000  recon=0.0066  pr=0.4462  sid=2.1050  grl=3.9785  grl_p=0.4628  ub=0.6719  L/P/U=3458/1662/0  actL/P/U=206/50/0  H=1.099  lr=6.26e-06
  [grad_norms @6000]
    recon             |g|=0.00395  ratio=1.000x recon
    pr_raw            |g|=0.47615  ratio=120.513x recon
    pr_weighted       |g|=0.00952  ratio=2.410x recon
    sid_raw           |g|=2.74079  ratio=693.686x recon
    sid_weighted      |g|=0.08222  ratio=20.811x recon
    grl               |g|=0.01239  ratio=3.136x recon
    grl_p             |g|=0.00244  ratio=0.617x recon
    route             |g|=0.00000  ratio=0.000x recon
  step   6000/8000  recon=0.0067  pr=0.5286  sid=2.2419  grl=4.0732  grl_p=0.5319  ub=0.6610  L/P/U=3447/1673/0  actL/P/U=206/50/0  H=1.099  lr=5.80e-06
  [val] step=6000  recon=0.0069  pr=0.7405  PER=0.157  sid_acc=0.260
  step   6100/8000  recon=0.0066  pr=0.5915  sid=2.3152  grl=4.1367  grl_p=0.5939  ub=0.6632  L/P/U=3439/1681/0  actL/P/U=205/51/0  H=1.099  lr=5.35e-06
  step   6200/8000  recon=0.0066  pr=0.5861  sid=1.8685  grl=3.9541  grl_p=0.5477  ub=0.6647  L/P/U=3428/1692/0  actL/P/U=203/53/0  H=1.099  lr=4.93e-06
  step   6300/8000  recon=0.0066  pr=0.4766  sid=2.0265  grl=4.0352  grl_p=0.4805  ub=0.6731  L/P/U=3421/1699/0  actL/P/U=205/51/0  H=1.099  lr=4.52e-06
  step   6400/8000  recon=0.0066  pr=0.6047  sid=2.1265  grl=3.9824  grl_p=0.6073  ub=0.6678  L/P/U=3411/1709/0  actL/P/U=204/52/0  H=1.099  lr=4.14e-06
  [grad_norms @6500]
    recon             |g|=0.00404  ratio=1.000x recon
    pr_raw            |g|=0.47516  ratio=117.729x recon
    pr_weighted       |g|=0.00950  ratio=2.355x recon
    sid_raw           |g|=3.36899  ratio=834.734x recon
    sid_weighted      |g|=0.10107  ratio=25.042x recon
    grl               |g|=0.02325  ratio=5.761x recon
    grl_p             |g|=0.00342  ratio=0.848x recon
    route             |g|=0.00000  ratio=0.000x recon
  step   6500/8000  recon=0.0068  pr=0.5958  sid=2.0718  grl=4.0645  grl_p=0.5523  ub=0.6573  L/P/U=3407/1713/0  actL/P/U=204/52/0  H=1.099  lr=3.77e-06
  step   6600/8000  recon=0.0067  pr=0.5260  sid=1.9122  grl=3.8682  grl_p=0.4879  ub=0.6673  L/P/U=3403/1717/0  actL/P/U=204/52/0  H=1.099  lr=3.42e-06
  step   6700/8000  recon=0.0067  pr=0.4871  sid=2.2317  grl=4.1963  grl_p=0.4969  ub=0.6698  L/P/U=3399/1721/0  actL/P/U=204/52/0  H=1.099  lr=3.10e-06
  step   6800/8000  recon=0.0067  pr=0.4670  sid=1.9973  grl=3.9805  grl_p=0.4590  ub=0.6628  L/P/U=3396/1724/0  actL/P/U=203/53/0  H=1.099  lr=2.79e-06
  step   6900/8000  recon=0.0068  pr=0.5260  sid=2.2705  grl=3.9854  grl_p=0.5204  ub=0.6712  L/P/U=3395/1725/0  actL/P/U=205/51/0  H=1.099  lr=2.51e-06
  [grad_norms @7000]
    recon             |g|=0.00401  ratio=1.000x recon
    pr_raw            |g|=0.37315  ratio=93.040x recon
    pr_weighted       |g|=0.00746  ratio=1.861x recon
    sid_raw           |g|=6.04189  ratio=1506.471x recon
    sid_weighted      |g|=0.18126  ratio=45.194x recon
    grl               |g|=0.01501  ratio=3.742x recon
    grl_p             |g|=0.00805  ratio=2.006x recon
    route             |g|=0.00000  ratio=0.000x recon
  step   7000/8000  recon=0.0066  pr=0.4983  sid=2.5171  grl=4.1416  grl_p=0.5448  ub=0.6757  L/P/U=3392/1728/0  actL/P/U=205/51/0  H=1.099  lr=2.25e-06
  [val] step=7000  recon=0.0069  pr=0.7257  PER=0.153  sid_acc=0.282
  step   7100/8000  recon=0.0066  pr=0.5303  sid=2.1759  grl=3.8848  grl_p=0.5667  ub=0.6776  L/P/U=3390/1730/0  actL/P/U=202/54/0  H=1.099  lr=2.02e-06
  step   7200/8000  recon=0.0067  pr=0.5228  sid=1.4791  grl=3.6807  grl_p=0.5482  ub=0.6680  L/P/U=3385/1735/0  actL/P/U=200/56/0  H=1.099  lr=1.81e-06
  step   7300/8000  recon=0.0068  pr=0.6307  sid=2.0781  grl=3.9238  grl_p=0.6067  ub=0.6762  L/P/U=3383/1737/0  actL/P/U=204/52/0  H=1.099  lr=1.62e-06
  step   7400/8000  recon=0.0068  pr=0.5040  sid=2.1169  grl=3.9756  grl_p=0.5129  ub=0.6658  L/P/U=3381/1739/0  actL/P/U=204/52/0  H=1.099  lr=1.46e-06
  [grad_norms @7500]
    recon             |g|=0.00395  ratio=1.000x recon
    pr_raw            |g|=0.54050  ratio=136.794x recon
    pr_weighted       |g|=0.01081  ratio=2.736x recon
    sid_raw           |g|=2.34129  ratio=592.550x recon
    sid_weighted      |g|=0.07024  ratio=17.777x recon
    grl               |g|=0.01501  ratio=3.799x recon
    grl_p             |g|=0.00654  ratio=1.654x recon
    route             |g|=0.00000  ratio=0.000x recon
  step   7500/8000  recon=0.0068  pr=0.5388  sid=2.3779  grl=4.1816  grl_p=0.5462  ub=0.6648  L/P/U=3380/1740/0  actL/P/U=203/53/0  H=1.099  lr=1.32e-06
  step   7600/8000  recon=0.0067  pr=0.5887  sid=2.0707  grl=4.0205  grl_p=0.5931  ub=0.6788  L/P/U=3377/1743/0  actL/P/U=202/54/0  H=1.099  lr=1.20e-06
  step   7700/8000  recon=0.0067  pr=0.4902  sid=1.7775  grl=3.9365  grl_p=0.5207  ub=0.6656  L/P/U=3376/1744/0  actL/P/U=202/54/0  H=1.099  lr=1.11e-06
  step   7800/8000  recon=0.0069  pr=0.6131  sid=1.7342  grl=3.9521  grl_p=0.5634  ub=0.6680  L/P/U=3374/1746/0  actL/P/U=202/54/0  H=1.099  lr=1.05e-06
  step   7900/8000  recon=0.0069  pr=0.5530  sid=2.1934  grl=4.0820  grl_p=0.5339  ub=0.6668  L/P/U=3374/1746/0  actL/P/U=202/54/0  H=1.099  lr=1.01e-06
  [grad_norms @8000]
    recon             |g|=0.00404  ratio=1.000x recon
    pr_raw            |g|=0.38011  ratio=94.106x recon
    pr_weighted       |g|=0.00760  ratio=1.882x recon
    sid_raw           |g|=8.32003  ratio=2059.818x recon
    sid_weighted      |g|=0.24960  ratio=61.795x recon
    grl               |g|=0.02526  ratio=6.255x recon
    grl_p             |g|=0.00412  ratio=1.021x recon
    route             |g|=0.00000  ratio=0.000x recon
  step   8000/8000  recon=0.0067  pr=0.5964  sid=1.7417  grl=3.6016  grl_p=0.6314  ub=0.6796  L/P/U=3373/1747/0  actL/P/U=203/53/0  H=1.099  lr=1.00e-06
  [val] step=8000  recon=0.0069  pr=0.7228  PER=0.152  sid_acc=0.278

[stage 2] done.  Best val_recon=0.0069  → /rds/user/bbg25/hpc-work/Thesis/Final-Proj/Disentanglement/checkpoints/combined/stage2_best.pt

[done]  best checkpoint → /rds/user/bbg25/hpc-work/Thesis/Final-Proj/Disentanglement/checkpoints/combined/stage2_best.pt
Finished : Wed Jun  3 06:31:45 BST 2026
