=== Stage 2: dual_weak_ub ===
Job ID     : 29989276
Node       : gpu-q-20
GPU        : NVIDIA A100-SXM4-80GB
Started    : Wed Jun  3 06:21:58 BST 2026
α=0.02  β=0.01  grl=0.01  ρ=0.001  grl_delay=0
=== Disentanglement  stage=2
=== device=cuda  bf16=True
=== K=5120  topk=256  D=1280
=== steps=8000  α=0.02  β=0.01  grl=0.01  ρ=0.001
[dis_data] loaded lexicon: 200,000 entries
[dis_data] loading train-clean-100 …
[dis_data]  251 speakers
[dis_data]  train=28039  val=500  vocab=41  speakers=251
[train] WARNING: unexpected missing SAE keys: ['pr_grl_head.fc.weight', 'pr_grl_head.fc.bias']
[train] loaded 3 SAE tensors from /rds/user/bbg25/hpc-work/Thesis/Final-Proj/Disentanglement/checkpoints/best.pt  (step=6000  val=0.0049)
[stage 2] frozen=596,973,362  trainable=16,204,616  device=cuda
[stage 2] speakers=251  vocab=41
[stage 2] α=0.02  β=0.01  grl=0.01  ρ=0.001  grl_p=0.01  ub=0.01
[stage 2] steps=8000  batch=16
[dis_data] g2p_en loaded for OOV words
  step      1/8000  recon=0.0074  pr=14.6564  sid=5.5215  grl=5.5156  grl_p=14.6815  ub=0.6696  L/P/U=5120/0/0  actL/P/U=256/0/0  H=1.099  lr=6.00e-08
  step    100/8000  recon=0.0068  pr=14.1920  sid=5.5234  grl=5.5215  grl_p=14.2623  ub=0.6615  L/P/U=2605/66/2449  actL/P/U=133/4/120  H=1.099  lr=6.00e-06
  step    200/8000  recon=0.0060  pr=13.0091  sid=5.5391  grl=5.5215  grl_p=13.3116  ub=0.6657  L/P/U=3056/29/2035  actL/P/U=162/2/92  H=1.099  lr=1.20e-05
  step    300/8000  recon=0.0057  pr=8.6898  sid=5.5312  grl=5.5020  grl_p=9.3769  ub=0.6698  L/P/U=3758/0/1362  actL/P/U=204/0/52  H=1.099  lr=1.80e-05
  step    400/8000  recon=0.0057  pr=5.3749  sid=5.5156  grl=5.4648  grl_p=5.8518  ub=0.6723  L/P/U=4486/0/634  actL/P/U=238/0/18  H=1.099  lr=2.40e-05
  [grad_norms @500]
    recon             |g|=0.00239  ratio=1.000x recon
    pr_raw            |g|=6.24846  ratio=2616.367x recon
    pr_weighted       |g|=0.12497  ratio=52.327x recon
    sid_raw           |g|=0.11472  ratio=48.036x recon
    sid_weighted      |g|=0.00115  ratio=0.480x recon
    grl               |g|=0.00068  ratio=0.285x recon
    grl_p             |g|=0.02803  ratio=11.736x recon
    route             |g|=0.00000  ratio=0.000x recon
  step    500/8000  recon=0.0057  pr=3.7694  sid=5.4863  grl=5.4590  grl_p=3.8894  ub=0.6678  L/P/U=4844/0/276  actL/P/U=250/0/6  H=1.099  lr=3.00e-05
  step    600/8000  recon=0.0058  pr=3.4521  sid=5.5137  grl=5.4648  grl_p=3.4408  ub=0.6762  L/P/U=4895/0/225  actL/P/U=252/0/4  H=1.099  lr=3.00e-05
  step    700/8000  recon=0.0057  pr=3.2321  sid=5.4629  grl=5.3613  grl_p=3.2804  ub=0.6673  L/P/U=4888/0/232  actL/P/U=252/0/4  H=1.099  lr=2.99e-05
  step    800/8000  recon=0.0056  pr=2.9320  sid=5.4102  grl=5.3418  grl_p=3.0156  ub=0.6658  L/P/U=4888/0/232  actL/P/U=253/0/3  H=1.099  lr=2.99e-05
  step    900/8000  recon=0.0058  pr=2.6788  sid=5.4824  grl=5.4336  grl_p=2.6972  ub=0.6632  L/P/U=4910/0/210  actL/P/U=253/0/3  H=1.099  lr=2.98e-05
  [grad_norms @1000]
    recon             |g|=0.00271  ratio=1.000x recon
    pr_raw            |g|=0.99374  ratio=366.350x recon
    pr_weighted       |g|=0.01987  ratio=7.327x recon
    sid_raw           |g|=0.33953  ratio=125.171x recon
    sid_weighted      |g|=0.00340  ratio=1.252x recon
    grl               |g|=0.00270  ratio=0.994x recon
    grl_p             |g|=0.00349  ratio=1.285x recon
    route             |g|=0.00000  ratio=0.000x recon
  step   1000/8000  recon=0.0058  pr=2.3358  sid=5.3242  grl=5.2402  grl_p=2.3943  ub=0.6618  L/P/U=4931/0/189  actL/P/U=253/0/3  H=1.099  lr=2.97e-05
  [val] step=1000  recon=0.0092  pr=6.5238  PER=0.992  sid_acc=0.004
  ✓ best checkpoint (val_recon=0.0092) → /rds/user/bbg25/hpc-work/Thesis/Final-Proj/Disentanglement/checkpoints/dual_weak_ub/stage2_best.pt
  step   1100/8000  recon=0.0058  pr=2.1010  sid=5.3691  grl=5.3008  grl_p=2.2523  ub=0.6644  L/P/U=4955/0/165  actL/P/U=254/0/2  H=1.099  lr=2.95e-05
  step   1200/8000  recon=0.0058  pr=1.8804  sid=5.3809  grl=5.3242  grl_p=1.9561  ub=0.6619  L/P/U=4974/0/146  actL/P/U=254/0/2  H=1.099  lr=2.94e-05
  step   1300/8000  recon=0.0059  pr=1.6879  sid=5.3496  grl=5.2969  grl_p=1.7219  ub=0.6567  L/P/U=4978/0/142  actL/P/U=254/0/2  H=1.099  lr=2.92e-05
  step   1400/8000  recon=0.0060  pr=1.4489  sid=5.2695  grl=5.2363  grl_p=1.4606  ub=0.6709  L/P/U=4977/0/143  actL/P/U=254/0/2  H=1.099  lr=2.90e-05
  [grad_norms @1500]
    recon             |g|=0.00284  ratio=1.000x recon
    pr_raw            |g|=0.91609  ratio=322.177x recon
    pr_weighted       |g|=0.01832  ratio=6.444x recon
    sid_raw           |g|=0.41673  ratio=146.557x recon
    sid_weighted      |g|=0.00417  ratio=1.466x recon
    grl               |g|=0.00290  ratio=1.020x recon
    grl_p             |g|=0.00556  ratio=1.955x recon
    route             |g|=0.00000  ratio=0.000x recon
  step   1500/8000  recon=0.0060  pr=1.4382  sid=5.1895  grl=5.1797  grl_p=1.4683  ub=0.6636  L/P/U=4977/0/143  actL/P/U=254/0/2  H=1.099  lr=2.87e-05
  step   1600/8000  recon=0.0060  pr=1.3515  sid=5.2148  grl=5.2188  grl_p=1.3974  ub=0.6693  L/P/U=4975/0/145  actL/P/U=254/0/2  H=1.099  lr=2.85e-05
  step   1700/8000  recon=0.0059  pr=1.1617  sid=5.1250  grl=5.1133  grl_p=1.2071  ub=0.6679  L/P/U=4969/0/151  actL/P/U=254/0/2  H=1.099  lr=2.82e-05
  step   1800/8000  recon=0.0061  pr=1.1562  sid=4.8906  grl=5.0469  grl_p=1.1656  ub=0.6597  L/P/U=4959/0/161  actL/P/U=254/0/2  H=1.099  lr=2.79e-05
  step   1900/8000  recon=0.0062  pr=1.0590  sid=4.9141  grl=5.0625  grl_p=1.0681  ub=0.6775  L/P/U=4950/0/170  actL/P/U=254/0/2  H=1.099  lr=2.76e-05
  [grad_norms @2000]
    recon             |g|=0.00306  ratio=1.000x recon
    pr_raw            |g|=0.89434  ratio=292.459x recon
    pr_weighted       |g|=0.01789  ratio=5.849x recon
    sid_raw           |g|=0.94024  ratio=307.470x recon
    sid_weighted      |g|=0.00940  ratio=3.075x recon
    grl               |g|=0.00488  ratio=1.595x recon
    grl_p             |g|=0.00260  ratio=0.850x recon
    route             |g|=0.00000  ratio=0.000x recon
  step   2000/8000  recon=0.0060  pr=1.0159  sid=4.7646  grl=4.9980  grl_p=1.0496  ub=0.6613  L/P/U=4938/0/182  actL/P/U=254/0/2  H=1.099  lr=2.72e-05
  [val] step=2000  recon=0.0089  pr=1.7344  PER=0.446  sid_acc=0.004
  ✓ best checkpoint (val_recon=0.0089) → /rds/user/bbg25/hpc-work/Thesis/Final-Proj/Disentanglement/checkpoints/dual_weak_ub/stage2_best.pt
  step   2100/8000  recon=0.0061  pr=0.9651  sid=4.7051  grl=4.9570  grl_p=1.0177  ub=0.6811  L/P/U=4930/2/188  actL/P/U=253/0/2  H=1.099  lr=2.69e-05
  step   2200/8000  recon=0.0061  pr=0.9547  sid=4.6016  grl=4.9102  grl_p=0.9637  ub=0.6691  L/P/U=4920/4/196  actL/P/U=253/0/3  H=1.099  lr=2.65e-05
  step   2300/8000  recon=0.0062  pr=0.9150  sid=4.6875  grl=5.0332  grl_p=0.9021  ub=0.6657  L/P/U=4908/7/205  actL/P/U=253/0/3  H=1.099  lr=2.61e-05
  step   2400/8000  recon=0.0061  pr=0.9227  sid=4.5283  grl=4.9922  grl_p=0.9303  ub=0.6700  L/P/U=4894/14/212  actL/P/U=252/1/3  H=1.099  lr=2.56e-05
  [grad_norms @2500]
    recon             |g|=0.00313  ratio=1.000x recon
    pr_raw            |g|=0.72539  ratio=231.904x recon
    pr_weighted       |g|=0.01451  ratio=4.638x recon
    sid_raw           |g|=1.24620  ratio=398.406x recon
    sid_weighted      |g|=0.01246  ratio=3.984x recon
    grl               |g|=0.00570  ratio=1.823x recon
    grl_p             |g|=0.00321  ratio=1.026x recon
    route             |g|=0.00000  ratio=0.000x recon
  step   2500/8000  recon=0.0061  pr=0.8144  sid=4.3994  grl=4.8945  grl_p=0.8249  ub=0.6641  L/P/U=4877/20/223  actL/P/U=252/1/3  H=1.099  lr=2.52e-05
  step   2600/8000  recon=0.0061  pr=0.7695  sid=4.3721  grl=4.8340  grl_p=0.8617  ub=0.6741  L/P/U=4861/28/231  actL/P/U=252/1/3  H=1.099  lr=2.47e-05
  step   2700/8000  recon=0.0062  pr=0.7630  sid=4.2832  grl=4.8809  grl_p=0.7816  ub=0.6699  L/P/U=4843/40/237  actL/P/U=251/2/4  H=1.099  lr=2.43e-05
  step   2800/8000  recon=0.0062  pr=0.7474  sid=4.3311  grl=4.9316  grl_p=0.7674  ub=0.6593  L/P/U=4825/50/245  actL/P/U=251/2/4  H=1.099  lr=2.38e-05
  step   2900/8000  recon=0.0062  pr=0.6569  sid=4.1582  grl=4.8438  grl_p=0.6520  ub=0.6755  L/P/U=4810/59/251  actL/P/U=250/2/4  H=1.099  lr=2.33e-05
  [grad_norms @3000]
    recon             |g|=0.00320  ratio=1.000x recon
    pr_raw            |g|=0.41915  ratio=130.899x recon
    pr_weighted       |g|=0.00838  ratio=2.618x recon
    sid_raw           |g|=2.02187  ratio=631.422x recon
    sid_weighted      |g|=0.02022  ratio=6.314x recon
    grl               |g|=0.00858  ratio=2.680x recon
    grl_p             |g|=0.00433  ratio=1.352x recon
    route             |g|=0.00000  ratio=0.000x recon
  step   3000/8000  recon=0.0063  pr=0.6722  sid=3.9941  grl=4.7617  grl_p=0.6885  ub=0.6753  L/P/U=4776/78/266  actL/P/U=249/3/4  H=1.099  lr=2.28e-05
  [val] step=3000  recon=0.0085  pr=1.0457  PER=0.247  sid_acc=0.062
  ✓ best checkpoint (val_recon=0.0085) → /rds/user/bbg25/hpc-work/Thesis/Final-Proj/Disentanglement/checkpoints/dual_weak_ub/stage2_best.pt
  step   3100/8000  recon=0.0062  pr=0.6766  sid=3.8799  grl=4.7734  grl_p=0.6769  ub=0.6627  L/P/U=4751/96/273  actL/P/U=247/4/4  H=1.099  lr=2.22e-05
  step   3200/8000  recon=0.0062  pr=0.6406  sid=4.0352  grl=4.6934  grl_p=0.7138  ub=0.6597  L/P/U=4713/124/283  actL/P/U=247/5/4  H=1.099  lr=2.17e-05
  step   3300/8000  recon=0.0063  pr=0.6220  sid=3.8770  grl=4.7500  grl_p=0.6692  ub=0.6721  L/P/U=4691/143/286  actL/P/U=246/6/4  H=1.099  lr=2.11e-05
  step   3400/8000  recon=0.0063  pr=0.6224  sid=3.6553  grl=4.7031  grl_p=0.6337  ub=0.6643  L/P/U=4655/175/290  actL/P/U=244/7/5  H=1.099  lr=2.06e-05
  [grad_norms @3500]
    recon             |g|=0.00324  ratio=1.000x recon
    pr_raw            |g|=0.28830  ratio=88.844x recon
    pr_weighted       |g|=0.00577  ratio=1.777x recon
    sid_raw           |g|=3.17696  ratio=979.034x recon
    sid_weighted      |g|=0.03177  ratio=9.790x recon
    grl               |g|=0.00773  ratio=2.382x recon
    grl_p             |g|=0.00682  ratio=2.103x recon
    route             |g|=0.00000  ratio=0.000x recon
  step   3500/8000  recon=0.0064  pr=0.6878  sid=3.6904  grl=4.7070  grl_p=0.7142  ub=0.6702  L/P/U=4622/195/303  actL/P/U=243/8/5  H=1.099  lr=2.00e-05
  step   3600/8000  recon=0.0063  pr=0.6491  sid=3.7158  grl=4.6230  grl_p=0.6466  ub=0.6744  L/P/U=4597/218/305  actL/P/U=241/10/5  H=1.099  lr=1.94e-05
  step   3700/8000  recon=0.0065  pr=0.6162  sid=3.5430  grl=4.6094  grl_p=0.6437  ub=0.6726  L/P/U=4565/249/306  actL/P/U=240/11/5  H=1.099  lr=1.88e-05
  step   3800/8000  recon=0.0064  pr=0.5968  sid=3.3008  grl=4.4561  grl_p=0.6455  ub=0.6644  L/P/U=4530/283/307  actL/P/U=238/13/5  H=1.099  lr=1.82e-05
  step   3900/8000  recon=0.0063  pr=0.5442  sid=3.3711  grl=4.6270  grl_p=0.5576  ub=0.6638  L/P/U=4504/310/306  actL/P/U=237/14/5  H=1.099  lr=1.76e-05
  [grad_norms @4000]
    recon             |g|=0.00340  ratio=1.000x recon
    pr_raw            |g|=0.42739  ratio=125.795x recon
    pr_weighted       |g|=0.00855  ratio=2.516x recon
    sid_raw           |g|=2.29318  ratio=674.949x recon
    sid_weighted      |g|=0.02293  ratio=6.749x recon
    grl               |g|=0.00982  ratio=2.889x recon
    grl_p             |g|=0.00222  ratio=0.653x recon
    route             |g|=0.00000  ratio=0.000x recon
  step   4000/8000  recon=0.0064  pr=0.5958  sid=3.3579  grl=4.6465  grl_p=0.6035  ub=0.6715  L/P/U=4469/341/310  actL/P/U=235/16/5  H=1.099  lr=1.70e-05
  [val] step=4000  recon=0.0079  pr=0.8238  PER=0.168  sid_acc=0.060
  ✓ best checkpoint (val_recon=0.0079) → /rds/user/bbg25/hpc-work/Thesis/Final-Proj/Disentanglement/checkpoints/dual_weak_ub/stage2_best.pt
  step   4100/8000  recon=0.0064  pr=0.5453  sid=3.4141  grl=4.6895  grl_p=0.5402  ub=0.6706  L/P/U=4443/365/312  actL/P/U=235/16/5  H=1.099  lr=1.64e-05
  step   4200/8000  recon=0.0065  pr=0.6046  sid=3.2686  grl=4.4961  grl_p=0.6279  ub=0.6634  L/P/U=4419/384/317  actL/P/U=233/17/5  H=1.099  lr=1.58e-05
  step   4300/8000  recon=0.0065  pr=0.6105  sid=3.1846  grl=4.4131  grl_p=0.6536  ub=0.6683  L/P/U=4392/406/322  actL/P/U=231/19/6  H=1.099  lr=1.52e-05
  step   4400/8000  recon=0.0065  pr=0.5442  sid=3.7021  grl=4.7070  grl_p=0.5586  ub=0.6629  L/P/U=4359/435/326  actL/P/U=229/22/6  H=1.099  lr=1.46e-05
  [grad_norms @4500]
    recon             |g|=0.00351  ratio=1.000x recon
    pr_raw            |g|=0.40558  ratio=115.548x recon
    pr_weighted       |g|=0.00811  ratio=2.311x recon
    sid_raw           |g|=3.43905  ratio=979.760x recon
    sid_weighted      |g|=0.03439  ratio=9.798x recon
    grl               |g|=0.01442  ratio=4.107x recon
    grl_p             |g|=0.00673  ratio=1.917x recon
    route             |g|=0.00000  ratio=0.000x recon
  step   4500/8000  recon=0.0064  pr=0.5582  sid=3.1914  grl=4.4473  grl_p=0.6012  ub=0.6698  L/P/U=4340/453/327  actL/P/U=229/22/6  H=1.099  lr=1.40e-05
  step   4600/8000  recon=0.0065  pr=0.5280  sid=3.2188  grl=4.4375  grl_p=0.5388  ub=0.6605  L/P/U=4306/480/334  actL/P/U=229/22/6  H=1.099  lr=1.34e-05
  step   4700/8000  recon=0.0064  pr=0.5437  sid=3.2378  grl=4.5254  grl_p=0.5105  ub=0.6620  L/P/U=4288/493/339  actL/P/U=222/28/6  H=1.099  lr=1.28e-05
  step   4800/8000  recon=0.0064  pr=0.4982  sid=3.1523  grl=4.4844  grl_p=0.4915  ub=0.6629  L/P/U=4269/505/346  actL/P/U=224/25/6  H=1.099  lr=1.22e-05
  step   4900/8000  recon=0.0066  pr=0.5717  sid=2.9297  grl=4.4658  grl_p=0.5982  ub=0.6720  L/P/U=4256/518/346  actL/P/U=225/25/6  H=1.099  lr=1.16e-05
  [grad_norms @5000]
    recon             |g|=0.00346  ratio=1.000x recon
    pr_raw            |g|=0.36739  ratio=106.137x recon
    pr_weighted       |g|=0.00735  ratio=2.123x recon
    sid_raw           |g|=4.96570  ratio=1434.550x recon
    sid_weighted      |g|=0.04966  ratio=14.346x recon
    grl               |g|=0.00940  ratio=2.715x recon
    grl_p             |g|=0.00825  ratio=2.383x recon
    route             |g|=0.00000  ratio=0.000x recon
  step   5000/8000  recon=0.0064  pr=0.5513  sid=3.2539  grl=4.4150  grl_p=0.6059  ub=0.6564  L/P/U=4239/536/345  actL/P/U=225/25/6  H=1.099  lr=1.10e-05
  [val] step=5000  recon=0.0078  pr=0.7392  PER=0.137  sid_acc=0.062
  ✓ best checkpoint (val_recon=0.0078) → /rds/user/bbg25/hpc-work/Thesis/Final-Proj/Disentanglement/checkpoints/dual_weak_ub/stage2_best.pt
  step   5100/8000  recon=0.0066  pr=0.5566  sid=2.4419  grl=4.2383  grl_p=0.5645  ub=0.6679  L/P/U=4225/549/346  actL/P/U=223/26/6  H=1.099  lr=1.04e-05
  step   5200/8000  recon=0.0065  pr=0.6073  sid=2.8467  grl=4.3633  grl_p=0.6373  ub=0.6693  L/P/U=4209/563/348  actL/P/U=224/26/6  H=1.099  lr=9.88e-06
  step   5300/8000  recon=0.0064  pr=0.4895  sid=3.2483  grl=4.5010  grl_p=0.5303  ub=0.6627  L/P/U=4196/573/351  actL/P/U=220/29/6  H=1.099  lr=9.33e-06
  step   5400/8000  recon=0.0065  pr=0.5162  sid=3.2109  grl=4.4199  grl_p=0.5160  ub=0.6671  L/P/U=4180/587/353  actL/P/U=220/29/6  H=1.099  lr=8.78e-06
  [grad_norms @5500]
    recon             |g|=0.00357  ratio=1.000x recon
    pr_raw            |g|=1.11526  ratio=312.608x recon
    pr_weighted       |g|=0.02231  ratio=6.252x recon
    sid_raw           |g|=6.46238  ratio=1811.409x recon
    sid_weighted      |g|=0.06462  ratio=18.114x recon
    grl               |g|=0.01355  ratio=3.798x recon
    grl_p             |g|=0.00531  ratio=1.489x recon
    route             |g|=0.00000  ratio=0.000x recon
  step   5500/8000  recon=0.0065  pr=0.5389  sid=2.8201  grl=4.3096  grl_p=0.5744  ub=0.6639  L/P/U=4167/596/357  actL/P/U=223/27/6  H=1.099  lr=8.25e-06
  step   5600/8000  recon=0.0066  pr=0.5242  sid=2.8696  grl=4.3330  grl_p=0.5524  ub=0.6736  L/P/U=4155/603/362  actL/P/U=219/30/7  H=1.099  lr=7.73e-06
  step   5700/8000  recon=0.0066  pr=0.5170  sid=2.4414  grl=4.1992  grl_p=0.5366  ub=0.6667  L/P/U=4142/614/364  actL/P/U=219/30/7  H=1.099  lr=7.22e-06
  step   5800/8000  recon=0.0065  pr=0.5592  sid=2.4712  grl=4.2686  grl_p=0.5473  ub=0.6602  L/P/U=4133/619/368  actL/P/U=216/33/7  H=1.099  lr=6.73e-06
  step   5900/8000  recon=0.0065  pr=0.4312  sid=2.7373  grl=4.3184  grl_p=0.4522  ub=0.6703  L/P/U=4122/628/370  actL/P/U=220/29/6  H=1.099  lr=6.26e-06
  [grad_norms @6000]
    recon             |g|=0.00353  ratio=1.000x recon
    pr_raw            |g|=0.57788  ratio=163.647x recon
    pr_weighted       |g|=0.01156  ratio=3.273x recon
    sid_raw           |g|=2.65094  ratio=750.701x recon
    sid_weighted      |g|=0.02651  ratio=7.507x recon
    grl               |g|=0.01056  ratio=2.991x recon
    grl_p             |g|=0.00238  ratio=0.675x recon
    route             |g|=0.00000  ratio=0.000x recon
  step   6000/8000  recon=0.0066  pr=0.5125  sid=2.8750  grl=4.3955  grl_p=0.5269  ub=0.6595  L/P/U=4111/637/372  actL/P/U=218/31/7  H=1.099  lr=5.80e-06
  [val] step=6000  recon=0.0077  pr=0.7002  PER=0.125  sid_acc=0.066
  ✓ best checkpoint (val_recon=0.0077) → /rds/user/bbg25/hpc-work/Thesis/Final-Proj/Disentanglement/checkpoints/dual_weak_ub/stage2_best.pt
  step   6100/8000  recon=0.0065  pr=0.5694  sid=2.8298  grl=4.4570  grl_p=0.5819  ub=0.6617  L/P/U=4104/646/370  actL/P/U=219/31/7  H=1.099  lr=5.35e-06
  step   6200/8000  recon=0.0065  pr=0.5693  sid=2.5002  grl=4.3086  grl_p=0.5333  ub=0.6632  L/P/U=4100/652/368  actL/P/U=216/34/7  H=1.099  lr=4.93e-06
  step   6300/8000  recon=0.0065  pr=0.4627  sid=2.6545  grl=4.3828  grl_p=0.4693  ub=0.6715  L/P/U=4089/660/371  actL/P/U=219/31/7  H=1.099  lr=4.52e-06
  step   6400/8000  recon=0.0065  pr=0.5867  sid=2.8057  grl=4.3301  grl_p=0.5938  ub=0.6662  L/P/U=4086/664/370  actL/P/U=219/31/7  H=1.099  lr=4.14e-06
  [grad_norms @6500]
    recon             |g|=0.00360  ratio=1.000x recon
    pr_raw            |g|=0.51010  ratio=141.559x recon
    pr_weighted       |g|=0.01020  ratio=2.831x recon
    sid_raw           |g|=3.21294  ratio=891.636x recon
    sid_weighted      |g|=0.03213  ratio=8.916x recon
    grl               |g|=0.01683  ratio=4.672x recon
    grl_p             |g|=0.00351  ratio=0.973x recon
    route             |g|=0.00000  ratio=0.000x recon
  step   6500/8000  recon=0.0067  pr=0.5795  sid=2.6680  grl=4.3994  grl_p=0.5381  ub=0.6558  L/P/U=4082/668/370  actL/P/U=217/32/7  H=1.099  lr=3.77e-06
  step   6600/8000  recon=0.0066  pr=0.5029  sid=2.5508  grl=4.2354  grl_p=0.4762  ub=0.6656  L/P/U=4081/669/370  actL/P/U=217/32/7  H=1.099  lr=3.42e-06
  step   6700/8000  recon=0.0067  pr=0.4700  sid=2.8745  grl=4.4961  grl_p=0.4829  ub=0.6683  L/P/U=4079/670/371  actL/P/U=217/32/7  H=1.099  lr=3.10e-06
  step   6800/8000  recon=0.0066  pr=0.4531  sid=2.6272  grl=4.3301  grl_p=0.4501  ub=0.6612  L/P/U=4076/672/372  actL/P/U=218/32/7  H=1.099  lr=2.79e-06
  step   6900/8000  recon=0.0067  pr=0.5108  sid=2.8594  grl=4.3262  grl_p=0.5050  ub=0.6695  L/P/U=4073/673/374  actL/P/U=218/31/7  H=1.099  lr=2.51e-06
  [grad_norms @7000]
    recon             |g|=0.00359  ratio=1.000x recon
    pr_raw            |g|=0.34821  ratio=96.887x recon
    pr_weighted       |g|=0.00696  ratio=1.938x recon
    sid_raw           |g|=4.97581  ratio=1384.486x recon
    sid_weighted      |g|=0.04976  ratio=13.845x recon
    grl               |g|=0.01273  ratio=3.541x recon
    grl_p             |g|=0.00835  ratio=2.323x recon
    route             |g|=0.00000  ratio=0.000x recon
  step   7000/8000  recon=0.0065  pr=0.4840  sid=3.0972  grl=4.4492  grl_p=0.5311  ub=0.6741  L/P/U=4068/676/376  actL/P/U=217/32/7  H=1.099  lr=2.25e-06
  [val] step=7000  recon=0.0077  pr=0.6883  PER=0.120  sid_acc=0.072
  ✓ best checkpoint (val_recon=0.0077) → /rds/user/bbg25/hpc-work/Thesis/Final-Proj/Disentanglement/checkpoints/dual_weak_ub/stage2_best.pt
  step   7100/8000  recon=0.0065  pr=0.5150  sid=2.7268  grl=4.2588  grl_p=0.5505  ub=0.6760  L/P/U=4064/680/376  actL/P/U=214/35/7  H=1.099  lr=2.02e-06
  step   7200/8000  recon=0.0066  pr=0.5029  sid=2.0740  grl=4.0947  grl_p=0.5369  ub=0.6665  L/P/U=4064/680/376  actL/P/U=213/37/7  H=1.099  lr=1.81e-06
  step   7300/8000  recon=0.0067  pr=0.6072  sid=2.6643  grl=4.2773  grl_p=0.5949  ub=0.6747  L/P/U=4062/682/376  actL/P/U=216/33/7  H=1.099  lr=1.62e-06
  step   7400/8000  recon=0.0067  pr=0.4883  sid=2.7422  grl=4.3389  grl_p=0.4984  ub=0.6643  L/P/U=4060/683/377  actL/P/U=217/32/7  H=1.099  lr=1.46e-06
  [grad_norms @7500]
    recon             |g|=0.00357  ratio=1.000x recon
    pr_raw            |g|=0.54178  ratio=151.839x recon
    pr_weighted       |g|=0.01084  ratio=3.037x recon
    sid_raw           |g|=2.59324  ratio=726.781x recon
    sid_weighted      |g|=0.02593  ratio=7.268x recon
    grl               |g|=0.01209  ratio=3.389x recon
    grl_p             |g|=0.00574  ratio=1.610x recon
    route             |g|=0.00000  ratio=0.000x recon
  step   7500/8000  recon=0.0067  pr=0.5206  sid=3.0186  grl=4.4951  grl_p=0.5343  ub=0.6632  L/P/U=4057/684/379  actL/P/U=216/33/7  H=1.099  lr=1.32e-06
  step   7600/8000  recon=0.0066  pr=0.5729  sid=2.6743  grl=4.3809  grl_p=0.5802  ub=0.6770  L/P/U=4057/684/379  actL/P/U=215/34/7  H=1.099  lr=1.20e-06
  step   7700/8000  recon=0.0066  pr=0.4746  sid=2.4177  grl=4.3027  grl_p=0.4981  ub=0.6638  L/P/U=4056/685/379  actL/P/U=215/34/7  H=1.099  lr=1.11e-06
  step   7800/8000  recon=0.0068  pr=0.5944  sid=2.2571  grl=4.3115  grl_p=0.5542  ub=0.6665  L/P/U=4056/685/379  actL/P/U=215/34/7  H=1.099  lr=1.05e-06
  step   7900/8000  recon=0.0068  pr=0.5379  sid=2.7563  grl=4.4160  grl_p=0.5232  ub=0.6652  L/P/U=4056/685/379  actL/P/U=215/34/7  H=1.099  lr=1.01e-06
  [grad_norms @8000]
    recon             |g|=0.00360  ratio=1.000x recon
    pr_raw            |g|=0.34508  ratio=95.887x recon
    pr_weighted       |g|=0.00690  ratio=1.918x recon
    sid_raw           |g|=6.64648  ratio=1846.838x recon
    sid_weighted      |g|=0.06646  ratio=18.468x recon
    grl               |g|=0.01835  ratio=5.099x recon
    grl_p             |g|=0.00430  ratio=1.195x recon
    route             |g|=0.00000  ratio=0.000x recon
  step   8000/8000  recon=0.0066  pr=0.5768    grl=4.0381  grl_p=0.6185  ub=0.6780  L/P/U=4054/687/379  actL/P/U=215/34/7  H=1.099  lr=1.00e-06
  [val] step=8000  recon=0.0077  pr=0.6852  PER=0.120  sid_acc=0.074
  ✓ best checkpoint (val_recon=0.0077) → /rds/user/bbg25/hpc-work/Thesis/Final-Proj/Disentanglement/checkpoints/dual_weak_ub/stage2_best.pt

[stage 2] done.  Best val_recon=0.0077  → /rds/user/bbg25/hpc-work/Thesis/Final-Proj/Disentanglement/checkpoints/dual_weak_ub/stage2_best.pt

[done]  best checkpoint → /rds/user/bbg25/hpc-work/Thesis/Final-Proj/Disentanglement/checkpoints/dual_weak_ub/stage2_best.pt
Finished : Wed Jun  3 07:04:34 BST 2026
