[diag_probe] run=diag_libri_advfb4096_1024_linmean_gn00025_gp02_aux64_240L16P_12k_s42_z_P_pr_linear_seed42  device=cuda
[diag_probe] seed=42
[diag_probe] stage1_ckpt=/scratch/bbg25/runs/libri_advfb4096_1024_linmean_gn00025_gp02_aux64_240L16P_12k_s42/checkpoints/stage2_step12000.pt
[diag_probe] stage2_ckpt=/scratch/bbg25/runs/libri_advfb4096_1024_linmean_gn00025_gp02_aux64_240L16P_12k_s42/checkpoints/stage2_step12000.pt
[diag_probe] sources=['z_P']  tasks=['pr']
[diag_probe] probe_steps=10000  pr_lr=0.0001  sid_lr=0.001  warmup=0  val_every=250  patience=0
[pr_data] loaded LibriSpeech lexicon: 200,000 entries
[pr_data] loading train-clean-100 …
[pr_data] loading dev-clean …
[pr_data] loading test-clean …
[pr_data]  train=28539  val=2703  test=2620  vocab_size=74
[dis_data] loaded lexicon: 200,000 entries
[dis_data] loading train-clean-100 …
[dis_data]  251 speakers
[dis_data]  train=27539  val=500  test=500  vocab=74  speakers=251
[diag_probe] topk confirmed: 256
[train] WARNING: unexpected missing SAE keys: ['block_idx', 'block_m_L', 'block_m_P', 'block_m_U']
[train] loaded 3 SAE tensors from /scratch/bbg25/runs/libri_advfb4096_1024_linmean_gn00025_gp02_aux64_240L16P_12k_s42/checkpoints/stage2_step12000.pt  (step=12000  val=0.1402)
[diag_probe] loaded stage2 weights from /scratch/bbg25/runs/libri_advfb4096_1024_linmean_gn00025_gp02_aux64_240L16P_12k_s42/checkpoints/stage2_step12000.pt

[diag_probe] speakers=251  pr_vocab=74  D=1280  K=5120
[diag_probe] PR: SUPERB 74-phone — train-clean-100 → val=dev-clean, test=test-clean
[diag_probe] SID: closed-set utterance split (val/test held out); probe arch=linear
[diag_probe] reported metric = TEST (val shown in parentheses)

  training probe: z_P -> PR ...
[pr_data] g2p_en loaded for OOV words
      [pr z_P] step 250/10000  train loss=7.067  dev loss=3.696  dev PER=1.000  (best 1.000, bad 0/0)
      [pr z_P] step 500/10000  train loss=3.598  dev loss=3.611  dev PER=1.000  (best 1.000, bad 1/0)
      [pr z_P] step 750/10000  train loss=3.554  dev loss=3.565  dev PER=1.000  (best 1.000, bad 2/0)
      [pr z_P] step 1000/10000  train loss=3.537  dev loss=3.551  dev PER=1.000  (best 1.000, bad 3/0)
      [pr z_P] step 1250/10000  train loss=3.529  dev loss=3.543  dev PER=1.000  (best 1.000, bad 4/0)
      [pr z_P] step 1500/10000  train loss=3.523  dev loss=3.536  dev PER=1.000  (best 1.000, bad 5/0)
      [pr z_P] step 1750/10000  train loss=3.518  dev loss=3.532  dev PER=1.000  (best 1.000, bad 6/0)
      [pr z_P] step 2000/10000  train loss=3.515  dev loss=3.524  dev PER=1.000  (best 1.000, bad 7/0)
      [pr z_P] step 2250/10000  train loss=3.507  dev loss=3.525  dev PER=1.000  (best 1.000, bad 8/0)
      [pr z_P] step 2500/10000  train loss=3.508  dev loss=3.518  dev PER=1.000  (best 1.000, bad 9/0)
      [pr z_P] step 2750/10000  train loss=3.504  dev loss=3.514  dev PER=1.000  (best 1.000, bad 10/0)
      [pr z_P] step 3000/10000  train loss=3.505  dev loss=3.513  dev PER=1.000  (best 1.000, bad 11/0)
      [pr z_P] step 3250/10000  train loss=3.500  dev loss=3.508  dev PER=1.000  (best 1.000, bad 12/0)
      [pr z_P] step 3500/10000  train loss=3.496  dev loss=3.506  dev PER=1.000  (best 1.000, bad 13/0)
      [pr z_P] step 3750/10000  train loss=3.494  dev loss=3.503  dev PER=1.000  (best 1.000, bad 14/0)
      [pr z_P] step 4000/10000  train loss=3.492  dev loss=3.500  dev PER=1.000  (best 1.000, bad 15/0)
      [pr z_P] step 4250/10000  train loss=3.492  dev loss=3.498  dev PER=1.000  (best 1.000, bad 16/0)
      [pr z_P] step 4500/10000  train loss=3.484  dev loss=3.497  dev PER=1.000  (best 1.000, bad 17/0)
      [pr z_P] step 4750/10000  train loss=3.485  dev loss=3.493  dev PER=1.000  (best 1.000, bad 18/0)
      [pr z_P] step 5000/10000  train loss=3.482  dev loss=3.494  dev PER=1.000  (best 1.000, bad 19/0)
      [pr z_P] step 5250/10000  train loss=3.484  dev loss=3.489  dev PER=1.000  (best 1.000, bad 20/0)
      [pr z_P] step 5500/10000  train loss=3.479  dev loss=3.486  dev PER=1.000  (best 1.000, bad 21/0)
      [pr z_P] step 5750/10000  train loss=3.478  dev loss=3.485  dev PER=1.000  (best 1.000, bad 22/0)
      [pr z_P] step 6000/10000  train loss=3.475  dev loss=3.483  dev PER=1.000  (best 1.000, bad 23/0)
      [pr z_P] step 6250/10000  train loss=3.474  dev loss=3.484  dev PER=1.000  (best 1.000, bad 24/0)
      [pr z_P] step 6500/10000  train loss=3.472  dev loss=3.479  dev PER=1.000  (best 1.000, bad 25/0)
      [pr z_P] step 6750/10000  train loss=3.471  dev loss=3.479  dev PER=1.000  (best 1.000, bad 26/0)
      [pr z_P] step 7000/10000  train loss=3.469  dev loss=3.477  dev PER=1.000  (best 1.000, bad 27/0)
      [pr z_P] step 7250/10000  train loss=3.468  dev loss=3.476  dev PER=1.000  (best 1.000, bad 28/0)
      [pr z_P] step 7500/10000  train loss=3.465  dev loss=3.474  dev PER=1.000  (best 1.000, bad 29/0)
      [pr z_P] step 7750/10000  train loss=3.466  dev loss=3.474  dev PER=1.000  (best 1.000, bad 30/0)
      [pr z_P] step 8000/10000  train loss=3.464  dev loss=3.473  dev PER=1.000  (best 1.000, bad 31/0)
      [pr z_P] step 8250/10000  train loss=3.464  dev loss=3.472  dev PER=1.000  (best 1.000, bad 32/0)
      [pr z_P] step 8500/10000  train loss=3.466  dev loss=3.470  dev PER=1.000  (best 1.000, bad 33/0)
      [pr z_P] step 8750/10000  train loss=3.461  dev loss=3.470  dev PER=1.000  (best 1.000, bad 34/0)
      [pr z_P] step 9000/10000  train loss=3.460  dev loss=3.470  dev PER=1.000  (best 1.000, bad 35/0)
      [pr z_P] step 9250/10000  train loss=3.459  dev loss=3.468  dev PER=1.000  (best 1.000, bad 36/0)
      [pr z_P] step 9500/10000  train loss=3.460  dev loss=3.468  dev PER=1.000  (best 1.000, bad 37/0)
      [pr z_P] step 9750/10000  train loss=3.461  dev loss=3.468  dev PER=1.000  (best 1.000, bad 38/0)
      [pr z_P] step 10000/10000  train loss=3.460  dev loss=3.468  dev PER=1.000  (best 1.000, bad 39/0)
    z_P -> PR               PER test=1.000  (val 1.000)

==================================================================
  DIAGNOSTIC PROBE RESULTS - diag_libri_advfb4096_1024_linmean_gn00025_gp02_aux64_240L16P_12k_s42_z_P_pr_linear_seed42
==================================================================
  Source       PR (PER↓)    SID (acc↑)
  --------  ------------  ------------
  z_P              1.000           nan
==================================================================

