=== job2_dense_clip_gp02: stats-GRL redo with dense z_L adversary ===
started       : Wed 24 Jun 15:36:58 BST 2026
gpu           : NVIDIA A100-SXM4-80GB
z_L grl_head  : dense-context SID adversary, kernel=31
grl_weight    : 1.0
grl_p_weight  : 0.2
grad_norm     : target=0.001
grad_clip     : 1.0
probe         : z_L,z_P x PR,SID-stats, 10000 steps
=== Disentanglement  stage=2
=== device=cuda  bf16=True
=== K=5120  topk=256  D=1280
=== steps=12000  α=0.8  β=0.6  grl=1.0  ρ=0.0
[dis_data] loaded lexicon: 200,000 entries
[dis_data] loading train-clean-100 …
[dis_data]  251 speakers
[dis_data]  train=27539  val=500  test=500  vocab=74  speakers=251
[train] stage2_from_scratch=True — SAE/routing/heads start from initialization
[stage 2] frozen=596,973,362  trainable=19,510,154  device=cuda
[stage 2] speakers=251  vocab=74
[stage 2] α=0.8  β=0.6  grl=1.0  ρ=0.0  grl_p=0.2  hard_gumbel=True  spear_ln=True  grl_dense_context=True(k=31)  grl_grad_norm=0.001  dann_full_disc=True
[stage 2] steps=12000  schedule_steps=12000  batch=16  grad_clip=1.0
[stage 2] best_ckpt selection: per + (1 - sid_acc) + grl_acc + (1 - grl_p_per)  — in-training head proxies, NOT a probe; run diag_probe/ for the authoritative leakage signal.
[dis_data] g2p_en loaded for OOV words
  step      1/12000  recon=0.3663  pr=19.3898  sid=5.5117  grl=5.5277(acc=0.002)  grl_p=19.3890(per=2.301)  dead=0.0%  L/P/U=3072/1024/1024  actL/P/U=160/64/32  H=nan  Hu=nan  spec<.5=nan  marg=nan  lstd=nan  lr=2.00e-07
  step    100/12000  recon=0.3289  pr=16.4752  sid=5.5273  grl=5.4938(acc=0.000)  grl_p=3.5363(per=1.000)  dead=0.0%  L/P/U=3072/1024/1024  actL/P/U=160/64/32  H=nan  Hu=nan  spec<.5=nan  marg=nan  lstd=nan  lr=2.00e-05
  step    200/12000  recon=0.3474  pr=7.7724  sid=5.5059  grl=5.2819(acc=0.062)  grl_p=1.2459(per=0.514)  dead=0.0%  L/P/U=3072/1024/1024  actL/P/U=160/64/32  H=nan  Hu=nan  spec<.5=nan  marg=nan  lstd=nan  lr=4.00e-05
  step    300/12000  recon=0.3175  pr=3.4292  sid=5.5293  grl=5.2926(acc=0.001)  grl_p=1.0606(per=0.352)  dead=0.0%  L/P/U=3072/1024/1024  actL/P/U=160/64/32  H=nan  Hu=nan  spec<.5=nan  marg=nan  lstd=nan  lr=6.00e-05
  step    400/12000  recon=0.2363  pr=2.1023  sid=5.4648  grl=5.4603(acc=0.036)  grl_p=1.8436(per=0.619)  dead=0.0%  L/P/U=3072/1024/1024  actL/P/U=160/64/32  H=nan  Hu=nan  spec<.5=nan  marg=nan  lstd=nan  lr=8.00e-05
  [grad_norms @500]
    recon             |g|=0.03997  ratio=1.000x recon
    pr_raw            |g|=0.34304  ratio=8.583x recon
    pr_weighted       |g|=0.27443  ratio=6.866x recon
    sid_raw           |g|=0.47409  ratio=11.861x recon
    sid_weighted      |g|=0.28445  ratio=7.117x recon
    grl               |g|=1.97877  ratio=49.507x recon
    grl_p             |g|=0.27939  ratio=6.990x recon
    route             |g|=0.00000  ratio=0.000x recon
    per-frame |dL/dz[t]|:  grl(z_L)=0.00043   grl_p(z_P)=0.00049   (grl_p/grl = 1.1x  <- pooled-vs-dense dilution)
    [grad_cos @500]  shared=sae.enc_weight; cos<0 = conflict
      cos(recon_vs_pr           ) = +0.014
      cos(recon_vs_sid          ) = +0.018
      cos(recon_vs_grl          ) = +0.005
      cos(recon_vs_grl_p        ) = -0.040
      cos(pr_vs_sid             ) = +0.000
      cos(pr_vs_grl             ) = +0.002
      cos(pr_vs_grl_p           ) = +0.000
      cos(sid_vs_grl            ) = +0.000
      cos(sid_vs_grl_p          ) = +0.009
      cos(grl_vs_grl_p          ) = +0.000
  step    500/12000  recon=0.1818  pr=1.1946  sid=5.4082  grl=5.4512(acc=0.020)  grl_p=2.8164(per=0.888)  dead=0.0%  L/P/U=3072/1024/1024  actL/P/U=160/64/32  H=nan  Hu=nan  spec<.5=nan  marg=nan  lstd=nan  lr=1.00e-04
  step    600/12000  recon=0.1413  pr=0.8290  sid=5.4023  grl=5.5121(acc=0.076)  grl_p=3.0452(per=0.926)  dead=0.0%  L/P/U=3072/1024/1024  actL/P/U=160/64/32  H=nan  Hu=nan  spec<.5=nan  marg=nan  lstd=nan  lr=1.00e-04
  step    700/12000  recon=0.1216  pr=0.7042  sid=5.2578  grl=5.5347(acc=0.001)  grl_p=2.9266(per=0.893)  dead=0.0%  L/P/U=3072/1024/1024  actL/P/U=160/64/32  H=nan  Hu=nan  spec<.5=nan  marg=nan  lstd=nan  lr=9.99e-05
  step    800/12000  recon=0.1136  pr=0.6057  sid=5.1641  grl=5.5301(acc=0.000)  grl_p=3.1747(per=0.957)  dead=0.1%  L/P/U=3072/1024/1024  actL/P/U=160/64/32  H=nan  Hu=nan  spec<.5=nan  marg=nan  lstd=nan  lr=9.98e-05
  step    900/12000  recon=0.1093  pr=0.5207  sid=4.9043  grl=5.5014(acc=0.001)  grl_p=3.2236(per=0.969)  dead=0.1%  L/P/U=3072/1024/1024  actL/P/U=160/64/32  H=nan  Hu=nan  spec<.5=nan  marg=nan  lstd=nan  lr=9.97e-05
  [grad_norms @1000]
    recon             |g|=0.04072  ratio=1.000x recon
    pr_raw            |g|=0.31984  ratio=7.854x recon
    pr_weighted       |g|=0.25587  ratio=6.283x recon
    sid_raw           |g|=1.22170  ratio=30.001x recon
    sid_weighted      |g|=0.73302  ratio=18.000x recon
    grl               |g|=1.15372  ratio=28.331x recon
    grl_p             |g|=0.39008  ratio=9.579x recon
    route             |g|=0.00000  ratio=0.000x recon
    per-frame |dL/dz[t]|:  grl(z_L)=0.00008   grl_p(z_P)=0.00037   (grl_p/grl = 4.9x  <- pooled-vs-dense dilution)
    [grad_cos @1000]  shared=sae.enc_weight; cos<0 = conflict
      cos(recon_vs_pr           ) = +0.000
      cos(recon_vs_sid          ) = +0.062  aligned
      cos(recon_vs_grl          ) = -0.014
      cos(recon_vs_grl_p        ) = -0.022
      cos(pr_vs_sid             ) = +0.000
      cos(pr_vs_grl             ) = -0.001
      cos(pr_vs_grl_p           ) = +0.000
      cos(sid_vs_grl            ) = +0.000
      cos(sid_vs_grl_p          ) = -0.002
      cos(grl_vs_grl_p          ) = +0.000
  step   1000/12000  recon=0.1078  pr=0.5116  sid=4.5391  grl=5.4065(acc=0.032)  grl_p=3.2360(per=0.969)  dead=0.2%  L/P/U=3072/1024/1024  actL/P/U=160/64/32  H=nan  Hu=nan  spec<.5=nan  marg=nan  lstd=nan  lr=9.95e-05
  [val] step=1000  recon=0.1069  pr=0.4988  | z_L PR=0.131 SID=0.007  | z_P PR=0.981 SID=0.348
  ✓ best checkpoint (disent=0.8087  PER=0.131 sid=0.348 grl_acc=0.007 grl_p_per=0.981) → /rds/user/bbg25/hpc-work/Thesis/Final-Proj/Disentanglement/checkpoints/job2_dense_clip_gp02/stage2_best.pt
  step   1100/12000  recon=0.1058  pr=0.4623  sid=4.5371  grl=5.5289(acc=0.000)  grl_p=3.2841(per=0.977)  dead=0.3%  L/P/U=3072/1024/1024  actL/P/U=160/64/32  H=nan  Hu=nan  spec<.5=nan  marg=nan  lstd=nan  lr=9.93e-05
  step   1200/12000  recon=0.1044  pr=0.3905  sid=4.2500  grl=5.5093(acc=0.009)  grl_p=3.4058(per=0.994)  dead=0.4%  L/P/U=3072/1024/1024  actL/P/U=160/64/32  H=nan  Hu=nan  spec<.5=nan  marg=nan  lstd=nan  lr=9.91e-05
  step   1300/12000  recon=0.1048  pr=0.4254  sid=3.9766  grl=5.5335(acc=0.000)  grl_p=3.3816(per=0.998)  dead=0.4%  L/P/U=3072/1024/1024  actL/P/U=160/64/32  H=nan  Hu=nan  spec<.5=nan  marg=nan  lstd=nan  lr=9.88e-05
  step   1400/12000  recon=0.1056  pr=0.4230  sid=3.6084  grl=5.5504(acc=0.000)  grl_p=3.4068(per=0.997)  dead=0.3%  L/P/U=3072/1024/1024  actL/P/U=160/64/32  H=nan  Hu=nan  spec<.5=nan  marg=nan  lstd=nan  lr=9.85e-05
  [grad_norms @1500]
    recon             |g|=0.04259  ratio=1.000x recon
    pr_raw            |g|=0.29120  ratio=6.838x recon
    pr_weighted       |g|=0.23296  ratio=5.470x recon
    sid_raw           |g|=1.50255  ratio=35.280x recon
    sid_weighted      |g|=0.90153  ratio=21.168x recon
    grl               |g|=3.06768  ratio=72.030x recon
    grl_p             |g|=0.26925  ratio=6.322x recon
    route             |g|=0.00000  ratio=0.000x recon
    per-frame |dL/dz[t]|:  grl(z_L)=0.00025   grl_p(z_P)=0.00029   (grl_p/grl = 1.1x  <- pooled-vs-dense dilution)
    [grad_cos @1500]  shared=sae.enc_weight; cos<0 = conflict
      cos(recon_vs_pr           ) = +0.001
      cos(recon_vs_sid          ) = +0.051  aligned
      cos(recon_vs_grl          ) = -0.006
      cos(recon_vs_grl_p        ) = -0.015
      cos(pr_vs_sid             ) = +0.000
      cos(pr_vs_grl             ) = -0.024
      cos(pr_vs_grl_p           ) = +0.000
      cos(sid_vs_grl            ) = +0.000
      cos(sid_vs_grl_p          ) = -0.005
      cos(grl_vs_grl_p          ) = +0.000
  step   1500/12000  recon=0.1051  pr=0.4413  sid=3.3389  grl=5.4821(acc=0.000)  grl_p=3.4122(per=0.997)  dead=0.3%  L/P/U=3072/1024/1024  actL/P/U=160/64/32  H=nan  Hu=nan  spec<.5=nan  marg=nan  lstd=nan  lr=9.82e-05
  step   1600/12000  recon=0.1049  pr=0.3954  sid=3.2324  grl=5.4956(acc=0.001)  grl_p=3.4259(per=0.999)  dead=0.3%  L/P/U=3072/1024/1024  actL/P/U=160/64/32  H=nan  Hu=nan  spec<.5=nan  marg=nan  lstd=nan  lr=9.78e-05
  step   1700/12000  recon=0.1050  pr=0.4692  sid=2.6553  grl=5.5501(acc=0.001)  grl_p=3.4731(per=0.998)  dead=0.2%  L/P/U=3072/1024/1024  actL/P/U=160/64/32  H=nan  Hu=nan  spec<.5=nan  marg=nan  lstd=nan  lr=9.74e-05
  step   1800/12000  recon=0.1038  pr=0.3803  sid=2.4849  grl=5.5110(acc=0.005)  grl_p=3.4007(per=0.997)  dead=0.3%  L/P/U=3072/1024/1024  actL/P/U=160/64/32  H=nan  Hu=nan  spec<.5=nan  marg=nan  lstd=nan  lr=9.69e-05
  step   1900/12000  recon=0.1028  pr=0.3313  sid=2.4165  grl=5.5350(acc=0.000)  grl_p=3.3339(per=0.995)  dead=0.3%  L/P/U=3072/1024/1024  actL/P/U=160/64/32  H=nan  Hu=nan  spec<.5=nan  marg=nan  lstd=nan  lr=9.64e-05
  [grad_norms @2000]
    recon             |g|=0.04828  ratio=1.000x recon
    pr_raw            |g|=0.34207  ratio=7.086x recon
    pr_weighted       |g|=0.27365  ratio=5.669x recon
    sid_raw           |g|=2.07756  ratio=43.035x recon
    sid_weighted      |g|=1.24653  ratio=25.821x recon
    grl               |g|=1.41434  ratio=29.297x recon
    grl_p             |g|=0.24000  ratio=4.971x recon
    route             |g|=0.00000  ratio=0.000x recon
    per-frame |dL/dz[t]|:  grl(z_L)=0.00009   grl_p(z_P)=0.00022   (grl_p/grl = 2.4x  <- pooled-vs-dense dilution)
    [grad_cos @2000]  shared=sae.enc_weight; cos<0 = conflict
      cos(recon_vs_pr           ) = +0.001
      cos(recon_vs_sid          ) = +0.053  aligned
      cos(recon_vs_grl          ) = -0.001
      cos(recon_vs_grl_p        ) = -0.015
      cos(pr_vs_sid             ) = +0.000
      cos(pr_vs_grl             ) = -0.003
      cos(pr_vs_grl_p           ) = +0.000
      cos(sid_vs_grl            ) = +0.000
      cos(sid_vs_grl_p          ) = +0.006
      cos(grl_vs_grl_p          ) = +0.000
  step   2000/12000  recon=0.1036  pr=0.3821  sid=1.8511  grl=5.5360(acc=0.000)  grl_p=3.4418(per=0.997)  dead=0.3%  L/P/U=3072/1024/1024  actL/P/U=160/64/32  H=nan  Hu=nan  spec<.5=nan  marg=nan  lstd=nan  lr=9.59e-05
  [val] step=2000  recon=0.1035  pr=0.3505  | z_L PR=0.086 SID=0.005  | z_P PR=0.996 SID=0.910
  ✓ best checkpoint (disent=0.1846  PER=0.086 sid=0.910 grl_acc=0.005 grl_p_per=0.996) → /rds/user/bbg25/hpc-work/Thesis/Final-Proj/Disentanglement/checkpoints/job2_dense_clip_gp02/stage2_best.pt
  step   2100/12000  recon=0.1048  pr=0.3530  sid=1.7747  grl=5.5866(acc=0.000)  grl_p=3.4084(per=0.995)  dead=0.3%  L/P/U=3072/1024/1024  actL/P/U=160/64/32  H=nan  Hu=nan  spec<.5=nan  marg=nan  lstd=nan  lr=9.53e-05
  step   2200/12000  recon=0.1042  pr=0.3359  sid=1.4618  grl=5.5797(acc=0.001)  grl_p=3.3972(per=0.997)  dead=0.3%  L/P/U=3072/1024/1024  actL/P/U=160/64/32  H=nan  Hu=nan  spec<.5=nan  marg=nan  lstd=nan  lr=9.48e-05
  step   2300/12000  recon=0.1027  pr=0.4089  sid=0.9934  grl=5.4799(acc=0.001)  grl_p=3.4306(per=0.994)  dead=0.2%  L/P/U=3072/1024/1024  actL/P/U=160/64/32  H=nan  Hu=nan  spec<.5=nan  marg=nan  lstd=nan  lr=9.41e-05
  step   2400/12000  recon=0.1031  pr=0.3340  sid=1.2789  grl=5.5247(acc=0.001)  grl_p=3.4766(per=0.997)  dead=0.2%  L/P/U=3072/1024/1024  actL/P/U=160/64/32  H=nan  Hu=nan  spec<.5=nan  marg=nan  lstd=nan  lr=9.35e-05
  [grad_norms @2500]
    recon             |g|=0.04520  ratio=1.000x recon
    pr_raw            |g|=0.23286  ratio=5.151x recon
    pr_weighted       |g|=0.18629  ratio=4.121x recon
    sid_raw           |g|=1.68145  ratio=37.198x recon
    sid_weighted      |g|=1.00887  ratio=22.319x recon
    grl               |g|=1.83800  ratio=40.661x recon
    grl_p             |g|=0.22512  ratio=4.980x recon
    route             |g|=0.00000  ratio=0.000x recon
    per-frame |dL/dz[t]|:  grl(z_L)=0.00009   grl_p(z_P)=0.00021   (grl_p/grl = 2.5x  <- pooled-vs-dense dilution)
    [grad_cos @2500]  shared=sae.enc_weight; cos<0 = conflict
      cos(recon_vs_pr           ) = +0.001
      cos(recon_vs_sid          ) = +0.026
      cos(recon_vs_grl          ) = -0.002
      cos(recon_vs_grl_p        ) = -0.011
      cos(pr_vs_sid             ) = +0.000
      cos(pr_vs_grl             ) = -0.006
      cos(pr_vs_grl_p           ) = +0.000
      cos(sid_vs_grl            ) = +0.000
      cos(sid_vs_grl_p          ) = +0.003
      cos(grl_vs_grl_p          ) = +0.000
  step   2500/12000  recon=0.1009  pr=0.2898  sid=1.1201  grl=5.5017(acc=0.003)  grl_p=3.3772(per=0.997)  dead=0.2%  L/P/U=3072/1024/1024  actL/P/U=160/64/32  H=nan  Hu=nan  spec<.5=nan  marg=nan  lstd=nan  lr=9.28e-05
  step   2600/12000  recon=0.1037  pr=0.3767  sid=0.7925  grl=5.5410(acc=0.002)  grl_p=3.4407(per=0.998)  dead=0.2%  L/P/U=3072/1024/1024  actL/P/U=160/64/32  H=nan  Hu=nan  spec<.5=nan  marg=nan  lstd=nan  lr=9.21e-05
  step   2700/12000  recon=0.1032  pr=0.3513  sid=0.9397  grl=5.5472(acc=0.000)  grl_p=3.3941(per=0.996)  dead=0.3%  L/P/U=3072/1024/1024  actL/P/U=160/64/32  H=nan  Hu=nan  spec<.5=nan  marg=nan  lstd=nan  lr=9.13e-05
  step   2800/12000  recon=0.1045  pr=0.3752  sid=0.5289  grl=5.5383(acc=0.001)  grl_p=3.4187(per=0.995)  dead=0.1%  L/P/U=3072/1024/1024  actL/P/U=160/64/32  H=nan  Hu=nan  spec<.5=nan  marg=nan  lstd=nan  lr=9.05e-05
  step   2900/12000  recon=0.1043  pr=0.4656  sid=0.6896  grl=5.5299(acc=0.000)  grl_p=3.4873(per=0.995)  dead=0.1%  L/P/U=3072/1024/1024  actL/P/U=160/64/32  H=nan  Hu=nan  spec<.5=nan  marg=nan  lstd=nan  lr=8.97e-05
  [grad_norms @3000]
    recon             |g|=0.04934  ratio=1.000x recon
    pr_raw            |g|=0.37448  ratio=7.590x recon
    pr_weighted       |g|=0.29959  ratio=6.072x recon
    sid_raw           |g|=1.54277  ratio=31.269x recon
    sid_weighted      |g|=0.92566  ratio=18.761x recon
    grl               |g|=1.41086  ratio=28.595x recon
    grl_p             |g|=0.26464  ratio=5.364x recon
    route             |g|=0.00000  ratio=0.000x recon
    per-frame |dL/dz[t]|:  grl(z_L)=0.00010   grl_p(z_P)=0.00023   (grl_p/grl = 2.4x  <- pooled-vs-dense dilution)
    [grad_cos @3000]  shared=sae.enc_weight; cos<0 = conflict
      cos(recon_vs_pr           ) = -0.001
      cos(recon_vs_sid          ) = +0.013
      cos(recon_vs_grl          ) = -0.008
      cos(recon_vs_grl_p        ) = -0.006
      cos(pr_vs_sid             ) = +0.000
      cos(pr_vs_grl             ) = -0.003
      cos(pr_vs_grl_p           ) = +0.000
      cos(sid_vs_grl            ) = +0.000
      cos(sid_vs_grl_p          ) = -0.008
      cos(grl_vs_grl_p          ) = +0.000
  step   3000/12000  recon=0.1004  pr=0.3364  sid=0.5968  grl=5.5204(acc=0.000)  grl_p=3.4052(per=0.998)  dead=0.1%  L/P/U=3072/1024/1024  actL/P/U=160/64/32  H=nan  Hu=nan  spec<.5=nan  marg=nan  lstd=nan  lr=8.89e-05
  [val] step=3000  recon=0.1018  pr=0.3128  | z_L PR=0.077 SID=0.003  | z_P PR=0.996 SID=0.990
  ✓ best checkpoint (disent=0.0939  PER=0.077 sid=0.990 grl_acc=0.003 grl_p_per=0.996) → /rds/user/bbg25/hpc-work/Thesis/Final-Proj/Disentanglement/checkpoints/job2_dense_clip_gp02/stage2_best.pt
  step   3100/12000  recon=0.1023  pr=0.3054  sid=0.7307  grl=5.5228(acc=0.001)  grl_p=3.4190(per=0.997)  dead=0.1%  L/P/U=3072/1024/1024  actL/P/U=160/64/32  H=nan  Hu=nan  spec<.5=nan  marg=nan  lstd=nan  lr=8.80e-05
  step   3200/12000  recon=0.1034  pr=0.3486  sid=0.5251  grl=5.4973(acc=0.000)  grl_p=3.4546(per=0.997)  dead=0.0%  L/P/U=3072/1024/1024  actL/P/U=160/64/32  H=nan  Hu=nan  spec<.5=nan  marg=nan  lstd=nan  lr=8.71e-05
  step   3300/12000  recon=0.0996  pr=0.3488  sid=0.3473  grl=5.5019(acc=0.000)  grl_p=3.3926(per=0.998)  dead=0.0%  L/P/U=3072/1024/1024  actL/P/U=160/64/32  H=nan  Hu=nan  spec<.5=nan  marg=nan  lstd=nan  lr=8.62e-05
  step   3400/12000  recon=0.1020  pr=0.3037  sid=0.2901  grl=5.5181(acc=0.000)  grl_p=3.4461(per=0.997)  dead=0.1%  L/P/U=3072/1024/1024  actL/P/U=160/64/32  H=nan  Hu=nan  spec<.5=nan  marg=nan  lstd=nan  lr=8.53e-05
  [grad_norms @3500]
    recon             |g|=0.05207  ratio=1.000x recon
    pr_raw            |g|=0.30750  ratio=5.905x recon
    pr_weighted       |g|=0.24600  ratio=4.724x recon
    sid_raw           |g|=1.26855  ratio=24.362x recon
    sid_weighted      |g|=0.76113  ratio=14.617x recon
    grl               |g|=2.13133  ratio=40.931x recon
    grl_p             |g|=0.22571  ratio=4.335x recon
    route             |g|=0.00000  ratio=0.000x recon
    per-frame |dL/dz[t]|:  grl(z_L)=0.00011   grl_p(z_P)=0.00020   (grl_p/grl = 1.8x  <- pooled-vs-dense dilution)
    [grad_cos @3500]  shared=sae.enc_weight; cos<0 = conflict
      cos(recon_vs_pr           ) = -0.000
      cos(recon_vs_sid          ) = +0.014
      cos(recon_vs_grl          ) = -0.004
      cos(recon_vs_grl_p        ) = -0.004
      cos(pr_vs_sid             ) = +0.000
      cos(pr_vs_grl             ) = -0.009
      cos(pr_vs_grl_p           ) = +0.000
      cos(sid_vs_grl            ) = +0.000
      cos(sid_vs_grl_p          ) = +0.020
      cos(grl_vs_grl_p          ) = +0.000
  step   3500/12000  recon=0.1017  pr=0.2895  sid=0.3871  grl=5.5009(acc=0.000)  grl_p=3.4153(per=0.995)  dead=0.0%  L/P/U=3072/1024/1024  actL/P/U=160/64/32  H=nan  Hu=nan  spec<.5=nan  marg=nan  lstd=nan  lr=8.43e-05
  step   3600/12000  recon=0.0998  pr=0.3121  sid=0.2111  grl=5.4754(acc=0.047)  grl_p=3.3743(per=0.998)  dead=0.0%  L/P/U=3072/1024/1024  actL/P/U=160/64/32  H=nan  Hu=nan  spec<.5=nan  marg=nan  lstd=nan  lr=8.33e-05
  step   3700/12000  recon=0.1022  pr=0.3315  sid=0.7160  grl=5.5804(acc=0.000)  grl_p=3.4207(per=0.999)  dead=0.0%  L/P/U=3072/1024/1024  actL/P/U=160/64/32  H=nan  Hu=nan  spec<.5=nan  marg=nan  lstd=nan  lr=8.23e-05
  step   3800/12000  recon=0.0998  pr=0.2541  sid=0.3317  grl=5.4825(acc=0.002)  grl_p=3.4267(per=0.998)  dead=0.0%  L/P/U=3072/1024/1024  actL/P/U=160/64/32  H=nan  Hu=nan  spec<.5=nan  marg=nan  lstd=nan  lr=8.12e-05
  step   3900/12000  recon=0.1015  pr=0.3082  sid=0.2374  grl=5.5270(acc=0.000)  grl_p=3.3967(per=0.998)  dead=0.0%  L/P/U=3072/1024/1024  actL/P/U=160/64/32  H=nan  Hu=nan  spec<.5=nan  marg=nan  lstd=nan  lr=8.01e-05
  [grad_norms @4000]
    recon             |g|=0.05179  ratio=1.000x recon
    pr_raw            |g|=0.31790  ratio=6.138x recon
    pr_weighted       |g|=0.25432  ratio=4.910x recon
    sid_raw           |g|=0.84287  ratio=16.273x recon
    sid_weighted      |g|=0.50572  ratio=9.764x recon
    grl               |g|=1.71706  ratio=33.151x recon
    grl_p             |g|=0.19720  ratio=3.807x recon
    route             |g|=0.00000  ratio=0.000x recon
    per-frame |dL/dz[t]|:  grl(z_L)=0.00013   grl_p(z_P)=0.00016   (grl_p/grl = 1.2x  <- pooled-vs-dense dilution)
    [grad_cos @4000]  shared=sae.enc_weight; cos<0 = conflict
      cos(recon_vs_pr           ) = -0.001
      cos(recon_vs_sid          ) = +0.026
      cos(recon_vs_grl          ) = +0.001
      cos(recon_vs_grl_p        ) = -0.009
      cos(pr_vs_sid             ) = +0.000
      cos(pr_vs_grl             ) = +0.008
      cos(pr_vs_grl_p           ) = +0.000
      cos(sid_vs_grl            ) = +0.000
      cos(sid_vs_grl_p          ) = -0.020
      cos(grl_vs_grl_p          ) = +0.000
  step   4000/12000  recon=0.1001  pr=0.3052  sid=0.1726  grl=5.5407(acc=0.027)  grl_p=3.4725(per=0.998)  dead=0.0%  L/P/U=3072/1024/1024  actL/P/U=160/64/32  H=nan  Hu=nan  spec<.5=nan  marg=nan  lstd=nan  lr=7.90e-05
  [val] step=4000  recon=0.1006  pr=0.2887  | z_L PR=0.072 SID=0.004  | z_P PR=0.998 SID=1.000
  ✓ best checkpoint (disent=0.0783  PER=0.072 sid=1.000 grl_acc=0.004 grl_p_per=0.998) → /rds/user/bbg25/hpc-work/Thesis/Final-Proj/Disentanglement/checkpoints/job2_dense_clip_gp02/stage2_best.pt
  step   4100/12000  recon=0.1003  pr=0.2547  sid=0.2205  grl=5.5103(acc=0.000)  grl_p=3.4504(per=0.999)  dead=0.1%  L/P/U=3072/1024/1024  actL/P/U=160/64/32  H=nan  Hu=nan  spec<.5=nan  marg=nan  lstd=nan  lr=7.79e-05
  step   4200/12000  recon=0.1035  pr=0.2644  sid=0.1623  grl=5.5226(acc=0.001)  grl_p=3.4456(per=0.998)  dead=0.0%  L/P/U=3072/1024/1024  actL/P/U=160/64/32  H=nan  Hu=nan  spec<.5=nan  marg=nan  lstd=nan  lr=7.68e-05
  step   4300/12000  recon=0.0993  pr=0.2347  sid=0.3271  grl=5.5880(acc=0.000)  grl_p=3.4280(per=1.000)  dead=0.0%  L/P/U=3072/1024/1024  actL/P/U=160/64/32  H=nan  Hu=nan  spec<.5=nan  marg=nan  lstd=nan  lr=7.56e-05
  step   4400/12000  recon=0.1006  pr=0.2954  sid=0.3276  grl=5.5367(acc=0.000)  grl_p=3.4691(per=0.999)  dead=0.1%  L/P/U=3072/1024/1024  actL/P/U=160/64/32  H=nan  Hu=nan  spec<.5=nan  marg=nan  lstd=nan  lr=7.45e-05
  [grad_norms @4500]
    recon             |g|=0.05742  ratio=1.000x recon
    pr_raw            |g|=0.28528  ratio=4.968x recon
    pr_weighted       |g|=0.22823  ratio=3.975x recon
    sid_raw           |g|=0.65697  ratio=11.442x recon
    sid_weighted      |g|=0.39418  ratio=6.865x recon
    grl               |g|=1.12900  ratio=19.662x recon
    grl_p             |g|=0.18193  ratio=3.168x recon
    route             |g|=0.00000  ratio=0.000x recon
    per-frame |dL/dz[t]|:  grl(z_L)=0.00011   grl_p(z_P)=0.00014   (grl_p/grl = 1.3x  <- pooled-vs-dense dilution)
    [grad_cos @4500]  shared=sae.enc_weight; cos<0 = conflict
      cos(recon_vs_pr           ) = +0.000
      cos(recon_vs_sid          ) = +0.030
      cos(recon_vs_grl          ) = -0.002
      cos(recon_vs_grl_p        ) = -0.005
      cos(pr_vs_sid             ) = +0.000
      cos(pr_vs_grl             ) = -0.006
      cos(pr_vs_grl_p           ) = +0.000
      cos(sid_vs_grl            ) = +0.000
      cos(sid_vs_grl_p          ) = -0.006
      cos(grl_vs_grl_p          ) = +0.000
  step   4500/12000  recon=0.1006  pr=0.2759  sid=0.1252  grl=5.4530(acc=0.000)  grl_p=3.4277(per=0.999)  dead=0.1%  L/P/U=3072/1024/1024  actL/P/U=160/64/32  H=nan  Hu=nan  spec<.5=nan  marg=nan  lstd=nan  lr=7.33e-05
  step   4600/12000  recon=0.0985  pr=0.2558  sid=0.1945  grl=5.5446(acc=0.000)  grl_p=3.4245(per=0.998)  dead=0.1%  L/P/U=3072/1024/1024  actL/P/U=160/64/32  H=nan  Hu=nan  spec<.5=nan  marg=nan  lstd=nan  lr=7.21e-05
  step   4700/12000  recon=0.0998  pr=0.2497  sid=0.0988  grl=5.5044(acc=0.027)  grl_p=3.4616(per=0.998)  dead=0.1%  L/P/U=3072/1024/1024  actL/P/U=160/64/32  H=nan  Hu=nan  spec<.5=nan  marg=nan  lstd=nan  lr=7.08e-05
  step   4800/12000  recon=0.0995  pr=0.2759  sid=0.1478  grl=5.4888(acc=0.000)  grl_p=3.4574(per=0.997)  dead=0.1%  L/P/U=3072/1024/1024  actL/P/U=160/64/32  H=nan  Hu=nan  spec<.5=nan  marg=nan  lstd=nan  lr=6.96e-05
  step   4900/12000  recon=0.0981  pr=0.2864  sid=0.1919  grl=5.5145(acc=0.032)  grl_p=3.4325(per=1.000)  dead=0.1%  L/P/U=3072/1024/1024  actL/P/U=160/64/32  H=nan  Hu=nan  spec<.5=nan  marg=nan  lstd=nan  lr=6.83e-05
  [grad_norms @5000]
    recon             |g|=0.05598  ratio=1.000x recon
    pr_raw            |g|=0.32350  ratio=5.779x recon
    pr_weighted       |g|=0.25880  ratio=4.623x recon
    sid_raw           |g|=1.20675  ratio=21.556x recon
    sid_weighted      |g|=0.72405  ratio=12.933x recon
    grl               |g|=2.12850  ratio=38.021x recon
    grl_p             |g|=0.20155  ratio=3.600x recon
    route             |g|=0.00000  ratio=0.000x recon
    per-frame |dL/dz[t]|:  grl(z_L)=0.00016   grl_p(z_P)=0.00015   (grl_p/grl = 0.9x  <- pooled-vs-dense dilution)
    [grad_cos @5000]  shared=sae.enc_weight; cos<0 = conflict
      cos(recon_vs_pr           ) = +0.005
      cos(recon_vs_sid          ) = +0.013
      cos(recon_vs_grl          ) = -0.003
      cos(recon_vs_grl_p        ) = -0.005
      cos(pr_vs_sid             ) = +0.000
      cos(pr_vs_grl             ) = +0.006
      cos(pr_vs_grl_p           ) = +0.000
      cos(sid_vs_grl            ) = +0.000
      cos(sid_vs_grl_p          ) = +0.022
      cos(grl_vs_grl_p          ) = +0.000
  step   5000/12000  recon=0.0999  pr=0.2873  sid=0.1820  grl=5.4990(acc=0.000)  grl_p=3.4616(per=0.998)  dead=0.0%  L/P/U=3072/1024/1024  actL/P/U=160/64/32  H=nan  Hu=nan  spec<.5=nan  marg=nan  lstd=nan  lr=6.71e-05
  [val] step=5000  recon=0.1005  pr=0.2896  | z_L PR=0.072 SID=0.005  | z_P PR=0.999 SID=1.000
  step   5100/12000  recon=0.1004  pr=0.2883  sid=0.1039  grl=5.4874(acc=0.000)  grl_p=3.4144(per=0.998)  dead=0.1%  L/P/U=3072/1024/1024  actL/P/U=160/64/32  H=nan  Hu=nan  spec<.5=nan  marg=nan  lstd=nan  lr=6.58e-05
  step   5200/12000  recon=0.1014  pr=0.3129  sid=0.1112  grl=5.5039(acc=0.001)  grl_p=3.4185(per=0.999)  dead=0.1%  L/P/U=3072/1024/1024  actL/P/U=160/64/32  H=nan  Hu=nan  spec<.5=nan  marg=nan  lstd=nan  lr=6.45e-05
  step   5300/12000  recon=0.1011  pr=0.2955  sid=0.0981  grl=5.5266(acc=0.000)  grl_p=3.4540(per=0.998)  dead=0.2%  L/P/U=3072/1024/1024  actL/P/U=160/64/32  H=nan  Hu=nan  spec<.5=nan  marg=nan  lstd=nan  lr=6.32e-05
  step   5400/12000  recon=0.1000  pr=0.3307  sid=0.1589  grl=5.5341(acc=0.006)  grl_p=3.4481(per=0.999)  dead=0.2%  L/P/U=3072/1024/1024  actL/P/U=160/64/32  H=nan  Hu=nan  spec<.5=nan  marg=nan  lstd=nan  lr=6.19e-05
  [grad_norms @5500]
    recon             |g|=0.05658  ratio=1.000x recon
    pr_raw            |g|=0.32339  ratio=5.715x recon
    pr_weighted       |g|=0.25871  ratio=4.572x recon
    sid_raw           |g|=0.50358  ratio=8.899x recon
    sid_weighted      |g|=0.30215  ratio=5.340x recon
    grl               |g|=9.86315  ratio=174.307x recon
    grl_p             |g|=0.18709  ratio=3.306x recon
    route             |g|=0.00000  ratio=0.000x recon
    per-frame |dL/dz[t]|:  grl(z_L)=0.00023   grl_p(z_P)=0.00015   (grl_p/grl = 0.6x  <- pooled-vs-dense dilution)
    [grad_cos @5500]  shared=sae.enc_weight; cos<0 = conflict
      cos(recon_vs_pr           ) = +0.006
      cos(recon_vs_sid          ) = +0.033
      cos(recon_vs_grl          ) = +0.001
      cos(recon_vs_grl_p        ) = -0.006
      cos(pr_vs_sid             ) = +0.000
      cos(pr_vs_grl             ) = -0.018
      cos(pr_vs_grl_p           ) = +0.000
      cos(sid_vs_grl            ) = +0.000
      cos(sid_vs_grl_p          ) = +0.006
      cos(grl_vs_grl_p          ) = +0.000
  step   5500/12000  recon=0.1017  pr=0.3161  sid=0.0968  grl=5.4588(acc=0.024)  grl_p=3.4589(per=0.999)  dead=0.2%  L/P/U=3072/1024/1024  actL/P/U=160/64/32  H=nan  Hu=nan  spec<.5=nan  marg=nan  lstd=nan  lr=6.06e-05
  step   5600/12000  recon=0.0991  pr=0.2518  sid=0.1625  grl=5.4950(acc=0.000)  grl_p=3.4289(per=0.998)  dead=0.2%  L/P/U=3072/1024/1024  actL/P/U=160/64/32  H=nan  Hu=nan  spec<.5=nan  marg=nan  lstd=nan  lr=5.92e-05
  step   5700/12000  recon=0.1038  pr=0.3017  sid=0.0954  grl=5.5579(acc=0.005)  grl_p=3.4366(per=0.999)  dead=0.3%  L/P/U=3072/1024/1024  actL/P/U=160/64/32  H=nan  Hu=nan  spec<.5=nan  marg=nan  lstd=nan  lr=5.79e-05
  step   5800/12000  recon=0.0989  pr=0.2942  sid=0.1255  grl=5.5159(acc=0.001)  grl_p=3.4530(per=0.999)  dead=0.4%  L/P/U=3072/1024/1024  actL/P/U=160/64/32  H=nan  Hu=nan  spec<.5=nan  marg=nan  lstd=nan  lr=5.66e-05
  step   5900/12000  recon=0.1026  pr=0.3333  sid=0.0915  grl=5.5165(acc=0.002)  grl_p=3.4965(per=1.000)  dead=0.5%  L/P/U=3072/1024/1024  actL/P/U=160/64/32  H=nan  Hu=nan  spec<.5=nan  marg=nan  lstd=nan  lr=5.52e-05
  [grad_norms @6000]
    recon             |g|=0.05959  ratio=1.000x recon
    pr_raw            |g|=0.31155  ratio=5.229x recon
    pr_weighted       |g|=0.24924  ratio=4.183x recon
    sid_raw           |g|=0.83066  ratio=13.941x recon
    sid_weighted      |g|=0.49839  ratio=8.364x recon
    grl               |g|=2.37710  ratio=39.894x recon
    grl_p             |g|=0.22343  ratio=3.750x recon
    route             |g|=0.00000  ratio=0.000x recon
    per-frame |dL/dz[t]|:  grl(z_L)=0.00024   grl_p(z_P)=0.00017   (grl_p/grl = 0.7x  <- pooled-vs-dense dilution)
    [grad_cos @6000]  shared=sae.enc_weight; cos<0 = conflict
      cos(recon_vs_pr           ) = +0.014
      cos(recon_vs_sid          ) = +0.013
      cos(recon_vs_grl          ) = +0.001
      cos(recon_vs_grl_p        ) = -0.001
      cos(pr_vs_sid             ) = +0.000
      cos(pr_vs_grl             ) = +0.004
      cos(pr_vs_grl_p           ) = +0.000
      cos(sid_vs_grl            ) = +0.000
      cos(sid_vs_grl_p          ) = +0.013
      cos(grl_vs_grl_p          ) = +0.000
  step   6000/12000  recon=0.1019  pr=0.2560  sid=0.1122  grl=5.5369(acc=0.000)  grl_p=3.4943(per=0.998)  dead=0.7%  L/P/U=3072/1024/1024  actL/P/U=160/64/32  H=nan  Hu=nan  spec<.5=nan  marg=nan  lstd=nan  lr=5.39e-05
  [val] step=6000  recon=0.1020  pr=0.3180  | z_L PR=0.079 SID=0.006  | z_P PR=0.999 SID=1.000
  step   6100/12000  recon=0.1008  pr=0.2897  sid=0.1002  grl=5.5096(acc=0.001)  grl_p=3.4325(per=0.999)  dead=0.9%  L/P/U=3072/1024/1024  actL/P/U=160/64/32  H=nan  Hu=nan  spec<.5=nan  marg=nan  lstd=nan  lr=5.25e-05
  step   6200/12000  recon=0.1026  pr=0.2928  sid=0.0825  grl=5.5057(acc=0.003)  grl_p=3.4220(per=0.999)  dead=1.1%  L/P/U=3072/1024/1024  actL/P/U=160/64/32  H=nan  Hu=nan  spec<.5=nan  marg=nan  lstd=nan  lr=5.12e-05
  step   6300/12000  recon=0.1029  pr=0.3160  sid=0.0978  grl=5.5039(acc=0.001)  grl_p=3.4637(per=0.998)  dead=1.3%  L/P/U=3072/1024/1024  actL/P/U=160/64/32  H=nan  Hu=nan  spec<.5=nan  marg=nan  lstd=nan  lr=4.98e-05
  step   6400/12000  recon=0.1025  pr=0.3141  sid=0.1532  grl=5.5081(acc=0.003)  grl_p=3.4927(per=0.999)  dead=1.6%  L/P/U=3072/1024/1024  actL/P/U=160/64/32  H=nan  Hu=nan  spec<.5=nan  marg=nan  lstd=nan  lr=4.85e-05
  [grad_norms @6500]
    recon             |g|=0.05838  ratio=1.000x recon
    pr_raw            |g|=0.39798  ratio=6.817x recon
    pr_weighted       |g|=0.31839  ratio=5.454x recon
    sid_raw           |g|=0.80234  ratio=13.744x recon
    sid_weighted      |g|=0.48141  ratio=8.246x recon
    grl               |g|=2.83377  ratio=48.542x recon
    grl_p             |g|=0.16688  ratio=2.859x recon
    route             |g|=0.00000  ratio=0.000x recon
    per-frame |dL/dz[t]|:  grl(z_L)=0.00026   grl_p(z_P)=0.00014   (grl_p/grl = 0.5x  <- pooled-vs-dense dilution)
    [grad_cos @6500]  shared=sae.enc_weight; cos<0 = conflict
      cos(recon_vs_pr           ) = +0.009
      cos(recon_vs_sid          ) = +0.021
      cos(recon_vs_grl          ) = -0.002
      cos(recon_vs_grl_p        ) = -0.007
      cos(pr_vs_sid             ) = +0.000
      cos(pr_vs_grl             ) = -0.020
      cos(pr_vs_grl_p           ) = +0.000
      cos(sid_vs_grl            ) = +0.000
      cos(sid_vs_grl_p          ) = +0.011
      cos(grl_vs_grl_p          ) = +0.000
  step   6500/12000  recon=0.1049  pr=0.3703  sid=0.1233  grl=5.5348(acc=0.002)  grl_p=3.4488(per=0.999)  dead=2.1%  L/P/U=3072/1024/1024  actL/P/U=160/64/32  H=nan  Hu=nan  spec<.5=nan  marg=nan  lstd=nan  lr=4.71e-05
  step   6600/12000  recon=0.1046  pr=0.4074  sid=0.0771  grl=5.4590(acc=0.073)  grl_p=3.4243(per=0.996)  dead=2.6%  L/P/U=3072/1024/1024  actL/P/U=160/64/32  H=nan  Hu=nan  spec<.5=nan  marg=nan  lstd=nan  lr=4.58e-05
  step   6700/12000  recon=0.1024  pr=0.3255  sid=0.0434  grl=5.4976(acc=0.000)  grl_p=3.4718(per=0.999)  dead=2.7%  L/P/U=3072/1024/1024  actL/P/U=160/64/32  H=nan  Hu=nan  spec<.5=nan  marg=nan  lstd=nan  lr=4.44e-05
  step   6800/12000  recon=0.1024  pr=0.3047  sid=0.0822  grl=5.4332(acc=0.015)  grl_p=3.4498(per=0.997)  dead=2.9%  L/P/U=3072/1024/1024  actL/P/U=160/64/32  H=nan  Hu=nan  spec<.5=nan  marg=nan  lstd=nan  lr=4.31e-05
  step   6900/12000  recon=0.1030  pr=0.4339  sid=0.0945  grl=5.4832(acc=0.002)  grl_p=3.4225(per=1.000)  dead=2.9%  L/P/U=3072/1024/1024  actL/P/U=160/64/32  H=nan  Hu=nan  spec<.5=nan  marg=nan  lstd=nan  lr=4.18e-05
  [grad_norms @7000]
    recon             |g|=0.05623  ratio=1.000x recon
    pr_raw            |g|=0.33379  ratio=5.936x recon
    pr_weighted       |g|=0.26703  ratio=4.749x recon
    sid_raw           |g|=0.42812  ratio=7.613x recon
    sid_weighted      |g|=0.25687  ratio=4.568x recon
    grl               |g|=6.31426  ratio=112.290x recon
    grl_p             |g|=0.19575  ratio=3.481x recon
    route             |g|=0.00000  ratio=0.000x recon
    per-frame |dL/dz[t]|:  grl(z_L)=0.00044   grl_p(z_P)=0.00015   (grl_p/grl = 0.4x  <- pooled-vs-dense dilution)
    [grad_cos @7000]  shared=sae.enc_weight; cos<0 = conflict
      cos(recon_vs_pr           ) = +0.014
      cos(recon_vs_sid          ) = +0.017
      cos(recon_vs_grl          ) = +0.005
      cos(recon_vs_grl_p        ) = -0.006
      cos(pr_vs_sid             ) = +0.000
      cos(pr_vs_grl             ) = +0.002
      cos(pr_vs_grl_p           ) = +0.000
      cos(sid_vs_grl            ) = +0.000
      cos(sid_vs_grl_p          ) = -0.009
      cos(grl_vs_grl_p          ) = +0.000
  step   7000/12000  recon=0.1025  pr=0.2777  sid=0.0641  grl=5.5384(acc=0.001)  grl_p=3.3969(per=0.998)  dead=3.2%  L/P/U=3072/1024/1024  actL/P/U=160/64/32  H=nan  Hu=nan  spec<.5=nan  marg=nan  lstd=nan  lr=4.04e-05
  [val] step=7000  recon=0.1031  pr=0.3413  | z_L PR=0.084 SID=0.005  | z_P PR=0.999 SID=1.000
  step   7100/12000  recon=0.1031  pr=0.2991  sid=0.1660  grl=5.5368(acc=0.001)  grl_p=3.4058(per=0.998)  dead=3.2%  L/P/U=3072/1024/1024  actL/P/U=160/64/32  H=nan  Hu=nan  spec<.5=nan  marg=nan  lstd=nan  lr=3.91e-05
  step   7200/12000  recon=0.1029  pr=0.3159  sid=0.1037  grl=5.5581(acc=0.000)  grl_p=3.4387(per=1.000)  dead=3.5%  L/P/U=3072/1024/1024  actL/P/U=160/64/32  H=nan  Hu=nan  spec<.5=nan  marg=nan  lstd=nan  lr=3.78e-05
  step   7300/12000  recon=0.1025  pr=0.3217  sid=0.1039  grl=5.4584(acc=0.007)  grl_p=3.3827(per=0.999)  dead=3.7%  L/P/U=3072/1024/1024  actL/P/U=160/64/32  H=nan  Hu=nan  spec<.5=nan  marg=nan  lstd=nan  lr=3.65e-05
  step   7400/12000  recon=0.1018  pr=0.3228  sid=0.0473  grl=5.4888(acc=0.001)  grl_p=3.4009(per=0.999)  dead=4.1%  L/P/U=3072/1024/1024  actL/P/U=160/64/32  H=nan  Hu=nan  spec<.5=nan  marg=nan  lstd=nan  lr=3.52e-05
  [grad_norms @7500]
    recon             |g|=0.05957  ratio=1.000x recon
    pr_raw            |g|=0.42051  ratio=7.060x recon
    pr_weighted       |g|=0.33641  ratio=5.648x recon
    sid_raw           |g|=0.37013  ratio=6.214x recon
    sid_weighted      |g|=0.22208  ratio=3.728x recon
    grl               |g|=3.61128  ratio=60.627x recon
    grl_p             |g|=0.20738  ratio=3.482x recon
    route             |g|=0.00000  ratio=0.000x recon
    per-frame |dL/dz[t]|:  grl(z_L)=0.00039   grl_p(z_P)=0.00016   (grl_p/grl = 0.4x  <- pooled-vs-dense dilution)
    [grad_cos @7500]  shared=sae.enc_weight; cos<0 = conflict
      cos(recon_vs_pr           ) = +0.008
      cos(recon_vs_sid          ) = +0.020
      cos(recon_vs_grl          ) = -0.001
      cos(recon_vs_grl_p        ) = -0.002
      cos(pr_vs_sid             ) = +0.000
      cos(pr_vs_grl             ) = +0.006
      cos(pr_vs_grl_p           ) = +0.000
      cos(sid_vs_grl            ) = +0.000
      cos(sid_vs_grl_p          ) = +0.008
      cos(grl_vs_grl_p          ) = +0.000
  step   7500/12000  recon=0.1027  pr=0.3451  sid=0.0540  grl=5.4895(acc=0.002)  grl_p=3.4520(per=0.999)  dead=4.5%  L/P/U=3072/1024/1024  actL/P/U=160/64/32  H=nan  Hu=nan  spec<.5=nan  marg=nan  lstd=nan  lr=3.39e-05
  step   7600/12000  recon=0.1015  pr=0.3986  sid=0.0851  grl=5.5076(acc=0.004)  grl_p=3.4628(per=0.995)  dead=4.5%  L/P/U=3072/1024/1024  actL/P/U=160/64/32  H=nan  Hu=nan  spec<.5=nan  marg=nan  lstd=nan  lr=3.27e-05
  step   7700/12000  recon=0.1034  pr=0.3503  sid=0.1012  grl=5.5505(acc=0.005)  grl_p=3.4328(per=0.999)  dead=4.5%  L/P/U=3072/1024/1024  actL/P/U=160/64/32  H=nan  Hu=nan  spec<.5=nan  marg=nan  lstd=nan  lr=3.14e-05
  step   7800/12000  recon=0.1053  pr=0.4455  sid=0.0627  grl=5.5030(acc=0.002)  grl_p=3.4858(per=1.000)  dead=4.4%  L/P/U=3072/1024/1024  actL/P/U=160/64/32  H=nan  Hu=nan  spec<.5=nan  marg=nan  lstd=nan  lr=3.02e-05
  step   7900/12000  recon=0.1031  pr=0.3245  sid=0.1056  grl=5.5168(acc=0.009)  grl_p=3.3843(per=1.000)  dead=4.8%  L/P/U=3072/1024/1024  actL/P/U=160/64/32  H=nan  Hu=nan  spec<.5=nan  marg=nan  lstd=nan  lr=2.89e-05
  [grad_norms @8000]
    recon             |g|=0.05586  ratio=1.000x recon
    pr_raw            |g|=0.40574  ratio=7.263x recon
    pr_weighted       |g|=0.32459  ratio=5.810x recon
    sid_raw           |g|=0.41013  ratio=7.342x recon
    sid_weighted      |g|=0.24608  ratio=4.405x recon
    grl               |g|=5.73463  ratio=102.654x recon
    grl_p             |g|=0.16491  ratio=2.952x recon
    route             |g|=0.00000  ratio=0.000x recon
    per-frame |dL/dz[t]|:  grl(z_L)=0.00039   grl_p(z_P)=0.00013   (grl_p/grl = 0.3x  <- pooled-vs-dense dilution)
    [grad_cos @8000]  shared=sae.enc_weight; cos<0 = conflict
      cos(recon_vs_pr           ) = +0.013
      cos(recon_vs_sid          ) = +0.024
      cos(recon_vs_grl          ) = -0.007
      cos(recon_vs_grl_p        ) = -0.007
      cos(pr_vs_sid             ) = +0.000
      cos(pr_vs_grl             ) = +0.024
      cos(pr_vs_grl_p           ) = +0.000
      cos(sid_vs_grl            ) = +0.000
      cos(sid_vs_grl_p          ) = -0.009
      cos(grl_vs_grl_p          ) = +0.000
  step   8000/12000  recon=0.1038  pr=0.3586  sid=0.0700  grl=5.4676(acc=0.004)  grl_p=3.4518(per=1.000)  dead=4.8%  L/P/U=3072/1024/1024  actL/P/U=160/64/32  H=nan  Hu=nan  spec<.5=nan  marg=nan  lstd=nan  lr=2.77e-05
  [val] step=8000  recon=0.1035  pr=0.3599  | z_L PR=0.089 SID=0.005  | z_P PR=0.999 SID=1.000
  step   8100/12000  recon=0.1032  pr=0.3606  sid=0.0467  grl=5.4600(acc=0.006)  grl_p=3.3819(per=0.999)  dead=5.0%  L/P/U=3072/1024/1024  actL/P/U=160/64/32  H=nan  Hu=nan  spec<.5=nan  marg=nan  lstd=nan  lr=2.65e-05
  step   8200/12000  recon=0.1028  pr=0.3897  sid=0.0888  grl=5.4899(acc=0.002)  grl_p=3.4560(per=0.998)  dead=5.4%  L/P/U=3072/1024/1024  actL/P/U=160/64/32  H=nan  Hu=nan  spec<.5=nan  marg=nan  lstd=nan  lr=2.54e-05
  step   8300/12000  recon=0.1019  pr=0.4805  sid=0.0628  grl=5.5517(acc=0.010)  grl_p=3.4238(per=1.000)  dead=5.8%  L/P/U=3072/1024/1024  actL/P/U=160/64/32  H=nan  Hu=nan  spec<.5=nan  marg=nan  lstd=nan  lr=2.42e-05
  step   8400/12000  recon=0.1053  pr=0.3557  sid=0.0732  grl=5.5238(acc=0.004)  grl_p=3.4456(per=0.999)  dead=6.0%  L/P/U=3072/1024/1024  actL/P/U=160/64/32  H=nan  Hu=nan  spec<.5=nan  marg=nan  lstd=nan  lr=2.31e-05
  [grad_norms @8500]
    recon             |g|=0.05821  ratio=1.000x recon
    pr_raw            |g|=0.39950  ratio=6.863x recon
    pr_weighted       |g|=0.31960  ratio=5.490x recon
    sid_raw           |g|=0.47776  ratio=8.207x recon
    sid_weighted      |g|=0.28666  ratio=4.924x recon
    grl               |g|=5.20084  ratio=89.341x recon
    grl_p             |g|=0.18505  ratio=3.179x recon
    route             |g|=0.00000  ratio=0.000x recon
    per-frame |dL/dz[t]|:  grl(z_L)=0.00044   grl_p(z_P)=0.00014   (grl_p/grl = 0.3x  <- pooled-vs-dense dilution)
    [grad_cos @8500]  shared=sae.enc_weight; cos<0 = conflict
      cos(recon_vs_pr           ) = +0.012
      cos(recon_vs_sid          ) = +0.018
      cos(recon_vs_grl          ) = +0.001
      cos(recon_vs_grl_p        ) = -0.004
      cos(pr_vs_sid             ) = +0.000
      cos(pr_vs_grl             ) = -0.006
      cos(pr_vs_grl_p           ) = +0.000
      cos(sid_vs_grl            ) = +0.000
      cos(sid_vs_grl_p          ) = +0.007
      cos(grl_vs_grl_p          ) = +0.000
  step   8500/12000  recon=0.1033  pr=0.3555  sid=0.0531  grl=5.4594(acc=0.022)  grl_p=3.4590(per=0.998)  dead=6.1%  L/P/U=3072/1024/1024  actL/P/U=160/64/32  H=nan  Hu=nan  spec<.5=nan  marg=nan  lstd=nan  lr=2.20e-05
  step   8600/12000  recon=0.1012  pr=0.3180  sid=0.0357  grl=5.5195(acc=0.007)  grl_p=3.4369(per=1.000)  dead=6.5%  L/P/U=3072/1024/1024  actL/P/U=160/64/32  H=nan  Hu=nan  spec<.5=nan  marg=nan  lstd=nan  lr=2.09e-05
  step   8700/12000  recon=0.1034  pr=0.3746  sid=0.1019  grl=5.4579(acc=0.016)  grl_p=3.4090(per=0.999)  dead=6.8%  L/P/U=3072/1024/1024  actL/P/U=160/64/32  H=nan  Hu=nan  spec<.5=nan  marg=nan  lstd=nan  lr=1.98e-05
  step   8800/12000  recon=0.1029  pr=0.3937  sid=0.0402  grl=5.4930(acc=0.007)  grl_p=3.4208(per=1.000)  dead=7.2%  L/P/U=3072/1024/1024  actL/P/U=160/64/32  H=nan  Hu=nan  spec<.5=nan  marg=nan  lstd=nan  lr=1.87e-05
  step   8900/12000  recon=0.1030  pr=0.3373  sid=0.0464  grl=5.4822(acc=0.006)  grl_p=3.4001(per=0.999)  dead=7.3%  L/P/U=3072/1024/1024  actL/P/U=160/64/32  H=nan  Hu=nan  spec<.5=nan  marg=nan  lstd=nan  lr=1.77e-05
  [grad_norms @9000]
    recon             |g|=0.06168  ratio=1.000x recon
    pr_raw            |g|=0.45027  ratio=7.300x recon
    pr_weighted       |g|=0.36022  ratio=5.840x recon
    sid_raw           |g|=0.80844  ratio=13.108x recon
    sid_weighted      |g|=0.48507  ratio=7.865x recon
    grl               |g|=7.85581  ratio=127.368x recon
    grl_p             |g|=0.20382  ratio=3.305x recon
    route             |g|=0.00000  ratio=0.000x recon
    per-frame |dL/dz[t]|:  grl(z_L)=0.00048   grl_p(z_P)=0.00016   (grl_p/grl = 0.3x  <- pooled-vs-dense dilution)
    [grad_cos @9000]  shared=sae.enc_weight; cos<0 = conflict
      cos(recon_vs_pr           ) = +0.010
      cos(recon_vs_sid          ) = +0.012
      cos(recon_vs_grl          ) = +0.000
      cos(recon_vs_grl_p        ) = -0.005
      cos(pr_vs_sid             ) = +0.000
      cos(pr_vs_grl             ) = +0.002
      cos(pr_vs_grl_p           ) = +0.000
      cos(sid_vs_grl            ) = +0.000
      cos(sid_vs_grl_p          ) = -0.000
      cos(grl_vs_grl_p          ) = +0.000
  step   9000/12000  recon=0.1032  pr=0.3492  sid=0.1094  grl=5.4980(acc=0.002)  grl_p=3.3906(per=0.999)  dead=7.5%  L/P/U=3072/1024/1024  actL/P/U=160/64/32  H=nan  Hu=nan  spec<.5=nan  marg=nan  lstd=nan  lr=1.67e-05
  [val] step=9000  recon=0.1035  pr=0.3703  | z_L PR=0.091 SID=0.007  | z_P PR=0.999 SID=1.000
  step   9100/12000  recon=0.1027  pr=0.3896  sid=0.0821  grl=5.5583(acc=0.002)  grl_p=3.4022(per=1.000)  dead=7.6%  L/P/U=3072/1024/1024  actL/P/U=160/64/32  H=nan  Hu=nan  spec<.5=nan  marg=nan  lstd=nan  lr=1.57e-05
  step   9200/12000  recon=0.1030  pr=0.4040  sid=0.1017  grl=5.4702(acc=0.006)  grl_p=3.4164(per=0.998)  dead=7.8%  L/P/U=3072/1024/1024  actL/P/U=160/64/32  H=nan  Hu=nan  spec<.5=nan  marg=nan  lstd=nan  lr=1.48e-05
  step   9300/12000  recon=0.1040  pr=0.3805  sid=0.1338  grl=5.5030(acc=0.001)  grl_p=3.4437(per=0.998)  dead=8.1%  L/P/U=3072/1024/1024  actL/P/U=160/64/32  H=nan  Hu=nan  spec<.5=nan  marg=nan  lstd=nan  lr=1.39e-05
  step   9400/12000  recon=0.1032  pr=0.3940  sid=0.0737  grl=5.5296(acc=0.001)  grl_p=3.4555(per=0.999)  dead=8.2%  L/P/U=3072/1024/1024  actL/P/U=160/64/32  H=nan  Hu=nan  spec<.5=nan  marg=nan  lstd=nan  lr=1.30e-05
  [grad_norms @9500]
    recon             |g|=0.05953  ratio=1.000x recon
    pr_raw            |g|=0.47022  ratio=7.898x recon
    pr_weighted       |g|=0.37617  ratio=6.319x recon
    sid_raw           |g|=0.36375  ratio=6.110x recon
    sid_weighted      |g|=0.21825  ratio=3.666x recon
    grl               |g|=5.70064  ratio=95.754x recon
    grl_p             |g|=0.21132  ratio=3.550x recon
    route             |g|=0.00000  ratio=0.000x recon
    per-frame |dL/dz[t]|:  grl(z_L)=0.00050   grl_p(z_P)=0.00016   (grl_p/grl = 0.3x  <- pooled-vs-dense dilution)
    [grad_cos @9500]  shared=sae.enc_weight; cos<0 = conflict
      cos(recon_vs_pr           ) = +0.010
      cos(recon_vs_sid          ) = +0.021
      cos(recon_vs_grl          ) = -0.004
      cos(recon_vs_grl_p        ) = -0.005
      cos(pr_vs_sid             ) = +0.000
      cos(pr_vs_grl             ) = -0.014
      cos(pr_vs_grl_p           ) = +0.000
      cos(sid_vs_grl            ) = +0.000
      cos(sid_vs_grl_p          ) = +0.002
      cos(grl_vs_grl_p          ) = +0.000
  step   9500/12000  recon=0.1016  pr=0.3764  sid=0.0446  grl=5.4876(acc=0.003)  grl_p=3.4187(per=1.000)  dead=8.3%  L/P/U=3072/1024/1024  actL/P/U=160/64/32  H=nan  Hu=nan  spec<.5=nan  marg=nan  lstd=nan  lr=1.21e-05
  step   9600/12000  recon=0.1025  pr=0.3768  sid=0.0563  grl=5.4733(acc=0.007)  grl_p=3.4502(per=0.999)  dead=8.5%  L/P/U=3072/1024/1024  actL/P/U=160/64/32  H=nan  Hu=nan  spec<.5=nan  marg=nan  lstd=nan  lr=1.13e-05
  step   9700/12000  recon=0.1046  pr=0.4306  sid=0.0561  grl=5.4824(acc=0.008)  grl_p=3.4268(per=0.999)  dead=8.6%  L/P/U=3072/1024/1024  actL/P/U=160/64/32  H=nan  Hu=nan  spec<.5=nan  marg=nan  lstd=nan  lr=1.05e-05
  step   9800/12000  recon=0.1031  pr=0.3764  sid=0.0427  grl=5.4813(acc=0.004)  grl_p=3.4489(per=1.000)  dead=8.7%  L/P/U=3072/1024/1024  actL/P/U=160/64/32  H=nan  Hu=nan  spec<.5=nan  marg=nan  lstd=nan  lr=9.67e-06
  step   9900/12000  recon=0.1022  pr=0.3884  sid=0.0476  grl=5.4803(acc=0.008)  grl_p=3.4503(per=0.999)  dead=8.8%  L/P/U=3072/1024/1024  actL/P/U=160/64/32  H=nan  Hu=nan  spec<.5=nan  marg=nan  lstd=nan  lr=8.92e-06
  [grad_norms @10000]
    recon             |g|=0.05910  ratio=1.000x recon
    pr_raw            |g|=0.47241  ratio=7.993x recon
    pr_weighted       |g|=0.37793  ratio=6.395x recon
    sid_raw           |g|=0.35952  ratio=6.083x recon
    sid_weighted      |g|=0.21571  ratio=3.650x recon
    grl               |g|=5.43711  ratio=91.997x recon
    grl_p             |g|=0.17665  ratio=2.989x recon
    route             |g|=0.00000  ratio=0.000x recon
    per-frame |dL/dz[t]|:  grl(z_L)=0.00054   grl_p(z_P)=0.00015   (grl_p/grl = 0.3x  <- pooled-vs-dense dilution)
    [grad_cos @10000]  shared=sae.enc_weight; cos<0 = conflict
      cos(recon_vs_pr           ) = +0.003
      cos(recon_vs_sid          ) = +0.024
      cos(recon_vs_grl          ) = -0.004
      cos(recon_vs_grl_p        ) = -0.006
      cos(pr_vs_sid             ) = +0.000
      cos(pr_vs_grl             ) = +0.014
      cos(pr_vs_grl_p           ) = +0.000
      cos(sid_vs_grl            ) = +0.000
      cos(sid_vs_grl_p          ) = -0.002
      cos(grl_vs_grl_p          ) = +0.000
  step  10000/12000  recon=0.1027  pr=0.3231  sid=0.0506  grl=5.4642(acc=0.006)  grl_p=3.4201(per=1.000)  dead=8.9%  L/P/U=3072/1024/1024  actL/P/U=160/64/32  H=nan  Hu=nan  spec<.5=nan  marg=nan  lstd=nan  lr=8.21e-06
  [val] step=10000  recon=0.1035  pr=0.3728  | z_L PR=0.090 SID=0.008  | z_P PR=0.999 SID=1.000
  step  10100/12000  recon=0.1033  pr=0.4041  sid=0.0683  grl=5.4623(acc=0.003)  grl_p=3.4598(per=0.998)  dead=9.0%  L/P/U=3072/1024/1024  actL/P/U=160/64/32  H=nan  Hu=nan  spec<.5=nan  marg=nan  lstd=nan  lr=7.52e-06
  step  10200/12000  recon=0.1048  pr=0.4335  sid=0.0816  grl=5.5190(acc=0.003)  grl_p=3.4460(per=0.998)  dead=9.1%  L/P/U=3072/1024/1024  actL/P/U=160/64/32  H=nan  Hu=nan  spec<.5=nan  marg=nan  lstd=nan  lr=6.86e-06
  step  10300/12000  recon=0.1035  pr=0.3859  sid=0.1001  grl=5.5094(acc=0.004)  grl_p=3.4162(per=0.999)  dead=9.2%  L/P/U=3072/1024/1024  actL/P/U=160/64/32  H=nan  Hu=nan  spec<.5=nan  marg=nan  lstd=nan  lr=6.24e-06
  step  10400/12000  recon=0.1035  pr=0.3414  sid=0.1342  grl=5.4381(acc=0.015)  grl_p=3.4256(per=0.998)  dead=9.4%  L/P/U=3072/1024/1024  actL/P/U=160/64/32  H=nan  Hu=nan  spec<.5=nan  marg=nan  lstd=nan  lr=5.65e-06
  [grad_norms @10500]
    recon             |g|=0.05961  ratio=1.000x recon
    pr_raw            |g|=0.46977  ratio=7.881x recon
    pr_weighted       |g|=0.37581  ratio=6.305x recon
    sid_raw           |g|=0.18047  ratio=3.028x recon
    sid_weighted      |g|=0.10828  ratio=1.817x recon
    grl               |g|=7.67218  ratio=128.712x recon
    grl_p             |g|=0.23632  ratio=3.965x recon
    route             |g|=0.00000  ratio=0.000x recon
    per-frame |dL/dz[t]|:  grl(z_L)=0.00084   grl_p(z_P)=0.00015   (grl_p/grl = 0.2x  <- pooled-vs-dense dilution)
    [grad_cos @10500]  shared=sae.enc_weight; cos<0 = conflict
      cos(recon_vs_pr           ) = +0.022
      cos(recon_vs_sid          ) = +0.025
      cos(recon_vs_grl          ) = -0.006
      cos(recon_vs_grl_p        ) = -0.001
      cos(pr_vs_sid             ) = +0.000
      cos(pr_vs_grl             ) = +0.017
      cos(pr_vs_grl_p           ) = +0.000
      cos(sid_vs_grl            ) = +0.000
      cos(sid_vs_grl_p          ) = -0.011
      cos(grl_vs_grl_p          ) = +0.000
  step  10500/12000  recon=0.1028  pr=0.3224  sid=0.0314  grl=5.4732(acc=0.006)  grl_p=3.4481(per=0.999)  dead=9.4%  L/P/U=3072/1024/1024  actL/P/U=160/64/32  H=nan  Hu=nan  spec<.5=nan  marg=nan  lstd=nan  lr=5.10e-06
  step  10600/12000  recon=0.1021  pr=0.3982  sid=0.0777  grl=5.4966(acc=0.005)  grl_p=3.4431(per=0.997)  dead=9.2%  L/P/U=3072/1024/1024  actL/P/U=160/64/32  H=nan  Hu=nan  spec<.5=nan  marg=nan  lstd=nan  lr=4.58e-06
  step  10700/12000  recon=0.1025  pr=0.3269  sid=0.0917  grl=5.4127(acc=0.014)  grl_p=3.4241(per=1.000)  dead=9.2%  L/P/U=3072/1024/1024  actL/P/U=160/64/32  H=nan  Hu=nan  spec<.5=nan  marg=nan  lstd=nan  lr=4.09e-06
  step  10800/12000  recon=0.1045  pr=0.4710  sid=0.0940  grl=5.4567(acc=0.007)  grl_p=3.4344(per=0.998)  dead=9.4%  L/P/U=3072/1024/1024  actL/P/U=160/64/32  H=nan  Hu=nan  spec<.5=nan  marg=nan  lstd=nan  lr=3.64e-06
  step  10900/12000  recon=0.1047  pr=0.3763  sid=0.0565  grl=5.5100(acc=0.008)  grl_p=3.4469(per=0.998)  dead=9.0%  L/P/U=3072/1024/1024  actL/P/U=160/64/32  H=nan  Hu=nan  spec<.5=nan  marg=nan  lstd=nan  lr=3.22e-06
  [grad_norms @11000]
    recon             |g|=0.05827  ratio=1.000x recon
    pr_raw            |g|=0.48452  ratio=8.315x recon
    pr_weighted       |g|=0.38762  ratio=6.652x recon
    sid_raw           |g|=0.30303  ratio=5.201x recon
    sid_weighted      |g|=0.18182  ratio=3.120x recon
    grl               |g|=11.30865  ratio=194.078x recon
    grl_p             |g|=0.19710  ratio=3.383x recon
    route             |g|=0.00000  ratio=0.000x recon
    per-frame |dL/dz[t]|:  grl(z_L)=0.00090   grl_p(z_P)=0.00016   (grl_p/grl = 0.2x  <- pooled-vs-dense dilution)
    [grad_cos @11000]  shared=sae.enc_weight; cos<0 = conflict
      cos(recon_vs_pr           ) = +0.016
      cos(recon_vs_sid          ) = +0.023
      cos(recon_vs_grl          ) = -0.003
      cos(recon_vs_grl_p        ) = -0.004
      cos(pr_vs_sid             ) = +0.000
      cos(pr_vs_grl             ) = -0.012
      cos(pr_vs_grl_p           ) = +0.000
      cos(sid_vs_grl            ) = +0.000
      cos(sid_vs_grl_p          ) = +0.031
      cos(grl_vs_grl_p          ) = +0.000
  step  11000/12000  recon=0.1025  pr=0.3565  sid=0.0433  grl=5.4464(acc=0.004)  grl_p=3.4339(per=1.000)  dead=9.1%  L/P/U=3072/1024/1024  actL/P/U=160/64/32  H=nan  Hu=nan  spec<.5=nan  marg=nan  lstd=nan  lr=2.84e-06
  [val] step=11000  recon=0.1033  pr=0.3702  | z_L PR=0.091 SID=0.009  | z_P PR=0.999 SID=1.000
  step  11100/12000  recon=0.1028  pr=0.3694  sid=0.0303  grl=5.4634(acc=0.012)  grl_p=3.4422(per=0.997)  dead=9.4%  L/P/U=3072/1024/1024  actL/P/U=160/64/32  H=nan  Hu=nan  spec<.5=nan  marg=nan  lstd=nan  lr=2.49e-06
  step  11200/12000  recon=0.1013  pr=0.3712  sid=0.0703  grl=5.4313(acc=0.004)  grl_p=3.3974(per=0.998)  dead=9.4%  L/P/U=3072/1024/1024  actL/P/U=160/64/32  H=nan  Hu=nan  spec<.5=nan  marg=nan  lstd=nan  lr=2.18e-06
  step  11300/12000  recon=0.1023  pr=0.3544  sid=0.0437  grl=5.4865(acc=0.002)  grl_p=3.4155(per=0.997)  dead=9.1%  L/P/U=3072/1024/1024  actL/P/U=160/64/32  H=nan  Hu=nan  spec<.5=nan  marg=nan  lstd=nan  lr=1.90e-06
  step  11400/12000  recon=0.1048  pr=0.4007  sid=0.0425  grl=5.4432(acc=0.026)  grl_p=3.4501(per=0.999)  dead=9.0%  L/P/U=3072/1024/1024  actL/P/U=160/64/32  H=nan  Hu=nan  spec<.5=nan  marg=nan  lstd=nan  lr=1.66e-06
  [grad_norms @11500]
    recon             |g|=0.06017  ratio=1.000x recon
    pr_raw            |g|=0.62418  ratio=10.374x recon
    pr_weighted       |g|=0.49935  ratio=8.299x recon
    sid_raw           |g|=0.76065  ratio=12.642x recon
    sid_weighted      |g|=0.45639  ratio=7.585x recon
    grl               |g|=7.91013  ratio=131.464x recon
    grl_p             |g|=0.19025  ratio=3.162x recon
    route             |g|=0.00000  ratio=0.000x recon
    per-frame |dL/dz[t]|:  grl(z_L)=0.00091   grl_p(z_P)=0.00016   (grl_p/grl = 0.2x  <- pooled-vs-dense dilution)
    [grad_cos @11500]  shared=sae.enc_weight; cos<0 = conflict
      cos(recon_vs_pr           ) = +0.014
      cos(recon_vs_sid          ) = +0.021
      cos(recon_vs_grl          ) = +0.001
      cos(recon_vs_grl_p        ) = -0.003
      cos(pr_vs_sid             ) = +0.000
      cos(pr_vs_grl             ) = +0.028
      cos(pr_vs_grl_p           ) = +0.000
      cos(sid_vs_grl            ) = +0.000
      cos(sid_vs_grl_p          ) = +0.009
      cos(grl_vs_grl_p          ) = +0.000
  step  11500/12000  recon=0.1037  pr=0.3765  sid=0.0715  grl=5.4946(acc=0.008)  grl_p=3.4362(per=0.999)  dead=9.3%  L/P/U=3072/1024/1024  actL/P/U=160/64/32  H=nan  Hu=nan  spec<.5=nan  marg=nan  lstd=nan  lr=1.46e-06
  step  11600/12000  recon=0.1028  pr=0.3278  sid=0.0868  grl=5.3863(acc=0.013)  grl_p=3.4333(per=0.999)  dead=9.3%  L/P/U=3072/1024/1024  actL/P/U=160/64/32  H=nan  Hu=nan  spec<.5=nan  marg=nan  lstd=nan  lr=1.30e-06
  step  11700/12000  recon=0.1009  pr=0.3098  sid=0.0683  grl=5.4404(acc=0.011)  grl_p=3.4335(per=0.999)  dead=9.2%  L/P/U=3072/1024/1024  actL/P/U=160/64/32  H=nan  Hu=nan  spec<.5=nan  marg=nan  lstd=nan  lr=1.17e-06
  step  11800/12000  recon=0.1033  pr=0.3894  sid=0.0859  grl=5.4523(acc=0.004)  grl_p=3.3990(per=0.999)  dead=9.3%  L/P/U=3072/1024/1024  actL/P/U=160/64/32  H=nan  Hu=nan  spec<.5=nan  marg=nan  lstd=nan  lr=1.07e-06
  step  11900/12000  recon=0.1028  pr=0.4409  sid=0.0756  grl=5.4376(acc=0.006)  grl_p=3.3932(per=0.999)  dead=9.3%  L/P/U=3072/1024/1024  actL/P/U=160/64/32  H=nan  Hu=nan  spec<.5=nan  marg=nan  lstd=nan  lr=1.02e-06
  [grad_norms @12000]
    recon             |g|=0.06125  ratio=1.000x recon
    pr_raw            |g|=0.65740  ratio=10.734x recon
    pr_weighted       |g|=0.52592  ratio=8.587x recon
    sid_raw           |g|=0.72739  ratio=11.877x recon
    sid_weighted      |g|=0.43644  ratio=7.126x recon
    grl               |g|=12.26248  ratio=200.218x recon
    grl_p             |g|=0.27706  ratio=4.524x recon
    route             |g|=0.00000  ratio=0.000x recon
    per-frame |dL/dz[t]|:  grl(z_L)=0.00092   grl_p(z_P)=0.00019   (grl_p/grl = 0.2x  <- pooled-vs-dense dilution)
    [grad_cos @12000]  shared=sae.enc_weight; cos<0 = conflict
      cos(recon_vs_pr           ) = +0.001
      cos(recon_vs_sid          ) = +0.026
      cos(recon_vs_grl          ) = +0.002
      cos(recon_vs_grl_p        ) = -0.005
      cos(pr_vs_sid             ) = +0.000
      cos(pr_vs_grl             ) = +0.005
      cos(pr_vs_grl_p           ) = +0.000
      cos(sid_vs_grl            ) = +0.000
      cos(sid_vs_grl_p          ) = +0.000
      cos(grl_vs_grl_p          ) = +0.000
  step  12000/12000  recon=0.1031  pr=0.4565  sid=0.0656  grl=5.3961(acc=0.014)  grl_p=3.3902(per=0.998)  dead=9.3%  L/P/U=3072/1024/1024  actL/P/U=160/64/32  H=nan  Hu=nan  spec<.5=nan  marg=nan  lstd=nan  lr=1.00e-06
  [val] step=12000  recon=0.1032  pr=0.3687  | z_L PR=0.091 SID=0.010  | z_P PR=0.999 SID=1.000

[stage 2] done.  Best disent_score=0.0783  → /rds/user/bbg25/hpc-work/Thesis/Final-Proj/Disentanglement/checkpoints/job2_dense_clip_gp02/stage2_best.pt

[done]  best checkpoint → /rds/user/bbg25/hpc-work/Thesis/Final-Proj/Disentanglement/checkpoints/job2_dense_clip_gp02/stage2_best.pt

----- held-out diagnostic probe: z_L and z_P -----
Wed 24 Jun 17:19:59 BST 2026
[diag_probe] run=diag_job2_dense_clip_gp02  device=cuda
[diag_probe] seed=42
[diag_probe] stage1_ckpt=/rds/user/bbg25/hpc-work/Thesis/Final-Proj/Disentanglement/checkpoints/job2_dense_clip_gp02/stage2_best.pt
[diag_probe] stage2_ckpt=/rds/user/bbg25/hpc-work/Thesis/Final-Proj/Disentanglement/checkpoints/job2_dense_clip_gp02/stage2_best.pt
[diag_probe] sources=['z_L', 'z_P']  tasks=['pr', 'sid']
[diag_probe] probe_steps=10000  pr_lr=0.0005  sid_lr=0.001  warmup=0  val_every=250  patience=8
[pr_data] loaded LibriSpeech lexicon: 200,000 entries
[pr_data] loading train-clean-100 …
[pr_data] loading dev-clean …
[pr_data] loading test-clean …
[pr_data]  train=28539  val=2703  test=2620  vocab_size=74
[dis_data] loaded lexicon: 200,000 entries
[dis_data] loading train-clean-100 …
[dis_data]  251 speakers
[dis_data]  train=27539  val=500  test=500  vocab=74  speakers=251
[train] WARNING: unexpected missing SAE keys: ['block_idx', 'block_m_L', 'block_m_P', 'block_m_U']
[train] loaded 3 SAE tensors from /rds/user/bbg25/hpc-work/Thesis/Final-Proj/Disentanglement/checkpoints/job2_dense_clip_gp02/stage2_best.pt  (step=4000  val=0.0783)
[diag_probe] skipped 2 shape-mismatched/stale keys (e.g. ['grl_head.context_conv.weight', 'grl_head.context_conv.bias']) — fine, probe does not use adversarial heads
[diag_probe] loaded stage2 weights from /rds/user/bbg25/hpc-work/Thesis/Final-Proj/Disentanglement/checkpoints/job2_dense_clip_gp02/stage2_best.pt

[diag_probe] speakers=251  pr_vocab=74  D=1280  K=5120
[diag_probe] PR: SUPERB 74-phone — train-clean-100 → val=dev-clean, test=test-clean
[diag_probe] SID: closed-set utterance split (val/test held out); probe arch=stats
[diag_probe] reported metric = TEST (val shown in parentheses)

  training probe: z_L -> PR ...
[pr_data] g2p_en loaded for OOV words
      [pr z_L] step 250/10000  dev PER=0.082  (best 0.082, bad 0/8)
      [pr z_L] step 500/10000  dev PER=0.074  (best 0.074, bad 0/8)
      [pr z_L] step 750/10000  dev PER=0.072  (best 0.072, bad 0/8)
      [pr z_L] step 1000/10000  dev PER=0.071  (best 0.071, bad 0/8)
      [pr z_L] step 1250/10000  dev PER=0.067  (best 0.067, bad 0/8)
      [pr z_L] step 1500/10000  dev PER=0.066  (best 0.066, bad 0/8)
      [pr z_L] step 1750/10000  dev PER=0.065  (best 0.065, bad 0/8)
      [pr z_L] step 2000/10000  dev PER=0.067  (best 0.065, bad 1/8)
      [pr z_L] step 2250/10000  dev PER=0.072  (best 0.065, bad 2/8)
      [pr z_L] step 2500/10000  dev PER=0.069  (best 0.065, bad 3/8)
      [pr z_L] step 2750/10000  dev PER=0.070  (best 0.065, bad 4/8)
      [pr z_L] step 3000/10000  dev PER=0.064  (best 0.064, bad 0/8)
      [pr z_L] step 3250/10000  dev PER=0.063  (best 0.063, bad 0/8)
      [pr z_L] step 3500/10000  dev PER=0.065  (best 0.063, bad 1/8)
      [pr z_L] step 3750/10000  dev PER=0.063  (best 0.063, bad 2/8)
      [pr z_L] step 4000/10000  dev PER=0.066  (best 0.063, bad 3/8)
      [pr z_L] step 4250/10000  dev PER=0.068  (best 0.063, bad 4/8)
      [pr z_L] step 4500/10000  dev PER=0.064  (best 0.063, bad 5/8)
      [pr z_L] step 4750/10000  dev PER=0.065  (best 0.063, bad 6/8)
      [pr z_L] step 5000/10000  dev PER=0.063  (best 0.063, bad 7/8)
      [pr z_L] step 5250/10000  dev PER=0.064  (best 0.063, bad 8/8)
    z_L -> PR               PER test=0.066  (val 0.063)
  training probe: z_L -> SID ...
[dis_data] g2p_en loaded for OOV words
      [sid z_L] step 250/10000  dev acc=0.012  (best 0.012, bad 0/8)
      [sid z_L] step 500/10000  dev acc=0.012  (best 0.012, bad 1/8)
      [sid z_L] step 750/10000  dev acc=0.010  (best 0.012, bad 2/8)
      [sid z_L] step 1000/10000  dev acc=0.010  (best 0.012, bad 3/8)
      [sid z_L] step 1250/10000  dev acc=0.012  (best 0.012, bad 4/8)
      [sid z_L] step 1500/10000  dev acc=0.020  (best 0.020, bad 0/8)
      [sid z_L] step 1750/10000  dev acc=0.040  (best 0.040, bad 0/8)
      [sid z_L] step 2000/10000  dev acc=0.044  (best 0.044, bad 0/8)
      [sid z_L] step 2250/10000  dev acc=0.052  (best 0.052, bad 0/8)
      [sid z_L] step 2500/10000  dev acc=0.054  (best 0.054, bad 0/8)
      [sid z_L] step 2750/10000  dev acc=0.076  (best 0.076, bad 0/8)
      [sid z_L] step 3000/10000  dev acc=0.112  (best 0.112, bad 0/8)
      [sid z_L] step 3250/10000  dev acc=0.118  (best 0.118, bad 0/8)
      [sid z_L] step 3500/10000  dev acc=0.132  (best 0.132, bad 0/8)
      [sid z_L] step 3750/10000  dev acc=0.148  (best 0.148, bad 0/8)
      [sid z_L] step 4000/10000  dev acc=0.160  (best 0.160, bad 0/8)
      [sid z_L] step 4250/10000  dev acc=0.152  (best 0.160, bad 1/8)
      [sid z_L] step 4500/10000  dev acc=0.178  (best 0.178, bad 0/8)
      [sid z_L] step 4750/10000  dev acc=0.208  (best 0.208, bad 0/8)
      [sid z_L] step 5000/10000  dev acc=0.212  (best 0.212, bad 0/8)
      [sid z_L] step 5250/10000  dev acc=0.262  (best 0.262, bad 0/8)
      [sid z_L] step 5500/10000  dev acc=0.268  (best 0.268, bad 0/8)
      [sid z_L] step 5750/10000  dev acc=0.346  (best 0.346, bad 0/8)
      [sid z_L] step 6000/10000  dev acc=0.312  (best 0.346, bad 1/8)
      [sid z_L] step 6250/10000  dev acc=0.346  (best 0.346, bad 2/8)
      [sid z_L] step 6500/10000  dev acc=0.350  (best 0.350, bad 0/8)
      [sid z_L] step 6750/10000  dev acc=0.390  (best 0.390, bad 0/8)
      [sid z_L] step 7000/10000  dev acc=0.428  (best 0.428, bad 0/8)
      [sid z_L] step 7250/10000  dev acc=0.442  (best 0.442, bad 0/8)
      [sid z_L] step 7500/10000  dev acc=0.438  (best 0.442, bad 1/8)
      [sid z_L] step 7750/10000  dev acc=0.440  (best 0.442, bad 2/8)
      [sid z_L] step 8000/10000  dev acc=0.480  (best 0.480, bad 0/8)
      [sid z_L] step 8250/10000  dev acc=0.490  (best 0.490, bad 0/8)
      [sid z_L] step 8500/10000  dev acc=0.484  (best 0.490, bad 1/8)
      [sid z_L] step 8750/10000  dev acc=0.522  (best 0.522, bad 0/8)
