=== JOB1 invariance + dense GRL ===  Wed Jun 17 14:25:32 BST 2026
NVIDIA A100-SXM4-80GB
=== Disentanglement  stage=2
=== device=cuda  bf16=True
=== K=5120  topk=256  D=1280
=== steps=12000  α=0.8  β=0.6  grl=2.0  ρ=0.0
[dis_data] loaded lexicon: 200,000 entries
[dis_data] loading train-clean-100 …
[dis_data]  251 speakers
[dis_data] invariance ON — train loader yields speaker-perturbed pairs (f0×(0.7, 1.5), formant×(0.8, 1.45))
[dis_data]  train=27539  val=500  test=500  vocab=74  speakers=251
[train] stage2_from_scratch=True — SAE/routing/heads start from initialization
[stage 2] frozen=596,973,362  trainable=19,510,154  device=cuda
[stage 2] speakers=251  vocab=74
[stage 2] α=0.8  β=0.6  grl=2.0  ρ=0.0  grl_p=0.5  hard_gumbel=True  spear_ln=True  dann_full_disc=True
[stage 2] steps=12000  batch=16
[stage 2] invariance ON: inv_weight=4.0  ramp_end=0 (z_L speaker-invariance via perturbed-pair consistency)
[dis_data] g2p_en loaded for OOV words
[dis_data] g2p_en loaded for OOV words[dis_data] g2p_en loaded for OOV words
[dis_data] g2p_en loaded for OOV words

[dis_data] g2p_en loaded for OOV words
[dis_data] g2p_en loaded for OOV words
[dis_data] g2p_en loaded for OOV words
[dis_data] g2p_en loaded for OOV words
[dis_data] g2p_en loaded for OOV words[dis_data] g2p_en loaded for OOV words

[dis_data] g2p_en loaded for OOV words
[dis_data] g2p_en loaded for OOV words
  step      1/12000  recon=0.3663  pr=19.3898  sid=5.5117  grl=5.5277  grl_p=19.3890  inv=0.5285  L/P/U=3072/1024/1024  actL/P/U=160/64/32  H=nan  Hu=nan  spec<.5=nan  marg=nan  lstd=nan  lr=2.00e-07
  step    100/12000  recon=0.3311  pr=16.5041  sid=5.5254  grl=5.5004  grl_p=3.5374  inv=0.5345  L/P/U=3072/1024/1024  actL/P/U=160/64/32  H=nan  Hu=nan  spec<.5=nan  marg=nan  lstd=nan  lr=2.00e-05
  step    200/12000  recon=0.3510  pr=7.9560  sid=5.5039  grl=5.3956  grl_p=1.2926  inv=0.5608  L/P/U=3072/1024/1024  actL/P/U=160/64/32  H=nan  Hu=nan  spec<.5=nan  marg=nan  lstd=nan  lr=4.00e-05
  step    300/12000  recon=0.3267  pr=3.2763  sid=5.5293  grl=5.5545  grl_p=2.0849  inv=0.3841  L/P/U=3072/1024/1024  actL/P/U=160/64/32  H=nan  Hu=nan  spec<.5=nan  marg=nan  lstd=nan  lr=6.00e-05
  step    400/12000  recon=0.2468  pr=1.7865  sid=5.4844  grl=5.9509  grl_p=3.5065  inv=0.2285  L/P/U=3072/1024/1024  actL/P/U=160/64/32  H=nan  Hu=nan  spec<.5=nan  marg=nan  lstd=nan  lr=8.00e-05
  [grad_norms @500]
    recon             |g|=0.06155  ratio=1.000x recon
    pr_raw            |g|=0.28600  ratio=4.647x recon
    pr_weighted       |g|=0.22880  ratio=3.717x recon
    sid_raw           |g|=0.46825  ratio=7.608x recon
    sid_weighted      |g|=0.28095  ratio=4.565x recon
    grl               |g|=0.50152  ratio=8.148x recon
    grl_p             |g|=0.46259  ratio=7.516x recon
    route             |g|=0.00000  ratio=0.000x recon
    per-frame |dL/dz[t]|:  grl(z_L)=0.00005   grl_p(z_P)=0.00037   (grl_p/grl = 7.3x  <- pooled-vs-dense dilution)
  step    500/12000  recon=0.1863  pr=0.9943  sid=5.4512  grl=5.5259  grl_p=3.0014  inv=0.1505  L/P/U=3072/1024/1024  actL/P/U=160/64/32  H=nan  Hu=nan  spec<.5=nan  marg=nan  lstd=nan  lr=1.00e-04
  step    600/12000  recon=0.1502  pr=0.7225  sid=5.4570  grl=5.5359  grl_p=2.7334  inv=0.0983  L/P/U=3072/1024/1024  actL/P/U=160/64/32  H=nan  Hu=nan  spec<.5=nan  marg=nan  lstd=nan  lr=1.00e-04
  step    700/12000  recon=0.1358  pr=0.6199  sid=5.3281  grl=5.5930  grl_p=2.8552  inv=0.0756  L/P/U=3072/1024/1024  actL/P/U=160/64/32  H=nan  Hu=nan  spec<.5=nan  marg=nan  lstd=nan  lr=9.99e-05
  step    800/12000  recon=0.1294  pr=0.5472  sid=5.3320  grl=5.5466  grl_p=2.9927  inv=0.0638  L/P/U=3072/1024/1024  actL/P/U=160/64/32  H=nan  Hu=nan  spec<.5=nan  marg=nan  lstd=nan  lr=9.98e-05
  step    900/12000  recon=0.1271  pr=0.5010  sid=5.1992  grl=5.5344  grl_p=3.1127  inv=0.0648  L/P/U=3072/1024/1024  actL/P/U=160/64/32  H=nan  Hu=nan  spec<.5=nan  marg=nan  lstd=nan  lr=9.97e-05
  [grad_norms @1000]
    recon             |g|=0.09951  ratio=1.000x recon
    pr_raw            |g|=0.32480  ratio=3.264x recon
    pr_weighted       |g|=0.25984  ratio=2.611x recon
    sid_raw           |g|=0.94905  ratio=9.537x recon
    sid_weighted      |g|=0.56943  ratio=5.722x recon
    grl               |g|=0.04392  ratio=0.441x recon
    grl_p             |g|=1.30783  ratio=13.143x recon
    route             |g|=0.00000  ratio=0.000x recon
    per-frame |dL/dz[t]|:  grl(z_L)=0.00000   grl_p(z_P)=0.00045   (grl_p/grl = 1016.3x  <- pooled-vs-dense dilution)
  step   1000/12000  recon=0.1264  pr=0.5089  sid=5.0859  grl=5.4928  grl_p=3.0252  inv=0.0627  L/P/U=3072/1024/1024  actL/P/U=160/64/32  H=nan  Hu=nan  spec<.5=nan  marg=nan  lstd=nan  lr=9.95e-05
[dis_data] g2p_en loaded for OOV words
[dis_data] g2p_en loaded for OOV words
[dis_data] g2p_en loaded for OOV words
[dis_data] g2p_en loaded for OOV words
[dis_data] g2p_en loaded for OOV words
[dis_data] g2p_en loaded for OOV words
[dis_data] g2p_en loaded for OOV words
[dis_data] g2p_en loaded for OOV words[dis_data] g2p_en loaded for OOV words[dis_data] g2p_en loaded for OOV words


[dis_data] g2p_en loaded for OOV words[dis_data] g2p_en loaded for OOV words

  [val] step=1000  recon=0.1263  pr=0.4805  PER=0.129  sid_acc=0.176
  ✓ best checkpoint (disent=0.9527  PER=0.129 sid=0.176) → /rds/user/bbg25/hpc-work/Thesis/Final-Proj/Disentanglement/checkpoints/job1_inv_dense/stage2_best.pt
  step   1100/12000  recon=0.1256  pr=0.4439  sid=5.1152  grl=5.5182  grl_p=3.2375  inv=0.0495  L/P/U=3072/1024/1024  actL/P/U=160/64/32  H=nan  Hu=nan  spec<.5=nan  marg=nan  lstd=nan  lr=9.93e-05
  step   1200/12000  recon=0.1241  pr=0.3846  sid=5.0605  grl=5.5099  grl_p=3.2095  inv=0.0499  L/P/U=3072/1024/1024  actL/P/U=160/64/32  H=nan  Hu=nan  spec<.5=nan  marg=nan  lstd=nan  lr=9.91e-05
  step   1300/12000  recon=0.1253  pr=0.4295  sid=4.9805  grl=5.5620  grl_p=3.2746  inv=0.0445  L/P/U=3072/1024/1024  actL/P/U=160/64/32  H=nan  Hu=nan  spec<.5=nan  marg=nan  lstd=nan  lr=9.88e-05
  step   1400/12000  recon=0.1275  pr=0.4217  sid=4.9277  grl=5.5333  grl_p=3.3190  inv=0.0472  L/P/U=3072/1024/1024  actL/P/U=160/64/32  H=nan  Hu=nan  spec<.5=nan  marg=nan  lstd=nan  lr=9.85e-05
  [grad_norms @1500]
    recon             |g|=0.14463  ratio=1.000x recon
    pr_raw            |g|=0.33010  ratio=2.282x recon
    pr_weighted       |g|=0.26408  ratio=1.826x recon
    sid_raw           |g|=1.12862  ratio=7.803x recon
    sid_weighted      |g|=0.67717  ratio=4.682x recon
    grl               |g|=0.02960  ratio=0.205x recon
    grl_p             |g|=1.46478  ratio=10.128x recon
    route             |g|=0.00000  ratio=0.000x recon
    per-frame |dL/dz[t]|:  grl(z_L)=0.00000   grl_p(z_P)=0.00048   (grl_p/grl = 67379.2x  <- pooled-vs-dense dilution)
  step   1500/12000  recon=0.1286  pr=0.4419  sid=4.8965  grl=5.4939  grl_p=3.3824  inv=0.0445  L/P/U=3072/1024/1024  actL/P/U=160/64/32  H=nan  Hu=nan  spec<.5=nan  marg=nan  lstd=nan  lr=9.82e-05
  step   1600/12000  recon=0.1312  pr=0.4028  sid=4.9688  grl=5.4809  grl_p=3.4910  inv=0.0365  L/P/U=3072/1024/1024  actL/P/U=160/64/32  H=nan  Hu=nan  spec<.5=nan  marg=nan  lstd=nan  lr=9.78e-05
  step   1700/12000  recon=0.1368  pr=0.4929  sid=5.0078  grl=5.5446  grl_p=3.5737  inv=0.0344  L/P/U=3072/1024/1024  actL/P/U=160/64/32  H=nan  Hu=nan  spec<.5=nan  marg=nan  lstd=nan  lr=9.74e-05
[dis_data] g2p_en loaded for OOV words
[dis_data] g2p_en loaded for OOV words
[dis_data] g2p_en loaded for OOV words
[dis_data] g2p_en loaded for OOV words[dis_data] g2p_en loaded for OOV words[dis_data] g2p_en loaded for OOV words[dis_data] g2p_en loaded for OOV words



[dis_data] g2p_en loaded for OOV words[dis_data] g2p_en loaded for OOV words[dis_data] g2p_en loaded for OOV words[dis_data] g2p_en loaded for OOV words[dis_data] g2p_en loaded for OOV words




  step   1800/12000  recon=0.1418  pr=0.4009  sid=5.3027  grl=5.5265  grl_p=3.0434  inv=0.0345  L/P/U=3072/1024/1024  actL/P/U=160/64/32  H=nan  Hu=nan  spec<.5=nan  marg=nan  lstd=nan  lr=9.69e-05
  step   1900/12000  recon=0.1466  pr=0.3449  sid=5.5137  grl=5.5440  grl_p=2.2184  inv=0.0310  L/P/U=3072/1024/1024  actL/P/U=160/64/32  H=nan  Hu=nan  spec<.5=nan  marg=nan  lstd=nan  lr=9.64e-05
  [grad_norms @2000]
    recon             |g|=0.23240  ratio=1.000x recon
    pr_raw            |g|=0.32348  ratio=1.392x recon
    pr_weighted       |g|=0.25879  ratio=1.114x recon
    sid_raw           |g|=1.88391  ratio=8.106x recon
    sid_weighted      |g|=1.13035  ratio=4.864x recon
    grl               |g|=0.00099  ratio=0.004x recon
    grl_p             |g|=2.66527  ratio=11.468x recon
    route             |g|=0.00000  ratio=0.000x recon
    per-frame |dL/dz[t]|:  grl(z_L)=0.00000   grl_p(z_P)=0.00083   (grl_p/grl = nanx  <- pooled-vs-dense dilution)
  step   2000/12000  recon=0.1521  pr=0.3772  sid=5.7559  grl=5.5274  grl_p=1.6271  inv=0.0306  L/P/U=3072/1024/1024  actL/P/U=160/64/32  H=nan  Hu=nan  spec<.5=nan  marg=nan  lstd=nan  lr=9.59e-05
[dis_data] g2p_en loaded for OOV words[dis_data] g2p_en loaded for OOV words

[dis_data] g2p_en loaded for OOV words
[dis_data] g2p_en loaded for OOV words[dis_data] g2p_en loaded for OOV words

[dis_data] g2p_en loaded for OOV words
[dis_data] g2p_en loaded for OOV words[dis_data] g2p_en loaded for OOV words

[dis_data] g2p_en loaded for OOV words
[dis_data] g2p_en loaded for OOV words[dis_data] g2p_en loaded for OOV words

[dis_data] g2p_en loaded for OOV words
  [val] step=2000  recon=0.1530  pr=0.3779  PER=0.097  sid_acc=0.004
  step   2100/12000  recon=0.1533  pr=0.3925  sid=5.9043  grl=5.5613  grl_p=1.3132  inv=0.0297  L/P/U=3072/1024/1024  actL/P/U=160/64/32  H=nan  Hu=nan  spec<.5=nan  marg=nan  lstd=nan  lr=9.53e-05
  step   2200/12000  recon=0.1493  pr=0.3575  sid=5.8535  grl=5.5703  grl_p=1.2715  inv=0.0325  L/P/U=3072/1024/1024  actL/P/U=160/64/32  H=nan  Hu=nan  spec<.5=nan  marg=nan  lstd=nan  lr=9.48e-05
  step   2300/12000  recon=0.1432  pr=0.4440  sid=5.5996  grl=5.4973  grl_p=1.6817  inv=0.0276  L/P/U=3072/1024/1024  actL/P/U=160/64/32  H=nan  Hu=nan  spec<.5=nan  marg=nan  lstd=nan  lr=9.41e-05
  step   2400/12000  recon=0.1435  pr=0.3664  sid=5.5234  grl=5.5613  grl_p=1.3938  inv=0.0269  L/P/U=3072/1024/1024  actL/P/U=160/64/32  H=nan  Hu=nan  spec<.5=nan  marg=nan  lstd=nan  lr=9.35e-05
  [grad_norms @2500]
    recon             |g|=0.31391  ratio=1.000x recon
    pr_raw            |g|=0.22352  ratio=0.712x recon
    pr_weighted       |g|=0.17881  ratio=0.570x recon
    sid_raw           |g|=2.22728  ratio=7.095x recon
    sid_weighted      |g|=1.33637  ratio=4.257x recon
    grl               |g|=0.02737  ratio=0.087x recon
    grl_p             |g|=3.11785  ratio=9.932x recon
    route             |g|=0.00000  ratio=0.000x recon
    per-frame |dL/dz[t]|:  grl(z_L)=0.00000   grl_p(z_P)=0.00092   (grl_p/grl = nanx  <- pooled-vs-dense dilution)
  step   2500/12000  recon=0.1382  pr=0.3195  sid=5.4258  grl=5.5123  grl_p=1.5263  inv=0.0278  L/P/U=3072/1024/1024  actL/P/U=160/64/32  H=nan  Hu=nan  spec<.5=nan  marg=nan  lstd=nan  lr=9.28e-05
  step   2600/12000  recon=0.1416  pr=0.3961  sid=5.4258  grl=5.5369  grl_p=1.5792  inv=0.0222  L/P/U=3072/1024/1024  actL/P/U=160/64/32  H=nan  Hu=nan  spec<.5=nan  marg=nan  lstd=nan  lr=9.21e-05
  step   2700/12000  recon=0.1415  pr=0.3786  sid=5.2910  grl=5.5414  grl_p=1.4549  inv=0.0233  L/P/U=3072/1024/1024  actL/P/U=160/64/32  H=nan  Hu=nan  spec<.5=nan  marg=nan  lstd=nan  lr=9.13e-05
  step   2800/12000  recon=0.1425  pr=0.4265  sid=5.2910  grl=5.4652  grl_p=1.4499  inv=0.0227  L/P/U=3072/1024/1024  actL/P/U=160/64/32  H=nan  Hu=nan  spec<.5=nan  marg=nan  lstd=nan  lr=9.05e-05
  step   2900/12000  recon=0.1425  pr=0.4719  sid=5.3125  grl=5.5455  grl_p=1.6124  inv=0.0237  L/P/U=3072/1024/1024  actL/P/U=160/64/32  H=nan  Hu=nan  spec<.5=nan  marg=nan  lstd=nan  lr=8.97e-05
  [grad_norms @3000]
    recon             |g|=0.32740  ratio=1.000x recon
    pr_raw            |g|=0.43084  ratio=1.316x recon
    pr_weighted       |g|=0.34467  ratio=1.053x recon
    sid_raw           |g|=1.46359  ratio=4.470x recon
    sid_weighted      |g|=0.87816  ratio=2.682x recon
    grl               |g|=0.13860  ratio=0.423x recon
    grl_p             |g|=3.44586  ratio=10.525x recon
    route             |g|=0.00000  ratio=0.000x recon
    per-frame |dL/dz[t]|:  grl(z_L)=0.00000   grl_p(z_P)=0.00114   (grl_p/grl = nanx  <- pooled-vs-dense dilution)
  step   3000/12000  recon=0.1366  pr=0.3946  sid=5.0293  grl=5.5315  grl_p=1.2820  inv=0.0210  L/P/U=3072/1024/1024  actL/P/U=160/64/32  H=nan  Hu=nan  spec<.5=nan  marg=nan  lstd=nan  lr=8.89e-05
[dis_data] g2p_en loaded for OOV words
[dis_data] g2p_en loaded for OOV words
[dis_data] g2p_en loaded for OOV words[dis_data] g2p_en loaded for OOV words

[dis_data] g2p_en loaded for OOV words
[dis_data] g2p_en loaded for OOV words
[dis_data] g2p_en loaded for OOV words
[dis_data] g2p_en loaded for OOV words
[dis_data] g2p_en loaded for OOV words[dis_data] g2p_en loaded for OOV words

[dis_data] g2p_en loaded for OOV words
[dis_data] g2p_en loaded for OOV words
  [val] step=3000  recon=0.1382  pr=0.3513  PER=0.087  sid_acc=0.020
  step   3100/12000  recon=0.1379  pr=0.3473  sid=5.1611  grl=5.5150  grl_p=1.2991  inv=0.0230  L/P/U=3072/1024/1024  actL/P/U=160/64/32  H=nan  Hu=nan  spec<.5=nan  marg=nan  lstd=nan  lr=8.80e-05
  step   3200/12000  recon=0.1392  pr=0.3945  sid=5.2109  grl=5.5075  grl_p=1.2534  inv=0.0216  L/P/U=3072/1024/1024  actL/P/U=160/64/32  H=nan  Hu=nan  spec<.5=nan  marg=nan  lstd=nan  lr=8.71e-05
  step   3300/12000  recon=0.1349  pr=0.4137  sid=5.2285  grl=5.5082  grl_p=1.1430  inv=0.0213  L/P/U=3072/1024/1024  actL/P/U=160/64/32  H=nan  Hu=nan  spec<.5=nan  marg=nan  lstd=nan  lr=8.62e-05
  step   3400/12000  recon=0.1378  pr=0.3573  sid=5.1465  grl=5.5287  grl_p=1.1924  inv=0.0231  L/P/U=3072/1024/1024  actL/P/U=160/64/32  H=nan  Hu=nan  spec<.5=nan  marg=nan  lstd=nan  lr=8.53e-05
[dis_data] g2p_en loaded for OOV words
[dis_data] g2p_en loaded for OOV words
[dis_data] g2p_en loaded for OOV words
[dis_data] g2p_en loaded for OOV words[dis_data] g2p_en loaded for OOV words

[dis_data] g2p_en loaded for OOV words[dis_data] g2p_en loaded for OOV words

[dis_data] g2p_en loaded for OOV words[dis_data] g2p_en loaded for OOV words

[dis_data] g2p_en loaded for OOV words
[dis_data] g2p_en loaded for OOV words
[dis_data] g2p_en loaded for OOV words
  [grad_norms @3500]
    recon             |g|=0.38903  ratio=1.000x recon
    pr_raw            |g|=0.47273  ratio=1.215x recon
    pr_weighted       |g|=0.37818  ratio=0.972x recon
    sid_raw           |g|=1.96987  ratio=5.064x recon
    sid_weighted      |g|=1.18192  ratio=3.038x recon
    grl               |g|=0.06465  ratio=0.166x recon
    grl_p             |g|=3.04891  ratio=7.837x recon
    route             |g|=0.00000  ratio=0.000x recon
    per-frame |dL/dz[t]|:  grl(z_L)=0.00000   grl_p(z_P)=0.00101   (grl_p/grl = nanx  <- pooled-vs-dense dilution)
  step   3500/12000  recon=0.1368  pr=0.3278  sid=5.1387  grl=5.5075  grl_p=1.0445  inv=0.0200  L/P/U=3072/1024/1024  actL/P/U=160/64/32  H=nan  Hu=nan  spec<.5=nan  marg=nan  lstd=nan  lr=8.43e-05
  step   3600/12000  recon=0.1332  pr=0.3496  sid=4.8711  grl=5.4895  grl_p=1.1561  inv=0.0186  L/P/U=3072/1024/1024  actL/P/U=160/64/32  H=nan  Hu=nan  spec<.5=nan  marg=nan  lstd=nan  lr=8.33e-05
  step   3700/12000  recon=0.1363  pr=0.3732  sid=4.9307  grl=5.5837  grl_p=1.2005  inv=0.0190  L/P/U=3072/1024/1024  actL/P/U=160/64/32  H=nan  Hu=nan  spec<.5=nan  marg=nan  lstd=nan  lr=8.23e-05
  step   3800/12000  recon=0.1342  pr=0.2866  sid=4.9736  grl=5.4916  grl_p=1.0447  inv=0.0193  L/P/U=3072/1024/1024  actL/P/U=160/64/32  H=nan  Hu=nan  spec<.5=nan  marg=nan  lstd=nan  lr=8.12e-05
  step   3900/12000  recon=0.1355  pr=0.3305  sid=5.0840  grl=5.5227  grl_p=1.1163  inv=0.0198  L/P/U=3072/1024/1024  actL/P/U=160/64/32  H=nan  Hu=nan  spec<.5=nan  marg=nan  lstd=nan  lr=8.01e-05
  [grad_norms @4000]
    recon             |g|=0.41038  ratio=1.000x recon
    pr_raw            |g|=0.31447  ratio=0.766x recon
    pr_weighted       |g|=0.25158  ratio=0.613x recon
    sid_raw           |g|=3.12046  ratio=7.604x recon
    sid_weighted      |g|=1.87228  ratio=4.562x recon
    grl               |g|=0.06373  ratio=0.155x recon
    grl_p             |g|=3.39900  ratio=8.283x recon
    route             |g|=0.00000  ratio=0.000x recon
    per-frame |dL/dz[t]|:  grl(z_L)=0.00000   grl_p(z_P)=0.00085   (grl_p/grl = nanx  <- pooled-vs-dense dilution)
  step   4000/12000  recon=0.1344  pr=0.3509  sid=5.1152  grl=5.5445  grl_p=1.0953  inv=0.0183  L/P/U=3072/1024/1024  actL/P/U=160/64/32  H=nan  Hu=nan  spec<.5=nan  marg=nan  lstd=nan  lr=7.90e-05
[dis_data] g2p_en loaded for OOV words
[dis_data] g2p_en loaded for OOV words
[dis_data] g2p_en loaded for OOV words
[dis_data] g2p_en loaded for OOV words[dis_data] g2p_en loaded for OOV words[dis_data] g2p_en loaded for OOV words


[dis_data] g2p_en loaded for OOV words
[dis_data] g2p_en loaded for OOV words
[dis_data] g2p_en loaded for OOV words
[dis_data] g2p_en loaded for OOV words[dis_data] g2p_en loaded for OOV words

[dis_data] g2p_en loaded for OOV words
  [val] step=4000  recon=0.1340  pr=0.3331  PER=0.083  sid_acc=0.050
  step   4100/12000  recon=0.1340  pr=0.2892  sid=5.0645  grl=5.4953  grl_p=0.9878  inv=0.0195  L/P/U=3072/1024/1024  actL/P/U=160/64/32  H=nan  Hu=nan  spec<.5=nan  marg=nan  lstd=nan  lr=7.79e-05
  step   4200/12000  recon=0.1382  pr=0.3259  sid=5.0410  grl=5.5419  grl_p=0.9882  inv=0.0188  L/P/U=3072/1024/1024  actL/P/U=160/64/32  H=nan  Hu=nan  spec<.5=nan  marg=nan  lstd=nan  lr=7.68e-05
  step   4300/12000  recon=0.1312  pr=0.2758  sid=5.1758  grl=5.5862  grl_p=0.9905  inv=0.0182  L/P/U=3072/1024/1024  actL/P/U=160/64/32  H=nan  Hu=nan  spec<.5=nan  marg=nan  lstd=nan  lr=7.56e-05
  step   4400/12000  recon=0.1322  pr=0.3285  sid=5.0762  grl=5.5379  grl_p=1.0417  inv=0.0164  L/P/U=3072/1024/1024  actL/P/U=160/64/32  H=nan  Hu=nan  spec<.5=nan  marg=nan  lstd=nan  lr=7.45e-05
  [grad_norms @4500]
    recon             |g|=0.44089  ratio=1.000x recon
    pr_raw            |g|=0.28981  ratio=0.657x recon
    pr_weighted       |g|=0.23185  ratio=0.526x recon
    sid_raw           |g|=2.57459  ratio=5.840x recon
    sid_weighted      |g|=1.54475  ratio=3.504x recon
    grl               |g|=0.05183  ratio=0.118x recon
    grl_p             |g|=3.51750  ratio=7.978x recon
    route             |g|=0.00000  ratio=0.000x recon
    per-frame |dL/dz[t]|:  grl(z_L)=0.00000   grl_p(z_P)=0.00083   (grl_p/grl = nanx  <- pooled-vs-dense dilution)
  step   4500/12000  recon=0.1326  pr=0.3244  sid=4.9189  grl=5.4733  grl_p=1.0922  inv=0.0167  L/P/U=3072/1024/1024  actL/P/U=160/64/32  H=nan  Hu=nan  spec<.5=nan  marg=nan  lstd=nan  lr=7.33e-05
  step   4600/12000  recon=0.1297  pr=0.2896  sid=5.2422  grl=5.5402  grl_p=1.0312  inv=0.0153  L/P/U=3072/1024/1024  actL/P/U=160/64/32  H=nan  Hu=nan  spec<.5=nan  marg=nan  lstd=nan  lr=7.21e-05
  step   4700/12000  recon=0.1323  pr=0.2839  sid=5.0488  grl=5.5007  grl_p=1.0012  inv=0.0169  L/P/U=3072/1024/1024  actL/P/U=160/64/32  H=nan  Hu=nan  spec<.5=nan  marg=nan  lstd=nan  lr=7.08e-05
  step   4800/12000  recon=0.1306  pr=0.3230  sid=5.1719  grl=5.4833  grl_p=1.0004  inv=0.0170  L/P/U=3072/1024/1024  actL/P/U=160/64/32  H=nan  Hu=nan  spec<.5=nan  marg=nan  lstd=nan  lr=6.96e-05
  step   4900/12000  recon=0.1283  pr=0.3209  sid=5.2715  grl=5.4987  grl_p=0.9826  inv=0.0161  L/P/U=3072/1024/1024  actL/P/U=160/64/32  H=nan  Hu=nan  spec<.5=nan  marg=nan  lstd=nan  lr=6.83e-05
  [grad_norms @5000]
    recon             |g|=0.38733  ratio=1.000x recon
    pr_raw            |g|=0.24916  ratio=0.643x recon
    pr_weighted       |g|=0.19933  ratio=0.515x recon
    sid_raw           |g|=4.53843  ratio=11.717x recon
    sid_weighted      |g|=2.72306  ratio=7.030x recon
    grl               |g|=0.07993  ratio=0.206x recon
    grl_p             |g|=2.87343  ratio=7.418x recon
    route             |g|=0.00000  ratio=0.000x recon
    per-frame |dL/dz[t]|:  grl(z_L)=0.00000   grl_p(z_P)=0.00079   (grl_p/grl = nanx  <- pooled-vs-dense dilution)
  step   5000/12000  recon=0.1304  pr=0.3139  sid=5.1914  grl=5.4899  grl_p=0.9646  inv=0.0162  L/P/U=3072/1024/1024  actL/P/U=160/64/32  H=nan  Hu=nan  spec<.5=nan  marg=nan  lstd=nan  lr=6.71e-05
[dis_data] g2p_en loaded for OOV words
[dis_data] g2p_en loaded for OOV words
[dis_data] g2p_en loaded for OOV words
[dis_data] g2p_en loaded for OOV words
[dis_data] g2p_en loaded for OOV words[dis_data] g2p_en loaded for OOV words

[dis_data] g2p_en loaded for OOV words
[dis_data] g2p_en loaded for OOV words
[dis_data] g2p_en loaded for OOV words
[dis_data] g2p_en loaded for OOV words
[dis_data] g2p_en loaded for OOV words
[dis_data] g2p_en loaded for OOV words
  [val] step=5000  recon=0.1306  pr=0.3146  PER=0.077  sid_acc=0.198
  ✓ best checkpoint (disent=0.8794  PER=0.077 sid=0.198) → /rds/user/bbg25/hpc-work/Thesis/Final-Proj/Disentanglement/checkpoints/job1_inv_dense/stage2_best.pt
  step   5100/12000  recon=0.1296  pr=0.3170  sid=5.2227  grl=5.5002  grl_p=0.9713  inv=0.0168  L/P/U=3072/1024/1024  actL/P/U=160/64/32  H=nan  Hu=nan  spec<.5=nan  marg=nan  lstd=nan  lr=6.58e-05
[dis_data] g2p_en loaded for OOV words[dis_data] g2p_en loaded for OOV words

[dis_data] g2p_en loaded for OOV words[dis_data] g2p_en loaded for OOV words[dis_data] g2p_en loaded for OOV words[dis_data] g2p_en loaded for OOV words



[dis_data] g2p_en loaded for OOV words[dis_data] g2p_en loaded for OOV words

[dis_data] g2p_en loaded for OOV words[dis_data] g2p_en loaded for OOV words[dis_data] g2p_en loaded for OOV words[dis_data] g2p_en loaded for OOV words



  step   5200/12000  recon=0.1308  pr=0.3269  sid=5.0479  grl=5.5077  grl_p=0.9343  inv=0.0173  L/P/U=3072/1024/1024  actL/P/U=160/64/32  H=nan  Hu=nan  spec<.5=nan  marg=nan  lstd=nan  lr=6.45e-05
  step   5300/12000  recon=0.1305  pr=0.3062  sid=5.0205  grl=5.5230  grl_p=0.9509  inv=0.0157  L/P/U=3072/1024/1024  actL/P/U=160/64/32  H=nan  Hu=nan  spec<.5=nan  marg=nan  lstd=nan  lr=6.32e-05
  step   5400/12000  recon=0.1273  pr=0.3476  sid=5.0312  grl=5.5286  grl_p=1.0154  inv=0.0141  L/P/U=3072/1024/1024  actL/P/U=160/64/32  H=nan  Hu=nan  spec<.5=nan  marg=nan  lstd=nan  lr=6.19e-05
  [grad_norms @5500]
    recon             |g|=0.45012  ratio=1.000x recon
    pr_raw            |g|=0.29313  ratio=0.651x recon
    pr_weighted       |g|=0.23451  ratio=0.521x recon
    sid_raw           |g|=3.34639  ratio=7.434x recon
    sid_weighted      |g|=2.00783  ratio=4.461x recon
    grl               |g|=0.06185  ratio=0.137x recon
    grl_p             |g|=3.12640  ratio=6.946x recon
    route             |g|=0.00000  ratio=0.000x recon
    per-frame |dL/dz[t]|:  grl(z_L)=0.00000   grl_p(z_P)=0.00070   (grl_p/grl = nanx  <- pooled-vs-dense dilution)
  step   5500/12000  recon=0.1300  pr=0.3370  sid=5.0586  grl=5.5433  grl_p=0.9087  inv=0.0195  L/P/U=3072/1024/1024  actL/P/U=160/64/32  H=nan  Hu=nan  spec<.5=nan  marg=nan  lstd=nan  lr=6.06e-05
  step   5600/12000  recon=0.1270  pr=0.2461  sid=4.9951  grl=5.4862  grl_p=0.8585  inv=0.0141  L/P/U=3072/1024/1024  actL/P/U=160/64/32  H=nan  Hu=nan  spec<.5=nan  marg=nan  lstd=nan  lr=5.92e-05
  step   5700/12000  recon=0.1309  pr=0.3145  sid=5.1230  grl=5.5630  grl_p=0.8973  inv=0.0154  L/P/U=3072/1024/1024  actL/P/U=160/64/32  H=nan  Hu=nan  spec<.5=nan  marg=nan  lstd=nan  lr=5.79e-05
  step   5800/12000  recon=0.1251  pr=0.2912  sid=4.9980  grl=5.5205  grl_p=0.9167  inv=0.0143  L/P/U=3072/1024/1024  actL/P/U=160/64/32  H=nan  Hu=nan  spec<.5=nan  marg=nan  lstd=nan  lr=5.66e-05
  step   5900/12000  recon=0.1285  pr=0.3082  sid=4.7188  grl=5.5228  grl_p=0.8795  inv=0.0154  L/P/U=3072/1024/1024  actL/P/U=160/64/32  H=nan  Hu=nan  spec<.5=nan  marg=nan  lstd=nan  lr=5.52e-05
  [grad_norms @6000]
    recon             |g|=0.44623  ratio=1.000x recon
    pr_raw            |g|=0.20247  ratio=0.454x recon
    pr_weighted       |g|=0.16197  ratio=0.363x recon
    sid_raw           |g|=2.49523  ratio=5.592x recon
    sid_weighted      |g|=1.49714  ratio=3.355x recon
    grl               |g|=0.17772  ratio=0.398x recon
    grl_p             |g|=3.45312  ratio=7.738x recon
    route             |g|=0.00000  ratio=0.000x recon
    per-frame |dL/dz[t]|:  grl(z_L)=0.00000   grl_p(z_P)=0.00081   (grl_p/grl = nanx  <- pooled-vs-dense dilution)
  step   6000/12000  recon=0.1276  pr=0.2434  sid=4.9443  grl=5.5257  grl_p=0.8378  inv=0.0157  L/P/U=3072/1024/1024  actL/P/U=160/64/32  H=nan  Hu=nan  spec<.5=nan  marg=nan  lstd=nan  lr=5.39e-05
[dis_data] g2p_en loaded for OOV words
[dis_data] g2p_en loaded for OOV words
[dis_data] g2p_en loaded for OOV words
[dis_data] g2p_en loaded for OOV words
[dis_data] g2p_en loaded for OOV words
[dis_data] g2p_en loaded for OOV words
[dis_data] g2p_en loaded for OOV words
[dis_data] g2p_en loaded for OOV words
[dis_data] g2p_en loaded for OOV words
[dis_data] g2p_en loaded for OOV words
[dis_data] g2p_en loaded for OOV words
[dis_data] g2p_en loaded for OOV words
  [val] step=6000  recon=0.1276  pr=0.3037  PER=0.074  sid_acc=0.318
  ✓ best checkpoint (disent=0.7563  PER=0.074 sid=0.318) → /rds/user/bbg25/hpc-work/Thesis/Final-Proj/Disentanglement/checkpoints/job1_inv_dense/stage2_best.pt
  step   6100/12000  recon=0.1255  pr=0.2743  sid=4.6582  grl=5.5138  grl_p=0.8257  inv=0.0140  L/P/U=3072/1024/1024  actL/P/U=160/64/32  H=nan  Hu=nan  spec<.5=nan  marg=nan  lstd=nan  lr=5.25e-05
  step   6200/12000  recon=0.1277  pr=0.2765  sid=4.9629  grl=5.5401  grl_p=0.8881  inv=0.0165  L/P/U=3072/1024/1024  actL/P/U=160/64/32  H=nan  Hu=nan  spec<.5=nan  marg=nan  lstd=nan  lr=5.12e-05
  step   6300/12000  recon=0.1276  pr=0.2842  sid=4.9111  grl=5.5159  grl_p=0.8697  inv=0.0141  L/P/U=3072/1024/1024  actL/P/U=160/64/32  H=nan  Hu=nan  spec<.5=nan  marg=nan  lstd=nan  lr=4.98e-05
  step   6400/12000  recon=0.1263  pr=0.2647  sid=4.9648  grl=5.5066  grl_p=0.8932  inv=0.0136  L/P/U=3072/1024/1024  actL/P/U=160/64/32  H=nan  Hu=nan  spec<.5=nan  marg=nan  lstd=nan  lr=4.85e-05
  [grad_norms @6500]
    recon             |g|=0.40542  ratio=1.000x recon
    pr_raw            |g|=0.43063  ratio=1.062x recon
    pr_weighted       |g|=0.34450  ratio=0.850x recon
    sid_raw           |g|=4.69943  ratio=11.591x recon
    sid_weighted      |g|=2.81966  ratio=6.955x recon
    grl               |g|=0.10194  ratio=0.251x recon
    grl_p             |g|=2.71374  ratio=6.694x recon
    route             |g|=0.00000  ratio=0.000x recon
    per-frame |dL/dz[t]|:  grl(z_L)=0.00000   grl_p(z_P)=0.00078   (grl_p/grl = nanx  <- pooled-vs-dense dilution)
  step   6500/12000  recon=0.1295  pr=0.3354  sid=5.0000  grl=5.5449  grl_p=0.9486  inv=0.0148  L/P/U=3072/1024/1024  actL/P/U=160/64/32  H=nan  Hu=nan  spec<.5=nan  marg=nan  lstd=nan  lr=4.71e-05
  step   6600/12000  recon=0.1285  pr=0.3510  sid=4.7588  grl=5.4684  grl_p=0.9112  inv=0.0162  L/P/U=3072/1024/1024  actL/P/U=160/64/32  H=nan  Hu=nan  spec<.5=nan  marg=nan  lstd=nan  lr=4.58e-05
  step   6700/12000  recon=0.1260  pr=0.2866  sid=4.5820  grl=5.5092  grl_p=0.8591  inv=0.0165  L/P/U=3072/1024/1024  actL/P/U=160/64/32  H=nan  Hu=nan  spec<.5=nan  marg=nan  lstd=nan  lr=4.44e-05
  step   6800/12000  recon=0.1271  pr=0.2728  sid=4.8525  grl=5.4853  grl_p=0.8905  inv=0.0158  L/P/U=3072/1024/1024  actL/P/U=160/64/32  H=nan  Hu=nan  spec<.5=nan  marg=nan  lstd=nan  lr=4.31e-05
[dis_data] g2p_en loaded for OOV words
[dis_data] g2p_en loaded for OOV words
[dis_data] g2p_en loaded for OOV words
[dis_data] g2p_en loaded for OOV words
[dis_data] g2p_en loaded for OOV words
[dis_data] g2p_en loaded for OOV words
[dis_data] g2p_en loaded for OOV words
[dis_data] g2p_en loaded for OOV words
[dis_data] g2p_en loaded for OOV words
[dis_data] g2p_en loaded for OOV words
[dis_data] g2p_en loaded for OOV words
[dis_data] g2p_en loaded for OOV words
  step   6900/12000  recon=0.1270  pr=0.4148  sid=4.9004  grl=5.4960  grl_p=0.9857  inv=0.0147  L/P/U=3072/1024/1024  actL/P/U=160/64/32  H=nan  Hu=nan  spec<.5=nan  marg=nan  lstd=nan  lr=4.18e-05
  [grad_norms @7000]
    recon             |g|=0.39694  ratio=1.000x recon
    pr_raw            |g|=0.42197  ratio=1.063x recon
    pr_weighted       |g|=0.33758  ratio=0.850x recon
    sid_raw           |g|=2.85951  ratio=7.204x recon
    sid_weighted      |g|=1.71571  ratio=4.322x recon
    grl               |g|=0.05488  ratio=0.138x recon
    grl_p             |g|=4.23267  ratio=10.663x recon
    route             |g|=0.00000  ratio=0.000x recon
    per-frame |dL/dz[t]|:  grl(z_L)=0.00000   grl_p(z_P)=0.00068   (grl_p/grl = nanx  <- pooled-vs-dense dilution)
  step   7000/12000  recon=0.1249  pr=0.2124  sid=4.6104  grl=5.5424  grl_p=0.7785  inv=0.0149  L/P/U=3072/1024/1024  actL/P/U=160/64/32  H=nan  Hu=nan  spec<.5=nan  marg=nan  lstd=nan  lr=4.04e-05
[dis_data] g2p_en loaded for OOV words
[dis_data] g2p_en loaded for OOV words
[dis_data] g2p_en loaded for OOV words
[dis_data] g2p_en loaded for OOV words
[dis_data] g2p_en loaded for OOV words[dis_data] g2p_en loaded for OOV words[dis_data] g2p_en loaded for OOV words


[dis_data] g2p_en loaded for OOV words
[dis_data] g2p_en loaded for OOV words
[dis_data] g2p_en loaded for OOV words
[dis_data] g2p_en loaded for OOV words
[dis_data] g2p_en loaded for OOV words
  [val] step=7000  recon=0.1263  pr=0.2972  PER=0.075  sid_acc=0.386
  ✓ best checkpoint (disent=0.6893  PER=0.075 sid=0.386) → /rds/user/bbg25/hpc-work/Thesis/Final-Proj/Disentanglement/checkpoints/job1_inv_dense/stage2_best.pt
  step   7100/12000  recon=0.1256  pr=0.2621  sid=4.9023  grl=5.5368  grl_p=0.7982  inv=0.0139  L/P/U=3072/1024/1024  actL/P/U=160/64/32  H=nan  Hu=nan  spec<.5=nan  marg=nan  lstd=nan  lr=3.91e-05
  step   7200/12000  recon=0.1253  pr=0.2499  sid=4.7246  grl=5.5479  grl_p=0.7835  inv=0.0137  L/P/U=3072/1024/1024  actL/P/U=160/64/32  H=nan  Hu=nan  spec<.5=nan  marg=nan  lstd=nan  lr=3.78e-05
  step   7300/12000  recon=0.1252  pr=0.2710  sid=4.7520  grl=5.4871  grl_p=0.8333  inv=0.0135  L/P/U=3072/1024/1024  actL/P/U=160/64/32  H=nan  Hu=nan  spec<.5=nan  marg=nan  lstd=nan  lr=3.65e-05
  step   7400/12000  recon=0.1235  pr=0.2884  sid=4.4277  grl=5.5012  grl_p=0.8133  inv=0.0133  L/P/U=3072/1024/1024  actL/P/U=160/64/32  H=nan  Hu=nan  spec<.5=nan  marg=nan  lstd=nan  lr=3.52e-05
  [grad_norms @7500]
    recon             |g|=0.37157  ratio=1.000x recon
    pr_raw            |g|=0.25921  ratio=0.698x recon
    pr_weighted       |g|=0.20737  ratio=0.558x recon
    sid_raw           |g|=3.56922  ratio=9.606x recon
    sid_weighted      |g|=2.14153  ratio=5.763x recon
    grl               |g|=0.08688  ratio=0.234x recon
    grl_p             |g|=3.94364  ratio=10.613x recon
    route             |g|=0.00000  ratio=0.000x recon
    per-frame |dL/dz[t]|:  grl(z_L)=0.00000   grl_p(z_P)=0.00074   (grl_p/grl = nanx  <- pooled-vs-dense dilution)
  step   7500/12000  recon=0.1248  pr=0.2918  sid=4.5537  grl=5.5015  grl_p=0.8407  inv=0.0133  L/P/U=3072/1024/1024  actL/P/U=160/64/32  H=nan  Hu=nan  spec<.5=nan  marg=nan  lstd=nan  lr=3.39e-05
  step   7600/12000  recon=0.1231  pr=0.3636  sid=4.4355  grl=5.5138  grl_p=0.8938  inv=0.0142  L/P/U=3072/1024/1024  actL/P/U=160/64/32  H=nan  Hu=nan  spec<.5=nan  marg=nan  lstd=nan  lr=3.27e-05
  step   7700/12000  recon=0.1256  pr=0.2781  sid=4.5459  grl=5.5654  grl_p=0.9066  inv=0.0146  L/P/U=3072/1024/1024  actL/P/U=160/64/32  H=nan  Hu=nan  spec<.5=nan  marg=nan  lstd=nan  lr=3.14e-05
  step   7800/12000  recon=0.1271  pr=0.3848  sid=4.4932  grl=5.4941  grl_p=0.9291  inv=0.0140  L/P/U=3072/1024/1024  actL/P/U=160/64/32  H=nan  Hu=nan  spec<.5=nan  marg=nan  lstd=nan  lr=3.02e-05
  step   7900/12000  recon=0.1246  pr=0.2697  sid=4.7500  grl=5.5101  grl_p=0.7829  inv=0.0130  L/P/U=3072/1024/1024  actL/P/U=160/64/32  H=nan  Hu=nan  spec<.5=nan  marg=nan  lstd=nan  lr=2.89e-05
  [grad_norms @8000]
    recon             |g|=0.40576  ratio=1.000x recon
    pr_raw            |g|=0.24161  ratio=0.595x recon
    pr_weighted       |g|=0.19329  ratio=0.476x recon
    sid_raw           |g|=4.13642  ratio=10.194x recon
    sid_weighted      |g|=2.48185  ratio=6.117x recon
    grl               |g|=0.13623  ratio=0.336x recon
    grl_p             |g|=2.46301  ratio=6.070x recon
    route             |g|=0.00000  ratio=0.000x recon
    per-frame |dL/dz[t]|:  grl(z_L)=0.00000   grl_p(z_P)=0.00060   (grl_p/grl = nanx  <- pooled-vs-dense dilution)
  step   8000/12000  recon=0.1253  pr=0.2954  sid=4.4453  grl=5.4922  grl_p=0.8323  inv=0.0134  L/P/U=3072/1024/1024  actL/P/U=160/64/32  H=nan  Hu=nan  spec<.5=nan  marg=nan  lstd=nan  lr=2.77e-05
[dis_data] g2p_en loaded for OOV words
[dis_data] g2p_en loaded for OOV words
[dis_data] g2p_en loaded for OOV words
[dis_data] g2p_en loaded for OOV words
[dis_data] g2p_en loaded for OOV words
[dis_data] g2p_en loaded for OOV words
[dis_data] g2p_en loaded for OOV words
[dis_data] g2p_en loaded for OOV words
[dis_data] g2p_en loaded for OOV words
[dis_data] g2p_en loaded for OOV words
[dis_data] g2p_en loaded for OOV words
[dis_data] g2p_en loaded for OOV words
  [val] step=8000  recon=0.1249  pr=0.2934  PER=0.074  sid_acc=0.420
  ✓ best checkpoint (disent=0.6536  PER=0.074 sid=0.420) → /rds/user/bbg25/hpc-work/Thesis/Final-Proj/Disentanglement/checkpoints/job1_inv_dense/stage2_best.pt
  step   8100/12000  recon=0.1248  pr=0.2881  sid=4.2451  grl=5.5134  grl_p=0.8269  inv=0.0128  L/P/U=3072/1024/1024  actL/P/U=160/64/32  H=nan  Hu=nan  spec<.5=nan  marg=nan  lstd=nan  lr=2.65e-05
  step   8200/12000  recon=0.1238  pr=0.3108  sid=4.6416  grl=5.5153  grl_p=0.8650  inv=0.0127  L/P/U=3072/1024/1024  actL/P/U=160/64/32  H=nan  Hu=nan  spec<.5=nan  marg=nan  lstd=nan  lr=2.54e-05
  step   8300/12000  recon=0.1224  pr=0.4316  sid=4.3574  grl=5.5748  grl_p=0.9015  inv=0.0132  L/P/U=3072/1024/1024  actL/P/U=160/64/32  H=nan  Hu=nan  spec<.5=nan  marg=nan  lstd=nan  lr=2.42e-05
  step   8400/12000  recon=0.1266  pr=0.2822  sid=4.3037  grl=5.5401  grl_p=0.8642  inv=0.0128  L/P/U=3072/1024/1024  actL/P/U=160/64/32  H=nan  Hu=nan  spec<.5=nan  marg=nan  lstd=nan  lr=2.31e-05
  [grad_norms @8500]
    recon             |g|=0.33894  ratio=1.000x recon
    pr_raw            |g|=0.24111  ratio=0.711x recon
    pr_weighted       |g|=0.19289  ratio=0.569x recon
    sid_raw           |g|=4.06561  ratio=11.995x recon
    sid_weighted      |g|=2.43937  ratio=7.197x recon
    grl               |g|=0.09412  ratio=0.278x recon
    grl_p             |g|=2.76686  ratio=8.163x recon
    route             |g|=0.00000  ratio=0.000x recon
    per-frame |dL/dz[t]|:  grl(z_L)=0.00000   grl_p(z_P)=0.00066   (grl_p/grl = nanx  <- pooled-vs-dense dilution)
  step   8500/12000  recon=0.1239  pr=0.2874  sid=4.3662  grl=5.5210  grl_p=0.8586  inv=0.0134  L/P/U=3072/1024/1024  actL/P/U=160/64/32  H=nan  Hu=nan  spec<.5=nan  marg=nan  lstd=nan  lr=2.20e-05
  step   8600/12000  recon=0.1216  pr=0.2351  sid=4.3574  grl=5.5031  grl_p=0.7339  inv=0.0128  L/P/U=3072/1024/1024  actL/P/U=160/64/32  H=nan  Hu=nan  spec<.5=nan  marg=nan  lstd=nan  lr=2.09e-05
[dis_data] g2p_en loaded for OOV words
[dis_data] g2p_en loaded for OOV words
[dis_data] g2p_en loaded for OOV words
[dis_data] g2p_en loaded for OOV words
[dis_data] g2p_en loaded for OOV words
[dis_data] g2p_en loaded for OOV words
[dis_data] g2p_en loaded for OOV words
[dis_data] g2p_en loaded for OOV words
[dis_data] g2p_en loaded for OOV words
[dis_data] g2p_en loaded for OOV words[dis_data] g2p_en loaded for OOV words

[dis_data] g2p_en loaded for OOV words
  step   8700/12000  recon=0.1238  pr=0.2958  sid=4.5830  grl=5.4894  grl_p=0.7878  inv=0.0111  L/P/U=3072/1024/1024  actL/P/U=160/64/32  H=nan  Hu=nan  spec<.5=nan  marg=nan  lstd=nan  lr=1.98e-05
  step   8800/12000  recon=0.1234  pr=0.3191  sid=4.2500  grl=5.5064  grl_p=0.7790  inv=0.0130  L/P/U=3072/1024/1024  actL/P/U=160/64/32  H=nan  Hu=nan  spec<.5=nan  marg=nan  lstd=nan  lr=1.87e-05
  step   8900/12000  recon=0.1244  pr=0.2498  sid=4.3057  grl=5.4935  grl_p=0.7516  inv=0.0144  L/P/U=3072/1024/1024  actL/P/U=160/64/32  H=nan  Hu=nan  spec<.5=nan  marg=nan  lstd=nan  lr=1.77e-05
  [grad_norms @9000]
    recon             |g|=0.36072  ratio=1.000x recon
    pr_raw            |g|=0.28297  ratio=0.784x recon
    pr_weighted       |g|=0.22638  ratio=0.628x recon
    sid_raw           |g|=4.64497  ratio=12.877x recon
    sid_weighted      |g|=2.78698  ratio=7.726x recon
    grl               |g|=0.19501  ratio=0.541x recon
    grl_p             |g|=3.88657  ratio=10.775x recon
    route             |g|=0.00000  ratio=0.000x recon
    per-frame |dL/dz[t]|:  grl(z_L)=0.00000   grl_p(z_P)=0.00068   (grl_p/grl = nanx  <- pooled-vs-dense dilution)
  step   9000/12000  recon=0.1238  pr=0.2670  sid=4.4258  grl=5.4876  grl_p=0.7899  inv=0.0118  L/P/U=3072/1024/1024  actL/P/U=160/64/32  H=nan  Hu=nan  spec<.5=nan  marg=nan  lstd=nan  lr=1.67e-05
[dis_data] g2p_en loaded for OOV words
[dis_data] g2p_en loaded for OOV words
[dis_data] g2p_en loaded for OOV words
[dis_data] g2p_en loaded for OOV words
[dis_data] g2p_en loaded for OOV words
[dis_data] g2p_en loaded for OOV words
[dis_data] g2p_en loaded for OOV words
[dis_data] g2p_en loaded for OOV words
[dis_data] g2p_en loaded for OOV words
[dis_data] g2p_en loaded for OOV words
[dis_data] g2p_en loaded for OOV words
[dis_data] g2p_en loaded for OOV words
  [val] step=9000  recon=0.1239  pr=0.2907  PER=0.071  sid_acc=0.456
  ✓ best checkpoint (disent=0.6154  PER=0.071 sid=0.456) → /rds/user/bbg25/hpc-work/Thesis/Final-Proj/Disentanglement/checkpoints/job1_inv_dense/stage2_best.pt
  step   9100/12000  recon=0.1226  pr=0.3045  sid=4.2539  grl=5.5654  grl_p=0.8254  inv=0.0128  L/P/U=3072/1024/1024  actL/P/U=160/64/32  H=nan  Hu=nan  spec<.5=nan  marg=nan  lstd=nan  lr=1.57e-05
  step   9200/12000  recon=0.1232  pr=0.2951  sid=4.3086  grl=5.5122  grl_p=0.8524  inv=0.0126  L/P/U=3072/1024/1024  actL/P/U=160/64/32  H=nan  Hu=nan  spec<.5=nan  marg=nan  lstd=nan  lr=1.48e-05
  step   9300/12000  recon=0.1246  pr=0.3064  sid=4.3047  grl=5.5178  grl_p=0.7938  inv=0.0144  L/P/U=3072/1024/1024  actL/P/U=160/64/32  H=nan  Hu=nan  spec<.5=nan  marg=nan  lstd=nan  lr=1.39e-05
  step   9400/12000  recon=0.1225  pr=0.3196  sid=4.2080  grl=5.5402  grl_p=0.7987  inv=0.0140  L/P/U=3072/1024/1024  actL/P/U=160/64/32  H=nan  Hu=nan  spec<.5=nan  marg=nan  lstd=nan  lr=1.30e-05
  [grad_norms @9500]
    recon             |g|=0.33172  ratio=1.000x recon
    pr_raw            |g|=0.29376  ratio=0.886x recon
    pr_weighted       |g|=0.23501  ratio=0.708x recon
    sid_raw           |g|=3.48983  ratio=10.520x recon
    sid_weighted      |g|=2.09390  ratio=6.312x recon
    grl               |g|=0.08554  ratio=0.258x recon
    grl_p             |g|=3.10696  ratio=9.366x recon
    route             |g|=0.00000  ratio=0.000x recon
    per-frame |dL/dz[t]|:  grl(z_L)=0.00000   grl_p(z_P)=0.00061   (grl_p/grl = nanx  <- pooled-vs-dense dilution)
  step   9500/12000  recon=0.1212  pr=0.3101  sid=4.3516  grl=5.5180  grl_p=0.7139  inv=0.0125  L/P/U=3072/1024/1024  actL/P/U=160/64/32  H=nan  Hu=nan  spec<.5=nan  marg=nan  lstd=nan  lr=1.21e-05
  step   9600/12000  recon=0.1230  pr=0.3029  sid=4.3896  grl=5.4938  grl_p=0.7768  inv=0.0128  L/P/U=3072/1024/1024  actL/P/U=160/64/32  H=nan  Hu=nan  spec<.5=nan  marg=nan  lstd=nan  lr=1.13e-05
  step   9700/12000  recon=0.1244  pr=0.3558  sid=4.3086  grl=5.5390  grl_p=0.8512  inv=0.0114  L/P/U=3072/1024/1024  actL/P/U=160/64/32  H=nan  Hu=nan  spec<.5=nan  marg=nan  lstd=nan  lr=1.05e-05
  step   9800/12000  recon=0.1232  pr=0.2946  sid=4.4736  grl=5.4950  grl_p=0.7951  inv=0.0125  L/P/U=3072/1024/1024  actL/P/U=160/64/32  H=nan  Hu=nan  spec<.5=nan  marg=nan  lstd=nan  lr=9.67e-06
  step   9900/12000  recon=0.1216  pr=0.3019  sid=4.2109  grl=5.5039  grl_p=0.7653  inv=0.0124  L/P/U=3072/1024/1024  actL/P/U=160/64/32  H=nan  Hu=nan  spec<.5=nan  marg=nan  lstd=nan  lr=8.92e-06
  [grad_norms @10000]
    recon             |g|=0.30155  ratio=1.000x recon
    pr_raw            |g|=0.27300  ratio=0.905x recon
    pr_weighted       |g|=0.21840  ratio=0.724x recon
    sid_raw           |g|=7.15353  ratio=23.722x recon
    sid_weighted      |g|=4.29212  ratio=14.233x recon
    grl               |g|=0.11987  ratio=0.398x recon
    grl_p             |g|=2.23853  ratio=7.423x recon
    route             |g|=0.00000  ratio=0.000x recon
    per-frame |dL/dz[t]|:  grl(z_L)=0.00000   grl_p(z_P)=0.00061   (grl_p/grl = nanx  <- pooled-vs-dense dilution)
  step  10000/12000  recon=0.1220  pr=0.2315  sid=4.0146  grl=5.5176  grl_p=0.7199  inv=0.0120  L/P/U=3072/1024/1024  actL/P/U=160/64/32  H=nan  Hu=nan  spec<.5=nan  marg=nan  lstd=nan  lr=8.21e-06
[dis_data] g2p_en loaded for OOV words
[dis_data] g2p_en loaded for OOV words
[dis_data] g2p_en loaded for OOV words
[dis_data] g2p_en loaded for OOV words
[dis_data] g2p_en loaded for OOV words[dis_data] g2p_en loaded for OOV words

[dis_data] g2p_en loaded for OOV words
[dis_data] g2p_en loaded for OOV words
[dis_data] g2p_en loaded for OOV words
[dis_data] g2p_en loaded for OOV words
[dis_data] g2p_en loaded for OOV words
[dis_data] g2p_en loaded for OOV words
  [val] step=10000  recon=0.1233  pr=0.2886  PER=0.071  sid_acc=0.476
  ✓ best checkpoint (disent=0.5948  PER=0.071 sid=0.476) → /rds/user/bbg25/hpc-work/Thesis/Final-Proj/Disentanglement/checkpoints/job1_inv_dense/stage2_best.pt
  step  10100/12000  recon=0.1229  pr=0.3196  sid=3.9219  grl=5.5110  grl_p=0.8136  inv=0.0137  L/P/U=3072/1024/1024  actL/P/U=160/64/32  H=nan  Hu=nan  spec<.5=nan  marg=nan  lstd=nan  lr=7.52e-06
  step  10200/12000  recon=0.1253  pr=0.3236  sid=4.3262  grl=5.5243  grl_p=0.8470  inv=0.0117  L/P/U=3072/1024/1024  actL/P/U=160/64/32  H=nan  Hu=nan  spec<.5=nan  marg=nan  lstd=nan  lr=6.86e-06
  step  10300/12000  recon=0.1238  pr=0.3073  sid=4.3516  grl=5.5323  grl_p=0.7918  inv=0.0138  L/P/U=3072/1024/1024  actL/P/U=160/64/32  H=nan  Hu=nan  spec<.5=nan  marg=nan  lstd=nan  lr=6.24e-06
[dis_data] g2p_en loaded for OOV words
[dis_data] g2p_en loaded for OOV words[dis_data] g2p_en loaded for OOV words

[dis_data] g2p_en loaded for OOV words
[dis_data] g2p_en loaded for OOV words
[dis_data] g2p_en loaded for OOV words
[dis_data] g2p_en loaded for OOV words
[dis_data] g2p_en loaded for OOV words[dis_data] g2p_en loaded for OOV words

[dis_data] g2p_en loaded for OOV words
[dis_data] g2p_en loaded for OOV words
[dis_data] g2p_en loaded for OOV words
  step  10400/12000  recon=0.1238  pr=0.2603  sid=4.1475  grl=5.4943  grl_p=0.7605  inv=0.0133  L/P/U=3072/1024/1024  actL/P/U=160/64/32  H=nan  Hu=nan  spec<.5=nan  marg=nan  lstd=nan  lr=5.65e-06
  [grad_norms @10500]
    recon             |g|=0.30112  ratio=1.000x recon
    pr_raw            |g|=0.19035  ratio=0.632x recon
    pr_weighted       |g|=0.15228  ratio=0.506x recon
    sid_raw           |g|=3.59522  ratio=11.940x recon
    sid_weighted      |g|=2.15713  ratio=7.164x recon
    grl               |g|=0.09166  ratio=0.304x recon
    grl_p             |g|=2.34980  ratio=7.804x recon
    route             |g|=0.00000  ratio=0.000x recon
    per-frame |dL/dz[t]|:  grl(z_L)=0.00000   grl_p(z_P)=0.00061   (grl_p/grl = nanx  <- pooled-vs-dense dilution)
  step  10500/12000  recon=0.1228  pr=0.2225  sid=4.1948  grl=5.5162  grl_p=0.6518  inv=0.0125  L/P/U=3072/1024/1024  actL/P/U=160/64/32  H=nan  Hu=nan  spec<.5=nan  marg=nan  lstd=nan  lr=5.10e-06
  step  10600/12000  recon=0.1219  pr=0.3130  sid=4.2979  grl=5.5189  grl_p=0.7915  inv=0.0126  L/P/U=3072/1024/1024  actL/P/U=160/64/32  H=nan  Hu=nan  spec<.5=nan  marg=nan  lstd=nan  lr=4.58e-06
  step  10700/12000  recon=0.1218  pr=0.2403  sid=4.2891  grl=5.5063  grl_p=0.6948  inv=0.0113  L/P/U=3072/1024/1024  actL/P/U=160/64/32  H=nan  Hu=nan  spec<.5=nan  marg=nan  lstd=nan  lr=4.09e-06
  step  10800/12000  recon=0.1240  pr=0.3809  sid=4.0986  grl=5.5189  grl_p=0.9144  inv=0.0128  L/P/U=3072/1024/1024  actL/P/U=160/64/32  H=nan  Hu=nan  spec<.5=nan  marg=nan  lstd=nan  lr=3.64e-06
  step  10900/12000  recon=0.1249  pr=0.2602  sid=4.3525  grl=5.5327  grl_p=0.7964  inv=0.0131  L/P/U=3072/1024/1024  actL/P/U=160/64/32  H=nan  Hu=nan  spec<.5=nan  marg=nan  lstd=nan  lr=3.22e-06
  [grad_norms @11000]
    recon             |g|=0.28747  ratio=1.000x recon
    pr_raw            |g|=0.26931  ratio=0.937x recon
    pr_weighted       |g|=0.21544  ratio=0.749x recon
    sid_raw           |g|=3.81088  ratio=13.256x recon
    sid_weighted      |g|=2.28653  ratio=7.954x recon
    grl               |g|=0.08870  ratio=0.309x recon
    grl_p             |g|=2.42329  ratio=8.430x recon
    route             |g|=0.00000  ratio=0.000x recon
    per-frame |dL/dz[t]|:  grl(z_L)=0.00000   grl_p(z_P)=0.00065   (grl_p/grl = nanx  <- pooled-vs-dense dilution)
  step  11000/12000  recon=0.1219  pr=0.2726  sid=4.2246  grl=5.5002  grl_p=0.7538  inv=0.0115  L/P/U=3072/1024/1024  actL/P/U=160/64/32  H=nan  Hu=nan  spec<.5=nan  marg=nan  lstd=nan  lr=2.84e-06
[dis_data] g2p_en loaded for OOV words
[dis_data] g2p_en loaded for OOV words
[dis_data] g2p_en loaded for OOV words[dis_data] g2p_en loaded for OOV words

[dis_data] g2p_en loaded for OOV words
[dis_data] g2p_en loaded for OOV words
[dis_data] g2p_en loaded for OOV words
[dis_data] g2p_en loaded for OOV words[dis_data] g2p_en loaded for OOV words

[dis_data] g2p_en loaded for OOV words
[dis_data] g2p_en loaded for OOV words
[dis_data] g2p_en loaded for OOV words
  [val] step=11000  recon=0.1230  pr=0.2877  PER=0.072  sid_acc=0.484
  ✓ best checkpoint (disent=0.5880  PER=0.072 sid=0.484) → /rds/user/bbg25/hpc-work/Thesis/Final-Proj/Disentanglement/checkpoints/job1_inv_dense/stage2_best.pt
  step  11100/12000  recon=0.1222  pr=0.2928  sid=4.1807  grl=5.4923  grl_p=0.8238  inv=0.0116  L/P/U=3072/1024/1024  actL/P/U=160/64/32  H=nan  Hu=nan  spec<.5=nan  marg=nan  lstd=nan  lr=2.49e-06
  step  11200/12000  recon=0.1203  pr=0.3158  sid=4.0176  grl=5.5011  grl_p=0.8067  inv=0.0121  L/P/U=3072/1024/1024  actL/P/U=160/64/32  H=nan  Hu=nan  spec<.5=nan  marg=nan  lstd=nan  lr=2.18e-06
  step  11300/12000  recon=0.1219  pr=0.2562  sid=4.0015  grl=5.5101  grl_p=0.7198  inv=0.0122  L/P/U=3072/1024/1024  actL/P/U=160/64/32  H=nan  Hu=nan  spec<.5=nan  marg=nan  lstd=nan  lr=1.90e-06
  step  11400/12000  recon=0.1254  pr=0.3061  sid=4.1763  grl=5.5267  grl_p=0.7712  inv=0.0125  L/P/U=3072/1024/1024  actL/P/U=160/64/32  H=nan  Hu=nan  spec<.5=nan  marg=nan  lstd=nan  lr=1.66e-06
  [grad_norms @11500]
    recon             |g|=0.29088  ratio=1.000x recon
    pr_raw            |g|=0.29136  ratio=1.002x recon
    pr_weighted       |g|=0.23309  ratio=0.801x recon
    sid_raw           |g|=4.59307  ratio=15.790x recon
    sid_weighted      |g|=2.75584  ratio=9.474x recon
    grl               |g|=0.10186  ratio=0.350x recon
    grl_p             |g|=2.44933  ratio=8.420x recon
    route             |g|=0.00000  ratio=0.000x recon
    per-frame |dL/dz[t]|:  grl(z_L)=0.00000   grl_p(z_P)=0.00066   (grl_p/grl = nanx  <- pooled-vs-dense dilution)
  step  11500/12000  recon=0.1239  pr=0.2772  sid=4.3535  grl=5.5299  grl_p=0.7507  inv=0.0122  L/P/U=3072/1024/1024  actL/P/U=160/64/32  H=nan  Hu=nan  spec<.5=nan  marg=nan  lstd=nan  lr=1.46e-06
  step  11600/12000  recon=0.1226  pr=0.2341  sid=4.1758  grl=5.4880  grl_p=0.7420  inv=0.0134  L/P/U=3072/1024/1024  actL/P/U=160/64/32  H=nan  Hu=nan  spec<.5=nan  marg=nan  lstd=nan  lr=1.30e-06
  step  11700/12000  recon=0.1203  pr=0.2198  sid=4.2554  grl=5.5280  grl_p=0.6838  inv=0.0122  L/P/U=3072/1024/1024  actL/P/U=160/64/32  H=nan  Hu=nan  spec<.5=nan  marg=nan  lstd=nan  lr=1.17e-06
  step  11800/12000  recon=0.1225  pr=0.3154  sid=4.2021  grl=5.4912  grl_p=0.8015  inv=0.0115  L/P/U=3072/1024/1024  actL/P/U=160/64/32  H=nan  Hu=nan  spec<.5=nan  marg=nan  lstd=nan  lr=1.07e-06
  step  11900/12000  recon=0.1229  pr=0.3713  sid=4.3027  grl=5.5078  grl_p=0.8058  inv=0.0124  L/P/U=3072/1024/1024  actL/P/U=160/64/32  H=nan  Hu=nan  spec<.5=nan  marg=nan  lstd=nan  lr=1.02e-06
  [grad_norms @12000]
    recon             |g|=0.29007  ratio=1.000x recon
    pr_raw            |g|=0.39939  ratio=1.377x recon
    pr_weighted       |g|=0.31951  ratio=1.101x recon
    sid_raw           |g|=4.22816  ratio=14.576x recon
    sid_weighted      |g|=2.53690  ratio=8.746x recon
    grl               |g|=0.09673  ratio=0.333x recon
    grl_p             |g|=4.19968  ratio=14.478x recon
    route             |g|=0.00000  ratio=0.000x recon
    per-frame |dL/dz[t]|:  grl(z_L)=0.00000   grl_p(z_P)=0.00077   (grl_p/grl = nanx  <- pooled-vs-dense dilution)
  step  12000/12000  recon=0.1226  pr=0.3550  sid=4.2915  grl=5.4889  grl_p=0.8624  inv=0.0123  L/P/U=3072/1024/1024  actL/P/U=160/64/32  H=nan  Hu=nan  spec<.5=nan  marg=nan  lstd=nan  lr=1.00e-06
[dis_data] g2p_en loaded for OOV words
[dis_data] g2p_en loaded for OOV words
[dis_data] g2p_en loaded for OOV words
[dis_data] g2p_en loaded for OOV words
[dis_data] g2p_en loaded for OOV words
[dis_data] g2p_en loaded for OOV words
[dis_data] g2p_en loaded for OOV words
[dis_data] g2p_en loaded for OOV words
[dis_data] g2p_en loaded for OOV words
[dis_data] g2p_en loaded for OOV words
[dis_data] g2p_en loaded for OOV words
[dis_data] g2p_en loaded for OOV words
  [val] step=12000  recon=0.1229  pr=0.2878  PER=0.071  sid_acc=0.490
  ✓ best checkpoint (disent=0.5811  PER=0.071 sid=0.490) → /rds/user/bbg25/hpc-work/Thesis/Final-Proj/Disentanglement/checkpoints/job1_inv_dense/stage2_best.pt

[stage 2] done.  Best disent_score=0.5811  → /rds/user/bbg25/hpc-work/Thesis/Final-Proj/Disentanglement/checkpoints/job1_inv_dense/stage2_best.pt

[done]  best checkpoint → /rds/user/bbg25/hpc-work/Thesis/Final-Proj/Disentanglement/checkpoints/job1_inv_dense/stage2_best.pt

----- probe (z_L, z_P only) -----
Wed Jun 17 18:33:48 BST 2026
[diag_probe] run=diag_job1_inv_dense  device=cuda
[diag_probe] seed=42
[diag_probe] stage1_ckpt=/rds/user/bbg25/hpc-work/Thesis/Final-Proj/Disentanglement/checkpoints/job1_inv_dense/stage2_best.pt
[diag_probe] stage2_ckpt=/rds/user/bbg25/hpc-work/Thesis/Final-Proj/Disentanglement/checkpoints/job1_inv_dense/stage2_best.pt
[diag_probe] sources=['z_L', 'z_P']  tasks=['pr', 'sid']
[diag_probe] probe_steps=10000  pr_lr=0.0005  sid_lr=0.001  warmup=0  val_every=250  patience=8
[pr_data] loaded LibriSpeech lexicon: 200,000 entries
[pr_data] loading train-clean-100 …
[pr_data] loading dev-clean …
[pr_data] loading test-clean …
[pr_data]  train=28539  val=2703  test=2620  vocab_size=74
[dis_data] loaded lexicon: 200,000 entries
[dis_data] loading train-clean-100 …
[dis_data]  251 speakers
[dis_data]  train=27539  val=500  test=500  vocab=74  speakers=251
[train] WARNING: unexpected missing SAE keys: ['block_idx', 'block_m_L', 'block_m_P', 'block_m_U']
[train] loaded 3 SAE tensors from /rds/user/bbg25/hpc-work/Thesis/Final-Proj/Disentanglement/checkpoints/job1_inv_dense/stage2_best.pt  (step=12000  val=0.5811)
[diag_probe] skipped 2 shape-mismatched/stale keys (e.g. ['grl_head.context_conv.weight', 'grl_head.context_conv.bias']) — fine, probe does not use adversarial heads
[diag_probe] loaded stage2 weights from /rds/user/bbg25/hpc-work/Thesis/Final-Proj/Disentanglement/checkpoints/job1_inv_dense/stage2_best.pt

[diag_probe] speakers=251  pr_vocab=74  D=1280  K=5120
[diag_probe] PR: SUPERB 74-phone — train-clean-100 → val=dev-clean, test=test-clean
[diag_probe] SID: closed-set utterance split (val/test held out); probe arch=stats
[diag_probe] reported metric = TEST (val shown in parentheses)

  training probe: z_L -> PR ...
[pr_data] g2p_en loaded for OOV words
      [pr z_L] step 250/10000  dev PER=0.155  (best 0.155, bad 0/8)
      [pr z_L] step 500/10000  dev PER=0.098  (best 0.098, bad 0/8)
      [pr z_L] step 750/10000  dev PER=0.106  (best 0.098, bad 1/8)
      [pr z_L] step 1000/10000  dev PER=0.107  (best 0.098, bad 2/8)
      [pr z_L] step 1250/10000  dev PER=0.091  (best 0.091, bad 0/8)
      [pr z_L] step 1500/10000  dev PER=0.088  (best 0.088, bad 0/8)
      [pr z_L] step 1750/10000  dev PER=0.101  (best 0.088, bad 1/8)
      [pr z_L] step 2000/10000  dev PER=0.088  (best 0.088, bad 0/8)
      [pr z_L] step 2250/10000  dev PER=0.080  (best 0.080, bad 0/8)
      [pr z_L] step 2500/10000  dev PER=0.083  (best 0.080, bad 1/8)
      [pr z_L] step 2750/10000  dev PER=0.087  (best 0.080, bad 2/8)
      [pr z_L] step 3000/10000  dev PER=0.075  (best 0.075, bad 0/8)
      [pr z_L] step 3250/10000  dev PER=0.085  (best 0.075, bad 1/8)
      [pr z_L] step 3500/10000  dev PER=0.081  (best 0.075, bad 2/8)
      [pr z_L] step 3750/10000  dev PER=0.086  (best 0.075, bad 3/8)
      [pr z_L] step 4000/10000  dev PER=0.215  (best 0.075, bad 4/8)
      [pr z_L] step 4250/10000  dev PER=0.080  (best 0.075, bad 5/8)
      [pr z_L] step 4500/10000  dev PER=0.073  (best 0.073, bad 0/8)
      [pr z_L] step 4750/10000  dev PER=0.079  (best 0.073, bad 1/8)
      [pr z_L] step 5000/10000  dev PER=0.074  (best 0.073, bad 2/8)
      [pr z_L] step 5250/10000  dev PER=0.081  (best 0.073, bad 3/8)
      [pr z_L] step 5500/10000  dev PER=0.074  (best 0.073, bad 4/8)
      [pr z_L] step 5750/10000  dev PER=0.076  (best 0.073, bad 5/8)
      [pr z_L] step 6000/10000  dev PER=0.077  (best 0.073, bad 6/8)
      [pr z_L] step 6250/10000  dev PER=0.072  (best 0.072, bad 0/8)
      [pr z_L] step 6500/10000  dev PER=0.070  (best 0.070, bad 0/8)
      [pr z_L] step 6750/10000  dev PER=0.073  (best 0.070, bad 1/8)
      [pr z_L] step 7000/10000  dev PER=0.082  (best 0.070, bad 2/8)
      [pr z_L] step 7250/10000  dev PER=0.077  (best 0.070, bad 3/8)
      [pr z_L] step 7500/10000  dev PER=0.070  (best 0.070, bad 4/8)
      [pr z_L] step 7750/10000  dev PER=0.074  (best 0.070, bad 5/8)
      [pr z_L] step 8000/10000  dev PER=0.078  (best 0.070, bad 6/8)
      [pr z_L] step 8250/10000  dev PER=0.073  (best 0.070, bad 7/8)
      [pr z_L] step 8500/10000  dev PER=0.080  (best 0.070, bad 8/8)
    z_L -> PR               PER test=0.073  (val 0.070)
  training probe: z_L -> SID ...
[dis_data] g2p_en loaded for OOV words
      [sid z_L] step 250/10000  dev acc=0.004  (best 0.004, bad 0/8)
      [sid z_L] step 500/10000  dev acc=0.004  (best 0.004, bad 1/8)
      [sid z_L] step 750/10000  dev acc=0.006  (best 0.006, bad 0/8)
      [sid z_L] step 1000/10000  dev acc=0.006  (best 0.006, bad 1/8)
      [sid z_L] step 1250/10000  dev acc=0.006  (best 0.006, bad 2/8)
      [sid z_L] step 1500/10000  dev acc=0.006  (best 0.006, bad 3/8)
      [sid z_L] step 1750/10000  dev acc=0.006  (best 0.006, bad 4/8)
      [sid z_L] step 2000/10000  dev acc=0.006  (best 0.006, bad 5/8)
      [sid z_L] step 2250/10000  dev acc=0.006  (best 0.006, bad 6/8)
      [sid z_L] step 2500/10000  dev acc=0.002  (best 0.006, bad 7/8)
      [sid z_L] step 2750/10000  dev acc=0.006  (best 0.006, bad 8/8)
    z_L -> SID              acc test=0.010  (val 0.006)
  training probe: z_P -> PR ...
      [pr z_P] step 250/10000  dev PER=0.919  (best 0.919, bad 0/8)
      [pr z_P] step 500/10000  dev PER=0.717  (best 0.717, bad 0/8)
      [pr z_P] step 750/10000  dev PER=0.631  (best 0.631, bad 0/8)
      [pr z_P] step 1000/10000  dev PER=0.572  (best 0.572, bad 0/8)
      [pr z_P] step 1250/10000  dev PER=0.546  (best 0.546, bad 0/8)
      [pr z_P] step 1500/10000  dev PER=0.536  (best 0.536, bad 0/8)
      [pr z_P] step 1750/10000  dev PER=0.534  (best 0.534, bad 0/8)
      [pr z_P] step 2000/10000  dev PER=0.526  (best 0.526, bad 0/8)
      [pr z_P] step 2250/10000  dev PER=0.519  (best 0.519, bad 0/8)
      [pr z_P] step 2500/10000  dev PER=0.527  (best 0.519, bad 1/8)
      [pr z_P] step 2750/10000  dev PER=0.522  (best 0.519, bad 2/8)
      [pr z_P] step 3000/10000  dev PER=0.522  (best 0.519, bad 3/8)
      [pr z_P] step 3250/10000  dev PER=0.526  (best 0.519, bad 4/8)
      [pr z_P] step 3500/10000  dev PER=0.519  (best 0.519, bad 5/8)
      [pr z_P] step 3750/10000  dev PER=0.514  (best 0.514, bad 0/8)
      [pr z_P] step 4000/10000  dev PER=0.515  (best 0.514, bad 1/8)
      [pr z_P] step 4250/10000  dev PER=0.517  (best 0.514, bad 2/8)
      [pr z_P] step 4500/10000  dev PER=0.517  (best 0.514, bad 3/8)
      [pr z_P] step 4750/10000  dev PER=0.517  (best 0.514, bad 4/8)
      [pr z_P] step 5000/10000  dev PER=0.515  (best 0.514, bad 5/8)
      [pr z_P] step 5250/10000  dev PER=0.517  (best 0.514, bad 6/8)
      [pr z_P] step 5500/10000  dev PER=0.511  (best 0.511, bad 0/8)
      [pr z_P] step 5750/10000  dev PER=0.510  (best 0.510, bad 0/8)
      [pr z_P] step 6000/10000  dev PER=0.518  (best 0.510, bad 1/8)
      [pr z_P] step 6250/10000  dev PER=0.515  (best 0.510, bad 2/8)
      [pr z_P] step 6500/10000  dev PER=0.510  (best 0.510, bad 3/8)
      [pr z_P] step 6750/10000  dev PER=0.516  (best 0.510, bad 4/8)
      [pr z_P] step 7000/10000  dev PER=0.513  (best 0.510, bad 5/8)
      [pr z_P] step 7250/10000  dev PER=0.516  (best 0.510, bad 6/8)
      [pr z_P] step 7500/10000  dev PER=0.513  (best 0.510, bad 7/8)
      [pr z_P] step 7750/10000  dev PER=0.511  (best 0.510, bad 8/8)
    z_P -> PR               PER test=0.515  (val 0.510)
  training probe: z_P -> SID ...
      [sid z_P] step 250/10000  dev acc=0.212  (best 0.212, bad 0/8)
      [sid z_P] step 500/10000  dev acc=0.438  (best 0.438, bad 0/8)
      [sid z_P] step 750/10000  dev acc=0.608  (best 0.608, bad 0/8)
      [sid z_P] step 1000/10000  dev acc=0.666  (best 0.666, bad 0/8)
      [sid z_P] step 1250/10000  dev acc=0.802  (best 0.802, bad 0/8)
      [sid z_P] step 1500/10000  dev acc=0.844  (best 0.844, bad 0/8)
      [sid z_P] step 1750/10000  dev acc=0.862  (best 0.862, bad 0/8)
      [sid z_P] step 2000/10000  dev acc=0.890  (best 0.890, bad 0/8)
      [sid z_P] step 2250/10000  dev acc=0.900  (best 0.900, bad 0/8)
      [sid z_P] step 2500/10000  dev acc=0.920  (best 0.920, bad 0/8)
      [sid z_P] step 2750/10000  dev acc=0.946  (best 0.946, bad 0/8)
      [sid z_P] step 3000/10000  dev acc=0.926  (best 0.946, bad 1/8)
      [sid z_P] step 3250/10000  dev acc=0.948  (best 0.948, bad 0/8)
      [sid z_P] step 3500/10000  dev acc=0.942  (best 0.948, bad 1/8)
      [sid z_P] step 3750/10000  dev acc=0.936  (best 0.948, bad 2/8)
      [sid z_P] step 4000/10000  dev acc=0.958  (best 0.958, bad 0/8)
      [sid z_P] step 4250/10000  dev acc=0.962  (best 0.962, bad 0/8)
      [sid z_P] step 4500/10000  dev acc=0.964  (best 0.964, bad 0/8)
      [sid z_P] step 4750/10000  dev acc=0.966  (best 0.966, bad 0/8)
      [sid z_P] step 5000/10000  dev acc=0.962  (best 0.966, bad 1/8)
      [sid z_P] step 5250/10000  dev acc=0.970  (best 0.970, bad 0/8)
      [sid z_P] step 5500/10000  dev acc=0.966  (best 0.970, bad 1/8)
      [sid z_P] step 5750/10000  dev acc=0.970  (best 0.970, bad 2/8)
      [sid z_P] step 6000/10000  dev acc=0.972  (best 0.972, bad 0/8)
      [sid z_P] step 6250/10000  dev acc=0.978  (best 0.978, bad 0/8)
      [sid z_P] step 6500/10000  dev acc=0.976  (best 0.978, bad 1/8)
      [sid z_P] step 6750/10000  dev acc=0.970  (best 0.978, bad 2/8)
      [sid z_P] step 7000/10000  dev acc=0.978  (best 0.978, bad 3/8)
      [sid z_P] step 7250/10000  dev acc=0.976  (best 0.978, bad 4/8)
      [sid z_P] step 7500/10000  dev acc=0.978  (best 0.978, bad 5/8)
      [sid z_P] step 7750/10000  dev acc=0.976  (best 0.978, bad 6/8)
      [sid z_P] step 8000/10000  dev acc=0.978  (best 0.978, bad 7/8)
      [sid z_P] step 8250/10000  dev acc=0.978  (best 0.978, bad 8/8)
    z_P -> SID              acc test=0.964  (val 0.978)

==================================================================
  DIAGNOSTIC PROBE RESULTS - diag_job1_inv_dense
==================================================================
  Source       PR (PER↓)    SID (acc↑)
  --------  ------------  ------------
  z_L              0.073         0.010
  z_P              0.515         0.964
==================================================================


Finished Wed Jun 17 20:58:20 BST 2026
