=== invariance inv_weight=1.0 (grl=0 monitor) ===  Wed Jun 17 01:17:52 BST 2026
GPU NVIDIA A100-SXM4-80GB
=== Disentanglement  stage=2
=== device=cuda  bf16=True
=== K=5120  topk=256  D=1280
=== steps=12000  α=0.8  β=0.6  grl=0.0  ρ=0.0
[dis_data] loaded lexicon: 200,000 entries
[dis_data] loading train-clean-100 …
[dis_data]  251 speakers
[dis_data] invariance ON — train loader yields speaker-perturbed pairs (f0×(0.7, 1.5), formant×(0.85, 1.3))
[dis_data]  train=27539  val=500  test=500  vocab=74  speakers=251
[train] stage2_from_scratch=True — SAE/routing/heads start from initialization
[stage 2] frozen=596,973,362  trainable=17,478,282  device=cuda
[stage 2] speakers=251  vocab=74
[stage 2] α=0.8  β=0.6  grl=0.0  ρ=0.0  grl_p=0.5  hard_gumbel=True  spear_ln=True  dann_full_disc=True
[stage 2] steps=12000  batch=16
[stage 2] invariance ON: inv_weight=1.0 (z_L speaker-invariance via perturbed-pair consistency)
[dis_data] g2p_en loaded for OOV words[dis_data] g2p_en loaded for OOV words[dis_data] g2p_en loaded for OOV words[dis_data] g2p_en loaded for OOV words



[dis_data] g2p_en loaded for OOV words
[dis_data] g2p_en loaded for OOV words
[dis_data] g2p_en loaded for OOV words
[dis_data] g2p_en loaded for OOV words
[dis_data] g2p_en loaded for OOV words
[dis_data] g2p_en loaded for OOV words
[dis_data] g2p_en loaded for OOV words
[dis_data] g2p_en loaded for OOV words
  step      1/12000  recon=0.3630  pr=16.6348  sid=5.5254  grl=5.5176  grl_p=16.5584  inv=0.0273  L/P/U=3072/1024/1024  actL/P/U=160/64/32  H=nan  Hu=nan  spec<.5=nan  marg=nan  lstd=nan  lr=2.00e-07
  step    100/12000  recon=0.3266  pr=15.1064  sid=5.5332  grl=5.5156  grl_p=3.5396  inv=0.0259  L/P/U=3072/1024/1024  actL/P/U=160/64/32  H=nan  Hu=nan  spec<.5=nan  marg=nan  lstd=nan  lr=2.00e-05
  step    200/12000  recon=0.3502  pr=7.2177  sid=5.5156  grl=5.3633  grl_p=1.3865  inv=0.0352  L/P/U=3072/1024/1024  actL/P/U=160/64/32  H=nan  Hu=nan  spec<.5=nan  marg=nan  lstd=nan  lr=4.00e-05
  step    300/12000  recon=0.3168  pr=3.3469  sid=5.4688  grl=4.7617  grl_p=2.0626  inv=0.0613  L/P/U=3072/1024/1024  actL/P/U=160/64/32  H=nan  Hu=nan  spec<.5=nan  marg=nan  lstd=nan  lr=6.00e-05
  step    400/12000  recon=0.2432  pr=1.7684  sid=5.4902  grl=3.6128  grl_p=3.5916  inv=0.0767  L/P/U=3072/1024/1024  actL/P/U=160/64/32  H=nan  Hu=nan  spec<.5=nan  marg=nan  lstd=nan  lr=8.00e-05
  [grad_norms @500]
    recon             |g|=0.03386  ratio=1.000x recon
    pr_raw            |g|=0.42262  ratio=12.482x recon
    pr_weighted       |g|=0.33809  ratio=9.986x recon
    sid_raw           |g|=0.51811  ratio=15.302x recon
    sid_weighted      |g|=0.31087  ratio=9.181x recon
    grl               |g|=0.00000  ratio=0.000x recon
    grl_p             |g|=0.54452  ratio=16.082x recon
    route             |g|=0.00000  ratio=0.000x recon
  step    500/12000  recon=0.1930  pr=1.1589  sid=5.4941  grl=2.8488  grl_p=2.8367  inv=0.0798  L/P/U=3072/1024/1024  actL/P/U=160/64/32  H=nan  Hu=nan  spec<.5=nan  marg=nan  lstd=nan  lr=1.00e-04
  step    600/12000  recon=0.1571  pr=0.8650  sid=5.4629  grl=1.1788  grl_p=3.2172  inv=0.0775  L/P/U=3072/1024/1024  actL/P/U=160/64/32  H=nan  Hu=nan  spec<.5=nan  marg=nan  lstd=nan  lr=1.00e-04
  step    700/12000  recon=0.1350  pr=0.6931  sid=5.4082  grl=0.6766  grl_p=3.0709  inv=0.0753  L/P/U=3072/1024/1024  actL/P/U=160/64/32  H=nan  Hu=nan  spec<.5=nan  marg=nan  lstd=nan  lr=9.99e-05
  step    800/12000  recon=0.1217  pr=0.6502  sid=5.3789  grl=0.5698  grl_p=2.8865  inv=0.0820  L/P/U=3072/1024/1024  actL/P/U=160/64/32  H=nan  Hu=nan  spec<.5=nan  marg=nan  lstd=nan  lr=9.98e-05
  step    900/12000  recon=0.1105  pr=0.4794  sid=5.3418  grl=0.3376  grl_p=2.8700  inv=0.0837  L/P/U=3072/1024/1024  actL/P/U=160/64/32  H=nan  Hu=nan  spec<.5=nan  marg=nan  lstd=nan  lr=9.97e-05
  [grad_norms @1000]
    recon             |g|=0.02928  ratio=1.000x recon
    pr_raw            |g|=0.25766  ratio=8.800x recon
    pr_weighted       |g|=0.20613  ratio=7.040x recon
    sid_raw           |g|=0.80177  ratio=27.383x recon
    sid_weighted      |g|=0.48106  ratio=16.430x recon
    grl               |g|=0.00000  ratio=0.000x recon
    grl_p             |g|=1.10069  ratio=37.591x recon
    route             |g|=0.00000  ratio=0.000x recon
  step   1000/12000  recon=0.1054  pr=0.4441  sid=5.1777  grl=0.1649  grl_p=2.8112  inv=0.0749  L/P/U=3072/1024/1024  actL/P/U=160/64/32  H=nan  Hu=nan  spec<.5=nan  marg=nan  lstd=nan  lr=9.95e-05
[dis_data] g2p_en loaded for OOV words
[dis_data] g2p_en loaded for OOV words
[dis_data] g2p_en loaded for OOV words
[dis_data] g2p_en loaded for OOV words
[dis_data] g2p_en loaded for OOV words
[dis_data] g2p_en loaded for OOV words[dis_data] g2p_en loaded for OOV words

[dis_data] g2p_en loaded for OOV words
[dis_data] g2p_en loaded for OOV words[dis_data] g2p_en loaded for OOV words

[dis_data] g2p_en loaded for OOV words
[dis_data] g2p_en loaded for OOV words
  [val] step=1000  recon=0.1060  pr=0.4515  PER=0.111  sid_acc=0.148
  ✓ best checkpoint (disent=0.9628  PER=0.111 sid=0.148) → /rds/user/bbg25/hpc-work/Thesis/Final-Proj/Disentanglement/checkpoints/inv_w1.0/stage2_best.pt
  step   1100/12000  recon=0.1048  pr=0.4972  sid=5.0801  grl=0.1217  grl_p=3.0010  inv=0.0873  L/P/U=3072/1024/1024  actL/P/U=160/64/32  H=nan  Hu=nan  spec<.5=nan  marg=nan  lstd=nan  lr=9.93e-05
  step   1200/12000  recon=0.1017  pr=0.3824  sid=5.0039  grl=0.0548  grl_p=3.0180  inv=0.0901  L/P/U=3072/1024/1024  actL/P/U=160/64/32  H=nan  Hu=nan  spec<.5=nan  marg=nan  lstd=nan  lr=9.91e-05
  step   1300/12000  recon=0.1021  pr=0.3708  sid=4.9082  grl=0.2469  grl_p=3.1803  inv=0.0812  L/P/U=3072/1024/1024  actL/P/U=160/64/32  H=nan  Hu=nan  spec<.5=nan  marg=nan  lstd=nan  lr=9.88e-05
  step   1400/12000  recon=0.1026  pr=0.3771  sid=4.7344  grl=0.3334  grl_p=3.3953  inv=0.0897  L/P/U=3072/1024/1024  actL/P/U=160/64/32  H=nan  Hu=nan  spec<.5=nan  marg=nan  lstd=nan  lr=9.85e-05
  [grad_norms @1500]
    recon             |g|=0.03169  ratio=1.000x recon
    pr_raw            |g|=0.32293  ratio=10.190x recon
    pr_weighted       |g|=0.25835  ratio=8.152x recon
    sid_raw           |g|=1.68281  ratio=53.102x recon
    sid_weighted      |g|=1.00969  ratio=31.861x recon
    grl               |g|=0.00000  ratio=0.000x recon
    grl_p             |g|=1.61717  ratio=51.030x recon
    route             |g|=0.00000  ratio=0.000x recon
  step   1500/12000  recon=0.1005  pr=0.3351  sid=4.7715  grl=0.0646  grl_p=3.3753  inv=0.0923  L/P/U=3072/1024/1024  actL/P/U=160/64/32  H=nan  Hu=nan  spec<.5=nan  marg=nan  lstd=nan  lr=9.82e-05
  step   1600/12000  recon=0.1010  pr=0.3155  sid=4.4531  grl=0.0193  grl_p=3.3317  inv=0.0823  L/P/U=3072/1024/1024  actL/P/U=160/64/32  H=nan  Hu=nan  spec<.5=nan  marg=nan  lstd=nan  lr=9.78e-05
  step   1700/12000  recon=0.1007  pr=0.3033  sid=4.2744  grl=0.1083  grl_p=3.3991  inv=0.0933  L/P/U=3072/1024/1024  actL/P/U=160/64/32  H=nan  Hu=nan  spec<.5=nan  marg=nan  lstd=nan  lr=9.74e-05
[dis_data] g2p_en loaded for OOV words
[dis_data] g2p_en loaded for OOV words
[dis_data] g2p_en loaded for OOV words
[dis_data] g2p_en loaded for OOV words
[dis_data] g2p_en loaded for OOV words
[dis_data] g2p_en loaded for OOV words
[dis_data] g2p_en loaded for OOV words
[dis_data] g2p_en loaded for OOV words
[dis_data] g2p_en loaded for OOV words[dis_data] g2p_en loaded for OOV words

[dis_data] g2p_en loaded for OOV words
[dis_data] g2p_en loaded for OOV words
  step   1800/12000  recon=0.1021  pr=0.3626  sid=4.3252  grl=0.0174  grl_p=3.4521  inv=0.0893  L/P/U=3072/1024/1024  actL/P/U=160/64/32  H=nan  Hu=nan  spec<.5=nan  marg=nan  lstd=nan  lr=9.69e-05
  step   1900/12000  recon=0.1003  pr=0.2363  sid=4.3828  grl=0.0058  grl_p=3.4867  inv=0.0910  L/P/U=3072/1024/1024  actL/P/U=160/64/32  H=nan  Hu=nan  spec<.5=nan  marg=nan  lstd=nan  lr=9.64e-05
  [grad_norms @2000]
    recon             |g|=0.03737  ratio=1.000x recon
    pr_raw            |g|=0.41899  ratio=11.212x recon
    pr_weighted       |g|=0.33519  ratio=8.970x recon
    sid_raw           |g|=1.82973  ratio=48.963x recon
    sid_weighted      |g|=1.09784  ratio=29.378x recon
    grl               |g|=0.00000  ratio=0.000x recon
    grl_p             |g|=1.40256  ratio=37.532x recon
    route             |g|=0.00000  ratio=0.000x recon
  step   2000/12000  recon=0.1015  pr=0.3427  sid=4.2012  grl=0.0222  grl_p=3.5047  inv=0.0987  L/P/U=3072/1024/1024  actL/P/U=160/64/32  H=nan  Hu=nan  spec<.5=nan  marg=nan  lstd=nan  lr=9.59e-05
[dis_data] g2p_en loaded for OOV words[dis_data] g2p_en loaded for OOV words

[dis_data] g2p_en loaded for OOV words
[dis_data] g2p_en loaded for OOV words
[dis_data] g2p_en loaded for OOV words
[dis_data] g2p_en loaded for OOV words
[dis_data] g2p_en loaded for OOV words
[dis_data] g2p_en loaded for OOV words
[dis_data] g2p_en loaded for OOV words
[dis_data] g2p_en loaded for OOV words
[dis_data] g2p_en loaded for OOV words
[dis_data] g2p_en loaded for OOV words
  [val] step=2000  recon=0.1020  pr=0.2766  PER=0.067  sid_acc=0.610
  ✓ best checkpoint (disent=0.4565  PER=0.067 sid=0.610) → /rds/user/bbg25/hpc-work/Thesis/Final-Proj/Disentanglement/checkpoints/inv_w1.0/stage2_best.pt
  step   2100/12000  recon=0.1033  pr=0.4250  sid=4.1240  grl=0.1525  grl_p=3.5310  inv=0.1029  L/P/U=3072/1024/1024  actL/P/U=160/64/32  H=nan  Hu=nan  spec<.5=nan  marg=nan  lstd=nan  lr=9.53e-05
  step   2200/12000  recon=0.1033  pr=0.2458  sid=4.2686  grl=0.2404  grl_p=3.5116  inv=0.0956  L/P/U=3072/1024/1024  actL/P/U=160/64/32  H=nan  Hu=nan  spec<.5=nan  marg=nan  lstd=nan  lr=9.48e-05
  step   2300/12000  recon=0.1032  pr=0.2552  sid=4.5312  grl=0.0075  grl_p=3.3566  inv=0.1007  L/P/U=3072/1024/1024  actL/P/U=160/64/32  H=nan  Hu=nan  spec<.5=nan  marg=nan  lstd=nan  lr=9.41e-05
  step   2400/12000  recon=0.1038  pr=0.2872  sid=4.3594  grl=0.0031  grl_p=2.7257  inv=0.1059  L/P/U=3072/1024/1024  actL/P/U=160/64/32  H=nan  Hu=nan  spec<.5=nan  marg=nan  lstd=nan  lr=9.35e-05
  [grad_norms @2500]
    recon             |g|=0.03692  ratio=1.000x recon
    pr_raw            |g|=0.25940  ratio=7.026x recon
    pr_weighted       |g|=0.20752  ratio=5.621x recon
    sid_raw           |g|=2.91238  ratio=78.882x recon
    sid_weighted      |g|=1.74743  ratio=47.329x recon
    grl               |g|=0.00000  ratio=0.000x recon
    grl_p             |g|=3.35938  ratio=90.989x recon
    route             |g|=0.00000  ratio=0.000x recon
  step   2500/12000  recon=0.1085  pr=0.2504  sid=4.9727  grl=0.1772  grl_p=2.0632  inv=0.1079  L/P/U=3072/1024/1024  actL/P/U=160/64/32  H=nan  Hu=nan  spec<.5=nan  marg=nan  lstd=nan  lr=9.28e-05
  step   2600/12000  recon=0.1080  pr=0.2094  sid=5.3027  grl=0.0019  grl_p=1.4706  inv=0.1202  L/P/U=3072/1024/1024  actL/P/U=160/64/32  H=nan  Hu=nan  spec<.5=nan  marg=nan  lstd=nan  lr=9.21e-05
  step   2700/12000  recon=0.1070  pr=0.2731  sid=5.0146  grl=0.0771  grl_p=1.5476  inv=0.1163  L/P/U=3072/1024/1024  actL/P/U=160/64/32  H=nan  Hu=nan  spec<.5=nan  marg=nan  lstd=nan  lr=9.13e-05
  step   2800/12000  recon=0.1082  pr=0.2194  sid=5.4766  grl=0.0124  grl_p=1.3806  inv=0.1197  L/P/U=3072/1024/1024  actL/P/U=160/64/32  H=nan  Hu=nan  spec<.5=nan  marg=nan  lstd=nan  lr=9.05e-05
  step   2900/12000  recon=0.1059  pr=0.2690  sid=5.2520  grl=0.0004  grl_p=1.4556  inv=0.1170  L/P/U=3072/1024/1024  actL/P/U=160/64/32  H=nan  Hu=nan  spec<.5=nan  marg=nan  lstd=nan  lr=8.97e-05
  [grad_norms @3000]
    recon             |g|=0.03832  ratio=1.000x recon
    pr_raw            |g|=0.21897  ratio=5.715x recon
    pr_weighted       |g|=0.17518  ratio=4.572x recon
    sid_raw           |g|=4.25300  ratio=110.996x recon
    sid_weighted      |g|=2.55180  ratio=66.598x recon
    grl               |g|=0.00000  ratio=0.000x recon
    grl_p             |g|=3.46968  ratio=90.553x recon
    route             |g|=0.00000  ratio=0.000x recon
  step   3000/12000  recon=0.1022  pr=0.1828  sid=5.2588  grl=0.4001  grl_p=1.2256  inv=0.1136  L/P/U=3072/1024/1024  actL/P/U=160/64/32  H=nan  Hu=nan  spec<.5=nan  marg=nan  lstd=nan  lr=8.89e-05
[dis_data] g2p_en loaded for OOV words
[dis_data] g2p_en loaded for OOV words
[dis_data] g2p_en loaded for OOV words
[dis_data] g2p_en loaded for OOV words
[dis_data] g2p_en loaded for OOV words
[dis_data] g2p_en loaded for OOV words
[dis_data] g2p_en loaded for OOV words
[dis_data] g2p_en loaded for OOV words
[dis_data] g2p_en loaded for OOV words
[dis_data] g2p_en loaded for OOV words
[dis_data] g2p_en loaded for OOV words
[dis_data] g2p_en loaded for OOV words
  [val] step=3000  recon=0.1042  pr=0.2410  PER=0.057  sid_acc=0.162
  step   3100/12000  recon=0.1037  pr=0.3204  sid=5.2148  grl=0.0587  grl_p=1.5402  inv=0.1180  L/P/U=3072/1024/1024  actL/P/U=160/64/32  H=nan  Hu=nan  spec<.5=nan  marg=nan  lstd=nan  lr=8.80e-05
  step   3200/12000  recon=0.1054  pr=0.2485  sid=5.1387  grl=0.2195  grl_p=1.4059  inv=0.1150  L/P/U=3072/1024/1024  actL/P/U=160/64/32  H=nan  Hu=nan  spec<.5=nan  marg=nan  lstd=nan  lr=8.71e-05
  step   3300/12000  recon=0.1027  pr=0.1690  sid=5.2539  grl=0.6395  grl_p=1.2308  inv=0.1195  L/P/U=3072/1024/1024  actL/P/U=160/64/32  H=nan  Hu=nan  spec<.5=nan  marg=nan  lstd=nan  lr=8.62e-05
  step   3400/12000  recon=0.1032  pr=0.3145  sid=4.9736  grl=0.0003  grl_p=1.3761  inv=0.1296  L/P/U=3072/1024/1024  actL/P/U=160/64/32  H=nan  Hu=nan  spec<.5=nan  marg=nan  lstd=nan  lr=8.53e-05
[dis_data] g2p_en loaded for OOV words
[dis_data] g2p_en loaded for OOV words
[dis_data] g2p_en loaded for OOV words[dis_data] g2p_en loaded for OOV words

[dis_data] g2p_en loaded for OOV words
[dis_data] g2p_en loaded for OOV words
[dis_data] g2p_en loaded for OOV words
[dis_data] g2p_en loaded for OOV words
[dis_data] g2p_en loaded for OOV words
[dis_data] g2p_en loaded for OOV words
[dis_data] g2p_en loaded for OOV words
[dis_data] g2p_en loaded for OOV words
  [grad_norms @3500]
    recon             |g|=0.04028  ratio=1.000x recon
    pr_raw            |g|=0.26374  ratio=6.547x recon
    pr_weighted       |g|=0.21099  ratio=5.238x recon
    sid_raw           |g|=3.59254  ratio=89.181x recon
    sid_weighted      |g|=2.15552  ratio=53.509x recon
    grl               |g|=0.00000  ratio=0.000x recon
    grl_p             |g|=8.19959  ratio=203.547x recon
    route             |g|=0.00000  ratio=0.000x recon
  step   3500/12000  recon=0.1021  pr=0.1804  sid=4.4863  grl=0.0112  grl_p=1.4473  inv=0.1283  L/P/U=3072/1024/1024  actL/P/U=160/64/32  H=nan  Hu=nan  spec<.5=nan  marg=nan  lstd=nan  lr=8.43e-05
  step   3600/12000  recon=0.1018  pr=0.2365  sid=4.9844  grl=0.5474  grl_p=1.3241  inv=0.1238  L/P/U=3072/1024/1024  actL/P/U=160/64/32  H=nan  Hu=nan  spec<.5=nan  marg=nan  lstd=nan  lr=8.33e-05
  step   3700/12000  recon=0.1025  pr=0.2080  sid=4.9062  grl=0.0006  grl_p=1.2757  inv=0.1246  L/P/U=3072/1024/1024  actL/P/U=160/64/32  H=nan  Hu=nan  spec<.5=nan  marg=nan  lstd=nan  lr=8.23e-05
  step   3800/12000  recon=0.1028  pr=0.5054  sid=4.9873  grl=0.0003  grl_p=1.7740  inv=0.1108  L/P/U=3072/1024/1024  actL/P/U=160/64/32  H=nan  Hu=nan  spec<.5=nan  marg=nan  lstd=nan  lr=8.12e-05
  step   3900/12000  recon=0.1010  pr=0.1956  sid=4.9775  grl=0.0706  grl_p=1.2355  inv=0.1308  L/P/U=3072/1024/1024  actL/P/U=160/64/32  H=nan  Hu=nan  spec<.5=nan  marg=nan  lstd=nan  lr=8.01e-05
  [grad_norms @4000]
    recon             |g|=0.03953  ratio=1.000x recon
    pr_raw            |g|=0.26318  ratio=6.657x recon
    pr_weighted       |g|=0.21054  ratio=5.326x recon
    sid_raw           |g|=4.63282  ratio=117.186x recon
    sid_weighted      |g|=2.77969  ratio=70.312x recon
    grl               |g|=0.00000  ratio=0.000x recon
    grl_p             |g|=4.58199  ratio=115.901x recon
    route             |g|=0.00000  ratio=0.000x recon
  step   4000/12000  recon=0.1021  pr=0.2416  sid=4.7803  grl=0.0172  grl_p=1.3234  inv=0.1286  L/P/U=3072/1024/1024  actL/P/U=160/64/32  H=nan  Hu=nan  spec<.5=nan  marg=nan  lstd=nan  lr=7.90e-05
[dis_data] g2p_en loaded for OOV words
[dis_data] g2p_en loaded for OOV words
[dis_data] g2p_en loaded for OOV words
[dis_data] g2p_en loaded for OOV words
[dis_data] g2p_en loaded for OOV words
[dis_data] g2p_en loaded for OOV words
[dis_data] g2p_en loaded for OOV words
[dis_data] g2p_en loaded for OOV words
[dis_data] g2p_en loaded for OOV words
[dis_data] g2p_en loaded for OOV words
[dis_data] g2p_en loaded for OOV words
[dis_data] g2p_en loaded for OOV words
  [val] step=4000  recon=0.1009  pr=0.2255  PER=0.053  sid_acc=0.206
  step   4100/12000  recon=0.1018  pr=0.1811  sid=5.1211  grl=0.0005  grl_p=1.2240  inv=0.1262  L/P/U=3072/1024/1024  actL/P/U=160/64/32  H=nan  Hu=nan  spec<.5=nan  marg=nan  lstd=nan  lr=7.79e-05
  step   4200/12000  recon=0.1003  pr=0.1913  sid=4.7266  grl=0.1721  grl_p=1.3252  inv=0.1300  L/P/U=3072/1024/1024  actL/P/U=160/64/32  H=nan  Hu=nan  spec<.5=nan  marg=nan  lstd=nan  lr=7.68e-05
  step   4300/12000  recon=0.1012  pr=0.2206  sid=4.9180  grl=0.0029  grl_p=1.3049  inv=0.1316  L/P/U=3072/1024/1024  actL/P/U=160/64/32  H=nan  Hu=nan  spec<.5=nan  marg=nan  lstd=nan  lr=7.56e-05
  step   4400/12000  recon=0.0992  pr=0.1710  sid=4.6729  grl=0.0013  grl_p=1.2310  inv=0.1237  L/P/U=3072/1024/1024  actL/P/U=160/64/32  H=nan  Hu=nan  spec<.5=nan  marg=nan  lstd=nan  lr=7.45e-05
  [grad_norms @4500]
    recon             |g|=0.04133  ratio=1.000x recon
    pr_raw            |g|=0.23439  ratio=5.671x recon
    pr_weighted       |g|=0.18751  ratio=4.537x recon
    sid_raw           |g|=3.80379  ratio=92.033x recon
    sid_weighted      |g|=2.28227  ratio=55.220x recon
    grl               |g|=0.00000  ratio=0.000x recon
    grl_p             |g|=4.16696  ratio=100.820x recon
    route             |g|=0.00000  ratio=0.000x recon
  step   4500/12000  recon=0.0976  pr=0.1990  sid=4.5903  grl=0.0010  grl_p=1.2329  inv=0.1371  L/P/U=3072/1024/1024  actL/P/U=160/64/32  H=nan  Hu=nan  spec<.5=nan  marg=nan  lstd=nan  lr=7.33e-05
  step   4600/12000  recon=0.1002  pr=0.2659  sid=4.6621  grl=0.0538  grl_p=1.2129  inv=0.1387  L/P/U=3072/1024/1024  actL/P/U=160/64/32  H=nan  Hu=nan  spec<.5=nan  marg=nan  lstd=nan  lr=7.21e-05
  step   4700/12000  recon=0.0998  pr=0.2474  sid=4.9229  grl=0.0026  grl_p=1.1050  inv=0.1254  L/P/U=3072/1024/1024  actL/P/U=160/64/32  H=nan  Hu=nan  spec<.5=nan  marg=nan  lstd=nan  lr=7.08e-05
  step   4800/12000  recon=0.1010  pr=0.2530  sid=4.6592  grl=0.0002  grl_p=1.1440  inv=0.1265  L/P/U=3072/1024/1024  actL/P/U=160/64/32  H=nan  Hu=nan  spec<.5=nan  marg=nan  lstd=nan  lr=6.96e-05
  step   4900/12000  recon=0.0978  pr=0.1900  sid=4.6904  grl=0.0001  grl_p=1.1427  inv=0.1367  L/P/U=3072/1024/1024  actL/P/U=160/64/32  H=nan  Hu=nan  spec<.5=nan  marg=nan  lstd=nan  lr=6.83e-05
  [grad_norms @5000]
    recon             |g|=0.04228  ratio=1.000x recon
    pr_raw            |g|=0.31937  ratio=7.554x recon
    pr_weighted       |g|=0.25549  ratio=6.044x recon
    sid_raw           |g|=2.57916  ratio=61.008x recon
    sid_weighted      |g|=1.54750  ratio=36.605x recon
    grl               |g|=0.00000  ratio=0.000x recon
    grl_p             |g|=4.39328  ratio=103.920x recon
    route             |g|=0.00000  ratio=0.000x recon
  step   5000/12000  recon=0.0979  pr=0.1882  sid=4.4736  grl=0.0000  grl_p=1.0873  inv=0.1399  L/P/U=3072/1024/1024  actL/P/U=160/64/32  H=nan  Hu=nan  spec<.5=nan  marg=nan  lstd=nan  lr=6.71e-05
[dis_data] g2p_en loaded for OOV words
[dis_data] g2p_en loaded for OOV words
[dis_data] g2p_en loaded for OOV words
[dis_data] g2p_en loaded for OOV words
[dis_data] g2p_en loaded for OOV words
[dis_data] g2p_en loaded for OOV words
[dis_data] g2p_en loaded for OOV words
[dis_data] g2p_en loaded for OOV words
[dis_data] g2p_en loaded for OOV words
[dis_data] g2p_en loaded for OOV words
[dis_data] g2p_en loaded for OOV words
[dis_data] g2p_en loaded for OOV words
  [val] step=5000  recon=0.0985  pr=0.2125  PER=0.051  sid_acc=0.326
  step   5100/12000  recon=0.0992  pr=0.2450  sid=4.2788  grl=0.0201  grl_p=1.2286  inv=0.1452  L/P/U=3072/1024/1024  actL/P/U=160/64/32  H=nan  Hu=nan  spec<.5=nan  marg=nan  lstd=nan  lr=6.58e-05
[dis_data] g2p_en loaded for OOV words
[dis_data] g2p_en loaded for OOV words
[dis_data] g2p_en loaded for OOV words[dis_data] g2p_en loaded for OOV words

[dis_data] g2p_en loaded for OOV words
[dis_data] g2p_en loaded for OOV words
[dis_data] g2p_en loaded for OOV words
[dis_data] g2p_en loaded for OOV words
[dis_data] g2p_en loaded for OOV words
[dis_data] g2p_en loaded for OOV words
[dis_data] g2p_en loaded for OOV words
[dis_data] g2p_en loaded for OOV words
  step   5200/12000  recon=0.0983  pr=0.1860  sid=4.7295  grl=0.0002  grl_p=1.0862  inv=0.1241  L/P/U=3072/1024/1024  actL/P/U=160/64/32  H=nan  Hu=nan  spec<.5=nan  marg=nan  lstd=nan  lr=6.45e-05
  step   5300/12000  recon=0.0982  pr=0.2084  sid=4.5713  grl=0.0004  grl_p=1.1035  inv=0.1335  L/P/U=3072/1024/1024  actL/P/U=160/64/32  H=nan  Hu=nan  spec<.5=nan  marg=nan  lstd=nan  lr=6.32e-05
  step   5400/12000  recon=0.0968  pr=0.1783  sid=4.6309  grl=0.0003  grl_p=1.0774  inv=0.1354  L/P/U=3072/1024/1024  actL/P/U=160/64/32  H=nan  Hu=nan  spec<.5=nan  marg=nan  lstd=nan  lr=6.19e-05
  [grad_norms @5500]
    recon             |g|=0.04240  ratio=1.000x recon
    pr_raw            |g|=0.27914  ratio=6.583x recon
    pr_weighted       |g|=0.22331  ratio=5.267x recon
    sid_raw           |g|=2.73772  ratio=64.567x recon
    sid_weighted      |g|=1.64263  ratio=38.740x recon
    grl               |g|=0.00000  ratio=0.000x recon
    grl_p             |g|=3.88717  ratio=91.676x recon
    route             |g|=0.00000  ratio=0.000x recon
  step   5500/12000  recon=0.0959  pr=0.1831  sid=4.5273  grl=0.0001  grl_p=1.0430  inv=0.1486  L/P/U=3072/1024/1024  actL/P/U=160/64/32  H=nan  Hu=nan  spec<.5=nan  marg=nan  lstd=nan  lr=6.06e-05
  step   5600/12000  recon=0.0971  pr=0.1710  sid=4.5039  grl=0.0002  grl_p=1.1521  inv=0.1305  L/P/U=3072/1024/1024  actL/P/U=160/64/32  H=nan  Hu=nan  spec<.5=nan  marg=nan  lstd=nan  lr=5.92e-05
  step   5700/12000  recon=0.0956  pr=0.1473  sid=4.1318  grl=0.0002  grl_p=1.0635  inv=0.1428  L/P/U=3072/1024/1024  actL/P/U=160/64/32  H=nan  Hu=nan  spec<.5=nan  marg=nan  lstd=nan  lr=5.79e-05
  step   5800/12000  recon=0.0968  pr=0.1334  sid=4.4336  grl=0.0002  grl_p=0.9809  inv=0.1271  L/P/U=3072/1024/1024  actL/P/U=160/64/32  H=nan  Hu=nan  spec<.5=nan  marg=nan  lstd=nan  lr=5.66e-05
  step   5900/12000  recon=0.0984  pr=0.2094  sid=4.4600  grl=0.0002  grl_p=1.0816  inv=0.1258  L/P/U=3072/1024/1024  actL/P/U=160/64/32  H=nan  Hu=nan  spec<.5=nan  marg=nan  lstd=nan  lr=5.52e-05
  [grad_norms @6000]
    recon             |g|=0.04494  ratio=1.000x recon
    pr_raw            |g|=0.43538  ratio=9.688x recon
    pr_weighted       |g|=0.34830  ratio=7.750x recon
    sid_raw           |g|=3.88937  ratio=86.546x recon
    sid_weighted      |g|=2.33362  ratio=51.928x recon
    grl               |g|=0.00000  ratio=0.000x recon
    grl_p             |g|=4.90340  ratio=109.111x recon
    route             |g|=0.00000  ratio=0.000x recon
  step   6000/12000  recon=0.0970  pr=0.1935  sid=4.2627  grl=0.0001  grl_p=1.1876  inv=0.1388  L/P/U=3072/1024/1024  actL/P/U=160/64/32  H=nan  Hu=nan  spec<.5=nan  marg=nan  lstd=nan  lr=5.39e-05
[dis_data] g2p_en loaded for OOV words
[dis_data] g2p_en loaded for OOV words
[dis_data] g2p_en loaded for OOV words
[dis_data] g2p_en loaded for OOV words
[dis_data] g2p_en loaded for OOV words
[dis_data] g2p_en loaded for OOV words
[dis_data] g2p_en loaded for OOV words[dis_data] g2p_en loaded for OOV words

[dis_data] g2p_en loaded for OOV words
[dis_data] g2p_en loaded for OOV words
[dis_data] g2p_en loaded for OOV words
[dis_data] g2p_en loaded for OOV words
  [val] step=6000  recon=0.0965  pr=0.2055  PER=0.050  sid_acc=0.464
  step   6100/12000  recon=0.0965  pr=0.1703  sid=4.4297  grl=0.0001  grl_p=0.9981  inv=0.1273  L/P/U=3072/1024/1024  actL/P/U=160/64/32  H=nan  Hu=nan  spec<.5=nan  marg=nan  lstd=nan  lr=5.25e-05
  step   6200/12000  recon=0.0964  pr=0.1713  sid=4.3906  grl=0.0001  grl_p=0.9760  inv=0.1334  L/P/U=3072/1024/1024  actL/P/U=160/64/32  H=nan  Hu=nan  spec<.5=nan  marg=nan  lstd=nan  lr=5.12e-05
  step   6300/12000  recon=0.0960  pr=0.1733  sid=4.0273  grl=0.0006  grl_p=1.0520  inv=0.1423  L/P/U=3072/1024/1024  actL/P/U=160/64/32  H=nan  Hu=nan  spec<.5=nan  marg=nan  lstd=nan  lr=4.98e-05
  step   6400/12000  recon=0.0964  pr=0.1571  sid=4.3096  grl=0.0003  grl_p=0.9603  inv=0.1358  L/P/U=3072/1024/1024  actL/P/U=160/64/32  H=nan  Hu=nan  spec<.5=nan  marg=nan  lstd=nan  lr=4.85e-05
  [grad_norms @6500]
    recon             |g|=0.04662  ratio=1.000x recon
    pr_raw            |g|=0.47240  ratio=10.134x recon
    pr_weighted       |g|=0.37792  ratio=8.107x recon
    sid_raw           |g|=6.17549  ratio=132.473x recon
    sid_weighted      |g|=3.70529  ratio=79.484x recon
    grl               |g|=0.00000  ratio=0.000x recon
    grl_p             |g|=5.03143  ratio=107.932x recon
    route             |g|=0.00000  ratio=0.000x recon
  step   6500/12000  recon=0.0961  pr=0.2172  sid=4.4766  grl=0.0005  grl_p=0.9907  inv=0.1449  L/P/U=3072/1024/1024  actL/P/U=160/64/32  H=nan  Hu=nan  spec<.5=nan  marg=nan  lstd=nan  lr=4.71e-05
  step   6600/12000  recon=0.0969  pr=0.2045  sid=4.5166  grl=0.0001  grl_p=1.0091  inv=0.1319  L/P/U=3072/1024/1024  actL/P/U=160/64/32  H=nan  Hu=nan  spec<.5=nan  marg=nan  lstd=nan  lr=4.58e-05
  step   6700/12000  recon=0.0955  pr=0.2043  sid=4.5381  grl=0.0021  grl_p=0.9676  inv=0.1295  L/P/U=3072/1024/1024  actL/P/U=160/64/32  H=nan  Hu=nan  spec<.5=nan  marg=nan  lstd=nan  lr=4.44e-05
  step   6800/12000  recon=0.0951  pr=0.1617  sid=4.0605  grl=0.0002  grl_p=0.9918  inv=0.1353  L/P/U=3072/1024/1024  actL/P/U=160/64/32  H=nan  Hu=nan  spec<.5=nan  marg=nan  lstd=nan  lr=4.31e-05
[dis_data] g2p_en loaded for OOV words
[dis_data] g2p_en loaded for OOV words
[dis_data] g2p_en loaded for OOV words
[dis_data] g2p_en loaded for OOV words
[dis_data] g2p_en loaded for OOV words
[dis_data] g2p_en loaded for OOV words
[dis_data] g2p_en loaded for OOV words
[dis_data] g2p_en loaded for OOV words
[dis_data] g2p_en loaded for OOV words
[dis_data] g2p_en loaded for OOV words
[dis_data] g2p_en loaded for OOV words
[dis_data] g2p_en loaded for OOV words
  step   6900/12000  recon=0.0960  pr=0.1616  sid=4.0596  grl=0.0005  grl_p=0.9768  inv=0.1409  L/P/U=3072/1024/1024  actL/P/U=160/64/32  H=nan  Hu=nan  spec<.5=nan  marg=nan  lstd=nan  lr=4.18e-05
  [grad_norms @7000]
    recon             |g|=0.04695  ratio=1.000x recon
    pr_raw            |g|=0.27093  ratio=5.770x recon
    pr_weighted       |g|=0.21674  ratio=4.616x recon
    sid_raw           |g|=3.14500  ratio=66.981x recon
    sid_weighted      |g|=1.88700  ratio=40.189x recon
    grl               |g|=0.00000  ratio=0.000x recon
    grl_p             |g|=5.60332  ratio=119.338x recon
    route             |g|=0.00000  ratio=0.000x recon
  step   7000/12000  recon=0.0947  pr=0.1959  sid=4.1655  grl=0.0001  grl_p=0.9784  inv=0.1302  L/P/U=3072/1024/1024  actL/P/U=160/64/32  H=nan  Hu=nan  spec<.5=nan  marg=nan  lstd=nan  lr=4.04e-05
[dis_data] g2p_en loaded for OOV words
[dis_data] g2p_en loaded for OOV words
[dis_data] g2p_en loaded for OOV words
[dis_data] g2p_en loaded for OOV words
[dis_data] g2p_en loaded for OOV words
[dis_data] g2p_en loaded for OOV words
[dis_data] g2p_en loaded for OOV words
[dis_data] g2p_en loaded for OOV words
[dis_data] g2p_en loaded for OOV words
[dis_data] g2p_en loaded for OOV words
[dis_data] g2p_en loaded for OOV words
[dis_data] g2p_en loaded for OOV words
  [val] step=7000  recon=0.0952  pr=0.1990  PER=0.048  sid_acc=0.532
  step   7100/12000  recon=0.0944  pr=0.2216  sid=4.0483  grl=0.0000  grl_p=1.0195  inv=0.1289  L/P/U=3072/1024/1024  actL/P/U=160/64/32  H=nan  Hu=nan  spec<.5=nan  marg=nan  lstd=nan  lr=3.91e-05
  step   7200/12000  recon=0.0941  pr=0.2381  sid=3.9688  grl=0.0001  grl_p=0.9336  inv=0.1355  L/P/U=3072/1024/1024  actL/P/U=160/64/32  H=nan  Hu=nan  spec<.5=nan  marg=nan  lstd=nan  lr=3.78e-05
  step   7300/12000  recon=0.0944  pr=0.1811  sid=4.3047  grl=0.0000  grl_p=0.9031  inv=0.1318  L/P/U=3072/1024/1024  actL/P/U=160/64/32  H=nan  Hu=nan  spec<.5=nan  marg=nan  lstd=nan  lr=3.65e-05
  step   7400/12000  recon=0.0953  pr=0.1796  sid=4.0166  grl=0.0000  grl_p=0.9696  inv=0.1371  L/P/U=3072/1024/1024  actL/P/U=160/64/32  H=nan  Hu=nan  spec<.5=nan  marg=nan  lstd=nan  lr=3.52e-05
  [grad_norms @7500]
    recon             |g|=0.04368  ratio=1.000x recon
    pr_raw            |g|=0.35717  ratio=8.178x recon
    pr_weighted       |g|=0.28574  ratio=6.542x recon
    sid_raw           |g|=3.08365  ratio=70.601x recon
    sid_weighted      |g|=1.85019  ratio=42.361x recon
    grl               |g|=0.00000  ratio=0.000x recon
    grl_p             |g|=6.95328  ratio=159.197x recon
    route             |g|=0.00000  ratio=0.000x recon
  step   7500/12000  recon=0.0960  pr=0.2093  sid=4.4668  grl=0.0000  grl_p=0.8950  inv=0.1328  L/P/U=3072/1024/1024  actL/P/U=160/64/32  H=nan  Hu=nan  spec<.5=nan  marg=nan  lstd=nan  lr=3.39e-05
  step   7600/12000  recon=0.0927  pr=0.2190  sid=3.8491  grl=0.0000  grl_p=0.9542  inv=0.1355  L/P/U=3072/1024/1024  actL/P/U=160/64/32  H=nan  Hu=nan  spec<.5=nan  marg=nan  lstd=nan  lr=3.27e-05
  step   7700/12000  recon=0.0950  pr=0.2151  sid=4.2334  grl=0.0002  grl_p=0.8698  inv=0.1285  L/P/U=3072/1024/1024  actL/P/U=160/64/32  H=nan  Hu=nan  spec<.5=nan  marg=nan  lstd=nan  lr=3.14e-05
  step   7800/12000  recon=0.0937  pr=0.1599  sid=3.7158  grl=0.0000  grl_p=0.8720  inv=0.1366  L/P/U=3072/1024/1024  actL/P/U=160/64/32  H=nan  Hu=nan  spec<.5=nan  marg=nan  lstd=nan  lr=3.02e-05
  step   7900/12000  recon=0.0933  pr=0.2022  sid=3.3240  grl=0.0000  grl_p=0.9212  inv=0.1516  L/P/U=3072/1024/1024  actL/P/U=160/64/32  H=nan  Hu=nan  spec<.5=nan  marg=nan  lstd=nan  lr=2.89e-05
  [grad_norms @8000]
    recon             |g|=0.04966  ratio=1.000x recon
    pr_raw            |g|=0.40888  ratio=8.233x recon
    pr_weighted       |g|=0.32710  ratio=6.587x recon
    sid_raw           |g|=7.41497  ratio=149.308x recon
    sid_weighted      |g|=4.44898  ratio=89.585x recon
    grl               |g|=0.00000  ratio=0.000x recon
    grl_p             |g|=4.66956  ratio=94.026x recon
    route             |g|=0.00000  ratio=0.000x recon
  step   8000/12000  recon=0.0952  pr=0.2073  sid=3.9873  grl=0.0000  grl_p=0.8738  inv=0.1416  L/P/U=3072/1024/1024  actL/P/U=160/64/32  H=nan  Hu=nan  spec<.5=nan  marg=nan  lstd=nan  lr=2.77e-05
[dis_data] g2p_en loaded for OOV words
[dis_data] g2p_en loaded for OOV words
[dis_data] g2p_en loaded for OOV words
[dis_data] g2p_en loaded for OOV words
[dis_data] g2p_en loaded for OOV words
[dis_data] g2p_en loaded for OOV words
[dis_data] g2p_en loaded for OOV words
[dis_data] g2p_en loaded for OOV words
[dis_data] g2p_en loaded for OOV words
[dis_data] g2p_en loaded for OOV words
[dis_data] g2p_en loaded for OOV words
[dis_data] g2p_en loaded for OOV words
  [val] step=8000  recon=0.0941  pr=0.1960  PER=0.047  sid_acc=0.580
  step   8100/12000  recon=0.0920  pr=0.1563  sid=3.6090  grl=0.0000  grl_p=0.8811  inv=0.1543  L/P/U=3072/1024/1024  actL/P/U=160/64/32  H=nan  Hu=nan  spec<.5=nan  marg=nan  lstd=nan  lr=2.65e-05
  step   8200/12000  recon=0.0939  pr=0.1918  sid=4.1978  grl=0.0000  grl_p=0.8819  inv=0.1290  L/P/U=3072/1024/1024  actL/P/U=160/64/32  H=nan  Hu=nan  spec<.5=nan  marg=nan  lstd=nan  lr=2.54e-05
  step   8300/12000  recon=0.0944  pr=0.2183  sid=3.9102  grl=0.0000  grl_p=0.9201  inv=0.1390  L/P/U=3072/1024/1024  actL/P/U=160/64/32  H=nan  Hu=nan  spec<.5=nan  marg=nan  lstd=nan  lr=2.42e-05
  step   8400/12000  recon=0.0952  pr=0.1673  sid=3.9038  grl=0.0000  grl_p=0.9213  inv=0.1546  L/P/U=3072/1024/1024  actL/P/U=160/64/32  H=nan  Hu=nan  spec<.5=nan  marg=nan  lstd=nan  lr=2.31e-05
  [grad_norms @8500]
    recon             |g|=0.04756  ratio=1.000x recon
    pr_raw            |g|=0.31573  ratio=6.639x recon
    pr_weighted       |g|=0.25259  ratio=5.311x recon
    sid_raw           |g|=6.41187  ratio=134.819x recon
    sid_weighted      |g|=3.84712  ratio=80.891x recon
    grl               |g|=0.00000  ratio=0.000x recon
    grl_p             |g|=3.46598  ratio=72.877x recon
    route             |g|=0.00000  ratio=0.000x recon
  step   8500/12000  recon=0.0944  pr=0.2358  sid=3.7466  grl=0.0000  grl_p=0.9317  inv=0.1369  L/P/U=3072/1024/1024  actL/P/U=160/64/32  H=nan  Hu=nan  spec<.5=nan  marg=nan  lstd=nan  lr=2.20e-05
  step   8600/12000  recon=0.0939  pr=0.1831  sid=3.8711  grl=0.0000  grl_p=0.8561  inv=0.1441  L/P/U=3072/1024/1024  actL/P/U=160/64/32  H=nan  Hu=nan  spec<.5=nan  marg=nan  lstd=nan  lr=2.09e-05
[dis_data] g2p_en loaded for OOV words
[dis_data] g2p_en loaded for OOV words
[dis_data] g2p_en loaded for OOV words
[dis_data] g2p_en loaded for OOV words
[dis_data] g2p_en loaded for OOV words
[dis_data] g2p_en loaded for OOV words
[dis_data] g2p_en loaded for OOV words
[dis_data] g2p_en loaded for OOV words
[dis_data] g2p_en loaded for OOV words
[dis_data] g2p_en loaded for OOV words
[dis_data] g2p_en loaded for OOV words
[dis_data] g2p_en loaded for OOV words
  step   8700/12000  recon=0.0940  pr=0.1987  sid=3.8281  grl=0.0000  grl_p=0.8863  inv=0.1548  L/P/U=3072/1024/1024  actL/P/U=160/64/32  H=nan  Hu=nan  spec<.5=nan  marg=nan  lstd=nan  lr=1.98e-05
  step   8800/12000  recon=0.0932  pr=0.1496  sid=3.6313  grl=0.0000  grl_p=0.8532  inv=0.1245  L/P/U=3072/1024/1024  actL/P/U=160/64/32  H=nan  Hu=nan  spec<.5=nan  marg=nan  lstd=nan  lr=1.87e-05
  step   8900/12000  recon=0.0934  pr=0.2012  sid=3.4067  grl=0.0000  grl_p=0.9191  inv=0.1366  L/P/U=3072/1024/1024  actL/P/U=160/64/32  H=nan  Hu=nan  spec<.5=nan  marg=nan  lstd=nan  lr=1.77e-05
  [grad_norms @9000]
    recon             |g|=0.04415  ratio=1.000x recon
    pr_raw            |g|=0.27269  ratio=6.176x recon
    pr_weighted       |g|=0.21815  ratio=4.941x recon
    sid_raw           |g|=3.23857  ratio=73.347x recon
    sid_weighted      |g|=1.94314  ratio=44.008x recon
    grl               |g|=0.00000  ratio=0.000x recon
    grl_p             |g|=2.99130  ratio=67.747x recon
    route             |g|=0.00000  ratio=0.000x recon
  step   9000/12000  recon=0.0941  pr=0.1788  sid=3.7166  grl=0.0000  grl_p=0.7954  inv=0.1357  L/P/U=3072/1024/1024  actL/P/U=160/64/32  H=nan  Hu=nan  spec<.5=nan  marg=nan  lstd=nan  lr=1.67e-05
[dis_data] g2p_en loaded for OOV words
[dis_data] g2p_en loaded for OOV words
[dis_data] g2p_en loaded for OOV words
[dis_data] g2p_en loaded for OOV words[dis_data] g2p_en loaded for OOV words

[dis_data] g2p_en loaded for OOV words
[dis_data] g2p_en loaded for OOV words
[dis_data] g2p_en loaded for OOV words
[dis_data] g2p_en loaded for OOV words
[dis_data] g2p_en loaded for OOV words
[dis_data] g2p_en loaded for OOV words
[dis_data] g2p_en loaded for OOV words
  [val] step=9000  recon=0.0935  pr=0.1930  PER=0.047  sid_acc=0.608
  ✓ best checkpoint (disent=0.4387  PER=0.047 sid=0.608) → /rds/user/bbg25/hpc-work/Thesis/Final-Proj/Disentanglement/checkpoints/inv_w1.0/stage2_best.pt
  step   9100/12000  recon=0.0939  pr=0.1698  sid=3.6118  grl=0.0000  grl_p=0.8053  inv=0.1361  L/P/U=3072/1024/1024  actL/P/U=160/64/32  H=nan  Hu=nan  spec<.5=nan  marg=nan  lstd=nan  lr=1.57e-05
  step   9200/12000  recon=0.0933  pr=0.1540  sid=3.1038  grl=0.0000  grl_p=0.8160  inv=0.1414  L/P/U=3072/1024/1024  actL/P/U=160/64/32  H=nan  Hu=nan  spec<.5=nan  marg=nan  lstd=nan  lr=1.48e-05
  step   9300/12000  recon=0.0942  pr=0.2411  sid=3.4651  grl=0.0000  grl_p=0.8868  inv=0.1510  L/P/U=3072/1024/1024  actL/P/U=160/64/32  H=nan  Hu=nan  spec<.5=nan  marg=nan  lstd=nan  lr=1.39e-05
  step   9400/12000  recon=0.0941  pr=0.1884  sid=3.7559  grl=0.0000  grl_p=0.8250  inv=0.1455  L/P/U=3072/1024/1024  actL/P/U=160/64/32  H=nan  Hu=nan  spec<.5=nan  marg=nan  lstd=nan  lr=1.30e-05
  [grad_norms @9500]
    recon             |g|=0.04426  ratio=1.000x recon
    pr_raw            |g|=0.24428  ratio=5.519x recon
    pr_weighted       |g|=0.19543  ratio=4.415x recon
    sid_raw           |g|=4.71336  ratio=106.484x recon
    sid_weighted      |g|=2.82801  ratio=63.890x recon
    grl               |g|=0.00000  ratio=0.000x recon
    grl_p             |g|=3.71721  ratio=83.979x recon
    route             |g|=0.00000  ratio=0.000x recon
  step   9500/12000  recon=0.0922  pr=0.1728  sid=3.9639  grl=0.0000  grl_p=0.8589  inv=0.1350  L/P/U=3072/1024/1024  actL/P/U=160/64/32  H=nan  Hu=nan  spec<.5=nan  marg=nan  lstd=nan  lr=1.21e-05
  step   9600/12000  recon=0.0942  pr=0.2001  sid=3.4746  grl=0.0000  grl_p=0.8877  inv=0.1573  L/P/U=3072/1024/1024  actL/P/U=160/64/32  H=nan  Hu=nan  spec<.5=nan  marg=nan  lstd=nan  lr=1.13e-05
  step   9700/12000  recon=0.0937  pr=0.2037  sid=3.6562  grl=0.0000  grl_p=0.9527  inv=0.1448  L/P/U=3072/1024/1024  actL/P/U=160/64/32  H=nan  Hu=nan  spec<.5=nan  marg=nan  lstd=nan  lr=1.05e-05
  step   9800/12000  recon=0.0934  pr=0.1786  sid=3.9473  grl=0.0000  grl_p=0.8489  inv=0.1388  L/P/U=3072/1024/1024  actL/P/U=160/64/32  H=nan  Hu=nan  spec<.5=nan  marg=nan  lstd=nan  lr=9.67e-06
  step   9900/12000  recon=0.0933  pr=0.1478  sid=3.6152  grl=0.0000  grl_p=0.8204  inv=0.1408  L/P/U=3072/1024/1024  actL/P/U=160/64/32  H=nan  Hu=nan  spec<.5=nan  marg=nan  lstd=nan  lr=8.92e-06
  [grad_norms @10000]
    recon             |g|=0.04531  ratio=1.000x recon
    pr_raw            |g|=0.26991  ratio=5.957x recon
    pr_weighted       |g|=0.21593  ratio=4.766x recon
    sid_raw           |g|=6.57880  ratio=145.204x recon
    sid_weighted      |g|=3.94728  ratio=87.122x recon
    grl               |g|=0.00000  ratio=0.000x recon
    grl_p             |g|=3.94238  ratio=87.014x recon
    route             |g|=0.00000  ratio=0.000x recon
  step  10000/12000  recon=0.0921  pr=0.1731  sid=4.0898  grl=0.0000  grl_p=0.7652  inv=0.1338  L/P/U=3072/1024/1024  actL/P/U=160/64/32  H=nan  Hu=nan  spec<.5=nan  marg=nan  lstd=nan  lr=8.21e-06
[dis_data] g2p_en loaded for OOV words
[dis_data] g2p_en loaded for OOV words
[dis_data] g2p_en loaded for OOV words
[dis_data] g2p_en loaded for OOV words
[dis_data] g2p_en loaded for OOV words
[dis_data] g2p_en loaded for OOV words
[dis_data] g2p_en loaded for OOV words
[dis_data] g2p_en loaded for OOV words
[dis_data] g2p_en loaded for OOV words
[dis_data] g2p_en loaded for OOV words[dis_data] g2p_en loaded for OOV words

[dis_data] g2p_en loaded for OOV words
  [val] step=10000  recon=0.0931  pr=0.1916  PER=0.046  sid_acc=0.620
  ✓ best checkpoint (disent=0.4257  PER=0.046 sid=0.620) → /rds/user/bbg25/hpc-work/Thesis/Final-Proj/Disentanglement/checkpoints/inv_w1.0/stage2_best.pt
  step  10100/12000  recon=0.0931  pr=0.1728  sid=3.6333  grl=0.0000  grl_p=0.9195  inv=0.1320  L/P/U=3072/1024/1024  actL/P/U=160/64/32  H=nan  Hu=nan  spec<.5=nan  marg=nan  lstd=nan  lr=7.52e-06
  step  10200/12000  recon=0.0932  pr=0.2181  sid=3.8198  grl=0.0000  grl_p=0.7905  inv=0.1398  L/P/U=3072/1024/1024  actL/P/U=160/64/32  H=nan  Hu=nan  spec<.5=nan  marg=nan  lstd=nan  lr=6.86e-06
  step  10300/12000  recon=0.0923  pr=0.1301  sid=3.1707  grl=0.0000  grl_p=0.6933  inv=0.1496  L/P/U=3072/1024/1024  actL/P/U=160/64/32  H=nan  Hu=nan  spec<.5=nan  marg=nan  lstd=nan  lr=6.24e-06
[dis_data] g2p_en loaded for OOV words
[dis_data] g2p_en loaded for OOV words
[dis_data] g2p_en loaded for OOV words
[dis_data] g2p_en loaded for OOV words
[dis_data] g2p_en loaded for OOV words
[dis_data] g2p_en loaded for OOV words
[dis_data] g2p_en loaded for OOV words
[dis_data] g2p_en loaded for OOV words
[dis_data] g2p_en loaded for OOV words
[dis_data] g2p_en loaded for OOV words
[dis_data] g2p_en loaded for OOV words
[dis_data] g2p_en loaded for OOV words
  step  10400/12000  recon=0.0932  pr=0.1417  sid=3.6763  grl=0.0000  grl_p=0.7267  inv=0.1483  L/P/U=3072/1024/1024  actL/P/U=160/64/32  H=nan  Hu=nan  spec<.5=nan  marg=nan  lstd=nan  lr=5.65e-06
  [grad_norms @10500]
    recon             |g|=0.04627  ratio=1.000x recon
    pr_raw            |g|=0.21030  ratio=4.545x recon
    pr_weighted       |g|=0.16824  ratio=3.636x recon
    sid_raw           |g|=5.27933  ratio=114.102x recon
    sid_weighted      |g|=3.16760  ratio=68.461x recon
    grl               |g|=0.00000  ratio=0.000x recon
    grl_p             |g|=2.81357  ratio=60.810x recon
    route             |g|=0.00000  ratio=0.000x recon
  step  10500/12000  recon=0.0914  pr=0.1604  sid=3.7188  grl=0.0000  grl_p=0.7709  inv=0.1325  L/P/U=3072/1024/1024  actL/P/U=160/64/32  H=nan  Hu=nan  spec<.5=nan  marg=nan  lstd=nan  lr=5.10e-06
  step  10600/12000  recon=0.0933  pr=0.1764  sid=3.6650  grl=0.0000  grl_p=0.8206  inv=0.1309  L/P/U=3072/1024/1024  actL/P/U=160/64/32  H=nan  Hu=nan  spec<.5=nan  marg=nan  lstd=nan  lr=4.58e-06
  step  10700/12000  recon=0.0946  pr=0.1605  sid=3.9058  grl=0.0000  grl_p=0.7958  inv=0.1411  L/P/U=3072/1024/1024  actL/P/U=160/64/32  H=nan  Hu=nan  spec<.5=nan  marg=nan  lstd=nan  lr=4.09e-06
  step  10800/12000  recon=0.0902  pr=0.1299  sid=3.2986  grl=0.0000  grl_p=0.7038  inv=0.1477  L/P/U=3072/1024/1024  actL/P/U=160/64/32  H=nan  Hu=nan  spec<.5=nan  marg=nan  lstd=nan  lr=3.64e-06
  step  10900/12000  recon=0.0949  pr=0.1479  sid=3.6328  grl=0.0000  grl_p=0.7390  inv=0.1340  L/P/U=3072/1024/1024  actL/P/U=160/64/32  H=nan  Hu=nan  spec<.5=nan  marg=nan  lstd=nan  lr=3.22e-06
  [grad_norms @11000]
    recon             |g|=0.04339  ratio=1.000x recon
    pr_raw            |g|=0.36457  ratio=8.402x recon
    pr_weighted       |g|=0.29165  ratio=6.721x recon
    sid_raw           |g|=8.26348  ratio=190.441x recon
    sid_weighted      |g|=4.95809  ratio=114.264x recon
    grl               |g|=0.00000  ratio=0.000x recon
    grl_p             |g|=2.29530  ratio=52.898x recon
    route             |g|=0.00000  ratio=0.000x recon
  step  11000/12000  recon=0.0931  pr=0.1993  sid=3.9907  grl=0.0000  grl_p=0.8252  inv=0.1394  L/P/U=3072/1024/1024  actL/P/U=160/64/32  H=nan  Hu=nan  spec<.5=nan  marg=nan  lstd=nan  lr=2.84e-06
[dis_data] g2p_en loaded for OOV words
[dis_data] g2p_en loaded for OOV words
[dis_data] g2p_en loaded for OOV words
[dis_data] g2p_en loaded for OOV words
[dis_data] g2p_en loaded for OOV words
[dis_data] g2p_en loaded for OOV words
[dis_data] g2p_en loaded for OOV words
[dis_data] g2p_en loaded for OOV words
[dis_data] g2p_en loaded for OOV words
[dis_data] g2p_en loaded for OOV words
[dis_data] g2p_en loaded for OOV words
[dis_data] g2p_en loaded for OOV words
  [val] step=11000  recon=0.0929  pr=0.1909  PER=0.046  sid_acc=0.634
  ✓ best checkpoint (disent=0.4117  PER=0.046 sid=0.634) → /rds/user/bbg25/hpc-work/Thesis/Final-Proj/Disentanglement/checkpoints/inv_w1.0/stage2_best.pt
  step  11100/12000  recon=0.0932  pr=0.1473  sid=4.1738  grl=0.0000  grl_p=0.7203  inv=0.1286  L/P/U=3072/1024/1024  actL/P/U=160/64/32  H=nan  Hu=nan  spec<.5=nan  marg=nan  lstd=nan  lr=2.49e-06
  step  11200/12000  recon=0.0939  pr=0.1545  sid=3.7036  grl=0.0000  grl_p=0.7551  inv=0.1423  L/P/U=3072/1024/1024  actL/P/U=160/64/32  H=nan  Hu=nan  spec<.5=nan  marg=nan  lstd=nan  lr=2.18e-06
  step  11300/12000  recon=0.0924  pr=0.1714  sid=3.1541  grl=0.0000  grl_p=0.7464  inv=0.1504  L/P/U=3072/1024/1024  actL/P/U=160/64/32  H=nan  Hu=nan  spec<.5=nan  marg=nan  lstd=nan  lr=1.90e-06
  step  11400/12000  recon=0.0933  pr=0.2157  sid=3.6489  grl=0.0000  grl_p=0.8247  inv=0.1365  L/P/U=3072/1024/1024  actL/P/U=160/64/32  H=nan  Hu=nan  spec<.5=nan  marg=nan  lstd=nan  lr=1.66e-06
  [grad_norms @11500]
    recon             |g|=0.04556  ratio=1.000x recon
    pr_raw            |g|=0.56366  ratio=12.372x recon
    pr_weighted       |g|=0.45093  ratio=9.897x recon
    sid_raw           |g|=9.99490  ratio=219.375x recon
    sid_weighted      |g|=5.99694  ratio=131.625x recon
    grl               |g|=0.00000  ratio=0.000x recon
    grl_p             |g|=6.56682  ratio=144.133x recon
    route             |g|=0.00000  ratio=0.000x recon
  step  11500/12000  recon=0.0925  pr=0.2004  sid=3.8916  grl=0.0000  grl_p=0.8114  inv=0.1480  L/P/U=3072/1024/1024  actL/P/U=160/64/32  H=nan  Hu=nan  spec<.5=nan  marg=nan  lstd=nan  lr=1.46e-06
  step  11600/12000  recon=0.0932  pr=0.2199  sid=3.2780  grl=0.0000  grl_p=0.7965  inv=0.1585  L/P/U=3072/1024/1024  actL/P/U=160/64/32  H=nan  Hu=nan  spec<.5=nan  marg=nan  lstd=nan  lr=1.30e-06
  step  11700/12000  recon=0.0928  pr=0.2014  sid=3.3833  grl=0.0000  grl_p=0.8471  inv=0.1386  L/P/U=3072/1024/1024  actL/P/U=160/64/32  H=nan  Hu=nan  spec<.5=nan  marg=nan  lstd=nan  lr=1.17e-06
  step  11800/12000  recon=0.0925  pr=0.1994  sid=3.8726  grl=0.0000  grl_p=0.7650  inv=0.1391  L/P/U=3072/1024/1024  actL/P/U=160/64/32  H=nan  Hu=nan  spec<.5=nan  marg=nan  lstd=nan  lr=1.07e-06
  step  11900/12000  recon=0.0947  pr=0.1491  sid=3.6777  grl=0.0000  grl_p=0.8065  inv=0.1450  L/P/U=3072/1024/1024  actL/P/U=160/64/32  H=nan  Hu=nan  spec<.5=nan  marg=nan  lstd=nan  lr=1.02e-06
  [grad_norms @12000]
    recon             |g|=0.04376  ratio=1.000x recon
    pr_raw            |g|=0.32646  ratio=7.459x recon
    pr_weighted       |g|=0.26117  ratio=5.967x recon
    sid_raw           |g|=4.26645  ratio=97.486x recon
    sid_weighted      |g|=2.55987  ratio=58.492x recon
    grl               |g|=0.00000  ratio=0.000x recon
    grl_p             |g|=3.57255  ratio=81.631x recon
    route             |g|=0.00000  ratio=0.000x recon
  step  12000/12000  recon=0.0933  pr=0.2255  sid=3.7510  grl=0.0000  grl_p=0.8376  inv=0.1332  L/P/U=3072/1024/1024  actL/P/U=160/64/32  H=nan  Hu=nan  spec<.5=nan  marg=nan  lstd=nan  lr=1.00e-06
[dis_data] g2p_en loaded for OOV words[dis_data] g2p_en loaded for OOV words

[dis_data] g2p_en loaded for OOV words
[dis_data] g2p_en loaded for OOV words
[dis_data] g2p_en loaded for OOV words
[dis_data] g2p_en loaded for OOV words
[dis_data] g2p_en loaded for OOV words
[dis_data] g2p_en loaded for OOV words
[dis_data] g2p_en loaded for OOV words
[dis_data] g2p_en loaded for OOV words
[dis_data] g2p_en loaded for OOV words
[dis_data] g2p_en loaded for OOV words
  [val] step=12000  recon=0.0929  pr=0.1909  PER=0.045  sid_acc=0.636
  ✓ best checkpoint (disent=0.4094  PER=0.045 sid=0.636) → /rds/user/bbg25/hpc-work/Thesis/Final-Proj/Disentanglement/checkpoints/inv_w1.0/stage2_best.pt

[stage 2] done.  Best disent_score=0.4094  → /rds/user/bbg25/hpc-work/Thesis/Final-Proj/Disentanglement/checkpoints/inv_w1.0/stage2_best.pt

[done]  best checkpoint → /rds/user/bbg25/hpc-work/Thesis/Final-Proj/Disentanglement/checkpoints/inv_w1.0/stage2_best.pt
Finished 0 (TRAIN ONLY): Wed Jun 17 05:19:33 BST 2026
