=== Stage 2: sid1_nogrl ===
Job ID     : 29888469
Node       : gpu-q-24
GPU        : NVIDIA A100-SXM4-80GB
Started    : Sat May 30 18:31:06 BST 2026
α=0.02  β=0.01  grl=0.00  ρ=0.001  grl_delay=0
=== Disentanglement  stage=2
=== device=cuda  bf16=True
=== K=5120  topk=256  D=1280
=== steps=8000  α=0.02  β=0.01  grl=0.0  ρ=0.001
[dis_data] loaded lexicon: 200,000 entries
[dis_data] loading train-clean-100 …
[dis_data]  251 speakers
[dis_data]  train=28039  val=500  vocab=41  speakers=251
[train] loaded 3 SAE tensors from /rds/user/bbg25/hpc-work/Thesis/Final-Proj/Disentanglement/checkpoints/best.pt  (step=6000  val=0.0049)
[stage 2] frozen=596,973,362  trainable=15,994,655  device=cuda
[stage 2] speakers=251  vocab=41
[stage 2] α=0.02  β=0.01  grl=0.0  ρ=0.001
[stage 2] steps=8000  batch=16
[dis_data] g2p_en loaded for OOV words
  step      1/8000  recon=0.0075  pr=14.4817  sid=5.5293  grl=5.5195  L/P/U=5120/0/0  actL/P/U=256/0/0  H=1.099  lr=6.00e-08
  step    100/8000  recon=0.0070  pr=15.0649  sid=5.5312  grl=5.5293  L/P/U=2742/204/2174  actL/P/U=139/10/107  H=1.099  lr=6.00e-06
  step    200/8000  recon=0.0062  pr=13.9994  sid=5.5039  grl=5.5312  L/P/U=3160/137/1823  actL/P/U=167/6/83  H=1.099  lr=1.20e-05
  step    300/8000  recon=0.0057  pr=9.4480  sid=5.5176  grl=5.5215  L/P/U=3886/26/1208  actL/P/U=209/1/46  H=1.099  lr=1.80e-05
  step    400/8000  recon=0.0056  pr=5.4031  sid=5.5332  grl=5.5312  L/P/U=4626/0/494  actL/P/U=242/0/14  H=1.099  lr=2.40e-05
  [grad_norms @500]
    recon             |g|=0.00250  ratio=1.000x recon
    pr_raw            |g|=5.92571  ratio=2367.040x recon
    pr_weighted       |g|=0.11851  ratio=47.341x recon
    sid_raw           |g|=0.10954  ratio=43.756x recon
    sid_weighted      |g|=0.00110  ratio=0.438x recon
    grl               |g|=0.00000  ratio=0.000x recon
    route             |g|=0.00000  ratio=0.000x recon
  step    500/8000  recon=0.0057  pr=3.7365  sid=5.5176  grl=5.5273  L/P/U=4990/0/130  actL/P/U=253/0/3  H=1.099  lr=3.00e-05
  step    600/8000  recon=0.0057  pr=3.4507  sid=5.5254  grl=5.5137  L/P/U=5049/0/71  actL/P/U=255/0/1  H=1.099  lr=3.00e-05
  step    700/8000  recon=0.0057  pr=3.1937  sid=5.4688  grl=5.5273  L/P/U=5073/0/47  actL/P/U=255/0/1  H=1.099  lr=2.99e-05
  step    800/8000  recon=0.0057  pr=2.8759  sid=5.4609  grl=5.5312  L/P/U=5088/0/32  actL/P/U=256/0/0  H=1.099  lr=2.99e-05
  step    900/8000  recon=0.0058  pr=2.6450  sid=5.4336  grl=5.5332  L/P/U=5103/0/17  actL/P/U=256/0/0  H=1.099  lr=2.98e-05
  [grad_norms @1000]
    recon             |g|=0.00271  ratio=1.000x recon
    pr_raw            |g|=0.50605  ratio=186.433x recon
    pr_weighted       |g|=0.01012  ratio=3.729x recon
    sid_raw           |g|=0.18652  ratio=68.716x recon
    sid_weighted      |g|=0.00187  ratio=0.687x recon
    grl               |g|=0.00000  ratio=0.000x recon
    route             |g|=0.00000  ratio=0.000x recon
  step   1000/8000  recon=0.0058  pr=2.2504  sid=5.4492  grl=5.5293  L/P/U=5113/1/6  actL/P/U=256/0/0  H=1.099  lr=2.97e-05
  [val] step=1000  recon=0.0093  pr=6.1898  PER=0.986  sid_acc=0.002
  ✓ best checkpoint (val_recon=0.0093) → /rds/user/bbg25/hpc-work/Thesis/Final-Proj/Disentanglement/checkpoints/sid1_nogrl/stage2_best.pt
  step   1100/8000  recon=0.0057  pr=1.9592  sid=5.2695  grl=5.5195  L/P/U=5113/1/6  actL/P/U=256/0/0  H=1.099  lr=2.95e-05
  step   1200/8000  recon=0.0058  pr=1.7445  sid=5.2949  grl=5.5137  L/P/U=5116/1/3  actL/P/U=256/0/0  H=1.099  lr=2.94e-05
  step   1300/8000  recon=0.0059  pr=1.6408  sid=5.2559  grl=5.5215  L/P/U=5117/2/1  actL/P/U=256/0/0  H=1.099  lr=2.92e-05
  step   1400/8000  recon=0.0060  pr=1.4262  sid=5.2852  grl=5.5234  L/P/U=5118/2/0  actL/P/U=256/0/0  H=1.099  lr=2.90e-05
  [grad_norms @1500]
    recon             |g|=0.00312  ratio=1.000x recon
    pr_raw            |g|=0.47342  ratio=151.665x recon
    pr_weighted       |g|=0.00947  ratio=3.033x recon
    sid_raw           |g|=0.50868  ratio=162.959x recon
    sid_weighted      |g|=0.00509  ratio=1.630x recon
    grl               |g|=0.00000  ratio=0.000x recon
    route             |g|=0.00000  ratio=0.000x recon
  step   1500/8000  recon=0.0061  pr=1.3159  sid=5.1289  grl=5.5293  L/P/U=5117/3/0  actL/P/U=256/0/0  H=1.099  lr=2.87e-05
  step   1600/8000  recon=0.0060  pr=1.1745  sid=5.1094  grl=5.5273  L/P/U=5115/5/0  actL/P/U=256/0/0  H=1.099  lr=2.85e-05
  step   1700/8000  recon=0.0060  pr=1.0419  sid=5.1016  grl=5.5352  L/P/U=5112/8/0  actL/P/U=256/0/0  H=1.099  lr=2.82e-05
  step   1800/8000  recon=0.0061  pr=1.0389  sid=5.0312  grl=5.5352  L/P/U=5111/9/0  actL/P/U=256/0/0  H=1.099  lr=2.79e-05
  step   1900/8000  recon=0.0061  pr=0.9947  sid=4.8301  grl=5.5293  L/P/U=5104/16/0  actL/P/U=256/0/0  H=1.099  lr=2.76e-05
  [grad_norms @2000]
    recon             |g|=0.00360  ratio=1.000x recon
    pr_raw            |g|=0.22216  ratio=61.660x recon
    pr_weighted       |g|=0.00444  ratio=1.233x recon
    sid_raw           |g|=0.96816  ratio=268.715x recon
    sid_weighted      |g|=0.00968  ratio=2.687x recon
    grl               |g|=0.00000  ratio=0.000x recon
    route             |g|=0.00000  ratio=0.000x recon
  step   2000/8000  recon=0.0061  pr=0.9603  sid=4.6289  grl=5.5293  L/P/U=5096/24/0  actL/P/U=256/0/0  H=1.099  lr=2.72e-05
  [val] step=2000  recon=0.0090  pr=1.5510  PER=0.391  sid_acc=0.028
  ✓ best checkpoint (val_recon=0.0090) → /rds/user/bbg25/hpc-work/Thesis/Final-Proj/Disentanglement/checkpoints/sid1_nogrl/stage2_best.pt
  step   2100/8000  recon=0.0061  pr=0.8144  sid=4.5518  grl=5.5293  L/P/U=5090/30/0  actL/P/U=255/1/0  H=1.099  lr=2.69e-05
  step   2200/8000  recon=0.0062  pr=0.8426  sid=4.5557  grl=5.5215  L/P/U=5077/43/0  actL/P/U=255/1/0  H=1.099  lr=2.65e-05
  step   2300/8000  recon=0.0061  pr=0.8490  sid=4.4912  grl=5.5156  L/P/U=5062/58/0  actL/P/U=255/1/0  H=1.099  lr=2.61e-05
  step   2400/8000  recon=0.0062  pr=0.7527  sid=4.2861  grl=5.5352  L/P/U=5051/69/0  actL/P/U=254/2/0  H=1.099  lr=2.56e-05
  [grad_norms @2500]
    recon             |g|=0.00365  ratio=1.000x recon
    pr_raw            |g|=0.27068  ratio=74.235x recon
    pr_weighted       |g|=0.00541  ratio=1.485x recon
    sid_raw           |g|=2.06217  ratio=565.548x recon
    sid_weighted      |g|=0.02062  ratio=5.655x recon
    grl               |g|=0.00000  ratio=0.000x recon
    route             |g|=0.00000  ratio=0.000x recon
  step   2500/8000  recon=0.0062  pr=0.7558  sid=4.2334  grl=5.5254  L/P/U=5036/84/0  actL/P/U=254/2/0  H=1.099  lr=2.52e-05
  step   2600/8000  recon=0.0062  pr=0.6830  sid=4.1465  grl=5.5449  L/P/U=5017/103/0  actL/P/U=253/3/0  H=1.099  lr=2.47e-05
  step   2700/8000  recon=0.0063  pr=0.7233  sid=4.0068  grl=5.5176  L/P/U=4999/121/0  actL/P/U=253/3/0  H=1.099  lr=2.43e-05
  step   2800/8000  recon=0.0062  pr=0.6931  sid=3.8438  grl=5.5391  L/P/U=4983/137/0  actL/P/U=251/5/0  H=1.099  lr=2.38e-05
  step   2900/8000  recon=0.0064  pr=0.6647  sid=3.6523  grl=5.5332  L/P/U=4970/150/0  actL/P/U=252/4/0  H=1.099  lr=2.33e-05
  [grad_norms @3000]
    recon             |g|=0.00358  ratio=1.000x recon
    pr_raw            |g|=0.38900  ratio=108.522x recon
    pr_weighted       |g|=0.00778  ratio=2.170x recon
    sid_raw           |g|=2.72656  ratio=760.646x recon
    sid_weighted      |g|=0.02727  ratio=7.606x recon
    grl               |g|=0.00000  ratio=0.000x recon
    route             |g|=0.00000  ratio=0.000x recon
  step   3000/8000  recon=0.0064  pr=0.6579  sid=3.6826  grl=5.5391  L/P/U=4952/168/0  actL/P/U=251/5/0  H=1.099  lr=2.28e-05
  [val] step=3000  recon=0.0084  pr=0.9558  PER=0.206  sid_acc=0.046
  ✓ best checkpoint (val_recon=0.0084) → /rds/user/bbg25/hpc-work/Thesis/Final-Proj/Disentanglement/checkpoints/sid1_nogrl/stage2_best.pt
  step   3100/8000  recon=0.0063  pr=0.6342  sid=3.7119  grl=5.5215  L/P/U=4921/199/0  actL/P/U=248/8/0  H=1.099  lr=2.22e-05
  step   3200/8000  recon=0.0063  pr=0.5843  sid=3.6572  grl=5.5176  L/P/U=4899/221/0  actL/P/U=249/7/0  H=1.099  lr=2.17e-05
  step   3300/8000  recon=0.0065  pr=0.6265  sid=3.4253  grl=5.5293  L/P/U=4867/253/0  actL/P/U=247/9/0  H=1.099  lr=2.11e-05
  step   3400/8000  recon=0.0064  pr=0.5630  sid=3.1440  grl=5.5332  L/P/U=4834/286/0  actL/P/U=245/11/0  H=1.099  lr=2.06e-05
  [grad_norms @3500]
    recon             |g|=0.00375  ratio=1.000x recon
    pr_raw            |g|=0.22058  ratio=58.795x recon
    pr_weighted       |g|=0.00441  ratio=1.176x recon
    sid_raw           |g|=2.76580  ratio=737.235x recon
    sid_weighted      |g|=0.02766  ratio=7.372x recon
    grl               |g|=0.00000  ratio=0.000x recon
    route             |g|=0.00000  ratio=0.000x recon
  step   3500/8000  recon=0.0064  pr=0.5891  sid=3.3633  grl=5.5117  L/P/U=4805/315/0  actL/P/U=244/12/0  H=1.099  lr=2.00e-05
  step   3600/8000  recon=0.0064  pr=0.5569  sid=3.1870  grl=5.5234  L/P/U=4770/350/0  actL/P/U=243/13/0  H=1.099  lr=1.94e-05
  step   3700/8000  recon=0.0064  pr=0.5405  sid=3.0369  grl=5.5195  L/P/U=4735/385/0  actL/P/U=242/14/0  H=1.099  lr=1.88e-05
  step   3800/8000  recon=0.0065  pr=0.5792  sid=3.1299  grl=5.5195  L/P/U=4696/424/0  actL/P/U=240/16/0  H=1.099  lr=1.82e-05
  step   3900/8000  recon=0.0065  pr=0.5358  sid=3.0337  grl=5.5215  L/P/U=4668/452/0  actL/P/U=239/17/0  H=1.099  lr=1.76e-05
  [grad_norms @4000]
    recon             |g|=0.00384  ratio=1.000x recon
    pr_raw            |g|=0.69830  ratio=181.840x recon
    pr_weighted       |g|=0.01397  ratio=3.637x recon
    sid_raw           |g|=5.37717  ratio=1400.233x recon
    sid_weighted      |g|=0.05377  ratio=14.002x recon
    grl               |g|=0.00000  ratio=0.000x recon
    route             |g|=0.00000  ratio=0.000x recon
  step   4000/8000  recon=0.0065  pr=0.5451  sid=2.8184  grl=5.5352  L/P/U=4632/488/0  actL/P/U=236/20/0  H=1.099  lr=1.70e-05
  [val] step=4000  recon=0.0079  pr=0.7738  PER=0.141  sid_acc=0.064
  ✓ best checkpoint (val_recon=0.0079) → /rds/user/bbg25/hpc-work/Thesis/Final-Proj/Disentanglement/checkpoints/sid1_nogrl/stage2_best.pt
  step   4100/8000  recon=0.0065  pr=0.5538  sid=3.0459  grl=5.5254  L/P/U=4608/512/0  actL/P/U=235/21/0  H=1.099  lr=1.64e-05
  step   4200/8000  recon=0.0064  pr=0.5001  sid=2.9069  grl=5.5332  L/P/U=4584/536/0  actL/P/U=233/23/0  H=1.099  lr=1.58e-05
  step   4300/8000  recon=0.0065  pr=0.4951  sid=2.8154  grl=5.5312  L/P/U=4553/567/0  actL/P/U=231/25/0  H=1.099  lr=1.52e-05
  step   4400/8000  recon=0.0065  pr=0.4798  sid=2.5889  grl=5.5254  L/P/U=4530/590/0  actL/P/U=229/27/0  H=1.099  lr=1.46e-05
  [grad_norms @4500]
    recon             |g|=0.00385  ratio=1.000x recon
    pr_raw            |g|=0.67908  ratio=176.265x recon
    pr_weighted       |g|=0.01358  ratio=3.525x recon
    sid_raw           |g|=3.37141  ratio=875.095x recon
    sid_weighted      |g|=0.03371  ratio=8.751x recon
    grl               |g|=0.00000  ratio=0.000x recon
    route             |g|=0.00000  ratio=0.000x recon
  step   4500/8000  recon=0.0066  pr=0.5698  sid=2.4402  grl=5.5039  L/P/U=4504/616/0  actL/P/U=229/27/0  H=1.099  lr=1.40e-05
  step   4600/8000  recon=0.0065  pr=0.5241  sid=2.9514  grl=5.5312  L/P/U=4475/645/0  actL/P/U=231/25/0  H=1.099  lr=1.34e-05
  step   4700/8000  recon=0.0066  pr=0.5308  sid=2.4644  grl=5.5293  L/P/U=4453/667/0  actL/P/U=229/27/0  H=1.099  lr=1.28e-05
  step   4800/8000  recon=0.0066  pr=0.4916  sid=2.4426  grl=5.5430  L/P/U=4431/689/0  actL/P/U=228/28/0  H=1.099  lr=1.22e-05
  step   4900/8000  recon=0.0066  pr=0.4722  sid=2.8721  grl=5.5156  L/P/U=4418/702/0  actL/P/U=228/28/0  H=1.099  lr=1.16e-05
  [grad_norms @5000]
    recon             |g|=0.00403  ratio=1.000x recon
    pr_raw            |g|=0.58666  ratio=145.750x recon
    pr_weighted       |g|=0.01173  ratio=2.915x recon
    sid_raw           |g|=2.20320  ratio=547.363x recon
    sid_weighted      |g|=0.02203  ratio=5.474x recon
    grl               |g|=0.00000  ratio=0.000x recon
    route             |g|=0.00000  ratio=0.000x recon
  step   5000/8000  recon=0.0065  pr=0.4798  sid=2.7070  grl=5.5098  L/P/U=4402/718/0  actL/P/U=226/30/0  H=1.099  lr=1.10e-05
  [val] step=5000  recon=0.0079  pr=0.7019  PER=0.118  sid_acc=0.078
  ✓ best checkpoint (val_recon=0.0079) → /rds/user/bbg25/hpc-work/Thesis/Final-Proj/Disentanglement/checkpoints/sid1_nogrl/stage2_best.pt
  step   5100/8000  recon=0.0067  pr=0.4803  sid=2.7480  grl=5.5137  L/P/U=4382/738/0  actL/P/U=225/31/0  H=1.099  lr=1.04e-05
  step   5200/8000  recon=0.0066  pr=0.5132  sid=2.6565  grl=5.5273  L/P/U=4368/752/0  actL/P/U=223/33/0  H=1.099  lr=9.88e-06
  step   5300/8000  recon=0.0067  pr=0.5360  sid=2.1252  grl=5.5293  L/P/U=4354/766/0  actL/P/U=223/33/0  H=1.099  lr=9.33e-06
  step   5400/8000  recon=0.0066  pr=0.3897  sid=2.5063  grl=5.5059  L/P/U=4341/779/0  actL/P/U=223/33/0  H=1.099  lr=8.78e-06
  [grad_norms @5500]
    recon             |g|=0.00408  ratio=1.000x recon
    pr_raw            |g|=0.46089  ratio=112.840x recon
    pr_weighted       |g|=0.00922  ratio=2.257x recon
    sid_raw           |g|=4.03593  ratio=988.114x recon
    sid_weighted      |g|=0.04036  ratio=9.881x recon
    grl               |g|=0.00000  ratio=0.000x recon
    route             |g|=0.00000  ratio=0.000x recon
  step   5500/8000  recon=0.0065  pr=0.4450  sid=2.2771  grl=5.4922  L/P/U=4331/789/0  actL/P/U=222/34/0  H=1.099  lr=8.25e-06
  step   5600/8000  recon=0.0067  pr=0.4707  sid=2.4980  grl=5.5293  L/P/U=4321/799/0  actL/P/U=222/34/0  H=1.099  lr=7.73e-06
  step   5700/8000  recon=0.0066  pr=0.4937  sid=2.4143  grl=5.5254  L/P/U=4304/816/0  actL/P/U=222/34/0  H=1.099  lr=7.22e-06
  step   5800/8000  recon=0.0065  pr=0.4331  sid=2.0846  grl=5.5195  L/P/U=4295/825/0  actL/P/U=220/36/0  H=1.099  lr=6.73e-06
  step   5900/8000  recon=0.0067  pr=0.5050  sid=2.7065  grl=5.5352  L/P/U=4279/841/0  actL/P/U=220/36/0  H=1.099  lr=6.26e-06
  [grad_norms @6000]
    recon             |g|=0.00398  ratio=1.000x recon
    pr_raw            |g|=0.44686  ratio=112.263x recon
    pr_weighted       |g|=0.00894  ratio=2.245x recon
    sid_raw           |g|=3.61638  ratio=908.523x recon
    sid_weighted      |g|=0.03616  ratio=9.085x recon
    grl               |g|=0.00000  ratio=0.000x recon
    route             |g|=0.00000  ratio=0.000x recon
  step   6000/8000  recon=0.0067  pr=0.4620  sid=2.5842  grl=5.5254  L/P/U=4276/844/0  actL/P/U=222/34/0  H=1.099  lr=5.80e-06
  [val] step=6000  recon=0.0079  pr=0.6702  PER=0.107  sid_acc=0.100
  step   6100/8000  recon=0.0068  pr=0.5258  sid=2.3989  grl=5.5332  L/P/U=4270/850/0  actL/P/U=221/35/0  H=1.099  lr=5.35e-06
  step   6200/8000  recon=0.0067  pr=0.5685  sid=2.1520  grl=5.5293  L/P/U=4264/856/0  actL/P/U=218/38/0  H=1.099  lr=4.93e-06
  step   6300/8000  recon=0.0068  pr=0.4205  sid=2.4709  grl=5.5332  L/P/U=4256/864/0  actL/P/U=222/34/0  H=1.099  lr=4.52e-06
  step   6400/8000  recon=0.0067  pr=0.4384  sid=2.0027  grl=5.5078  L/P/U=4251/869/0  actL/P/U=218/38/0  H=1.099  lr=4.14e-06
  [grad_norms @6500]
    recon             |g|=0.00395  ratio=1.000x recon
    pr_raw            |g|=0.38297  ratio=96.881x recon
    pr_weighted       |g|=0.00766  ratio=1.938x recon
    sid_raw           |g|=2.61526  ratio=661.585x recon
    sid_weighted      |g|=0.02615  ratio=6.616x recon
    grl               |g|=0.00000  ratio=0.000x recon
    route             |g|=0.00000  ratio=0.000x recon
  step   6500/8000  recon=0.0069  pr=0.5230  sid=2.2739  grl=5.5410  L/P/U=4244/876/0  actL/P/U=221/35/0  H=1.099  lr=3.77e-06
  step   6600/8000  recon=0.0067  pr=0.4587  sid=2.2710  grl=5.5293  L/P/U=4240/880/0  actL/P/U=220/36/0  H=1.099  lr=3.42e-06
  step   6700/8000  recon=0.0068  pr=0.4713  sid=2.3511  grl=5.5273  L/P/U=4237/883/0  actL/P/U=216/40/0  H=1.099  lr=3.10e-06
  step   6800/8000  recon=0.0067  pr=0.5540  sid=1.8424  grl=5.5195  L/P/U=4235/885/0  actL/P/U=216/40/0  H=1.099  lr=2.79e-06
  step   6900/8000  recon=0.0067  pr=0.4522  sid=1.7654  grl=5.5273  L/P/U=4234/886/0  actL/P/U=216/40/0  H=1.099  lr=2.51e-06
  [grad_norms @7000]
    recon             |g|=0.00400  ratio=1.000x recon
    pr_raw            |g|=0.57817  ratio=144.456x recon
    pr_weighted       |g|=0.01156  ratio=2.889x recon
    sid_raw           |g|=3.14422  ratio=785.587x recon
    sid_weighted      |g|=0.03144  ratio=7.856x recon
    grl               |g|=0.00000  ratio=0.000x recon
    route             |g|=0.00000  ratio=0.000x recon
  step   7000/8000  recon=0.0067  pr=0.4073  sid=2.1206  grl=5.5059  L/P/U=4230/890/0  actL/P/U=218/38/0  H=1.099  lr=2.25e-06
  [val] step=7000  recon=0.0079  pr=0.6606  PER=0.104  sid_acc=0.102
  step   7100/8000  recon=0.0067  pr=0.4573  sid=1.9982  grl=5.5176  L/P/U=4227/893/0  actL/P/U=216/40/0  H=1.099  lr=2.02e-06
  step   7200/8000  recon=0.0068  pr=0.4760  sid=1.5969  grl=5.5293  L/P/U=4225/895/0  actL/P/U=218/38/0  H=1.099  lr=1.81e-06
  step   7300/8000  recon=0.0068  pr=0.4376  sid=2.0049  grl=5.5312  L/P/U=4222/898/0  actL/P/U=216/40/0  H=1.099  lr=1.62e-06
  step   7400/8000  recon=0.0068  pr=0.4733  sid=2.1782  grl=5.5195  L/P/U=4222/898/0  actL/P/U=219/37/0  H=1.099  lr=1.46e-06
  [grad_norms @7500]
    recon             |g|=0.00391  ratio=1.000x recon
    pr_raw            |g|=0.70179  ratio=179.440x recon
    pr_weighted       |g|=0.01404  ratio=3.589x recon
    sid_raw           |g|=3.91024  ratio=999.803x recon
    sid_weighted      |g|=0.03910  ratio=9.998x recon
    grl               |g|=0.00000  ratio=0.000x recon
    route             |g|=0.00000  ratio=0.000x recon
  step   7500/8000  recon=0.0068  pr=0.4492  sid=1.9984  grl=5.5312  L/P/U=4220/900/0  actL/P/U=217/39/0  H=1.099  lr=1.32e-06
  step   7600/8000  recon=0.0068  pr=0.4437  sid=2.1443  grl=5.5332  L/P/U=4220/900/0  actL/P/U=219/37/0  H=1.099  lr=1.20e-06
  step   7700/8000  recon=0.0067  pr=0.4697  sid=2.1877  grl=5.5293  L/P/U=4220/900/0  actL/P/U=219/37/0  H=1.099  lr=1.11e-06
  step   7800/8000  recon=0.0069  pr=0.4068  sid=1.8536  grl=5.5234  L/P/U=4220/900/0  actL/P/U=216/40/0  H=1.099  lr=1.05e-06
  step   7900/8000  recon=0.0069  pr=0.5144  sid=2.0579  grl=5.5352  L/P/U=4219/901/0  actL/P/U=219/37/0  H=1.099  lr=1.01e-06
  [grad_norms @8000]
    recon             |g|=0.00402  ratio=1.000x recon
    pr_raw            |g|=0.38383  ratio=95.527x recon
    pr_weighted       |g|=0.00768  ratio=1.911x recon
    sid_raw           |g|=2.67234  ratio=665.094x recon
    sid_weighted      |g|=0.02672  ratio=6.651x recon
    grl               |g|=0.00000  ratio=0.000x recon
    route             |g|=0.00000  ratio=0.000x recon
  step   8000/8000  recon=0.0067  pr=0.4550  sid=1.8992  grl=5.5234  L/P/U=4219/901/0  actL/P/U=217/39/0  H=1.099  lr=1.00e-06
  [val] step=8000  recon=0.0079  pr=0.6582  PER=0.103  sid_acc=0.110

[stage 2] done.  Best val_recon=0.0079  → /rds/user/bbg25/hpc-work/Thesis/Final-Proj/Disentanglement/checkpoints/sid1_nogrl/stage2_best.pt

[done]  best checkpoint → /rds/user/bbg25/hpc-work/Thesis/Final-Proj/Disentanglement/checkpoints/sid1_nogrl/stage2_best.pt
Finished : Sat May 30 19:12:41 BST 2026
