=== Stage 2: sid1_highrho ===
Job ID     : 29888471
Node       : gpu-q-20
GPU        : NVIDIA A100-SXM4-80GB
Started    : Sat May 30 18:50:40 BST 2026
α=0.02  β=0.01  grl=0.01  ρ=0.005  grl_delay=0
=== Disentanglement  stage=2
=== device=cuda  bf16=True
=== K=5120  topk=256  D=1280
=== steps=8000  α=0.02  β=0.01  grl=0.01  ρ=0.005
[dis_data] loaded lexicon: 200,000 entries
[dis_data] loading train-clean-100 …
[dis_data]  251 speakers
[dis_data]  train=28039  val=500  vocab=41  speakers=251
[train] loaded 3 SAE tensors from /rds/user/bbg25/hpc-work/Thesis/Final-Proj/Disentanglement/checkpoints/best.pt  (step=6000  val=0.0049)
[stage 2] frozen=596,973,362  trainable=15,994,655  device=cuda
[stage 2] speakers=251  vocab=41
[stage 2] α=0.02  β=0.01  grl=0.01  ρ=0.005
[stage 2] steps=8000  batch=16
[dis_data] g2p_en loaded for OOV words
  step      1/8000  recon=0.0075  pr=14.4817  sid=5.5293  grl=5.5195  L/P/U=5120/0/0  actL/P/U=256/0/0  H=1.099  lr=6.00e-08
  step    100/8000  recon=0.0070  pr=15.0649  sid=5.5312  grl=5.5312  L/P/U=2741/205/2174  actL/P/U=139/10/107  H=1.099  lr=6.00e-06
  step    200/8000  recon=0.0062  pr=13.9994  sid=5.5039  grl=5.5059  L/P/U=3160/137/1823  actL/P/U=167/6/83  H=1.099  lr=1.20e-05
  step    300/8000  recon=0.0057  pr=9.4480  sid=5.5176  grl=5.4941  L/P/U=3886/26/1208  actL/P/U=209/1/46  H=1.099  lr=1.80e-05
  step    400/8000  recon=0.0056  pr=5.4034  sid=5.5352  grl=5.5117  L/P/U=4625/0/495  actL/P/U=242/0/14  H=1.099  lr=2.40e-05
  [grad_norms @500]
    recon             |g|=0.00250  ratio=1.000x recon
    pr_raw            |g|=5.92663  ratio=2367.306x recon
    pr_weighted       |g|=0.11853  ratio=47.346x recon
    sid_raw           |g|=0.10664  ratio=42.595x recon
    sid_weighted      |g|=0.00107  ratio=0.426x recon
    grl               |g|=0.00075  ratio=0.299x recon
    route             |g|=0.00000  ratio=0.000x recon
  step    500/8000  recon=0.0057  pr=3.7365  sid=5.5156  grl=5.4863  L/P/U=4989/0/131  actL/P/U=253/0/3  H=1.099  lr=3.00e-05
  step    600/8000  recon=0.0057  pr=3.4507  sid=5.5117  grl=5.4980  L/P/U=5047/0/73  actL/P/U=255/0/1  H=1.099  lr=3.00e-05
  step    700/8000  recon=0.0057  pr=3.1937  sid=5.4629  grl=5.3789  L/P/U=5071/0/49  actL/P/U=255/0/1  H=1.099  lr=2.99e-05
  step    800/8000  recon=0.0057  pr=2.8759  sid=5.4570  grl=5.4062  L/P/U=5085/0/35  actL/P/U=256/0/0  H=1.099  lr=2.99e-05
  step    900/8000  recon=0.0058  pr=2.6447  sid=5.4395  grl=5.3223  L/P/U=5098/0/22  actL/P/U=256/0/0  H=1.099  lr=2.98e-05
  [grad_norms @1000]
    recon             |g|=0.00272  ratio=1.000x recon
    pr_raw            |g|=0.49537  ratio=182.421x recon
    pr_weighted       |g|=0.00991  ratio=3.648x recon
    sid_raw           |g|=0.19093  ratio=70.312x recon
    sid_weighted      |g|=0.00191  ratio=0.703x recon
    grl               |g|=0.00184  ratio=0.676x recon
    route             |g|=0.00000  ratio=0.000x recon
  step   1000/8000  recon=0.0058  pr=2.2501  sid=5.4473  grl=5.3516  L/P/U=5108/1/11  actL/P/U=256/0/0  H=1.099  lr=2.97e-05
  [val] step=1000  recon=0.0093  pr=6.1893  PER=0.986  sid_acc=0.002
  ✓ best checkpoint (val_recon=0.0093) → /rds/user/bbg25/hpc-work/Thesis/Final-Proj/Disentanglement/checkpoints/sid1_highrho/stage2_best.pt
  step   1100/8000  recon=0.0057  pr=1.9587  sid=5.2715  grl=5.1660  L/P/U=5112/1/7  actL/P/U=256/0/0  H=1.099  lr=2.95e-05
  step   1200/8000  recon=0.0058  pr=1.7440  sid=5.3027  grl=5.2461  L/P/U=5113/2/5  actL/P/U=256/0/0  H=1.099  lr=2.94e-05
  step   1300/8000  recon=0.0059  pr=1.6398  sid=5.2578  grl=5.2305  L/P/U=5115/4/1  actL/P/U=256/0/0  H=1.099  lr=2.92e-05
  step   1400/8000  recon=0.0060  pr=1.4258  sid=5.2852  grl=5.2422  L/P/U=5114/6/0  actL/P/U=256/0/0  H=1.099  lr=2.90e-05
  [grad_norms @1500]
    recon             |g|=0.00312  ratio=1.000x recon
    pr_raw            |g|=0.45683  ratio=146.289x recon
    pr_weighted       |g|=0.00914  ratio=2.926x recon
    sid_raw           |g|=0.49824  ratio=159.549x recon
    sid_weighted      |g|=0.00498  ratio=1.595x recon
    grl               |g|=0.00385  ratio=1.234x recon
    route             |g|=0.00000  ratio=0.000x recon
  step   1500/8000  recon=0.0061  pr=1.3147  sid=5.1328  grl=5.1660  L/P/U=5112/8/0  actL/P/U=256/0/0  H=1.099  lr=2.87e-05
  step   1600/8000  recon=0.0060  pr=1.1736  sid=5.1133  grl=5.1113  L/P/U=5106/14/0  actL/P/U=256/0/0  H=1.099  lr=2.85e-05
  step   1700/8000  recon=0.0060  pr=1.0408  sid=5.1367  grl=5.1172  L/P/U=5095/25/0  actL/P/U=256/0/0  H=1.099  lr=2.82e-05
  step   1800/8000  recon=0.0061  pr=1.0380  sid=5.0645  grl=5.1328  L/P/U=5087/33/0  actL/P/U=255/1/0  H=1.099  lr=2.79e-05
  step   1900/8000  recon=0.0061  pr=0.9937  sid=4.8594  grl=5.0156  L/P/U=5075/45/0  actL/P/U=255/1/0  H=1.099  lr=2.76e-05
  [grad_norms @2000]
    recon             |g|=0.00359  ratio=1.000x recon
    pr_raw            |g|=0.22150  ratio=61.769x recon
    pr_weighted       |g|=0.00443  ratio=1.235x recon
    sid_raw           |g|=0.93814  ratio=261.614x recon
    sid_weighted      |g|=0.00938  ratio=2.616x recon
    grl               |g|=0.00572  ratio=1.596x recon
    route             |g|=0.00000  ratio=0.000x recon
  step   2000/8000  recon=0.0061  pr=0.9593  sid=4.6582  grl=4.9180  L/P/U=5056/64/0  actL/P/U=254/2/0  H=1.099  lr=2.72e-05
  [val] step=2000  recon=0.0089  pr=1.5476  PER=0.390  sid_acc=0.020
  ✓ best checkpoint (val_recon=0.0089) → /rds/user/bbg25/hpc-work/Thesis/Final-Proj/Disentanglement/checkpoints/sid1_highrho/stage2_best.pt
  step   2100/8000  recon=0.0061  pr=0.8137  sid=4.5977  grl=4.8906  L/P/U=5031/89/0  actL/P/U=254/2/0  H=1.099  lr=2.69e-05
  step   2200/8000  recon=0.0062  pr=0.8422  sid=4.6094  grl=4.9102  L/P/U=5005/115/0  actL/P/U=253/3/0  H=1.099  lr=2.65e-05
  step   2300/8000  recon=0.0061  pr=0.8504  sid=4.5312  grl=4.9062  L/P/U=4990/130/0  actL/P/U=252/4/0  H=1.099  lr=2.61e-05
  step   2400/8000  recon=0.0062  pr=0.7506  sid=4.3525  grl=4.8848  L/P/U=4967/153/0  actL/P/U=251/5/0  H=1.099  lr=2.56e-05
  [grad_norms @2500]
    recon             |g|=0.00364  ratio=1.000x recon
    pr_raw            |g|=0.29987  ratio=82.371x recon
    pr_weighted       |g|=0.00600  ratio=1.647x recon
    sid_raw           |g|=1.97335  ratio=542.054x recon
    sid_weighted      |g|=0.01973  ratio=5.421x recon
    grl               |g|=0.00731  ratio=2.009x recon
    route             |g|=0.00000  ratio=0.000x recon
  step   2500/8000  recon=0.0062  pr=0.7550  sid=4.3252  grl=4.8672  L/P/U=4935/185/0  actL/P/U=250/6/0  H=1.099  lr=2.52e-05
  step   2600/8000  recon=0.0062  pr=0.6845  sid=4.2295  grl=4.7832  L/P/U=4891/229/0  actL/P/U=248/8/0  H=1.099  lr=2.47e-05
  step   2700/8000  recon=0.0063  pr=0.7229  sid=4.1211  grl=4.7852  L/P/U=4840/280/0  actL/P/U=247/9/0  H=1.099  lr=2.43e-05
  step   2800/8000  recon=0.0062  pr=0.6944  sid=3.9639  grl=4.7617  L/P/U=4801/319/0  actL/P/U=243/13/0  H=1.099  lr=2.38e-05
  step   2900/8000  recon=0.0064  pr=0.6638  sid=3.7832  grl=4.7422  L/P/U=4742/378/0  actL/P/U=242/14/0  H=1.099  lr=2.33e-05
  [grad_norms @3000]
    recon             |g|=0.00356  ratio=1.000x recon
    pr_raw            |g|=0.39825  ratio=111.850x recon
    pr_weighted       |g|=0.00797  ratio=2.237x recon
    sid_raw           |g|=2.45252  ratio=688.792x recon
    sid_weighted      |g|=0.02453  ratio=6.888x recon
    grl               |g|=0.00803  ratio=2.257x recon
    route             |g|=0.00000  ratio=0.000x recon
  step   3000/8000  recon=0.0064  pr=0.6581  sid=3.8340  grl=4.7520  L/P/U=4683/437/0  actL/P/U=240/16/0  H=1.099  lr=2.28e-05
  [val] step=3000  recon=0.0080  pr=0.9160  PER=0.198  sid_acc=0.036
  ✓ best checkpoint (val_recon=0.0080) → /rds/user/bbg25/hpc-work/Thesis/Final-Proj/Disentanglement/checkpoints/sid1_highrho/stage2_best.pt
  step   3100/8000  recon=0.0062  pr=0.6329  sid=3.8389  grl=4.6162  L/P/U=4616/504/0  actL/P/U=233/23/0  H=1.099  lr=2.22e-05
  step   3200/8000  recon=0.0063  pr=0.5831  sid=3.8125  grl=4.5781  L/P/U=4549/571/0  actL/P/U=233/23/0  H=1.099  lr=2.17e-05
  step   3300/8000  recon=0.0065  pr=0.6249  sid=3.6123  grl=4.6035  L/P/U=4493/627/0  actL/P/U=230/26/0  H=1.099  lr=2.11e-05
  step   3400/8000  recon=0.0064  pr=0.5635  sid=3.3096  grl=4.6797  L/P/U=4437/683/0  actL/P/U=225/31/0  H=1.099  lr=2.06e-05
  [grad_norms @3500]
    recon             |g|=0.00367  ratio=1.000x recon
    pr_raw            |g|=0.22469  ratio=61.259x recon
    pr_weighted       |g|=0.00449  ratio=1.225x recon
    sid_raw           |g|=2.41604  ratio=658.707x recon
    sid_weighted      |g|=0.02416  ratio=6.587x recon
    grl               |g|=0.00780  ratio=2.127x recon
    route             |g|=0.00000  ratio=0.000x recon
  step   3500/8000  recon=0.0064  pr=0.5901  sid=3.5513  grl=4.5869  L/P/U=4394/726/0  actL/P/U=223/33/0  H=1.099  lr=2.00e-05
  step   3600/8000  recon=0.0064  pr=0.5554  sid=3.3762  grl=4.5410  L/P/U=4341/779/0  actL/P/U=222/34/0  H=1.099  lr=1.94e-05
  step   3700/8000  recon=0.0064  pr=0.5410  sid=3.2646  grl=4.4629  L/P/U=4281/839/0  actL/P/U=220/36/0  H=1.099  lr=1.88e-05
  step   3800/8000  recon=0.0065  pr=0.5814  sid=3.3447  grl=4.5742  L/P/U=4231/889/0  actL/P/U=217/39/0  H=1.099  lr=1.82e-05
  step   3900/8000  recon=0.0065  pr=0.5375  sid=3.2734  grl=4.4863  L/P/U=4176/944/0  actL/P/U=215/41/0  H=1.099  lr=1.76e-05
  [grad_norms @4000]
    recon             |g|=0.00374  ratio=1.000x recon
    pr_raw            |g|=0.71877  ratio=191.962x recon
    pr_weighted       |g|=0.01438  ratio=3.839x recon
    sid_raw           |g|=4.65443  ratio=1243.056x recon
    sid_weighted      |g|=0.04654  ratio=12.431x recon
    grl               |g|=0.01119  ratio=2.989x recon
    route             |g|=0.00000  ratio=0.000x recon
  step   4000/8000  recon=0.0065  pr=0.5433  sid=3.0737  grl=4.3701  L/P/U=4118/1002/0  actL/P/U=211/45/0  H=1.099  lr=1.70e-05
  [val] step=4000  recon=0.0081  pr=0.7116  PER=0.129  sid_acc=0.050
  step   4100/8000  recon=0.0065  pr=0.5567  sid=3.2798  grl=4.6035  L/P/U=4071/1049/0  actL/P/U=208/48/0  H=1.099  lr=1.64e-05
  step   4200/8000  recon=0.0064  pr=0.5047  sid=3.1490  grl=4.4570  L/P/U=4033/1087/0  actL/P/U=206/50/0  H=1.099  lr=1.58e-05
  step   4300/8000  recon=0.0065  pr=0.4985  sid=3.1250  grl=4.3467  L/P/U=3984/1136/0  actL/P/U=203/53/0  H=1.099  lr=1.52e-05
  step   4400/8000  recon=0.0065  pr=0.4823  sid=2.8213  grl=4.4375  L/P/U=3951/1169/0  actL/P/U=200/56/0  H=1.099  lr=1.46e-05
  [grad_norms @4500]
    recon             |g|=0.00374  ratio=1.000x recon
    pr_raw            |g|=0.69225  ratio=184.879x recon
    pr_weighted       |g|=0.01384  ratio=3.698x recon
    sid_raw           |g|=3.23541  ratio=864.081x recon
    sid_weighted      |g|=0.03235  ratio=8.641x recon
    grl               |g|=0.01022  ratio=2.729x recon
    route             |g|=0.00000  ratio=0.000x recon
  step   4500/8000  recon=0.0066  pr=0.5687  sid=2.7360  grl=4.2754  L/P/U=3920/1200/0  actL/P/U=200/56/0  H=1.099  lr=1.40e-05
  step   4600/8000  recon=0.0065  pr=0.5243  sid=3.2041  grl=4.5781  L/P/U=3884/1236/0  actL/P/U=203/53/0  H=1.099  lr=1.34e-05
  step   4700/8000  recon=0.0066  pr=0.5335  sid=2.7715  grl=4.3457  L/P/U=3857/1263/0  actL/P/U=199/57/0  H=1.099  lr=1.28e-05
  step   4800/8000  recon=0.0066  pr=0.4916  sid=2.7332  grl=4.2812  L/P/U=3826/1294/0  actL/P/U=197/59/0  H=1.099  lr=1.22e-05
  step   4900/8000  recon=0.0066  pr=0.4735  sid=3.1973  grl=4.5293  L/P/U=3798/1322/0  actL/P/U=197/59/0  H=1.099  lr=1.16e-05
  [grad_norms @5000]
    recon             |g|=0.00390  ratio=1.000x recon
    pr_raw            |g|=0.57678  ratio=147.755x recon
    pr_weighted       |g|=0.01154  ratio=2.955x recon
    sid_raw           |g|=1.75827  ratio=450.424x recon
    sid_weighted      |g|=0.01758  ratio=4.504x recon
    grl               |g|=0.01370  ratio=3.511x recon
    route             |g|=0.00000  ratio=0.000x recon
  step   5000/8000  recon=0.0065  pr=0.4841  sid=3.0083  grl=4.3467  L/P/U=3771/1349/0  actL/P/U=194/62/0  H=1.099  lr=1.10e-05
  [val] step=5000  recon=0.0083  pr=0.6429  PER=0.106  sid_acc=0.082
  step   5100/8000  recon=0.0067  pr=0.4808  sid=3.0459  grl=4.3779  L/P/U=3744/1376/0  actL/P/U=193/63/0  H=1.099  lr=1.04e-05
  step   5200/8000  recon=0.0066  pr=0.5139  sid=2.9521  grl=4.3467  L/P/U=3721/1399/0  actL/P/U=190/66/0  H=1.099  lr=9.88e-06
  step   5300/8000  recon=0.0067  pr=0.5378  sid=2.4014  grl=4.1367  L/P/U=3690/1430/0  actL/P/U=189/67/0  H=1.099  lr=9.33e-06
  step   5400/8000  recon=0.0066  pr=0.3931  sid=2.8398  grl=4.3154  L/P/U=3672/1448/0  actL/P/U=190/66/0  H=1.099  lr=8.78e-06
  [grad_norms @5500]
    recon             |g|=0.00395  ratio=1.000x recon
    pr_raw            |g|=0.41783  ratio=105.801x recon
    pr_weighted       |g|=0.00836  ratio=2.116x recon
    sid_raw           |g|=3.51427  ratio=889.878x recon
    sid_weighted      |g|=0.03514  ratio=8.899x recon
    grl               |g|=0.01804  ratio=4.569x recon
    route             |g|=0.00000  ratio=0.000x recon
  step   5500/8000  recon=0.0065  pr=0.4495  sid=2.5732  grl=4.1777  L/P/U=3659/1461/0  actL/P/U=187/69/0  H=1.099  lr=8.25e-06
  step   5600/8000  recon=0.0067  pr=0.4711  sid=2.8413  grl=4.3447  L/P/U=3643/1477/0  actL/P/U=188/68/0  H=1.099  lr=7.73e-06
  step   5700/8000  recon=0.0066  pr=0.4961  sid=2.7019  grl=4.1963  L/P/U=3620/1500/0  actL/P/U=188/68/0  H=1.099  lr=7.22e-06
  step   5800/8000  recon=0.0065  pr=0.4360  sid=2.3556  grl=4.1758  L/P/U=3605/1515/0  actL/P/U=185/71/0  H=1.099  lr=6.73e-06
  step   5900/8000  recon=0.0066  pr=0.5084  sid=2.9995  grl=4.4141  L/P/U=3589/1531/0  actL/P/U=185/71/0  H=1.099  lr=6.26e-06
  [grad_norms @6000]
    recon             |g|=0.00384  ratio=1.000x recon
    pr_raw            |g|=0.39100  ratio=101.866x recon
    pr_weighted       |g|=0.00782  ratio=2.037x recon
    sid_raw           |g|=3.33844  ratio=869.745x recon
    sid_weighted      |g|=0.03338  ratio=8.697x recon
    grl               |g|=0.01357  ratio=3.536x recon
    route             |g|=0.00000  ratio=0.000x recon
  step   6000/8000  recon=0.0067  pr=0.4690  sid=2.8843  grl=4.3643  L/P/U=3577/1543/0  actL/P/U=187/69/0  H=1.099  lr=5.80e-06
  [val] step=6000  recon=0.0085  pr=0.6174  PER=0.099  sid_acc=0.104
  step   6100/8000  recon=0.0068  pr=0.5264  sid=2.7715  grl=4.4053  L/P/U=3564/1556/0  actL/P/U=185/71/0  H=1.099  lr=5.35e-06
  step   6200/8000  recon=0.0067  pr=0.5682  sid=2.4751  grl=4.1895  L/P/U=3554/1566/0  actL/P/U=182/74/0  H=1.099  lr=4.93e-06
  step   6300/8000  recon=0.0067  pr=0.4236  sid=2.8000  grl=4.3027  L/P/U=3542/1578/0  actL/P/U=186/70/0  H=1.099  lr=4.52e-06
  step   6400/8000  recon=0.0067  pr=0.4438  sid=2.3396  grl=4.0293  L/P/U=3536/1584/0  actL/P/U=181/75/0  H=1.099  lr=4.14e-06
  [grad_norms @6500]
    recon             |g|=0.00383  ratio=1.000x recon
    pr_raw            |g|=0.41594  ratio=108.557x recon
    pr_weighted       |g|=0.00832  ratio=2.171x recon
    sid_raw           |g|=2.43082  ratio=634.427x recon
    sid_weighted      |g|=0.02431  ratio=6.344x recon
    grl               |g|=0.01771  ratio=4.623x recon
    route             |g|=0.00000  ratio=0.000x recon
  step   6500/8000  recon=0.0069  pr=0.5268  sid=2.6233  grl=4.3232  L/P/U=3531/1589/0  actL/P/U=185/71/0  H=1.099  lr=3.77e-06
  step   6600/8000  recon=0.0066  pr=0.4608  sid=2.5854  grl=4.3008  L/P/U=3525/1595/0  actL/P/U=184/72/0  H=1.099  lr=3.42e-06
  step   6700/8000  recon=0.0068  pr=0.4774  sid=2.6763  grl=4.2861  L/P/U=3516/1604/0  actL/P/U=179/77/0  H=1.099  lr=3.10e-06
  step   6800/8000  recon=0.0067  pr=0.5569  sid=2.2021  grl=4.1641  L/P/U=3512/1608/0  actL/P/U=179/77/0  H=1.099  lr=2.79e-06
  step   6900/8000  recon=0.0067  pr=0.4548  sid=2.0812  grl=3.9834  L/P/U=3506/1614/0  actL/P/U=179/77/0  H=1.099  lr=2.51e-06
  [grad_norms @7000]
    recon             |g|=0.00384  ratio=1.000x recon
    pr_raw            |g|=0.55203  ratio=143.925x recon
    pr_weighted       |g|=0.01104  ratio=2.878x recon
    sid_raw           |g|=3.24501  ratio=846.042x recon
    sid_weighted      |g|=0.03245  ratio=8.460x recon
    grl               |g|=0.01515  ratio=3.949x recon
    route             |g|=0.00000  ratio=0.000x recon
  step   7000/8000  recon=0.0067  pr=0.4150  sid=2.4814  grl=4.1494  L/P/U=3502/1618/0  actL/P/U=181/75/0  H=1.099  lr=2.25e-06
  [val] step=7000  recon=0.0085  pr=0.6090  PER=0.096  sid_acc=0.108
  step   7100/8000  recon=0.0067  pr=0.4542  sid=2.3491  grl=4.1484  L/P/U=3499/1621/0  actL/P/U=179/77/0  H=1.099  lr=2.02e-06
  step   7200/8000  recon=0.0068  pr=0.4772  sid=1.9692  grl=4.0918  L/P/U=3491/1629/0  actL/P/U=181/75/0  H=1.099  lr=1.81e-06
  step   7300/8000  recon=0.0068  pr=0.4395  sid=2.3696  grl=4.1689  L/P/U=3490/1630/0  actL/P/U=178/78/0  H=1.099  lr=1.62e-06
  step   7400/8000  recon=0.0067  pr=0.4759  sid=2.4932  grl=4.2109  L/P/U=3486/1634/0  actL/P/U=181/75/0  H=1.099  lr=1.46e-06
  [grad_norms @7500]
    recon             |g|=0.00376  ratio=1.000x recon
    pr_raw            |g|=0.70129  ratio=186.725x recon
    pr_weighted       |g|=0.01403  ratio=3.734x recon
    sid_raw           |g|=3.41844  ratio=910.195x recon
    sid_weighted      |g|=0.03418  ratio=9.102x recon
    grl               |g|=0.01308  ratio=3.483x recon
    route             |g|=0.00000  ratio=0.000x recon
  step   7500/8000  recon=0.0068  pr=0.4528  sid=2.3434  grl=4.2227  L/P/U=3484/1636/0  actL/P/U=180/76/0  H=1.099  lr=1.32e-06
  step   7600/8000  recon=0.0068  pr=0.4436  sid=2.5173  grl=4.2598  L/P/U=3482/1638/0  actL/P/U=181/75/0  H=1.099  lr=1.20e-06
  step   7700/8000  recon=0.0067  pr=0.4684  sid=2.5121  grl=4.2949  L/P/U=3481/1639/0  actL/P/U=182/74/0  H=1.099  lr=1.11e-06
  step   7800/8000  recon=0.0069  pr=0.4103  sid=2.2234  grl=4.2412  L/P/U=3479/1641/0  actL/P/U=178/78/0  H=1.099  lr=1.05e-06
  step   7900/8000  recon=0.0069  pr=0.5179  sid=2.4043  grl=4.1836  L/P/U=3478/1642/0  actL/P/U=181/75/0  H=1.099  lr=1.01e-06
  [grad_norms @8000]
    recon             |g|=0.00383  ratio=1.000x recon
    pr_raw            |g|=0.34407  ratio=89.844x recon
    pr_weighted       |g|=0.00688  ratio=1.797x recon
    sid_raw           |g|=2.16602  ratio=565.603x recon
    sid_weighted      |g|=0.02166  ratio=5.656x recon
    grl               |g|=0.00979  ratio=2.558x recon
    route             |g|=0.00000  ratio=0.000x recon
  step   8000/8000  recon=0.0067  pr=0.4554  sid=2.2467  grl=4.0352  L/P/U=3476/1644/0  actL/P/U=179/77/0  H=1.099  lr=1.00e-06
  [val] step=8000  recon=0.0086  pr=0.6057  PER=0.096  sid_acc=0.118

[stage 2] done.  Best val_recon=0.0080  → /rds/user/bbg25/hpc-work/Thesis/Final-Proj/Disentanglement/checkpoints/sid1_highrho/stage2_best.pt

[done]  best checkpoint → /rds/user/bbg25/hpc-work/Thesis/Final-Proj/Disentanglement/checkpoints/sid1_highrho/stage2_best.pt
Finished : Sat May 30 19:35:02 BST 2026
