=== Libri fixed valid-dead adaptive-AuxK extension ===
started          : Tue 21 Jul 07:32:25 BST 2026
run_name         : libri_advfb_prrecover_validdead_adaptaux512_gn00015_240L16P_12k_s42
repo_root        : /rds/user/bbg25/hpc-work/Thesis/Final-Proj
librispeech_root : /rds/user/bbg25/hpc-work/Thesis/Final-Proj/Probing/data/LibriSpeech
lexicon_path     : /rds/user/bbg25/hpc-work/Thesis/Final-Proj/Probing/data/librispeech-lexicon.txt
run_dir          : /rds/user/bbg25/hpc-work/Thesis/Final-Proj/runs/blackwell_followups/libri_advfb_prrecover_validdead_adaptaux512_gn00015_240L16P_12k_s42
dry_run          : 0
+ /home/bbg25/.conda/envs/mlmi4/bin/python + -u + Disentanglement/run.py + --stage + 2 + --stage2_from_scratch + --local_data + --librispeech_root + /rds/user/bbg25/hpc-work/Thesis/Final-Proj/Probing/data/LibriSpeech + --lexicon_path + /rds/user/bbg25/hpc-work/Thesis/Final-Proj/Probing/data/librispeech-lexicon.txt + --train_split_dir + train-clean-100 + --speaker_stratified_holdout + --spear_layernorm + --K + 5120 + --topk + 256 + --fixed_blocks + --per_block_topk + --K_L + 4096 + --K_P + 1024 + --K_U + 0 + --topk_L + 240 + --topk_P + 16 + --topk_U + 0 + --grl_linear_mean + --grl_grad_norm + --grl_grad_norm_target + 0.00015 + --alpha + 0.8 + --beta + 0.6 + --grl_weight + 1.0 + --grl_phoneme_weight + 0.2 + --grl_delay_steps + 0 + --dann_full_discriminator + --lr_disc + 1e-3 + --n_disc_steps + 3 + --aux_k + 512 + --aux_k_coef + 0.03125 + --aux_k_adaptive + --dead_steps_threshold + 256 + --valid_frame_dead_count + --rho + 0.0 + --stage2_steps + 12000 + --stage2_schedule_steps + 12000 + --warmup_steps + 500 + --batch_size + 16 + --eval_batch_size + 32 + --lr + 1e-4 + --lr_min + 1e-5 + --lr_heads + 1e-4 + --lr_sid_head + 0.001 + --grad_clip + 1.0 + --log_every + 100 + --grad_log_every + 500 + --ckpt_every + 1000 + --num_workers + 2 + --seed + 42 + --checkpoint_dir + /rds/user/bbg25/hpc-work/Thesis/Final-Proj/runs/blackwell_followups/libri_advfb_prrecover_validdead_adaptaux512_gn00015_240L16P_12k_s42/checkpoints + --runs_dir + /rds/user/bbg25/hpc-work/Thesis/Final-Proj/runs/blackwell_followups/libri_advfb_prrecover_validdead_adaptaux512_gn00015_240L16P_12k_s42/tensorboard + --log_dir + /rds/user/bbg25/hpc-work/Thesis/Final-Proj/runs/blackwell_followups/libri_advfb_prrecover_validdead_adaptaux512_gn00015_240L16P_12k_s42/trainer_logs 
=== Disentanglement  stage=2
=== device=cuda  bf16=True
=== K=5120  topk=256  D=1280
=== steps=12000  α=0.8  β=0.6  grl=1.0  ρ=0.0
[dis_data] loaded lexicon: 200,000 entries
[dis_data] loading train-clean-100 …
[dis_data]  251 speakers
[dis_data]  train=27539  val=500  test=500  vocab=74  speakers=251
[train] stage2_from_scratch=True — SAE/routing/heads start from initialization
[stage 2] frozen=596,973,362  trainable=17,478,282  device=cuda
[stage 2] speakers=251  vocab=74
[stage 2] α=0.8  β=0.6  grl=1.0  ρ=0.0  grl_p=0.2  hard_gumbel=True  spear_ln=True  grl_linear_mean=True  grl_grad_norm=0.00015  dann_full_disc=True
[stage 2] steps=12000  schedule_steps=12000  batch=16  grad_clip=1.0
[stage 2] best_ckpt selection: per + (1 - sid_acc) + grl_acc + (1 - grl_p_per)  — in-training head proxies, NOT a probe; run diag_probe/ for the authoritative leakage signal.
[stage 2] AuxK on: aux_k=512  coef=0.03125  adaptive=True  dead_thresh=256  valid_frame_dead_count=True  renorm_dec=False
[stage 2] precision requested=auto resolved=bf16
[dis_data] g2p_en loaded for OOV words[dis_data] g2p_en loaded for OOV words

  step      1/12000  recon=0.3606  pr=17.7527  sid=5.5254  grl=5.5293(acc=0.000)  grl_p=17.6190(per=2.131)  aux=0.0000(k=0,uniq=0)  dead=0.0%(0,L/P/U=0/0/0;new/rev=0/0;fired/b=5120.0)  L/P/U=4096/1024/0  actL/P/U=240/16/0  H=nan  Hu=nan  spec<.5=nan  marg=nan  lstd=nan  lr=2.00e-07
  step    100/12000  recon=0.3312  pr=17.1007  sid=5.5117  grl=5.4902(acc=0.062)  grl_p=3.6701(per=1.000)  aux=0.0000(k=0,uniq=0)  dead=0.0%(0,L/P/U=0/0/0;new/rev=0/0;fired/b=5120.0)  L/P/U=4096/1024/0  actL/P/U=240/16/0  H=nan  Hu=nan  spec<.5=nan  marg=nan  lstd=nan  lr=2.00e-05
  step    200/12000  recon=0.3644  pr=4.9483  sid=5.5000  grl=5.4717(acc=0.000)  grl_p=3.4706(per=1.000)  aux=0.0000(k=0,uniq=0)  dead=0.0%(0,L/P/U=0/0/0;new/rev=0/0;fired/b=5119.9)  L/P/U=4096/1024/0  actL/P/U=240/16/0  H=nan  Hu=nan  spec<.5=nan  marg=nan  lstd=nan  lr=4.00e-05
  step    300/12000  recon=0.2991  pr=2.8868  sid=5.3574  grl=3.5396(acc=0.250)  grl_p=2.1257(per=0.794)  aux=0.0000(k=0,uniq=0)  dead=0.0%(0,L/P/U=0/0/0;new/rev=0/0;fired/b=5099.0)  L/P/U=4096/1024/0  actL/P/U=240/16/0  H=nan  Hu=nan  spec<.5=nan  marg=nan  lstd=nan  lr=6.00e-05
  step    400/12000  recon=0.2456  pr=1.5014  sid=5.1113  grl=2.6387(acc=0.438)  grl_p=3.1066(per=0.921)  aux=0.0000(k=0,uniq=0)  dead=0.0%(0,L/P/U=0/0/0;new/rev=0/0;fired/b=5032.9)  L/P/U=4096/1024/0  actL/P/U=240/16/0  H=nan  Hu=nan  spec<.5=nan  marg=nan  lstd=nan  lr=8.00e-05
  [grad_norms @500]
    recon             |g|=0.04046  ratio=1.000x recon
    pr_raw            |g|=0.35589  ratio=8.796x recon
    pr_weighted       |g|=0.28471  ratio=7.037x recon
    sid_raw           |g|=2.59598  ratio=64.164x recon
    sid_weighted      |g|=1.55759  ratio=38.498x recon
    grl               |g|=0.57123  ratio=14.119x recon
    grl_p             |g|=0.57921  ratio=14.316x recon
    per-frame |dL/dz[t]|:  grl(z_L)=0.00015   grl_p(z_P)=0.00073   (grl_p/grl = 4.9x  <- pooled-vs-dense dilution)
    [grad_cos @500]  shared=sae.enc_weight; cos<0 = conflict
      cos(recon_vs_pr           ) = +0.003
      cos(recon_vs_sid          ) = +0.122  aligned
      cos(recon_vs_grl          ) = -0.123  conflict
      cos(recon_vs_grl_p        ) = -0.013
      cos(pr_vs_sid             ) = +0.000
      cos(pr_vs_grl             ) = +0.010
      cos(pr_vs_grl_p           ) = +0.000
      cos(sid_vs_grl            ) = +0.000
      cos(sid_vs_grl_p          ) = +0.079  aligned
      cos(grl_vs_grl_p          ) = +0.000
  step    500/12000  recon=0.2017  pr=0.9929  sid=5.0312  grl=3.4572(acc=0.188)  grl_p=3.4978(per=0.976)  aux=0.0000(k=0,uniq=0)  dead=0.0%(0,L/P/U=0/0/0;new/rev=0/0;fired/b=4930.6)  L/P/U=4096/1024/0  actL/P/U=240/16/0  H=nan  Hu=nan  spec<.5=nan  marg=nan  lstd=nan  lr=1.00e-04
  step    600/12000  recon=0.1726  pr=0.7242  sid=4.7363  grl=3.0978(acc=0.250)  grl_p=3.2954(per=0.961)  aux=0.0000(k=0,uniq=0)  dead=0.0%(0,L/P/U=0/0/0;new/rev=0/0;fired/b=4851.8)  L/P/U=4096/1024/0  actL/P/U=240/16/0  H=nan  Hu=nan  spec<.5=nan  marg=nan  lstd=nan  lr=1.00e-04
  step    700/12000  recon=0.1549  pr=0.6227  sid=4.1562  grl=3.7526(acc=0.125)  grl_p=3.3583(per=0.979)  aux=0.0000(k=0,uniq=0)  dead=0.0%(0,L/P/U=0/0/0;new/rev=0/0;fired/b=4774.3)  L/P/U=4096/1024/0  actL/P/U=240/16/0  H=nan  Hu=nan  spec<.5=nan  marg=nan  lstd=nan  lr=9.99e-05
  step    800/12000  recon=0.1435  pr=0.5624  sid=3.9033  grl=5.4506(acc=0.062)  grl_p=3.3962(per=0.995)  aux=0.0000(k=0,uniq=0)  dead=0.0%(0,L/P/U=0/0/0;new/rev=0/0;fired/b=4704.7)  L/P/U=4096/1024/0  actL/P/U=240/16/0  H=nan  Hu=nan  spec<.5=nan  marg=nan  lstd=nan  lr=9.98e-05
  step    900/12000  recon=0.1374  pr=0.5289  sid=3.5479  grl=5.5674(acc=0.125)  grl_p=3.3962(per=0.998)  aux=0.0000(k=0,uniq=0)  dead=0.0%(0,L/P/U=0/0/0;new/rev=0/0;fired/b=4631.3)  L/P/U=4096/1024/0  actL/P/U=240/16/0  H=nan  Hu=nan  spec<.5=nan  marg=nan  lstd=nan  lr=9.97e-05
  [grad_norms @1000]
    recon             |g|=0.04877  ratio=1.000x recon
    pr_raw            |g|=0.42166  ratio=8.646x recon
    pr_weighted       |g|=0.33732  ratio=6.917x recon
    sid_raw           |g|=6.12595  ratio=125.614x recon
    sid_weighted      |g|=3.67557  ratio=75.369x recon
    grl               |g|=1.17142  ratio=24.020x recon
    grl_p             |g|=0.32658  ratio=6.697x recon
    per-frame |dL/dz[t]|:  grl(z_L)=0.00015   grl_p(z_P)=0.00040   (grl_p/grl = 2.6x  <- pooled-vs-dense dilution)
    [grad_cos @1000]  shared=sae.enc_weight; cos<0 = conflict
      cos(recon_vs_pr           ) = +0.008
      cos(recon_vs_sid          ) = +0.112  aligned
      cos(recon_vs_grl          ) = -0.061  conflict
      cos(recon_vs_grl_p        ) = -0.034
      cos(pr_vs_sid             ) = +0.000
      cos(pr_vs_grl             ) = +0.003
      cos(pr_vs_grl_p           ) = +0.000
      cos(sid_vs_grl            ) = +0.000
      cos(sid_vs_grl_p          ) = +0.007
      cos(grl_vs_grl_p          ) = +0.000
  step   1000/12000  recon=0.1340  pr=0.4840  sid=3.3799  grl=5.4370(acc=0.188)  grl_p=3.4540(per=0.996)  aux=0.0000(k=0,uniq=0)  dead=0.0%(0,L/P/U=0/0/0;new/rev=0/0;fired/b=4528.9)  L/P/U=4096/1024/0  actL/P/U=240/16/0  H=nan  Hu=nan  spec<.5=nan  marg=nan  lstd=nan  lr=9.96e-05
[dis_data] g2p_en loaded for OOV words
[dis_data] g2p_en loaded for OOV words
  [val] step=1000  recon=0.1338  pr=0.5373  | z_L PR=0.136 SID=0.140  | z_P PR=0.997 SID=0.812
  ✓ best checkpoint (disent=0.4669  PER=0.136 sid=0.812 grl_acc=0.140 grl_p_per=0.997) → /rds/user/bbg25/hpc-work/Thesis/Final-Proj/runs/blackwell_followups/libri_advfb_prrecover_validdead_adaptaux512_gn00015_240L16P_12k_s42/checkpoints/stage2_best.pt
  step   1100/12000  recon=0.1306  pr=0.4465  sid=2.4668  grl=3.7564(acc=0.250)  grl_p=3.4540(per=0.999)  aux=0.1309(k=1,uniq=1,uniqL/P/U=1/0/0,selL/P/U=10045/0/0)  dead=0.0%(1,L/P/U=1/0/0;new/rev=1/0;fired/b=4447.5)  L/P/U=4096/1024/0  actL/P/U=240/16/0  H=nan  Hu=nan  spec<.5=nan  marg=nan  lstd=nan  lr=9.94e-05
  step   1200/12000  recon=0.1303  pr=0.3821  sid=2.2753  grl=5.9604(acc=0.062)  grl_p=3.4457(per=0.997)  aux=0.1308(k=1,uniq=1,uniqL/P/U=1/0/0,selL/P/U=8550/0/0)  dead=0.0%(1,L/P/U=1/0/0;new/rev=1/1;fired/b=4375.0)  L/P/U=4096/1024/0  actL/P/U=240/16/0  H=nan  Hu=nan  spec<.5=nan  marg=nan  lstd=nan  lr=9.92e-05
  step   1300/12000  recon=0.1293  pr=0.3769  sid=1.6565  grl=5.0732(acc=0.062)  grl_p=3.4501(per=1.000)  aux=0.1308(k=4,uniq=4,uniqL/P/U=4/0/0,selL/P/U=38848/0/0)  dead=0.1%(4,L/P/U=4/0/0;new/rev=3/0;fired/b=4293.4)  L/P/U=4096/1024/0  actL/P/U=240/16/0  H=nan  Hu=nan  spec<.5=nan  marg=nan  lstd=nan  lr=9.89e-05
  step   1400/12000  recon=0.1292  pr=0.4450  sid=1.4672  grl=6.2963(acc=0.188)  grl_p=3.4348(per=0.997)  aux=0.1307(k=5,uniq=5,uniqL/P/U=5/0/0,selL/P/U=44185/0/0)  dead=0.1%(5,L/P/U=5/0/0;new/rev=3/2;fired/b=4212.9)  L/P/U=4096/1024/0  actL/P/U=240/16/0  H=nan  Hu=nan  spec<.5=nan  marg=nan  lstd=nan  lr=9.86e-05
  [grad_norms @1500]
    recon             |g|=0.06412  ratio=1.000x recon
    pr_raw            |g|=0.33560  ratio=5.234x recon
    pr_weighted       |g|=0.26848  ratio=4.187x recon
    sid_raw           |g|=5.27545  ratio=82.273x recon
    sid_weighted      |g|=3.16527  ratio=49.364x recon
    grl               |g|=2.11116  ratio=32.924x recon
    grl_p             |g|=0.32769  ratio=5.110x recon
    aux               |g|=0.00052  ratio=0.008x recon
    per-frame |dL/dz[t]|:  grl(z_L)=0.00015   grl_p(z_P)=0.00027   (grl_p/grl = 1.8x  <- pooled-vs-dense dilution)
    [grad_cos @1500]  shared=sae.enc_weight; cos<0 = conflict
      cos(recon_vs_pr           ) = -0.004
      cos(recon_vs_sid          ) = +0.077  aligned
      cos(recon_vs_grl          ) = -0.023
      cos(recon_vs_grl_p        ) = -0.023
      cos(recon_vs_aux          ) = +0.005
      cos(pr_vs_sid             ) = +0.000
      cos(pr_vs_grl             ) = -0.001
      cos(pr_vs_grl_p           ) = +0.000
      cos(pr_vs_aux             ) = -0.004
      cos(sid_vs_grl            ) = +0.000
      cos(sid_vs_grl_p          ) = -0.002
      cos(sid_vs_aux            ) = +0.000
      cos(grl_vs_grl_p          ) = +0.000
      cos(grl_vs_aux            ) = -0.000
      cos(grl_p_vs_aux          ) = +0.000
  step   1500/12000  recon=0.1266  pr=0.4392  sid=1.2333  grl=6.5461(acc=0.062)  grl_p=3.4718(per=1.000)  aux=0.1304(k=14,uniq=14,uniqL/P/U=14/0/0,selL/P/U=137494/0/0)  dead=0.3%(14,L/P/U=14/0/0;new/rev=12/3;fired/b=4128.1)  L/P/U=4096/1024/0  actL/P/U=240/16/0  H=nan  Hu=nan  spec<.5=nan  marg=nan  lstd=nan  lr=9.83e-05
  step   1600/12000  recon=0.1310  pr=0.4538  sid=0.7777  grl=7.0049(acc=0.000)  grl_p=3.4560(per=0.999)  aux=0.1375(k=33,uniq=33,uniqL/P/U=33/0/0,selL/P/U=338745/0/0)  dead=0.6%(33,L/P/U=33/0/0;new/rev=23/4;fired/b=4047.6)  L/P/U=4096/1024/0  actL/P/U=240/16/0  H=nan  Hu=nan  spec<.5=nan  marg=nan  lstd=nan  lr=9.80e-05
  step   1700/12000  recon=0.1290  pr=0.3704  sid=0.9882  grl=4.7510(acc=0.125)  grl_p=3.3749(per=1.000)  aux=0.1377(k=60,uniq=60,uniqL/P/U=60/0/0,selL/P/U=667440/0/0)  dead=1.2%(60,L/P/U=60/0/0;new/rev=34/7;fired/b=3953.3)  L/P/U=4096/1024/0  actL/P/U=240/16/0  H=nan  Hu=nan  spec<.5=nan  marg=nan  lstd=nan  lr=9.76e-05
[dis_data] g2p_en loaded for OOV words
[dis_data] g2p_en loaded for OOV words
  step   1800/12000  recon=0.1295  pr=0.4552  sid=0.7240  grl=4.6448(acc=0.125)  grl_p=3.4176(per=1.000)  aux=0.1419(k=93,uniq=93,uniqL/P/U=93/0/0,selL/P/U=1005702/0/0)  dead=1.8%(93,L/P/U=93/0/0;new/rev=43/10;fired/b=3864.2)  L/P/U=4096/1024/0  actL/P/U=240/16/0  H=nan  Hu=nan  spec<.5=nan  marg=nan  lstd=nan  lr=9.72e-05
  step   1900/12000  recon=0.1324  pr=0.3832  sid=0.5034  grl=4.9135(acc=0.188)  grl_p=3.4209(per=0.999)  aux=0.1490(k=149,uniq=149,uniqL/P/U=149/0/0,selL/P/U=1333252/0/0)  dead=2.9%(149,L/P/U=149/0/0;new/rev=73/17;fired/b=3764.3)  L/P/U=4096/1024/0  actL/P/U=240/16/0  H=nan  Hu=nan  spec<.5=nan  marg=nan  lstd=nan  lr=9.67e-05
  [grad_norms @2000]
    recon             |g|=0.08299  ratio=1.000x recon
    pr_raw            |g|=0.41426  ratio=4.991x recon
    pr_weighted       |g|=0.33141  ratio=3.993x recon
    sid_raw           |g|=3.62229  ratio=43.645x recon
    sid_weighted      |g|=2.17337  ratio=26.187x recon
    grl               |g|=2.70950  ratio=32.647x recon
    grl_p             |g|=0.35600  ratio=4.289x recon
    aux               |g|=0.00107  ratio=0.013x recon
    per-frame |dL/dz[t]|:  grl(z_L)=0.00015   grl_p(z_P)=0.00022   (grl_p/grl = 1.5x  <- pooled-vs-dense dilution)
    [grad_cos @2000]  shared=sae.enc_weight; cos<0 = conflict
      cos(recon_vs_pr           ) = -0.002
      cos(recon_vs_sid          ) = +0.070  aligned
      cos(recon_vs_grl          ) = -0.016
      cos(recon_vs_grl_p        ) = -0.017
      cos(recon_vs_aux          ) = -0.042
      cos(pr_vs_sid             ) = +0.000
      cos(pr_vs_grl             ) = -0.016
      cos(pr_vs_grl_p           ) = +0.000
      cos(pr_vs_aux             ) = -0.000
      cos(sid_vs_grl            ) = +0.000
      cos(sid_vs_grl_p          ) = +0.035
      cos(sid_vs_aux            ) = +0.000
      cos(grl_vs_grl_p          ) = +0.000
      cos(grl_vs_aux            ) = +0.001
      cos(grl_p_vs_aux          ) = +0.000
  step   2000/12000  recon=0.1316  pr=0.4612  sid=0.5617  grl=6.1400(acc=0.188)  grl_p=3.4253(per=1.000)  aux=0.1497(k=195,uniq=195,uniqL/P/U=195/0/0,selL/P/U=2252835/0/0)  dead=3.8%(195,L/P/U=195/0/0;new/rev=64/18;fired/b=3664.4)  L/P/U=4096/1024/0  actL/P/U=240/16/0  H=nan  Hu=nan  spec<.5=nan  marg=nan  lstd=nan  lr=9.63e-05
[dis_data] g2p_en loaded for OOV words
[dis_data] g2p_en loaded for OOV words
  [val] step=2000  recon=0.1326  pr=0.3960  | z_L PR=0.094 SID=0.128  | z_P PR=0.998 SID=0.984
  ✓ best checkpoint (disent=0.2401  PER=0.094 sid=0.984 grl_acc=0.128 grl_p_per=0.998) → /rds/user/bbg25/hpc-work/Thesis/Final-Proj/runs/blackwell_followups/libri_advfb_prrecover_validdead_adaptaux512_gn00015_240L16P_12k_s42/checkpoints/stage2_best.pt
  step   2100/12000  recon=0.1337  pr=0.3554  sid=0.4355  grl=5.8785(acc=0.125)  grl_p=3.4260(per=0.998)  aux=0.1579(k=257,uniq=257,uniqL/P/U=257/0/0,selL/P/U=2730111/0/0)  dead=5.0%(257,L/P/U=257/0/0;new/rev=83/21;fired/b=3556.2)  L/P/U=4096/1024/0  actL/P/U=240/16/0  H=nan  Hu=nan  spec<.5=nan  marg=nan  lstd=nan  lr=9.58e-05
  step   2200/12000  recon=0.1330  pr=0.3795  sid=0.3600  grl=4.7314(acc=0.062)  grl_p=3.4230(per=0.998)  aux=0.1633(k=343,uniq=343,uniqL/P/U=343/0/0,selL/P/U=3740415/0/0)  dead=6.7%(343,L/P/U=343/0/0;new/rev=113/27;fired/b=3454.9)  L/P/U=4096/1024/0  actL/P/U=240/16/0  H=nan  Hu=nan  spec<.5=nan  marg=nan  lstd=nan  lr=9.52e-05
  step   2300/12000  recon=0.1357  pr=0.3715  sid=0.4385  grl=5.8494(acc=0.000)  grl_p=3.4565(per=0.999)  aux=0.1655(k=419,uniq=419,uniqL/P/U=419/0/0,selL/P/U=4380226/0/0)  dead=8.2%(419,L/P/U=419/0/0;new/rev=105/29;fired/b=3346.3)  L/P/U=4096/1024/0  actL/P/U=240/16/0  H=nan  Hu=nan  spec<.5=nan  marg=nan  lstd=nan  lr=9.47e-05
  step   2400/12000  recon=0.1361  pr=0.3421  sid=0.3246  grl=6.4268(acc=0.000)  grl_p=3.3964(per=0.997)  aux=0.1837(k=512,uniq=527,uniqL/P/U=527/0/0,selL/P/U=5330432/0/0)  dead=10.3%(527,L/P/U=527/0/0;new/rev=142/34;fired/b=3236.7)  L/P/U=4096/1024/0  actL/P/U=240/16/0  H=nan  Hu=nan  spec<.5=nan  marg=nan  lstd=nan  lr=9.41e-05
  [grad_norms @2500]
    recon             |g|=0.10876  ratio=1.000x recon
    pr_raw            |g|=0.27715  ratio=2.548x recon
    pr_weighted       |g|=0.22172  ratio=2.039x recon
    sid_raw           |g|=3.31299  ratio=30.463x recon
    sid_weighted      |g|=1.98779  ratio=18.278x recon
    grl               |g|=2.71499  ratio=24.964x recon
    grl_p             |g|=0.41104  ratio=3.779x recon
    aux               |g|=0.00119  ratio=0.011x recon
    per-frame |dL/dz[t]|:  grl(z_L)=0.00015   grl_p(z_P)=0.00028   (grl_p/grl = 1.9x  <- pooled-vs-dense dilution)
    [grad_cos @2500]  shared=sae.enc_weight; cos<0 = conflict
      cos(recon_vs_pr           ) = +0.007
      cos(recon_vs_sid          ) = +0.064  aligned
      cos(recon_vs_grl          ) = +0.000
      cos(recon_vs_grl_p        ) = -0.033
      cos(recon_vs_aux          ) = -0.003
      cos(pr_vs_sid             ) = +0.000
      cos(pr_vs_grl             ) = -0.005
      cos(pr_vs_grl_p           ) = +0.000
      cos(pr_vs_aux             ) = -0.009
      cos(sid_vs_grl            ) = +0.000
      cos(sid_vs_grl_p          ) = +0.013
      cos(sid_vs_aux            ) = +0.000
      cos(grl_vs_grl_p          ) = +0.000
      cos(grl_vs_aux            ) = +0.002
      cos(grl_p_vs_aux          ) = +0.000
  step   2500/12000  recon=0.1386  pr=0.3271  sid=0.3292  grl=6.9434(acc=0.062)  grl_p=3.4478(per=0.998)  aux=0.1872(k=512,uniq=635,uniqL/P/U=635/0/0,selL/P/U=5136384/0/0)  dead=12.4%(635,L/P/U=635/0/0;new/rev=136/28;fired/b=3146.5)  L/P/U=4096/1024/0  actL/P/U=240/16/0  H=nan  Hu=nan  spec<.5=nan  marg=nan  lstd=nan  lr=9.34e-05
  step   2600/12000  recon=0.1398  pr=0.3708  sid=0.2086  grl=6.4082(acc=0.000)  grl_p=3.4039(per=0.999)  aux=0.1738(k=512,uniq=742,uniqL/P/U=742/0/0,selL/P/U=4950528/0/0)  dead=14.5%(742,L/P/U=742/0/0;new/rev=149/42;fired/b=3040.3)  L/P/U=4096/1024/0  actL/P/U=240/16/0  H=nan  Hu=nan  spec<.5=nan  marg=nan  lstd=nan  lr=9.28e-05
  step   2700/12000  recon=0.1400  pr=0.3729  sid=0.2223  grl=6.8901(acc=0.125)  grl_p=3.3993(per=0.997)  aux=0.1610(k=512,uniq=844,uniqL/P/U=844/0/0,selL/P/U=5811200/0/0)  dead=16.5%(844,L/P/U=844/0/0;new/rev=133/31;fired/b=2943.1)  L/P/U=4096/1024/0  actL/P/U=240/16/0  H=nan  Hu=nan  spec<.5=nan  marg=nan  lstd=nan  lr=9.21e-05
  step   2800/12000  recon=0.1400  pr=0.3324  sid=0.2093  grl=5.2446(acc=0.250)  grl_p=3.4301(per=0.998)  aux=0.1561(k=512,uniq=960,uniqL/P/U=960/0/0,selL/P/U=5709824/0/0)  dead=18.8%(960,L/P/U=960/0/0;new/rev=150/34;fired/b=2838.1)  L/P/U=4096/1024/0  actL/P/U=240/16/0  H=nan  Hu=nan  spec<.5=nan  marg=nan  lstd=nan  lr=9.14e-05
  step   2900/12000  recon=0.1443  pr=0.3805  sid=0.1748  grl=7.6182(acc=0.000)  grl_p=3.4695(per=0.997)  aux=0.1502(k=512,uniq=1073,uniqL/P/U=1073/0/0,selL/P/U=5418496/0/0)  dead=21.0%(1073,L/P/U=1073/0/0;new/rev=153/40;fired/b=2754.8)  L/P/U=4096/1024/0  actL/P/U=240/16/0  H=nan  Hu=nan  spec<.5=nan  marg=nan  lstd=nan  lr=9.07e-05
  [grad_norms @3000]
    recon             |g|=0.12778  ratio=1.000x recon
    pr_raw            |g|=0.24865  ratio=1.946x recon
    pr_weighted       |g|=0.19892  ratio=1.557x recon
    sid_raw           |g|=3.23109  ratio=25.286x recon
    sid_weighted      |g|=1.93865  ratio=15.171x recon
    grl               |g|=7.40348  ratio=57.938x recon
    grl_p             |g|=0.39249  ratio=3.072x recon
    aux               |g|=0.00214  ratio=0.017x recon
    per-frame |dL/dz[t]|:  grl(z_L)=0.00015   grl_p(z_P)=0.00028   (grl_p/grl = 1.9x  <- pooled-vs-dense dilution)
    [grad_cos @3000]  shared=sae.enc_weight; cos<0 = conflict
      cos(recon_vs_pr           ) = +0.004
      cos(recon_vs_sid          ) = +0.077  aligned
      cos(recon_vs_grl          ) = -0.010
      cos(recon_vs_grl_p        ) = -0.046
      cos(recon_vs_aux          ) = -0.026
      cos(pr_vs_sid             ) = +0.000
      cos(pr_vs_grl             ) = +0.029
      cos(pr_vs_grl_p           ) = +0.000
      cos(pr_vs_aux             ) = -0.002
      cos(sid_vs_grl            ) = +0.000
      cos(sid_vs_grl_p          ) = -0.009
      cos(sid_vs_aux            ) = +0.000
      cos(grl_vs_grl_p          ) = +0.000
      cos(grl_vs_aux            ) = -0.029
      cos(grl_p_vs_aux          ) = +0.000
  step   3000/12000  recon=0.1447  pr=0.3087  sid=0.2599  grl=8.4512(acc=0.000)  grl_p=3.4231(per=0.995)  aux=0.1492(k=512,uniq=1183,uniqL/P/U=1183/0/0,selL/P/U=5180416/0/0)  dead=23.1%(1183,L/P/U=1183/0/0;new/rev=146/36;fired/b=2658.4)  L/P/U=4096/1024/0  actL/P/U=240/16/0  H=nan  Hu=nan  spec<.5=nan  marg=nan  lstd=nan  lr=8.99e-05
[dis_data] g2p_en loaded for OOV words
[dis_data] g2p_en loaded for OOV words
  [val] step=3000  recon=0.1449  pr=0.3711  | z_L PR=0.086 SID=0.054  | z_P PR=0.998 SID=0.994
  ✓ best checkpoint (disent=0.1486  PER=0.086 sid=0.994 grl_acc=0.054 grl_p_per=0.998) → /rds/user/bbg25/hpc-work/Thesis/Final-Proj/runs/blackwell_followups/libri_advfb_prrecover_validdead_adaptaux512_gn00015_240L16P_12k_s42/checkpoints/stage2_best.pt
  step   3100/12000  recon=0.1452  pr=0.3879  sid=0.2702  grl=9.7129(acc=0.000)  grl_p=3.5012(per=0.996)  aux=0.1512(k=512,uniq=1291,uniqL/P/U=1291/0/0,selL/P/U=4889600/0/0)  dead=25.2%(1291,L/P/U=1291/0/0;new/rev=150/42;fired/b=2588.8)  L/P/U=4096/1024/0  actL/P/U=240/16/0  H=nan  Hu=nan  spec<.5=nan  marg=nan  lstd=nan  lr=8.91e-05
  step   3200/12000  recon=0.1467  pr=0.3050  sid=0.1492  grl=6.8611(acc=0.062)  grl_p=3.4032(per=0.995)  aux=0.1607(k=512,uniq=1422,uniqL/P/U=1422/0/0,selL/P/U=5336064/0/0)  dead=27.8%(1422,L/P/U=1422/0/0;new/rev=167/36;fired/b=2519.7)  L/P/U=4096/1024/0  actL/P/U=240/16/0  H=nan  Hu=nan  spec<.5=nan  marg=nan  lstd=nan  lr=8.83e-05
  step   3300/12000  recon=0.1454  pr=0.3269  sid=0.1304  grl=8.0645(acc=0.000)  grl_p=3.4024(per=0.999)  aux=0.1647(k=512,uniq=1517,uniqL/P/U=1517/0/0,selL/P/U=5718016/0/0)  dead=29.6%(1517,L/P/U=1517/0/0;new/rev=131/36;fired/b=2442.8)  L/P/U=4096/1024/0  actL/P/U=240/16/0  H=nan  Hu=nan  spec<.5=nan  marg=nan  lstd=nan  lr=8.75e-05
  step   3400/12000  recon=0.1505  pr=0.3061  sid=0.2082  grl=7.6697(acc=0.125)  grl_p=3.4138(per=0.998)  aux=0.1683(k=512,uniq=1647,uniqL/P/U=1647/0/0,selL/P/U=4999168/0/0)  dead=32.2%(1647,L/P/U=1647/0/0;new/rev=157/27;fired/b=2386.5)  L/P/U=4096/1024/0  actL/P/U=240/16/0  H=nan  Hu=nan  spec<.5=nan  marg=nan  lstd=nan  lr=8.66e-05
[dis_data] g2p_en loaded for OOV words
[dis_data] g2p_en loaded for OOV words
  [grad_norms @3500]
    recon             |g|=0.15885  ratio=1.000x recon
    pr_raw            |g|=0.28847  ratio=1.816x recon
    pr_weighted       |g|=0.23078  ratio=1.453x recon
    sid_raw           |g|=1.80087  ratio=11.337x recon
    sid_weighted      |g|=1.08052  ratio=6.802x recon
    grl               |g|=4.21830  ratio=26.555x recon
    grl_p             |g|=0.50739  ratio=3.194x recon
    aux               |g|=0.00438  ratio=0.028x recon
    per-frame |dL/dz[t]|:  grl(z_L)=0.00015   grl_p(z_P)=0.00032   (grl_p/grl = 2.1x  <- pooled-vs-dense dilution)
    [grad_cos @3500]  shared=sae.enc_weight; cos<0 = conflict
      cos(recon_vs_pr           ) = -0.003
      cos(recon_vs_sid          ) = +0.040
      cos(recon_vs_grl          ) = -0.011
      cos(recon_vs_grl_p        ) = -0.039
      cos(recon_vs_aux          ) = -0.049
      cos(pr_vs_sid             ) = +0.000
      cos(pr_vs_grl             ) = +0.007
      cos(pr_vs_grl_p           ) = +0.000
      cos(pr_vs_aux             ) = -0.011
      cos(sid_vs_grl            ) = +0.000
      cos(sid_vs_grl_p          ) = +0.019
      cos(sid_vs_aux            ) = +0.000
      cos(grl_vs_grl_p          ) = +0.000
      cos(grl_vs_aux            ) = +0.032
      cos(grl_p_vs_aux          ) = +0.000
  step   3500/12000  recon=0.1491  pr=0.3323  sid=0.0991  grl=6.1365(acc=0.125)  grl_p=3.4171(per=0.996)  aux=0.1783(k=512,uniq=1774,uniqL/P/U=1774/0/0,selL/P/U=4913664/0/0)  dead=34.6%(1774,L/P/U=1774/0/0;new/rev=148/21;fired/b=2326.0)  L/P/U=4096/1024/0  actL/P/U=240/16/0  H=nan  Hu=nan  spec<.5=nan  marg=nan  lstd=nan  lr=8.57e-05
  step   3600/12000  recon=0.1497  pr=0.4050  sid=0.1363  grl=5.7891(acc=0.125)  grl_p=3.4311(per=0.997)  aux=0.1874(k=512,uniq=1906,uniqL/P/U=1906/0/0,selL/P/U=5128704/0/0)  dead=37.2%(1906,L/P/U=1906/0/0;new/rev=153/21;fired/b=2273.5)  L/P/U=4096/1024/0  actL/P/U=240/16/0  H=nan  Hu=nan  spec<.5=nan  marg=nan  lstd=nan  lr=8.48e-05
  step   3700/12000  recon=0.1555  pr=0.3133  sid=0.1269  grl=6.3506(acc=0.125)  grl_p=3.4272(per=0.997)  aux=0.1878(k=512,uniq=2009,uniqL/P/U=2009/0/0,selL/P/U=5502464/0/0)  dead=39.2%(2009,L/P/U=2009/0/0;new/rev=128/25;fired/b=2224.5)  L/P/U=4096/1024/0  actL/P/U=240/16/0  H=nan  Hu=nan  spec<.5=nan  marg=nan  lstd=nan  lr=8.39e-05
  step   3800/12000  recon=0.1535  pr=0.3970  sid=0.1225  grl=6.9170(acc=0.000)  grl_p=3.4502(per=0.997)  aux=0.1868(k=512,uniq=2100,uniqL/P/U=2100/0/0,selL/P/U=5408768/0/0)  dead=41.0%(2100,L/P/U=2100/0/0;new/rev=114/23;fired/b=2179.9)  L/P/U=4096/1024/0  actL/P/U=240/16/0  H=nan  Hu=nan  spec<.5=nan  marg=nan  lstd=nan  lr=8.29e-05
  step   3900/12000  recon=0.1530  pr=0.2807  sid=0.0830  grl=6.6978(acc=0.062)  grl_p=3.4331(per=0.999)  aux=0.1898(k=512,uniq=2199,uniqL/P/U=2199/0/0,selL/P/U=5350400/0/0)  dead=43.0%(2201,L/P/U=2201/0/0;new/rev=122/21;fired/b=2140.7)  L/P/U=4096/1024/0  actL/P/U=240/16/0  H=nan  Hu=nan  spec<.5=nan  marg=nan  lstd=nan  lr=8.19e-05
  [grad_norms @4000]
    recon             |g|=0.19189  ratio=1.000x recon
    pr_raw            |g|=0.39566  ratio=2.062x recon
    pr_weighted       |g|=0.31653  ratio=1.650x recon
    sid_raw           |g|=1.37136  ratio=7.147x recon
    sid_weighted      |g|=0.82282  ratio=4.288x recon
    grl               |g|=5.57051  ratio=29.030x recon
    grl_p             |g|=0.45719  ratio=2.383x recon
    aux               |g|=0.00515  ratio=0.027x recon
    per-frame |dL/dz[t]|:  grl(z_L)=0.00015   grl_p(z_P)=0.00030   (grl_p/grl = 2.0x  <- pooled-vs-dense dilution)
    [grad_cos @4000]  shared=sae.enc_weight; cos<0 = conflict
      cos(recon_vs_pr           ) = +0.002
      cos(recon_vs_sid          ) = +0.041
      cos(recon_vs_grl          ) = +0.003
      cos(recon_vs_grl_p        ) = -0.039
      cos(recon_vs_aux          ) = -0.021
      cos(pr_vs_sid             ) = +0.000
      cos(pr_vs_grl             ) = -0.053  conflict
      cos(pr_vs_grl_p           ) = +0.000
      cos(pr_vs_aux             ) = -0.056  conflict
      cos(sid_vs_grl            ) = +0.000
      cos(sid_vs_grl_p          ) = -0.012
      cos(sid_vs_aux            ) = +0.000
      cos(grl_vs_grl_p          ) = +0.000
      cos(grl_vs_aux            ) = +0.123  aligned
      cos(grl_p_vs_aux          ) = +0.000
  step   4000/12000  recon=0.1556  pr=0.4199  sid=0.0747  grl=6.4462(acc=0.062)  grl_p=3.4548(per=0.998)  aux=0.1824(k=512,uniq=2285,uniqL/P/U=2285/0/0,selL/P/U=5126144/0/0)  dead=44.7%(2287,L/P/U=2287/0/0;new/rev=114/28;fired/b=2098.5)  L/P/U=4096/1024/0  actL/P/U=240/16/0  H=nan  Hu=nan  spec<.5=nan  marg=nan  lstd=nan  lr=8.10e-05
[dis_data] g2p_en loaded for OOV words
[dis_data] g2p_en loaded for OOV words
  [val] step=4000  recon=0.1564  pr=0.3661  | z_L PR=0.090 SID=0.046  | z_P PR=0.998 SID=0.996
  ✓ best checkpoint (disent=0.1417  PER=0.090 sid=0.996 grl_acc=0.046 grl_p_per=0.998) → /rds/user/bbg25/hpc-work/Thesis/Final-Proj/runs/blackwell_followups/libri_advfb_prrecover_validdead_adaptaux512_gn00015_240L16P_12k_s42/checkpoints/stage2_best.pt
  step   4100/12000  recon=0.1570  pr=0.3871  sid=0.2073  grl=8.8477(acc=0.000)  grl_p=3.4587(per=0.997)  aux=0.1820(k=512,uniq=2346,uniqL/P/U=2346/0/0,selL/P/U=5306368/0/0)  dead=46.1%(2358,L/P/U=2358/0/0;new/rev=90/19;fired/b=2058.3)  L/P/U=4096/1024/0  actL/P/U=240/16/0  H=nan  Hu=nan  spec<.5=nan  marg=nan  lstd=nan  lr=7.99e-05
  step   4200/12000  recon=0.1579  pr=0.4022  sid=0.1240  grl=6.7236(acc=0.062)  grl_p=3.4219(per=0.997)  aux=0.1839(k=512,uniq=2418,uniqL/P/U=2418/0/0,selL/P/U=5206528/0/0)  dead=47.7%(2440,L/P/U=2440/0/0;new/rev=107/25;fired/b=2025.8)  L/P/U=4096/1024/0  actL/P/U=240/16/0  H=nan  Hu=nan  spec<.5=nan  marg=nan  lstd=nan  lr=7.89e-05
  step   4300/12000  recon=0.1587  pr=0.3294  sid=0.0507  grl=4.9790(acc=0.125)  grl_p=3.4258(per=0.998)  aux=0.1779(k=512,uniq=2483,uniqL/P/U=2483/0/0,selL/P/U=4942848/0/0)  dead=49.2%(2520,L/P/U=2520/0/0;new/rev=98/18;fired/b=1990.4)  L/P/U=4096/1024/0  actL/P/U=240/16/0  H=nan  Hu=nan  spec<.5=nan  marg=nan  lstd=nan  lr=7.79e-05
  step   4400/12000  recon=0.1585  pr=0.2739  sid=0.1113  grl=6.3687(acc=0.062)  grl_p=3.4120(per=0.997)  aux=0.1753(k=512,uniq=2536,uniqL/P/U=2536/0/0,selL/P/U=5164544/0/0)  dead=50.6%(2593,L/P/U=2593/0/0;new/rev=85/12;fired/b=1960.5)  L/P/U=4096/1024/0  actL/P/U=240/16/0  H=nan  Hu=nan  spec<.5=nan  marg=nan  lstd=nan  lr=7.68e-05
  [grad_norms @4500]
    recon             |g|=0.24576  ratio=1.000x recon
    pr_raw            |g|=0.29666  ratio=1.207x recon
    pr_weighted       |g|=0.23733  ratio=0.966x recon
    sid_raw           |g|=1.77224  ratio=7.211x recon
    sid_weighted      |g|=1.06334  ratio=4.327x recon
    grl               |g|=3.52199  ratio=14.331x recon
    grl_p             |g|=0.71125  ratio=2.894x recon
    aux               |g|=0.00667  ratio=0.027x recon
    per-frame |dL/dz[t]|:  grl(z_L)=0.00015   grl_p(z_P)=0.00032   (grl_p/grl = 2.1x  <- pooled-vs-dense dilution)
    [grad_cos @4500]  shared=sae.enc_weight; cos<0 = conflict
      cos(recon_vs_pr           ) = +0.000
      cos(recon_vs_sid          ) = +0.069  aligned
      cos(recon_vs_grl          ) = +0.007
      cos(recon_vs_grl_p        ) = -0.032
      cos(recon_vs_aux          ) = -0.004
      cos(pr_vs_sid             ) = +0.000
      cos(pr_vs_grl             ) = +0.009
      cos(pr_vs_grl_p           ) = +0.000
      cos(pr_vs_aux             ) = -0.030
      cos(sid_vs_grl            ) = +0.000
      cos(sid_vs_grl_p          ) = -0.027
      cos(sid_vs_aux            ) = +0.000
      cos(grl_vs_grl_p          ) = +0.000
      cos(grl_vs_aux            ) = +0.016
      cos(grl_p_vs_aux          ) = +0.000
  step   4500/12000  recon=0.1605  pr=0.3094  sid=0.0905  grl=6.7061(acc=0.000)  grl_p=3.3967(per=0.997)  aux=0.1717(k=512,uniq=2576,uniqL/P/U=2576/0/0,selL/P/U=5052416/0/0)  dead=51.8%(2652,L/P/U=2652/0/0;new/rev=82/23;fired/b=1932.9)  L/P/U=4096/1024/0  actL/P/U=240/16/0  H=nan  Hu=nan  spec<.5=nan  marg=nan  lstd=nan  lr=7.57e-05
  step   4600/12000  recon=0.1621  pr=0.4785  sid=0.1549  grl=8.6592(acc=0.000)  grl_p=3.4596(per=0.999)  aux=0.1677(k=512,uniq=2602,uniqL/P/U=2602/0/0,selL/P/U=4792832/0/0)  dead=52.8%(2703,L/P/U=2703/0/0;new/rev=66/15;fired/b=1903.4)  L/P/U=4096/1024/0  actL/P/U=240/16/0  H=nan  Hu=nan  spec<.5=nan  marg=nan  lstd=nan  lr=7.46e-05
  step   4700/12000  recon=0.1645  pr=0.3597  sid=0.0749  grl=9.4863(acc=0.000)  grl_p=3.4565(per=0.998)  aux=0.1684(k=512,uniq=2615,uniqL/P/U=2615/0/0,selL/P/U=5172224/0/0)  dead=53.9%(2761,L/P/U=2761/0/0;new/rev=73/15;fired/b=1881.3)  L/P/U=4096/1024/0  actL/P/U=240/16/0  H=nan  Hu=nan  spec<.5=nan  marg=nan  lstd=nan  lr=7.35e-05
  step   4800/12000  recon=0.1632  pr=0.2942  sid=0.0680  grl=9.0576(acc=0.000)  grl_p=3.4222(per=1.000)  aux=0.1636(k=512,uniq=2647,uniqL/P/U=2647/0/0,selL/P/U=5167104/0/0)  dead=55.3%(2829,L/P/U=2829/0/0;new/rev=77/9;fired/b=1855.7)  L/P/U=4096/1024/0  actL/P/U=240/16/0  H=nan  Hu=nan  spec<.5=nan  marg=nan  lstd=nan  lr=7.24e-05
  step   4900/12000  recon=0.1665  pr=0.3825  sid=0.0574  grl=6.8057(acc=0.062)  grl_p=3.4882(per=1.000)  aux=0.1616(k=512,uniq=2691,uniqL/P/U=2691/0/0,selL/P/U=5027840/0/0)  dead=56.1%(2870,L/P/U=2870/0/0;new/rev=55/14;fired/b=1836.8)  L/P/U=4096/1024/0  actL/P/U=240/16/0  H=nan  Hu=nan  spec<.5=nan  marg=nan  lstd=nan  lr=7.12e-05
  [grad_norms @5000]
    recon             |g|=0.25371  ratio=1.000x recon
    pr_raw            |g|=0.52791  ratio=2.081x recon
    pr_weighted       |g|=0.42233  ratio=1.665x recon
    sid_raw           |g|=1.07219  ratio=4.226x recon
    sid_weighted      |g|=0.64331  ratio=2.536x recon
    grl               |g|=4.60935  ratio=18.168x recon
    grl_p             |g|=0.49215  ratio=1.940x recon
    aux               |g|=0.00756  ratio=0.030x recon
    per-frame |dL/dz[t]|:  grl(z_L)=0.00015   grl_p(z_P)=0.00028   (grl_p/grl = 1.9x  <- pooled-vs-dense dilution)
    [grad_cos @5000]  shared=sae.enc_weight; cos<0 = conflict
      cos(recon_vs_pr           ) = +0.002
      cos(recon_vs_sid          ) = +0.031
      cos(recon_vs_grl          ) = +0.003
      cos(recon_vs_grl_p        ) = -0.016
      cos(recon_vs_aux          ) = +0.013
      cos(pr_vs_sid             ) = +0.000
      cos(pr_vs_grl             ) = +0.047
      cos(pr_vs_grl_p           ) = +0.000
      cos(pr_vs_aux             ) = -0.096  conflict
      cos(sid_vs_grl            ) = +0.000
      cos(sid_vs_grl_p          ) = -0.004
      cos(sid_vs_aux            ) = +0.000
      cos(grl_vs_grl_p          ) = +0.000
      cos(grl_vs_aux            ) = -0.085  conflict
      cos(grl_p_vs_aux          ) = +0.000
  step   5000/12000  recon=0.1650  pr=0.3944  sid=0.0490  grl=6.0879(acc=0.000)  grl_p=3.4600(per=1.000)  aux=0.1586(k=512,uniq=2684,uniqL/P/U=2684/0/0,selL/P/U=5478400/0/0)  dead=57.0%(2916,L/P/U=2916/0/0;new/rev=58/12;fired/b=1814.5)  L/P/U=4096/1024/0  actL/P/U=240/16/0  H=nan  Hu=nan  spec<.5=nan  marg=nan  lstd=nan  lr=7.01e-05
[dis_data] g2p_en loaded for OOV words
[dis_data] g2p_en loaded for OOV words
  [val] step=5000  recon=0.1653  pr=0.3737  | z_L PR=0.090 SID=0.026  | z_P PR=0.999 SID=0.998
  ✓ best checkpoint (disent=0.1186  PER=0.090 sid=0.998 grl_acc=0.026 grl_p_per=0.999) → /rds/user/bbg25/hpc-work/Thesis/Final-Proj/runs/blackwell_followups/libri_advfb_prrecover_validdead_adaptaux512_gn00015_240L16P_12k_s42/checkpoints/stage2_best.pt
  step   5100/12000  recon=0.1664  pr=0.3596  sid=0.0854  grl=5.4316(acc=0.125)  grl_p=3.4506(per=0.999)  aux=0.1550(k=512,uniq=2678,uniqL/P/U=2678/0/0,selL/P/U=4385792/0/0)  dead=57.9%(2963,L/P/U=2963/0/0;new/rev=53/6;fired/b=1798.4)  L/P/U=4096/1024/0  actL/P/U=240/16/0  H=nan  Hu=nan  spec<.5=nan  marg=nan  lstd=nan  lr=6.89e-05
[dis_data] g2p_en loaded for OOV words
[dis_data] g2p_en loaded for OOV words
  step   5200/12000  recon=0.1660  pr=0.3616  sid=0.0450  grl=8.0635(acc=0.000)  grl_p=3.4585(per=0.999)  aux=0.1516(k=512,uniq=2689,uniqL/P/U=2689/0/0,selL/P/U=5571072/0/0)  dead=58.8%(3009,L/P/U=3009/0/0;new/rev=48/2;fired/b=1780.2)  L/P/U=4096/1024/0  actL/P/U=240/16/0  H=nan  Hu=nan  spec<.5=nan  marg=nan  lstd=nan  lr=6.77e-05
  step   5300/12000  recon=0.1668  pr=0.3328  sid=0.0804  grl=6.8418(acc=0.062)  grl_p=3.4540(per=1.000)  aux=0.1524(k=512,uniq=2674,uniqL/P/U=2674/0/0,selL/P/U=5234176/0/0)  dead=59.4%(3042,L/P/U=3042/0/0;new/rev=46/13;fired/b=1762.5)  L/P/U=4096/1024/0  actL/P/U=240/16/0  H=nan  Hu=nan  spec<.5=nan  marg=nan  lstd=nan  lr=6.65e-05
  step   5400/12000  recon=0.1665  pr=0.4039  sid=0.0735  grl=6.3071(acc=0.000)  grl_p=3.4265(per=1.000)  aux=0.1467(k=512,uniq=2678,uniqL/P/U=2678/0/0,selL/P/U=5437440/0/0)  dead=59.8%(3062,L/P/U=3062/0/0;new/rev=29/9;fired/b=1747.7)  L/P/U=4096/1024/0  actL/P/U=240/16/0  H=nan  Hu=nan  spec<.5=nan  marg=nan  lstd=nan  lr=6.54e-05
  [grad_norms @5500]
    recon             |g|=0.27617  ratio=1.000x recon
    pr_raw            |g|=0.27880  ratio=1.010x recon
    pr_weighted       |g|=0.22304  ratio=0.808x recon
    sid_raw           |g|=1.75725  ratio=6.363x recon
    sid_weighted      |g|=1.05435  ratio=3.818x recon
    grl               |g|=3.81191  ratio=13.803x recon
    grl_p             |g|=0.42495  ratio=1.539x recon
    aux               |g|=0.00779  ratio=0.028x recon
    per-frame |dL/dz[t]|:  grl(z_L)=0.00015   grl_p(z_P)=0.00030   (grl_p/grl = 2.0x  <- pooled-vs-dense dilution)
    [grad_cos @5500]  shared=sae.enc_weight; cos<0 = conflict
      cos(recon_vs_pr           ) = +0.000
      cos(recon_vs_sid          ) = +0.025
      cos(recon_vs_grl          ) = -0.001
      cos(recon_vs_grl_p        ) = -0.042
      cos(recon_vs_aux          ) = +0.026
      cos(pr_vs_sid             ) = +0.000
      cos(pr_vs_grl             ) = +0.011
      cos(pr_vs_grl_p           ) = +0.000
      cos(pr_vs_aux             ) = -0.002
      cos(sid_vs_grl            ) = +0.000
      cos(sid_vs_grl_p          ) = +0.011
      cos(sid_vs_aux            ) = +0.000
      cos(grl_vs_grl_p          ) = +0.000
      cos(grl_vs_aux            ) = +0.020
      cos(grl_p_vs_aux          ) = +0.000
  step   5500/12000  recon=0.1689  pr=0.3814  sid=0.0802  grl=6.4521(acc=0.000)  grl_p=3.4118(per=0.999)  aux=0.1461(k=512,uniq=2684,uniqL/P/U=2684/0/0,selL/P/U=5103616/0/0)  dead=60.3%(3088,L/P/U=3088/0/0;new/rev=40/14;fired/b=1733.3)  L/P/U=4096/1024/0  actL/P/U=240/16/0  H=nan  Hu=nan  spec<.5=nan  marg=nan  lstd=nan  lr=6.42e-05
  step   5600/12000  recon=0.1723  pr=0.3792  sid=0.0429  grl=7.0742(acc=0.000)  grl_p=3.4193(per=0.997)  aux=0.1477(k=512,uniq=2649,uniqL/P/U=2649/0/0,selL/P/U=5591040/0/0)  dead=61.0%(3123,L/P/U=3123/0/0;new/rev=44/9;fired/b=1715.9)  L/P/U=4096/1024/0  actL/P/U=240/16/0  H=nan  Hu=nan  spec<.5=nan  marg=nan  lstd=nan  lr=6.29e-05
  step   5700/12000  recon=0.1683  pr=0.3149  sid=0.0596  grl=7.7930(acc=0.000)  grl_p=3.4773(per=1.000)  aux=0.1455(k=512,uniq=2614,uniqL/P/U=2614/0/0,selL/P/U=5435392/0/0)  dead=61.5%(3151,L/P/U=3151/0/0;new/rev=37/9;fired/b=1702.7)  L/P/U=4096/1024/0  actL/P/U=240/16/0  H=nan  Hu=nan  spec<.5=nan  marg=nan  lstd=nan  lr=6.17e-05
  step   5800/12000  recon=0.1724  pr=0.3387  sid=0.0337  grl=6.8823(acc=0.062)  grl_p=3.4640(per=1.000)  aux=0.1449(k=512,uniq=2675,uniqL/P/U=2675/0/0,selL/P/U=5463552/0/0)  dead=62.0%(3175,L/P/U=3175/0/0;new/rev=35/11;fired/b=1690.8)  L/P/U=4096/1024/0  actL/P/U=240/16/0  H=nan  Hu=nan  spec<.5=nan  marg=nan  lstd=nan  lr=6.05e-05
  step   5900/12000  recon=0.1720  pr=0.3784  sid=0.0447  grl=7.6240(acc=0.062)  grl_p=3.4653(per=1.000)  aux=0.1464(k=512,uniq=2591,uniqL/P/U=2591/0/0,selL/P/U=4726784/0/0)  dead=62.4%(3197,L/P/U=3197/0/0;new/rev=29/7;fired/b=1678.0)  L/P/U=4096/1024/0  actL/P/U=240/16/0  H=nan  Hu=nan  spec<.5=nan  marg=nan  lstd=nan  lr=5.93e-05
  [grad_norms @6000]
    recon             |g|=0.33322  ratio=1.000x recon
    pr_raw            |g|=0.36647  ratio=1.100x recon
    pr_weighted       |g|=0.29317  ratio=0.880x recon
    sid_raw           |g|=1.66362  ratio=4.992x recon
    sid_weighted      |g|=0.99817  ratio=2.995x recon
    grl               |g|=4.58293  ratio=13.753x recon
    grl_p             |g|=0.41847  ratio=1.256x recon
    aux               |g|=0.00930  ratio=0.028x recon
    per-frame |dL/dz[t]|:  grl(z_L)=0.00015   grl_p(z_P)=0.00030   (grl_p/grl = 2.0x  <- pooled-vs-dense dilution)
    [grad_cos @6000]  shared=sae.enc_weight; cos<0 = conflict
      cos(recon_vs_pr           ) = +0.006
      cos(recon_vs_sid          ) = +0.056  aligned
      cos(recon_vs_grl          ) = -0.000
      cos(recon_vs_grl_p        ) = -0.031
      cos(recon_vs_aux          ) = +0.055  aligned
      cos(pr_vs_sid             ) = +0.000
      cos(pr_vs_grl             ) = +0.040
      cos(pr_vs_grl_p           ) = +0.000
      cos(pr_vs_aux             ) = -0.040
      cos(sid_vs_grl            ) = +0.000
      cos(sid_vs_grl_p          ) = +0.014
      cos(sid_vs_aux            ) = +0.000
      cos(grl_vs_grl_p          ) = +0.000
      cos(grl_vs_aux            ) = -0.046
      cos(grl_p_vs_aux          ) = +0.000
  step   6000/12000  recon=0.1723  pr=0.3846  sid=0.0625  grl=5.6807(acc=0.062)  grl_p=3.4624(per=1.000)  aux=0.1415(k=512,uniq=2610,uniqL/P/U=2610/0/0,selL/P/U=4952576/0/0)  dead=62.7%(3209,L/P/U=3209/0/0;new/rev=24/12;fired/b=1667.9)  L/P/U=4096/1024/0  actL/P/U=240/16/0  H=nan  Hu=nan  spec<.5=nan  marg=nan  lstd=nan  lr=5.81e-05
[dis_data] g2p_en loaded for OOV words
[dis_data] g2p_en loaded for OOV words
  [val] step=6000  recon=0.1721  pr=0.3828  | z_L PR=0.094 SID=0.036  | z_P PR=1.000 SID=1.000
  step   6100/12000  recon=0.1725  pr=0.3839  sid=0.0367  grl=6.4082(acc=0.062)  grl_p=3.5109(per=1.000)  aux=0.1415(k=512,uniq=2606,uniqL/P/U=2606/0/0,selL/P/U=4879872/0/0)  dead=63.0%(3224,L/P/U=3224/0/0;new/rev=24/9;fired/b=1656.6)  L/P/U=4096/1024/0  actL/P/U=240/16/0  H=nan  Hu=nan  spec<.5=nan  marg=nan  lstd=nan  lr=5.68e-05
  step   6200/12000  recon=0.1726  pr=0.3307  sid=0.0672  grl=5.5596(acc=0.062)  grl_p=3.4217(per=1.000)  aux=0.1381(k=512,uniq=2580,uniqL/P/U=2580/0/0,selL/P/U=5086720/0/0)  dead=63.3%(3239,L/P/U=3239/0/0;new/rev=20/5;fired/b=1646.9)  L/P/U=4096/1024/0  actL/P/U=240/16/0  H=nan  Hu=nan  spec<.5=nan  marg=nan  lstd=nan  lr=5.56e-05
  step   6300/12000  recon=0.1726  pr=0.3270  sid=0.0425  grl=6.7236(acc=0.000)  grl_p=3.4795(per=1.000)  aux=0.1381(k=512,uniq=2577,uniqL/P/U=2577/0/0,selL/P/U=4817920/0/0)  dead=63.5%(3253,L/P/U=3253/0/0;new/rev=25/11;fired/b=1638.7)  L/P/U=4096/1024/0  actL/P/U=240/16/0  H=nan  Hu=nan  spec<.5=nan  marg=nan  lstd=nan  lr=5.44e-05
  step   6400/12000  recon=0.1732  pr=0.3812  sid=0.0857  grl=6.3474(acc=0.062)  grl_p=3.4045(per=1.000)  aux=0.1396(k=512,uniq=2627,uniqL/P/U=2627/0/0,selL/P/U=5281792/0/0)  dead=64.1%(3280,L/P/U=3280/0/0;new/rev=33/6;fired/b=1628.8)  L/P/U=4096/1024/0  actL/P/U=240/16/0  H=nan  Hu=nan  spec<.5=nan  marg=nan  lstd=nan  lr=5.32e-05
  [grad_norms @6500]
    recon             |g|=0.31984  ratio=1.000x recon
    pr_raw            |g|=0.41075  ratio=1.284x recon
    pr_weighted       |g|=0.32860  ratio=1.027x recon
    sid_raw           |g|=3.82207  ratio=11.950x recon
    sid_weighted      |g|=2.29324  ratio=7.170x recon
    grl               |g|=3.99915  ratio=12.504x recon
    grl_p             |g|=0.38459  ratio=1.202x recon
    aux               |g|=0.01072  ratio=0.034x recon
    per-frame |dL/dz[t]|:  grl(z_L)=0.00015   grl_p(z_P)=0.00029   (grl_p/grl = 1.9x  <- pooled-vs-dense dilution)
    [grad_cos @6500]  shared=sae.enc_weight; cos<0 = conflict
      cos(recon_vs_pr           ) = +0.002
      cos(recon_vs_sid          ) = +0.053  aligned
      cos(recon_vs_grl          ) = -0.005
      cos(recon_vs_grl_p        ) = -0.030
      cos(recon_vs_aux          ) = +0.062  aligned
      cos(pr_vs_sid             ) = +0.000
      cos(pr_vs_grl             ) = -0.001
      cos(pr_vs_grl_p           ) = +0.000
      cos(pr_vs_aux             ) = -0.035
      cos(sid_vs_grl            ) = +0.000
      cos(sid_vs_grl_p          ) = -0.016
      cos(sid_vs_aux            ) = +0.000
      cos(grl_vs_grl_p          ) = +0.000
      cos(grl_vs_aux            ) = +0.027
      cos(grl_p_vs_aux          ) = +0.000
  step   6500/12000  recon=0.1760  pr=0.3706  sid=0.1583  grl=7.7773(acc=0.000)  grl_p=3.4337(per=1.000)  aux=0.1400(k=512,uniq=2593,uniqL/P/U=2593/0/0,selL/P/U=4997632/0/0)  dead=64.2%(3288,L/P/U=3288/0/0;new/rev=20/12;fired/b=1618.8)  L/P/U=4096/1024/0  actL/P/U=240/16/0  H=nan  Hu=nan  spec<.5=nan  marg=nan  lstd=nan  lr=5.19e-05
  step   6600/12000  recon=0.1746  pr=0.3940  sid=0.0322  grl=7.0635(acc=0.000)  grl_p=3.4782(per=1.000)  aux=0.1391(k=512,uniq=2594,uniqL/P/U=2594/0/0,selL/P/U=4838400/0/0)  dead=64.6%(3305,L/P/U=3305/0/0;new/rev=23/6;fired/b=1614.6)  L/P/U=4096/1024/0  actL/P/U=240/16/0  H=nan  Hu=nan  spec<.5=nan  marg=nan  lstd=nan  lr=5.07e-05
  step   6700/12000  recon=0.1737  pr=0.4296  sid=0.0345  grl=6.3994(acc=0.000)  grl_p=3.5042(per=1.000)  aux=0.1365(k=512,uniq=2661,uniqL/P/U=2661/0/0,selL/P/U=5583360/0/0)  dead=64.8%(3318,L/P/U=3318/0/0;new/rev=15/2;fired/b=1609.3)  L/P/U=4096/1024/0  actL/P/U=240/16/0  H=nan  Hu=nan  spec<.5=nan  marg=nan  lstd=nan  lr=4.95e-05
  step   6800/12000  recon=0.1772  pr=0.3392  sid=0.0514  grl=5.9307(acc=0.000)  grl_p=3.4776(per=1.000)  aux=0.1371(k=512,uniq=2595,uniqL/P/U=2595/0/0,selL/P/U=5035520/0/0)  dead=65.1%(3335,L/P/U=3335/0/0;new/rev=22/5;fired/b=1599.7)  L/P/U=4096/1024/0  actL/P/U=240/16/0  H=nan  Hu=nan  spec<.5=nan  marg=nan  lstd=nan  lr=4.83e-05
[dis_data] g2p_en loaded for OOV words
[dis_data] g2p_en loaded for OOV words
  step   6900/12000  recon=0.1736  pr=0.3075  sid=0.0223  grl=6.6582(acc=0.000)  grl_p=3.4463(per=1.000)  aux=0.1370(k=512,uniq=2573,uniqL/P/U=2573/0/0,selL/P/U=5542400/0/0)  dead=65.2%(3339,L/P/U=3339/0/0;new/rev=15/11;fired/b=1592.8)  L/P/U=4096/1024/0  actL/P/U=240/16/0  H=nan  Hu=nan  spec<.5=nan  marg=nan  lstd=nan  lr=4.71e-05
  [grad_norms @7000]
    recon             |g|=0.36180  ratio=1.000x recon
    pr_raw            |g|=0.31241  ratio=0.863x recon
    pr_weighted       |g|=0.24993  ratio=0.691x recon
    sid_raw           |g|=1.72057  ratio=4.756x recon
    sid_weighted      |g|=1.03234  ratio=2.853x recon
    grl               |g|=4.55633  ratio=12.593x recon
    grl_p             |g|=0.48409  ratio=1.338x recon
    aux               |g|=0.00996  ratio=0.028x recon
    per-frame |dL/dz[t]|:  grl(z_L)=0.00015   grl_p(z_P)=0.00037   (grl_p/grl = 2.4x  <- pooled-vs-dense dilution)
    [grad_cos @7000]  shared=sae.enc_weight; cos<0 = conflict
      cos(recon_vs_pr           ) = +0.001
      cos(recon_vs_sid          ) = +0.055  aligned
      cos(recon_vs_grl          ) = -0.008
      cos(recon_vs_grl_p        ) = -0.025
      cos(recon_vs_aux          ) = +0.067  aligned
      cos(pr_vs_sid             ) = +0.000
      cos(pr_vs_grl             ) = +0.017
      cos(pr_vs_grl_p           ) = +0.000
      cos(pr_vs_aux             ) = +0.008
      cos(sid_vs_grl            ) = +0.000
      cos(sid_vs_grl_p          ) = -0.009
      cos(sid_vs_aux            ) = +0.000
      cos(grl_vs_grl_p          ) = +0.000
      cos(grl_vs_aux            ) = +0.061  aligned
      cos(grl_p_vs_aux          ) = +0.000
  step   7000/12000  recon=0.1783  pr=0.4118  sid=0.0638  grl=6.8916(acc=0.000)  grl_p=3.5031(per=1.000)  aux=0.1351(k=512,uniq=2553,uniqL/P/U=2553/0/0,selL/P/U=4038656/0/0)  dead=65.3%(3341,L/P/U=3341/0/0;new/rev=9/7;fired/b=1586.5)  L/P/U=4096/1024/0  actL/P/U=240/16/0  H=nan  Hu=nan  spec<.5=nan  marg=nan  lstd=nan  lr=4.58e-05
[dis_data] g2p_en loaded for OOV words
[dis_data] g2p_en loaded for OOV words
  [val] step=7000  recon=0.1763  pr=0.3910  | z_L PR=0.096 SID=0.010  | z_P PR=1.000 SID=1.000
  ✓ best checkpoint (disent=0.1059  PER=0.096 sid=1.000 grl_acc=0.010 grl_p_per=1.000) → /rds/user/bbg25/hpc-work/Thesis/Final-Proj/runs/blackwell_followups/libri_advfb_prrecover_validdead_adaptaux512_gn00015_240L16P_12k_s42/checkpoints/stage2_best.pt
  step   7100/12000  recon=0.1776  pr=0.3607  sid=0.0606  grl=5.9336(acc=0.000)  grl_p=3.4955(per=0.999)  aux=0.1364(k=512,uniq=2590,uniqL/P/U=2590/0/0,selL/P/U=5036544/0/0)  dead=65.5%(3354,L/P/U=3354/0/0;new/rev=23/10;fired/b=1578.5)  L/P/U=4096/1024/0  actL/P/U=240/16/0  H=nan  Hu=nan  spec<.5=nan  marg=nan  lstd=nan  lr=4.46e-05
  step   7200/12000  recon=0.1780  pr=0.3010  sid=0.0331  grl=5.9307(acc=0.062)  grl_p=3.4825(per=1.000)  aux=0.1366(k=512,uniq=2560,uniqL/P/U=2560/0/0,selL/P/U=4514304/0/0)  dead=65.7%(3366,L/P/U=3366/0/0;new/rev=20/8;fired/b=1572.8)  L/P/U=4096/1024/0  actL/P/U=240/16/0  H=nan  Hu=nan  spec<.5=nan  marg=nan  lstd=nan  lr=4.35e-05
  step   7300/12000  recon=0.1761  pr=0.3981  sid=0.0572  grl=6.8418(acc=0.000)  grl_p=3.4382(per=1.000)  aux=0.1343(k=512,uniq=2627,uniqL/P/U=2627/0/0,selL/P/U=5305344/0/0)  dead=66.0%(3380,L/P/U=3380/0/0;new/rev=17/3;fired/b=1569.3)  L/P/U=4096/1024/0  actL/P/U=240/16/0  H=nan  Hu=nan  spec<.5=nan  marg=nan  lstd=nan  lr=4.23e-05
  step   7400/12000  recon=0.1759  pr=0.3220  sid=0.0187  grl=5.5332(acc=0.000)  grl_p=3.4734(per=1.000)  aux=0.1325(k=512,uniq=2648,uniqL/P/U=2648/0/0,selL/P/U=4967936/0/0)  dead=66.1%(3385,L/P/U=3385/0/0;new/rev=14/9;fired/b=1562.4)  L/P/U=4096/1024/0  actL/P/U=240/16/0  H=nan  Hu=nan  spec<.5=nan  marg=nan  lstd=nan  lr=4.11e-05
  [grad_norms @7500]
    recon             |g|=0.34848  ratio=1.000x recon
    pr_raw            |g|=0.31290  ratio=0.898x recon
    pr_weighted       |g|=0.25032  ratio=0.718x recon
    sid_raw           |g|=1.17715  ratio=3.378x recon
    sid_weighted      |g|=0.70629  ratio=2.027x recon
    grl               |g|=4.47978  ratio=12.855x recon
    grl_p             |g|=0.40263  ratio=1.155x recon
    aux               |g|=0.01003  ratio=0.029x recon
    per-frame |dL/dz[t]|:  grl(z_L)=0.00015   grl_p(z_P)=0.00029   (grl_p/grl = 1.9x  <- pooled-vs-dense dilution)
    [grad_cos @7500]  shared=sae.enc_weight; cos<0 = conflict
      cos(recon_vs_pr           ) = +0.002
      cos(recon_vs_sid          ) = +0.021
      cos(recon_vs_grl          ) = +0.002
      cos(recon_vs_grl_p        ) = -0.025
      cos(recon_vs_aux          ) = +0.063  aligned
      cos(pr_vs_sid             ) = +0.000
      cos(pr_vs_grl             ) = -0.009
      cos(pr_vs_grl_p           ) = +0.000
      cos(pr_vs_aux             ) = -0.024
      cos(sid_vs_grl            ) = +0.000
      cos(sid_vs_grl_p          ) = +0.003
      cos(sid_vs_aux            ) = +0.000
      cos(grl_vs_grl_p          ) = +0.000
      cos(grl_vs_aux            ) = -0.025
      cos(grl_p_vs_aux          ) = +0.000
  step   7500/12000  recon=0.1787  pr=0.4229  sid=0.0412  grl=5.9912(acc=0.062)  grl_p=3.4993(per=1.000)  aux=0.1347(k=512,uniq=2600,uniqL/P/U=2600/0/0,selL/P/U=5211136/0/0)  dead=66.2%(3392,L/P/U=3392/0/0;new/rev=15/8;fired/b=1560.1)  L/P/U=4096/1024/0  actL/P/U=240/16/0  H=nan  Hu=nan  spec<.5=nan  marg=nan  lstd=nan  lr=3.99e-05
  step   7600/12000  recon=0.1776  pr=0.3576  sid=0.0195  grl=6.7412(acc=0.000)  grl_p=3.4993(per=1.000)  aux=0.1341(k=512,uniq=2601,uniqL/P/U=2601/0/0,selL/P/U=5176320/0/0)  dead=66.4%(3400,L/P/U=3400/0/0;new/rev=16/8;fired/b=1553.7)  L/P/U=4096/1024/0  actL/P/U=240/16/0  H=nan  Hu=nan  spec<.5=nan  marg=nan  lstd=nan  lr=3.88e-05
  step   7700/12000  recon=0.1778  pr=0.3625  sid=0.0227  grl=6.2031(acc=0.000)  grl_p=3.4358(per=1.000)  aux=0.1340(k=512,uniq=2561,uniqL/P/U=2561/0/0,selL/P/U=5857280/0/0)  dead=66.6%(3408,L/P/U=3408/0/0;new/rev=19/11;fired/b=1550.4)  L/P/U=4096/1024/0  actL/P/U=240/16/0  H=nan  Hu=nan  spec<.5=nan  marg=nan  lstd=nan  lr=3.76e-05
  step   7800/12000  recon=0.1773  pr=0.4015  sid=0.0258  grl=6.3184(acc=0.000)  grl_p=3.5008(per=1.000)  aux=0.1329(k=512,uniq=2535,uniqL/P/U=2535/0/0,selL/P/U=5255168/0/0)  dead=66.8%(3419,L/P/U=3419/0/0;new/rev=15/4;fired/b=1547.5)  L/P/U=4096/1024/0  actL/P/U=240/16/0  H=nan  Hu=nan  spec<.5=nan  marg=nan  lstd=nan  lr=3.65e-05
  step   7900/12000  recon=0.1790  pr=0.4602  sid=0.0259  grl=6.0391(acc=0.000)  grl_p=3.4773(per=1.000)  aux=0.1355(k=512,uniq=2581,uniqL/P/U=2581/0/0,selL/P/U=5514240/0/0)  dead=67.0%(3429,L/P/U=3429/0/0;new/rev=13/3;fired/b=1544.2)  L/P/U=4096/1024/0  actL/P/U=240/16/0  H=nan  Hu=nan  spec<.5=nan  marg=nan  lstd=nan  lr=3.54e-05
  [grad_norms @8000]
    recon             |g|=0.31258  ratio=1.000x recon
    pr_raw            |g|=0.54522  ratio=1.744x recon
    pr_weighted       |g|=0.43617  ratio=1.395x recon
    sid_raw           |g|=0.86797  ratio=2.777x recon
    sid_weighted      |g|=0.52078  ratio=1.666x recon
    grl               |g|=3.55279  ratio=11.366x recon
    grl_p             |g|=0.59596  ratio=1.907x recon
    aux               |g|=0.00932  ratio=0.030x recon
    per-frame |dL/dz[t]|:  grl(z_L)=0.00015   grl_p(z_P)=0.00031   (grl_p/grl = 2.1x  <- pooled-vs-dense dilution)
    [grad_cos @8000]  shared=sae.enc_weight; cos<0 = conflict
      cos(recon_vs_pr           ) = +0.003
      cos(recon_vs_sid          ) = +0.037
      cos(recon_vs_grl          ) = -0.000
      cos(recon_vs_grl_p        ) = -0.027
      cos(recon_vs_aux          ) = +0.060  aligned
      cos(pr_vs_sid             ) = +0.000
      cos(pr_vs_grl             ) = -0.001
      cos(pr_vs_grl_p           ) = +0.000
      cos(pr_vs_aux             ) = -0.016
      cos(sid_vs_grl            ) = +0.000
      cos(sid_vs_grl_p          ) = -0.040
      cos(sid_vs_aux            ) = +0.000
      cos(grl_vs_grl_p          ) = +0.000
      cos(grl_vs_aux            ) = +0.007
      cos(grl_p_vs_aux          ) = +0.000
  step   8000/12000  recon=0.1799  pr=0.5915  sid=0.0295  grl=5.9453(acc=0.062)  grl_p=3.5360(per=1.000)  aux=0.1333(k=512,uniq=2508,uniqL/P/U=2508/0/0,selL/P/U=4705792/0/0)  dead=67.0%(3428,L/P/U=3428/0/0;new/rev=11/12;fired/b=1540.9)  L/P/U=4096/1024/0  actL/P/U=240/16/0  H=nan  Hu=nan  spec<.5=nan  marg=nan  lstd=nan  lr=3.43e-05
[dis_data] g2p_en loaded for OOV words
[dis_data] g2p_en loaded for OOV words
  [val] step=8000  recon=0.1784  pr=0.3978  | z_L PR=0.100 SID=0.010  | z_P PR=1.000 SID=1.000
  step   8100/12000  recon=0.1808  pr=0.3866  sid=0.0264  grl=6.0869(acc=0.000)  grl_p=3.4894(per=1.000)  aux=0.1380(k=512,uniq=2523,uniqL/P/U=2523/0/0,selL/P/U=4752384/0/0)  dead=67.1%(3435,L/P/U=3435/0/0;new/rev=12/5;fired/b=1537.3)  L/P/U=4096/1024/0  actL/P/U=240/16/0  H=nan  Hu=nan  spec<.5=nan  marg=nan  lstd=nan  lr=3.32e-05
  step   8200/12000  recon=0.1789  pr=0.3373  sid=0.0319  grl=6.0186(acc=0.000)  grl_p=3.4538(per=0.999)  aux=0.1343(k=512,uniq=2535,uniqL/P/U=2535/0/0,selL/P/U=5077504/0/0)  dead=67.2%(3443,L/P/U=3443/0/0;new/rev=15/7;fired/b=1535.0)  L/P/U=4096/1024/0  actL/P/U=240/16/0  H=nan  Hu=nan  spec<.5=nan  marg=nan  lstd=nan  lr=3.21e-05
  step   8300/12000  recon=0.1764  pr=0.3880  sid=0.0356  grl=5.9561(acc=0.062)  grl_p=3.4551(per=1.000)  aux=0.1330(k=512,uniq=2548,uniqL/P/U=2548/0/0,selL/P/U=5261312/0/0)  dead=67.3%(3446,L/P/U=3446/0/0;new/rev=9/6;fired/b=1530.8)  L/P/U=4096/1024/0  actL/P/U=240/16/0  H=nan  Hu=nan  spec<.5=nan  marg=nan  lstd=nan  lr=3.11e-05
  step   8400/12000  recon=0.1793  pr=0.3592  sid=0.0180  grl=6.3145(acc=0.000)  grl_p=3.4357(per=1.000)  aux=0.1326(k=512,uniq=2559,uniqL/P/U=2559/0/0,selL/P/U=5419008/0/0)  dead=67.3%(3444,L/P/U=3444/0/0;new/rev=9/11;fired/b=1528.4)  L/P/U=4096/1024/0  actL/P/U=240/16/0  H=nan  Hu=nan  spec<.5=nan  marg=nan  lstd=nan  lr=3.01e-05
  [grad_norms @8500]
    recon             |g|=0.30956  ratio=1.000x recon
    pr_raw            |g|=0.31780  ratio=1.027x recon
    pr_weighted       |g|=0.25424  ratio=0.821x recon
    sid_raw           |g|=0.72527  ratio=2.343x recon
    sid_weighted      |g|=0.43516  ratio=1.406x recon
    grl               |g|=5.35154  ratio=17.287x recon
    grl_p             |g|=0.38971  ratio=1.259x recon
    aux               |g|=0.00990  ratio=0.032x recon
    per-frame |dL/dz[t]|:  grl(z_L)=0.00015   grl_p(z_P)=0.00029   (grl_p/grl = 1.9x  <- pooled-vs-dense dilution)
    [grad_cos @8500]  shared=sae.enc_weight; cos<0 = conflict
      cos(recon_vs_pr           ) = +0.004
      cos(recon_vs_sid          ) = +0.046
      cos(recon_vs_grl          ) = +0.005
      cos(recon_vs_grl_p        ) = -0.029
      cos(recon_vs_aux          ) = +0.048
      cos(pr_vs_sid             ) = +0.000
      cos(pr_vs_grl             ) = +0.024
      cos(pr_vs_grl_p           ) = +0.000
      cos(pr_vs_aux             ) = -0.024
      cos(sid_vs_grl            ) = +0.000
      cos(sid_vs_grl_p          ) = -0.002
      cos(sid_vs_aux            ) = +0.000
      cos(grl_vs_grl_p          ) = +0.000
      cos(grl_vs_aux            ) = -0.043
      cos(grl_p_vs_aux          ) = +0.000
  step   8500/12000  recon=0.1776  pr=0.3249  sid=0.0177  grl=5.7295(acc=0.000)  grl_p=3.4864(per=1.000)  aux=0.1347(k=512,uniq=2536,uniqL/P/U=2536/0/0,selL/P/U=5158912/0/0)  dead=67.4%(3452,L/P/U=3452/0/0;new/rev=16/8;fired/b=1527.5)  L/P/U=4096/1024/0  actL/P/U=240/16/0  H=nan  Hu=nan  spec<.5=nan  marg=nan  lstd=nan  lr=2.90e-05
  step   8600/12000  recon=0.1779  pr=0.4352  sid=0.0172  grl=5.6562(acc=0.000)  grl_p=3.4359(per=1.000)  aux=0.1352(k=512,uniq=2564,uniqL/P/U=2564/0/0,selL/P/U=4612096/0/0)  dead=67.5%(3454,L/P/U=3454/0/0;new/rev=12/10;fired/b=1525.2)  L/P/U=4096/1024/0  actL/P/U=240/16/0  H=nan  Hu=nan  spec<.5=nan  marg=nan  lstd=nan  lr=2.81e-05
[dis_data] g2p_en loaded for OOV words
[dis_data] g2p_en loaded for OOV words
  step   8700/12000  recon=0.1790  pr=0.3852  sid=0.0198  grl=6.4951(acc=0.000)  grl_p=3.4783(per=1.000)  aux=0.1306(k=512,uniq=2554,uniqL/P/U=2554/0/0,selL/P/U=5145600/0/0)  dead=67.6%(3461,L/P/U=3461/0/0;new/rev=15/8;fired/b=1523.8)  L/P/U=4096/1024/0  actL/P/U=240/16/0  H=nan  Hu=nan  spec<.5=nan  marg=nan  lstd=nan  lr=2.71e-05
  step   8800/12000  recon=0.1808  pr=0.3901  sid=0.0229  grl=6.1035(acc=0.125)  grl_p=3.4262(per=0.999)  aux=0.1333(k=512,uniq=2505,uniqL/P/U=2505/0/0,selL/P/U=4425728/0/0)  dead=67.6%(3462,L/P/U=3462/0/0;new/rev=9/8;fired/b=1522.2)  L/P/U=4096/1024/0  actL/P/U=240/16/0  H=nan  Hu=nan  spec<.5=nan  marg=nan  lstd=nan  lr=2.61e-05
  step   8900/12000  recon=0.1781  pr=0.3090  sid=0.0119  grl=5.9287(acc=0.000)  grl_p=3.4189(per=1.000)  aux=0.1330(k=512,uniq=2569,uniqL/P/U=2569/0/0,selL/P/U=5605888/0/0)  dead=67.8%(3469,L/P/U=3469/0/0;new/rev=11/4;fired/b=1520.7)  L/P/U=4096/1024/0  actL/P/U=240/16/0  H=nan  Hu=nan  spec<.5=nan  marg=nan  lstd=nan  lr=2.52e-05
  [grad_norms @9000]
    recon             |g|=0.30476  ratio=1.000x recon
    pr_raw            |g|=0.24200  ratio=0.794x recon
    pr_weighted       |g|=0.19360  ratio=0.635x recon
    sid_raw           |g|=1.46328  ratio=4.801x recon
    sid_weighted      |g|=0.87797  ratio=2.881x recon
    grl               |g|=3.99054  ratio=13.094x recon
    grl_p             |g|=0.35205  ratio=1.155x recon
    aux               |g|=0.00899  ratio=0.030x recon
    per-frame |dL/dz[t]|:  grl(z_L)=0.00015   grl_p(z_P)=0.00025   (grl_p/grl = 1.7x  <- pooled-vs-dense dilution)
    [grad_cos @9000]  shared=sae.enc_weight; cos<0 = conflict
      cos(recon_vs_pr           ) = +0.001
      cos(recon_vs_sid          ) = +0.009
      cos(recon_vs_grl          ) = -0.000
      cos(recon_vs_grl_p        ) = -0.037
      cos(recon_vs_aux          ) = +0.060  aligned
      cos(pr_vs_sid             ) = +0.000
      cos(pr_vs_grl             ) = -0.004
      cos(pr_vs_grl_p           ) = +0.000
      cos(pr_vs_aux             ) = -0.013
      cos(sid_vs_grl            ) = +0.000
      cos(sid_vs_grl_p          ) = -0.012
      cos(sid_vs_aux            ) = +0.000
      cos(grl_vs_grl_p          ) = +0.000
      cos(grl_vs_aux            ) = +0.013
      cos(grl_p_vs_aux          ) = +0.000
  step   9000/12000  recon=0.1782  pr=0.3489  sid=0.0349  grl=5.4697(acc=0.000)  grl_p=3.4578(per=1.000)  aux=0.1302(k=512,uniq=2642,uniqL/P/U=2642/0/0,selL/P/U=5916672/0/0)  dead=67.7%(3464,L/P/U=3464/0/0;new/rev=9/14;fired/b=1519.6)  L/P/U=4096/1024/0  actL/P/U=240/16/0  H=nan  Hu=nan  spec<.5=nan  marg=nan  lstd=nan  lr=2.43e-05
[dis_data] g2p_en loaded for OOV words
[dis_data] g2p_en loaded for OOV words
  [val] step=9000  recon=0.1793  pr=0.4050  | z_L PR=0.100 SID=0.022  | z_P PR=1.000 SID=1.000
  step   9100/12000  recon=0.1803  pr=0.3886  sid=0.0197  grl=6.2529(acc=0.000)  grl_p=3.4124(per=1.000)  aux=0.1324(k=512,uniq=2596,uniqL/P/U=2596/0/0,selL/P/U=5106688/0/0)  dead=67.8%(3470,L/P/U=3470/0/0;new/rev=16/10;fired/b=1519.7)  L/P/U=4096/1024/0  actL/P/U=240/16/0  H=nan  Hu=nan  spec<.5=nan  marg=nan  lstd=nan  lr=2.34e-05
  step   9200/12000  recon=0.1794  pr=0.4804  sid=0.0200  grl=5.6943(acc=0.000)  grl_p=3.5095(per=1.000)  aux=0.1305(k=512,uniq=2564,uniqL/P/U=2564/0/0,selL/P/U=4584960/0/0)  dead=67.8%(3471,L/P/U=3471/0/0;new/rev=4/3;fired/b=1517.2)  L/P/U=4096/1024/0  actL/P/U=240/16/0  H=nan  Hu=nan  spec<.5=nan  marg=nan  lstd=nan  lr=2.25e-05
  step   9300/12000  recon=0.1789  pr=0.3368  sid=0.0085  grl=5.6797(acc=0.000)  grl_p=3.4613(per=0.999)  aux=0.1302(k=512,uniq=2562,uniqL/P/U=2562/0/0,selL/P/U=5459456/0/0)  dead=67.9%(3476,L/P/U=3476/0/0;new/rev=14/9;fired/b=1515.3)  L/P/U=4096/1024/0  actL/P/U=240/16/0  H=nan  Hu=nan  spec<.5=nan  marg=nan  lstd=nan  lr=2.17e-05
  step   9400/12000  recon=0.1814  pr=0.3181  sid=0.0167  grl=5.3848(acc=0.000)  grl_p=3.4746(per=1.000)  aux=0.1331(k=512,uniq=2618,uniqL/P/U=2618/0/0,selL/P/U=5276672/0/0)  dead=67.9%(3474,L/P/U=3474/0/0;new/rev=8/10;fired/b=1515.1)  L/P/U=4096/1024/0  actL/P/U=240/16/0  H=nan  Hu=nan  spec<.5=nan  marg=nan  lstd=nan  lr=2.09e-05
  [grad_norms @9500]
    recon             |g|=0.32570  ratio=1.000x recon
    pr_raw            |g|=0.30487  ratio=0.936x recon
    pr_weighted       |g|=0.24390  ratio=0.749x recon
    sid_raw           |g|=0.38666  ratio=1.187x recon
    sid_weighted      |g|=0.23199  ratio=0.712x recon
    grl               |g|=3.83564  ratio=11.777x recon
    grl_p             |g|=0.48960  ratio=1.503x recon
    aux               |g|=0.00860  ratio=0.026x recon
    per-frame |dL/dz[t]|:  grl(z_L)=0.00015   grl_p(z_P)=0.00031   (grl_p/grl = 2.1x  <- pooled-vs-dense dilution)
    [grad_cos @9500]  shared=sae.enc_weight; cos<0 = conflict
      cos(recon_vs_pr           ) = +0.003
      cos(recon_vs_sid          ) = +0.029
      cos(recon_vs_grl          ) = -0.004
      cos(recon_vs_grl_p        ) = -0.009
      cos(recon_vs_aux          ) = +0.059  aligned
      cos(pr_vs_sid             ) = +0.000
      cos(pr_vs_grl             ) = -0.014
      cos(pr_vs_grl_p           ) = +0.000
      cos(pr_vs_aux             ) = -0.016
      cos(sid_vs_grl            ) = +0.000
      cos(sid_vs_grl_p          ) = +0.034
      cos(sid_vs_aux            ) = +0.000
      cos(grl_vs_grl_p          ) = +0.000
      cos(grl_vs_aux            ) = -0.011
      cos(grl_p_vs_aux          ) = +0.000
  step   9500/12000  recon=0.1800  pr=0.3858  sid=0.0119  grl=5.9170(acc=0.000)  grl_p=3.4563(per=1.000)  aux=0.1298(k=512,uniq=2600,uniqL/P/U=2600/0/0,selL/P/U=5036544/0/0)  dead=67.7%(3467,L/P/U=3467/0/0;new/rev=5/12;fired/b=1513.3)  L/P/U=4096/1024/0  actL/P/U=240/16/0  H=nan  Hu=nan  spec<.5=nan  marg=nan  lstd=nan  lr=2.01e-05
  step   9600/12000  recon=0.1790  pr=0.4391  sid=0.0214  grl=5.7021(acc=0.000)  grl_p=3.4859(per=1.000)  aux=0.1307(k=512,uniq=2547,uniqL/P/U=2547/0/0,selL/P/U=5520896/0/0)  dead=67.9%(3475,L/P/U=3475/0/0;new/rev=13/5;fired/b=1513.1)  L/P/U=4096/1024/0  actL/P/U=240/16/0  H=nan  Hu=nan  spec<.5=nan  marg=nan  lstd=nan  lr=1.93e-05
  step   9700/12000  recon=0.1782  pr=0.3439  sid=0.0169  grl=6.0215(acc=0.000)  grl_p=3.4472(per=1.000)  aux=0.1297(k=512,uniq=2593,uniqL/P/U=2593/0/0,selL/P/U=5006848/0/0)  dead=68.0%(3481,L/P/U=3481/0/0;new/rev=13/7;fired/b=1511.2)  L/P/U=4096/1024/0  actL/P/U=240/16/0  H=nan  Hu=nan  spec<.5=nan  marg=nan  lstd=nan  lr=1.86e-05
  step   9800/12000  recon=0.1799  pr=0.3926  sid=0.0092  grl=5.5566(acc=0.000)  grl_p=3.4227(per=1.000)  aux=0.1322(k=512,uniq=2533,uniqL/P/U=2533/0/0,selL/P/U=5232128/0/0)  dead=68.1%(3489,L/P/U=3489/0/0;new/rev=14/6;fired/b=1510.1)  L/P/U=4096/1024/0  actL/P/U=240/16/0  H=nan  Hu=nan  spec<.5=nan  marg=nan  lstd=nan  lr=1.79e-05
  step   9900/12000  recon=0.1816  pr=0.3561  sid=0.0107  grl=5.9023(acc=0.000)  grl_p=3.4683(per=1.000)  aux=0.1338(k=512,uniq=2549,uniqL/P/U=2549/0/0,selL/P/U=5713408/0/0)  dead=68.1%(3489,L/P/U=3489/0/0;new/rev=15/15;fired/b=1511.0)  L/P/U=4096/1024/0  actL/P/U=240/16/0  H=nan  Hu=nan  spec<.5=nan  marg=nan  lstd=nan  lr=1.72e-05
  [grad_norms @10000]
    recon             |g|=0.30898  ratio=1.000x recon
    pr_raw            |g|=0.37262  ratio=1.206x recon
    pr_weighted       |g|=0.29810  ratio=0.965x recon
    sid_raw           |g|=0.23093  ratio=0.747x recon
    sid_weighted      |g|=0.13856  ratio=0.448x recon
    grl               |g|=5.34249  ratio=17.291x recon
    grl_p             |g|=0.34730  ratio=1.124x recon
    aux               |g|=0.00867  ratio=0.028x recon
    per-frame |dL/dz[t]|:  grl(z_L)=0.00015   grl_p(z_P)=0.00027   (grl_p/grl = 1.8x  <- pooled-vs-dense dilution)
    [grad_cos @10000]  shared=sae.enc_weight; cos<0 = conflict
      cos(recon_vs_pr           ) = +0.001
      cos(recon_vs_sid          ) = +0.048
      cos(recon_vs_grl          ) = -0.005
      cos(recon_vs_grl_p        ) = -0.030
      cos(recon_vs_aux          ) = +0.049
      cos(pr_vs_sid             ) = +0.000
      cos(pr_vs_grl             ) = +0.042
      cos(pr_vs_grl_p           ) = +0.000
      cos(pr_vs_aux             ) = +0.029
      cos(sid_vs_grl            ) = +0.000
      cos(sid_vs_grl_p          ) = +0.006
      cos(sid_vs_aux            ) = +0.000
      cos(grl_vs_grl_p          ) = +0.000
      cos(grl_vs_aux            ) = -0.002
      cos(grl_p_vs_aux          ) = +0.000
  step  10000/12000  recon=0.1804  pr=0.3227  sid=0.0083  grl=5.6113(acc=0.000)  grl_p=3.4607(per=1.000)  aux=0.1299(k=512,uniq=2614,uniqL/P/U=2614/0/0,selL/P/U=5239296/0/0)  dead=68.0%(3483,L/P/U=3483/0/0;new/rev=4/10;fired/b=1510.3)  L/P/U=4096/1024/0  actL/P/U=240/16/0  H=nan  Hu=nan  spec<.5=nan  marg=nan  lstd=nan  lr=1.66e-05
[dis_data] g2p_en loaded for OOV words
[dis_data] g2p_en loaded for OOV words
  [val] step=10000  recon=0.1793  pr=0.4069  | z_L PR=0.104 SID=0.018  | z_P PR=1.000 SID=1.000
  step  10100/12000  recon=0.1776  pr=0.4026  sid=0.0125  grl=5.5107(acc=0.000)  grl_p=3.4731(per=1.000)  aux=0.1280(k=512,uniq=2576,uniqL/P/U=2576/0/0,selL/P/U=5518336/0/0)  dead=68.1%(3485,L/P/U=3485/0/0;new/rev=10/8;fired/b=1509.8)  L/P/U=4096/1024/0  actL/P/U=240/16/0  H=nan  Hu=nan  spec<.5=nan  marg=nan  lstd=nan  lr=1.59e-05
  step  10200/12000  recon=0.1796  pr=0.3406  sid=0.0130  grl=5.4805(acc=0.000)  grl_p=3.4542(per=1.000)  aux=0.1322(k=512,uniq=2590,uniqL/P/U=2590/0/0,selL/P/U=5308928/0/0)  dead=68.2%(3490,L/P/U=3490/0/0;new/rev=11/6;fired/b=1510.3)  L/P/U=4096/1024/0  actL/P/U=240/16/0  H=nan  Hu=nan  spec<.5=nan  marg=nan  lstd=nan  lr=1.53e-05
  step  10300/12000  recon=0.1769  pr=0.3944  sid=0.0204  grl=5.6748(acc=0.062)  grl_p=3.4305(per=1.000)  aux=0.1291(k=512,uniq=2590,uniqL/P/U=2590/0/0,selL/P/U=5277184/0/0)  dead=68.2%(3490,L/P/U=3490/0/0;new/rev=12/12;fired/b=1508.8)  L/P/U=4096/1024/0  actL/P/U=240/16/0  H=nan  Hu=nan  spec<.5=nan  marg=nan  lstd=nan  lr=1.48e-05
[dis_data] g2p_en loaded for OOV words
[dis_data] g2p_en loaded for OOV words
  step  10400/12000  recon=0.1779  pr=0.3855  sid=0.0142  grl=5.9863(acc=0.000)  grl_p=3.4320(per=0.999)  aux=0.1278(k=512,uniq=2545,uniqL/P/U=2545/0/0,selL/P/U=4998144/0/0)  dead=68.1%(3489,L/P/U=3489/0/0;new/rev=6/7;fired/b=1508.6)  L/P/U=4096/1024/0  actL/P/U=240/16/0  H=nan  Hu=nan  spec<.5=nan  marg=nan  lstd=nan  lr=1.42e-05
  [grad_norms @10500]
    recon             |g|=0.31356  ratio=1.000x recon
    pr_raw            |g|=0.25705  ratio=0.820x recon
    pr_weighted       |g|=0.20564  ratio=0.656x recon
    sid_raw           |g|=0.30639  ratio=0.977x recon
    sid_weighted      |g|=0.18383  ratio=0.586x recon
    grl               |g|=3.65823  ratio=11.667x recon
    grl_p             |g|=0.34297  ratio=1.094x recon
    aux               |g|=0.01137  ratio=0.036x recon
    per-frame |dL/dz[t]|:  grl(z_L)=0.00015   grl_p(z_P)=0.00026   (grl_p/grl = 1.8x  <- pooled-vs-dense dilution)
    [grad_cos @10500]  shared=sae.enc_weight; cos<0 = conflict
      cos(recon_vs_pr           ) = +0.002
      cos(recon_vs_sid          ) = +0.037
      cos(recon_vs_grl          ) = -0.000
      cos(recon_vs_grl_p        ) = -0.039
      cos(recon_vs_aux          ) = +0.036
      cos(pr_vs_sid             ) = +0.000
      cos(pr_vs_grl             ) = +0.002
      cos(pr_vs_grl_p           ) = +0.000
      cos(pr_vs_aux             ) = +0.009
      cos(sid_vs_grl            ) = +0.000
      cos(sid_vs_grl_p          ) = +0.011
      cos(sid_vs_aux            ) = +0.000
      cos(grl_vs_grl_p          ) = +0.000
      cos(grl_vs_aux            ) = -0.011
      cos(grl_p_vs_aux          ) = +0.000
  step  10500/12000  recon=0.1783  pr=0.3331  sid=0.0111  grl=5.6250(acc=0.000)  grl_p=3.5187(per=1.000)  aux=0.1302(k=512,uniq=2664,uniqL/P/U=2664/0/0,selL/P/U=5454336/0/0)  dead=68.2%(3490,L/P/U=3490/0/0;new/rev=12/11;fired/b=1509.0)  L/P/U=4096/1024/0  actL/P/U=240/16/0  H=nan  Hu=nan  spec<.5=nan  marg=nan  lstd=nan  lr=1.37e-05
  step  10600/12000  recon=0.1792  pr=0.4220  sid=0.0153  grl=5.3730(acc=0.000)  grl_p=3.4438(per=1.000)  aux=0.1292(k=512,uniq=2589,uniqL/P/U=2589/0/0,selL/P/U=5144576/0/0)  dead=68.1%(3488,L/P/U=3488/0/0;new/rev=11/13;fired/b=1508.1)  L/P/U=4096/1024/0  actL/P/U=240/16/0  H=nan  Hu=nan  spec<.5=nan  marg=nan  lstd=nan  lr=1.33e-05
  step  10700/12000  recon=0.1811  pr=0.4163  sid=0.0159  grl=5.4160(acc=0.000)  grl_p=3.4900(per=0.999)  aux=0.1298(k=512,uniq=2638,uniqL/P/U=2638/0/0,selL/P/U=5011456/0/0)  dead=68.2%(3491,L/P/U=3491/0/0;new/rev=10/7;fired/b=1506.3)  L/P/U=4096/1024/0  actL/P/U=240/16/0  H=nan  Hu=nan  spec<.5=nan  marg=nan  lstd=nan  lr=1.28e-05
  step  10800/12000  recon=0.1788  pr=0.3963  sid=0.0295  grl=5.4961(acc=0.000)  grl_p=3.4771(per=1.000)  aux=0.1324(k=512,uniq=2580,uniqL/P/U=2580/0/0,selL/P/U=4904448/0/0)  dead=68.2%(3494,L/P/U=3494/0/0;new/rev=10/7;fired/b=1505.8)  L/P/U=4096/1024/0  actL/P/U=240/16/0  H=nan  Hu=nan  spec<.5=nan  marg=nan  lstd=nan  lr=1.24e-05
  step  10900/12000  recon=0.1792  pr=0.3846  sid=0.0108  grl=5.7529(acc=0.000)  grl_p=3.4770(per=0.998)  aux=0.1283(k=512,uniq=2616,uniqL/P/U=2616/0/0,selL/P/U=5208576/0/0)  dead=68.3%(3498,L/P/U=3498/0/0;new/rev=7/3;fired/b=1507.0)  L/P/U=4096/1024/0  actL/P/U=240/16/0  H=nan  Hu=nan  spec<.5=nan  marg=nan  lstd=nan  lr=1.20e-05
  [grad_norms @11000]
    recon             |g|=0.26019  ratio=1.000x recon
    pr_raw            |g|=0.29010  ratio=1.115x recon
    pr_weighted       |g|=0.23208  ratio=0.892x recon
    sid_raw           |g|=0.53452  ratio=2.054x recon
    sid_weighted      |g|=0.32071  ratio=1.233x recon
    grl               |g|=4.35333  ratio=16.731x recon
    grl_p             |g|=0.36118  ratio=1.388x recon
    aux               |g|=0.00873  ratio=0.034x recon
    per-frame |dL/dz[t]|:  grl(z_L)=0.00015   grl_p(z_P)=0.00025   (grl_p/grl = 1.7x  <- pooled-vs-dense dilution)
    [grad_cos @11000]  shared=sae.enc_weight; cos<0 = conflict
      cos(recon_vs_pr           ) = +0.003
      cos(recon_vs_sid          ) = +0.022
      cos(recon_vs_grl          ) = +0.001
      cos(recon_vs_grl_p        ) = -0.020
      cos(recon_vs_aux          ) = +0.044
      cos(pr_vs_sid             ) = +0.000
      cos(pr_vs_grl             ) = +0.004
      cos(pr_vs_grl_p           ) = +0.000
      cos(pr_vs_aux             ) = -0.024
      cos(sid_vs_grl            ) = +0.000
      cos(sid_vs_grl_p          ) = -0.009
      cos(sid_vs_aux            ) = +0.000
      cos(grl_vs_grl_p          ) = +0.000
      cos(grl_vs_aux            ) = +0.027
      cos(grl_p_vs_aux          ) = +0.000
  step  11000/12000  recon=0.1788  pr=0.3620  sid=0.0135  grl=5.9688(acc=0.000)  grl_p=3.4616(per=0.999)  aux=0.1286(k=512,uniq=2653,uniqL/P/U=2653/0/0,selL/P/U=5872640/0/0)  dead=68.3%(3499,L/P/U=3499/0/0;new/rev=11/10;fired/b=1507.2)  L/P/U=4096/1024/0  actL/P/U=240/16/0  H=nan  Hu=nan  spec<.5=nan  marg=nan  lstd=nan  lr=1.17e-05
[dis_data] g2p_en loaded for OOV words
[dis_data] g2p_en loaded for OOV words
  [val] step=11000  recon=0.1788  pr=0.4065  | z_L PR=0.103 SID=0.024  | z_P PR=1.000 SID=1.000
  step  11100/12000  recon=0.1800  pr=0.3567  sid=0.0235  grl=5.0674(acc=0.062)  grl_p=3.4493(per=1.000)  aux=0.1311(k=512,uniq=2532,uniqL/P/U=2532/0/0,selL/P/U=4236800/0/0)  dead=68.3%(3499,L/P/U=3499/0/0;new/rev=9/9;fired/b=1507.8)  L/P/U=4096/1024/0  actL/P/U=240/16/0  H=nan  Hu=nan  spec<.5=nan  marg=nan  lstd=nan  lr=1.14e-05
  step  11200/12000  recon=0.1796  pr=0.4686  sid=0.0137  grl=4.9883(acc=0.062)  grl_p=3.4996(per=1.000)  aux=0.1286(k=512,uniq=2649,uniqL/P/U=2649/0/0,selL/P/U=5455872/0/0)  dead=68.2%(3491,L/P/U=3491/0/0;new/rev=2/10;fired/b=1506.5)  L/P/U=4096/1024/0  actL/P/U=240/16/0  H=nan  Hu=nan  spec<.5=nan  marg=nan  lstd=nan  lr=1.11e-05
  step  11300/12000  recon=0.1810  pr=0.3934  sid=0.0142  grl=5.6562(acc=0.000)  grl_p=3.5008(per=1.000)  aux=0.1289(k=512,uniq=2631,uniqL/P/U=2631/0/0,selL/P/U=4967936/0/0)  dead=68.3%(3497,L/P/U=3497/0/0;new/rev=11/5;fired/b=1506.2)  L/P/U=4096/1024/0  actL/P/U=240/16/0  H=nan  Hu=nan  spec<.5=nan  marg=nan  lstd=nan  lr=1.08e-05
  step  11400/12000  recon=0.1790  pr=0.4151  sid=0.0081  grl=5.3125(acc=0.000)  grl_p=3.4846(per=1.000)  aux=0.1278(k=512,uniq=2649,uniqL/P/U=2649/0/0,selL/P/U=4923904/0/0)  dead=68.2%(3493,L/P/U=3493/0/0;new/rev=4/8;fired/b=1505.8)  L/P/U=4096/1024/0  actL/P/U=240/16/0  H=nan  Hu=nan  spec<.5=nan  marg=nan  lstd=nan  lr=1.06e-05
  [grad_norms @11500]
    recon             |g|=0.29322  ratio=1.000x recon
    pr_raw            |g|=0.31317  ratio=1.068x recon
    pr_weighted       |g|=0.25053  ratio=0.854x recon
    sid_raw           |g|=0.43517  ratio=1.484x recon
    sid_weighted      |g|=0.26110  ratio=0.890x recon
    grl               |g|=3.82434  ratio=13.043x recon
    grl_p             |g|=0.35743  ratio=1.219x recon
    aux               |g|=0.01164  ratio=0.040x recon
    per-frame |dL/dz[t]|:  grl(z_L)=0.00015   grl_p(z_P)=0.00030   (grl_p/grl = 2.0x  <- pooled-vs-dense dilution)
    [grad_cos @11500]  shared=sae.enc_weight; cos<0 = conflict
      cos(recon_vs_pr           ) = +0.004
      cos(recon_vs_sid          ) = +0.053  aligned
      cos(recon_vs_grl          ) = -0.004
      cos(recon_vs_grl_p        ) = -0.026
      cos(recon_vs_aux          ) = +0.028
      cos(pr_vs_sid             ) = +0.000
      cos(pr_vs_grl             ) = +0.018
      cos(pr_vs_grl_p           ) = +0.000
      cos(pr_vs_aux             ) = +0.019
      cos(sid_vs_grl            ) = +0.000
      cos(sid_vs_grl_p          ) = -0.001
      cos(sid_vs_aux            ) = +0.000
      cos(grl_vs_grl_p          ) = +0.000
      cos(grl_vs_aux            ) = +0.008
      cos(grl_p_vs_aux          ) = +0.000
  step  11500/12000  recon=0.1777  pr=0.4454  sid=0.0107  grl=5.2725(acc=0.125)  grl_p=3.4457(per=1.000)  aux=0.1282(k=512,uniq=2617,uniqL/P/U=2617/0/0,selL/P/U=4889600/0/0)  dead=68.2%(3491,L/P/U=3491/0/0;new/rev=6/8;fired/b=1505.7)  L/P/U=4096/1024/0  actL/P/U=240/16/0  H=nan  Hu=nan  spec<.5=nan  marg=nan  lstd=nan  lr=1.04e-05
  step  11600/12000  recon=0.1787  pr=0.4298  sid=0.0038  grl=5.3262(acc=0.000)  grl_p=3.4869(per=1.000)  aux=0.1301(k=512,uniq=2710,uniqL/P/U=2710/0/0,selL/P/U=5682176/0/0)  dead=68.5%(3505,L/P/U=3505/0/0;new/rev=19/5;fired/b=1505.6)  L/P/U=4096/1024/0  actL/P/U=240/16/0  H=nan  Hu=nan  spec<.5=nan  marg=nan  lstd=nan  lr=1.03e-05
  step  11700/12000  recon=0.1786  pr=0.3899  sid=0.0095  grl=5.2441(acc=0.062)  grl_p=3.4831(per=0.999)  aux=0.1284(k=512,uniq=2644,uniqL/P/U=2644/0/0,selL/P/U=4741632/0/0)  dead=68.4%(3500,L/P/U=3500/0/0;new/rev=7/12;fired/b=1506.5)  L/P/U=4096/1024/0  actL/P/U=240/16/0  H=nan  Hu=nan  spec<.5=nan  marg=nan  lstd=nan  lr=1.02e-05
  step  11800/12000  recon=0.1789  pr=0.3324  sid=0.0102  grl=5.4893(acc=0.062)  grl_p=3.4688(per=1.000)  aux=0.1282(k=512,uniq=2675,uniqL/P/U=2675/0/0,selL/P/U=5626880/0/0)  dead=68.3%(3496,L/P/U=3496/0/0;new/rev=7/11;fired/b=1506.2)  L/P/U=4096/1024/0  actL/P/U=240/16/0  H=nan  Hu=nan  spec<.5=nan  marg=nan  lstd=nan  lr=1.01e-05
  step  11900/12000  recon=0.1782  pr=0.3582  sid=0.0101  grl=5.2256(acc=0.000)  grl_p=3.4287(per=1.000)  aux=0.1274(k=512,uniq=2723,uniqL/P/U=2723/0/0,selL/P/U=5620224/0/0)  dead=68.2%(3494,L/P/U=3494/0/0;new/rev=6/8;fired/b=1506.7)  L/P/U=4096/1024/0  actL/P/U=240/16/0  H=nan  Hu=nan  spec<.5=nan  marg=nan  lstd=nan  lr=1.00e-05
  [grad_norms @12000]
    recon             |g|=0.26006  ratio=1.000x recon
    pr_raw            |g|=0.42722  ratio=1.643x recon
    pr_weighted       |g|=0.34178  ratio=1.314x recon
    sid_raw           |g|=0.25050  ratio=0.963x recon
    sid_weighted      |g|=0.15030  ratio=0.578x recon
    grl               |g|=3.57309  ratio=13.739x recon
    grl_p             |g|=0.40935  ratio=1.574x recon
    aux               |g|=0.00918  ratio=0.035x recon
    per-frame |dL/dz[t]|:  grl(z_L)=0.00015   grl_p(z_P)=0.00030   (grl_p/grl = 2.0x  <- pooled-vs-dense dilution)
    [grad_cos @12000]  shared=sae.enc_weight; cos<0 = conflict
      cos(recon_vs_pr           ) = -0.001
      cos(recon_vs_sid          ) = +0.019
      cos(recon_vs_grl          ) = +0.002
      cos(recon_vs_grl_p        ) = -0.018
      cos(recon_vs_aux          ) = +0.045
      cos(pr_vs_sid             ) = +0.000
      cos(pr_vs_grl             ) = +0.013
      cos(pr_vs_grl_p           ) = +0.000
      cos(pr_vs_aux             ) = +0.030
      cos(sid_vs_grl            ) = +0.000
      cos(sid_vs_grl_p          ) = +0.025
      cos(sid_vs_aux            ) = +0.000
      cos(grl_vs_grl_p          ) = +0.000
      cos(grl_vs_aux            ) = +0.003
      cos(grl_p_vs_aux          ) = +0.000
  step  12000/12000  recon=0.1778  pr=0.3721  sid=0.0081  grl=5.1582(acc=0.062)  grl_p=3.5197(per=1.000)  aux=0.1266(k=512,uniq=2699,uniqL/P/U=2699/0/0,selL/P/U=4904448/0/0)  dead=68.2%(3494,L/P/U=3494/0/0;new/rev=8/8;fired/b=1506.3)  L/P/U=4096/1024/0  actL/P/U=240/16/0  H=nan  Hu=nan  spec<.5=nan  marg=nan  lstd=nan  lr=1.00e-05
[dis_data] g2p_en loaded for OOV words
[dis_data] g2p_en loaded for OOV words
  [val] step=12000  recon=0.1787  pr=0.4087  | z_L PR=0.105 SID=0.028  | z_P PR=1.000 SID=1.000

[stage 2] done.  Best disent_score=0.1059  → /rds/user/bbg25/hpc-work/Thesis/Final-Proj/runs/blackwell_followups/libri_advfb_prrecover_validdead_adaptaux512_gn00015_240L16P_12k_s42/checkpoints/stage2_best.pt

[done]  best checkpoint → /rds/user/bbg25/hpc-work/Thesis/Final-Proj/runs/blackwell_followups/libri_advfb_prrecover_validdead_adaptaux512_gn00015_240L16P_12k_s42/checkpoints/stage2_best.pt
finished         : Tue 21 Jul 08:45:29 BST 2026
