=== Libri final probe matrix ===
started     : Wed Jul 15 00:13:47 BST 2026
task_id     : 5
run         : libri_advlearn_hardqfreeze4000_gn0002_dann6800_gp02_aux64_20k_s42
label       : zt_zL_zP_sid_stats_5k_full
checkpoint  : /rds/user/bbg25/hpc-work/Thesis/Final-Proj/checkpoints/blackwell/libri_advlearn_hardqfreeze4000_gn0002_dann6800_gp02_aux64_20k_s42/final.pt
sources     : z_t,z_L,z_P
tasks       : sid
steps       : 5000
patience    : 0 (run full steps)
route_kind  : learned_hard_binary
json        : /rds/user/bbg25/hpc-work/Thesis/Final-Proj/Disentanglement/blackwell/logs/final_probe_matrix/json/diag_libri_advlearn_hardqfreeze4000_gn0002_dann6800_gp02_aux64_20k_s42_zt_zL_zP_sid_stats_5k_full_seed42.json
python      : /home/bbg25/.conda/envs/mlmi4/bin/python
gpu         : NVIDIA A100-SXM4-80GB
[diag_probe] run=diag_libri_advlearn_hardqfreeze4000_gn0002_dann6800_gp02_aux64_20k_s42_zt_zL_zP_sid_stats_5k_full_seed42  device=cuda
[diag_probe] seed=42
[diag_probe] stage1_ckpt=/rds/user/bbg25/hpc-work/Thesis/Final-Proj/checkpoints/blackwell/libri_advlearn_hardqfreeze4000_gn0002_dann6800_gp02_aux64_20k_s42/final.pt
[diag_probe] stage2_ckpt=/rds/user/bbg25/hpc-work/Thesis/Final-Proj/checkpoints/blackwell/libri_advlearn_hardqfreeze4000_gn0002_dann6800_gp02_aux64_20k_s42/final.pt
[diag_probe] sources=['z_t', 'z_L', 'z_P']  tasks=['sid']
[diag_probe] probe_steps=5000  pr_lr=0.0005  asr_lr=0.0005  sid_lr=0.001  pr_warmup=500  asr_warmup=500  other_warmup=0  val_every=250  patience=0
[diag_probe] PR task not requested — skipping PR dataloaders.
[diag_probe] ASR task not requested — skipping ASR dataloaders.
[dis_data] loaded lexicon: 200,000 entries
[dis_data] loading train-clean-100 …
[dis_data]  251 speakers
[dis_data]  train=27539  val=500  test=500  vocab=74  speakers=251
[diag_probe] topk confirmed: 256
[train] loaded 6 SAE tensors from /rds/user/bbg25/hpc-work/Thesis/Final-Proj/checkpoints/blackwell/libri_advlearn_hardqfreeze4000_gn0002_dann6800_gp02_aux64_20k_s42/final.pt  (step=20000  val=0.1039)
[diag_probe] learned-route TopK loaded: quotas=[233, 23, 0]
[diag_probe] loaded stage2 weights from /rds/user/bbg25/hpc-work/Thesis/Final-Proj/checkpoints/blackwell/libri_advlearn_hardqfreeze4000_gn0002_dann6800_gp02_aux64_20k_s42/final.pt

[diag_probe] speakers=251  pr_vocab=74  asr_vocab=n/a  D=1280  K=5120
[diag_probe] PR: skipped
[diag_probe] ASR: skipped
[diag_probe] SID: closed-set utterance split (val/test held out); probe arch=stats
[diag_probe] reported metric = TEST (val shown in parentheses)

  training probe: z_t -> SID ...
[dis_data] g2p_en loaded for OOV words
[dis_data] g2p_en loaded for OOV words
[dis_data] g2p_en loaded for OOV words
[dis_data] g2p_en loaded for OOV words
[dis_data] g2p_en loaded for OOV words
[dis_data] g2p_en loaded for OOV words
[dis_data] g2p_en loaded for OOV words
[dis_data] g2p_en loaded for OOV words
[dis_data] g2p_en loaded for OOV words
[dis_data] g2p_en loaded for OOV words
[dis_data] g2p_en loaded for OOV words
[dis_data] g2p_en loaded for OOV words
[dis_data] g2p_en loaded for OOV words
[dis_data] g2p_en loaded for OOV words
[dis_data] g2p_en loaded for OOV words
[dis_data] g2p_en loaded for OOV words
[dis_data] g2p_en loaded for OOV words
[dis_data] g2p_en loaded for OOV words
[dis_data] g2p_en loaded for OOV words
[dis_data] g2p_en loaded for OOV words
[dis_data] g2p_en loaded for OOV words
[dis_data] g2p_en loaded for OOV words
[dis_data] g2p_en loaded for OOV words
[dis_data] g2p_en loaded for OOV words
      [sid z_t] step 250/5000  train loss=5.512 acc=0.000  dev loss=5.525 acc=0.008  (best 0.008, bad 0/0)
      [sid z_t] step 500/5000  train loss=5.546 acc=0.000  dev loss=5.524 acc=0.004  (best 0.008, bad 1/0)
      [sid z_t] step 750/5000  train loss=5.536 acc=0.000  dev loss=5.523 acc=0.006  (best 0.008, bad 2/0)
      [sid z_t] step 1000/5000  train loss=5.508 acc=0.000  dev loss=5.523 acc=0.008  (best 0.008, bad 3/0)
      [sid z_t] step 1250/5000  train loss=5.510 acc=0.000  dev loss=5.524 acc=0.002  (best 0.008, bad 4/0)
      [sid z_t] step 1500/5000  train loss=5.512 acc=0.000  dev loss=5.525 acc=0.008  (best 0.008, bad 5/0)
[dis_data] g2p_en loaded for OOV words
[dis_data] g2p_en loaded for OOV words
[dis_data] g2p_en loaded for OOV words
[dis_data] g2p_en loaded for OOV words
[dis_data] g2p_en loaded for OOV words
[dis_data] g2p_en loaded for OOV words
[dis_data] g2p_en loaded for OOV words
[dis_data] g2p_en loaded for OOV words
      [sid z_t] step 1750/5000  train loss=5.509 acc=0.000  dev loss=5.526 acc=0.008  (best 0.008, bad 6/0)
      [sid z_t] step 2000/5000  train loss=5.481 acc=0.062  dev loss=5.526 acc=0.008  (best 0.008, bad 7/0)
      [sid z_t] step 2250/5000  train loss=5.532 acc=0.000  dev loss=5.527 acc=0.008  (best 0.008, bad 8/0)
      [sid z_t] step 2500/5000  train loss=5.538 acc=0.000  dev loss=5.526 acc=0.008  (best 0.008, bad 9/0)
      [sid z_t] step 2750/5000  train loss=5.548 acc=0.000  dev loss=5.526 acc=0.008  (best 0.008, bad 10/0)
      [sid z_t] step 3000/5000  train loss=5.515 acc=0.000  dev loss=5.527 acc=0.008  (best 0.008, bad 11/0)
      [sid z_t] step 3250/5000  train loss=5.510 acc=0.000  dev loss=5.527 acc=0.008  (best 0.008, bad 12/0)
[dis_data] g2p_en loaded for OOV words
[dis_data] g2p_en loaded for OOV words
[dis_data] g2p_en loaded for OOV words
[dis_data] g2p_en loaded for OOV words[dis_data] g2p_en loaded for OOV words

[dis_data] g2p_en loaded for OOV words
[dis_data] g2p_en loaded for OOV words
[dis_data] g2p_en loaded for OOV words
      [sid z_t] step 3500/5000  train loss=5.492 acc=0.000  dev loss=5.527 acc=0.008  (best 0.008, bad 13/0)
      [sid z_t] step 3750/5000  train loss=5.494 acc=0.000  dev loss=5.526 acc=0.008  (best 0.008, bad 14/0)
      [sid z_t] step 4000/5000  train loss=5.540 acc=0.000  dev loss=5.527 acc=0.002  (best 0.008, bad 15/0)
      [sid z_t] step 4250/5000  train loss=5.521 acc=0.000  dev loss=5.527 acc=0.002  (best 0.008, bad 16/0)
      [sid z_t] step 4500/5000  train loss=5.525 acc=0.000  dev loss=5.527 acc=0.002  (best 0.008, bad 17/0)
      [sid z_t] step 4750/5000  train loss=5.500 acc=0.000  dev loss=5.527 acc=0.002  (best 0.008, bad 18/0)
      [sid z_t] step 5000/5000  train loss=5.492 acc=0.062  dev loss=5.527 acc=0.002  (best 0.008, bad 19/0)
    z_t -> SID              acc test=0.004  (val 0.008)
  training probe: z_L -> SID ...
[dis_data] g2p_en loaded for OOV words
[dis_data] g2p_en loaded for OOV words
[dis_data] g2p_en loaded for OOV words
[dis_data] g2p_en loaded for OOV words
[dis_data] g2p_en loaded for OOV words
[dis_data] g2p_en loaded for OOV words
[dis_data] g2p_en loaded for OOV words
[dis_data] g2p_en loaded for OOV words
[dis_data] g2p_en loaded for OOV words
[dis_data] g2p_en loaded for OOV words
[dis_data] g2p_en loaded for OOV words
[dis_data] g2p_en loaded for OOV words
[dis_data] g2p_en loaded for OOV words
[dis_data] g2p_en loaded for OOV words
[dis_data] g2p_en loaded for OOV words
[dis_data] g2p_en loaded for OOV words
[dis_data] g2p_en loaded for OOV words
[dis_data] g2p_en loaded for OOV words
[dis_data] g2p_en loaded for OOV words
[dis_data] g2p_en loaded for OOV words
[dis_data] g2p_en loaded for OOV words
[dis_data] g2p_en loaded for OOV words
[dis_data] g2p_en loaded for OOV words
[dis_data] g2p_en loaded for OOV words
[dis_data] g2p_en loaded for OOV words
[dis_data] g2p_en loaded for OOV words
[dis_data] g2p_en loaded for OOV words
[dis_data] g2p_en loaded for OOV words
[dis_data] g2p_en loaded for OOV words
[dis_data] g2p_en loaded for OOV words
[dis_data] g2p_en loaded for OOV words
[dis_data] g2p_en loaded for OOV words
      [sid z_L] step 250/5000  train loss=5.525 acc=0.000  dev loss=5.525 acc=0.004  (best 0.004, bad 0/0)
      [sid z_L] step 500/5000  train loss=5.524 acc=0.000  dev loss=5.526 acc=0.004  (best 0.004, bad 1/0)
      [sid z_L] step 750/5000  train loss=5.504 acc=0.000  dev loss=5.526 acc=0.008  (best 0.008, bad 0/0)
      [sid z_L] step 1000/5000  train loss=5.511 acc=0.000  dev loss=5.527 acc=0.002  (best 0.008, bad 1/0)
      [sid z_L] step 1250/5000  train loss=5.534 acc=0.000  dev loss=5.526 acc=0.002  (best 0.008, bad 2/0)
      [sid z_L] step 1500/5000  train loss=5.523 acc=0.062  dev loss=5.525 acc=0.002  (best 0.008, bad 3/0)
      [sid z_L] step 1750/5000  train loss=5.522 acc=0.000  dev loss=5.525 acc=0.002  (best 0.008, bad 4/0)
[dis_data] g2p_en loaded for OOV words
[dis_data] g2p_en loaded for OOV words
[dis_data] g2p_en loaded for OOV words
[dis_data] g2p_en loaded for OOV words
[dis_data] g2p_en loaded for OOV words
[dis_data] g2p_en loaded for OOV words
[dis_data] g2p_en loaded for OOV words
[dis_data] g2p_en loaded for OOV words
      [sid z_L] step 2000/5000  train loss=5.550 acc=0.062  dev loss=5.525 acc=0.008  (best 0.008, bad 5/0)
      [sid z_L] step 2250/5000  train loss=5.528 acc=0.000  dev loss=5.527 acc=0.008  (best 0.008, bad 6/0)
      [sid z_L] step 2500/5000  train loss=5.510 acc=0.000  dev loss=5.526 acc=0.008  (best 0.008, bad 7/0)
      [sid z_L] step 2750/5000  train loss=5.552 acc=0.000  dev loss=5.527 acc=0.008  (best 0.008, bad 8/0)
      [sid z_L] step 3000/5000  train loss=5.477 acc=0.125  dev loss=5.526 acc=0.002  (best 0.008, bad 9/0)
      [sid z_L] step 3250/5000  train loss=5.495 acc=0.000  dev loss=5.526 acc=0.002  (best 0.008, bad 10/0)
      [sid z_L] step 3500/5000  train loss=5.524 acc=0.000  dev loss=5.527 acc=0.002  (best 0.008, bad 11/0)
[dis_data] g2p_en loaded for OOV words
[dis_data] g2p_en loaded for OOV words
[dis_data] g2p_en loaded for OOV words
[dis_data] g2p_en loaded for OOV words
[dis_data] g2p_en loaded for OOV words
[dis_data] g2p_en loaded for OOV words
[dis_data] g2p_en loaded for OOV words
[dis_data] g2p_en loaded for OOV words
      [sid z_L] step 3750/5000  train loss=5.558 acc=0.000  dev loss=5.527 acc=0.002  (best 0.008, bad 12/0)
      [sid z_L] step 4000/5000  train loss=5.533 acc=0.000  dev loss=5.527 acc=0.002  (best 0.008, bad 13/0)
      [sid z_L] step 4250/5000  train loss=5.512 acc=0.000  dev loss=5.527 acc=0.002  (best 0.008, bad 14/0)
      [sid z_L] step 4500/5000  train loss=5.537 acc=0.062  dev loss=5.528 acc=0.002  (best 0.008, bad 15/0)
      [sid z_L] step 4750/5000  train loss=5.473 acc=0.000  dev loss=5.528 acc=0.002  (best 0.008, bad 16/0)
      [sid z_L] step 5000/5000  train loss=5.507 acc=0.062  dev loss=5.528 acc=0.002  (best 0.008, bad 17/0)
    z_L -> SID              acc test=0.004  (val 0.008)
  training probe: z_P -> SID ...
[dis_data] g2p_en loaded for OOV words
[dis_data] g2p_en loaded for OOV words
[dis_data] g2p_en loaded for OOV words
[dis_data] g2p_en loaded for OOV words
[dis_data] g2p_en loaded for OOV words
[dis_data] g2p_en loaded for OOV words
[dis_data] g2p_en loaded for OOV words
[dis_data] g2p_en loaded for OOV words
[dis_data] g2p_en loaded for OOV words
[dis_data] g2p_en loaded for OOV words
[dis_data] g2p_en loaded for OOV words
[dis_data] g2p_en loaded for OOV words
[dis_data] g2p_en loaded for OOV words
[dis_data] g2p_en loaded for OOV words
[dis_data] g2p_en loaded for OOV words
[dis_data] g2p_en loaded for OOV words
[dis_data] g2p_en loaded for OOV words
[dis_data] g2p_en loaded for OOV words
[dis_data] g2p_en loaded for OOV words
[dis_data] g2p_en loaded for OOV words
[dis_data] g2p_en loaded for OOV words
[dis_data] g2p_en loaded for OOV words
[dis_data] g2p_en loaded for OOV words
[dis_data] g2p_en loaded for OOV words
      [sid z_P] step 250/5000  train loss=2.293 acc=0.688  dev loss=2.502 acc=0.566  (best 0.566, bad 0/0)
[dis_data] g2p_en loaded for OOV words
[dis_data] g2p_en loaded for OOV words
[dis_data] g2p_en loaded for OOV words
[dis_data] g2p_en loaded for OOV words
[dis_data] g2p_en loaded for OOV words
[dis_data] g2p_en loaded for OOV words
[dis_data] g2p_en loaded for OOV words
[dis_data] g2p_en loaded for OOV words
      [sid z_P] step 500/5000  train loss=0.593 acc=0.938  dev loss=0.711 acc=0.876  (best 0.876, bad 0/0)
      [sid z_P] step 750/5000  train loss=0.123 acc=1.000  dev loss=0.226 acc=0.976  (best 0.976, bad 0/0)
      [sid z_P] step 1000/5000  train loss=0.139 acc=1.000  dev loss=0.113 acc=0.984  (best 0.984, bad 0/0)
      [sid z_P] step 1250/5000  train loss=0.068 acc=1.000  dev loss=0.060 acc=0.990  (best 0.990, bad 0/0)
      [sid z_P] step 1500/5000  train loss=0.017 acc=1.000  dev loss=0.033 acc=0.996  (best 0.996, bad 0/0)
      [sid z_P] step 1750/5000  train loss=0.008 acc=1.000  dev loss=0.035 acc=0.992  (best 0.996, bad 1/0)
      [sid z_P] step 2000/5000  train loss=0.005 acc=1.000  dev loss=0.017 acc=1.000  (best 1.000, bad 0/0)
[dis_data] g2p_en loaded for OOV words
[dis_data] g2p_en loaded for OOV words
[dis_data] g2p_en loaded for OOV words
[dis_data] g2p_en loaded for OOV words
[dis_data] g2p_en loaded for OOV words
[dis_data] g2p_en loaded for OOV words
[dis_data] g2p_en loaded for OOV words
[dis_data] g2p_en loaded for OOV words
      [sid z_P] step 2250/5000  train loss=0.025 acc=1.000  dev loss=0.012 acc=0.998  (best 1.000, bad 1/0)
      [sid z_P] step 2500/5000  train loss=0.004 acc=1.000  dev loss=0.012 acc=1.000  (best 1.000, bad 2/0)
      [sid z_P] step 2750/5000  train loss=0.004 acc=1.000  dev loss=0.007 acc=1.000  (best 1.000, bad 3/0)
      [sid z_P] step 3000/5000  train loss=0.002 acc=1.000  dev loss=0.008 acc=1.000  (best 1.000, bad 4/0)
      [sid z_P] step 3250/5000  train loss=0.002 acc=1.000  dev loss=0.006 acc=1.000  (best 1.000, bad 5/0)
      [sid z_P] step 3500/5000  train loss=0.004 acc=1.000  dev loss=0.005 acc=1.000  (best 1.000, bad 6/0)
[dis_data] g2p_en loaded for OOV words
[dis_data] g2p_en loaded for OOV words
[dis_data] g2p_en loaded for OOV words
[dis_data] g2p_en loaded for OOV words
[dis_data] g2p_en loaded for OOV words
[dis_data] g2p_en loaded for OOV words
[dis_data] g2p_en loaded for OOV words
[dis_data] g2p_en loaded for OOV words
      [sid z_P] step 3750/5000  train loss=0.001 acc=1.000  dev loss=0.005 acc=1.000  (best 1.000, bad 7/0)
      [sid z_P] step 4000/5000  train loss=0.001 acc=1.000  dev loss=0.005 acc=1.000  (best 1.000, bad 8/0)
      [sid z_P] step 4250/5000  train loss=0.004 acc=1.000  dev loss=0.004 acc=1.000  (best 1.000, bad 9/0)
      [sid z_P] step 4500/5000  train loss=0.002 acc=1.000  dev loss=0.004 acc=1.000  (best 1.000, bad 10/0)
      [sid z_P] step 4750/5000  train loss=0.002 acc=1.000  dev loss=0.004 acc=1.000  (best 1.000, bad 11/0)
      [sid z_P] step 5000/5000  train loss=0.001 acc=1.000  dev loss=0.004 acc=1.000  (best 1.000, bad 12/0)
    z_P -> SID              acc test=0.994  (val 1.000)

==================================================================
  DIAGNOSTIC PROBE RESULTS - diag_libri_advlearn_hardqfreeze4000_gn0002_dann6800_gp02_aux64_20k_s42_zt_zL_zP_sid_stats_5k_full_seed42
==================================================================
  Source       PR (PER↓)    SID (acc↑)
  --------  ------------  ------------
  z_t                nan         0.004
  z_L                nan         0.004
  z_P                nan         0.994
==================================================================

finished    : Wed Jul 15 01:14:54 BST 2026
