=== Libri ASR z_L/z_P sanity ===
started        : Thu 16 Jul 03:09:32 BST 2026
task_id        : 1
run            : libri_advlearn_hardqfreeze4000_gn0002_dann6800_gp02_aux64_20k_s42
label          : zL_zP_asr_lstm_10k_repeat_seed43
checkpoint     : /rds/user/bbg25/hpc-work/Thesis/Final-Proj/checkpoints/blackwell/libri_advlearn_hardqfreeze4000_gn0002_dann6800_gp02_aux64_20k_s42/final.pt
sources        : z_L,z_P
route_kind     : learned_hard_binary
seed           : 43
steps          : 10000
patience       : 0 (run full steps)
time/freq mask : 50/64
json           : /rds/user/bbg25/hpc-work/Thesis/Final-Proj/Disentanglement/blackwell/logs/asr_zlp_sanity/json/diag_libri_advlearn_hardqfreeze4000_gn0002_dann6800_gp02_aux64_20k_s42_zL_zP_asr_lstm_10k_repeat_seed43.json
python         : /home/bbg25/.conda/envs/mlmi4/bin/python
gpu            : NVIDIA A100-SXM4-80GB
[diag_probe] run=diag_libri_advlearn_hardqfreeze4000_gn0002_dann6800_gp02_aux64_20k_s42_zL_zP_asr_lstm_10k_repeat_seed43  device=cuda
[diag_probe] seed=43
[diag_probe] stage1_ckpt=/rds/user/bbg25/hpc-work/Thesis/Final-Proj/checkpoints/blackwell/libri_advlearn_hardqfreeze4000_gn0002_dann6800_gp02_aux64_20k_s42/final.pt
[diag_probe] stage2_ckpt=/rds/user/bbg25/hpc-work/Thesis/Final-Proj/checkpoints/blackwell/libri_advlearn_hardqfreeze4000_gn0002_dann6800_gp02_aux64_20k_s42/final.pt
[diag_probe] sources=['z_L', 'z_P']  tasks=['asr']
[diag_probe] probe_steps=10000  pr_lr=0.0005  asr_lr=0.0005  sid_lr=0.001  pr_warmup=500  asr_warmup=500  other_warmup=0  val_every=250  patience=0
[diag_probe] PR task not requested — skipping PR dataloaders.
[dis_data] loading ASR train-clean-100 …
[dis_data] loading ASR dev-clean …
[dis_data] loading ASR test-clean …
[dis_data]  ASR train=28539 val=2703 test=2620 vocab=29
[dis_data] loaded lexicon: 200,000 entries
[dis_data] loading train-clean-100 …
[dis_data]  251 speakers
[dis_data]  train=27539  val=500  test=500  vocab=74  speakers=251
[diag_probe] topk confirmed: 256
[train] loaded 6 SAE tensors from /rds/user/bbg25/hpc-work/Thesis/Final-Proj/checkpoints/blackwell/libri_advlearn_hardqfreeze4000_gn0002_dann6800_gp02_aux64_20k_s42/final.pt  (step=20000  val=0.1039)
[diag_probe] learned-route TopK loaded: quotas=[233, 23, 0]
[diag_probe] loaded stage2 weights from /rds/user/bbg25/hpc-work/Thesis/Final-Proj/checkpoints/blackwell/libri_advlearn_hardqfreeze4000_gn0002_dann6800_gp02_aux64_20k_s42/final.pt

[diag_probe] speakers=251  pr_vocab=74  asr_vocab=29  D=1280  K=5120
[diag_probe] PR: skipped
[diag_probe] ASR: character CTC transcripts — train-clean-100 → val=dev-clean, test=test-clean; probe arch=lstm
[diag_probe] SID: closed-set utterance split (val/test held out); probe arch=linear
[diag_probe] reported metric = TEST (val shown in parentheses)

  training probe: z_L -> ASR ...
      [asr z_L] step 250/10000  train loss=3.231  dev loss=2.926  dev WER=1.000  dev CER=1.000  (best CER 1.000, bad 0/0)
      [asr z_L] step 500/10000  train loss=2.817  dev loss=2.346  dev WER=1.000  dev CER=0.860  (best CER 0.860, bad 0/0)
      [asr z_L] step 750/10000  train loss=1.348  dev loss=0.736  dev WER=0.605  dev CER=0.215  (best CER 0.215, bad 0/0)
      [asr z_L] step 1000/10000  train loss=0.621  dev loss=0.483  dev WER=0.465  dev CER=0.139  (best CER 0.139, bad 0/0)
      [asr z_L] step 1250/10000  train loss=0.454  dev loss=0.349  dev WER=0.340  dev CER=0.098  (best CER 0.098, bad 0/0)
      [asr z_L] step 1500/10000  train loss=0.375  dev loss=0.300  dev WER=0.291  dev CER=0.084  (best CER 0.084, bad 0/0)
      [asr z_L] step 1750/10000  train loss=0.332  dev loss=0.253  dev WER=0.255  dev CER=0.071  (best CER 0.071, bad 0/0)
      [asr z_L] step 2000/10000  train loss=0.290  dev loss=0.247  dev WER=0.254  dev CER=0.067  (best CER 0.067, bad 0/0)
      [asr z_L] step 2250/10000  train loss=0.276  dev loss=0.224  dev WER=0.222  dev CER=0.061  (best CER 0.061, bad 0/0)
      [asr z_L] step 2500/10000  train loss=0.259  dev loss=0.190  dev WER=0.190  dev CER=0.051  (best CER 0.051, bad 0/0)
      [asr z_L] step 2750/10000  train loss=0.239  dev loss=0.181  dev WER=0.171  dev CER=0.047  (best CER 0.047, bad 0/0)
      [asr z_L] step 3000/10000  train loss=0.236  dev loss=0.171  dev WER=0.162  dev CER=0.044  (best CER 0.044, bad 0/0)
      [asr z_L] step 3250/10000  train loss=0.220  dev loss=0.167  dev WER=0.158  dev CER=0.043  (best CER 0.043, bad 0/0)
      [asr z_L] step 3500/10000  train loss=0.216  dev loss=0.152  dev WER=0.144  dev CER=0.039  (best CER 0.039, bad 0/0)
      [asr z_L] step 3750/10000  train loss=0.199  dev loss=0.141  dev WER=0.132  dev CER=0.036  (best CER 0.036, bad 0/0)
      [asr z_L] step 4000/10000  train loss=0.191  dev loss=0.156  dev WER=0.147  dev CER=0.039  (best CER 0.036, bad 1/0)
      [asr z_L] step 4250/10000  train loss=0.179  dev loss=0.140  dev WER=0.123  dev CER=0.034  (best CER 0.034, bad 0/0)
      [asr z_L] step 4500/10000  train loss=0.178  dev loss=0.137  dev WER=0.124  dev CER=0.034  (best CER 0.034, bad 1/0)
      [asr z_L] step 4750/10000  train loss=0.178  dev loss=0.135  dev WER=0.120  dev CER=0.033  (best CER 0.033, bad 0/0)
      [asr z_L] step 5000/10000  train loss=0.173  dev loss=0.127  dev WER=0.117  dev CER=0.032  (best CER 0.032, bad 0/0)
      [asr z_L] step 5250/10000  train loss=0.170  dev loss=0.124  dev WER=0.114  dev CER=0.031  (best CER 0.031, bad 0/0)
      [asr z_L] step 5500/10000  train loss=0.157  dev loss=0.119  dev WER=0.103  dev CER=0.028  (best CER 0.028, bad 0/0)
      [asr z_L] step 5750/10000  train loss=0.152  dev loss=0.117  dev WER=0.101  dev CER=0.027  (best CER 0.027, bad 0/0)
      [asr z_L] step 6000/10000  train loss=0.145  dev loss=0.115  dev WER=0.101  dev CER=0.027  (best CER 0.027, bad 0/0)
      [asr z_L] step 6250/10000  train loss=0.146  dev loss=0.112  dev WER=0.098  dev CER=0.026  (best CER 0.026, bad 0/0)
      [asr z_L] step 6500/10000  train loss=0.142  dev loss=0.117  dev WER=0.100  dev CER=0.027  (best CER 0.026, bad 1/0)
      [asr z_L] step 6750/10000  train loss=0.142  dev loss=0.111  dev WER=0.095  dev CER=0.026  (best CER 0.026, bad 0/0)
      [asr z_L] step 7000/10000  train loss=0.137  dev loss=0.109  dev WER=0.097  dev CER=0.026  (best CER 0.026, bad 0/0)
      [asr z_L] step 7250/10000  train loss=0.129  dev loss=0.108  dev WER=0.089  dev CER=0.024  (best CER 0.024, bad 0/0)
      [asr z_L] step 7500/10000  train loss=0.120  dev loss=0.102  dev WER=0.085  dev CER=0.023  (best CER 0.023, bad 0/0)
      [asr z_L] step 7750/10000  train loss=0.120  dev loss=0.104  dev WER=0.084  dev CER=0.023  (best CER 0.023, bad 1/0)
      [asr z_L] step 8000/10000  train loss=0.121  dev loss=0.101  dev WER=0.082  dev CER=0.023  (best CER 0.023, bad 0/0)
      [asr z_L] step 8250/10000  train loss=0.117  dev loss=0.101  dev WER=0.083  dev CER=0.023  (best CER 0.023, bad 1/0)
      [asr z_L] step 8500/10000  train loss=0.118  dev loss=0.101  dev WER=0.085  dev CER=0.023  (best CER 0.023, bad 2/0)
      [asr z_L] step 8750/10000  train loss=0.114  dev loss=0.095  dev WER=0.080  dev CER=0.022  (best CER 0.022, bad 0/0)
      [asr z_L] step 9000/10000  train loss=0.110  dev loss=0.094  dev WER=0.076  dev CER=0.021  (best CER 0.021, bad 0/0)
      [asr z_L] step 9250/10000  train loss=0.099  dev loss=0.093  dev WER=0.076  dev CER=0.021  (best CER 0.021, bad 1/0)
      [asr z_L] step 9500/10000  train loss=0.102  dev loss=0.095  dev WER=0.075  dev CER=0.021  (best CER 0.021, bad 2/0)
      [asr z_L] step 9750/10000  train loss=0.098  dev loss=0.093  dev WER=0.074  dev CER=0.020  (best CER 0.020, bad 0/0)
      [asr z_L] step 10000/10000  train loss=0.100  dev loss=0.092  dev WER=0.074  dev CER=0.020  (best CER 0.020, bad 1/0)
    z_L -> ASR              WER test=0.075  CER test=0.020  (val WER 0.074, CER 0.020)
  training probe: z_P -> ASR ...
      [asr z_P] step 250/10000  train loss=3.709  dev loss=2.876  dev WER=1.000  dev CER=1.000  (best CER 1.000, bad 0/0)
      [asr z_P] step 500/10000  train loss=2.668  dev loss=2.632  dev WER=0.999  dev CER=0.769  (best CER 0.769, bad 0/0)
      [asr z_P] step 750/10000  train loss=2.741  dev loss=2.732  dev WER=0.975  dev CER=0.812  (best CER 0.769, bad 1/0)
      [asr z_P] step 1000/10000  train loss=2.587  dev loss=2.630  dev WER=0.977  dev CER=0.785  (best CER 0.769, bad 2/0)
      [asr z_P] step 1250/10000  train loss=2.522  dev loss=2.491  dev WER=0.961  dev CER=0.703  (best CER 0.703, bad 0/0)
      [asr z_P] step 1500/10000  train loss=2.444  dev loss=2.422  dev WER=0.952  dev CER=0.682  (best CER 0.682, bad 0/0)
      [asr z_P] step 1750/10000  train loss=2.298  dev loss=2.193  dev WER=0.922  dev CER=0.632  (best CER 0.632, bad 0/0)
      [asr z_P] step 2000/10000  train loss=2.037  dev loss=1.920  dev WER=0.879  dev CER=0.556  (best CER 0.556, bad 0/0)
      [asr z_P] step 2250/10000  train loss=1.681  dev loss=1.451  dev WER=0.787  dev CER=0.436  (best CER 0.436, bad 0/0)
      [asr z_P] step 2500/10000  train loss=1.270  dev loss=1.110  dev WER=0.688  dev CER=0.332  (best CER 0.332, bad 0/0)
      [asr z_P] step 2750/10000  train loss=0.995  dev loss=0.879  dev WER=0.612  dev CER=0.265  (best CER 0.265, bad 0/0)
      [asr z_P] step 3000/10000  train loss=0.812  dev loss=0.718  dev WER=0.545  dev CER=0.214  (best CER 0.214, bad 0/0)
      [asr z_P] step 3250/10000  train loss=0.690  dev loss=0.615  dev WER=0.488  dev CER=0.182  (best CER 0.182, bad 0/0)
      [asr z_P] step 3500/10000  train loss=0.616  dev loss=0.546  dev WER=0.453  dev CER=0.164  (best CER 0.164, bad 0/0)
      [asr z_P] step 3750/10000  train loss=0.557  dev loss=0.498  dev WER=0.421  dev CER=0.148  (best CER 0.148, bad 0/0)
      [asr z_P] step 4000/10000  train loss=0.502  dev loss=0.443  dev WER=0.381  dev CER=0.130  (best CER 0.130, bad 0/0)
      [asr z_P] step 4250/10000  train loss=0.465  dev loss=0.410  dev WER=0.359  dev CER=0.120  (best CER 0.120, bad 0/0)
      [asr z_P] step 4500/10000  train loss=0.397  dev loss=0.381  dev WER=0.336  dev CER=0.110  (best CER 0.110, bad 0/0)
      [asr z_P] step 4750/10000  train loss=0.376  dev loss=0.357  dev WER=0.319  dev CER=0.104  (best CER 0.104, bad 0/0)
      [asr z_P] step 5000/10000  train loss=0.359  dev loss=0.336  dev WER=0.301  dev CER=0.096  (best CER 0.096, bad 0/0)
      [asr z_P] step 5250/10000  train loss=0.346  dev loss=0.320  dev WER=0.286  dev CER=0.091  (best CER 0.091, bad 0/0)
      [asr z_P] step 5500/10000  train loss=0.332  dev loss=0.310  dev WER=0.282  dev CER=0.088  (best CER 0.088, bad 0/0)
      [asr z_P] step 5750/10000  train loss=0.319  dev loss=0.293  dev WER=0.267  dev CER=0.083  (best CER 0.083, bad 0/0)
      [asr z_P] step 6000/10000  train loss=0.317  dev loss=0.283  dev WER=0.256  dev CER=0.079  (best CER 0.079, bad 0/0)
      [asr z_P] step 6250/10000  train loss=0.268  dev loss=0.271  dev WER=0.244  dev CER=0.075  (best CER 0.075, bad 0/0)
      [asr z_P] step 6500/10000  train loss=0.252  dev loss=0.262  dev WER=0.236  dev CER=0.072  (best CER 0.072, bad 0/0)
      [asr z_P] step 6750/10000  train loss=0.251  dev loss=0.257  dev WER=0.235  dev CER=0.071  (best CER 0.071, bad 0/0)
      [asr z_P] step 7000/10000  train loss=0.246  dev loss=0.249  dev WER=0.225  dev CER=0.068  (best CER 0.068, bad 0/0)
      [asr z_P] step 7250/10000  train loss=0.241  dev loss=0.242  dev WER=0.219  dev CER=0.066  (best CER 0.066, bad 0/0)
      [asr z_P] step 7500/10000  train loss=0.234  dev loss=0.240  dev WER=0.217  dev CER=0.066  (best CER 0.066, bad 0/0)
      [asr z_P] step 7750/10000  train loss=0.231  dev loss=0.228  dev WER=0.207  dev CER=0.062  (best CER 0.062, bad 0/0)
      [asr z_P] step 8000/10000  train loss=0.202  dev loss=0.227  dev WER=0.205  dev CER=0.061  (best CER 0.061, bad 0/0)
      [asr z_P] step 8250/10000  train loss=0.191  dev loss=0.226  dev WER=0.201  dev CER=0.060  (best CER 0.060, bad 0/0)
      [asr z_P] step 8500/10000  train loss=0.192  dev loss=0.222  dev WER=0.199  dev CER=0.060  (best CER 0.060, bad 0/0)
      [asr z_P] step 8750/10000  train loss=0.189  dev loss=0.217  dev WER=0.196  dev CER=0.058  (best CER 0.058, bad 0/0)
      [asr z_P] step 9000/10000  train loss=0.183  dev loss=0.217  dev WER=0.192  dev CER=0.058  (best CER 0.058, bad 0/0)
      [asr z_P] step 9250/10000  train loss=0.184  dev loss=0.212  dev WER=0.189  dev CER=0.057  (best CER 0.057, bad 0/0)
      [asr z_P] step 9500/10000  train loss=0.180  dev loss=0.210  dev WER=0.186  dev CER=0.056  (best CER 0.056, bad 0/0)
      [asr z_P] step 9750/10000  train loss=0.169  dev loss=0.210  dev WER=0.185  dev CER=0.055  (best CER 0.055, bad 0/0)
      [asr z_P] step 10000/10000  train loss=0.166  dev loss=0.209  dev WER=0.185  dev CER=0.055  (best CER 0.055, bad 1/0)
    z_P -> ASR              WER test=0.189  CER test=0.055  (val WER 0.185, CER 0.055)

==============================================================================================
  DIAGNOSTIC PROBE RESULTS - diag_libri_advlearn_hardqfreeze4000_gn0002_dann6800_gp02_aux64_20k_s42_zL_zP_asr_lstm_10k_repeat_seed43
==============================================================================================
  Source       PR (PER↓)    SID (acc↑)      ASR WER↓      ASR CER↓
  --------  ------------  ------------  ------------  ------------
  z_L                nan           nan         0.075         0.020
  z_P                nan           nan         0.189         0.055
==============================================================================================

finished       : Thu 16 Jul 05:36:14 BST 2026
