=== Libri ablation/capacity matrix ===
started        : Thu 16 Jul 01:08:44 BST 2026
task_id        : 1
repo_root      : /rds/user/bbg25/hpc-work/Thesis/Final-Proj
runs_root      : /rds/user/bbg25/hpc-work/Thesis/Final-Proj/runs/blackwell_ablation
log_root       : /rds/user/bbg25/hpc-work/Thesis/Final-Proj/Disentanglement/blackwell/logs/ablation_capacity_matrix
dry_run        : 0
python         : /home/bbg25/.conda/envs/mlmi4/bin/python
gpu            : NVIDIA A100-SXM4-80GB

+ /home/bbg25/.conda/envs/mlmi4/bin/python -u Disentanglement/run.py --stage 2 --stage2_from_scratch --local_data --librispeech_root /rds/user/bbg25/hpc-work/Thesis/Final-Proj/Probing/data/LibriSpeech --lexicon_path /rds/user/bbg25/hpc-work/Thesis/Final-Proj/Probing/data/librispeech-lexicon.txt --train_split_dir train-clean-100 --speaker_stratified_holdout --spear_layernorm --K 5120 --aux_k 64 --aux_k_coef 0.03125 --dead_steps_threshold 256 --warmup_steps 500 --batch_size 16 --eval_batch_size 32 --lr 1e-4 --lr_min 1e-5 --lr_heads 1e-4 --lr_sid_head 0.001 --grad_clip 1.0 --log_every 100 --grad_log_every 500 --ckpt_every 1000 --num_workers 2 --seed 42 --topk 128 --stage2_steps 12000 --stage2_schedule_steps 12000 --no_routing --alpha 0.0 --beta 0.0 --grl_weight 0.0 --grl_phoneme_weight 0.0 --rho 0.0 --n_disc_steps 1 --checkpoint_dir /rds/user/bbg25/hpc-work/Thesis/Final-Proj/runs/blackwell_ablation/libri_sae_recon_topk128_aux64_12k_s42/checkpoints --runs_dir /rds/user/bbg25/hpc-work/Thesis/Final-Proj/runs/blackwell_ablation/libri_sae_recon_topk128_aux64_12k_s42/tensorboard --log_dir /rds/user/bbg25/hpc-work/Thesis/Final-Proj/runs/blackwell_ablation/libri_sae_recon_topk128_aux64_12k_s42/trainer_logs
=== Disentanglement  stage=2
=== device=cuda  bf16=True
=== K=5120  topk=128  D=1280
=== steps=12000  α=0.0  β=0.0  grl=0.0  ρ=0.0
[dis_data] loaded lexicon: 200,000 entries
[dis_data] loading train-clean-100 …
[dis_data]  251 speakers
[dis_data]  train=27539  val=500  test=500  vocab=74  speakers=251
[train] stage2_from_scratch=True — SAE/routing/heads start from initialization
[stage 2] frozen=596,973,362  trainable=17,493,642  device=cuda
[stage 2] speakers=251  vocab=74
[stage 2] α=0.0  β=0.0  grl=0.0  ρ=0.0  hard_gumbel=True  spear_ln=True
[stage 2] steps=12000  schedule_steps=12000  batch=16  grad_clip=1.0
[stage 2] best_ckpt selection: per + (1 - sid_acc) + grl_acc + (1 - grl_p_per)  — in-training head proxies, NOT a probe; run diag_probe/ for the authoritative leakage signal.
[stage 2] AuxK on: aux_k=64  coef=0.03125  dead_thresh=256  renorm_dec=False
[stage 2] precision requested=auto resolved=bf16
[dis_data] g2p_en loaded for OOV words
[dis_data] g2p_en loaded for OOV words
  step      1/12000  recon=0.3104  pr=17.7197  sid=5.5312  aux=0.0000  dead=0.0%  L/P/U=5120/0/0  actL/P/U=nan/nan/nan  H=nan  Hu=nan  spec<.5=nan  marg=nan  lstd=nan  lr=2.00e-07
  step    100/12000  recon=0.2924  pr=20.6333  sid=5.5332  aux=0.0000  dead=0.0%  L/P/U=5120/0/0  actL/P/U=nan/nan/nan  H=nan  Hu=nan  spec<.5=nan  marg=nan  lstd=nan  lr=2.00e-05
  step    200/12000  recon=0.2750  pr=19.1141  sid=5.5254  aux=0.0000  dead=0.0%  L/P/U=5120/0/0  actL/P/U=nan/nan/nan  H=nan  Hu=nan  spec<.5=nan  marg=nan  lstd=nan  lr=4.00e-05
  step    300/12000  recon=0.2537  pr=17.8924  sid=5.5254  aux=0.0000  dead=0.0%  L/P/U=5120/0/0  actL/P/U=nan/nan/nan  H=nan  Hu=nan  spec<.5=nan  marg=nan  lstd=nan  lr=6.00e-05
  step    400/12000  recon=0.2288  pr=20.2582  sid=5.5234  aux=0.0000  dead=0.0%  L/P/U=5120/0/0  actL/P/U=nan/nan/nan  H=nan  Hu=nan  spec<.5=nan  marg=nan  lstd=nan  lr=8.00e-05
  [grad_norms @500]
    recon             |g|=0.02789  ratio=1.000x recon
    pr_raw            |g|=5.39224  ratio=193.330x recon
    pr_weighted       |g|=0.00000  ratio=0.000x recon
    sid_raw           |g|=0.91869  ratio=32.938x recon
    sid_weighted      |g|=0.00000  ratio=0.000x recon
    [grad_cos @500]  shared=sae.enc_weight; cos<0 = conflict
      cos(recon_vs_pr           ) = +0.009
      cos(recon_vs_sid          ) = +0.004
      cos(pr_vs_sid             ) = -0.016
  step    500/12000  recon=0.1995  pr=19.7270  sid=5.5215  aux=0.0000  dead=0.0%  L/P/U=5120/0/0  actL/P/U=nan/nan/nan  H=nan  Hu=nan  spec<.5=nan  marg=nan  lstd=nan  lr=1.00e-04
  step    600/12000  recon=0.1707  pr=18.0880  sid=5.5312  aux=0.0000  dead=0.0%  L/P/U=5120/0/0  actL/P/U=nan/nan/nan  H=nan  Hu=nan  spec<.5=nan  marg=nan  lstd=nan  lr=1.00e-04
  step    700/12000  recon=0.1492  pr=17.4034  sid=5.5195  aux=0.0000  dead=0.0%  L/P/U=5120/0/0  actL/P/U=nan/nan/nan  H=nan  Hu=nan  spec<.5=nan  marg=nan  lstd=nan  lr=9.99e-05
  step    800/12000  recon=0.1318  pr=18.2897  sid=5.5332  aux=0.0000  dead=0.0%  L/P/U=5120/0/0  actL/P/U=nan/nan/nan  H=nan  Hu=nan  spec<.5=nan  marg=nan  lstd=nan  lr=9.98e-05
  step    900/12000  recon=0.1208  pr=18.9236  sid=5.5488  aux=0.0000  dead=0.0%  L/P/U=5120/0/0  actL/P/U=nan/nan/nan  H=nan  Hu=nan  spec<.5=nan  marg=nan  lstd=nan  lr=9.97e-05
  [grad_norms @1000]
    recon             |g|=0.01888  ratio=1.000x recon
    pr_raw            |g|=5.00223  ratio=264.985x recon
    pr_weighted       |g|=0.00000  ratio=0.000x recon
    sid_raw           |g|=0.95551  ratio=50.617x recon
    sid_weighted      |g|=0.00000  ratio=0.000x recon
    [grad_cos @1000]  shared=sae.enc_weight; cos<0 = conflict
      cos(recon_vs_pr           ) = -0.001
      cos(recon_vs_sid          ) = -0.008
      cos(pr_vs_sid             ) = -0.015
  step   1000/12000  recon=0.1132  pr=19.5811  sid=5.5273  aux=0.0000  dead=0.0%  L/P/U=5120/0/0  actL/P/U=nan/nan/nan  H=nan  Hu=nan  spec<.5=nan  marg=nan  lstd=nan  lr=9.96e-05
[dis_data] g2p_en loaded for OOV words
[dis_data] g2p_en loaded for OOV words
  [val] step=1000  recon=0.1134  pr=18.7143  | z_L PR=3.237  | z_P SID=0.006
  ✓ best checkpoint (disent=4.2347  PER=3.237 sid=0.006 grl_acc=0.004 grl_p_per=nan) → /rds/user/bbg25/hpc-work/Thesis/Final-Proj/runs/blackwell_ablation/libri_sae_recon_topk128_aux64_12k_s42/checkpoints/stage2_best.pt
  step   1100/12000  recon=0.1076  pr=19.6535  sid=5.5273  aux=0.0000  dead=0.0%  L/P/U=5120/0/0  actL/P/U=nan/nan/nan  H=nan  Hu=nan  spec<.5=nan  marg=nan  lstd=nan  lr=9.94e-05
  step   1200/12000  recon=0.1048  pr=18.8547  sid=5.5371  aux=0.0000  dead=0.0%  L/P/U=5120/0/0  actL/P/U=nan/nan/nan  H=nan  Hu=nan  spec<.5=nan  marg=nan  lstd=nan  lr=9.92e-05
  step   1300/12000  recon=0.1022  pr=19.3894  sid=5.5059  aux=0.0000  dead=0.0%  L/P/U=5120/0/0  actL/P/U=nan/nan/nan  H=nan  Hu=nan  spec<.5=nan  marg=nan  lstd=nan  lr=9.89e-05
  step   1400/12000  recon=0.1013  pr=17.3365  sid=5.5117  aux=0.0000  dead=0.0%  L/P/U=5120/0/0  actL/P/U=nan/nan/nan  H=nan  Hu=nan  spec<.5=nan  marg=nan  lstd=nan  lr=9.86e-05
  [grad_norms @1500]
    recon             |g|=0.02003  ratio=1.000x recon
    pr_raw            |g|=5.06881  ratio=253.059x recon
    pr_weighted       |g|=0.00000  ratio=0.000x recon
    sid_raw           |g|=1.00371  ratio=50.110x recon
    sid_weighted      |g|=0.00000  ratio=0.000x recon
    [grad_cos @1500]  shared=sae.enc_weight; cos<0 = conflict
      cos(recon_vs_pr           ) = -0.000
      cos(recon_vs_sid          ) = +0.001
      cos(pr_vs_sid             ) = +0.008
  step   1500/12000  recon=0.0965  pr=19.8471  sid=5.4883  aux=0.0000  dead=0.0%  L/P/U=5120/0/0  actL/P/U=nan/nan/nan  H=nan  Hu=nan  spec<.5=nan  marg=nan  lstd=nan  lr=9.83e-05
  step   1600/12000  recon=0.1005  pr=18.1646  sid=5.5000  aux=0.0000  dead=0.0%  L/P/U=5120/0/0  actL/P/U=nan/nan/nan  H=nan  Hu=nan  spec<.5=nan  marg=nan  lstd=nan  lr=9.80e-05
  step   1700/12000  recon=0.0966  pr=18.8622  sid=5.5273  aux=0.0000  dead=0.0%  L/P/U=5120/0/0  actL/P/U=nan/nan/nan  H=nan  Hu=nan  spec<.5=nan  marg=nan  lstd=nan  lr=9.76e-05
[dis_data] g2p_en loaded for OOV words
[dis_data] g2p_en loaded for OOV words
  step   1800/12000  recon=0.0959  pr=18.7388  sid=5.5000  aux=0.0000  dead=0.0%  L/P/U=5120/0/0  actL/P/U=nan/nan/nan  H=nan  Hu=nan  spec<.5=nan  marg=nan  lstd=nan  lr=9.72e-05
  step   1900/12000  recon=0.0973  pr=16.6476  sid=5.5625  aux=0.0000  dead=0.0%  L/P/U=5120/0/0  actL/P/U=nan/nan/nan  H=nan  Hu=nan  spec<.5=nan  marg=nan  lstd=nan  lr=9.67e-05
  [grad_norms @2000]
    recon             |g|=0.02163  ratio=1.000x recon
    pr_raw            |g|=4.35139  ratio=201.213x recon
    pr_weighted       |g|=0.00000  ratio=0.000x recon
    sid_raw           |g|=0.91352  ratio=42.242x recon
    sid_weighted      |g|=0.00000  ratio=0.000x recon
    [grad_cos @2000]  shared=sae.enc_weight; cos<0 = conflict
      cos(recon_vs_pr           ) = +0.007
      cos(recon_vs_sid          ) = -0.004
      cos(pr_vs_sid             ) = -0.003
  step   2000/12000  recon=0.0949  pr=19.2513  sid=5.5117  aux=0.0000  dead=0.0%  L/P/U=5120/0/0  actL/P/U=nan/nan/nan  H=nan  Hu=nan  spec<.5=nan  marg=nan  lstd=nan  lr=9.63e-05
[dis_data] g2p_en loaded for OOV words
[dis_data] g2p_en loaded for OOV words
  [val] step=2000  recon=0.0954  pr=18.5425  | z_L PR=3.098  | z_P SID=0.006
  ✓ best checkpoint (disent=4.0919  PER=3.098 sid=0.006 grl_acc=0.000 grl_p_per=nan) → /rds/user/bbg25/hpc-work/Thesis/Final-Proj/runs/blackwell_ablation/libri_sae_recon_topk128_aux64_12k_s42/checkpoints/stage2_best.pt
  step   2100/12000  recon=0.0948  pr=20.2115  sid=5.5488  aux=0.0000  dead=0.0%  L/P/U=5120/0/0  actL/P/U=nan/nan/nan  H=nan  Hu=nan  spec<.5=nan  marg=nan  lstd=nan  lr=9.58e-05
  step   2200/12000  recon=0.0927  pr=18.7557  sid=5.5371  aux=0.0000  dead=0.0%  L/P/U=5120/0/0  actL/P/U=nan/nan/nan  H=nan  Hu=nan  spec<.5=nan  marg=nan  lstd=nan  lr=9.52e-05
  step   2300/12000  recon=0.0930  pr=19.3763  sid=5.5293  aux=0.0000  dead=0.0%  L/P/U=5120/0/0  actL/P/U=nan/nan/nan  H=nan  Hu=nan  spec<.5=nan  marg=nan  lstd=nan  lr=9.47e-05
  step   2400/12000  recon=0.0927  pr=19.0308  sid=5.5273  aux=0.0000  dead=0.0%  L/P/U=5120/0/0  actL/P/U=nan/nan/nan  H=nan  Hu=nan  spec<.5=nan  marg=nan  lstd=nan  lr=9.41e-05
  [grad_norms @2500]
    recon             |g|=0.02656  ratio=1.000x recon
    pr_raw            |g|=4.52088  ratio=170.223x recon
    pr_weighted       |g|=0.00000  ratio=0.000x recon
    sid_raw           |g|=0.97226  ratio=36.608x recon
    sid_weighted      |g|=0.00000  ratio=0.000x recon
    [grad_cos @2500]  shared=sae.enc_weight; cos<0 = conflict
      cos(recon_vs_pr           ) = +0.000
      cos(recon_vs_sid          ) = -0.006
      cos(pr_vs_sid             ) = +0.004
  step   2500/12000  recon=0.0923  pr=19.9745  sid=5.5117  aux=0.0000  dead=0.0%  L/P/U=5120/0/0  actL/P/U=nan/nan/nan  H=nan  Hu=nan  spec<.5=nan  marg=nan  lstd=nan  lr=9.34e-05
  step   2600/12000  recon=0.0931  pr=16.6101  sid=5.5332  aux=0.0000  dead=0.0%  L/P/U=5120/0/0  actL/P/U=nan/nan/nan  H=nan  Hu=nan  spec<.5=nan  marg=nan  lstd=nan  lr=9.28e-05
  step   2700/12000  recon=0.0921  pr=16.3440  sid=5.5254  aux=0.0000  dead=0.0%  L/P/U=5120/0/0  actL/P/U=nan/nan/nan  H=nan  Hu=nan  spec<.5=nan  marg=nan  lstd=nan  lr=9.21e-05
  step   2800/12000  recon=0.0895  pr=18.2424  sid=5.5312  aux=0.0000  dead=0.0%  L/P/U=5120/0/0  actL/P/U=nan/nan/nan  H=nan  Hu=nan  spec<.5=nan  marg=nan  lstd=nan  lr=9.14e-05
  step   2900/12000  recon=0.0926  pr=16.6303  sid=5.5723  aux=0.0000  dead=0.0%  L/P/U=5120/0/0  actL/P/U=nan/nan/nan  H=nan  Hu=nan  spec<.5=nan  marg=nan  lstd=nan  lr=9.07e-05
  [grad_norms @3000]
    recon             |g|=0.02940  ratio=1.000x recon
    pr_raw            |g|=4.11669  ratio=140.004x recon
    pr_weighted       |g|=0.00000  ratio=0.000x recon
    sid_raw           |g|=0.93808  ratio=31.903x recon
    sid_weighted      |g|=0.00000  ratio=0.000x recon
    [grad_cos @3000]  shared=sae.enc_weight; cos<0 = conflict
      cos(recon_vs_pr           ) = +0.010
      cos(recon_vs_sid          ) = +0.007
      cos(pr_vs_sid             ) = +0.016
  step   3000/12000  recon=0.0913  pr=17.6558  sid=5.5059  aux=0.0000  dead=0.0%  L/P/U=5120/0/0  actL/P/U=nan/nan/nan  H=nan  Hu=nan  spec<.5=nan  marg=nan  lstd=nan  lr=8.99e-05
[dis_data] g2p_en loaded for OOV words
[dis_data] g2p_en loaded for OOV words
  [val] step=3000  recon=0.0911  pr=18.3547  | z_L PR=3.037  | z_P SID=0.006
  ✓ best checkpoint (disent=4.0347  PER=3.037 sid=0.006 grl_acc=0.004 grl_p_per=nan) → /rds/user/bbg25/hpc-work/Thesis/Final-Proj/runs/blackwell_ablation/libri_sae_recon_topk128_aux64_12k_s42/checkpoints/stage2_best.pt
  step   3100/12000  recon=0.0891  pr=19.3666  sid=5.5312  aux=0.0000  dead=0.0%  L/P/U=5120/0/0  actL/P/U=nan/nan/nan  H=nan  Hu=nan  spec<.5=nan  marg=nan  lstd=nan  lr=8.91e-05
  step   3200/12000  recon=0.0898  pr=18.8364  sid=5.5312  aux=0.0000  dead=0.0%  L/P/U=5120/0/0  actL/P/U=nan/nan/nan  H=nan  Hu=nan  spec<.5=nan  marg=nan  lstd=nan  lr=8.83e-05
  step   3300/12000  recon=0.0875  pr=17.6652  sid=5.5430  aux=0.0000  dead=0.0%  L/P/U=5120/0/0  actL/P/U=nan/nan/nan  H=nan  Hu=nan  spec<.5=nan  marg=nan  lstd=nan  lr=8.75e-05
  step   3400/12000  recon=0.0907  pr=18.1166  sid=5.5391  aux=0.0000  dead=0.0%  L/P/U=5120/0/0  actL/P/U=nan/nan/nan  H=nan  Hu=nan  spec<.5=nan  marg=nan  lstd=nan  lr=8.66e-05
[dis_data] g2p_en loaded for OOV words[dis_data] g2p_en loaded for OOV words

  [grad_norms @3500]
    recon             |g|=0.03364  ratio=1.000x recon
    pr_raw            |g|=4.17916  ratio=124.227x recon
    pr_weighted       |g|=0.00000  ratio=0.000x recon
    sid_raw           |g|=0.99502  ratio=29.577x recon
    sid_weighted      |g|=0.00000  ratio=0.000x recon
    [grad_cos @3500]  shared=sae.enc_weight; cos<0 = conflict
      cos(recon_vs_pr           ) = +0.008
      cos(recon_vs_sid          ) = +0.001
      cos(pr_vs_sid             ) = -0.019
  step   3500/12000  recon=0.0879  pr=18.0475  sid=5.5234  aux=0.0000  dead=0.0%  L/P/U=5120/0/0  actL/P/U=nan/nan/nan  H=nan  Hu=nan  spec<.5=nan  marg=nan  lstd=nan  lr=8.57e-05
  step   3600/12000  recon=0.0872  pr=19.6288  sid=5.5293  aux=0.0000  dead=0.0%  L/P/U=5120/0/0  actL/P/U=nan/nan/nan  H=nan  Hu=nan  spec<.5=nan  marg=nan  lstd=nan  lr=8.48e-05
  step   3700/12000  recon=0.0914  pr=17.9914  sid=5.5605  aux=0.0000  dead=0.0%  L/P/U=5120/0/0  actL/P/U=nan/nan/nan  H=nan  Hu=nan  spec<.5=nan  marg=nan  lstd=nan  lr=8.39e-05
  step   3800/12000  recon=0.0892  pr=17.0084  sid=5.6094  aux=0.0000  dead=0.0%  L/P/U=5120/0/0  actL/P/U=nan/nan/nan  H=nan  Hu=nan  spec<.5=nan  marg=nan  lstd=nan  lr=8.29e-05
  step   3900/12000  recon=0.0862  pr=16.7260  sid=5.4512  aux=0.0000  dead=0.0%  L/P/U=5120/0/0  actL/P/U=nan/nan/nan  H=nan  Hu=nan  spec<.5=nan  marg=nan  lstd=nan  lr=8.19e-05
  [grad_norms @4000]
    recon             |g|=0.03778  ratio=1.000x recon
    pr_raw            |g|=4.40663  ratio=116.636x recon
    pr_weighted       |g|=0.00000  ratio=0.000x recon
    sid_raw           |g|=1.08396  ratio=28.691x recon
    sid_weighted      |g|=0.00000  ratio=0.000x recon
    [grad_cos @4000]  shared=sae.enc_weight; cos<0 = conflict
      cos(recon_vs_pr           ) = -0.005
      cos(recon_vs_sid          ) = +0.012
      cos(pr_vs_sid             ) = +0.000
  step   4000/12000  recon=0.0884  pr=18.1695  sid=5.5215  aux=0.0000  dead=0.0%  L/P/U=5120/0/0  actL/P/U=nan/nan/nan  H=nan  Hu=nan  spec<.5=nan  marg=nan  lstd=nan  lr=8.10e-05
[dis_data] g2p_en loaded for OOV words
[dis_data] g2p_en loaded for OOV words
  [val] step=4000  recon=0.0885  pr=18.1908  | z_L PR=2.998  | z_P SID=0.004
  ✓ best checkpoint (disent=3.9978  PER=2.998 sid=0.004 grl_acc=0.004 grl_p_per=nan) → /rds/user/bbg25/hpc-work/Thesis/Final-Proj/runs/blackwell_ablation/libri_sae_recon_topk128_aux64_12k_s42/checkpoints/stage2_best.pt
  step   4100/12000  recon=0.0870  pr=19.6991  sid=5.5098  aux=0.0000  dead=0.0%  L/P/U=5120/0/0  actL/P/U=nan/nan/nan  H=nan  Hu=nan  spec<.5=nan  marg=nan  lstd=nan  lr=7.99e-05
  step   4200/12000  recon=0.0873  pr=18.4661  sid=5.5527  aux=0.0000  dead=0.0%  L/P/U=5120/0/0  actL/P/U=nan/nan/nan  H=nan  Hu=nan  spec<.5=nan  marg=nan  lstd=nan  lr=7.89e-05
  step   4300/12000  recon=0.0863  pr=18.0547  sid=5.5234  aux=0.0000  dead=0.0%  L/P/U=5120/0/0  actL/P/U=nan/nan/nan  H=nan  Hu=nan  spec<.5=nan  marg=nan  lstd=nan  lr=7.79e-05
  step   4400/12000  recon=0.0861  pr=17.6835  sid=5.5586  aux=0.0000  dead=0.0%  L/P/U=5120/0/0  actL/P/U=nan/nan/nan  H=nan  Hu=nan  spec<.5=nan  marg=nan  lstd=nan  lr=7.68e-05
  [grad_norms @4500]
    recon             |g|=0.04136  ratio=1.000x recon
    pr_raw            |g|=4.29997  ratio=103.967x recon
    pr_weighted       |g|=0.00000  ratio=0.000x recon
    sid_raw           |g|=1.11678  ratio=27.002x recon
    sid_weighted      |g|=0.00000  ratio=0.000x recon
    [grad_cos @4500]  shared=sae.enc_weight; cos<0 = conflict
      cos(recon_vs_pr           ) = +0.004
      cos(recon_vs_sid          ) = +0.004
      cos(pr_vs_sid             ) = +0.008
  step   4500/12000  recon=0.0866  pr=17.1816  sid=5.5176  aux=0.0000  dead=0.0%  L/P/U=5120/0/0  actL/P/U=nan/nan/nan  H=nan  Hu=nan  spec<.5=nan  marg=nan  lstd=nan  lr=7.57e-05
  step   4600/12000  recon=0.0873  pr=17.2855  sid=5.5332  aux=0.0000  dead=0.0%  L/P/U=5120/0/0  actL/P/U=nan/nan/nan  H=nan  Hu=nan  spec<.5=nan  marg=nan  lstd=nan  lr=7.46e-05
  step   4700/12000  recon=0.0877  pr=17.9852  sid=5.5508  aux=0.0000  dead=0.0%  L/P/U=5120/0/0  actL/P/U=nan/nan/nan  H=nan  Hu=nan  spec<.5=nan  marg=nan  lstd=nan  lr=7.35e-05
  step   4800/12000  recon=0.0858  pr=16.9933  sid=5.5781  aux=0.0000  dead=0.0%  L/P/U=5120/0/0  actL/P/U=nan/nan/nan  H=nan  Hu=nan  spec<.5=nan  marg=nan  lstd=nan  lr=7.24e-05
  step   4900/12000  recon=0.0877  pr=17.3246  sid=5.5879  aux=0.0000  dead=0.0%  L/P/U=5120/0/0  actL/P/U=nan/nan/nan  H=nan  Hu=nan  spec<.5=nan  marg=nan  lstd=nan  lr=7.12e-05
  [grad_norms @5000]
    recon             |g|=0.04202  ratio=1.000x recon
    pr_raw            |g|=4.24422  ratio=101.001x recon
    pr_weighted       |g|=0.00000  ratio=0.000x recon
    sid_raw           |g|=1.05314  ratio=25.062x recon
    sid_weighted      |g|=0.00000  ratio=0.000x recon
    [grad_cos @5000]  shared=sae.enc_weight; cos<0 = conflict
      cos(recon_vs_pr           ) = +0.010
      cos(recon_vs_sid          ) = -0.003
      cos(pr_vs_sid             ) = -0.005
  step   5000/12000  recon=0.0860  pr=17.9725  sid=5.5859  aux=0.0000  dead=0.0%  L/P/U=5120/0/0  actL/P/U=nan/nan/nan  H=nan  Hu=nan  spec<.5=nan  marg=nan  lstd=nan  lr=7.01e-05
[dis_data] g2p_en loaded for OOV words
[dis_data] g2p_en loaded for OOV words
  [val] step=5000  recon=0.0866  pr=18.0772  | z_L PR=2.979  | z_P SID=0.004
  ✓ best checkpoint (disent=3.9786  PER=2.979 sid=0.004 grl_acc=0.004 grl_p_per=nan) → /rds/user/bbg25/hpc-work/Thesis/Final-Proj/runs/blackwell_ablation/libri_sae_recon_topk128_aux64_12k_s42/checkpoints/stage2_best.pt
  step   5100/12000  recon=0.0860  pr=17.0773  sid=5.5430  aux=0.0000  dead=0.0%  L/P/U=5120/0/0  actL/P/U=nan/nan/nan  H=nan  Hu=nan  spec<.5=nan  marg=nan  lstd=nan  lr=6.89e-05
[dis_data] g2p_en loaded for OOV words
[dis_data] g2p_en loaded for OOV words
  step   5200/12000  recon=0.0857  pr=17.4567  sid=5.4922  aux=0.0000  dead=0.0%  L/P/U=5120/0/0  actL/P/U=nan/nan/nan  H=nan  Hu=nan  spec<.5=nan  marg=nan  lstd=nan  lr=6.77e-05
  step   5300/12000  recon=0.0851  pr=17.4006  sid=5.5508  aux=0.0000  dead=0.0%  L/P/U=5120/0/0  actL/P/U=nan/nan/nan  H=nan  Hu=nan  spec<.5=nan  marg=nan  lstd=nan  lr=6.65e-05
  step   5400/12000  recon=0.0846  pr=18.3070  sid=5.5781  aux=0.0000  dead=0.0%  L/P/U=5120/0/0  actL/P/U=nan/nan/nan  H=nan  Hu=nan  spec<.5=nan  marg=nan  lstd=nan  lr=6.54e-05
  [grad_norms @5500]
    recon             |g|=0.04522  ratio=1.000x recon
    pr_raw            |g|=4.56634  ratio=100.985x recon
    pr_weighted       |g|=0.00000  ratio=0.000x recon
    sid_raw           |g|=1.17006  ratio=25.876x recon
    sid_weighted      |g|=0.00000  ratio=0.000x recon
    [grad_cos @5500]  shared=sae.enc_weight; cos<0 = conflict
      cos(recon_vs_pr           ) = +0.006
      cos(recon_vs_sid          ) = -0.002
      cos(pr_vs_sid             ) = -0.001
  step   5500/12000  recon=0.0860  pr=17.0568  sid=5.5586  aux=0.0000  dead=0.0%  L/P/U=5120/0/0  actL/P/U=nan/nan/nan  H=nan  Hu=nan  spec<.5=nan  marg=nan  lstd=nan  lr=6.42e-05
  step   5600/12000  recon=0.0866  pr=19.7464  sid=5.4863  aux=0.0000  dead=0.0%  L/P/U=5120/0/0  actL/P/U=nan/nan/nan  H=nan  Hu=nan  spec<.5=nan  marg=nan  lstd=nan  lr=6.29e-05
  step   5700/12000  recon=0.0833  pr=17.4945  sid=5.4785  aux=0.0000  dead=0.0%  L/P/U=5120/0/0  actL/P/U=nan/nan/nan  H=nan  Hu=nan  spec<.5=nan  marg=nan  lstd=nan  lr=6.17e-05
  step   5800/12000  recon=0.0865  pr=17.9225  sid=5.5352  aux=0.0000  dead=0.0%  L/P/U=5120/0/0  actL/P/U=nan/nan/nan  H=nan  Hu=nan  spec<.5=nan  marg=nan  lstd=nan  lr=6.05e-05
  step   5900/12000  recon=0.0855  pr=17.3369  sid=5.5254  aux=0.0000  dead=0.0%  L/P/U=5120/0/0  actL/P/U=nan/nan/nan  H=nan  Hu=nan  spec<.5=nan  marg=nan  lstd=nan  lr=5.93e-05
  [grad_norms @6000]
    recon             |g|=0.05064  ratio=1.000x recon
    pr_raw            |g|=4.53111  ratio=89.479x recon
    pr_weighted       |g|=0.00000  ratio=0.000x recon
    sid_raw           |g|=1.26584  ratio=24.998x recon
    sid_weighted      |g|=0.00000  ratio=0.000x recon
    [grad_cos @6000]  shared=sae.enc_weight; cos<0 = conflict
      cos(recon_vs_pr           ) = -0.009
      cos(recon_vs_sid          ) = +0.001
      cos(pr_vs_sid             ) = +0.002
  step   6000/12000  recon=0.0856  pr=17.4733  sid=5.5781  aux=0.0000  dead=0.0%  L/P/U=5120/0/0  actL/P/U=nan/nan/nan  H=nan  Hu=nan  spec<.5=nan  marg=nan  lstd=nan  lr=5.81e-05
[dis_data] g2p_en loaded for OOV words[dis_data] g2p_en loaded for OOV words

  [val] step=6000  recon=0.0850  pr=18.0187  | z_L PR=2.963  | z_P SID=0.002
  ✓ best checkpoint (disent=3.9648  PER=2.963 sid=0.002 grl_acc=0.004 grl_p_per=nan) → /rds/user/bbg25/hpc-work/Thesis/Final-Proj/runs/blackwell_ablation/libri_sae_recon_topk128_aux64_12k_s42/checkpoints/stage2_best.pt
  step   6100/12000  recon=0.0845  pr=18.0189  sid=5.5059  aux=0.0000  dead=0.0%  L/P/U=5120/0/0  actL/P/U=nan/nan/nan  H=nan  Hu=nan  spec<.5=nan  marg=nan  lstd=nan  lr=5.68e-05
  step   6200/12000  recon=0.0837  pr=18.2417  sid=5.6133  aux=0.0000  dead=0.0%  L/P/U=5120/0/0  actL/P/U=nan/nan/nan  H=nan  Hu=nan  spec<.5=nan  marg=nan  lstd=nan  lr=5.56e-05
  step   6300/12000  recon=0.0831  pr=18.0983  sid=5.5762  aux=0.0000  dead=0.0%  L/P/U=5120/0/0  actL/P/U=nan/nan/nan  H=nan  Hu=nan  spec<.5=nan  marg=nan  lstd=nan  lr=5.44e-05
  step   6400/12000  recon=0.0843  pr=16.5530  sid=5.4844  aux=0.0000  dead=0.0%  L/P/U=5120/0/0  actL/P/U=nan/nan/nan  H=nan  Hu=nan  spec<.5=nan  marg=nan  lstd=nan  lr=5.32e-05
  [grad_norms @6500]
    recon             |g|=0.05184  ratio=1.000x recon
    pr_raw            |g|=4.90570  ratio=94.634x recon
    pr_weighted       |g|=0.00000  ratio=0.000x recon
    sid_raw           |g|=1.16978  ratio=22.566x recon
    sid_weighted      |g|=0.00000  ratio=0.000x recon
    [grad_cos @6500]  shared=sae.enc_weight; cos<0 = conflict
      cos(recon_vs_pr           ) = +0.001
      cos(recon_vs_sid          ) = -0.006
      cos(pr_vs_sid             ) = -0.003
  step   6500/12000  recon=0.0855  pr=17.7187  sid=5.5859  aux=0.0000  dead=0.0%  L/P/U=5120/0/0  actL/P/U=nan/nan/nan  H=nan  Hu=nan  spec<.5=nan  marg=nan  lstd=nan  lr=5.19e-05
  step   6600/12000  recon=0.0842  pr=18.6134  sid=5.6562  aux=0.0000  dead=0.0%  L/P/U=5120/0/0  actL/P/U=nan/nan/nan  H=nan  Hu=nan  spec<.5=nan  marg=nan  lstd=nan  lr=5.07e-05
  step   6700/12000  recon=0.0835  pr=17.1392  sid=5.5254  aux=0.0000  dead=0.0%  L/P/U=5120/0/0  actL/P/U=nan/nan/nan  H=nan  Hu=nan  spec<.5=nan  marg=nan  lstd=nan  lr=4.95e-05
  step   6800/12000  recon=0.0856  pr=17.4088  sid=5.5918  aux=0.0000  dead=0.0%  L/P/U=5120/0/0  actL/P/U=nan/nan/nan  H=nan  Hu=nan  spec<.5=nan  marg=nan  lstd=nan  lr=4.83e-05
[dis_data] g2p_en loaded for OOV words
[dis_data] g2p_en loaded for OOV words
  step   6900/12000  recon=0.0820  pr=18.9086  sid=5.5645  aux=0.0000  dead=0.0%  L/P/U=5120/0/0  actL/P/U=nan/nan/nan  H=nan  Hu=nan  spec<.5=nan  marg=nan  lstd=nan  lr=4.71e-05
  [grad_norms @7000]
    recon             |g|=0.05999  ratio=1.000x recon
    pr_raw            |g|=4.75820  ratio=79.314x recon
    pr_weighted       |g|=0.00000  ratio=0.000x recon
    sid_raw           |g|=1.31192  ratio=21.868x recon
    sid_weighted      |g|=0.00000  ratio=0.000x recon
    [grad_cos @7000]  shared=sae.enc_weight; cos<0 = conflict
      cos(recon_vs_pr           ) = -0.005
      cos(recon_vs_sid          ) = +0.002
      cos(pr_vs_sid             ) = -0.008
  step   7000/12000  recon=0.0844  pr=17.2185  sid=5.5000  aux=0.0000  dead=0.0%  L/P/U=5120/0/0  actL/P/U=nan/nan/nan  H=nan  Hu=nan  spec<.5=nan  marg=nan  lstd=nan  lr=4.58e-05
[dis_data] g2p_en loaded for OOV words
[dis_data] g2p_en loaded for OOV words
  [val] step=7000  recon=0.0840  pr=18.0144  | z_L PR=2.949  | z_P SID=0.002
  ✓ best checkpoint (disent=3.9509  PER=2.949 sid=0.002 grl_acc=0.004 grl_p_per=nan) → /rds/user/bbg25/hpc-work/Thesis/Final-Proj/runs/blackwell_ablation/libri_sae_recon_topk128_aux64_12k_s42/checkpoints/stage2_best.pt
  step   7100/12000  recon=0.0844  pr=18.5840  sid=5.5078  aux=0.0000  dead=0.0%  L/P/U=5120/0/0  actL/P/U=nan/nan/nan  H=nan  Hu=nan  spec<.5=nan  marg=nan  lstd=nan  lr=4.46e-05
  step   7200/12000  recon=0.0841  pr=19.1155  sid=5.5508  aux=0.0000  dead=0.0%  L/P/U=5120/0/0  actL/P/U=nan/nan/nan  H=nan  Hu=nan  spec<.5=nan  marg=nan  lstd=nan  lr=4.35e-05
  step   7300/12000  recon=0.0832  pr=17.2269  sid=5.5820  aux=0.0000  dead=0.0%  L/P/U=5120/0/0  actL/P/U=nan/nan/nan  H=nan  Hu=nan  spec<.5=nan  marg=nan  lstd=nan  lr=4.23e-05
  step   7400/12000  recon=0.0834  pr=17.5490  sid=5.5156  aux=0.0000  dead=0.0%  L/P/U=5120/0/0  actL/P/U=nan/nan/nan  H=nan  Hu=nan  spec<.5=nan  marg=nan  lstd=nan  lr=4.11e-05
  [grad_norms @7500]
    recon             |g|=0.05553  ratio=1.000x recon
    pr_raw            |g|=4.68072  ratio=84.291x recon
    pr_weighted       |g|=0.00000  ratio=0.000x recon
    sid_raw           |g|=1.21417  ratio=21.865x recon
    sid_weighted      |g|=0.00000  ratio=0.000x recon
    [grad_cos @7500]  shared=sae.enc_weight; cos<0 = conflict
      cos(recon_vs_pr           ) = +0.003
      cos(recon_vs_sid          ) = +0.002
      cos(pr_vs_sid             ) = -0.012
  step   7500/12000  recon=0.0846  pr=17.4968  sid=5.5469  aux=0.0000  dead=0.0%  L/P/U=5120/0/0  actL/P/U=nan/nan/nan  H=nan  Hu=nan  spec<.5=nan  marg=nan  lstd=nan  lr=3.99e-05
  step   7600/12000  recon=0.0827  pr=17.4348  sid=5.6250  aux=0.0000  dead=0.0%  L/P/U=5120/0/0  actL/P/U=nan/nan/nan  H=nan  Hu=nan  spec<.5=nan  marg=nan  lstd=nan  lr=3.88e-05
  step   7700/12000  recon=0.0836  pr=18.7385  sid=5.5430  aux=0.0000  dead=0.0%  L/P/U=5120/0/0  actL/P/U=nan/nan/nan  H=nan  Hu=nan  spec<.5=nan  marg=nan  lstd=nan  lr=3.76e-05
  step   7800/12000  recon=0.0831  pr=17.6396  sid=5.4629  aux=0.0000  dead=0.0%  L/P/U=5120/0/0  actL/P/U=nan/nan/nan  H=nan  Hu=nan  spec<.5=nan  marg=nan  lstd=nan  lr=3.65e-05
  step   7900/12000  recon=0.0838  pr=17.9136  sid=5.5078  aux=0.0000  dead=0.0%  L/P/U=5120/0/0  actL/P/U=nan/nan/nan  H=nan  Hu=nan  spec<.5=nan  marg=nan  lstd=nan  lr=3.54e-05
  [grad_norms @8000]
    recon             |g|=0.05962  ratio=1.000x recon
    pr_raw            |g|=5.28450  ratio=88.643x recon
    pr_weighted       |g|=0.00000  ratio=0.000x recon
    sid_raw           |g|=1.25570  ratio=21.063x recon
    sid_weighted      |g|=0.00000  ratio=0.000x recon
    [grad_cos @8000]  shared=sae.enc_weight; cos<0 = conflict
      cos(recon_vs_pr           ) = +0.011
      cos(recon_vs_sid          ) = +0.002
      cos(pr_vs_sid             ) = -0.012
  step   8000/12000  recon=0.0839  pr=18.4781  sid=5.5039  aux=0.0000  dead=0.0%  L/P/U=5120/0/0  actL/P/U=nan/nan/nan  H=nan  Hu=nan  spec<.5=nan  marg=nan  lstd=nan  lr=3.43e-05
[dis_data] g2p_en loaded for OOV words
[dis_data] g2p_en loaded for OOV words
  [val] step=8000  recon=0.0831  pr=18.0492  | z_L PR=2.944  | z_P SID=0.002
  ✓ best checkpoint (disent=3.9456  PER=2.944 sid=0.002 grl_acc=0.004 grl_p_per=nan) → /rds/user/bbg25/hpc-work/Thesis/Final-Proj/runs/blackwell_ablation/libri_sae_recon_topk128_aux64_12k_s42/checkpoints/stage2_best.pt
  step   8100/12000  recon=0.0842  pr=18.3429  sid=5.5430  aux=0.0000  dead=0.0%  L/P/U=5120/0/0  actL/P/U=nan/nan/nan  H=nan  Hu=nan  spec<.5=nan  marg=nan  lstd=nan  lr=3.32e-05
  step   8200/12000  recon=0.0820  pr=17.5452  sid=5.5996  aux=0.0000  dead=0.0%  L/P/U=5120/0/0  actL/P/U=nan/nan/nan  H=nan  Hu=nan  spec<.5=nan  marg=nan  lstd=nan  lr=3.21e-05
  step   8300/12000  recon=0.0813  pr=18.0356  sid=5.4648  aux=0.0000  dead=0.0%  L/P/U=5120/0/0  actL/P/U=nan/nan/nan  H=nan  Hu=nan  spec<.5=nan  marg=nan  lstd=nan  lr=3.11e-05
  step   8400/12000  recon=0.0838  pr=17.0432  sid=5.4941  aux=0.0000  dead=0.0%  L/P/U=5120/0/0  actL/P/U=nan/nan/nan  H=nan  Hu=nan  spec<.5=nan  marg=nan  lstd=nan  lr=3.01e-05
  [grad_norms @8500]
    recon             |g|=0.05816  ratio=1.000x recon
    pr_raw            |g|=5.04619  ratio=86.767x recon
    pr_weighted       |g|=0.00000  ratio=0.000x recon
    sid_raw           |g|=1.25813  ratio=21.633x recon
    sid_weighted      |g|=0.00000  ratio=0.000x recon
    [grad_cos @8500]  shared=sae.enc_weight; cos<0 = conflict
      cos(recon_vs_pr           ) = +0.006
      cos(recon_vs_sid          ) = -0.010
      cos(pr_vs_sid             ) = -0.004
  step   8500/12000  recon=0.0818  pr=18.4678  sid=5.5293  aux=0.0000  dead=0.0%  L/P/U=5120/0/0  actL/P/U=nan/nan/nan  H=nan  Hu=nan  spec<.5=nan  marg=nan  lstd=nan  lr=2.90e-05
  step   8600/12000  recon=0.0825  pr=16.9412  sid=5.5352  aux=0.0000  dead=0.0%  L/P/U=5120/0/0  actL/P/U=nan/nan/nan  H=nan  Hu=nan  spec<.5=nan  marg=nan  lstd=nan  lr=2.81e-05
[dis_data] g2p_en loaded for OOV words
[dis_data] g2p_en loaded for OOV words
  step   8700/12000  recon=0.0818  pr=17.1492  sid=5.6895  aux=0.0000  dead=0.0%  L/P/U=5120/0/0  actL/P/U=nan/nan/nan  H=nan  Hu=nan  spec<.5=nan  marg=nan  lstd=nan  lr=2.71e-05
  step   8800/12000  recon=0.0830  pr=17.3495  sid=5.7207  aux=0.0000  dead=0.0%  L/P/U=5120/0/0  actL/P/U=nan/nan/nan  H=nan  Hu=nan  spec<.5=nan  marg=nan  lstd=nan  lr=2.61e-05
  step   8900/12000  recon=0.0824  pr=17.0800  sid=5.4727  aux=0.0000  dead=0.0%  L/P/U=5120/0/0  actL/P/U=nan/nan/nan  H=nan  Hu=nan  spec<.5=nan  marg=nan  lstd=nan  lr=2.52e-05
  [grad_norms @9000]
    recon             |g|=0.05577  ratio=1.000x recon
    pr_raw            |g|=4.68539  ratio=84.009x recon
    pr_weighted       |g|=0.00000  ratio=0.000x recon
    sid_raw           |g|=1.33269  ratio=23.895x recon
    sid_weighted      |g|=0.00000  ratio=0.000x recon
    [grad_cos @9000]  shared=sae.enc_weight; cos<0 = conflict
      cos(recon_vs_pr           ) = +0.006
      cos(recon_vs_sid          ) = +0.014
      cos(pr_vs_sid             ) = +0.017
  step   9000/12000  recon=0.0810  pr=16.3672  sid=5.6191  aux=0.0000  dead=0.0%  L/P/U=5120/0/0  actL/P/U=nan/nan/nan  H=nan  Hu=nan  spec<.5=nan  marg=nan  lstd=nan  lr=2.43e-05
[dis_data] g2p_en loaded for OOV words
[dis_data] g2p_en loaded for OOV words
  [val] step=9000  recon=0.0825  pr=18.1053  | z_L PR=2.940  | z_P SID=0.002
  ✓ best checkpoint (disent=3.9421  PER=2.940 sid=0.002 grl_acc=0.004 grl_p_per=nan) → /rds/user/bbg25/hpc-work/Thesis/Final-Proj/runs/blackwell_ablation/libri_sae_recon_topk128_aux64_12k_s42/checkpoints/stage2_best.pt
  step   9100/12000  recon=0.0837  pr=17.4915  sid=5.4805  aux=0.0000  dead=0.0%  L/P/U=5120/0/0  actL/P/U=nan/nan/nan  H=nan  Hu=nan  spec<.5=nan  marg=nan  lstd=nan  lr=2.34e-05
  step   9200/12000  recon=0.0823  pr=18.4018  sid=5.6172  aux=0.0000  dead=0.0%  L/P/U=5120/0/0  actL/P/U=nan/nan/nan  H=nan  Hu=nan  spec<.5=nan  marg=nan  lstd=nan  lr=2.25e-05
  step   9300/12000  recon=0.0820  pr=19.0532  sid=5.5430  aux=0.0000  dead=0.0%  L/P/U=5120/0/0  actL/P/U=nan/nan/nan  H=nan  Hu=nan  spec<.5=nan  marg=nan  lstd=nan  lr=2.17e-05
  step   9400/12000  recon=0.0841  pr=17.5894  sid=5.5469  aux=0.0000  dead=0.0%  L/P/U=5120/0/0  actL/P/U=nan/nan/nan  H=nan  Hu=nan  spec<.5=nan  marg=nan  lstd=nan  lr=2.09e-05
  [grad_norms @9500]
    recon             |g|=0.06502  ratio=1.000x recon
    pr_raw            |g|=5.19018  ratio=79.829x recon
    pr_weighted       |g|=0.00000  ratio=0.000x recon
    sid_raw           |g|=1.45202  ratio=22.333x recon
    sid_weighted      |g|=0.00000  ratio=0.000x recon
    [grad_cos @9500]  shared=sae.enc_weight; cos<0 = conflict
      cos(recon_vs_pr           ) = -0.002
      cos(recon_vs_sid          ) = +0.004
      cos(pr_vs_sid             ) = -0.006
  step   9500/12000  recon=0.0831  pr=18.8124  sid=5.5977  aux=0.0000  dead=0.0%  L/P/U=5120/0/0  actL/P/U=nan/nan/nan  H=nan  Hu=nan  spec<.5=nan  marg=nan  lstd=nan  lr=2.01e-05
  step   9600/12000  recon=0.0820  pr=17.6263  sid=5.6777  aux=0.0000  dead=0.0%  L/P/U=5120/0/0  actL/P/U=nan/nan/nan  H=nan  Hu=nan  spec<.5=nan  marg=nan  lstd=nan  lr=1.93e-05
  step   9700/12000  recon=0.0815  pr=18.0167  sid=5.4141  aux=0.0000  dead=0.0%  L/P/U=5120/0/0  actL/P/U=nan/nan/nan  H=nan  Hu=nan  spec<.5=nan  marg=nan  lstd=nan  lr=1.86e-05
  step   9800/12000  recon=0.0821  pr=17.9019  sid=5.5508  aux=0.0000  dead=0.0%  L/P/U=5120/0/0  actL/P/U=nan/nan/nan  H=nan  Hu=nan  spec<.5=nan  marg=nan  lstd=nan  lr=1.79e-05
  step   9900/12000  recon=0.0840  pr=18.6694  sid=5.7500  aux=0.0000  dead=0.0%  L/P/U=5120/0/0  actL/P/U=nan/nan/nan  H=nan  Hu=nan  spec<.5=nan  marg=nan  lstd=nan  lr=1.72e-05
  [grad_norms @10000]
    recon             |g|=0.06295  ratio=1.000x recon
    pr_raw            |g|=4.85690  ratio=77.151x recon
    pr_weighted       |g|=0.00000  ratio=0.000x recon
    sid_raw           |g|=1.36628  ratio=21.703x recon
    sid_weighted      |g|=0.00000  ratio=0.000x recon
    [grad_cos @10000]  shared=sae.enc_weight; cos<0 = conflict
      cos(recon_vs_pr           ) = +0.004
      cos(recon_vs_sid          ) = -0.004
      cos(pr_vs_sid             ) = -0.017
  step  10000/12000  recon=0.0825  pr=16.9947  sid=5.6133  aux=0.0000  dead=0.0%  L/P/U=5120/0/0  actL/P/U=nan/nan/nan  H=nan  Hu=nan  spec<.5=nan  marg=nan  lstd=nan  lr=1.66e-05
[dis_data] g2p_en loaded for OOV words
[dis_data] g2p_en loaded for OOV words
  [val] step=10000  recon=0.0820  pr=18.1659  | z_L PR=2.939  | z_P SID=0.002
  ✓ best checkpoint (disent=3.9408  PER=2.939 sid=0.002 grl_acc=0.004 grl_p_per=nan) → /rds/user/bbg25/hpc-work/Thesis/Final-Proj/runs/blackwell_ablation/libri_sae_recon_topk128_aux64_12k_s42/checkpoints/stage2_best.pt
  step  10100/12000  recon=0.0815  pr=18.3637  sid=5.5137  aux=0.0000  dead=0.0%  L/P/U=5120/0/0  actL/P/U=nan/nan/nan  H=nan  Hu=nan  spec<.5=nan  marg=nan  lstd=nan  lr=1.59e-05
  step  10200/12000  recon=0.0820  pr=17.1038  sid=5.6074  aux=0.0000  dead=0.0%  L/P/U=5120/0/0  actL/P/U=nan/nan/nan  H=nan  Hu=nan  spec<.5=nan  marg=nan  lstd=nan  lr=1.53e-05
  step  10300/12000  recon=0.0803  pr=17.6392  sid=5.5352  aux=0.0000  dead=0.0%  L/P/U=5120/0/0  actL/P/U=nan/nan/nan  H=nan  Hu=nan  spec<.5=nan  marg=nan  lstd=nan  lr=1.48e-05
[dis_data] g2p_en loaded for OOV words
[dis_data] g2p_en loaded for OOV words
  step  10400/12000  recon=0.0808  pr=18.6900  sid=5.5117  aux=0.0000  dead=0.0%  L/P/U=5120/0/0  actL/P/U=nan/nan/nan  H=nan  Hu=nan  spec<.5=nan  marg=nan  lstd=nan  lr=1.42e-05
  [grad_norms @10500]
    recon             |g|=0.06254  ratio=1.000x recon
    pr_raw            |g|=4.99274  ratio=79.829x recon
    pr_weighted       |g|=0.00000  ratio=0.000x recon
    sid_raw           |g|=1.34587  ratio=21.519x recon
    sid_weighted      |g|=0.00000  ratio=0.000x recon
    [grad_cos @10500]  shared=sae.enc_weight; cos<0 = conflict
      cos(recon_vs_pr           ) = +0.005
      cos(recon_vs_sid          ) = +0.005
      cos(pr_vs_sid             ) = +0.008
  step  10500/12000  recon=0.0810  pr=17.2641  sid=5.6738  aux=0.0000  dead=0.0%  L/P/U=5120/0/0  actL/P/U=nan/nan/nan  H=nan  Hu=nan  spec<.5=nan  marg=nan  lstd=nan  lr=1.37e-05
  step  10600/12000  recon=0.0818  pr=16.8024  sid=5.6562  aux=0.0000  dead=0.0%  L/P/U=5120/0/0  actL/P/U=nan/nan/nan  H=nan  Hu=nan  spec<.5=nan  marg=nan  lstd=nan  lr=1.33e-05
  step  10700/12000  recon=0.0827  pr=18.3211  sid=5.4844  aux=0.0000  dead=0.0%  L/P/U=5120/0/0  actL/P/U=nan/nan/nan  H=nan  Hu=nan  spec<.5=nan  marg=nan  lstd=nan  lr=1.28e-05
  step  10800/12000  recon=0.0821  pr=16.7615  sid=5.6895  aux=0.0000  dead=0.0%  L/P/U=5120/0/0  actL/P/U=nan/nan/nan  H=nan  Hu=nan  spec<.5=nan  marg=nan  lstd=nan  lr=1.24e-05
  step  10900/12000  recon=0.0814  pr=16.4666  sid=5.5488  aux=0.0000  dead=0.0%  L/P/U=5120/0/0  actL/P/U=nan/nan/nan  H=nan  Hu=nan  spec<.5=nan  marg=nan  lstd=nan  lr=1.20e-05
  [grad_norms @11000]
    recon             |g|=0.05981  ratio=1.000x recon
    pr_raw            |g|=4.81852  ratio=80.558x recon
    pr_weighted       |g|=0.00000  ratio=0.000x recon
    sid_raw           |g|=1.29507  ratio=21.652x recon
    sid_weighted      |g|=0.00000  ratio=0.000x recon
    [grad_cos @11000]  shared=sae.enc_weight; cos<0 = conflict
      cos(recon_vs_pr           ) = +0.001
      cos(recon_vs_sid          ) = -0.003
      cos(pr_vs_sid             ) = +0.013
  step  11000/12000  recon=0.0818  pr=16.7674  sid=5.5000  aux=0.0000  dead=0.0%  L/P/U=5120/0/0  actL/P/U=nan/nan/nan  H=nan  Hu=nan  spec<.5=nan  marg=nan  lstd=nan  lr=1.17e-05
[dis_data] g2p_en loaded for OOV words
[dis_data] g2p_en loaded for OOV words
  [val] step=11000  recon=0.0817  pr=18.2201  | z_L PR=2.940  | z_P SID=0.004
  ✓ best checkpoint (disent=3.9398  PER=2.940 sid=0.004 grl_acc=0.004 grl_p_per=nan) → /rds/user/bbg25/hpc-work/Thesis/Final-Proj/runs/blackwell_ablation/libri_sae_recon_topk128_aux64_12k_s42/checkpoints/stage2_best.pt
  step  11100/12000  recon=0.0828  pr=17.4854  sid=5.4980  aux=0.0000  dead=0.0%  L/P/U=5120/0/0  actL/P/U=nan/nan/nan  H=nan  Hu=nan  spec<.5=nan  marg=nan  lstd=nan  lr=1.14e-05
  step  11200/12000  recon=0.0828  pr=18.9459  sid=5.5469  aux=0.0000  dead=0.0%  L/P/U=5120/0/0  actL/P/U=nan/nan/nan  H=nan  Hu=nan  spec<.5=nan  marg=nan  lstd=nan  lr=1.11e-05
  step  11300/12000  recon=0.0828  pr=18.2485  sid=5.5762  aux=0.0000  dead=0.0%  L/P/U=5120/0/0  actL/P/U=nan/nan/nan  H=nan  Hu=nan  spec<.5=nan  marg=nan  lstd=nan  lr=1.08e-05
  step  11400/12000  recon=0.0818  pr=18.2433  sid=5.6465  aux=0.0000  dead=0.0%  L/P/U=5120/0/0  actL/P/U=nan/nan/nan  H=nan  Hu=nan  spec<.5=nan  marg=nan  lstd=nan  lr=1.06e-05
  [grad_norms @11500]
    recon             |g|=0.06651  ratio=1.000x recon
    pr_raw            |g|=4.90938  ratio=73.813x recon
    pr_weighted       |g|=0.00000  ratio=0.000x recon
    sid_raw           |g|=1.39336  ratio=20.949x recon
    sid_weighted      |g|=0.00000  ratio=0.000x recon
    [grad_cos @11500]  shared=sae.enc_weight; cos<0 = conflict
      cos(recon_vs_pr           ) = +0.000
      cos(recon_vs_sid          ) = +0.004
      cos(pr_vs_sid             ) = -0.002
  step  11500/12000  recon=0.0811  pr=16.2726  sid=5.6211  aux=0.0000  dead=0.0%  L/P/U=5120/0/0  actL/P/U=nan/nan/nan  H=nan  Hu=nan  spec<.5=nan  marg=nan  lstd=nan  lr=1.04e-05
  step  11600/12000  recon=0.0812  pr=19.9099  sid=5.5195  aux=0.0000  dead=0.0%  L/P/U=5120/0/0  actL/P/U=nan/nan/nan  H=nan  Hu=nan  spec<.5=nan  marg=nan  lstd=nan  lr=1.03e-05
  step  11700/12000  recon=0.0819  pr=17.2764  sid=5.5469  aux=0.0000  dead=0.0%  L/P/U=5120/0/0  actL/P/U=nan/nan/nan  H=nan  Hu=nan  spec<.5=nan  marg=nan  lstd=nan  lr=1.02e-05
  step  11800/12000  recon=0.0814  pr=19.2296  sid=5.6289  aux=0.0000  dead=0.0%  L/P/U=5120/0/0  actL/P/U=nan/nan/nan  H=nan  Hu=nan  spec<.5=nan  marg=nan  lstd=nan  lr=1.01e-05
  step  11900/12000  recon=0.0809  pr=18.3204  sid=5.4395  aux=0.0000  dead=0.0%  L/P/U=5120/0/0  actL/P/U=nan/nan/nan  H=nan  Hu=nan  spec<.5=nan  marg=nan  lstd=nan  lr=1.00e-05
  [grad_norms @12000]
    recon             |g|=0.06528  ratio=1.000x recon
    pr_raw            |g|=4.89715  ratio=75.020x recon
    pr_weighted       |g|=0.00000  ratio=0.000x recon
    sid_raw           |g|=1.40536  ratio=21.529x recon
    sid_weighted      |g|=0.00000  ratio=0.000x recon
    [grad_cos @12000]  shared=sae.enc_weight; cos<0 = conflict
      cos(recon_vs_pr           ) = -0.005
      cos(recon_vs_sid          ) = +0.001
      cos(pr_vs_sid             ) = +0.002
  step  12000/12000  recon=0.0811  pr=17.2686  sid=5.5586  aux=0.0000  dead=0.0%  L/P/U=5120/0/0  actL/P/U=nan/nan/nan  H=nan  Hu=nan  spec<.5=nan  marg=nan  lstd=nan  lr=1.00e-05
[dis_data] g2p_en loaded for OOV words
[dis_data] g2p_en loaded for OOV words
  [val] step=12000  recon=0.0815  pr=18.2702  | z_L PR=2.937  | z_P SID=0.004
  ✓ best checkpoint (disent=3.9369  PER=2.937 sid=0.004 grl_acc=0.004 grl_p_per=nan) → /rds/user/bbg25/hpc-work/Thesis/Final-Proj/runs/blackwell_ablation/libri_sae_recon_topk128_aux64_12k_s42/checkpoints/stage2_best.pt

[stage 2] done.  Best disent_score=3.9369  → /rds/user/bbg25/hpc-work/Thesis/Final-Proj/runs/blackwell_ablation/libri_sae_recon_topk128_aux64_12k_s42/checkpoints/stage2_best.pt

[done]  best checkpoint → /rds/user/bbg25/hpc-work/Thesis/Final-Proj/runs/blackwell_ablation/libri_sae_recon_topk128_aux64_12k_s42/checkpoints/stage2_best.pt

+ /home/bbg25/.conda/envs/mlmi4/bin/python -u Disentanglement/diag_probe/run.py --stage2_ckpt /rds/user/bbg25/hpc-work/Thesis/Final-Proj/runs/blackwell_ablation/libri_sae_recon_topk128_aux64_12k_s42/checkpoints/stage2_step12000.pt --stage1_ckpt /rds/user/bbg25/hpc-work/Thesis/Final-Proj/runs/blackwell_ablation/libri_sae_recon_topk128_aux64_12k_s42/checkpoints/stage2_step12000.pt --run_name diag_libri_sae_recon_topk128_aux64_12k_s42_zt_pr_linear_seed42 --output_json /rds/user/bbg25/hpc-work/Thesis/Final-Proj/Disentanglement/blackwell/logs/ablation_capacity_matrix/json/libri_sae_recon_topk128_aux64_12k_s42/diag_libri_sae_recon_topk128_aux64_12k_s42_zt_pr_linear_seed42.json --local_data --librispeech_root /rds/user/bbg25/hpc-work/Thesis/Final-Proj/Probing/data/LibriSpeech --lexicon_path /rds/user/bbg25/hpc-work/Thesis/Final-Proj/Probing/data/librispeech-lexicon.txt --spear_layernorm --topk 128 --probe_steps 5000 --probe_val_every 250 --probe_patience 0 --probe_warmup_steps 0 --pr_probe_warmup_steps 500 --seed 42 --num_workers 8 --sources z_t --tasks pr --pr_probe_arch linear --pr_probe_lr 5e-4 --pr_max_examples 0 --no-pr_checkpoint_sanity
[diag_probe] run=diag_libri_sae_recon_topk128_aux64_12k_s42_zt_pr_linear_seed42  device=cuda
[diag_probe] seed=42
[diag_probe] stage1_ckpt=/rds/user/bbg25/hpc-work/Thesis/Final-Proj/runs/blackwell_ablation/libri_sae_recon_topk128_aux64_12k_s42/checkpoints/stage2_step12000.pt
[diag_probe] stage2_ckpt=/rds/user/bbg25/hpc-work/Thesis/Final-Proj/runs/blackwell_ablation/libri_sae_recon_topk128_aux64_12k_s42/checkpoints/stage2_step12000.pt
[diag_probe] sources=['z_t']  tasks=['pr']
[diag_probe] probe_steps=5000  pr_lr=0.0005  asr_lr=0.0005  sid_lr=0.001  pr_warmup=500  asr_warmup=500  other_warmup=0  val_every=250  patience=0
[dis_data] loaded lexicon: 200,000 entries
[dis_data] loading PR train-clean-100 …
[dis_data] loading PR dev-clean …
[dis_data] loading PR test-clean …
[dis_data]  PR train=28539 val=2703 test=2620 vocab=74
[diag_probe] ASR task not requested — skipping ASR dataloaders.
[dis_data] loading train-clean-100 …
[dis_data]  251 speakers
[dis_data]  train=27539  val=500  test=500  vocab=74  speakers=251
[diag_probe] topk overridden: 256 -> 128
[train] loaded 6 SAE tensors from /rds/user/bbg25/hpc-work/Thesis/Final-Proj/runs/blackwell_ablation/libri_sae_recon_topk128_aux64_12k_s42/checkpoints/stage2_step12000.pt  (step=12000  val=3.9369)
[diag_probe] loaded stage2 weights from /rds/user/bbg25/hpc-work/Thesis/Final-Proj/runs/blackwell_ablation/libri_sae_recon_topk128_aux64_12k_s42/checkpoints/stage2_step12000.pt

[diag_probe] speakers=251  pr_vocab=74  asr_vocab=n/a  D=1280  K=5120
[diag_probe] PR: stage-2-matched 74-phone targets — train-clean-100 → val=dev-clean, test=test-clean
[diag_probe] ASR: skipped
[diag_probe] SID: closed-set utterance split (val/test held out); probe arch=linear
[diag_probe] reported metric = TEST (val shown in parentheses)

  training probe: z_t -> PR ...
[dis_data] g2p_en loaded for OOV words
[dis_data] g2p_en loaded for OOV words
[dis_data] g2p_en loaded for OOV words
[dis_data] g2p_en loaded for OOV words
[dis_data] g2p_en loaded for OOV words[dis_data] g2p_en loaded for OOV words

[dis_data] g2p_en loaded for OOV words
[dis_data] g2p_en loaded for OOV words
[dis_data] g2p_en loaded for OOV words
[dis_data] g2p_en loaded for OOV words
[dis_data] g2p_en loaded for OOV words
[dis_data] g2p_en loaded for OOV words
[dis_data] g2p_en loaded for OOV words
[dis_data] g2p_en loaded for OOV words
[dis_data] g2p_en loaded for OOV words[dis_data] g2p_en loaded for OOV words

[dis_data] g2p_en loaded for OOV words
[dis_data] g2p_en loaded for OOV words
[dis_data] g2p_en loaded for OOV words
[dis_data] g2p_en loaded for OOV words
[dis_data] g2p_en loaded for OOV words
[dis_data] g2p_en loaded for OOV words
[dis_data] g2p_en loaded for OOV words
[dis_data] g2p_en loaded for OOV words
      [pr z_t] step 250/5000  train loss=2.711  dev loss=0.422  dev PER=0.113  (best 0.113, bad 0/0)
      [pr z_t] step 500/5000  train loss=0.405  dev loss=0.385  dev PER=0.097  (best 0.097, bad 0/0)
      [pr z_t] step 750/5000  train loss=0.362  dev loss=0.352  dev PER=0.088  (best 0.088, bad 0/0)
      [pr z_t] step 1000/5000  train loss=0.341  dev loss=0.330  dev PER=0.081  (best 0.081, bad 0/0)
      [pr z_t] step 1250/5000  train loss=0.329  dev loss=0.315  dev PER=0.078  (best 0.078, bad 0/0)
      [pr z_t] step 1500/5000  train loss=0.313  dev loss=0.314  dev PER=0.080  (best 0.078, bad 1/0)
      [pr z_t] step 1750/5000  train loss=0.314  dev loss=0.303  dev PER=0.074  (best 0.074, bad 0/0)
[dis_data] g2p_en loaded for OOV words
[dis_data] g2p_en loaded for OOV words
[dis_data] g2p_en loaded for OOV words
[dis_data] g2p_en loaded for OOV words
[dis_data] g2p_en loaded for OOV words
[dis_data] g2p_en loaded for OOV words[dis_data] g2p_en loaded for OOV words[dis_data] g2p_en loaded for OOV words


      [pr z_t] step 2000/5000  train loss=0.266  dev loss=0.297  dev PER=0.070  (best 0.070, bad 0/0)
      [pr z_t] step 2250/5000  train loss=0.268  dev loss=0.299  dev PER=0.073  (best 0.070, bad 1/0)
      [pr z_t] step 2500/5000  train loss=0.267  dev loss=0.297  dev PER=0.075  (best 0.070, bad 2/0)
      [pr z_t] step 2750/5000  train loss=0.268  dev loss=0.287  dev PER=0.073  (best 0.070, bad 3/0)
      [pr z_t] step 3000/5000  train loss=0.267  dev loss=0.288  dev PER=0.069  (best 0.069, bad 0/0)
      [pr z_t] step 3250/5000  train loss=0.264  dev loss=0.278  dev PER=0.070  (best 0.069, bad 1/0)
      [pr z_t] step 3500/5000  train loss=0.262  dev loss=0.279  dev PER=0.070  (best 0.069, bad 2/0)
[dis_data] g2p_en loaded for OOV words
[dis_data] g2p_en loaded for OOV words
[dis_data] g2p_en loaded for OOV words
[dis_data] g2p_en loaded for OOV words
[dis_data] g2p_en loaded for OOV words[dis_data] g2p_en loaded for OOV words[dis_data] g2p_en loaded for OOV words


[dis_data] g2p_en loaded for OOV words
      [pr z_t] step 3750/5000  train loss=0.235  dev loss=0.277  dev PER=0.068  (best 0.068, bad 0/0)
      [pr z_t] step 4000/5000  train loss=0.224  dev loss=0.278  dev PER=0.067  (best 0.067, bad 0/0)
      [pr z_t] step 4250/5000  train loss=0.225  dev loss=0.274  dev PER=0.067  (best 0.067, bad 1/0)
      [pr z_t] step 4500/5000  train loss=0.225  dev loss=0.271  dev PER=0.067  (best 0.067, bad 0/0)
      [pr z_t] step 4750/5000  train loss=0.230  dev loss=0.269  dev PER=0.067  (best 0.067, bad 1/0)
      [pr z_t] step 5000/5000  train loss=0.223  dev loss=0.269  dev PER=0.067  (best 0.067, bad 0/0)
    z_t -> PR               PER test=0.069  (val 0.067)

==================================================================
  DIAGNOSTIC PROBE RESULTS - diag_libri_sae_recon_topk128_aux64_12k_s42_zt_pr_linear_seed42
==================================================================
  Source       PR (PER↓)    SID (acc↑)
  --------  ------------  ------------
  z_t              0.069           nan
==================================================================


+ /home/bbg25/.conda/envs/mlmi4/bin/python -u Disentanglement/diag_probe/run.py --stage2_ckpt /rds/user/bbg25/hpc-work/Thesis/Final-Proj/runs/blackwell_ablation/libri_sae_recon_topk128_aux64_12k_s42/checkpoints/stage2_step12000.pt --stage1_ckpt /rds/user/bbg25/hpc-work/Thesis/Final-Proj/runs/blackwell_ablation/libri_sae_recon_topk128_aux64_12k_s42/checkpoints/stage2_step12000.pt --run_name diag_libri_sae_recon_topk128_aux64_12k_s42_zt_sid_linear_seed42 --output_json /rds/user/bbg25/hpc-work/Thesis/Final-Proj/Disentanglement/blackwell/logs/ablation_capacity_matrix/json/libri_sae_recon_topk128_aux64_12k_s42/diag_libri_sae_recon_topk128_aux64_12k_s42_zt_sid_linear_seed42.json --local_data --librispeech_root /rds/user/bbg25/hpc-work/Thesis/Final-Proj/Probing/data/LibriSpeech --lexicon_path /rds/user/bbg25/hpc-work/Thesis/Final-Proj/Probing/data/librispeech-lexicon.txt --spear_layernorm --topk 128 --probe_steps 5000 --probe_val_every 250 --probe_patience 0 --probe_warmup_steps 0 --pr_probe_warmup_steps 500 --seed 42 --num_workers 8 --sources z_t --tasks sid --sid_probe_arch linear --sid_probe_lr 1e-3 --no-pr_checkpoint_sanity
[diag_probe] run=diag_libri_sae_recon_topk128_aux64_12k_s42_zt_sid_linear_seed42  device=cuda
[diag_probe] seed=42
[diag_probe] stage1_ckpt=/rds/user/bbg25/hpc-work/Thesis/Final-Proj/runs/blackwell_ablation/libri_sae_recon_topk128_aux64_12k_s42/checkpoints/stage2_step12000.pt
[diag_probe] stage2_ckpt=/rds/user/bbg25/hpc-work/Thesis/Final-Proj/runs/blackwell_ablation/libri_sae_recon_topk128_aux64_12k_s42/checkpoints/stage2_step12000.pt
[diag_probe] sources=['z_t']  tasks=['sid']
[diag_probe] probe_steps=5000  pr_lr=0.0005  asr_lr=0.0005  sid_lr=0.001  pr_warmup=500  asr_warmup=500  other_warmup=0  val_every=250  patience=0
[diag_probe] PR task not requested — skipping PR dataloaders.
[diag_probe] ASR task not requested — skipping ASR dataloaders.
[dis_data] loaded lexicon: 200,000 entries
[dis_data] loading train-clean-100 …
[dis_data]  251 speakers
[dis_data]  train=27539  val=500  test=500  vocab=74  speakers=251
[diag_probe] topk overridden: 256 -> 128
[train] loaded 6 SAE tensors from /rds/user/bbg25/hpc-work/Thesis/Final-Proj/runs/blackwell_ablation/libri_sae_recon_topk128_aux64_12k_s42/checkpoints/stage2_step12000.pt  (step=12000  val=3.9369)
[diag_probe] loaded stage2 weights from /rds/user/bbg25/hpc-work/Thesis/Final-Proj/runs/blackwell_ablation/libri_sae_recon_topk128_aux64_12k_s42/checkpoints/stage2_step12000.pt

[diag_probe] speakers=251  pr_vocab=74  asr_vocab=n/a  D=1280  K=5120
[diag_probe] PR: skipped
[diag_probe] ASR: skipped
[diag_probe] SID: closed-set utterance split (val/test held out); probe arch=linear
[diag_probe] reported metric = TEST (val shown in parentheses)

  training probe: z_t -> SID ...
[dis_data] g2p_en loaded for OOV words
[dis_data] g2p_en loaded for OOV words
[dis_data] g2p_en loaded for OOV words
[dis_data] g2p_en loaded for OOV words
[dis_data] g2p_en loaded for OOV words
[dis_data] g2p_en loaded for OOV words[dis_data] g2p_en loaded for OOV words[dis_data] g2p_en loaded for OOV words


[dis_data] g2p_en loaded for OOV words
[dis_data] g2p_en loaded for OOV words
[dis_data] g2p_en loaded for OOV words
[dis_data] g2p_en loaded for OOV words
[dis_data] g2p_en loaded for OOV words[dis_data] g2p_en loaded for OOV words

[dis_data] g2p_en loaded for OOV words
[dis_data] g2p_en loaded for OOV words
[dis_data] g2p_en loaded for OOV words
[dis_data] g2p_en loaded for OOV words
[dis_data] g2p_en loaded for OOV words
[dis_data] g2p_en loaded for OOV words
[dis_data] g2p_en loaded for OOV words
[dis_data] g2p_en loaded for OOV words
[dis_data] g2p_en loaded for OOV words
[dis_data] g2p_en loaded for OOV words
      [sid z_t] step 250/5000  train loss=0.817 acc=0.875  dev loss=0.969 acc=0.774  (best 0.774, bad 0/0)
      [sid z_t] step 500/5000  train loss=0.608 acc=0.875  dev loss=0.269 acc=0.940  (best 0.940, bad 0/0)
      [sid z_t] step 750/5000  train loss=0.027 acc=1.000  dev loss=0.125 acc=0.964  (best 0.964, bad 0/0)
      [sid z_t] step 1000/5000  train loss=0.017 acc=1.000  dev loss=0.123 acc=0.966  (best 0.966, bad 0/0)
      [sid z_t] step 1250/5000  train loss=0.000 acc=1.000  dev loss=0.036 acc=0.990  (best 0.990, bad 0/0)
      [sid z_t] step 1500/5000  train loss=0.119 acc=0.938  dev loss=0.145 acc=0.972  (best 0.990, bad 1/0)
[dis_data] g2p_en loaded for OOV words
[dis_data] g2p_en loaded for OOV words
[dis_data] g2p_en loaded for OOV words[dis_data] g2p_en loaded for OOV words[dis_data] g2p_en loaded for OOV words


[dis_data] g2p_en loaded for OOV words[dis_data] g2p_en loaded for OOV words

[dis_data] g2p_en loaded for OOV words
      [sid z_t] step 1750/5000  train loss=0.043 acc=1.000  dev loss=0.016 acc=0.998  (best 0.998, bad 0/0)
      [sid z_t] step 2000/5000  train loss=0.027 acc=1.000  dev loss=0.037 acc=0.990  (best 0.998, bad 1/0)
      [sid z_t] step 2250/5000  train loss=0.000 acc=1.000  dev loss=0.017 acc=0.996  (best 0.998, bad 2/0)
      [sid z_t] step 2500/5000  train loss=0.000 acc=1.000  dev loss=0.017 acc=0.994  (best 0.998, bad 3/0)
      [sid z_t] step 2750/5000  train loss=0.000 acc=1.000  dev loss=0.019 acc=0.994  (best 0.998, bad 4/0)
      [sid z_t] step 3000/5000  train loss=0.000 acc=1.000  dev loss=0.018 acc=0.990  (best 0.998, bad 5/0)
      [sid z_t] step 3250/5000  train loss=0.000 acc=1.000  dev loss=0.011 acc=0.996  (best 0.998, bad 6/0)
[dis_data] g2p_en loaded for OOV words
[dis_data] g2p_en loaded for OOV words
[dis_data] g2p_en loaded for OOV words
[dis_data] g2p_en loaded for OOV words
[dis_data] g2p_en loaded for OOV words
[dis_data] g2p_en loaded for OOV words
[dis_data] g2p_en loaded for OOV words
[dis_data] g2p_en loaded for OOV words
      [sid z_t] step 3500/5000  train loss=0.000 acc=1.000  dev loss=0.005 acc=0.998  (best 0.998, bad 7/0)
      [sid z_t] step 3750/5000  train loss=0.000 acc=1.000  dev loss=0.005 acc=0.998  (best 0.998, bad 8/0)
      [sid z_t] step 4000/5000  train loss=0.000 acc=1.000  dev loss=0.012 acc=0.994  (best 0.998, bad 9/0)
      [sid z_t] step 4250/5000  train loss=0.000 acc=1.000  dev loss=0.007 acc=0.998  (best 0.998, bad 10/0)
      [sid z_t] step 4500/5000  train loss=0.000 acc=1.000  dev loss=0.006 acc=0.998  (best 0.998, bad 11/0)
      [sid z_t] step 4750/5000  train loss=0.000 acc=1.000  dev loss=0.006 acc=0.998  (best 0.998, bad 12/0)
      [sid z_t] step 5000/5000  train loss=0.000 acc=1.000  dev loss=0.006 acc=0.998  (best 0.998, bad 13/0)
    z_t -> SID              acc test=0.990  (val 0.998)

==================================================================
  DIAGNOSTIC PROBE RESULTS - diag_libri_sae_recon_topk128_aux64_12k_s42_zt_sid_linear_seed42
==================================================================
  Source       PR (PER↓)    SID (acc↑)
  --------  ------------  ------------
  z_t                nan         0.990
==================================================================


+ /home/bbg25/.conda/envs/mlmi4/bin/python -u Disentanglement/diag_probe/run.py --stage2_ckpt /rds/user/bbg25/hpc-work/Thesis/Final-Proj/runs/blackwell_ablation/libri_sae_recon_topk128_aux64_12k_s42/checkpoints/stage2_step12000.pt --stage1_ckpt /rds/user/bbg25/hpc-work/Thesis/Final-Proj/runs/blackwell_ablation/libri_sae_recon_topk128_aux64_12k_s42/checkpoints/stage2_step12000.pt --run_name diag_libri_sae_recon_topk128_aux64_12k_s42_zt_asr_lstm_10k_seed42 --output_json /rds/user/bbg25/hpc-work/Thesis/Final-Proj/Disentanglement/blackwell/logs/ablation_capacity_matrix/json/libri_sae_recon_topk128_aux64_12k_s42/diag_libri_sae_recon_topk128_aux64_12k_s42_zt_asr_lstm_10k_seed42.json --local_data --librispeech_root /rds/user/bbg25/hpc-work/Thesis/Final-Proj/Probing/data/LibriSpeech --lexicon_path /rds/user/bbg25/hpc-work/Thesis/Final-Proj/Probing/data/librispeech-lexicon.txt --spear_layernorm --topk 128 --probe_steps 10000 --probe_val_every 250 --probe_patience 0 --probe_warmup_steps 0 --seed 42 --num_workers 8 --sources z_t --tasks asr --asr_probe_arch lstm --asr_probe_lr 5e-4 --asr_probe_warmup_steps 500 --asr_probe_proj_dim 1024 --asr_lstm_hidden 1024 --asr_lstm_layers 2 --asr_time_mask_param 50 --asr_freq_mask_param 64 --asr_probe_dropout 0.1 --asr_max_examples 0 --no-pr_checkpoint_sanity
[diag_probe] run=diag_libri_sae_recon_topk128_aux64_12k_s42_zt_asr_lstm_10k_seed42  device=cuda
[diag_probe] seed=42
[diag_probe] stage1_ckpt=/rds/user/bbg25/hpc-work/Thesis/Final-Proj/runs/blackwell_ablation/libri_sae_recon_topk128_aux64_12k_s42/checkpoints/stage2_step12000.pt
[diag_probe] stage2_ckpt=/rds/user/bbg25/hpc-work/Thesis/Final-Proj/runs/blackwell_ablation/libri_sae_recon_topk128_aux64_12k_s42/checkpoints/stage2_step12000.pt
[diag_probe] sources=['z_t']  tasks=['asr']
[diag_probe] probe_steps=10000  pr_lr=0.0005  asr_lr=0.0005  sid_lr=0.001  pr_warmup=500  asr_warmup=500  other_warmup=0  val_every=250  patience=0
[diag_probe] PR task not requested — skipping PR dataloaders.
[dis_data] loading ASR train-clean-100 …
[dis_data] loading ASR dev-clean …
[dis_data] loading ASR test-clean …
[dis_data]  ASR train=28539 val=2703 test=2620 vocab=29
[dis_data] loaded lexicon: 200,000 entries
[dis_data] loading train-clean-100 …
[dis_data]  251 speakers
[dis_data]  train=27539  val=500  test=500  vocab=74  speakers=251
[diag_probe] topk overridden: 256 -> 128
[train] loaded 6 SAE tensors from /rds/user/bbg25/hpc-work/Thesis/Final-Proj/runs/blackwell_ablation/libri_sae_recon_topk128_aux64_12k_s42/checkpoints/stage2_step12000.pt  (step=12000  val=3.9369)
[diag_probe] loaded stage2 weights from /rds/user/bbg25/hpc-work/Thesis/Final-Proj/runs/blackwell_ablation/libri_sae_recon_topk128_aux64_12k_s42/checkpoints/stage2_step12000.pt

[diag_probe] speakers=251  pr_vocab=74  asr_vocab=29  D=1280  K=5120
[diag_probe] PR: skipped
[diag_probe] ASR: character CTC transcripts — train-clean-100 → val=dev-clean, test=test-clean; probe arch=lstm
[diag_probe] SID: closed-set utterance split (val/test held out); probe arch=linear
[diag_probe] reported metric = TEST (val shown in parentheses)

  training probe: z_t -> ASR ...
      [asr z_t] step 250/10000  train loss=2.287  dev loss=0.353  dev WER=0.359  dev CER=0.104  (best CER 0.104, bad 0/0)
      [asr z_t] step 500/10000  train loss=0.330  dev loss=0.213  dev WER=0.216  dev CER=0.060  (best CER 0.060, bad 0/0)
      [asr z_t] step 750/10000  train loss=0.247  dev loss=0.173  dev WER=0.164  dev CER=0.044  (best CER 0.044, bad 0/0)
      [asr z_t] step 1000/10000  train loss=0.215  dev loss=0.142  dev WER=0.139  dev CER=0.037  (best CER 0.037, bad 0/0)
      [asr z_t] step 1250/10000  train loss=0.191  dev loss=0.133  dev WER=0.129  dev CER=0.035  (best CER 0.035, bad 0/0)
      [asr z_t] step 1500/10000  train loss=0.184  dev loss=0.128  dev WER=0.125  dev CER=0.033  (best CER 0.033, bad 0/0)
      [asr z_t] step 1750/10000  train loss=0.179  dev loss=0.118  dev WER=0.113  dev CER=0.030  (best CER 0.030, bad 0/0)
      [asr z_t] step 2000/10000  train loss=0.149  dev loss=0.111  dev WER=0.102  dev CER=0.027  (best CER 0.027, bad 0/0)
      [asr z_t] step 2250/10000  train loss=0.147  dev loss=0.110  dev WER=0.103  dev CER=0.027  (best CER 0.027, bad 0/0)
      [asr z_t] step 2500/10000  train loss=0.149  dev loss=0.104  dev WER=0.095  dev CER=0.026  (best CER 0.026, bad 0/0)
      [asr z_t] step 2750/10000  train loss=0.145  dev loss=0.105  dev WER=0.098  dev CER=0.027  (best CER 0.026, bad 1/0)
      [asr z_t] step 3000/10000  train loss=0.145  dev loss=0.100  dev WER=0.094  dev CER=0.025  (best CER 0.025, bad 0/0)
      [asr z_t] step 3250/10000  train loss=0.138  dev loss=0.096  dev WER=0.089  dev CER=0.024  (best CER 0.024, bad 0/0)
      [asr z_t] step 3500/10000  train loss=0.136  dev loss=0.094  dev WER=0.086  dev CER=0.023  (best CER 0.023, bad 0/0)
      [asr z_t] step 3750/10000  train loss=0.120  dev loss=0.091  dev WER=0.081  dev CER=0.022  (best CER 0.022, bad 0/0)
      [asr z_t] step 4000/10000  train loss=0.115  dev loss=0.093  dev WER=0.081  dev CER=0.022  (best CER 0.022, bad 1/0)
      [asr z_t] step 4250/10000  train loss=0.116  dev loss=0.091  dev WER=0.079  dev CER=0.021  (best CER 0.021, bad 0/0)
      [asr z_t] step 4500/10000  train loss=0.114  dev loss=0.089  dev WER=0.078  dev CER=0.021  (best CER 0.021, bad 0/0)
      [asr z_t] step 4750/10000  train loss=0.116  dev loss=0.086  dev WER=0.076  dev CER=0.021  (best CER 0.021, bad 0/0)
      [asr z_t] step 5000/10000  train loss=0.111  dev loss=0.087  dev WER=0.077  dev CER=0.021  (best CER 0.021, bad 1/0)
      [asr z_t] step 5250/10000  train loss=0.113  dev loss=0.085  dev WER=0.074  dev CER=0.020  (best CER 0.020, bad 0/0)
      [asr z_t] step 5500/10000  train loss=0.102  dev loss=0.085  dev WER=0.071  dev CER=0.019  (best CER 0.019, bad 0/0)
      [asr z_t] step 5750/10000  train loss=0.094  dev loss=0.085  dev WER=0.070  dev CER=0.019  (best CER 0.019, bad 0/0)
      [asr z_t] step 6000/10000  train loss=0.091  dev loss=0.083  dev WER=0.070  dev CER=0.019  (best CER 0.019, bad 1/0)
      [asr z_t] step 6250/10000  train loss=0.094  dev loss=0.082  dev WER=0.067  dev CER=0.018  (best CER 0.018, bad 0/0)
      [asr z_t] step 6500/10000  train loss=0.094  dev loss=0.082  dev WER=0.069  dev CER=0.019  (best CER 0.018, bad 1/0)
      [asr z_t] step 6750/10000  train loss=0.093  dev loss=0.079  dev WER=0.065  dev CER=0.018  (best CER 0.018, bad 0/0)
      [asr z_t] step 7000/10000  train loss=0.092  dev loss=0.079  dev WER=0.064  dev CER=0.018  (best CER 0.018, bad 0/0)
      [asr z_t] step 7250/10000  train loss=0.087  dev loss=0.080  dev WER=0.063  dev CER=0.017  (best CER 0.017, bad 0/0)
      [asr z_t] step 7500/10000  train loss=0.077  dev loss=0.080  dev WER=0.062  dev CER=0.017  (best CER 0.017, bad 0/0)
      [asr z_t] step 7750/10000  train loss=0.079  dev loss=0.081  dev WER=0.062  dev CER=0.017  (best CER 0.017, bad 1/0)
      [asr z_t] step 8000/10000  train loss=0.079  dev loss=0.081  dev WER=0.061  dev CER=0.017  (best CER 0.017, bad 0/0)
      [asr z_t] step 8250/10000  train loss=0.078  dev loss=0.079  dev WER=0.061  dev CER=0.017  (best CER 0.017, bad 0/0)
      [asr z_t] step 8500/10000  train loss=0.078  dev loss=0.078  dev WER=0.060  dev CER=0.016  (best CER 0.016, bad 0/0)
      [asr z_t] step 8750/10000  train loss=0.073  dev loss=0.080  dev WER=0.059  dev CER=0.016  (best CER 0.016, bad 1/0)
      [asr z_t] step 9000/10000  train loss=0.070  dev loss=0.081  dev WER=0.058  dev CER=0.016  (best CER 0.016, bad 0/0)
      [asr z_t] step 9250/10000  train loss=0.064  dev loss=0.082  dev WER=0.058  dev CER=0.016  (best CER 0.016, bad 1/0)
      [asr z_t] step 9500/10000  train loss=0.066  dev loss=0.081  dev WER=0.058  dev CER=0.016  (best CER 0.016, bad 2/0)
      [asr z_t] step 9750/10000  train loss=0.064  dev loss=0.082  dev WER=0.058  dev CER=0.016  (best CER 0.016, bad 3/0)
      [asr z_t] step 10000/10000  train loss=0.066  dev loss=0.082  dev WER=0.058  dev CER=0.016  (best CER 0.016, bad 4/0)
    z_t -> ASR              WER test=0.060  CER test=0.016  (val WER 0.058, CER 0.016)

==============================================================================================
  DIAGNOSTIC PROBE RESULTS - diag_libri_sae_recon_topk128_aux64_12k_s42_zt_asr_lstm_10k_seed42
==============================================================================================
  Source       PR (PER↓)    SID (acc↑)      ASR WER↓      ASR CER↓
  --------  ------------  ------------  ------------  ------------
  z_t                nan           nan         0.060         0.016
==============================================================================================

finished       : Thu 16 Jul 03:58:12 BST 2026
