=== Libri ASR z_L/z_P sanity ===
started        : Thu 16 Jul 05:43:09 BST 2026
task_id        : 3
run            : libri_advfb_prrecover_gn00015_240L16P_aux64_12k_s42
label          : zP_asr_lstm_10k_full_seed42
checkpoint     : /rds/user/bbg25/hpc-work/Thesis/Final-Proj/checkpoints/blackwell/libri_advfb_prrecover_gn00015_240L16P_aux64_12k_s42/final.pt
sources        : z_P
route_kind     : fixed_240_16
seed           : 42
steps          : 10000
patience       : 0 (run full steps)
time/freq mask : 50/64
json           : /rds/user/bbg25/hpc-work/Thesis/Final-Proj/Disentanglement/blackwell/logs/asr_zlp_sanity/json/diag_libri_advfb_prrecover_gn00015_240L16P_aux64_12k_s42_zP_asr_lstm_10k_full_seed42.json
python         : /home/bbg25/.conda/envs/mlmi4/bin/python
gpu            : NVIDIA A100-SXM4-80GB
[diag_probe] run=diag_libri_advfb_prrecover_gn00015_240L16P_aux64_12k_s42_zP_asr_lstm_10k_full_seed42  device=cuda
[diag_probe] seed=42
[diag_probe] stage1_ckpt=/rds/user/bbg25/hpc-work/Thesis/Final-Proj/checkpoints/blackwell/libri_advfb_prrecover_gn00015_240L16P_aux64_12k_s42/final.pt
[diag_probe] stage2_ckpt=/rds/user/bbg25/hpc-work/Thesis/Final-Proj/checkpoints/blackwell/libri_advfb_prrecover_gn00015_240L16P_aux64_12k_s42/final.pt
[diag_probe] sources=['z_P']  tasks=['asr']
[diag_probe] probe_steps=10000  pr_lr=0.0005  asr_lr=0.0005  sid_lr=0.001  pr_warmup=500  asr_warmup=500  other_warmup=0  val_every=250  patience=0
[diag_probe] PR task not requested — skipping PR dataloaders.
[dis_data] loading ASR train-clean-100 …
[dis_data] loading ASR dev-clean …
[dis_data] loading ASR test-clean …
[dis_data]  ASR train=28539 val=2703 test=2620 vocab=29
[dis_data] loaded lexicon: 200,000 entries
[dis_data] loading train-clean-100 …
[dis_data]  251 speakers
[dis_data]  train=27539  val=500  test=500  vocab=74  speakers=251
[diag_probe] topk confirmed: 256
[train] WARNING: unexpected missing SAE keys: ['block_idx', 'block_m_L', 'block_m_P', 'block_m_U', 'sae.route_topk_enabled', 'sae.route_topk_idx', 'sae.route_topk_quotas']
[train] loaded 3 SAE tensors from /rds/user/bbg25/hpc-work/Thesis/Final-Proj/checkpoints/blackwell/libri_advfb_prrecover_gn00015_240L16P_aux64_12k_s42/final.pt  (step=12000  val=0.1062)
[diag_probe] loaded stage2 weights from /rds/user/bbg25/hpc-work/Thesis/Final-Proj/checkpoints/blackwell/libri_advfb_prrecover_gn00015_240L16P_aux64_12k_s42/final.pt

[diag_probe] speakers=251  pr_vocab=74  asr_vocab=29  D=1280  K=5120
[diag_probe] PR: skipped
[diag_probe] ASR: character CTC transcripts — train-clean-100 → val=dev-clean, test=test-clean; probe arch=lstm
[diag_probe] SID: closed-set utterance split (val/test held out); probe arch=linear
[diag_probe] reported metric = TEST (val shown in parentheses)

  training probe: z_P -> ASR ...
      [asr z_P] step 250/10000  train loss=3.768  dev loss=2.887  dev WER=1.000  dev CER=1.000  (best CER 1.000, bad 0/0)
      [asr z_P] step 500/10000  train loss=2.822  dev loss=2.913  dev WER=1.000  dev CER=1.000  (best CER 1.000, bad 1/0)
      [asr z_P] step 750/10000  train loss=2.819  dev loss=2.904  dev WER=0.999  dev CER=1.000  (best CER 1.000, bad 0/0)
      [asr z_P] step 1000/10000  train loss=2.852  dev loss=2.864  dev WER=1.000  dev CER=0.983  (best CER 0.983, bad 0/0)
      [asr z_P] step 1250/10000  train loss=2.739  dev loss=2.648  dev WER=1.077  dev CER=0.725  (best CER 0.725, bad 0/0)
      [asr z_P] step 1500/10000  train loss=2.631  dev loss=2.701  dev WER=0.999  dev CER=0.818  (best CER 0.725, bad 1/0)
      [asr z_P] step 1750/10000  train loss=2.584  dev loss=2.657  dev WER=1.000  dev CER=0.826  (best CER 0.725, bad 2/0)
      [asr z_P] step 2000/10000  train loss=2.585  dev loss=2.617  dev WER=1.033  dev CER=0.775  (best CER 0.725, bad 3/0)
      [asr z_P] step 2250/10000  train loss=2.575  dev loss=2.604  dev WER=1.351  dev CER=0.719  (best CER 0.719, bad 0/0)
      [asr z_P] step 2500/10000  train loss=2.555  dev loss=2.617  dev WER=1.134  dev CER=0.728  (best CER 0.719, bad 1/0)
      [asr z_P] step 2750/10000  train loss=2.554  dev loss=2.656  dev WER=1.202  dev CER=0.748  (best CER 0.719, bad 2/0)
      [asr z_P] step 3000/10000  train loss=2.559  dev loss=2.589  dev WER=1.412  dev CER=0.718  (best CER 0.718, bad 0/0)
      [asr z_P] step 3250/10000  train loss=2.541  dev loss=2.578  dev WER=1.076  dev CER=0.726  (best CER 0.718, bad 1/0)
      [asr z_P] step 3500/10000  train loss=2.549  dev loss=2.599  dev WER=0.996  dev CER=0.752  (best CER 0.718, bad 2/0)
      [asr z_P] step 3750/10000  train loss=2.539  dev loss=2.585  dev WER=1.229  dev CER=0.705  (best CER 0.705, bad 0/0)
      [asr z_P] step 4000/10000  train loss=2.533  dev loss=2.564  dev WER=1.184  dev CER=0.719  (best CER 0.705, bad 1/0)
      [asr z_P] step 4250/10000  train loss=2.551  dev loss=2.579  dev WER=1.338  dev CER=0.723  (best CER 0.705, bad 2/0)
      [asr z_P] step 4500/10000  train loss=2.536  dev loss=2.596  dev WER=1.057  dev CER=0.744  (best CER 0.705, bad 3/0)
      [asr z_P] step 4750/10000  train loss=2.530  dev loss=2.563  dev WER=1.144  dev CER=0.711  (best CER 0.705, bad 4/0)
      [asr z_P] step 5000/10000  train loss=2.517  dev loss=2.551  dev WER=1.098  dev CER=0.710  (best CER 0.705, bad 5/0)
      [asr z_P] step 5250/10000  train loss=2.515  dev loss=2.548  dev WER=1.096  dev CER=0.712  (best CER 0.705, bad 6/0)
      [asr z_P] step 5500/10000  train loss=2.512  dev loss=2.543  dev WER=1.124  dev CER=0.707  (best CER 0.705, bad 7/0)
      [asr z_P] step 5750/10000  train loss=2.509  dev loss=2.559  dev WER=1.228  dev CER=0.703  (best CER 0.703, bad 0/0)
      [asr z_P] step 6000/10000  train loss=2.509  dev loss=2.539  dev WER=1.093  dev CER=0.717  (best CER 0.703, bad 1/0)
      [asr z_P] step 6250/10000  train loss=2.503  dev loss=2.534  dev WER=1.104  dev CER=0.707  (best CER 0.703, bad 2/0)
      [asr z_P] step 6500/10000  train loss=2.498  dev loss=2.526  dev WER=1.114  dev CER=0.698  (best CER 0.698, bad 0/0)
      [asr z_P] step 6750/10000  train loss=2.496  dev loss=2.527  dev WER=1.097  dev CER=0.701  (best CER 0.698, bad 1/0)
      [asr z_P] step 7000/10000  train loss=2.491  dev loss=2.528  dev WER=1.105  dev CER=0.705  (best CER 0.698, bad 2/0)
      [asr z_P] step 7250/10000  train loss=2.486  dev loss=2.520  dev WER=1.065  dev CER=0.706  (best CER 0.698, bad 3/0)
      [asr z_P] step 7500/10000  train loss=2.480  dev loss=2.513  dev WER=1.059  dev CER=0.706  (best CER 0.698, bad 4/0)
      [asr z_P] step 7750/10000  train loss=2.479  dev loss=2.514  dev WER=1.060  dev CER=0.706  (best CER 0.698, bad 5/0)
      [asr z_P] step 8000/10000  train loss=2.482  dev loss=2.534  dev WER=1.090  dev CER=0.697  (best CER 0.697, bad 0/0)
      [asr z_P] step 8250/10000  train loss=2.473  dev loss=2.506  dev WER=1.038  dev CER=0.712  (best CER 0.697, bad 1/0)
      [asr z_P] step 8500/10000  train loss=2.464  dev loss=2.492  dev WER=1.051  dev CER=0.704  (best CER 0.697, bad 2/0)
      [asr z_P] step 8750/10000  train loss=2.462  dev loss=2.489  dev WER=1.039  dev CER=0.705  (best CER 0.697, bad 3/0)
      [asr z_P] step 9000/10000  train loss=2.458  dev loss=2.485  dev WER=1.042  dev CER=0.703  (best CER 0.697, bad 4/0)
      [asr z_P] step 9250/10000  train loss=2.451  dev loss=2.485  dev WER=1.057  dev CER=0.700  (best CER 0.697, bad 5/0)
      [asr z_P] step 9500/10000  train loss=2.450  dev loss=2.481  dev WER=1.058  dev CER=0.698  (best CER 0.697, bad 6/0)
      [asr z_P] step 9750/10000  train loss=2.449  dev loss=2.477  dev WER=1.031  dev CER=0.705  (best CER 0.697, bad 7/0)
      [asr z_P] step 10000/10000  train loss=2.444  dev loss=2.476  dev WER=1.036  dev CER=0.703  (best CER 0.697, bad 8/0)
    z_P -> ASR              WER test=1.082  CER test=0.700  (val WER 1.090, CER 0.697)

==============================================================================================
  DIAGNOSTIC PROBE RESULTS - diag_libri_advfb_prrecover_gn00015_240L16P_aux64_12k_s42_zP_asr_lstm_10k_full_seed42
==============================================================================================
  Source       PR (PER↓)    SID (acc↑)      ASR WER↓      ASR CER↓
  --------  ------------  ------------  ------------  ------------
  z_P                nan           nan         1.082         0.700
==============================================================================================

finished       : Thu 16 Jul 06:56:30 BST 2026
