=== MDL-only probe on job2_dense_gradnorm_seed21 ===  Tue 23 Jun 13:10:46 BST 2026
NVIDIA A100-SXM4-80GB
[diag_probe] run=mdl_job2_dense_gradnorm_seed21  device=cuda
[diag_probe] seed=42
[diag_probe] stage1_ckpt=/rds/user/bbg25/hpc-work/Thesis/Final-Proj/Disentanglement/checkpoints/job2_dense_gradnorm_seed21/stage2_best.pt
[diag_probe] stage2_ckpt=/rds/user/bbg25/hpc-work/Thesis/Final-Proj/Disentanglement/checkpoints/job2_dense_gradnorm_seed21/stage2_best.pt
[diag_probe] sources=['z_L', 'z_P']  tasks=['pr', 'sid']
[diag_probe] probe_steps=2000  pr_lr=0.0005  sid_lr=0.001  warmup=0  val_every=250  patience=5
[pr_data] loaded LibriSpeech lexicon: 200,000 entries
[pr_data] loading train-clean-100 …
[pr_data] loading dev-clean …
[pr_data] loading test-clean …
[pr_data]  train=28539  val=2703  test=2620  vocab_size=74
[dis_data] loaded lexicon: 200,000 entries
[dis_data] loading train-clean-100 …
[dis_data]  251 speakers
[dis_data]  train=27539  val=500  test=500  vocab=74  speakers=251
[train] WARNING: unexpected missing SAE keys: ['block_idx', 'block_m_L', 'block_m_P', 'block_m_U']
[train] loaded 3 SAE tensors from /rds/user/bbg25/hpc-work/Thesis/Final-Proj/Disentanglement/checkpoints/job2_dense_gradnorm_seed21/stage2_best.pt  (step=10000  val=0.0598)
[diag_probe] skipped 2 shape-mismatched/stale keys (e.g. ['grl_head.context_conv.weight', 'grl_head.context_conv.bias']) — fine, probe does not use adversarial heads
[diag_probe] loaded stage2 weights from /rds/user/bbg25/hpc-work/Thesis/Final-Proj/Disentanglement/checkpoints/job2_dense_gradnorm_seed21/stage2_best.pt

[diag_probe] speakers=251  pr_vocab=74  D=1280  K=5120
[diag_probe] PR: SUPERB 74-phone — train-clean-100 → val=dev-clean, test=test-clean
[diag_probe] SID: closed-set utterance split (val/test held out); probe arch=stats
[diag_probe] reported metric = TEST (val shown in parentheses)

  training probe: z_L -> PR ...
[pr_data] g2p_en loaded for OOV words
      [mdl z_L/pr] block 1/7  slice=[31, 62)  block_nats=3793.1  running_kbits=31.63
      [mdl z_L/pr] block 2/7  slice=[62, 125)  block_nats=5653.4  running_kbits=39.79
      [mdl z_L/pr] block 3/7  slice=[125, 250)  block_nats=9714.7  running_kbits=53.80
      [mdl z_L/pr] block 4/7  slice=[250, 500)  block_nats=19743.8  running_kbits=82.29
      [mdl z_L/pr] block 5/7  slice=[500, 1000)  block_nats=32261.8  running_kbits=128.83
      [mdl z_L/pr] block 6/7  slice=[1000, 2000)  block_nats=49536.5  running_kbits=200.30
      [mdl z_L/pr] block 7/7  slice=[2000, 4000)  block_nats=88083.5  running_kbits=327.38
    z_L -> PR               MDL kbits=327.38 / uniform=3124.45  compression=89.5%  (n=4000, 8 blocks)
  training probe: z_L -> SID ...
[dis_data] g2p_en loaded for OOV words
      [mdl z_L/sid] block 1/7  slice=[31, 62)  block_nats=968.6  running_kbits=1.64
      [mdl z_L/sid] block 2/7  slice=[62, 125)  block_nats=2061.9  running_kbits=4.62
      [mdl z_L/sid] block 3/7  slice=[125, 250)  block_nats=4087.7  running_kbits=10.52
      [mdl z_L/sid] block 4/7  slice=[250, 500)  block_nats=4607.3  running_kbits=17.16
      [mdl z_L/sid] block 5/7  slice=[500, 1000)  block_nats=5742.2  running_kbits=25.45
      [mdl z_L/sid] block 6/7  slice=[1000, 2000)  block_nats=4432.9  running_kbits=31.84
      [mdl z_L/sid] block 7/7  slice=[2000, 4000)  block_nats=5875.3  running_kbits=40.32
    z_L -> SID              MDL kbits=40.32 / uniform=31.89  compression=0.0%  (n=4000, 8 blocks)
  training probe: z_P -> PR ...
      [mdl z_P/pr] block 1/7  slice=[31, 62)  block_nats=16658.2  running_kbits=48.32
      [mdl z_P/pr] block 2/7  slice=[62, 125)  block_nats=41646.2  running_kbits=108.41
      [mdl z_P/pr] block 3/7  slice=[125, 250)  block_nats=71059.2  running_kbits=210.92
      [mdl z_P/pr] block 4/7  slice=[250, 500)  block_nats=130787.8  running_kbits=399.61
      [mdl z_P/pr] block 5/7  slice=[500, 1000)  block_nats=240049.9  running_kbits=745.93
      [mdl z_P/pr] block 6/7  slice=[1000, 2000)  block_nats=447453.5  running_kbits=1391.47
      [mdl z_P/pr] block 7/7  slice=[2000, 4000)  block_nats=847227.1  running_kbits=2613.76
    z_P -> PR               MDL kbits=2613.76 / uniform=3127.38  compression=16.4%  (n=4000, 8 blocks)
  training probe: z_P -> SID ...
      [mdl z_P/sid] block 1/7  slice=[31, 62)  block_nats=738.8  running_kbits=1.31
      [mdl z_P/sid] block 2/7  slice=[62, 125)  block_nats=1548.3  running_kbits=3.55
      [mdl z_P/sid] block 3/7  slice=[125, 250)  block_nats=2853.3  running_kbits=7.66
      [mdl z_P/sid] block 4/7  slice=[250, 500)  block_nats=3154.0  running_kbits=12.21
      [mdl z_P/sid] block 5/7  slice=[500, 1000)  block_nats=1562.3  running_kbits=14.47
      [mdl z_P/sid] block 6/7  slice=[1000, 2000)  block_nats=1012.4  running_kbits=15.93
      [mdl z_P/sid] block 7/7  slice=[2000, 4000)  block_nats=318.0  running_kbits=16.39
    z_P -> SID              MDL kbits=16.39 / uniform=31.89  compression=48.6%  (n=4000, 8 blocks)

[diag_probe] --mdl_only: standard accuracy/PER probe skipped; see existing logs for those numbers.
================================================================================
  MDL CODELENGTH (probe-budget-free) - mdl_job2_dense_gradnorm_seed21
================================================================================
  Source    Task     kbits ↓     uniform    compr% ↑       n
  --------  ----  ----------  ----------  ----------  ------
  z_L       PR        327.38     3124.45        89.5    4000
  z_L       SID        40.32       31.89         0.0    4000
  z_P       PR       2613.76     3127.38        16.4    4000
  z_P       SID        16.39       31.89        48.6    4000
================================================================================

Finished MDL-only probe job2_dense_gradnorm_seed21: Tue 23 Jun 13:31:25 BST 2026
