=== tiny 500-step run: dense k31, grl_weight 2.0 — to SEE per-frame gradients ===  Wed Jun 17 09:58:19 BST 2026
=== Disentanglement  stage=2
=== device=cuda  bf16=True
=== K=5120  topk=256  D=1280
=== steps=500  α=0.8  β=0.6  grl=2.0  ρ=0.0
[dis_data] loaded lexicon: 200,000 entries
[dis_data] loading train-clean-100 …
[dis_data]  251 speakers
[dis_data]  train=27539  val=500  test=500  vocab=74  speakers=251
[train] stage2_from_scratch=True — SAE/routing/heads start from initialization
[stage 2] frozen=596,973,362  trainable=19,510,154  device=cuda
[stage 2] speakers=251  vocab=74
[stage 2] α=0.8  β=0.6  grl=2.0  ρ=0.0  grl_p=0.5  hard_gumbel=True  spear_ln=True  dann_full_disc=True
[stage 2] steps=500  batch=16
[dis_data] g2p_en loaded for OOV words
  step      1/500  recon=0.3663  pr=19.3898  sid=5.5117  grl=5.5277  grl_p=19.3890  L/P/U=3072/1024/1024  actL/P/U=160/64/32  H=nan  Hu=nan  spec<.5=nan  marg=nan  lstd=nan  lr=1.00e-06
  [grad_norms @100]
    recon             |g|=0.06232  ratio=1.000x recon
    pr_raw            |g|=12.84902  ratio=206.164x recon
    pr_weighted       |g|=10.27921  ratio=164.931x recon
    sid_raw           |g|=0.40976  ratio=6.575x recon
    sid_weighted      |g|=0.24585  ratio=3.945x recon
    grl               |g|=0.56825  ratio=9.118x recon
    grl_p             |g|=0.96945  ratio=15.555x recon
    route             |g|=0.00000  ratio=0.000x recon
    per-frame |dL/dz[t]|:  grl(z_L)=0.00001   grl_p(z_P)=0.00021   (grl_p/grl = 19.1x  <- pooled-vs-dense dilution)
  step    100/500  recon=0.3536  pr=5.9738  sid=5.5176  grl=5.6715  grl_p=1.9829  L/P/U=3072/1024/1024  actL/P/U=160/64/32  H=nan  Hu=nan  spec<.5=nan  marg=nan  lstd=nan  lr=1.00e-04
  [grad_norms @200]
    recon             |g|=0.04310  ratio=1.000x recon
    pr_raw            |g|=0.89094  ratio=20.672x recon
    pr_weighted       |g|=0.71275  ratio=16.538x recon
    sid_raw           |g|=0.46314  ratio=10.746x recon
    sid_weighted      |g|=0.27788  ratio=6.448x recon
    grl               |g|=1.48316  ratio=34.414x recon
    grl_p             |g|=6.78243  ratio=157.373x recon
    route             |g|=0.00000  ratio=0.000x recon
    per-frame |dL/dz[t]|:  grl(z_L)=0.00001   grl_p(z_P)=0.00073   (grl_p/grl = 75.3x  <- pooled-vs-dense dilution)
  step    200/500  recon=0.2889  pr=2.8916  sid=5.4766  grl=5.3349  grl_p=2.7490  L/P/U=3072/1024/1024  actL/P/U=160/64/32  H=nan  Hu=nan  spec<.5=nan  marg=nan  lstd=nan  lr=8.55e-05
  [grad_norms @300]
    recon             |g|=0.03241  ratio=1.000x recon
    pr_raw            |g|=0.45796  ratio=14.132x recon
    pr_weighted       |g|=0.36636  ratio=11.306x recon
    sid_raw           |g|=0.45027  ratio=13.895x recon
    sid_weighted      |g|=0.27016  ratio=8.337x recon
    grl               |g|=3.70044  ratio=114.192x recon
    grl_p             |g|=2.55280  ratio=78.777x recon
    route             |g|=0.00000  ratio=0.000x recon
    per-frame |dL/dz[t]|:  grl(z_L)=0.00007   grl_p(z_P)=0.00036   (grl_p/grl = 5.0x  <- pooled-vs-dense dilution)
  step    300/500  recon=0.2102  pr=1.5739  sid=5.5000  grl=5.4358  grl_p=2.9372  L/P/U=3072/1024/1024  actL/P/U=160/64/32  H=nan  Hu=nan  spec<.5=nan  marg=nan  lstd=nan  lr=5.05e-05
  [grad_norms @400]
    recon             |g|=0.03156  ratio=1.000x recon
    pr_raw            |g|=0.44969  ratio=14.250x recon
    pr_weighted       |g|=0.35975  ratio=11.400x recon
    sid_raw           |g|=0.47901  ratio=15.179x recon
    sid_weighted      |g|=0.28741  ratio=9.107x recon
    grl               |g|=3.93277  ratio=124.622x recon
    grl_p             |g|=2.38906  ratio=75.705x recon
    route             |g|=0.00000  ratio=0.000x recon
    per-frame |dL/dz[t]|:  grl(z_L)=0.00007   grl_p(z_P)=0.00034   (grl_p/grl = 4.8x  <- pooled-vs-dense dilution)
  step    400/500  recon=0.1896  pr=1.4050  sid=5.4980  grl=5.2884  grl_p=3.2680  L/P/U=3072/1024/1024  actL/P/U=160/64/32  H=nan  Hu=nan  spec<.5=nan  marg=nan  lstd=nan  lr=1.55e-05
  [grad_norms @500]
    recon             |g|=0.02983  ratio=1.000x recon
    pr_raw            |g|=0.41139  ratio=13.793x recon
    pr_weighted       |g|=0.32911  ratio=11.035x recon
    sid_raw           |g|=0.45759  ratio=15.342x recon
    sid_weighted      |g|=0.27455  ratio=9.205x recon
    grl               |g|=2.81541  ratio=94.397x recon
    grl_p             |g|=2.33965  ratio=78.445x recon
    route             |g|=0.00000  ratio=0.000x recon
    per-frame |dL/dz[t]|:  grl(z_L)=0.00006   grl_p(z_P)=0.00034   (grl_p/grl = 5.7x  <- pooled-vs-dense dilution)
  step    500/500  recon=0.1848  pr=1.2813  sid=5.4668  grl=5.4048  grl_p=3.1713  L/P/U=3072/1024/1024  actL/P/U=160/64/32  H=nan  Hu=nan  spec<.5=nan  marg=nan  lstd=nan  lr=1.00e-06
  [val] step=500  recon=0.1858  pr=1.2895  PER=0.643  sid_acc=0.024
  ✓ best checkpoint (disent=1.6193  PER=0.643 sid=0.024) → /rds/user/bbg25/hpc-work/Thesis/Final-Proj/Disentanglement/checkpoints/dense_tiny/stage2_best.pt

[stage 2] done.  Best disent_score=1.6193  → /rds/user/bbg25/hpc-work/Thesis/Final-Proj/Disentanglement/checkpoints/dense_tiny/stage2_best.pt

[done]  best checkpoint → /rds/user/bbg25/hpc-work/Thesis/Final-Proj/Disentanglement/checkpoints/dense_tiny/stage2_best.pt
Finished: Wed Jun 17 10:15:44 BST 2026
