=== SUPERB-aligned best-5 probe ===
Job ID       : 30297778
Array task   : 3
Node         : gpu-q-77
GPU          : NVIDIA A100-SXM4-80GB
Started      : Tue Jun  9 12:31:25 BST 2026
run_name     : superb_probe_ub
model        : ub
stage2_ckpt  : /rds/user/bbg25/hpc-work/Thesis/Final-Proj/Disentanglement/checkpoints/ub/stage2_best.pt
probe_steps  : 2000
pr_max_examples: 0
[probe] run=superb_probe_ub  device=cuda
[probe] stage1_ckpt=/rds/user/bbg25/hpc-work/Thesis/Final-Proj/Disentanglement/checkpoints/best.pt
[probe] stage2_ckpt=/rds/user/bbg25/hpc-work/Thesis/Final-Proj/Disentanglement/checkpoints/ub/stage2_best.pt
[probe] probe_steps=2000  sid_train_examples=0  pr_max_examples=0
[pr_data] loaded LibriSpeech lexicon: 200,000 entries
[pr_data] loading train-clean-100 …
[pr_data] loading dev-clean …
[pr_data] loading test-clean …
[pr_data]  train=28539  val=2703  test=2620  vocab_size=74
[dis_data] loaded lexicon: 200,000 entries
[dis_data] loading train-clean-100 …
