=== Routing experiment 0: exp1_soft ===
Job/Array  : 30502111 / 0
GPU        : NVIDIA A100-SXM4-80GB
Started    : Sat Jun 13 08:59:06 BST 2026
mask       : --no-hard_gumbel_routing   tau_end=0.5
adversary  : grl=0.5 grl_p=0.1  dann=[none]
IB         : [none]   rho=0.001
=== Disentanglement  stage=2
=== device=cuda  bf16=True
=== K=5120  topk=256  D=1280
=== steps=8000  α=0.02  β=0.03  grl=0.5  ρ=0.001
[dis_data] loaded lexicon: 200,000 entries
[dis_data] loading train-clean-100 …
[dis_data]  251 speakers
[dis_data]  train=27539  val=500  test=500  vocab=74  speakers=251
[train] loaded 3 SAE tensors from /rds/user/bbg25/hpc-work/Thesis/Final-Proj/Disentanglement/checkpoints/ln_sae/stage1_best.pt  (step=6000  val=0.0737)
[stage 2] frozen=596,973,362  trainable=17,493,642  device=cuda
[stage 2] speakers=251  vocab=74
[stage 2] α=0.02  β=0.03  grl=0.5  ρ=0.001  grl_p=0.1  spear_ln=True
[stage 2] steps=8000  batch=16
[dis_data] g2p_en loaded for OOV words
  step      1/8000  recon=0.1114  pr=19.4458  sid=5.5156  grl=5.5312  grl_p=19.3760  L/P/U=1683/1734/1703  actL/P/U=84/86/85  H=1.099  Hu=1.026  spec<.5=0.00  marg=0.161  lstd=0.4951  lr=6.00e-08
  step    100/8000  recon=0.1048  pr=15.9112  sid=5.5195  grl=5.5586  grl_p=12.9987  L/P/U=1696/1713/1711  actL/P/U=85/85/86  H=1.099  Hu=1.026  spec<.5=0.00  marg=0.161  lstd=0.4953  lr=6.00e-06
  step    200/8000  recon=0.0937  pr=11.2268  sid=5.5098  grl=5.5195  grl_p=4.1571  L/P/U=1761/1620/1739  actL/P/U=90/80/86  H=1.098  Hu=1.026  spec<.5=0.00  marg=0.161  lstd=0.4965  lr=1.20e-05
  step    300/8000  recon=0.0852  pr=3.7762  sid=5.4727  grl=5.5312  grl_p=3.6658  L/P/U=1982/1450/1688  actL/P/U=103/70/83  H=1.097  Hu=1.024  spec<.5=0.00  marg=0.165  lstd=0.5022  lr=1.80e-05
  step    400/8000  recon=0.0835  pr=2.9662  sid=5.4141  grl=5.4551  grl_p=3.5308  L/P/U=2113/1314/1693  actL/P/U=110/63/83  H=1.096  Hu=1.022  spec<.5=0.00  marg=0.168  lstd=0.5065  lr=2.40e-05
  [grad_norms @500]
    recon             |g|=0.03105  ratio=1.000x recon
    pr_raw            |g|=0.43131  ratio=13.892x recon
    pr_weighted       |g|=0.00863  ratio=0.278x recon
    sid_raw           |g|=0.42748  ratio=13.769x recon
    sid_weighted      |g|=0.01282  ratio=0.413x recon
    grl               |g|=0.03349  ratio=1.079x recon
    grl_p             |g|=0.01781  ratio=0.574x recon
    route             |g|=0.00000  ratio=0.000x recon
  step    500/8000  recon=0.0807  pr=2.0675  sid=5.4941  grl=5.5879  grl_p=3.1663  L/P/U=2305/1145/1670  actL/P/U=121/54/81  H=1.094  Hu=1.019  spec<.5=0.00  marg=0.173  lstd=0.5134  lr=3.00e-05
  step    600/8000  recon=0.0823  pr=1.5762  sid=5.2598  grl=5.3652  grl_p=2.2391  L/P/U=2464/950/1706  actL/P/U=129/45/82  H=1.090  Hu=1.014  spec<.5=0.00  marg=0.182  lstd=0.5245  lr=3.00e-05
  step    700/8000  recon=0.0806  pr=1.3123  sid=5.1602  grl=5.2227  grl_p=1.6433  L/P/U=2537/759/1824  actL/P/U=134/35/87  H=1.086  Hu=1.007  spec<.5=0.00  marg=0.191  lstd=0.5387  lr=2.99e-05
  step    800/8000  recon=0.0795  pr=1.0380  sid=5.2031  grl=5.2520  grl_p=1.2984  L/P/U=2515/652/1953  actL/P/U=133/29/93  H=1.082  Hu=1.001  spec<.5=0.00  marg=0.199  lstd=0.5525  lr=2.99e-05
  step    900/8000  recon=0.0783  pr=1.0887  sid=5.1328  grl=5.1738  grl_p=1.1880  L/P/U=2432/569/2119  actL/P/U=130/25/100  H=1.079  Hu=0.995  spec<.5=0.00  marg=0.206  lstd=0.5656  lr=2.98e-05
  [grad_norms @1000]
    recon             |g|=0.02961  ratio=1.000x recon
    pr_raw            |g|=0.25857  ratio=8.732x recon
    pr_weighted       |g|=0.00517  ratio=0.175x recon
    sid_raw           |g|=0.44334  ratio=14.972x recon
    sid_weighted      |g|=0.01330  ratio=0.449x recon
    grl               |g|=0.09994  ratio=3.375x recon
    grl_p             |g|=0.01771  ratio=0.598x recon
    route             |g|=0.00000  ratio=0.000x recon
  step   1000/8000  recon=0.0796  pr=1.0079  sid=5.1699  grl=5.2500  grl_p=1.0839  L/P/U=2315/533/2272  actL/P/U=125/23/108  H=1.076  Hu=0.989  spec<.5=0.00  marg=0.213  lstd=0.5791  lr=2.97e-05
  [val] step=1000  recon=0.0770  pr=0.9131  PER=0.410  sid_acc=0.276
  ✓ best checkpoint (disent=1.1340  PER=0.410 sid=0.276) → /rds/user/bbg25/hpc-work/Thesis/Final-Proj/Disentanglement/checkpoints/routing_exp1_soft/stage2_best.pt
  step   1100/8000  recon=0.0787  pr=0.9471  sid=5.1738  grl=5.2148  grl_p=1.0238  L/P/U=2196/509/2415  actL/P/U=118/22/115  H=1.073  Hu=0.983  spec<.5=0.00  marg=0.219  lstd=0.5929  lr=2.95e-05
  step   1200/8000  recon=0.0793  pr=0.9459  sid=5.0703  grl=4.9980  grl_p=0.9996  L/P/U=2034/497/2589  actL/P/U=111/21/124  H=1.069  Hu=0.977  spec<.5=0.00  marg=0.226  lstd=0.6080  lr=2.94e-05
  step   1300/8000  recon=0.0805  pr=0.9492  sid=5.0293  grl=5.0781  grl_p=0.9418  L/P/U=1877/482/2761  actL/P/U=103/21/132  H=1.066  Hu=0.969  spec<.5=0.00  marg=0.234  lstd=0.6241  lr=2.92e-05
  step   1400/8000  recon=0.0794  pr=0.9016  sid=5.0215  grl=5.0645  grl_p=0.8931  L/P/U=1736/467/2917  actL/P/U=96/20/140  H=1.061  Hu=0.962  spec<.5=0.00  marg=0.244  lstd=0.6409  lr=2.90e-05
  [grad_norms @1500]
    recon             |g|=0.03270  ratio=1.000x recon
    pr_raw            |g|=0.32387  ratio=9.903x recon
    pr_weighted       |g|=0.00648  ratio=0.198x recon
    sid_raw           |g|=0.52985  ratio=16.201x recon
    sid_weighted      |g|=0.01590  ratio=0.486x recon
    grl               |g|=0.17037  ratio=5.209x recon
    grl_p             |g|=0.03468  ratio=1.061x recon
    route             |g|=0.00000  ratio=0.000x recon
  step   1500/8000  recon=0.0811  pr=0.9800  sid=4.9824  grl=5.0547  grl_p=1.0191  L/P/U=1607/463/3050  actL/P/U=90/20/146  H=1.056  Hu=0.953  spec<.5=0.00  marg=0.253  lstd=0.6590  lr=2.87e-05
  step   1600/8000  recon=0.0795  pr=0.8878  sid=4.9473  grl=5.0430  grl_p=0.8859  L/P/U=1481/450/3189  actL/P/U=82/20/154  H=1.051  Hu=0.944  spec<.5=0.00  marg=0.263  lstd=0.6781  lr=2.85e-05
  step   1700/8000  recon=0.0803  pr=0.8834  sid=5.0586  grl=5.2188  grl_p=0.8917  L/P/U=1379/445/3296  actL/P/U=78/19/159  H=1.045  Hu=0.934  spec<.5=0.00  marg=0.274  lstd=0.6985  lr=2.82e-05
  step   1800/8000  recon=0.0803  pr=0.8808  sid=4.9824  grl=5.1738  grl_p=0.8481  L/P/U=1280/438/3402  actL/P/U=73/19/164  H=1.038  Hu=0.924  spec<.5=0.01  marg=0.286  lstd=0.7190  lr=2.79e-05
  step   1900/8000  recon=0.0828  pr=0.8966  sid=4.8418  grl=5.0430  grl_p=0.8438  L/P/U=1209/437/3474  actL/P/U=69/19/168  H=1.031  Hu=0.914  spec<.5=0.01  marg=0.296  lstd=0.7397  lr=2.76e-05
  [grad_norms @2000]
    recon             |g|=0.03183  ratio=1.000x recon
    pr_raw            |g|=0.31089  ratio=9.766x recon
    pr_weighted       |g|=0.00622  ratio=0.195x recon
    sid_raw           |g|=0.60217  ratio=18.916x recon
    sid_weighted      |g|=0.01807  ratio=0.567x recon
    grl               |g|=0.22162  ratio=6.962x recon
    grl_p             |g|=0.03062  ratio=0.962x recon
    route             |g|=0.00000  ratio=0.000x recon
  step   2000/8000  recon=0.0794  pr=0.8048  sid=5.0293  grl=5.2480  grl_p=0.7845  L/P/U=1128/433/3559  actL/P/U=66/18/172  H=1.024  Hu=0.904  spec<.5=0.01  marg=0.308  lstd=0.7605  lr=2.72e-05
  [val] step=2000  recon=0.0786  pr=1.0456  PER=0.258  sid_acc=0.432
  ✓ best checkpoint (disent=0.8258  PER=0.258 sid=0.432) → /rds/user/bbg25/hpc-work/Thesis/Final-Proj/Disentanglement/checkpoints/routing_exp1_soft/stage2_best.pt
  step   2100/8000  recon=0.0793  pr=0.8713  sid=4.8730  grl=5.0020  grl_p=0.9104  L/P/U=1058/427/3635  actL/P/U=62/18/176  H=1.017  Hu=0.893  spec<.5=0.01  marg=0.318  lstd=0.7812  lr=2.69e-05
  step   2200/8000  recon=0.0779  pr=0.8176  sid=5.0098  grl=5.2773  grl_p=0.8110  L/P/U=991/421/3708  actL/P/U=58/18/180  H=1.010  Hu=0.882  spec<.5=0.02  marg=0.329  lstd=0.8024  lr=2.65e-05
  step   2300/8000  recon=0.0820  pr=0.8226  sid=4.9785  grl=5.2383  grl_p=0.8254  L/P/U=944/418/3758  actL/P/U=56/17/183  H=1.002  Hu=0.872  spec<.5=0.02  marg=0.340  lstd=0.8229  lr=2.61e-05
  step   2400/8000  recon=0.0805  pr=0.8292  sid=4.9414  grl=5.0977  grl_p=0.8003  L/P/U=896/416/3808  actL/P/U=54/17/186  H=0.995  Hu=0.862  spec<.5=0.03  marg=0.350  lstd=0.8434  lr=2.56e-05
  [grad_norms @2500]
    recon             |g|=0.03258  ratio=1.000x recon
    pr_raw            |g|=0.48050  ratio=14.749x recon
    pr_weighted       |g|=0.00961  ratio=0.295x recon
    sid_raw           |g|=0.80045  ratio=24.570x recon
    sid_weighted      |g|=0.02401  ratio=0.737x recon
    grl               |g|=0.26376  ratio=8.096x recon
    grl_p             |g|=0.04425  ratio=1.358x recon
    route             |g|=0.00000  ratio=0.000x recon
  step   2500/8000  recon=0.0821  pr=0.8343  sid=4.7344  grl=5.1855  grl_p=0.8130  L/P/U=861/409/3850  actL/P/U=51/17/188  H=0.987  Hu=0.851  spec<.5=0.03  marg=0.360  lstd=0.8633  lr=2.52e-05
  step   2600/8000  recon=0.0804  pr=0.8029  sid=4.9492  grl=5.1602  grl_p=0.8586  L/P/U=829/401/3890  actL/P/U=50/16/190  H=0.980  Hu=0.842  spec<.5=0.04  marg=0.370  lstd=0.8826  lr=2.47e-05
  step   2700/8000  recon=0.0811  pr=0.8498  sid=4.9043  grl=5.2109  grl_p=0.8851  L/P/U=797/395/3928  actL/P/U=48/15/192  H=0.973  Hu=0.832  spec<.5=0.05  marg=0.379  lstd=0.9017  lr=2.43e-05
  step   2800/8000  recon=0.0815  pr=0.8211  sid=4.8340  grl=5.2207  grl_p=0.8831  L/P/U=760/390/3970  actL/P/U=47/16/194  H=0.966  Hu=0.822  spec<.5=0.05  marg=0.388  lstd=0.9204  lr=2.38e-05
  step   2900/8000  recon=0.0817  pr=0.8269  sid=4.8711  grl=5.2090  grl_p=0.8524  L/P/U=734/387/3999  actL/P/U=46/15/195  H=0.959  Hu=0.813  spec<.5=0.06  marg=0.397  lstd=0.9386  lr=2.33e-05
  [grad_norms @3000]
    recon             |g|=0.03190  ratio=1.000x recon
    pr_raw            |g|=0.41035  ratio=12.864x recon
    pr_weighted       |g|=0.00821  ratio=0.257x recon
    sid_raw           |g|=0.72837  ratio=22.834x recon
    sid_weighted      |g|=0.02185  ratio=0.685x recon
    grl               |g|=0.27917  ratio=8.752x recon
    grl_p             |g|=0.05456  ratio=1.710x recon
    route             |g|=0.00000  ratio=0.000x recon
  step   3000/8000  recon=0.0816  pr=0.8364  sid=4.8281  grl=5.1543  grl_p=0.9136  L/P/U=712/386/4022  actL/P/U=45/15/196  H=0.952  Hu=0.803  spec<.5=0.07  marg=0.406  lstd=0.9568  lr=2.28e-05
  [val] step=3000  recon=0.0792  pr=1.2708  PER=0.220  sid_acc=0.508
  ✓ best checkpoint (disent=0.7118  PER=0.220 sid=0.508) → /rds/user/bbg25/hpc-work/Thesis/Final-Proj/Disentanglement/checkpoints/routing_exp1_soft/stage2_best.pt
  step   3100/8000  recon=0.0807  pr=0.7827  sid=5.0137  grl=5.3457  grl_p=0.8418  L/P/U=682/385/4053  actL/P/U=44/14/198  H=0.945  Hu=0.795  spec<.5=0.08  marg=0.414  lstd=0.9743  lr=2.22e-05
  step   3200/8000  recon=0.0815  pr=0.8396  sid=4.6289  grl=5.1660  grl_p=0.9834  L/P/U=659/379/4082  actL/P/U=41/16/199  H=0.938  Hu=0.786  spec<.5=0.09  marg=0.422  lstd=0.9913  lr=2.17e-05
  step   3300/8000  recon=0.0810  pr=0.7757  sid=4.6914  grl=5.1562  grl_p=0.9334  L/P/U=635/378/4107  actL/P/U=40/15/201  H=0.932  Hu=0.777  spec<.5=0.10  marg=0.430  lstd=1.0083  lr=2.11e-05
  step   3400/8000  recon=0.0810  pr=0.7745  sid=4.8047  grl=5.1934  grl_p=0.8806  L/P/U=618/377/4125  actL/P/U=40/14/202  H=0.925  Hu=0.768  spec<.5=0.10  marg=0.438  lstd=1.0247  lr=2.06e-05
  [grad_norms @3500]
    recon             |g|=0.03084  ratio=1.000x recon
    pr_raw            |g|=0.37711  ratio=12.226x recon
    pr_weighted       |g|=0.00754  ratio=0.245x recon
    sid_raw           |g|=0.89027  ratio=28.863x recon
    sid_weighted      |g|=0.02671  ratio=0.866x recon
    grl               |g|=0.25443  ratio=8.249x recon
    grl_p             |g|=0.06814  ratio=2.209x recon
    route             |g|=0.00000  ratio=0.000x recon
  step   3500/8000  recon=0.0793  pr=0.7430  sid=4.8418  grl=5.2090  grl_p=0.8963  L/P/U=602/374/4144  actL/P/U=39/14/203  H=0.919  Hu=0.760  spec<.5=0.11  marg=0.445  lstd=1.0405  lr=2.00e-05
  step   3600/8000  recon=0.0812  pr=0.8624  sid=4.8340  grl=5.1738  grl_p=1.0360  L/P/U=583/373/4164  actL/P/U=38/13/205  H=0.912  Hu=0.752  spec<.5=0.12  marg=0.452  lstd=1.0561  lr=1.94e-05
  step   3700/8000  recon=0.0809  pr=0.7830  sid=4.6758  grl=5.0977  grl_p=0.9618  L/P/U=567/371/4182  actL/P/U=37/14/206  H=0.906  Hu=0.744  spec<.5=0.13  marg=0.459  lstd=1.0711  lr=1.88e-05
  step   3800/8000  recon=0.0801  pr=0.7723  sid=4.9688  grl=5.3652  grl_p=0.9925  L/P/U=552/371/4197  actL/P/U=36/13/207  H=0.900  Hu=0.737  spec<.5=0.14  marg=0.466  lstd=1.0861  lr=1.82e-05
  step   3900/8000  recon=0.0807  pr=0.7809  sid=4.6562  grl=5.2090  grl_p=1.0278  L/P/U=538/369/4213  actL/P/U=35/14/207  H=0.894  Hu=0.729  spec<.5=0.15  marg=0.472  lstd=1.1005  lr=1.76e-05
  [grad_norms @4000]
    recon             |g|=0.02969  ratio=1.000x recon
    pr_raw            |g|=0.43576  ratio=14.679x recon
    pr_weighted       |g|=0.00872  ratio=0.294x recon
    sid_raw           |g|=0.80266  ratio=27.038x recon
    sid_weighted      |g|=0.02408  ratio=0.811x recon
    grl               |g|=0.26888  ratio=9.057x recon
    grl_p             |g|=0.07455  ratio=2.511x recon
    route             |g|=0.00000  ratio=0.000x recon
  step   4000/8000  recon=0.0804  pr=0.7419  sid=4.7363  grl=5.2520  grl_p=1.0191  L/P/U=522/368/4230  actL/P/U=34/13/209  H=0.889  Hu=0.722  spec<.5=0.16  marg=0.479  lstd=1.1143  lr=1.70e-05
  [val] step=4000  recon=0.0792  pr=1.4111  PER=0.210  sid_acc=0.464
  step   4100/8000  recon=0.0809  pr=0.8254  sid=4.6797  grl=5.1328  grl_p=1.0468  L/P/U=507/369/4244  actL/P/U=34/13/209  H=0.883  Hu=0.715  spec<.5=0.17  marg=0.485  lstd=1.1278  lr=1.64e-05
  step   4200/8000  recon=0.0798  pr=0.8106  sid=4.7881  grl=5.2520  grl_p=1.1134  L/P/U=501/368/4251  actL/P/U=33/14/209  H=0.878  Hu=0.708  spec<.5=0.18  marg=0.491  lstd=1.1410  lr=1.58e-05
  step   4300/8000  recon=0.0815  pr=0.7620  sid=4.7773  grl=5.2969  grl_p=1.0785  L/P/U=487/365/4268  actL/P/U=32/14/211  H=0.873  Hu=0.702  spec<.5=0.19  marg=0.496  lstd=1.1535  lr=1.52e-05
  step   4400/8000  recon=0.0805  pr=0.7481  sid=4.7129  grl=5.1797  grl_p=1.0280  L/P/U=477/364/4279  actL/P/U=32/13/211  H=0.868  Hu=0.695  spec<.5=0.19  marg=0.502  lstd=1.1658  lr=1.46e-05
  [grad_norms @4500]
    recon             |g|=0.03037  ratio=1.000x recon
    pr_raw            |g|=0.41974  ratio=13.821x recon
    pr_weighted       |g|=0.00839  ratio=0.276x recon
    sid_raw           |g|=0.94622  ratio=31.157x recon
    sid_weighted      |g|=0.02839  ratio=0.935x recon
    grl               |g|=0.28605  ratio=9.419x recon
    grl_p             |g|=0.11508  ratio=3.789x recon
    route             |g|=0.00000  ratio=0.000x recon
  step   4500/8000  recon=0.0806  pr=0.7526  sid=4.8057  grl=5.2988  grl_p=1.1024  L/P/U=468/363/4289  actL/P/U=31/13/212  H=0.863  Hu=0.689  spec<.5=0.20  marg=0.507  lstd=1.1775  lr=1.40e-05
  step   4600/8000  recon=0.0821  pr=0.8508  sid=4.7217  grl=5.2363  grl_p=1.2560  L/P/U=461/360/4299  actL/P/U=31/13/212  H=0.859  Hu=0.683  spec<.5=0.21  marg=0.512  lstd=1.1887  lr=1.34e-05
  step   4700/8000  recon=0.0809  pr=0.8632  sid=4.6611  grl=5.2363  grl_p=1.2086  L/P/U=451/361/4308  actL/P/U=30/13/213  H=0.854  Hu=0.678  spec<.5=0.22  marg=0.517  lstd=1.1995  lr=1.28e-05
  step   4800/8000  recon=0.0807  pr=0.7374  sid=4.6670  grl=5.2852  grl_p=1.1812  L/P/U=442/362/4316  actL/P/U=30/13/214  H=0.850  Hu=0.673  spec<.5=0.23  marg=0.521  lstd=1.2098  lr=1.22e-05
  step   4900/8000  recon=0.0808  pr=0.8377  sid=4.7578  grl=5.3320  grl_p=1.2785  L/P/U=436/361/4323  actL/P/U=29/13/214  H=0.846  Hu=0.668  spec<.5=0.23  marg=0.525  lstd=1.2197  lr=1.16e-05
  [grad_norms @5000]
    recon             |g|=0.02875  ratio=1.000x recon
    pr_raw            |g|=0.46149  ratio=16.052x recon
    pr_weighted       |g|=0.00923  ratio=0.321x recon
    sid_raw           |g|=0.99185  ratio=34.499x recon
    sid_weighted      |g|=0.02976  ratio=1.035x recon
    grl               |g|=0.27385  ratio=9.525x recon
    grl_p             |g|=0.10193  ratio=3.545x recon
    route             |g|=0.00000  ratio=0.000x recon
  step   5000/8000  recon=0.0808  pr=0.7499  sid=4.7188  grl=5.2656  grl_p=1.2814  L/P/U=428/362/4330  actL/P/U=29/13/214  H=0.842  Hu=0.663  spec<.5=0.24  marg=0.530  lstd=1.2290  lr=1.10e-05
  [val] step=5000  recon=0.0790  pr=1.5345  PER=0.215  sid_acc=0.530
  ✓ best checkpoint (disent=0.6846  PER=0.215 sid=0.530) → /rds/user/bbg25/hpc-work/Thesis/Final-Proj/Disentanglement/checkpoints/routing_exp1_soft/stage2_best.pt
  step   5100/8000  recon=0.0805  pr=0.7962  sid=4.6914  grl=5.2988  grl_p=1.2589  L/P/U=421/362/4337  actL/P/U=29/13/215  H=0.839  Hu=0.658  spec<.5=0.25  marg=0.533  lstd=1.2379  lr=1.04e-05
  step   5200/8000  recon=0.0807  pr=0.7773  sid=4.7129  grl=5.1934  grl_p=1.3667  L/P/U=411/362/4347  actL/P/U=28/12/216  H=0.835  Hu=0.654  spec<.5=0.25  marg=0.537  lstd=1.2462  lr=9.88e-06
  step   5300/8000  recon=0.0816  pr=0.8557  sid=4.5547  grl=5.2695  grl_p=1.3803  L/P/U=407/363/4350  actL/P/U=27/14/215  H=0.832  Hu=0.650  spec<.5=0.26  marg=0.540  lstd=1.2541  lr=9.33e-06
  step   5400/8000  recon=0.0795  pr=0.8017  sid=4.7393  grl=5.3496  grl_p=1.2980  L/P/U=402/363/4355  actL/P/U=27/12/216  H=0.829  Hu=0.646  spec<.5=0.26  marg=0.544  lstd=1.2617  lr=8.78e-06
  [grad_norms @5500]
    recon             |g|=0.02852  ratio=1.000x recon
    pr_raw            |g|=0.60370  ratio=21.167x recon
    pr_weighted       |g|=0.01207  ratio=0.423x recon
    sid_raw           |g|=0.99760  ratio=34.979x recon
    sid_weighted      |g|=0.02993  ratio=1.049x recon
    grl               |g|=0.28438  ratio=9.971x recon
    grl_p             |g|=0.11391  ratio=3.994x recon
    route             |g|=0.00000  ratio=0.000x recon
  step   5500/8000  recon=0.0798  pr=0.7511  sid=4.7080  grl=5.2539  grl_p=1.4038  L/P/U=391/363/4366  actL/P/U=27/12/217  H=0.826  Hu=0.642  spec<.5=0.27  marg=0.547  lstd=1.2686  lr=8.25e-06
  step   5600/8000  recon=0.0794  pr=0.7492  sid=4.6182  grl=5.2637  grl_p=1.2448  L/P/U=385/363/4372  actL/P/U=26/13/216  H=0.824  Hu=0.639  spec<.5=0.27  marg=0.550  lstd=1.2750  lr=7.73e-06
  step   5700/8000  recon=0.0795  pr=0.7340  sid=4.4941  grl=5.1016  grl_p=1.4010  L/P/U=382/363/4375  actL/P/U=26/12/217  H=0.821  Hu=0.636  spec<.5=0.28  marg=0.552  lstd=1.2812  lr=7.22e-06
  step   5800/8000  recon=0.0802  pr=0.8959  sid=4.6357  grl=5.2266  grl_p=1.5780  L/P/U=380/361/4379  actL/P/U=26/12/218  H=0.819  Hu=0.633  spec<.5=0.28  marg=0.555  lstd=1.2869  lr=6.73e-06
  step   5900/8000  recon=0.0806  pr=0.8137  sid=4.6670  grl=5.2344  grl_p=1.4482  L/P/U=378/361/4381  actL/P/U=26/12/218  H=0.817  Hu=0.630  spec<.5=0.29  marg=0.557  lstd=1.2922  lr=6.26e-06
  [grad_norms @6000]
    recon             |g|=0.02997  ratio=1.000x recon
    pr_raw            |g|=0.58723  ratio=19.593x recon
    pr_weighted       |g|=0.01174  ratio=0.392x recon
    sid_raw           |g|=1.07805  ratio=35.970x recon
    sid_weighted      |g|=0.03234  ratio=1.079x recon
    grl               |g|=0.28870  ratio=9.633x recon
    grl_p             |g|=0.13865  ratio=4.626x recon
    route             |g|=0.00000  ratio=0.000x recon
  step   6000/8000  recon=0.0812  pr=0.9028  sid=4.6523  grl=5.3008  grl_p=1.5571  L/P/U=377/362/4381  actL/P/U=26/13/217  H=0.815  Hu=0.628  spec<.5=0.29  marg=0.559  lstd=1.2971  lr=5.80e-06
  [val] step=6000  recon=0.0788  pr=1.5949  PER=0.219  sid_acc=0.552
  ✓ best checkpoint (disent=0.6672  PER=0.219 sid=0.552) → /rds/user/bbg25/hpc-work/Thesis/Final-Proj/Disentanglement/checkpoints/routing_exp1_soft/stage2_best.pt
  step   6100/8000  recon=0.0795  pr=0.7969  sid=4.6445  grl=5.2480  grl_p=1.5600  L/P/U=377/361/4382  actL/P/U=26/12/218  H=0.813  Hu=0.625  spec<.5=0.29  marg=0.561  lstd=1.3016  lr=5.35e-06
  step   6200/8000  recon=0.0813  pr=0.7751  sid=4.6641  grl=5.2695  grl_p=1.4618  L/P/U=375/360/4385  actL/P/U=26/12/218  H=0.811  Hu=0.623  spec<.5=0.30  marg=0.563  lstd=1.3056  lr=4.93e-06
  step   6300/8000  recon=0.0795  pr=0.7940  sid=4.7236  grl=5.3242  grl_p=1.5111  L/P/U=371/359/4390  actL/P/U=25/13/217  H=0.810  Hu=0.621  spec<.5=0.30  marg=0.565  lstd=1.3095  lr=4.52e-06
  step   6400/8000  recon=0.0813  pr=0.8321  sid=4.6836  grl=5.2383  grl_p=1.5700  L/P/U=369/359/4392  actL/P/U=25/13/218  H=0.808  Hu=0.619  spec<.5=0.30  marg=0.566  lstd=1.3129  lr=4.14e-06
  [grad_norms @6500]
    recon             |g|=0.02823  ratio=1.000x recon
    pr_raw            |g|=0.42470  ratio=15.044x recon
    pr_weighted       |g|=0.00849  ratio=0.301x recon
    sid_raw           |g|=1.01727  ratio=36.035x recon
    sid_weighted      |g|=0.03052  ratio=1.081x recon
    grl               |g|=0.26683  ratio=9.452x recon
    grl_p             |g|=0.13264  ratio=4.698x recon
    route             |g|=0.00000  ratio=0.000x recon
  step   6500/8000  recon=0.0805  pr=0.8656  sid=4.6201  grl=5.2793  grl_p=1.4672  L/P/U=369/362/4389  actL/P/U=26/12/219  H=0.807  Hu=0.618  spec<.5=0.31  marg=0.567  lstd=1.3160  lr=3.77e-06
  step   6600/8000  recon=0.0803  pr=0.8862  sid=4.5225  grl=5.3086  grl_p=1.6187  L/P/U=367/363/4390  actL/P/U=25/12/219  H=0.806  Hu=0.616  spec<.5=0.31  marg=0.569  lstd=1.3188  lr=3.42e-06
  step   6700/8000  recon=0.0813  pr=0.8414  sid=4.4160  grl=5.2051  grl_p=1.5322  L/P/U=365/362/4393  actL/P/U=25/12/219  H=0.805  Hu=0.615  spec<.5=0.31  marg=0.570  lstd=1.3215  lr=3.10e-06
  step   6800/8000  recon=0.0800  pr=0.8087  sid=4.5371  grl=5.2793  grl_p=1.5615  L/P/U=366/362/4392  actL/P/U=26/11/219  H=0.804  Hu=0.614  spec<.5=0.31  marg=0.571  lstd=1.3238  lr=2.79e-06
  step   6900/8000  recon=0.0792  pr=0.7546  sid=4.5156  grl=5.2207  grl_p=1.5971  L/P/U=364/362/4394  actL/P/U=25/12/219  H=0.803  Hu=0.613  spec<.5=0.31  marg=0.572  lstd=1.3258  lr=2.51e-06
  [grad_norms @7000]
    recon             |g|=0.02945  ratio=1.000x recon
    pr_raw            |g|=0.59689  ratio=20.269x recon
    pr_weighted       |g|=0.01194  ratio=0.405x recon
    sid_raw           |g|=1.20331  ratio=40.862x recon
    sid_weighted      |g|=0.03610  ratio=1.226x recon
    grl               |g|=0.28947  ratio=9.830x recon
    grl_p             |g|=0.23164  ratio=7.866x recon
    route             |g|=0.00000  ratio=0.000x recon
  step   7000/8000  recon=0.0802  pr=0.7307  sid=4.5703  grl=5.2988  grl_p=1.6500  L/P/U=363/363/4394  actL/P/U=25/12/219  H=0.802  Hu=0.612  spec<.5=0.32  marg=0.573  lstd=1.3276  lr=2.25e-06
  [val] step=7000  recon=0.0787  pr=1.6009  PER=0.224  sid_acc=0.586
  ✓ best checkpoint (disent=0.6376  PER=0.224 sid=0.586) → /rds/user/bbg25/hpc-work/Thesis/Final-Proj/Disentanglement/checkpoints/routing_exp1_soft/stage2_best.pt
  step   7100/8000  recon=0.0814  pr=0.7698  sid=4.8184  grl=5.2402  grl_p=1.6905  L/P/U=363/363/4394  actL/P/U=25/11/220  H=0.801  Hu=0.611  spec<.5=0.32  marg=0.573  lstd=1.3292  lr=2.02e-06
  step   7200/8000  recon=0.0803  pr=0.7450  sid=4.6309  grl=5.3105  grl_p=1.5252  L/P/U=361/362/4397  actL/P/U=25/11/220  H=0.801  Hu=0.610  spec<.5=0.32  marg=0.574  lstd=1.3307  lr=1.81e-06
  step   7300/8000  recon=0.0794  pr=0.8413  sid=4.4453  grl=5.2480  grl_p=1.6400  L/P/U=361/362/4397  actL/P/U=25/13/218  H=0.800  Hu=0.609  spec<.5=0.32  marg=0.575  lstd=1.3320  lr=1.62e-06
  step   7400/8000  recon=0.0813  pr=0.8460  sid=4.6289  grl=5.2500  grl_p=1.8094  L/P/U=360/362/4398  actL/P/U=25/12/219  H=0.800  Hu=0.609  spec<.5=0.32  marg=0.575  lstd=1.3332  lr=1.46e-06
  [grad_norms @7500]
    recon             |g|=0.02991  ratio=1.000x recon
    pr_raw            |g|=0.65447  ratio=21.881x recon
    pr_weighted       |g|=0.01309  ratio=0.438x recon
    sid_raw           |g|=1.08473  ratio=36.266x recon
    sid_weighted      |g|=0.03254  ratio=1.088x recon
    grl               |g|=0.28519  ratio=9.535x recon
    grl_p             |g|=0.14411  ratio=4.818x recon
    route             |g|=0.00000  ratio=0.000x recon
  step   7500/8000  recon=0.0799  pr=0.8305  sid=4.5576  grl=5.2520  grl_p=1.7389  L/P/U=358/362/4400  actL/P/U=25/12/219  H=0.799  Hu=0.608  spec<.5=0.32  marg=0.576  lstd=1.3342  lr=1.32e-06
  step   7600/8000  recon=0.0823  pr=0.7984  sid=4.4961  grl=5.2441  grl_p=1.6839  L/P/U=359/362/4399  actL/P/U=25/12/219  H=0.799  Hu=0.608  spec<.5=0.32  marg=0.576  lstd=1.3352  lr=1.20e-06
  step   7700/8000  recon=0.0809  pr=0.8230  sid=4.6309  grl=5.2832  grl_p=1.7540  L/P/U=357/362/4401  actL/P/U=24/12/219  H=0.798  Hu=0.607  spec<.5=0.32  marg=0.576  lstd=1.3360  lr=1.11e-06
  step   7800/8000  recon=0.0807  pr=0.9951  sid=4.4072  grl=5.2559  grl_p=1.7942  L/P/U=357/362/4401  actL/P/U=25/13/219  H=0.798  Hu=0.607  spec<.5=0.33  marg=0.577  lstd=1.3369  lr=1.05e-06
  step   7900/8000  recon=0.0810  pr=0.8443  sid=4.4199  grl=5.2793  grl_p=1.6940  L/P/U=357/362/4401  actL/P/U=25/13/218  H=0.798  Hu=0.606  spec<.5=0.33  marg=0.577  lstd=1.3376  lr=1.01e-06
  [grad_norms @8000]
    recon             |g|=0.02985  ratio=1.000x recon
    pr_raw            |g|=0.82598  ratio=27.671x recon
    pr_weighted       |g|=0.01652  ratio=0.553x recon
    sid_raw           |g|=1.17062  ratio=39.216x recon
    sid_weighted      |g|=0.03512  ratio=1.176x recon
    grl               |g|=0.31024  ratio=10.393x recon
    grl_p             |g|=0.14770  ratio=4.948x recon
    route             |g|=0.00000  ratio=0.000x recon
  step   8000/8000  recon=0.0804  pr=0.7864  sid=4.6523  grl=5.2363  grl_p=1.7535  L/P/U=357/362/4401  actL/P/U=25/11/220  H=0.797  Hu=0.606  spec<.5=0.33  marg=0.577  lstd=1.3384  lr=1.00e-06
  [val] step=8000  recon=0.0786  pr=1.5898  PER=0.225  sid_acc=0.590
  ✓ best checkpoint (disent=0.6355  PER=0.225 sid=0.590) → /rds/user/bbg25/hpc-work/Thesis/Final-Proj/Disentanglement/checkpoints/routing_exp1_soft/stage2_best.pt

[stage 2] done.  Best disent_score=0.6355  → /rds/user/bbg25/hpc-work/Thesis/Final-Proj/Disentanglement/checkpoints/routing_exp1_soft/stage2_best.pt

[done]  best checkpoint → /rds/user/bbg25/hpc-work/Thesis/Final-Proj/Disentanglement/checkpoints/routing_exp1_soft/stage2_best.pt

----- probe -----
Sat Jun 13 09:44:36 BST 2026
[diag_probe] run=diag_probe_routing_exp1_soft  device=cuda
[diag_probe] seed=42
[diag_probe] stage1_ckpt=/rds/user/bbg25/hpc-work/Thesis/Final-Proj/Disentanglement/checkpoints/ln_sae/stage1_best.pt
[diag_probe] stage2_ckpt=/rds/user/bbg25/hpc-work/Thesis/Final-Proj/Disentanglement/checkpoints/routing_exp1_soft/stage2_best.pt
[diag_probe] sources=['z_t', 'z_L', 'z_P']  tasks=['pr', 'sid']
[diag_probe] probe_steps=2000  pr_lr=0.0005  sid_lr=0.001  warmup=0
[pr_data] loaded LibriSpeech lexicon: 200,000 entries
[pr_data] loading train-clean-100 …
[pr_data] loading dev-clean …
[pr_data] loading test-clean …
[pr_data]  train=28539  val=2703  test=2620  vocab_size=74
[dis_data] loaded lexicon: 200,000 entries
[dis_data] loading train-clean-100 …
[dis_data]  251 speakers
[dis_data]  train=27539  val=500  test=500  vocab=74  speakers=251
[train] loaded 3 SAE tensors from /rds/user/bbg25/hpc-work/Thesis/Final-Proj/Disentanglement/checkpoints/ln_sae/stage1_best.pt  (step=6000  val=0.0737)
[diag_probe] skipped 1 shape-mismatched/stale keys (e.g. ['routing.current_logits']) — fine, probe does not use adversarial heads
[diag_probe] loaded stage2 weights from /rds/user/bbg25/hpc-work/Thesis/Final-Proj/Disentanglement/checkpoints/routing_exp1_soft/stage2_best.pt

[diag_probe] speakers=251  pr_vocab=74  D=1280  K=5120
[diag_probe] PR: SUPERB 74-phone — train-clean-100 → val=dev-clean, test=test-clean
[diag_probe] SID: closed-set utterance split (val/test held out); probe arch=linear
[diag_probe] reported metric = TEST (val shown in parentheses)

  training probe: z_t -> PR ...
[pr_data] g2p_en loaded for OOV words
    z_t -> PR               PER test=0.076  (val 0.073)
  training probe: z_t -> SID ...
[dis_data] g2p_en loaded for OOV words
    z_t -> SID              acc test=1.000  (val 0.998)
  training probe: z_L -> PR ...
    z_L -> PR               PER test=0.131  (val 0.128)
  training probe: z_L -> SID ...
    z_L -> SID              acc test=0.836  (val 0.826)
  training probe: z_P -> PR ...
    z_P -> PR               PER test=0.390  (val 0.390)
  training probe: z_P -> SID ...
    z_P -> SID              acc test=0.960  (val 0.974)

==================================================================
  DIAGNOSTIC PROBE RESULTS - diag_probe_routing_exp1_soft
==================================================================
  Source       PR (PER↓)    SID (acc↑)
  --------  ------------  ------------
  z_t              0.076         1.000
  z_L              0.131         0.836
  z_P              0.390         0.960
==================================================================


Finished   : Sat Jun 13 10:50:33 BST 2026
