=== Routing experiment 3: exp4_hard_ib ===
Job/Array  : 30502109 / 3
GPU        : NVIDIA A100-SXM4-80GB
Started    : Sat Jun 13 10:51:06 BST 2026
mask       : --hard_gumbel_routing   tau_end=0.1
adversary  : grl=0.5 grl_p=0.1  dann=[none]
IB         : [--ub_weight 0.01 --ub_ramp_start 2000 --ub_ramp_end 6000]   rho=0.0
=== Disentanglement  stage=2
=== device=cuda  bf16=True
=== K=5120  topk=256  D=1280
=== steps=8000  α=0.02  β=0.03  grl=0.5  ρ=0.0
[dis_data] loaded lexicon: 200,000 entries
[dis_data] loading train-clean-100 …
[dis_data]  251 speakers
[dis_data]  train=27539  val=500  test=500  vocab=74  speakers=251
[train] loaded 3 SAE tensors from /rds/user/bbg25/hpc-work/Thesis/Final-Proj/Disentanglement/checkpoints/ln_sae/stage1_best.pt  (step=6000  val=0.0737)
[stage 2] frozen=596,973,362  trainable=17,493,642  device=cuda
[stage 2] speakers=251  vocab=74
[stage 2] α=0.02  β=0.03  grl=0.5  ρ=0.0  grl_p=0.1  ub=0.01  hard_gumbel=True  spear_ln=True
[stage 2] steps=8000  batch=16
[dis_data] g2p_en loaded for OOV words
  step      1/8000  recon=0.1247  pr=19.3324  sid=5.5117  grl=5.5195  grl_p=19.3799  ub=0.6707  L/P/U=1683/1734/1703  actL/P/U=84/86/85  H=1.099  Hu=1.026  spec<.5=0.00  marg=0.161  lstd=0.4951  lr=6.00e-08
  step    100/8000  recon=0.1159  pr=16.2374  sid=5.5195  grl=5.5703  grl_p=14.4353  ub=0.6646  L/P/U=1696/1714/1710  actL/P/U=85/85/86  H=1.099  Hu=1.026  spec<.5=0.00  marg=0.161  lstd=0.4953  lr=6.00e-06
  step    200/8000  recon=0.1072  pr=14.1267  sid=5.5215  grl=5.5234  grl_p=4.9120  ub=0.6584  L/P/U=1753/1620/1747  actL/P/U=90/79/87  H=1.098  Hu=1.026  spec<.5=0.00  marg=0.161  lstd=0.4960  lr=1.20e-05
  step    300/8000  recon=0.0988  pr=4.0063  sid=5.4844  grl=5.5312  grl_p=3.7026  ub=0.6742  L/P/U=1982/1422/1716  actL/P/U=105/67/84  H=1.097  Hu=1.023  spec<.5=0.00  marg=0.167  lstd=0.5042  lr=1.80e-05
  step    400/8000  recon=0.0966  pr=3.3707  sid=5.4766  grl=5.4551  grl_p=3.5750  ub=0.6670  L/P/U=2143/1251/1726  actL/P/U=114/58/84  H=1.096  Hu=1.020  spec<.5=0.00  marg=0.171  lstd=0.5101  lr=2.40e-05
  [grad_norms @500]
    recon             |g|=0.03778  ratio=1.000x recon
    pr_raw            |g|=0.68601  ratio=18.157x recon
    pr_weighted       |g|=0.01372  ratio=0.363x recon
    sid_raw           |g|=0.55772  ratio=14.762x recon
    sid_weighted      |g|=0.01673  ratio=0.443x recon
    grl               |g|=0.03813  ratio=1.009x recon
    grl_p             |g|=0.03910  ratio=1.035x recon
    route             |g|=0.00000  ratio=0.000x recon
  step    500/8000  recon=0.0927  pr=2.5462  sid=5.4863  grl=5.5898  grl_p=3.5204  ub=0.6631  L/P/U=2311/1095/1714  actL/P/U=123/51/82  H=1.093  Hu=1.017  spec<.5=0.00  marg=0.177  lstd=0.5172  lr=3.00e-05
  step    600/8000  recon=0.0955  pr=1.8872  sid=5.3223  grl=5.3984  grl_p=3.1403  ub=0.6762  L/P/U=2482/904/1734  actL/P/U=132/41/83  H=1.090  Hu=1.012  spec<.5=0.00  marg=0.185  lstd=0.5274  lr=3.00e-05
  step    700/8000  recon=0.0914  pr=1.5315  sid=5.2539  grl=5.2969  grl_p=2.5658  ub=0.6514  L/P/U=2604/679/1837  actL/P/U=140/30/87  H=1.084  Hu=1.005  spec<.5=0.00  marg=0.196  lstd=0.5418  lr=2.99e-05
  step    800/8000  recon=0.0885  pr=1.1831  sid=5.3262  grl=5.3125  grl_p=2.2116  ub=0.6432  L/P/U=2629/489/2002  actL/P/U=142/20/94  H=1.077  Hu=0.997  spec<.5=0.00  marg=0.208  lstd=0.5600  lr=2.99e-05
  step    900/8000  recon=0.0865  pr=1.2409  sid=5.2891  grl=5.2285  grl_p=1.9580  ub=0.6209  L/P/U=2605/351/2164  actL/P/U=142/14/100  H=1.068  Hu=0.987  spec<.5=0.00  marg=0.220  lstd=0.5813  lr=2.98e-05
  [grad_norms @1000]
    recon             |g|=0.03418  ratio=1.000x recon
    pr_raw            |g|=0.40292  ratio=11.788x recon
    pr_weighted       |g|=0.00806  ratio=0.236x recon
    sid_raw           |g|=0.50949  ratio=14.905x recon
    sid_weighted      |g|=0.01528  ratio=0.447x recon
    grl               |g|=0.11398  ratio=3.334x recon
    grl_p             |g|=0.04314  ratio=1.262x recon
    route             |g|=0.00000  ratio=0.000x recon
  step   1000/8000  recon=0.0866  pr=1.1167  sid=5.3398  grl=5.3320  grl_p=1.8907  ub=0.5984  L/P/U=2534/256/2330  actL/P/U=139/9/108  H=1.059  Hu=0.976  spec<.5=0.00  marg=0.232  lstd=0.6060  lr=2.97e-05
  [val] step=1000  recon=0.0840  pr=1.0611  PER=0.499  sid_acc=0.086
  ✓ best checkpoint (disent=1.4131  PER=0.499 sid=0.086) → /rds/user/bbg25/hpc-work/Thesis/Final-Proj/Disentanglement/checkpoints/routing_exp4_hard_ib/stage2_best.pt
  step   1100/8000  recon=0.0845  pr=1.0600  sid=5.3516  grl=5.2871  grl_p=1.9406  ub=0.5816  L/P/U=2426/192/2502  actL/P/U=133/7/117  H=1.049  Hu=0.963  spec<.5=0.00  marg=0.244  lstd=0.6342  lr=2.95e-05
  step   1200/8000  recon=0.0841  pr=1.0183  sid=5.3008  grl=5.0215  grl_p=1.9145  ub=0.5748  L/P/U=2327/153/2640  actL/P/U=129/5/122  H=1.037  Hu=0.949  spec<.5=0.00  marg=0.256  lstd=0.6666  lr=2.94e-05
  step   1300/8000  recon=0.0845  pr=1.0188  sid=5.3145  grl=5.1406  grl_p=1.9081  ub=0.5469  L/P/U=2180/124/2816  actL/P/U=121/4/131  H=1.024  Hu=0.932  spec<.5=0.00  marg=0.269  lstd=0.7025  lr=2.92e-05
  step   1400/8000  recon=0.0827  pr=0.9566  sid=5.3223  grl=5.0977  grl_p=1.9175  ub=0.5455  L/P/U=2027/109/2984  actL/P/U=114/3/139  H=1.010  Hu=0.915  spec<.5=0.00  marg=0.283  lstd=0.7408  lr=2.90e-05
  [grad_norms @1500]
    recon             |g|=0.03556  ratio=1.000x recon
    pr_raw            |g|=0.43662  ratio=12.278x recon
    pr_weighted       |g|=0.00873  ratio=0.246x recon
    sid_raw           |g|=0.49862  ratio=14.021x recon
    sid_weighted      |g|=0.01496  ratio=0.421x recon
    grl               |g|=0.20375  ratio=5.729x recon
    grl_p             |g|=0.14299  ratio=4.021x recon
    route             |g|=0.00000  ratio=0.000x recon
  step   1500/8000  recon=0.0836  pr=1.0402  sid=5.2871  grl=5.0742  grl_p=2.1208  ub=0.5129  L/P/U=1894/91/3135  actL/P/U=109/2/145  H=0.995  Hu=0.896  spec<.5=0.01  marg=0.299  lstd=0.7832  lr=2.87e-05
  step   1600/8000  recon=0.0810  pr=0.9494  sid=5.3203  grl=5.0586  grl_p=2.1501  ub=0.5041  L/P/U=1783/88/3249  actL/P/U=103/2/151  H=0.978  Hu=0.875  spec<.5=0.01  marg=0.315  lstd=0.8287  lr=2.85e-05
  step   1700/8000  recon=0.0810  pr=0.9599  sid=5.3789  grl=5.2090  grl_p=2.2305  ub=0.4832  L/P/U=1661/79/3380  actL/P/U=97/2/157  H=0.961  Hu=0.854  spec<.5=0.02  marg=0.332  lstd=0.8755  lr=2.82e-05
  step   1800/8000  recon=0.0803  pr=0.9432  sid=5.3457  grl=5.1855  grl_p=2.3258  ub=0.4627  L/P/U=1559/75/3486  actL/P/U=94/2/160  H=0.944  Hu=0.832  spec<.5=0.02  marg=0.349  lstd=0.9220  lr=2.79e-05
  step   1900/8000  recon=0.0822  pr=0.9555  sid=5.3281  grl=5.0273  grl_p=2.3787  ub=0.4574  L/P/U=1466/71/3583  actL/P/U=89/2/165  H=0.927  Hu=0.811  spec<.5=0.03  marg=0.366  lstd=0.9682  lr=2.76e-05
  [grad_norms @2000]
    recon             |g|=0.03088  ratio=1.000x recon
    pr_raw            |g|=0.42982  ratio=13.921x recon
    pr_weighted       |g|=0.00860  ratio=0.278x recon
    sid_raw           |g|=0.44687  ratio=14.473x recon
    sid_weighted      |g|=0.01341  ratio=0.434x recon
    grl               |g|=0.27184  ratio=8.804x recon
    grl_p             |g|=0.21333  ratio=6.909x recon
    route             |g|=0.00000  ratio=0.000x recon
  step   2000/8000  recon=0.0782  pr=0.8612  sid=5.4199  grl=5.2266  grl_p=2.5037  ub=0.4422  L/P/U=1390/72/3658  actL/P/U=87/1/167  H=0.910  Hu=0.790  spec<.5=0.05  marg=0.383  lstd=1.0136  lr=2.72e-05
  [val] step=2000  recon=0.0758  pr=1.0371  PER=0.305  sid_acc=0.100
  ✓ best checkpoint (disent=1.2049  PER=0.305 sid=0.100) → /rds/user/bbg25/hpc-work/Thesis/Final-Proj/Disentanglement/checkpoints/routing_exp4_hard_ib/stage2_best.pt
  step   2100/8000  recon=0.0780  pr=0.9274  sid=5.3652  grl=5.0098  grl_p=2.8782  ub=0.4332  L/P/U=1345/71/3704  actL/P/U=86/1/169  H=0.895  Hu=0.771  spec<.5=0.06  marg=0.398  lstd=1.0555  lr=2.69e-05
  step   2200/8000  recon=0.0759  pr=0.8892  sid=5.4375  grl=5.2773  grl_p=2.8457  ub=0.4057  L/P/U=1292/72/3756  actL/P/U=83/1/171  H=0.880  Hu=0.752  spec<.5=0.08  marg=0.414  lstd=1.0965  lr=2.65e-05
  step   2300/8000  recon=0.0802  pr=0.8783  sid=5.4199  grl=5.2402  grl_p=2.9308  ub=0.4008  L/P/U=1234/71/3815  actL/P/U=82/1/173  H=0.867  Hu=0.736  spec<.5=0.09  marg=0.427  lstd=1.1328  lr=2.61e-05
  step   2400/8000  recon=0.0783  pr=0.8875  sid=5.4375  grl=5.0898  grl_p=2.9916  ub=0.3836  L/P/U=1182/70/3868  actL/P/U=80/1/175  H=0.854  Hu=0.720  spec<.5=0.11  marg=0.441  lstd=1.1672  lr=2.56e-05
  [grad_norms @2500]
    recon             |g|=0.03153  ratio=1.000x recon
    pr_raw            |g|=0.74368  ratio=23.586x recon
    pr_weighted       |g|=0.01487  ratio=0.472x recon
    sid_raw           |g|=0.46778  ratio=14.836x recon
    sid_weighted      |g|=0.01403  ratio=0.445x recon
    grl               |g|=0.33821  ratio=10.727x recon
    grl_p             |g|=0.39813  ratio=12.627x recon
    route             |g|=0.00000  ratio=0.000x recon
  step   2500/8000  recon=0.0802  pr=0.9443  sid=5.3691  grl=5.1953  grl_p=2.9386  ub=0.3725  L/P/U=1143/70/3907  actL/P/U=78/1/177  H=0.843  Hu=0.706  spec<.5=0.14  marg=0.453  lstd=1.1974  lr=2.52e-05
  step   2600/8000  recon=0.0782  pr=0.8548  sid=5.4492  grl=5.1582  grl_p=3.1026  ub=0.3797  L/P/U=1102/69/3949  actL/P/U=78/1/177  H=0.833  Hu=0.693  spec<.5=0.15  marg=0.464  lstd=1.2252  lr=2.47e-05
  step   2700/8000  recon=0.0791  pr=0.9119  sid=5.4414  grl=5.2109  grl_p=3.0195  ub=0.3658  L/P/U=1064/68/3988  actL/P/U=77/1/178  H=0.823  Hu=0.681  spec<.5=0.18  marg=0.474  lstd=1.2511  lr=2.43e-05
  step   2800/8000  recon=0.0793  pr=0.9248  sid=5.4004  grl=5.2324  grl_p=3.1310  ub=0.3541  L/P/U=1051/67/4002  actL/P/U=77/1/179  H=0.814  Hu=0.670  spec<.5=0.19  marg=0.484  lstd=1.2745  lr=2.38e-05
  step   2900/8000  recon=0.0797  pr=0.8653  sid=5.4629  grl=5.2090  grl_p=3.1187  ub=0.3521  L/P/U=1024/66/4030  actL/P/U=78/0/178  H=0.806  Hu=0.660  spec<.5=0.21  marg=0.493  lstd=1.2953  lr=2.33e-05
  [grad_norms @3000]
    recon             |g|=0.02964  ratio=1.000x recon
    pr_raw            |g|=0.49911  ratio=16.837x recon
    pr_weighted       |g|=0.00998  ratio=0.337x recon
    sid_raw           |g|=0.44207  ratio=14.913x recon
    sid_weighted      |g|=0.01326  ratio=0.447x recon
    grl               |g|=0.37915  ratio=12.791x recon
    grl_p             |g|=0.41867  ratio=14.124x recon
    route             |g|=0.00000  ratio=0.000x recon
  step   3000/8000  recon=0.0793  pr=0.8901  sid=5.4238  grl=5.1328  grl_p=3.1063  ub=0.3443  L/P/U=1007/67/4046  actL/P/U=77/1/179  H=0.799  Hu=0.651  spec<.5=0.22  marg=0.501  lstd=1.3150  lr=2.28e-05
  [val] step=3000  recon=0.0764  pr=0.9915  PER=0.265  sid_acc=0.084
  ✓ best checkpoint (disent=1.1811  PER=0.265 sid=0.084) → /rds/user/bbg25/hpc-work/Thesis/Final-Proj/Disentanglement/checkpoints/routing_exp4_hard_ib/stage2_best.pt
  step   3100/8000  recon=0.0785  pr=0.8344  sid=5.4766  grl=5.3203  grl_p=3.1480  ub=0.3385  L/P/U=986/67/4067  actL/P/U=77/0/178  H=0.792  Hu=0.643  spec<.5=0.24  marg=0.508  lstd=1.3324  lr=2.22e-05
  step   3200/8000  recon=0.0792  pr=0.8750  sid=5.4219  grl=5.2012  grl_p=3.4568  ub=0.3342  L/P/U=969/67/4084  actL/P/U=75/1/181  H=0.785  Hu=0.635  spec<.5=0.25  marg=0.515  lstd=1.3488  lr=2.17e-05
  step   3300/8000  recon=0.0790  pr=0.8206  sid=5.4258  grl=5.1562  grl_p=3.2421  ub=0.3301  L/P/U=951/66/4103  actL/P/U=76/0/180  H=0.779  Hu=0.627  spec<.5=0.27  marg=0.522  lstd=1.3640  lr=2.11e-05
  step   3400/8000  recon=0.0789  pr=0.8202  sid=5.4629  grl=5.2031  grl_p=3.1302  ub=0.3168  L/P/U=935/65/4120  actL/P/U=76/0/180  H=0.773  Hu=0.621  spec<.5=0.28  marg=0.528  lstd=1.3776  lr=2.06e-05
  [grad_norms @3500]
    recon             |g|=0.02776  ratio=1.000x recon
    pr_raw            |g|=0.46515  ratio=16.758x recon
    pr_weighted       |g|=0.00930  ratio=0.335x recon
    sid_raw           |g|=0.50993  ratio=18.371x recon
    sid_weighted      |g|=0.01530  ratio=0.551x recon
    grl               |g|=0.34391  ratio=12.390x recon
    grl_p             |g|=0.34674  ratio=12.492x recon
    route             |g|=0.00000  ratio=0.000x recon
  step   3500/8000  recon=0.0773  pr=0.7673  sid=5.4785  grl=5.2148  grl_p=3.3088  ub=0.3164  L/P/U=918/65/4137  actL/P/U=76/0/180  H=0.767  Hu=0.614  spec<.5=0.29  marg=0.534  lstd=1.3904  lr=2.00e-05
  step   3600/8000  recon=0.0796  pr=0.9001  sid=5.4668  grl=5.1719  grl_p=3.2669  ub=0.3164  L/P/U=900/66/4154  actL/P/U=76/0/180  H=0.762  Hu=0.608  spec<.5=0.30  marg=0.539  lstd=1.4020  lr=1.94e-05
  step   3700/8000  recon=0.0790  pr=0.7943  sid=5.4648  grl=5.0684  grl_p=3.2343  ub=0.3205  L/P/U=888/66/4166  actL/P/U=75/0/181  H=0.757  Hu=0.603  spec<.5=0.31  marg=0.544  lstd=1.4131  lr=1.88e-05
  step   3800/8000  recon=0.0784  pr=0.7871  sid=5.4922  grl=5.4043  grl_p=3.3545  ub=0.3082  L/P/U=876/65/4179  actL/P/U=76/0/180  H=0.752  Hu=0.598  spec<.5=0.33  marg=0.549  lstd=1.4236  lr=1.82e-05
  step   3900/8000  recon=0.0786  pr=0.8162  sid=5.4629  grl=5.2090  grl_p=3.2746  ub=0.3031  L/P/U=857/63/4200  actL/P/U=74/0/182  H=0.748  Hu=0.593  spec<.5=0.34  marg=0.554  lstd=1.4331  lr=1.76e-05
  [grad_norms @4000]
    recon             |g|=0.02693  ratio=1.000x recon
    pr_raw            |g|=0.74706  ratio=27.745x recon
    pr_weighted       |g|=0.01494  ratio=0.555x recon
    sid_raw           |g|=0.37037  ratio=13.755x recon
    sid_weighted      |g|=0.01111  ratio=0.413x recon
    grl               |g|=0.37420  ratio=13.897x recon
    grl_p             |g|=0.39553  ratio=14.689x recon
    route             |g|=0.00000  ratio=0.000x recon
  step   4000/8000  recon=0.0788  pr=0.7606  sid=5.4707  grl=5.2773  grl_p=3.2659  ub=0.2947  L/P/U=845/62/4213  actL/P/U=74/0/182  H=0.744  Hu=0.588  spec<.5=0.34  marg=0.558  lstd=1.4420  lr=1.70e-05
  [val] step=4000  recon=0.0774  pr=0.8813  PER=0.253  sid_acc=0.042
  step   4100/8000  recon=0.0793  pr=0.8361  sid=5.4648  grl=5.1426  grl_p=3.2974  ub=0.3063  L/P/U=834/60/4226  actL/P/U=74/0/182  H=0.740  Hu=0.584  spec<.5=0.35  marg=0.562  lstd=1.4502  lr=1.64e-05
  step   4200/8000  recon=0.0779  pr=0.8325  sid=5.4844  grl=5.2305  grl_p=3.4466  ub=0.2994  L/P/U=828/57/4235  actL/P/U=73/0/183  H=0.736  Hu=0.580  spec<.5=0.36  marg=0.566  lstd=1.4581  lr=1.58e-05
  step   4300/8000  recon=0.0799  pr=0.7712  sid=5.5117  grl=5.3242  grl_p=3.2905  ub=0.2916  L/P/U=822/57/4241  actL/P/U=73/0/183  H=0.732  Hu=0.576  spec<.5=0.37  marg=0.569  lstd=1.4651  lr=1.52e-05
  step   4400/8000  recon=0.0789  pr=0.7251  sid=5.4863  grl=5.1719  grl_p=3.4300  ub=0.2904  L/P/U=806/56/4258  actL/P/U=73/0/183  H=0.729  Hu=0.573  spec<.5=0.38  marg=0.573  lstd=1.4721  lr=1.46e-05
  [grad_norms @4500]
    recon             |g|=0.02706  ratio=1.000x recon
    pr_raw            |g|=0.46780  ratio=17.289x recon
    pr_weighted       |g|=0.00936  ratio=0.346x recon
    sid_raw           |g|=0.37089  ratio=13.708x recon
    sid_weighted      |g|=0.01113  ratio=0.411x recon
    grl               |g|=0.41547  ratio=15.355x recon
    grl_p             |g|=0.96487  ratio=35.660x recon
    route             |g|=0.00000  ratio=0.000x recon
  step   4500/8000  recon=0.0791  pr=0.7658  sid=5.4922  grl=5.2715  grl_p=3.2261  ub=0.2943  L/P/U=797/56/4267  actL/P/U=73/0/183  H=0.725  Hu=0.569  spec<.5=0.38  marg=0.576  lstd=1.4781  lr=1.40e-05
  step   4600/8000  recon=0.0806  pr=0.8459  sid=5.4844  grl=5.2207  grl_p=3.3547  ub=0.2852  L/P/U=791/56/4273  actL/P/U=73/0/183  H=0.722  Hu=0.566  spec<.5=0.39  marg=0.579  lstd=1.4842  lr=1.34e-05
  step   4700/8000  recon=0.0798  pr=0.8729  sid=5.4844  grl=5.2383  grl_p=3.3440  ub=0.2779  L/P/U=783/56/4281  actL/P/U=72/0/184  H=0.719  Hu=0.563  spec<.5=0.39  marg=0.582  lstd=1.4899  lr=1.28e-05
  step   4800/8000  recon=0.0791  pr=0.7178  sid=5.4863  grl=5.2891  grl_p=3.2603  ub=0.2811  L/P/U=777/56/4287  actL/P/U=72/0/184  H=0.716  Hu=0.560  spec<.5=0.40  marg=0.584  lstd=1.4953  lr=1.22e-05
  step   4900/8000  recon=0.0792  pr=0.8154  sid=5.4980  grl=5.3613  grl_p=3.3769  ub=0.2875  L/P/U=775/56/4289  actL/P/U=72/0/184  H=0.714  Hu=0.558  spec<.5=0.41  marg=0.587  lstd=1.4999  lr=1.16e-05
  [grad_norms @5000]
    recon             |g|=0.02591  ratio=1.000x recon
    pr_raw            |g|=0.54636  ratio=21.086x recon
    pr_weighted       |g|=0.01093  ratio=0.422x recon
    sid_raw           |g|=0.41517  ratio=16.023x recon
    sid_weighted      |g|=0.01246  ratio=0.481x recon
    grl               |g|=0.38315  ratio=14.787x recon
    grl_p             |g|=0.37782  ratio=14.581x recon
    route             |g|=0.00000  ratio=0.000x recon
  step   5000/8000  recon=0.0793  pr=0.7353  sid=5.5039  grl=5.2539  grl_p=3.4162  ub=0.2746  L/P/U=766/56/4298  actL/P/U=71/0/185  H=0.711  Hu=0.555  spec<.5=0.41  marg=0.589  lstd=1.5044  lr=1.10e-05
  [val] step=5000  recon=0.0780  pr=0.8308  PER=0.243  sid_acc=0.008
  step   5100/8000  recon=0.0791  pr=0.7755  sid=5.5137  grl=5.2832  grl_p=3.3728  ub=0.2682  L/P/U=761/56/4303  actL/P/U=72/0/184  H=0.709  Hu=0.553  spec<.5=0.42  marg=0.591  lstd=1.5084  lr=1.04e-05
  step   5200/8000  recon=0.0795  pr=0.7682  sid=5.5000  grl=5.2090  grl_p=3.5629  ub=0.2777  L/P/U=755/56/4309  actL/P/U=72/0/184  H=0.707  Hu=0.551  spec<.5=0.42  marg=0.593  lstd=1.5125  lr=9.88e-06
  step   5300/8000  recon=0.0805  pr=0.8349  sid=5.4883  grl=5.2480  grl_p=3.3662  ub=0.2771  L/P/U=751/55/4314  actL/P/U=71/0/185  H=0.705  Hu=0.549  spec<.5=0.42  marg=0.595  lstd=1.5160  lr=9.33e-06
  step   5400/8000  recon=0.0786  pr=0.7397  sid=5.5059  grl=5.3340  grl_p=3.3318  ub=0.2783  L/P/U=747/55/4318  actL/P/U=71/0/185  H=0.703  Hu=0.547  spec<.5=0.43  marg=0.597  lstd=1.5197  lr=8.78e-06
  [grad_norms @5500]
    recon             |g|=0.02566  ratio=1.000x recon
    pr_raw            |g|=0.67439  ratio=26.286x recon
    pr_weighted       |g|=0.01349  ratio=0.526x recon
    sid_raw           |g|=0.40143  ratio=15.647x recon
    sid_weighted      |g|=0.01204  ratio=0.469x recon
    grl               |g|=0.42811  ratio=16.686x recon
    grl_p             |g|=0.31532  ratio=12.290x recon
    route             |g|=0.00000  ratio=0.000x recon
  step   5500/8000  recon=0.0786  pr=0.7421  sid=5.5000  grl=5.2305  grl_p=3.3781  ub=0.2711  L/P/U=736/55/4329  actL/P/U=70/0/186  H=0.701  Hu=0.545  spec<.5=0.43  marg=0.598  lstd=1.5227  lr=8.25e-06
  step   5600/8000  recon=0.0784  pr=0.7077  sid=5.4980  grl=5.2773  grl_p=3.2471  ub=0.2727  L/P/U=736/55/4329  actL/P/U=71/0/185  H=0.700  Hu=0.544  spec<.5=0.43  marg=0.600  lstd=1.5253  lr=7.73e-06
  step   5700/8000  recon=0.0784  pr=0.6865  sid=5.4961  grl=5.1016  grl_p=3.4021  ub=0.2697  L/P/U=731/55/4334  actL/P/U=70/0/186  H=0.698  Hu=0.542  spec<.5=0.44  marg=0.601  lstd=1.5281  lr=7.22e-06
  step   5800/8000  recon=0.0789  pr=0.8509  sid=5.4863  grl=5.2324  grl_p=3.5060  ub=0.2633  L/P/U=728/55/4337  actL/P/U=70/0/186  H=0.697  Hu=0.541  spec<.5=0.44  marg=0.602  lstd=1.5306  lr=6.73e-06
  step   5900/8000  recon=0.0798  pr=0.7785  sid=5.4902  grl=5.2285  grl_p=3.2134  ub=0.2666  L/P/U=723/54/4343  actL/P/U=70/0/186  H=0.695  Hu=0.540  spec<.5=0.44  marg=0.603  lstd=1.5328  lr=6.26e-06
  [grad_norms @6000]
    recon             |g|=0.02685  ratio=1.000x recon
    pr_raw            |g|=0.53100  ratio=19.775x recon
    pr_weighted       |g|=0.01062  ratio=0.396x recon
    sid_raw           |g|=0.38341  ratio=14.279x recon
    sid_weighted      |g|=0.01150  ratio=0.428x recon
    grl               |g|=0.41793  ratio=15.564x recon
    grl_p             |g|=0.34635  ratio=12.899x recon
    route             |g|=0.00000  ratio=0.000x recon
  step   6000/8000  recon=0.0801  pr=0.8655  sid=5.4902  grl=5.3066  grl_p=3.2617  ub=0.2668  L/P/U=722/53/4345  actL/P/U=70/0/186  H=0.694  Hu=0.539  spec<.5=0.44  marg=0.605  lstd=1.5349  lr=5.80e-06
  [val] step=6000  recon=0.0783  pr=0.8227  PER=0.234  sid_acc=0.006
  step   6100/8000  recon=0.0782  pr=0.7366  sid=5.5059  grl=5.2207  grl_p=3.3863  ub=0.2625  L/P/U=719/52/4349  actL/P/U=70/0/186  H=0.693  Hu=0.538  spec<.5=0.44  marg=0.606  lstd=1.5368  lr=5.35e-06
  step   6200/8000  recon=0.0802  pr=0.7319  sid=5.4863  grl=5.2715  grl_p=3.3248  ub=0.2570  L/P/U=718/52/4350  actL/P/U=69/0/187  H=0.692  Hu=0.537  spec<.5=0.45  marg=0.607  lstd=1.5385  lr=4.93e-06
  step   6300/8000  recon=0.0787  pr=0.7315  sid=5.5059  grl=5.3555  grl_p=3.3677  ub=0.2721  L/P/U=717/52/4351  actL/P/U=70/0/186  H=0.691  Hu=0.536  spec<.5=0.45  marg=0.607  lstd=1.5400  lr=4.52e-06
  step   6400/8000  recon=0.0804  pr=0.7664  sid=5.5039  grl=5.2207  grl_p=3.3036  ub=0.2693  L/P/U=713/52/4355  actL/P/U=69/0/187  H=0.690  Hu=0.535  spec<.5=0.45  marg=0.608  lstd=1.5415  lr=4.14e-06
  [grad_norms @6500]
    recon             |g|=0.02513  ratio=1.000x recon
    pr_raw            |g|=0.43532  ratio=17.321x recon
    pr_weighted       |g|=0.00871  ratio=0.346x recon
    sid_raw           |g|=0.40939  ratio=16.289x recon
    sid_weighted      |g|=0.01228  ratio=0.489x recon
    grl               |g|=0.37613  ratio=14.966x recon
    grl_p             |g|=0.35304  ratio=14.047x recon
    route             |g|=0.00000  ratio=0.000x recon
  step   6500/8000  recon=0.0792  pr=0.7872  sid=5.5020  grl=5.2715  grl_p=3.2965  ub=0.2559  L/P/U=713/51/4356  actL/P/U=70/0/186  H=0.689  Hu=0.534  spec<.5=0.45  marg=0.609  lstd=1.5427  lr=3.77e-06
  step   6600/8000  recon=0.0793  pr=0.7923  sid=5.5000  grl=5.2754  grl_p=3.4515  ub=0.2586  L/P/U=711/51/4358  actL/P/U=69/0/187  H=0.689  Hu=0.534  spec<.5=0.45  marg=0.609  lstd=1.5439  lr=3.42e-06
  step   6700/8000  recon=0.0800  pr=0.7577  sid=5.4805  grl=5.1836  grl_p=3.3310  ub=0.2598  L/P/U=710/51/4359  actL/P/U=69/0/187  H=0.688  Hu=0.533  spec<.5=0.45  marg=0.610  lstd=1.5450  lr=3.10e-06
  step   6800/8000  recon=0.0786  pr=0.7221  sid=5.4863  grl=5.2578  grl_p=3.2949  ub=0.2623  L/P/U=709/51/4360  actL/P/U=70/0/186  H=0.688  Hu=0.532  spec<.5=0.45  marg=0.610  lstd=1.5459  lr=2.79e-06
  step   6900/8000  recon=0.0782  pr=0.6883  sid=5.4883  grl=5.2422  grl_p=3.2795  ub=0.2658  L/P/U=709/51/4360  actL/P/U=69/0/187  H=0.687  Hu=0.532  spec<.5=0.46  marg=0.611  lstd=1.5467  lr=2.51e-06
  [grad_norms @7000]
    recon             |g|=0.02695  ratio=1.000x recon
    pr_raw            |g|=0.55565  ratio=20.617x recon
    pr_weighted       |g|=0.01111  ratio=0.412x recon
    sid_raw           |g|=0.42581  ratio=15.800x recon
    sid_weighted      |g|=0.01277  ratio=0.474x recon
    grl               |g|=0.41423  ratio=15.370x recon
    grl_p             |g|=0.45710  ratio=16.960x recon
    route             |g|=0.00000  ratio=0.000x recon
  step   7000/8000  recon=0.0792  pr=0.6673  sid=5.4980  grl=5.3027  grl_p=3.2973  ub=0.2771  L/P/U=709/51/4360  actL/P/U=69/0/187  H=0.687  Hu=0.532  spec<.5=0.46  marg=0.611  lstd=1.5474  lr=2.25e-06
  [val] step=7000  recon=0.0785  pr=0.8077  PER=0.231  sid_acc=0.006
  step   7100/8000  recon=0.0806  pr=0.7418  sid=5.5059  grl=5.2188  grl_p=3.2864  ub=0.2684  L/P/U=709/51/4360  actL/P/U=69/0/187  H=0.686  Hu=0.531  spec<.5=0.46  marg=0.612  lstd=1.5480  lr=2.02e-06
  step   7200/8000  recon=0.0791  pr=0.6672  sid=5.5098  grl=5.2734  grl_p=3.2224  ub=0.2621  L/P/U=706/50/4364  actL/P/U=69/0/187  H=0.686  Hu=0.531  spec<.5=0.46  marg=0.612  lstd=1.5486  lr=1.81e-06
  step   7300/8000  recon=0.0775  pr=0.7645  sid=5.5000  grl=5.2109  grl_p=3.3723  ub=0.2721  L/P/U=705/49/4366  actL/P/U=69/0/187  H=0.686  Hu=0.531  spec<.5=0.46  marg=0.612  lstd=1.5490  lr=1.62e-06
  step   7400/8000  recon=0.0804  pr=0.7562  sid=5.4844  grl=5.1895  grl_p=3.3471  ub=0.2643  L/P/U=706/49/4365  actL/P/U=69/0/187  H=0.685  Hu=0.530  spec<.5=0.46  marg=0.612  lstd=1.5495  lr=1.46e-06
  [grad_norms @7500]
    recon             |g|=0.02685  ratio=1.000x recon
    pr_raw            |g|=0.60816  ratio=22.650x recon
    pr_weighted       |g|=0.01216  ratio=0.453x recon
    sid_raw           |g|=0.38656  ratio=14.397x recon
    sid_weighted      |g|=0.01160  ratio=0.432x recon
    grl               |g|=0.40944  ratio=15.249x recon
    grl_p             |g|=0.33527  ratio=12.487x recon
    route             |g|=0.00000  ratio=0.000x recon
  step   7500/8000  recon=0.0787  pr=0.7467  sid=5.4941  grl=5.1973  grl_p=3.4750  ub=0.2617  L/P/U=704/49/4367  actL/P/U=69/0/187  H=0.685  Hu=0.530  spec<.5=0.46  marg=0.613  lstd=1.5499  lr=1.32e-06
  step   7600/8000  recon=0.0809  pr=0.7327  sid=5.4902  grl=5.2324  grl_p=3.2771  ub=0.2691  L/P/U=704/49/4367  actL/P/U=69/0/187  H=0.685  Hu=0.530  spec<.5=0.46  marg=0.613  lstd=1.5502  lr=1.20e-06
  step   7700/8000  recon=0.0798  pr=0.7324  sid=5.5078  grl=5.2539  grl_p=3.3271  ub=0.2568  L/P/U=704/49/4367  actL/P/U=69/0/187  H=0.685  Hu=0.530  spec<.5=0.46  marg=0.613  lstd=1.5506  lr=1.11e-06
  step   7800/8000  recon=0.0791  pr=0.9339  sid=5.5000  grl=5.2461  grl_p=3.4615  ub=0.2578  L/P/U=704/49/4367  actL/P/U=69/0/187  H=0.684  Hu=0.530  spec<.5=0.46  marg=0.613  lstd=1.5509  lr=1.05e-06
  step   7900/8000  recon=0.0795  pr=0.7548  sid=5.4980  grl=5.2871  grl_p=3.4587  ub=0.2500  L/P/U=704/49/4367  actL/P/U=69/0/187  H=0.684  Hu=0.529  spec<.5=0.46  marg=0.613  lstd=1.5511  lr=1.01e-06
  [grad_norms @8000]
    recon             |g|=0.02727  ratio=1.000x recon
    pr_raw            |g|=0.48088  ratio=17.636x recon
    pr_weighted       |g|=0.00962  ratio=0.353x recon
    sid_raw           |g|=0.41318  ratio=15.153x recon
    sid_weighted      |g|=0.01240  ratio=0.455x recon
    grl               |g|=0.45929  ratio=16.845x recon
    grl_p             |g|=0.23410  ratio=8.586x recon
    route             |g|=0.00000  ratio=0.000x recon
  step   8000/8000  recon=0.0792  pr=0.7016  sid=5.4980  grl=5.1875  grl_p=3.3390  ub=0.2654  L/P/U=703/49/4368  actL/P/U=69/0/187  H=0.684  Hu=0.529  spec<.5=0.46  marg=0.613  lstd=1.5514  lr=1.00e-06
  [val] step=8000  recon=0.0785  pr=0.8048  PER=0.232  sid_acc=0.006

[stage 2] done.  Best disent_score=1.1811  → /rds/user/bbg25/hpc-work/Thesis/Final-Proj/Disentanglement/checkpoints/routing_exp4_hard_ib/stage2_best.pt

[done]  best checkpoint → /rds/user/bbg25/hpc-work/Thesis/Final-Proj/Disentanglement/checkpoints/routing_exp4_hard_ib/stage2_best.pt

----- probe -----
Sat Jun 13 11:34:35 BST 2026
[diag_probe] run=diag_probe_routing_exp4_hard_ib  device=cuda
[diag_probe] seed=42
[diag_probe] stage1_ckpt=/rds/user/bbg25/hpc-work/Thesis/Final-Proj/Disentanglement/checkpoints/ln_sae/stage1_best.pt
[diag_probe] stage2_ckpt=/rds/user/bbg25/hpc-work/Thesis/Final-Proj/Disentanglement/checkpoints/routing_exp4_hard_ib/stage2_best.pt
[diag_probe] sources=['z_t', 'z_L', 'z_P']  tasks=['pr', 'sid']
[diag_probe] probe_steps=2000  pr_lr=0.0005  sid_lr=0.001  warmup=0
[pr_data] loaded LibriSpeech lexicon: 200,000 entries
[pr_data] loading train-clean-100 …
[pr_data] loading dev-clean …
[pr_data] loading test-clean …
[pr_data]  train=28539  val=2703  test=2620  vocab_size=74
[dis_data] loaded lexicon: 200,000 entries
[dis_data] loading train-clean-100 …
[dis_data]  251 speakers
[dis_data]  train=27539  val=500  test=500  vocab=74  speakers=251
[train] loaded 3 SAE tensors from /rds/user/bbg25/hpc-work/Thesis/Final-Proj/Disentanglement/checkpoints/ln_sae/stage1_best.pt  (step=6000  val=0.0737)
[diag_probe] skipped 1 shape-mismatched/stale keys (e.g. ['routing.current_logits']) — fine, probe does not use adversarial heads
[diag_probe] loaded stage2 weights from /rds/user/bbg25/hpc-work/Thesis/Final-Proj/Disentanglement/checkpoints/routing_exp4_hard_ib/stage2_best.pt

[diag_probe] speakers=251  pr_vocab=74  D=1280  K=5120
[diag_probe] PR: SUPERB 74-phone — train-clean-100 → val=dev-clean, test=test-clean
[diag_probe] SID: closed-set utterance split (val/test held out); probe arch=linear
[diag_probe] reported metric = TEST (val shown in parentheses)

  training probe: z_t -> PR ...
[pr_data] g2p_en loaded for OOV words
    z_t -> PR               PER test=0.067  (val 0.065)
  training probe: z_t -> SID ...
[dis_data] g2p_en loaded for OOV words
    z_t -> SID              acc test=0.998  (val 1.000)
  training probe: z_L -> PR ...
    z_L -> PR               PER test=0.136  (val 0.133)
  training probe: z_L -> SID ...
    z_L -> SID              acc test=0.930  (val 0.930)
  training probe: z_P -> PR ...
    z_P -> PR               PER test=1.000  (val 1.000)
  training probe: z_P -> SID ...
    z_P -> SID              acc test=0.322  (val 0.316)

==================================================================
  DIAGNOSTIC PROBE RESULTS - diag_probe_routing_exp4_hard_ib
==================================================================
  Source       PR (PER↓)    SID (acc↑)
  --------  ------------  ------------
  z_t              0.067         0.998
  z_L              0.136         0.930
  z_P              1.000         0.322
==================================================================


Finished   : Sat Jun 13 12:40:57 BST 2026
