=== Learned-routing invariance/stats-GRL experiment ===
started          : Thu 25 Jun 03:49:54 BST 2026
array_task       : 0
gpu              : NVIDIA A100-SXM4-80GB
run_name         : lr_invariance_only_w4_soft_seed42
method           : invariance_only_w4
method_label     : invariance-only w4, no z_L speaker GRL, z_P phone GRL=0.5
routing          : soft
routing_label    : soft fractional routing; eval uses deterministic soft masks
train_seed       : 42
probe_seeds      : 42 7
stage2_steps     : 12000
final_ckpt       : /rds/user/bbg25/hpc-work/Thesis/Final-Proj/Disentanglement/checkpoints/lr_invariance_only_w4_soft_seed42/stage2_step12000.pt
probe_targets    : z_L->SID and z_P->PR
sid_probe_heads  : linear mlp stats
pr_probe_heads   : linear mlp
probe_steps      : 10000
probe_patience   : 0
note             : no fixed_blocks; learned binary L/P routing; n_routes=2, no z_U
=== Disentanglement  stage=2
=== device=cuda  bf16=True
=== K=5120  topk=256  D=1280
=== steps=12000  α=0.8  β=0.6  grl=0.0  ρ=0.0
[dis_data] loaded lexicon: 200,000 entries
[dis_data] loading train-clean-100 …
[dis_data]  251 speakers
[dis_data] invariance ON — train loader yields speaker-perturbed pairs (f0×(0.7, 1.5), formant×(0.8, 1.45))
[dis_data]  train=27539  val=500  test=500  vocab=74  speakers=251
[train] stage2_from_scratch=True — SAE/routing/heads start from initialization
[stage 2] frozen=596,973,362  trainable=17,488,522  device=cuda
[stage 2] speakers=251  vocab=74
[stage 2] α=0.8  β=0.6  grl=0.0  ρ=0.0  grl_p=0.5  spear_ln=True  dann_full_disc=True
[stage 2] steps=12000  schedule_steps=12000  batch=16  grad_clip=1.0
[stage 2] best_ckpt selection: per + (1 - sid_acc) + grl_acc + (1 - grl_p_per)  — in-training head proxies, NOT a probe; run diag_probe/ for the authoritative leakage signal.
[stage 2] invariance ON: inv_weight=4.0  ramp_end=0 (z_L speaker-invariance via perturbed-pair consistency)
[dis_data] g2p_en loaded for OOV words[dis_data] g2p_en loaded for OOV words

[dis_data] g2p_en loaded for OOV words[dis_data] g2p_en loaded for OOV words

[dis_data] g2p_en loaded for OOV words[dis_data] g2p_en loaded for OOV words[dis_data] g2p_en loaded for OOV words[dis_data] g2p_en loaded for OOV words



  step      1/12000  recon=0.3694  pr=18.6017  sid=5.5332  grl=5.5352(acc=0.000)  grl_p=18.5599(per=2.089)  inv=0.8791  dead=0.0%  L/P/U=2530/2590/0  actL/P/U=127/129/0  H=0.693  Hu=0.641  spec<.5=0.05  marg=0.260  lstd=0.4962  lr=2.00e-07
  step    100/12000  recon=0.3333  pr=16.5723  sid=5.5293  grl=5.5703(acc=0.000)  grl_p=3.4000(per=1.000)  inv=0.9182  dead=0.0%  L/P/U=2548/2572/0  actL/P/U=131/125/0  H=0.693  Hu=0.640  spec<.5=0.05  marg=0.261  lstd=0.4974  lr=2.00e-05
  step    200/12000  recon=0.3675  pr=9.8781  sid=5.5059  grl=5.2812(acc=0.000)  grl_p=0.7215(per=0.205)  inv=0.7736  dead=0.0%  L/P/U=2626/2494/0  actL/P/U=148/108/0  H=0.693  Hu=0.639  spec<.5=0.05  marg=0.264  lstd=0.5005  lr=4.00e-05
  step    300/12000  recon=0.4222  pr=3.8066  sid=5.5312  grl=5.1885(acc=0.000)  grl_p=0.5667(per=0.168)  inv=0.7773  dead=0.0%  L/P/U=2812/2308/0  actL/P/U=185/71/0  H=0.692  Hu=0.636  spec<.5=0.06  marg=0.273  lstd=0.5098  lr=6.00e-05
  step    400/12000  recon=0.2542  pr=2.3544  sid=5.4492  grl=3.6763(acc=0.188)  grl_p=0.6964(per=0.190)  inv=0.5782  dead=0.0%  L/P/U=2898/2222/0  actL/P/U=217/39/0  H=0.691  Hu=0.629  spec<.5=0.08  marg=0.289  lstd=0.5290  lr=8.00e-05
  [grad_norms @500]
    recon             |g|=0.05144  ratio=1.000x recon
    pr_raw            |g|=0.49562  ratio=9.634x recon
    pr_weighted       |g|=0.39650  ratio=7.707x recon
    sid_raw           |g|=0.59659  ratio=11.597x recon
    sid_weighted      |g|=0.35795  ratio=6.958x recon
    grl               |g|=0.00000  ratio=0.000x recon
    grl_p             |g|=0.17882  ratio=3.476x recon
    route             |g|=0.00000  ratio=0.000x recon
    per-frame |dL/dz[t]|:  grl(z_L)=0.00019   grl_p(z_P)=0.00029   (grl_p/grl = 1.5x  <- pooled-vs-dense dilution)
    [grad_cos @500]  shared=sae.enc_weight; cos<0 = conflict
      cos(recon_vs_pr           ) = +0.012
      cos(recon_vs_sid          ) = +0.020
      cos(recon_vs_grl_p        ) = -0.016
      cos(pr_vs_sid             ) = +0.001
      cos(pr_vs_grl_p           ) = -0.074  conflict
      cos(sid_vs_grl_p          ) = -0.009
  step    500/12000  recon=0.1966  pr=1.5425  sid=5.4219  grl=3.4165(acc=0.312)  grl_p=0.8276(per=0.210)  inv=0.4589  dead=0.0%  L/P/U=2955/2165/0  actL/P/U=231/25/0  H=0.690  Hu=0.622  spec<.5=0.10  marg=0.303  lstd=0.5483  lr=1.00e-04
  step    600/12000  recon=0.1655  pr=1.1461  sid=5.4316  grl=2.3103(acc=0.375)  grl_p=0.6886(per=0.193)  inv=0.3561  dead=0.0%  L/P/U=2965/2155/0  actL/P/U=236/20/0  H=0.689  Hu=0.617  spec<.5=0.12  marg=0.313  lstd=0.5653  lr=1.00e-04
  step    700/12000  recon=0.1520  pr=0.9330  sid=5.4473  grl=2.1445(acc=0.688)  grl_p=0.6334(per=0.154)  inv=0.2992  dead=0.0%  L/P/U=2949/2171/0  actL/P/U=238/18/0  H=0.689  Hu=0.612  spec<.5=0.13  marg=0.320  lstd=0.5799  lr=9.99e-05
  step    800/12000  recon=0.1429  pr=0.8067  sid=5.3984  grl=1.6295(acc=0.500)  grl_p=0.5978(per=0.144)  inv=0.2338  dead=0.0%  L/P/U=2936/2184/0  actL/P/U=239/17/0  H=0.689  Hu=0.608  spec<.5=0.14  marg=0.327  lstd=0.5932  lr=9.98e-05
  step    900/12000  recon=0.1365  pr=0.6845  sid=5.3184  grl=0.9262(acc=0.875)  grl_p=0.6208(per=0.193)  inv=0.2113  dead=0.0%  L/P/U=2917/2203/0  actL/P/U=240/16/0  H=0.689  Hu=0.605  spec<.5=0.14  marg=0.332  lstd=0.6061  lr=9.97e-05
  [grad_norms @1000]
    recon             |g|=0.07290  ratio=1.000x recon
    pr_raw            |g|=0.24666  ratio=3.384x recon
    pr_weighted       |g|=0.19733  ratio=2.707x recon
    sid_raw           |g|=0.60933  ratio=8.359x recon
    sid_weighted      |g|=0.36560  ratio=5.015x recon
    grl               |g|=0.00000  ratio=0.000x recon
    grl_p             |g|=0.24905  ratio=3.417x recon
    route             |g|=0.00000  ratio=0.000x recon
    per-frame |dL/dz[t]|:  grl(z_L)=0.00026   grl_p(z_P)=0.00023   (grl_p/grl = 0.9x  <- pooled-vs-dense dilution)
    [grad_cos @1000]  shared=sae.enc_weight; cos<0 = conflict
      cos(recon_vs_pr           ) = +0.005
      cos(recon_vs_sid          ) = +0.025
      cos(recon_vs_grl_p        ) = -0.008
      cos(pr_vs_sid             ) = +0.001
      cos(pr_vs_grl_p           ) = -0.068  conflict
      cos(sid_vs_grl_p          ) = -0.002
  step   1000/12000  recon=0.1331  pr=0.6320  sid=5.2559  grl=1.5388(acc=0.688)  grl_p=0.5480(per=0.135)  inv=0.1784  dead=0.0%  L/P/U=2897/2223/0  actL/P/U=239/17/0  H=0.689  Hu=0.601  spec<.5=0.15  marg=0.337  lstd=0.6190  lr=9.95e-05
[dis_data] g2p_en loaded for OOV words
[dis_data] g2p_en loaded for OOV words
[dis_data] g2p_en loaded for OOV words
[dis_data] g2p_en loaded for OOV words
[dis_data] g2p_en loaded for OOV words
[dis_data] g2p_en loaded for OOV words
[dis_data] g2p_en loaded for OOV words
[dis_data] g2p_en loaded for OOV words
  [val] step=1000  recon=0.1337  pr=0.6217  | z_L PR=0.178 SID=0.644  | z_P PR=0.602 SID=0.458
  ✓ best checkpoint (disent=1.7623  PER=0.178 sid=0.458 grl_acc=0.644 grl_p_per=0.602) → /rds/user/bbg25/hpc-work/Thesis/Final-Proj/Disentanglement/checkpoints/lr_invariance_only_w4_soft_seed42/stage2_best.pt
  step   1100/12000  recon=0.1307  pr=0.6526  sid=5.1797  grl=1.1613(acc=0.625)  grl_p=0.6385(per=0.167)  inv=0.1624  dead=0.0%  L/P/U=2866/2254/0  actL/P/U=238/18/0  H=0.689  Hu=0.597  spec<.5=0.16  marg=0.343  lstd=0.6324  lr=9.93e-05
  step   1200/12000  recon=0.1305  pr=0.6091  sid=5.1094  grl=1.2584(acc=0.625)  grl_p=0.6597(per=0.169)  inv=0.2155  dead=0.0%  L/P/U=2825/2295/0  actL/P/U=236/20/0  H=0.690  Hu=0.594  spec<.5=0.17  marg=0.349  lstd=0.6465  lr=9.91e-05
  step   1300/12000  recon=0.1289  pr=0.5431  sid=5.0684  grl=0.8485(acc=0.625)  grl_p=0.7005(per=0.155)  inv=0.1724  dead=0.0%  L/P/U=2781/2339/0  actL/P/U=236/20/0  H=0.691  Hu=0.589  spec<.5=0.18  marg=0.357  lstd=0.6633  lr=9.88e-05
  step   1400/12000  recon=0.1262  pr=0.4336  sid=4.8652  grl=0.4555(acc=0.875)  grl_p=0.5226(per=0.145)  inv=0.1339  dead=0.0%  L/P/U=2729/2391/0  actL/P/U=233/23/0  H=0.691  Hu=0.583  spec<.5=0.20  marg=0.366  lstd=0.6825  lr=9.85e-05
  [grad_norms @1500]
    recon             |g|=0.10686  ratio=1.000x recon
    pr_raw            |g|=0.23197  ratio=2.171x recon
    pr_weighted       |g|=0.18557  ratio=1.737x recon
    sid_raw           |g|=1.04750  ratio=9.803x recon
    sid_weighted      |g|=0.62850  ratio=5.882x recon
    grl               |g|=0.00000  ratio=0.000x recon
    grl_p             |g|=0.83959  ratio=7.857x recon
    route             |g|=0.00000  ratio=0.000x recon
    per-frame |dL/dz[t]|:  grl(z_L)=0.00014   grl_p(z_P)=0.00039   (grl_p/grl = 2.7x  <- pooled-vs-dense dilution)
    [grad_cos @1500]  shared=sae.enc_weight; cos<0 = conflict
      cos(recon_vs_pr           ) = +0.002
      cos(recon_vs_sid          ) = +0.033
      cos(recon_vs_grl_p        ) = -0.012
      cos(pr_vs_sid             ) = +0.000
      cos(pr_vs_grl_p           ) = -0.013
      cos(sid_vs_grl_p          ) = +0.003
  step   1500/12000  recon=0.1291  pr=0.5466  sid=4.5947  grl=0.5751(acc=0.875)  grl_p=0.8605(per=0.254)  inv=0.1310  dead=0.0%  L/P/U=2672/2448/0  actL/P/U=231/25/0  H=0.692  Hu=0.577  spec<.5=0.21  marg=0.375  lstd=0.7020  lr=9.82e-05
  step   1600/12000  recon=0.1288  pr=0.4603  sid=4.3027  grl=0.4144(acc=0.875)  grl_p=0.9343(per=0.261)  inv=0.1181  dead=0.0%  L/P/U=2622/2498/0  actL/P/U=228/28/0  H=0.692  Hu=0.571  spec<.5=0.23  marg=0.386  lstd=0.7238  lr=9.78e-05
  step   1700/12000  recon=0.1313  pr=0.4614  sid=4.0859  grl=0.2455(acc=0.938)  grl_p=1.4594(per=0.354)  inv=0.1086  dead=0.0%  L/P/U=2591/2529/0  actL/P/U=226/30/0  H=0.693  Hu=0.564  spec<.5=0.24  marg=0.396  lstd=0.7471  lr=9.74e-05
[dis_data] g2p_en loaded for OOV words
[dis_data] g2p_en loaded for OOV words
[dis_data] g2p_en loaded for OOV words
[dis_data] g2p_en loaded for OOV words
[dis_data] g2p_en loaded for OOV words
[dis_data] g2p_en loaded for OOV words
[dis_data] g2p_en loaded for OOV words[dis_data] g2p_en loaded for OOV words

  step   1800/12000  recon=0.1361  pr=0.5023  sid=3.8262  grl=0.6514(acc=0.875)  grl_p=1.4491(per=0.456)  inv=0.1008  dead=0.0%  L/P/U=2542/2578/0  actL/P/U=225/31/0  H=0.693  Hu=0.557  spec<.5=0.26  marg=0.407  lstd=0.7708  lr=9.69e-05
  step   1900/12000  recon=0.1410  pr=0.4900  sid=3.3735  grl=0.2842(acc=0.938)  grl_p=1.9507(per=0.696)  inv=0.0859  dead=0.0%  L/P/U=2511/2609/0  actL/P/U=223/33/0  H=0.693  Hu=0.550  spec<.5=0.28  marg=0.416  lstd=0.7935  lr=9.64e-05
  [grad_norms @2000]
    recon             |g|=0.16074  ratio=1.000x recon
    pr_raw            |g|=0.36013  ratio=2.241x recon
    pr_weighted       |g|=0.28811  ratio=1.792x recon
    sid_raw           |g|=1.81427  ratio=11.287x recon
    sid_weighted      |g|=1.08856  ratio=6.772x recon
    grl               |g|=0.00000  ratio=0.000x recon
    grl_p             |g|=3.58985  ratio=22.334x recon
    route             |g|=0.00000  ratio=0.000x recon
    per-frame |dL/dz[t]|:  grl(z_L)=0.00014   grl_p(z_P)=0.00077   (grl_p/grl = 5.4x  <- pooled-vs-dense dilution)
    [grad_cos @2000]  shared=sae.enc_weight; cos<0 = conflict
      cos(recon_vs_pr           ) = +0.018
      cos(recon_vs_sid          ) = +0.041
      cos(recon_vs_grl_p        ) = -0.031
      cos(pr_vs_sid             ) = -0.006
      cos(pr_vs_grl_p           ) = +0.002
      cos(sid_vs_grl_p          ) = -0.000
  step   2000/12000  recon=0.1456  pr=0.4522  sid=3.2686  grl=0.2292(acc=0.875)  grl_p=2.5079(per=0.832)  inv=0.0815  dead=0.0%  L/P/U=2484/2636/0  actL/P/U=223/33/0  H=0.693  Hu=0.544  spec<.5=0.29  marg=0.423  lstd=0.8140  lr=9.59e-05
[dis_data] g2p_en loaded for OOV words
[dis_data] g2p_en loaded for OOV words
[dis_data] g2p_en loaded for OOV words
[dis_data] g2p_en loaded for OOV words
[dis_data] g2p_en loaded for OOV words
[dis_data] g2p_en loaded for OOV words
[dis_data] g2p_en loaded for OOV words
[dis_data] g2p_en loaded for OOV words
  [val] step=2000  recon=0.1440  pr=0.4391  | z_L PR=0.108 SID=0.746  | z_P PR=0.972 SID=0.794
  ✓ best checkpoint (disent=1.0878  PER=0.108 sid=0.794 grl_acc=0.746 grl_p_per=0.972) → /rds/user/bbg25/hpc-work/Thesis/Final-Proj/Disentanglement/checkpoints/lr_invariance_only_w4_soft_seed42/stage2_best.pt
  step   2100/12000  recon=0.1456  pr=0.4105  sid=2.9751  grl=0.2033(acc=1.000)  grl_p=2.9698(per=0.892)  inv=0.0733  dead=0.0%  L/P/U=2466/2654/0  actL/P/U=223/33/0  H=0.693  Hu=0.540  spec<.5=0.30  marg=0.430  lstd=0.8313  lr=9.53e-05
  step   2200/12000  recon=0.1492  pr=0.4348  sid=2.8286  grl=0.5741(acc=0.875)  grl_p=3.7211(per=0.981)  inv=0.0801  dead=0.0%  L/P/U=2452/2668/0  actL/P/U=222/34/0  H=0.693  Hu=0.536  spec<.5=0.30  marg=0.434  lstd=0.8456  lr=9.48e-05
  step   2300/12000  recon=0.1491  pr=0.4535  sid=2.6440  grl=0.5606(acc=0.812)  grl_p=3.1387(per=0.980)  inv=0.0799  dead=0.0%  L/P/U=2431/2689/0  actL/P/U=221/35/0  H=0.693  Hu=0.533  spec<.5=0.31  marg=0.439  lstd=0.8591  lr=9.41e-05
  step   2400/12000  recon=0.1529  pr=0.4145  sid=2.8784  grl=0.8763(acc=0.688)  grl_p=3.6048(per=0.990)  inv=0.0720  dead=0.0%  L/P/U=2414/2706/0  actL/P/U=224/32/0  H=0.693  Hu=0.530  spec<.5=0.31  marg=0.443  lstd=0.8714  lr=9.35e-05
  [grad_norms @2500]
    recon             |g|=0.18831  ratio=1.000x recon
    pr_raw            |g|=0.36377  ratio=1.932x recon
    pr_weighted       |g|=0.29102  ratio=1.545x recon
    sid_raw           |g|=1.72273  ratio=9.149x recon
    sid_weighted      |g|=1.03364  ratio=5.489x recon
    grl               |g|=0.00000  ratio=0.000x recon
    grl_p             |g|=1.85484  ratio=9.850x recon
    route             |g|=0.00000  ratio=0.000x recon
    per-frame |dL/dz[t]|:  grl(z_L)=0.00017   grl_p(z_P)=0.00036   (grl_p/grl = 2.1x  <- pooled-vs-dense dilution)
    [grad_cos @2500]  shared=sae.enc_weight; cos<0 = conflict
      cos(recon_vs_pr           ) = +0.011
      cos(recon_vs_sid          ) = +0.046
      cos(recon_vs_grl_p        ) = -0.015
      cos(pr_vs_sid             ) = -0.001
      cos(pr_vs_grl_p           ) = -0.009
      cos(sid_vs_grl_p          ) = -0.006
  step   2500/12000  recon=0.1519  pr=0.4358  sid=2.4443  grl=0.5331(acc=0.875)  grl_p=3.5336(per=0.989)  inv=0.0674  dead=0.0%  L/P/U=2402/2718/0  actL/P/U=224/32/0  H=0.693  Hu=0.527  spec<.5=0.32  marg=0.447  lstd=0.8829  lr=9.28e-05
  step   2600/12000  recon=0.1522  pr=0.4780  sid=2.0615  grl=0.3503(acc=0.875)  grl_p=3.5112(per=1.000)  inv=0.0613  dead=0.0%  L/P/U=2389/2731/0  actL/P/U=224/32/0  H=0.693  Hu=0.524  spec<.5=0.32  marg=0.451  lstd=0.8945  lr=9.21e-05
  step   2700/12000  recon=0.1506  pr=0.4823  sid=2.3501  grl=1.6604(acc=0.562)  grl_p=3.3857(per=1.000)  inv=0.0649  dead=0.0%  L/P/U=2373/2747/0  actL/P/U=226/30/0  H=0.693  Hu=0.521  spec<.5=0.33  marg=0.455  lstd=0.9052  lr=9.13e-05
  step   2800/12000  recon=0.1525  pr=0.3784  sid=2.3889  grl=0.3712(acc=0.875)  grl_p=3.6442(per=0.999)  inv=0.0693  dead=0.0%  L/P/U=2359/2761/0  actL/P/U=228/28/0  H=0.693  Hu=0.518  spec<.5=0.33  marg=0.458  lstd=0.9154  lr=9.05e-05
  step   2900/12000  recon=0.1510  pr=0.4942  sid=2.0601  grl=0.0965(acc=1.000)  grl_p=3.4717(per=0.999)  inv=0.0617  dead=0.0%  L/P/U=2344/2776/0  actL/P/U=226/30/0  H=0.692  Hu=0.516  spec<.5=0.34  marg=0.461  lstd=0.9250  lr=8.97e-05
  [grad_norms @3000]
    recon             |g|=0.20690  ratio=1.000x recon
    pr_raw            |g|=0.46535  ratio=2.249x recon
    pr_weighted       |g|=0.37228  ratio=1.799x recon
    sid_raw           |g|=2.29841  ratio=11.109x recon
    sid_weighted      |g|=1.37905  ratio=6.665x recon
    grl               |g|=0.00000  ratio=0.000x recon
    grl_p             |g|=0.95751  ratio=4.628x recon
    route             |g|=0.00000  ratio=0.000x recon
    per-frame |dL/dz[t]|:  grl(z_L)=0.00084   grl_p(z_P)=0.00027   (grl_p/grl = 0.3x  <- pooled-vs-dense dilution)
    [grad_cos @3000]  shared=sae.enc_weight; cos<0 = conflict
      cos(recon_vs_pr           ) = +0.011
      cos(recon_vs_sid          ) = +0.041
      cos(recon_vs_grl_p        ) = -0.008
      cos(pr_vs_sid             ) = -0.002
      cos(pr_vs_grl_p           ) = +0.004
      cos(sid_vs_grl_p          ) = -0.023
  step   3000/12000  recon=0.1522  pr=0.4315  sid=1.7638  grl=1.0478(acc=0.625)  grl_p=3.6643(per=0.998)  inv=0.0634  dead=0.0%  L/P/U=2334/2786/0  actL/P/U=228/28/0  H=0.692  Hu=0.513  spec<.5=0.34  marg=0.465  lstd=0.9351  lr=8.89e-05
[dis_data] g2p_en loaded for OOV words
[dis_data] g2p_en loaded for OOV words
[dis_data] g2p_en loaded for OOV words
[dis_data] g2p_en loaded for OOV words
[dis_data] g2p_en loaded for OOV words[dis_data] g2p_en loaded for OOV words

[dis_data] g2p_en loaded for OOV words
[dis_data] g2p_en loaded for OOV words
  [val] step=3000  recon=0.1517  pr=0.3681  | z_L PR=0.091 SID=0.762  | z_P PR=0.999 SID=0.906
  ✓ best checkpoint (disent=0.9476  PER=0.091 sid=0.906 grl_acc=0.762 grl_p_per=0.999) → /rds/user/bbg25/hpc-work/Thesis/Final-Proj/Disentanglement/checkpoints/lr_invariance_only_w4_soft_seed42/stage2_best.pt
  step   3100/12000  recon=0.1535  pr=0.3617  sid=1.9575  grl=0.1065(acc=1.000)  grl_p=3.6401(per=0.999)  inv=0.0614  dead=0.0%  L/P/U=2322/2798/0  actL/P/U=229/27/0  H=0.692  Hu=0.511  spec<.5=0.35  marg=0.468  lstd=0.9445  lr=8.80e-05
  step   3200/12000  recon=0.1530  pr=0.3920  sid=1.6519  grl=0.8168(acc=0.750)  grl_p=3.5433(per=1.000)  inv=0.0546  dead=0.0%  L/P/U=2310/2810/0  actL/P/U=228/28/0  H=0.692  Hu=0.508  spec<.5=0.35  marg=0.472  lstd=0.9537  lr=8.71e-05
  step   3300/12000  recon=0.1533  pr=0.4630  sid=1.5156  grl=0.7311(acc=0.750)  grl_p=3.5116(per=1.000)  inv=0.0495  dead=0.0%  L/P/U=2297/2823/0  actL/P/U=228/28/0  H=0.692  Hu=0.506  spec<.5=0.35  marg=0.475  lstd=0.9622  lr=8.62e-05
  step   3400/12000  recon=0.1536  pr=0.3079  sid=1.7085  grl=0.5354(acc=0.875)  grl_p=3.5086(per=1.000)  inv=0.0576  dead=0.0%  L/P/U=2292/2828/0  actL/P/U=230/26/0  H=0.692  Hu=0.504  spec<.5=0.36  marg=0.478  lstd=0.9710  lr=8.53e-05
[dis_data] g2p_en loaded for OOV words
[dis_data] g2p_en loaded for OOV words
[dis_data] g2p_en loaded for OOV words[dis_data] g2p_en loaded for OOV words

[dis_data] g2p_en loaded for OOV words
[dis_data] g2p_en loaded for OOV words
[dis_data] g2p_en loaded for OOV words
[dis_data] g2p_en loaded for OOV words
  [grad_norms @3500]
    recon             |g|=0.22419  ratio=1.000x recon
    pr_raw            |g|=0.33133  ratio=1.478x recon
    pr_weighted       |g|=0.26506  ratio=1.182x recon
    sid_raw           |g|=2.69199  ratio=12.008x recon
    sid_weighted      |g|=1.61519  ratio=7.205x recon
    grl               |g|=0.00000  ratio=0.000x recon
    grl_p             |g|=1.42491  ratio=6.356x recon
    route             |g|=0.00000  ratio=0.000x recon
    per-frame |dL/dz[t]|:  grl(z_L)=0.00063   grl_p(z_P)=0.00025   (grl_p/grl = 0.4x  <- pooled-vs-dense dilution)
    [grad_cos @3500]  shared=sae.enc_weight; cos<0 = conflict
      cos(recon_vs_pr           ) = +0.003
      cos(recon_vs_sid          ) = +0.037
      cos(recon_vs_grl_p        ) = -0.007
      cos(pr_vs_sid             ) = +0.000
      cos(pr_vs_grl_p           ) = +0.012
      cos(sid_vs_grl_p          ) = +0.025
  step   3500/12000  recon=0.1524  pr=0.3079  sid=1.7676  grl=0.8964(acc=0.750)  grl_p=3.5660(per=1.000)  inv=0.0467  dead=0.0%  L/P/U=2288/2832/0  actL/P/U=233/23/0  H=0.691  Hu=0.502  spec<.5=0.36  marg=0.481  lstd=0.9792  lr=8.43e-05
  step   3600/12000  recon=0.1537  pr=0.3542  sid=1.5066  grl=0.6448(acc=0.938)  grl_p=3.5039(per=1.000)  inv=0.0439  dead=0.0%  L/P/U=2286/2834/0  actL/P/U=231/25/0  H=0.691  Hu=0.500  spec<.5=0.36  marg=0.484  lstd=0.9870  lr=8.33e-05
  step   3700/12000  recon=0.1503  pr=0.4542  sid=1.4739  grl=0.4638(acc=0.875)  grl_p=3.5271(per=1.000)  inv=0.0510  dead=0.0%  L/P/U=2281/2839/0  actL/P/U=232/24/0  H=0.691  Hu=0.498  spec<.5=0.37  marg=0.487  lstd=0.9947  lr=8.23e-05
  step   3800/12000  recon=0.1524  pr=0.3779  sid=1.3979  grl=1.2287(acc=0.688)  grl_p=3.5294(per=1.000)  inv=0.0482  dead=0.0%  L/P/U=2276/2844/0  actL/P/U=233/23/0  H=0.691  Hu=0.496  spec<.5=0.37  marg=0.490  lstd=1.0020  lr=8.12e-05
  step   3900/12000  recon=0.1510  pr=0.3160  sid=1.2606  grl=0.1487(acc=0.938)  grl_p=3.5187(per=1.000)  inv=0.0632  dead=0.0%  L/P/U=2270/2850/0  actL/P/U=233/23/0  H=0.691  Hu=0.494  spec<.5=0.37  marg=0.493  lstd=1.0093  lr=8.01e-05
  [grad_norms @4000]
    recon             |g|=0.23408  ratio=1.000x recon
    pr_raw            |g|=0.31109  ratio=1.329x recon
    pr_weighted       |g|=0.24887  ratio=1.063x recon
    sid_raw           |g|=2.20395  ratio=9.416x recon
    sid_weighted      |g|=1.32237  ratio=5.649x recon
    grl               |g|=0.00000  ratio=0.000x recon
    grl_p             |g|=1.23940  ratio=5.295x recon
    route             |g|=0.00000  ratio=0.000x recon
    per-frame |dL/dz[t]|:  grl(z_L)=0.00031   grl_p(z_P)=0.00018   (grl_p/grl = 0.6x  <- pooled-vs-dense dilution)
    [grad_cos @4000]  shared=sae.enc_weight; cos<0 = conflict
      cos(recon_vs_pr           ) = -0.002
      cos(recon_vs_sid          ) = +0.033
      cos(recon_vs_grl_p        ) = -0.014
      cos(pr_vs_sid             ) = -0.001
      cos(pr_vs_grl_p           ) = +0.000
      cos(sid_vs_grl_p          ) = -0.025
  step   4000/12000  recon=0.1519  pr=0.3534  sid=1.0247  grl=0.4130(acc=0.875)  grl_p=3.6916(per=1.000)  inv=0.0367  dead=0.0%  L/P/U=2263/2857/0  actL/P/U=232/24/0  H=0.690  Hu=0.492  spec<.5=0.38  marg=0.495  lstd=1.0165  lr=7.90e-05
[dis_data] g2p_en loaded for OOV words
[dis_data] g2p_en loaded for OOV words
[dis_data] g2p_en loaded for OOV words
[dis_data] g2p_en loaded for OOV words
[dis_data] g2p_en loaded for OOV words
[dis_data] g2p_en loaded for OOV words
[dis_data] g2p_en loaded for OOV words
[dis_data] g2p_en loaded for OOV words
  [val] step=4000  recon=0.1512  pr=0.3307  | z_L PR=0.078 SID=0.736  | z_P PR=1.000 SID=0.966
  ✓ best checkpoint (disent=0.8487  PER=0.078 sid=0.966 grl_acc=0.736 grl_p_per=1.000) → /rds/user/bbg25/hpc-work/Thesis/Final-Proj/Disentanglement/checkpoints/lr_invariance_only_w4_soft_seed42/stage2_best.pt
  step   4100/12000  recon=0.1532  pr=0.3829  sid=1.3710  grl=0.5547(acc=0.875)  grl_p=3.5766(per=1.000)  inv=0.0406  dead=0.0%  L/P/U=2258/2862/0  actL/P/U=234/22/0  H=0.690  Hu=0.490  spec<.5=0.38  marg=0.498  lstd=1.0234  lr=7.79e-05
  step   4200/12000  recon=0.1545  pr=0.3891  sid=1.3521  grl=0.6819(acc=0.875)  grl_p=3.5778(per=1.000)  inv=0.0466  dead=0.1%  L/P/U=2253/2867/0  actL/P/U=234/22/0  H=0.690  Hu=0.488  spec<.5=0.39  marg=0.501  lstd=1.0298  lr=7.68e-05
  step   4300/12000  recon=0.1519  pr=0.3129  sid=1.1848  grl=0.1323(acc=1.000)  grl_p=3.6882(per=1.000)  inv=0.0324  dead=0.1%  L/P/U=2249/2871/0  actL/P/U=234/22/0  H=0.690  Hu=0.486  spec<.5=0.39  marg=0.503  lstd=1.0362  lr=7.56e-05
  step   4400/12000  recon=0.1530  pr=0.3959  sid=1.7668  grl=0.5886(acc=0.750)  grl_p=3.6197(per=1.000)  inv=0.0354  dead=0.1%  L/P/U=2241/2879/0  actL/P/U=236/20/0  H=0.690  Hu=0.485  spec<.5=0.39  marg=0.505  lstd=1.0425  lr=7.45e-05
  [grad_norms @4500]
    recon             |g|=0.28669  ratio=1.000x recon
    pr_raw            |g|=0.48490  ratio=1.691x recon
    pr_weighted       |g|=0.38792  ratio=1.353x recon
    sid_raw           |g|=2.71092  ratio=9.456x recon
    sid_weighted      |g|=1.62655  ratio=5.674x recon
    grl               |g|=0.00000  ratio=0.000x recon
    grl_p             |g|=1.47922  ratio=5.160x recon
    route             |g|=0.00000  ratio=0.000x recon
    per-frame |dL/dz[t]|:  grl(z_L)=0.00056   grl_p(z_P)=0.00015   (grl_p/grl = 0.3x  <- pooled-vs-dense dilution)
    [grad_cos @4500]  shared=sae.enc_weight; cos<0 = conflict
      cos(recon_vs_pr           ) = +0.012
      cos(recon_vs_sid          ) = +0.022
      cos(recon_vs_grl_p        ) = -0.001
      cos(pr_vs_sid             ) = +0.002
      cos(pr_vs_grl_p           ) = -0.000
      cos(sid_vs_grl_p          ) = -0.053  conflict
  step   4500/12000  recon=0.1487  pr=0.2783  sid=1.4419  grl=1.0461(acc=0.438)  grl_p=3.7333(per=1.000)  inv=0.0590  dead=0.1%  L/P/U=2235/2885/0  actL/P/U=234/22/0  H=0.689  Hu=0.483  spec<.5=0.40  marg=0.508  lstd=1.0485  lr=7.33e-05
  step   4600/12000  recon=0.1498  pr=0.4088  sid=1.1230  grl=0.1992(acc=0.938)  grl_p=3.5148(per=1.000)  inv=0.0419  dead=0.1%  L/P/U=2227/2893/0  actL/P/U=235/21/0  H=0.689  Hu=0.481  spec<.5=0.40  marg=0.510  lstd=1.0543  lr=7.21e-05
  step   4700/12000  recon=0.1499  pr=0.2737  sid=1.1010  grl=0.3921(acc=0.938)  grl_p=3.5092(per=1.000)  inv=0.0366  dead=0.1%  L/P/U=2225/2895/0  actL/P/U=236/20/0  H=0.689  Hu=0.480  spec<.5=0.41  marg=0.512  lstd=1.0603  lr=7.08e-05
  step   4800/12000  recon=0.1501  pr=0.3198  sid=0.9536  grl=1.1308(acc=0.812)  grl_p=3.5181(per=1.000)  inv=0.0479  dead=0.1%  L/P/U=2215/2905/0  actL/P/U=235/21/0  H=0.689  Hu=0.478  spec<.5=0.41  marg=0.515  lstd=1.0657  lr=6.96e-05
  step   4900/12000  recon=0.1515  pr=0.3719  sid=1.1629  grl=0.1162(acc=1.000)  grl_p=3.6042(per=1.000)  inv=0.0374  dead=0.1%  L/P/U=2210/2910/0  actL/P/U=236/20/0  H=0.689  Hu=0.477  spec<.5=0.41  marg=0.517  lstd=1.0711  lr=6.83e-05
  [grad_norms @5000]
    recon             |g|=0.28360  ratio=1.000x recon
    pr_raw            |g|=0.33820  ratio=1.193x recon
    pr_weighted       |g|=0.27056  ratio=0.954x recon
    sid_raw           |g|=3.22556  ratio=11.374x recon
    sid_weighted      |g|=1.93534  ratio=6.824x recon
    grl               |g|=0.00000  ratio=0.000x recon
    grl_p             |g|=0.54461  ratio=1.920x recon
    route             |g|=0.00000  ratio=0.000x recon
    per-frame |dL/dz[t]|:  grl(z_L)=0.00030   grl_p(z_P)=0.00016   (grl_p/grl = 0.5x  <- pooled-vs-dense dilution)
    [grad_cos @5000]  shared=sae.enc_weight; cos<0 = conflict
      cos(recon_vs_pr           ) = +0.003
      cos(recon_vs_sid          ) = +0.025
      cos(recon_vs_grl_p        ) = -0.022
      cos(pr_vs_sid             ) = +0.000
      cos(pr_vs_grl_p           ) = -0.003
      cos(sid_vs_grl_p          ) = -0.015
  step   5000/12000  recon=0.1495  pr=0.3073  sid=1.0809  grl=0.1460(acc=0.938)  grl_p=3.5311(per=1.000)  inv=0.0318  dead=0.3%  L/P/U=2207/2913/0  actL/P/U=235/21/0  H=0.689  Hu=0.475  spec<.5=0.42  marg=0.519  lstd=1.0766  lr=6.71e-05
[dis_data] g2p_en loaded for OOV words
[dis_data] g2p_en loaded for OOV words
[dis_data] g2p_en loaded for OOV words
[dis_data] g2p_en loaded for OOV words[dis_data] g2p_en loaded for OOV words[dis_data] g2p_en loaded for OOV words


[dis_data] g2p_en loaded for OOV words
[dis_data] g2p_en loaded for OOV words
  [val] step=5000  recon=0.1494  pr=0.3108  | z_L PR=0.077 SID=0.724  | z_P PR=1.000 SID=0.984
  ✓ best checkpoint (disent=0.8177  PER=0.077 sid=0.984 grl_acc=0.724 grl_p_per=1.000) → /rds/user/bbg25/hpc-work/Thesis/Final-Proj/Disentanglement/checkpoints/lr_invariance_only_w4_soft_seed42/stage2_best.pt
  step   5100/12000  recon=0.1491  pr=0.3092  sid=1.3553  grl=0.7549(acc=0.750)  grl_p=3.5422(per=1.000)  inv=0.0610  dead=0.2%  L/P/U=2201/2919/0  actL/P/U=238/18/0  H=0.688  Hu=0.473  spec<.5=0.42  marg=0.521  lstd=1.0820  lr=6.58e-05
[dis_data] g2p_en loaded for OOV words
[dis_data] g2p_en loaded for OOV words
[dis_data] g2p_en loaded for OOV words
[dis_data] g2p_en loaded for OOV words[dis_data] g2p_en loaded for OOV words

[dis_data] g2p_en loaded for OOV words
[dis_data] g2p_en loaded for OOV words
[dis_data] g2p_en loaded for OOV words
  step   5200/12000  recon=0.1507  pr=0.3045  sid=1.0714  grl=0.0803(acc=1.000)  grl_p=3.5670(per=1.000)  inv=0.0509  dead=0.4%  L/P/U=2196/2924/0  actL/P/U=238/18/0  H=0.688  Hu=0.472  spec<.5=0.42  marg=0.524  lstd=1.0876  lr=6.45e-05
  step   5300/12000  recon=0.1486  pr=0.2927  sid=0.9435  grl=0.2226(acc=0.938)  grl_p=3.5055(per=0.999)  inv=0.0387  dead=0.4%  L/P/U=2193/2927/0  actL/P/U=235/21/0  H=0.688  Hu=0.470  spec<.5=0.42  marg=0.526  lstd=1.0928  lr=6.32e-05
  step   5400/12000  recon=0.1489  pr=0.3382  sid=1.0205  grl=0.2581(acc=0.875)  grl_p=3.5255(per=1.000)  inv=0.0423  dead=0.4%  L/P/U=2186/2934/0  actL/P/U=236/20/0  H=0.688  Hu=0.469  spec<.5=0.43  marg=0.529  lstd=1.0977  lr=6.19e-05
  [grad_norms @5500]
    recon             |g|=0.25756  ratio=1.000x recon
    pr_raw            |g|=0.41930  ratio=1.628x recon
    pr_weighted       |g|=0.33544  ratio=1.302x recon
    sid_raw           |g|=3.86418  ratio=15.003x recon
    sid_weighted      |g|=2.31851  ratio=9.002x recon
    grl               |g|=0.00000  ratio=0.000x recon
    grl_p             |g|=1.48378  ratio=5.761x recon
    route             |g|=0.00000  ratio=0.000x recon
    per-frame |dL/dz[t]|:  grl(z_L)=0.00026   grl_p(z_P)=0.00015   (grl_p/grl = 0.6x  <- pooled-vs-dense dilution)
    [grad_cos @5500]  shared=sae.enc_weight; cos<0 = conflict
      cos(recon_vs_pr           ) = -0.005
      cos(recon_vs_sid          ) = +0.026
      cos(recon_vs_grl_p        ) = -0.020
      cos(pr_vs_sid             ) = -0.001
      cos(pr_vs_grl_p           ) = +0.003
      cos(sid_vs_grl_p          ) = +0.020
  step   5500/12000  recon=0.1493  pr=0.3755  sid=1.1308  grl=0.1372(acc=0.938)  grl_p=3.5377(per=1.000)  inv=0.0232  dead=0.4%  L/P/U=2181/2939/0  actL/P/U=239/17/0  H=0.688  Hu=0.467  spec<.5=0.43  marg=0.531  lstd=1.1025  lr=6.06e-05
  step   5600/12000  recon=0.1481  pr=0.3069  sid=0.5852  grl=0.3312(acc=0.938)  grl_p=3.5186(per=1.000)  inv=0.0368  dead=0.5%  L/P/U=2178/2942/0  actL/P/U=235/21/0  H=0.688  Hu=0.466  spec<.5=0.43  marg=0.533  lstd=1.1073  lr=5.92e-05
  step   5700/12000  recon=0.1490  pr=0.2910  sid=1.3169  grl=0.3918(acc=0.875)  grl_p=3.6143(per=0.999)  inv=0.0390  dead=0.5%  L/P/U=2177/2943/0  actL/P/U=238/18/0  H=0.687  Hu=0.464  spec<.5=0.43  marg=0.535  lstd=1.1120  lr=5.79e-05
  step   5800/12000  recon=0.1474  pr=0.3025  sid=1.1436  grl=0.4698(acc=0.812)  grl_p=3.5261(per=1.000)  inv=0.0333  dead=0.6%  L/P/U=2174/2946/0  actL/P/U=237/19/0  H=0.687  Hu=0.463  spec<.5=0.44  marg=0.537  lstd=1.1162  lr=5.66e-05
  step   5900/12000  recon=0.1472  pr=0.3311  sid=0.7609  grl=0.6791(acc=0.812)  grl_p=3.5276(per=1.000)  inv=0.0214  dead=0.6%  L/P/U=2170/2950/0  actL/P/U=238/18/0  H=0.687  Hu=0.461  spec<.5=0.44  marg=0.540  lstd=1.1209  lr=5.52e-05
  [grad_norms @6000]
    recon             |g|=0.31473  ratio=1.000x recon
    pr_raw            |g|=0.39948  ratio=1.269x recon
    pr_weighted       |g|=0.31959  ratio=1.015x recon
    sid_raw           |g|=2.61792  ratio=8.318x recon
    sid_weighted      |g|=1.57075  ratio=4.991x recon
    grl               |g|=0.00000  ratio=0.000x recon
    grl_p             |g|=1.01148  ratio=3.214x recon
    route             |g|=0.00000  ratio=0.000x recon
    per-frame |dL/dz[t]|:  grl(z_L)=0.00044   grl_p(z_P)=0.00019   (grl_p/grl = 0.4x  <- pooled-vs-dense dilution)
    [grad_cos @6000]  shared=sae.enc_weight; cos<0 = conflict
      cos(recon_vs_pr           ) = -0.009
      cos(recon_vs_sid          ) = +0.039
      cos(recon_vs_grl_p        ) = -0.015
      cos(pr_vs_sid             ) = +0.000
      cos(pr_vs_grl_p           ) = +0.004
      cos(sid_vs_grl_p          ) = -0.033
  step   6000/12000  recon=0.1490  pr=0.3516  sid=0.6971  grl=0.2368(acc=0.938)  grl_p=3.5547(per=1.000)  inv=0.0272  dead=0.7%  L/P/U=2166/2954/0  actL/P/U=237/19/0  H=0.687  Hu=0.460  spec<.5=0.45  marg=0.542  lstd=1.1258  lr=5.39e-05
[dis_data] g2p_en loaded for OOV words
[dis_data] g2p_en loaded for OOV words
[dis_data] g2p_en loaded for OOV words
[dis_data] g2p_en loaded for OOV words
[dis_data] g2p_en loaded for OOV words
[dis_data] g2p_en loaded for OOV words
[dis_data] g2p_en loaded for OOV words
[dis_data] g2p_en loaded for OOV words
  [val] step=6000  recon=0.1478  pr=0.3048  | z_L PR=0.081 SID=0.862  | z_P PR=1.000 SID=0.988
  step   6100/12000  recon=0.1487  pr=0.3461  sid=0.5859  grl=0.2002(acc=0.938)  grl_p=3.5739(per=1.000)  inv=0.0273  dead=0.7%  L/P/U=2161/2959/0  actL/P/U=237/19/0  H=0.687  Hu=0.458  spec<.5=0.45  marg=0.544  lstd=1.1302  lr=5.25e-05
  step   6200/12000  recon=0.1465  pr=0.3030  sid=1.1761  grl=0.5116(acc=0.750)  grl_p=3.5840(per=1.000)  inv=0.0301  dead=0.7%  L/P/U=2159/2961/0  actL/P/U=238/18/0  H=0.686  Hu=0.457  spec<.5=0.45  marg=0.546  lstd=1.1344  lr=5.12e-05
  step   6300/12000  recon=0.1488  pr=0.4168  sid=1.2789  grl=0.2344(acc=1.000)  grl_p=3.5399(per=1.000)  inv=0.0395  dead=0.7%  L/P/U=2155/2965/0  actL/P/U=238/18/0  H=0.686  Hu=0.455  spec<.5=0.45  marg=0.549  lstd=1.1390  lr=4.98e-05
  step   6400/12000  recon=0.1460  pr=0.3335  sid=0.8198  grl=0.1796(acc=0.938)  grl_p=3.4472(per=1.000)  inv=0.0279  dead=0.7%  L/P/U=2152/2968/0  actL/P/U=238/18/0  H=0.686  Hu=0.454  spec<.5=0.46  marg=0.551  lstd=1.1432  lr=4.85e-05
  [grad_norms @6500]
    recon             |g|=0.52750  ratio=1.000x recon
    pr_raw            |g|=0.39985  ratio=0.758x recon
    pr_weighted       |g|=0.31988  ratio=0.606x recon
    sid_raw           |g|=2.79476  ratio=5.298x recon
    sid_weighted      |g|=1.67685  ratio=3.179x recon
    grl               |g|=0.00000  ratio=0.000x recon
    grl_p             |g|=1.87637  ratio=3.557x recon
    route             |g|=0.00000  ratio=0.000x recon
    per-frame |dL/dz[t]|:  grl(z_L)=0.00017   grl_p(z_P)=0.00014   (grl_p/grl = 0.8x  <- pooled-vs-dense dilution)
    [grad_cos @6500]  shared=sae.enc_weight; cos<0 = conflict
      cos(recon_vs_pr           ) = -0.009
      cos(recon_vs_sid          ) = +0.038
      cos(recon_vs_grl_p        ) = -0.012
      cos(pr_vs_sid             ) = +0.000
      cos(pr_vs_grl_p           ) = -0.000
      cos(sid_vs_grl_p          ) = -0.026
  step   6500/12000  recon=0.1493  pr=0.3263  sid=0.6800  grl=0.0644(acc=1.000)  grl_p=3.5274(per=1.000)  inv=0.0230  dead=0.9%  L/P/U=2149/2971/0  actL/P/U=238/18/0  H=0.686  Hu=0.452  spec<.5=0.46  marg=0.553  lstd=1.1472  lr=4.71e-05
  step   6600/12000  recon=0.1483  pr=0.2797  sid=0.8175  grl=0.1090(acc=1.000)  grl_p=3.5784(per=1.000)  inv=0.0318  dead=1.1%  L/P/U=2143/2977/0  actL/P/U=240/16/0  H=0.686  Hu=0.451  spec<.5=0.46  marg=0.555  lstd=1.1513  lr=4.58e-05
  step   6700/12000  recon=0.1462  pr=0.2479  sid=0.7221  grl=0.2115(acc=0.938)  grl_p=3.4794(per=1.000)  inv=0.0240  dead=1.0%  L/P/U=2140/2980/0  actL/P/U=238/18/0  H=0.686  Hu=0.449  spec<.5=0.47  marg=0.558  lstd=1.1553  lr=4.44e-05
  step   6800/12000  recon=0.1467  pr=0.2631  sid=0.6076  grl=0.4086(acc=0.938)  grl_p=3.5198(per=0.999)  inv=0.0286  dead=1.0%  L/P/U=2137/2983/0  actL/P/U=237/19/0  H=0.685  Hu=0.448  spec<.5=0.47  marg=0.560  lstd=1.1593  lr=4.31e-05
[dis_data] g2p_en loaded for OOV words[dis_data] g2p_en loaded for OOV words[dis_data] g2p_en loaded for OOV words


[dis_data] g2p_en loaded for OOV words
[dis_data] g2p_en loaded for OOV words
[dis_data] g2p_en loaded for OOV words
[dis_data] g2p_en loaded for OOV words
[dis_data] g2p_en loaded for OOV words
  step   6900/12000  recon=0.1451  pr=0.2985  sid=0.9305  grl=0.4307(acc=0.875)  grl_p=3.5200(per=1.000)  inv=0.0317  dead=1.2%  L/P/U=2137/2983/0  actL/P/U=238/18/0  H=0.685  Hu=0.447  spec<.5=0.48  marg=0.562  lstd=1.1631  lr=4.18e-05
  [grad_norms @7000]
    recon             |g|=0.29398  ratio=1.000x recon
    pr_raw            |g|=0.34601  ratio=1.177x recon
    pr_weighted       |g|=0.27681  ratio=0.942x recon
    sid_raw           |g|=3.01105  ratio=10.242x recon
    sid_weighted      |g|=1.80663  ratio=6.145x recon
    grl               |g|=0.00000  ratio=0.000x recon
    grl_p             |g|=1.43988  ratio=4.898x recon
    route             |g|=0.00000  ratio=0.000x recon
    per-frame |dL/dz[t]|:  grl(z_L)=0.00005   grl_p(z_P)=0.00016   (grl_p/grl = 3.5x  <- pooled-vs-dense dilution)
    [grad_cos @7000]  shared=sae.enc_weight; cos<0 = conflict
      cos(recon_vs_pr           ) = -0.001
      cos(recon_vs_sid          ) = +0.034
      cos(recon_vs_grl_p        ) = -0.001
      cos(pr_vs_sid             ) = +0.000
      cos(pr_vs_grl_p           ) = +0.002
      cos(sid_vs_grl_p          ) = +0.001
  step   7000/12000  recon=0.1459  pr=0.2878  sid=0.8337  grl=0.0852(acc=0.938)  grl_p=3.4811(per=0.999)  inv=0.0324  dead=1.2%  L/P/U=2133/2987/0  actL/P/U=240/16/0  H=0.685  Hu=0.445  spec<.5=0.48  marg=0.564  lstd=1.1669  lr=4.04e-05
[dis_data] g2p_en loaded for OOV words
[dis_data] g2p_en loaded for OOV words
[dis_data] g2p_en loaded for OOV words
[dis_data] g2p_en loaded for OOV words
[dis_data] g2p_en loaded for OOV words
[dis_data] g2p_en loaded for OOV words
[dis_data] g2p_en loaded for OOV words
[dis_data] g2p_en loaded for OOV words
  [val] step=7000  recon=0.1456  pr=0.2872  | z_L PR=0.069 SID=0.916  | z_P PR=1.000 SID=0.988
  step   7100/12000  recon=0.1443  pr=0.3178  sid=0.4468  grl=0.0286(acc=1.000)  grl_p=3.5272(per=0.999)  inv=0.0399  dead=1.0%  L/P/U=2130/2990/0  actL/P/U=238/18/0  H=0.685  Hu=0.444  spec<.5=0.48  marg=0.566  lstd=1.1704  lr=3.91e-05
  step   7200/12000  recon=0.1441  pr=0.3371  sid=0.3957  grl=0.0594(acc=1.000)  grl_p=3.5387(per=1.000)  inv=0.0308  dead=0.9%  L/P/U=2128/2992/0  actL/P/U=236/20/0  H=0.685  Hu=0.442  spec<.5=0.49  marg=0.569  lstd=1.1742  lr=3.78e-05
  step   7300/12000  recon=0.1465  pr=0.3833  sid=0.6587  grl=0.1031(acc=0.938)  grl_p=3.5559(per=0.999)  inv=0.0288  dead=1.0%  L/P/U=2127/2993/0  actL/P/U=239/17/0  H=0.685  Hu=0.441  spec<.5=0.49  marg=0.571  lstd=1.1776  lr=3.65e-05
  step   7400/12000  recon=0.1453  pr=0.2885  sid=0.5158  grl=0.3412(acc=0.938)  grl_p=3.5571(per=1.000)  inv=0.0237  dead=1.0%  L/P/U=2126/2994/0  actL/P/U=238/18/0  H=0.684  Hu=0.440  spec<.5=0.50  marg=0.573  lstd=1.1814  lr=3.52e-05
  [grad_norms @7500]
    recon             |g|=0.41461  ratio=1.000x recon
    pr_raw            |g|=0.32551  ratio=0.785x recon
    pr_weighted       |g|=0.26041  ratio=0.628x recon
    sid_raw           |g|=4.83670  ratio=11.666x recon
    sid_weighted      |g|=2.90202  ratio=6.999x recon
    grl               |g|=0.00000  ratio=0.000x recon
    grl_p             |g|=1.33658  ratio=3.224x recon
    route             |g|=0.00000  ratio=0.000x recon
    per-frame |dL/dz[t]|:  grl(z_L)=0.00068   grl_p(z_P)=0.00016   (grl_p/grl = 0.2x  <- pooled-vs-dense dilution)
    [grad_cos @7500]  shared=sae.enc_weight; cos<0 = conflict
      cos(recon_vs_pr           ) = +0.007
      cos(recon_vs_sid          ) = +0.056  aligned
      cos(recon_vs_grl_p        ) = -0.017
      cos(pr_vs_sid             ) = +0.000
      cos(pr_vs_grl_p           ) = -0.002
      cos(sid_vs_grl_p          ) = -0.018
  step   7500/12000  recon=0.1445  pr=0.2929  sid=1.0525  grl=0.4179(acc=0.812)  grl_p=3.4950(per=1.000)  inv=0.0499  dead=1.0%  L/P/U=2124/2996/0  actL/P/U=241/15/0  H=0.684  Hu=0.438  spec<.5=0.50  marg=0.575  lstd=1.1847  lr=3.39e-05
  step   7600/12000  recon=0.1440  pr=0.2382  sid=0.7534  grl=0.0979(acc=0.938)  grl_p=3.5001(per=0.999)  inv=0.0250  dead=1.1%  L/P/U=2117/3003/0  actL/P/U=239/17/0  H=0.684  Hu=0.437  spec<.5=0.50  marg=0.577  lstd=1.1881  lr=3.27e-05
  step   7700/12000  recon=0.1414  pr=0.2509  sid=0.8611  grl=0.0439(acc=1.000)  grl_p=3.5149(per=1.000)  inv=0.0330  dead=0.9%  L/P/U=2114/3006/0  actL/P/U=239/17/0  H=0.684  Hu=0.435  spec<.5=0.50  marg=0.579  lstd=1.1913  lr=3.14e-05
  step   7800/12000  recon=0.1418  pr=0.2941  sid=0.5728  grl=0.0216(acc=1.000)  grl_p=3.5120(per=0.999)  inv=0.0183  dead=0.9%  L/P/U=2114/3006/0  actL/P/U=237/19/0  H=0.684  Hu=0.434  spec<.5=0.51  marg=0.581  lstd=1.1946  lr=3.02e-05
  step   7900/12000  recon=0.1430  pr=0.2254  sid=0.8560  grl=0.0213(acc=1.000)  grl_p=3.4918(per=1.000)  inv=0.0223  dead=0.9%  L/P/U=2114/3006/0  actL/P/U=241/15/0  H=0.684  Hu=0.433  spec<.5=0.51  marg=0.583  lstd=1.1977  lr=2.89e-05
  [grad_norms @8000]
    recon             |g|=0.29327  ratio=1.000x recon
    pr_raw            |g|=0.26572  ratio=0.906x recon
    pr_weighted       |g|=0.21257  ratio=0.725x recon
    sid_raw           |g|=3.57120  ratio=12.177x recon
    sid_weighted      |g|=2.14272  ratio=7.306x recon
    grl               |g|=0.00000  ratio=0.000x recon
    grl_p             |g|=1.77598  ratio=6.056x recon
    route             |g|=0.00000  ratio=0.000x recon
    per-frame |dL/dz[t]|:  grl(z_L)=0.00018   grl_p(z_P)=0.00014   (grl_p/grl = 0.8x  <- pooled-vs-dense dilution)
    [grad_cos @8000]  shared=sae.enc_weight; cos<0 = conflict
      cos(recon_vs_pr           ) = +0.000
      cos(recon_vs_sid          ) = +0.049
      cos(recon_vs_grl_p        ) = +0.003
      cos(pr_vs_sid             ) = -0.000
      cos(pr_vs_grl_p           ) = +0.000
      cos(sid_vs_grl_p          ) = +0.053  aligned
  step   8000/12000  recon=0.1435  pr=0.3047  sid=0.6884  grl=0.0691(acc=1.000)  grl_p=3.5190(per=1.000)  inv=0.0259  dead=0.9%  L/P/U=2113/3007/0  actL/P/U=239/17/0  H=0.683  Hu=0.432  spec<.5=0.51  marg=0.585  lstd=1.2008  lr=2.77e-05
[dis_data] g2p_en loaded for OOV words
[dis_data] g2p_en loaded for OOV words
[dis_data] g2p_en loaded for OOV words
[dis_data] g2p_en loaded for OOV words
[dis_data] g2p_en loaded for OOV words
[dis_data] g2p_en loaded for OOV words
[dis_data] g2p_en loaded for OOV words
[dis_data] g2p_en loaded for OOV words
  [val] step=8000  recon=0.1441  pr=0.2789  | z_L PR=0.066 SID=0.920  | z_P PR=1.000 SID=0.990
  step   8100/12000  recon=0.1439  pr=0.2768  sid=0.4667  grl=0.0205(acc=1.000)  grl_p=3.5083(per=1.000)  inv=0.0270  dead=0.9%  L/P/U=2110/3010/0  actL/P/U=237/19/0  H=0.683  Hu=0.430  spec<.5=0.52  marg=0.587  lstd=1.2040  lr=2.65e-05
  step   8200/12000  recon=0.1424  pr=0.2233  sid=0.6972  grl=0.0999(acc=1.000)  grl_p=3.4848(per=1.000)  inv=0.0310  dead=0.9%  L/P/U=2107/3013/0  actL/P/U=239/17/0  H=0.683  Hu=0.429  spec<.5=0.52  marg=0.589  lstd=1.2070  lr=2.54e-05
  step   8300/12000  recon=0.1421  pr=0.3123  sid=0.4245  grl=0.0634(acc=1.000)  grl_p=3.4977(per=1.000)  inv=0.0414  dead=1.0%  L/P/U=2105/3015/0  actL/P/U=238/18/0  H=0.683  Hu=0.428  spec<.5=0.52  marg=0.591  lstd=1.2098  lr=2.42e-05
  step   8400/12000  recon=0.1438  pr=0.2750  sid=0.5419  grl=0.1291(acc=0.938)  grl_p=3.5567(per=1.000)  inv=0.0192  dead=0.9%  L/P/U=2105/3015/0  actL/P/U=239/17/0  H=0.683  Hu=0.427  spec<.5=0.53  marg=0.593  lstd=1.2125  lr=2.31e-05
  [grad_norms @8500]
    recon             |g|=0.29693  ratio=1.000x recon
    pr_raw            |g|=0.26753  ratio=0.901x recon
    pr_weighted       |g|=0.21402  ratio=0.721x recon
    sid_raw           |g|=2.55023  ratio=8.589x recon
    sid_weighted      |g|=1.53014  ratio=5.153x recon
    grl               |g|=0.00000  ratio=0.000x recon
    grl_p             |g|=0.47349  ratio=1.595x recon
    route             |g|=0.00000  ratio=0.000x recon
    per-frame |dL/dz[t]|:  grl(z_L)=0.00006   grl_p(z_P)=0.00016   (grl_p/grl = 2.6x  <- pooled-vs-dense dilution)
    [grad_cos @8500]  shared=sae.enc_weight; cos<0 = conflict
      cos(recon_vs_pr           ) = -0.002
      cos(recon_vs_sid          ) = +0.029
      cos(recon_vs_grl_p        ) = -0.005
      cos(pr_vs_sid             ) = +0.000
      cos(pr_vs_grl_p           ) = +0.000
      cos(sid_vs_grl_p          ) = +0.008
  step   8500/12000  recon=0.1402  pr=0.3182  sid=0.3615  grl=0.2831(acc=0.938)  grl_p=3.5586(per=1.000)  inv=0.0490  dead=1.0%  L/P/U=2102/3018/0  actL/P/U=237/19/0  H=0.683  Hu=0.425  spec<.5=0.53  marg=0.595  lstd=1.2151  lr=2.20e-05
  step   8600/12000  recon=0.1415  pr=0.3680  sid=0.6976  grl=0.5952(acc=0.875)  grl_p=3.5732(per=1.000)  inv=0.0462  dead=1.0%  L/P/U=2101/3019/0  actL/P/U=237/19/0  H=0.683  Hu=0.424  spec<.5=0.53  marg=0.596  lstd=1.2178  lr=2.09e-05
[dis_data] g2p_en loaded for OOV words
[dis_data] g2p_en loaded for OOV words
[dis_data] g2p_en loaded for OOV words
[dis_data] g2p_en loaded for OOV words
[dis_data] g2p_en loaded for OOV words
[dis_data] g2p_en loaded for OOV words
[dis_data] g2p_en loaded for OOV words
[dis_data] g2p_en loaded for OOV words
  step   8700/12000  recon=0.1439  pr=0.3201  sid=0.5623  grl=0.0201(acc=1.000)  grl_p=3.5266(per=1.000)  inv=0.0253  dead=1.0%  L/P/U=2099/3021/0  actL/P/U=238/18/0  H=0.683  Hu=0.423  spec<.5=0.54  marg=0.598  lstd=1.2203  lr=1.98e-05
  step   8800/12000  recon=0.1410  pr=0.2769  sid=0.7384  grl=0.0700(acc=1.000)  grl_p=3.5320(per=1.000)  inv=0.0524  dead=1.0%  L/P/U=2098/3022/0  actL/P/U=241/15/0  H=0.682  Hu=0.422  spec<.5=0.54  marg=0.600  lstd=1.2228  lr=1.87e-05
  step   8900/12000  recon=0.1419  pr=0.3003  sid=0.9538  grl=0.5264(acc=0.938)  grl_p=3.5306(per=1.000)  inv=0.0281  dead=1.0%  L/P/U=2097/3023/0  actL/P/U=240/16/0  H=0.682  Hu=0.421  spec<.5=0.54  marg=0.601  lstd=1.2251  lr=1.77e-05
  [grad_norms @9000]
    recon             |g|=0.27622  ratio=1.000x recon
    pr_raw            |g|=0.26361  ratio=0.954x recon
    pr_weighted       |g|=0.21089  ratio=0.763x recon
    sid_raw           |g|=2.98762  ratio=10.816x recon
    sid_weighted      |g|=1.79257  ratio=6.490x recon
    grl               |g|=0.00000  ratio=0.000x recon
    grl_p             |g|=0.48118  ratio=1.742x recon
    route             |g|=0.00000  ratio=0.000x recon
    per-frame |dL/dz[t]|:  grl(z_L)=0.00003   grl_p(z_P)=0.00015   (grl_p/grl = 4.4x  <- pooled-vs-dense dilution)
    [grad_cos @9000]  shared=sae.enc_weight; cos<0 = conflict
      cos(recon_vs_pr           ) = -0.003
      cos(recon_vs_sid          ) = +0.034
      cos(recon_vs_grl_p        ) = -0.016
      cos(pr_vs_sid             ) = -0.000
      cos(pr_vs_grl_p           ) = -0.001
      cos(sid_vs_grl_p          ) = -0.008
  step   9000/12000  recon=0.1435  pr=0.2827  sid=0.6703  grl=0.0518(acc=1.000)  grl_p=3.4786(per=1.000)  inv=0.0229  dead=0.9%  L/P/U=2097/3023/0  actL/P/U=240/16/0  H=0.682  Hu=0.420  spec<.5=0.54  marg=0.603  lstd=1.2272  lr=1.67e-05
[dis_data] g2p_en loaded for OOV words
[dis_data] g2p_en loaded for OOV words
[dis_data] g2p_en loaded for OOV words
[dis_data] g2p_en loaded for OOV words
[dis_data] g2p_en loaded for OOV words
[dis_data] g2p_en loaded for OOV words
[dis_data] g2p_en loaded for OOV words
[dis_data] g2p_en loaded for OOV words
  [val] step=9000  recon=0.1427  pr=0.2763  | z_L PR=0.064 SID=0.932  | z_P PR=1.000 SID=0.994
  step   9100/12000  recon=0.1439  pr=0.2998  sid=0.6008  grl=0.3971(acc=0.875)  grl_p=3.5118(per=0.999)  inv=0.0489  dead=0.8%  L/P/U=2095/3025/0  actL/P/U=240/16/0  H=0.682  Hu=0.419  spec<.5=0.55  marg=0.604  lstd=1.2293  lr=1.57e-05
  step   9200/12000  recon=0.1408  pr=0.2934  sid=0.6133  grl=0.0523(acc=1.000)  grl_p=3.5230(per=1.000)  inv=0.0315  dead=0.7%  L/P/U=2095/3025/0  actL/P/U=239/17/0  H=0.682  Hu=0.418  spec<.5=0.55  marg=0.606  lstd=1.2313  lr=1.48e-05
  step   9300/12000  recon=0.1423  pr=0.2181  sid=0.5349  grl=0.1136(acc=1.000)  grl_p=3.5413(per=0.999)  inv=0.0225  dead=0.9%  L/P/U=2094/3026/0  actL/P/U=239/17/0  H=0.682  Hu=0.417  spec<.5=0.55  marg=0.607  lstd=1.2333  lr=1.39e-05
  step   9400/12000  recon=0.1411  pr=0.3418  sid=0.6685  grl=0.0161(acc=1.000)  grl_p=3.4958(per=1.000)  inv=0.0295  dead=0.8%  L/P/U=2093/3027/0  actL/P/U=238/18/0  H=0.682  Hu=0.416  spec<.5=0.55  marg=0.608  lstd=1.2351  lr=1.30e-05
  [grad_norms @9500]
    recon             |g|=0.24598  ratio=1.000x recon
    pr_raw            |g|=0.36111  ratio=1.468x recon
    pr_weighted       |g|=0.28889  ratio=1.174x recon
    sid_raw           |g|=2.58301  ratio=10.501x recon
    sid_weighted      |g|=1.54981  ratio=6.301x recon
    grl               |g|=0.00000  ratio=0.000x recon
    grl_p             |g|=0.57049  ratio=2.319x recon
    route             |g|=0.00000  ratio=0.000x recon
    per-frame |dL/dz[t]|:  grl(z_L)=0.00004   grl_p(z_P)=0.00015   (grl_p/grl = 4.0x  <- pooled-vs-dense dilution)
    [grad_cos @9500]  shared=sae.enc_weight; cos<0 = conflict
      cos(recon_vs_pr           ) = +0.002
      cos(recon_vs_sid          ) = +0.022
      cos(recon_vs_grl_p        ) = -0.014
      cos(pr_vs_sid             ) = +0.000
      cos(pr_vs_grl_p           ) = +0.000
      cos(sid_vs_grl_p          ) = -0.005
  step   9500/12000  recon=0.1431  pr=0.2972  sid=0.3730  grl=0.0570(acc=1.000)  grl_p=3.5266(per=1.000)  inv=0.0469  dead=0.7%  L/P/U=2093/3027/0  actL/P/U=237/19/0  H=0.682  Hu=0.416  spec<.5=0.55  marg=0.609  lstd=1.2368  lr=1.21e-05
  step   9600/12000  recon=0.1418  pr=0.3050  sid=0.5742  grl=0.0543(acc=1.000)  grl_p=3.5074(per=1.000)  inv=0.0507  dead=1.0%  L/P/U=2091/3029/0  actL/P/U=238/18/0  H=0.682  Hu=0.415  spec<.5=0.56  marg=0.611  lstd=1.2383  lr=1.13e-05
  step   9700/12000  recon=0.1440  pr=0.2700  sid=0.9254  grl=0.0506(acc=1.000)  grl_p=3.4916(per=1.000)  inv=0.0238  dead=0.8%  L/P/U=2092/3028/0  actL/P/U=239/17/0  H=0.682  Hu=0.414  spec<.5=0.56  marg=0.612  lstd=1.2399  lr=1.05e-05
  step   9800/12000  recon=0.1409  pr=0.2699  sid=0.4279  grl=0.0054(acc=1.000)  grl_p=3.4903(per=1.000)  inv=0.0228  dead=0.7%  L/P/U=2090/3030/0  actL/P/U=237/19/0  H=0.682  Hu=0.413  spec<.5=0.56  marg=0.613  lstd=1.2414  lr=9.67e-06
  step   9900/12000  recon=0.1427  pr=0.3695  sid=0.4912  grl=0.2048(acc=0.938)  grl_p=3.5464(per=1.000)  inv=0.0478  dead=0.7%  L/P/U=2091/3029/0  actL/P/U=240/16/0  H=0.682  Hu=0.413  spec<.5=0.56  marg=0.614  lstd=1.2427  lr=8.92e-06
  [grad_norms @10000]
    recon             |g|=0.21085  ratio=1.000x recon
    pr_raw            |g|=0.24854  ratio=1.179x recon
    pr_weighted       |g|=0.19884  ratio=0.943x recon
    sid_raw           |g|=3.78441  ratio=17.948x recon
    sid_weighted      |g|=2.27064  ratio=10.769x recon
    grl               |g|=0.00000  ratio=0.000x recon
    grl_p             |g|=0.71463  ratio=3.389x recon
    route             |g|=0.00000  ratio=0.000x recon
    per-frame |dL/dz[t]|:  grl(z_L)=0.00004   grl_p(z_P)=0.00015   (grl_p/grl = 3.7x  <- pooled-vs-dense dilution)
    [grad_cos @10000]  shared=sae.enc_weight; cos<0 = conflict
      cos(recon_vs_pr           ) = +0.003
      cos(recon_vs_sid          ) = +0.034
      cos(recon_vs_grl_p        ) = -0.011
      cos(pr_vs_sid             ) = -0.000
      cos(pr_vs_grl_p           ) = +0.000
      cos(sid_vs_grl_p          ) = +0.018
  step  10000/12000  recon=0.1416  pr=0.2909  sid=0.3827  grl=0.0090(acc=1.000)  grl_p=3.4786(per=1.000)  inv=0.0212  dead=0.6%  L/P/U=2091/3029/0  actL/P/U=239/17/0  H=0.682  Hu=0.412  spec<.5=0.56  marg=0.615  lstd=1.2440  lr=8.21e-06
[dis_data] g2p_en loaded for OOV words
[dis_data] g2p_en loaded for OOV words
[dis_data] g2p_en loaded for OOV words
[dis_data] g2p_en loaded for OOV words
[dis_data] g2p_en loaded for OOV words
[dis_data] g2p_en loaded for OOV words
[dis_data] g2p_en loaded for OOV words
[dis_data] g2p_en loaded for OOV words
  [val] step=10000  recon=0.1418  pr=0.2741  | z_L PR=0.064 SID=0.948  | z_P PR=1.000 SID=0.994
  step  10100/12000  recon=0.1418  pr=0.3560  sid=0.3514  grl=0.0044(acc=1.000)  grl_p=3.5265(per=0.999)  inv=0.0197  dead=0.6%  L/P/U=2090/3030/0  actL/P/U=237/19/0  H=0.681  Hu=0.412  spec<.5=0.57  marg=0.615  lstd=1.2451  lr=7.52e-06
  step  10200/12000  recon=0.1435  pr=0.3280  sid=0.6483  grl=0.0381(acc=1.000)  grl_p=3.4397(per=1.000)  inv=0.0360  dead=0.7%  L/P/U=2089/3031/0  actL/P/U=240/16/0  H=0.681  Hu=0.411  spec<.5=0.57  marg=0.616  lstd=1.2462  lr=6.86e-06
  step  10300/12000  recon=0.1406  pr=0.2966  sid=0.4637  grl=0.1271(acc=0.875)  grl_p=3.5213(per=0.999)  inv=0.0214  dead=0.7%  L/P/U=2087/3033/0  actL/P/U=237/19/0  H=0.681  Hu=0.411  spec<.5=0.57  marg=0.617  lstd=1.2472  lr=6.24e-06
[dis_data] g2p_en loaded for OOV words
[dis_data] g2p_en loaded for OOV words
[dis_data] g2p_en loaded for OOV words
[dis_data] g2p_en loaded for OOV words
[dis_data] g2p_en loaded for OOV words
[dis_data] g2p_en loaded for OOV words
[dis_data] g2p_en loaded for OOV words
[dis_data] g2p_en loaded for OOV words
  step  10400/12000  recon=0.1405  pr=0.2750  sid=0.3937  grl=0.0250(acc=1.000)  grl_p=3.5136(per=1.000)  inv=0.0187  dead=0.6%  L/P/U=2087/3033/0  actL/P/U=238/18/0  H=0.681  Hu=0.410  spec<.5=0.57  marg=0.618  lstd=1.2481  lr=5.65e-06
  [grad_norms @10500]
    recon             |g|=0.20560  ratio=1.000x recon
    pr_raw            |g|=0.32827  ratio=1.597x recon
    pr_weighted       |g|=0.26262  ratio=1.277x recon
    sid_raw           |g|=2.78980  ratio=13.569x recon
    sid_weighted      |g|=1.67388  ratio=8.141x recon
    grl               |g|=0.00000  ratio=0.000x recon
    grl_p             |g|=0.95125  ratio=4.627x recon
    route             |g|=0.00000  ratio=0.000x recon
    per-frame |dL/dz[t]|:  grl(z_L)=0.00013   grl_p(z_P)=0.00018   (grl_p/grl = 1.4x  <- pooled-vs-dense dilution)
    [grad_cos @10500]  shared=sae.enc_weight; cos<0 = conflict
      cos(recon_vs_pr           ) = +0.005
      cos(recon_vs_sid          ) = +0.026
      cos(recon_vs_grl_p        ) = -0.009
      cos(pr_vs_sid             ) = +0.000
      cos(pr_vs_grl_p           ) = -0.001
      cos(sid_vs_grl_p          ) = -0.063  conflict
  step  10500/12000  recon=0.1404  pr=0.2855  sid=0.4434  grl=0.0271(acc=1.000)  grl_p=3.4913(per=1.000)  inv=0.0328  dead=0.7%  L/P/U=2087/3033/0  actL/P/U=239/17/0  H=0.681  Hu=0.410  spec<.5=0.57  marg=0.618  lstd=1.2489  lr=5.10e-06
  step  10600/12000  recon=0.1412  pr=0.3253  sid=0.6233  grl=0.0007(acc=1.000)  grl_p=3.4878(per=1.000)  inv=0.0606  dead=0.7%  L/P/U=2087/3033/0  actL/P/U=240/16/0  H=0.681  Hu=0.410  spec<.5=0.57  marg=0.619  lstd=1.2496  lr=4.58e-06
  step  10700/12000  recon=0.1404  pr=0.2577  sid=0.3960  grl=0.0522(acc=0.938)  grl_p=3.5101(per=1.000)  inv=0.0213  dead=0.7%  L/P/U=2085/3035/0  actL/P/U=238/18/0  H=0.681  Hu=0.409  spec<.5=0.57  marg=0.619  lstd=1.2503  lr=4.09e-06
  step  10800/12000  recon=0.1397  pr=0.2300  sid=0.3867  grl=0.0668(acc=0.938)  grl_p=3.4527(per=0.999)  inv=0.0321  dead=0.8%  L/P/U=2084/3036/0  actL/P/U=238/18/0  H=0.681  Hu=0.409  spec<.5=0.57  marg=0.620  lstd=1.2509  lr=3.64e-06
  step  10900/12000  recon=0.1403  pr=0.2441  sid=0.3918  grl=0.0116(acc=1.000)  grl_p=3.5295(per=1.000)  inv=0.0232  dead=0.6%  L/P/U=2084/3036/0  actL/P/U=239/17/0  H=0.681  Hu=0.409  spec<.5=0.57  marg=0.620  lstd=1.2515  lr=3.22e-06
  [grad_norms @11000]
    recon             |g|=0.19414  ratio=1.000x recon
    pr_raw            |g|=0.32337  ratio=1.666x recon
    pr_weighted       |g|=0.25870  ratio=1.333x recon
    sid_raw           |g|=2.78178  ratio=14.328x recon
    sid_weighted      |g|=1.66907  ratio=8.597x recon
    grl               |g|=0.00000  ratio=0.000x recon
    grl_p             |g|=0.58099  ratio=2.993x recon
    route             |g|=0.00000  ratio=0.000x recon
    per-frame |dL/dz[t]|:  grl(z_L)=0.00019   grl_p(z_P)=0.00015   (grl_p/grl = 0.8x  <- pooled-vs-dense dilution)
    [grad_cos @11000]  shared=sae.enc_weight; cos<0 = conflict
      cos(recon_vs_pr           ) = -0.000
      cos(recon_vs_sid          ) = +0.035
      cos(recon_vs_grl_p        ) = -0.010
      cos(pr_vs_sid             ) = -0.000
      cos(pr_vs_grl_p           ) = +0.000
      cos(sid_vs_grl_p          ) = -0.022
  step  11000/12000  recon=0.1405  pr=0.3013  sid=0.4361  grl=0.0023(acc=1.000)  grl_p=3.5286(per=1.000)  inv=0.0407  dead=0.5%  L/P/U=2084/3036/0  actL/P/U=238/18/0  H=0.681  Hu=0.408  spec<.5=0.57  marg=0.620  lstd=1.2519  lr=2.84e-06
[dis_data] g2p_en loaded for OOV words
[dis_data] g2p_en loaded for OOV words
[dis_data] g2p_en loaded for OOV words
[dis_data] g2p_en loaded for OOV words
[dis_data] g2p_en loaded for OOV words
[dis_data] g2p_en loaded for OOV words
[dis_data] g2p_en loaded for OOV words
[dis_data] g2p_en loaded for OOV words
  [val] step=11000  recon=0.1414  pr=0.2727  | z_L PR=0.064 SID=0.974  | z_P PR=1.000 SID=0.996
  step  11100/12000  recon=0.1415  pr=0.3639  sid=0.3762  grl=0.0131(acc=1.000)  grl_p=3.5160(per=1.000)  inv=0.0545  dead=0.5%  L/P/U=2084/3036/0  actL/P/U=239/17/0  H=0.681  Hu=0.408  spec<.5=0.57  marg=0.621  lstd=1.2523  lr=2.49e-06
  step  11200/12000  recon=0.1393  pr=0.3953  sid=0.3663  grl=0.1287(acc=0.938)  grl_p=3.5286(per=1.000)  inv=0.0424  dead=0.6%  L/P/U=2084/3036/0  actL/P/U=238/18/0  H=0.681  Hu=0.408  spec<.5=0.58  marg=0.621  lstd=1.2527  lr=2.18e-06
  step  11300/12000  recon=0.1415  pr=0.2877  sid=0.2935  grl=0.0140(acc=1.000)  grl_p=3.5073(per=0.999)  inv=0.0242  dead=0.8%  L/P/U=2084/3036/0  actL/P/U=237/19/0  H=0.681  Hu=0.408  spec<.5=0.58  marg=0.621  lstd=1.2530  lr=1.90e-06
  step  11400/12000  recon=0.1420  pr=0.3575  sid=0.4384  grl=0.0316(acc=1.000)  grl_p=3.5059(per=1.000)  inv=0.0291  dead=0.6%  L/P/U=2084/3036/0  actL/P/U=238/18/0  H=0.681  Hu=0.408  spec<.5=0.58  marg=0.621  lstd=1.2533  lr=1.66e-06
  [grad_norms @11500]
    recon             |g|=0.19619  ratio=1.000x recon
    pr_raw            |g|=0.26375  ratio=1.344x recon
    pr_weighted       |g|=0.21100  ratio=1.075x recon
    sid_raw           |g|=3.62002  ratio=18.452x recon
    sid_weighted      |g|=2.17201  ratio=11.071x recon
    grl               |g|=0.00000  ratio=0.000x recon
    grl_p             |g|=1.04613  ratio=5.332x recon
    route             |g|=0.00000  ratio=0.000x recon
    per-frame |dL/dz[t]|:  grl(z_L)=0.00016   grl_p(z_P)=0.00015   (grl_p/grl = 0.9x  <- pooled-vs-dense dilution)
    [grad_cos @11500]  shared=sae.enc_weight; cos<0 = conflict
      cos(recon_vs_pr           ) = -0.001
      cos(recon_vs_sid          ) = +0.028
      cos(recon_vs_grl_p        ) = -0.007
      cos(pr_vs_sid             ) = +0.000
      cos(pr_vs_grl_p           ) = -0.000
      cos(sid_vs_grl_p          ) = +0.007
  step  11500/12000  recon=0.1400  pr=0.3024  sid=0.7365  grl=0.0539(acc=1.000)  grl_p=3.5146(per=1.000)  inv=0.0408  dead=0.6%  L/P/U=2084/3036/0  actL/P/U=239/17/0  H=0.681  Hu=0.408  spec<.5=0.58  marg=0.621  lstd=1.2535  lr=1.46e-06
  step  11600/12000  recon=0.1446  pr=0.5785  sid=0.6250  grl=0.0412(acc=1.000)  grl_p=3.5822(per=1.000)  inv=0.0249  dead=0.6%  L/P/U=2083/3037/0  actL/P/U=236/20/0  H=0.681  Hu=0.408  spec<.5=0.58  marg=0.622  lstd=1.2537  lr=1.30e-06
  step  11700/12000  recon=0.1411  pr=0.3205  sid=0.5473  grl=0.0055(acc=1.000)  grl_p=3.4867(per=1.000)  inv=0.0203  dead=0.6%  L/P/U=2083/3037/0  actL/P/U=239/17/0  H=0.681  Hu=0.407  spec<.5=0.58  marg=0.622  lstd=1.2539  lr=1.17e-06
  step  11800/12000  recon=0.1419  pr=0.3036  sid=0.3736  grl=0.2424(acc=0.938)  grl_p=3.5285(per=1.000)  inv=0.0545  dead=0.7%  L/P/U=2083/3037/0  actL/P/U=238/18/0  H=0.681  Hu=0.407  spec<.5=0.58  marg=0.622  lstd=1.2541  lr=1.07e-06
  step  11900/12000  recon=0.1396  pr=0.2813  sid=0.3024  grl=0.0198(acc=1.000)  grl_p=3.5386(per=1.000)  inv=0.0259  dead=0.8%  L/P/U=2083/3037/0  actL/P/U=238/18/0  H=0.681  Hu=0.407  spec<.5=0.58  marg=0.622  lstd=1.2543  lr=1.02e-06
  [grad_norms @12000]
    recon             |g|=0.18796  ratio=1.000x recon
    pr_raw            |g|=0.49572  ratio=2.637x recon
    pr_weighted       |g|=0.39657  ratio=2.110x recon
    sid_raw           |g|=2.68554  ratio=14.288x recon
    sid_weighted      |g|=1.61132  ratio=8.573x recon
    grl               |g|=0.00000  ratio=0.000x recon
    grl_p             |g|=0.83852  ratio=4.461x recon
    route             |g|=0.00000  ratio=0.000x recon
    per-frame |dL/dz[t]|:  grl(z_L)=0.00002   grl_p(z_P)=0.00017   (grl_p/grl = 8.8x  <- pooled-vs-dense dilution)
    [grad_cos @12000]  shared=sae.enc_weight; cos<0 = conflict
      cos(recon_vs_pr           ) = -0.010
      cos(recon_vs_sid          ) = +0.024
      cos(recon_vs_grl_p        ) = -0.008
      cos(pr_vs_sid             ) = +0.000
      cos(pr_vs_grl_p           ) = +0.001
      cos(sid_vs_grl_p          ) = +0.014
  step  12000/12000  recon=0.1432  pr=0.2588  sid=0.4387  grl=0.0018(acc=1.000)  grl_p=3.5911(per=1.000)  inv=0.0180  dead=0.7%  L/P/U=2083/3037/0  actL/P/U=239/17/0  H=0.681  Hu=0.407  spec<.5=0.58  marg=0.622  lstd=1.2544  lr=1.00e-06
[dis_data] g2p_en loaded for OOV words
[dis_data] g2p_en loaded for OOV words
[dis_data] g2p_en loaded for OOV words
[dis_data] g2p_en loaded for OOV words
[dis_data] g2p_en loaded for OOV words
[dis_data] g2p_en loaded for OOV words
[dis_data] g2p_en loaded for OOV words
[dis_data] g2p_en loaded for OOV words
  [val] step=12000  recon=0.1413  pr=0.2724  | z_L PR=0.064 SID=0.976  | z_P PR=1.000 SID=0.996

[stage 2] done.  Best disent_score=0.8177  → /rds/user/bbg25/hpc-work/Thesis/Final-Proj/Disentanglement/checkpoints/lr_invariance_only_w4_soft_seed42/stage2_best.pt

[done]  best checkpoint → /rds/user/bbg25/hpc-work/Thesis/Final-Proj/Disentanglement/checkpoints/lr_invariance_only_w4_soft_seed42/stage2_best.pt

=== Targeted diagnostic probes on FINAL checkpoint ===
probe_started    : Thu 25 Jun 10:02:32 BST 2026
stage1_ckpt      : /rds/user/bbg25/hpc-work/Thesis/Final-Proj/Disentanglement/checkpoints/lr_invariance_only_w4_soft_seed42/stage2_step12000.pt
stage2_ckpt      : /rds/user/bbg25/hpc-work/Thesis/Final-Proj/Disentanglement/checkpoints/lr_invariance_only_w4_soft_seed42/stage2_step12000.pt

--- probe: z_L -> SID | sid_head=linear | seed=42 ---
[diag_probe] run=diag_lr_invariance_only_w4_soft_seed42_final_zL_sid_linear_seed42  device=cuda
[diag_probe] seed=42
[diag_probe] stage1_ckpt=/rds/user/bbg25/hpc-work/Thesis/Final-Proj/Disentanglement/checkpoints/lr_invariance_only_w4_soft_seed42/stage2_step12000.pt
[diag_probe] stage2_ckpt=/rds/user/bbg25/hpc-work/Thesis/Final-Proj/Disentanglement/checkpoints/lr_invariance_only_w4_soft_seed42/stage2_step12000.pt
[diag_probe] sources=['z_L']  tasks=['sid']
[diag_probe] probe_steps=10000  pr_lr=0.0005  sid_lr=0.001  warmup=0  val_every=250  patience=0
[diag_probe] PR task not requested — skipping PR dataloaders.
[dis_data] loaded lexicon: 200,000 entries
[dis_data] loading train-clean-100 …
[dis_data]  251 speakers
[dis_data]  train=27539  val=500  test=500  vocab=74  speakers=251
[train] loaded 3 SAE tensors from /rds/user/bbg25/hpc-work/Thesis/Final-Proj/Disentanglement/checkpoints/lr_invariance_only_w4_soft_seed42/stage2_step12000.pt  (step=12000  val=0.8177)
[diag_probe] skipped 1 shape-mismatched/stale keys (e.g. ['routing.current_logits']) — fine, probe does not use adversarial heads
[diag_probe] loaded stage2 weights from /rds/user/bbg25/hpc-work/Thesis/Final-Proj/Disentanglement/checkpoints/lr_invariance_only_w4_soft_seed42/stage2_step12000.pt

[diag_probe] speakers=251  pr_vocab=74  D=1280  K=5120
[diag_probe] PR: skipped
[diag_probe] SID: closed-set utterance split (val/test held out); probe arch=linear
[diag_probe] reported metric = TEST (val shown in parentheses)

  training probe: z_L -> SID ...
[dis_data] g2p_en loaded for OOV words
      [sid z_L] step 250/10000  dev acc=0.008  (best 0.008, bad 0/0)
      [sid z_L] step 500/10000  dev acc=0.012  (best 0.012, bad 0/0)
      [sid z_L] step 750/10000  dev acc=0.014  (best 0.014, bad 0/0)
      [sid z_L] step 1000/10000  dev acc=0.028  (best 0.028, bad 0/0)
      [sid z_L] step 1250/10000  dev acc=0.088  (best 0.088, bad 0/0)
      [sid z_L] step 1500/10000  dev acc=0.082  (best 0.088, bad 1/0)
      [sid z_L] step 1750/10000  dev acc=0.172  (best 0.172, bad 0/0)
      [sid z_L] step 2000/10000  dev acc=0.246  (best 0.246, bad 0/0)
      [sid z_L] step 2250/10000  dev acc=0.300  (best 0.300, bad 0/0)
      [sid z_L] step 2500/10000  dev acc=0.376  (best 0.376, bad 0/0)
      [sid z_L] step 2750/10000  dev acc=0.452  (best 0.452, bad 0/0)
      [sid z_L] step 3000/10000  dev acc=0.466  (best 0.466, bad 0/0)
      [sid z_L] step 3250/10000  dev acc=0.540  (best 0.540, bad 0/0)
      [sid z_L] step 3500/10000  dev acc=0.646  (best 0.646, bad 0/0)
      [sid z_L] step 3750/10000  dev acc=0.658  (best 0.658, bad 0/0)
      [sid z_L] step 4000/10000  dev acc=0.590  (best 0.658, bad 1/0)
      [sid z_L] step 4250/10000  dev acc=0.744  (best 0.744, bad 0/0)
      [sid z_L] step 4500/10000  dev acc=0.636  (best 0.744, bad 1/0)
      [sid z_L] step 4750/10000  dev acc=0.820  (best 0.820, bad 0/0)
      [sid z_L] step 5000/10000  dev acc=0.772  (best 0.820, bad 1/0)
      [sid z_L] step 5250/10000  dev acc=0.744  (best 0.820, bad 2/0)
      [sid z_L] step 5500/10000  dev acc=0.814  (best 0.820, bad 3/0)
      [sid z_L] step 5750/10000  dev acc=0.814  (best 0.820, bad 4/0)
      [sid z_L] step 6000/10000  dev acc=0.814  (best 0.820, bad 5/0)
      [sid z_L] step 6250/10000  dev acc=0.870  (best 0.870, bad 0/0)
      [sid z_L] step 6500/10000  dev acc=0.806  (best 0.870, bad 1/0)
      [sid z_L] step 6750/10000  dev acc=0.872  (best 0.872, bad 0/0)
      [sid z_L] step 7000/10000  dev acc=0.846  (best 0.872, bad 1/0)
      [sid z_L] step 7250/10000  dev acc=0.886  (best 0.886, bad 0/0)
      [sid z_L] step 7500/10000  dev acc=0.872  (best 0.886, bad 1/0)
      [sid z_L] step 7750/10000  dev acc=0.922  (best 0.922, bad 0/0)
      [sid z_L] step 8000/10000  dev acc=0.916  (best 0.922, bad 1/0)
      [sid z_L] step 8250/10000  dev acc=0.922  (best 0.922, bad 2/0)
      [sid z_L] step 8500/10000  dev acc=0.940  (best 0.940, bad 0/0)
      [sid z_L] step 8750/10000  dev acc=0.936  (best 0.940, bad 1/0)
      [sid z_L] step 9000/10000  dev acc=0.930  (best 0.940, bad 2/0)
      [sid z_L] step 9250/10000  dev acc=0.944  (best 0.944, bad 0/0)
      [sid z_L] step 9500/10000  dev acc=0.954  (best 0.954, bad 0/0)
      [sid z_L] step 9750/10000  dev acc=0.952  (best 0.954, bad 1/0)
      [sid z_L] step 10000/10000  dev acc=0.956  (best 0.956, bad 0/0)
    z_L -> SID              acc test=0.964  (val 0.956)

==================================================================
  DIAGNOSTIC PROBE RESULTS - diag_lr_invariance_only_w4_soft_seed42_final_zL_sid_linear_seed42
==================================================================
  Source       PR (PER↓)    SID (acc↑)
  --------  ------------  ------------
  z_L                nan         0.964
==================================================================


--- probe: z_L -> SID | sid_head=mlp | seed=42 ---
[diag_probe] run=diag_lr_invariance_only_w4_soft_seed42_final_zL_sid_mlp_seed42  device=cuda
[diag_probe] seed=42
[diag_probe] stage1_ckpt=/rds/user/bbg25/hpc-work/Thesis/Final-Proj/Disentanglement/checkpoints/lr_invariance_only_w4_soft_seed42/stage2_step12000.pt
[diag_probe] stage2_ckpt=/rds/user/bbg25/hpc-work/Thesis/Final-Proj/Disentanglement/checkpoints/lr_invariance_only_w4_soft_seed42/stage2_step12000.pt
[diag_probe] sources=['z_L']  tasks=['sid']
[diag_probe] probe_steps=10000  pr_lr=0.0005  sid_lr=0.001  warmup=0  val_every=250  patience=0
[diag_probe] PR task not requested — skipping PR dataloaders.
[dis_data] loaded lexicon: 200,000 entries
[dis_data] loading train-clean-100 …
[dis_data]  251 speakers
[dis_data]  train=27539  val=500  test=500  vocab=74  speakers=251
[train] loaded 3 SAE tensors from /rds/user/bbg25/hpc-work/Thesis/Final-Proj/Disentanglement/checkpoints/lr_invariance_only_w4_soft_seed42/stage2_step12000.pt  (step=12000  val=0.8177)
[diag_probe] skipped 1 shape-mismatched/stale keys (e.g. ['routing.current_logits']) — fine, probe does not use adversarial heads
[diag_probe] loaded stage2 weights from /rds/user/bbg25/hpc-work/Thesis/Final-Proj/Disentanglement/checkpoints/lr_invariance_only_w4_soft_seed42/stage2_step12000.pt

[diag_probe] speakers=251  pr_vocab=74  D=1280  K=5120
[diag_probe] PR: skipped
[diag_probe] SID: closed-set utterance split (val/test held out); probe arch=mlp
[diag_probe] reported metric = TEST (val shown in parentheses)

  training probe: z_L -> SID ...
[dis_data] g2p_en loaded for OOV words
      [sid z_L] step 250/10000  dev acc=0.002  (best 0.002, bad 0/0)
      [sid z_L] step 500/10000  dev acc=0.000  (best 0.002, bad 1/0)
      [sid z_L] step 750/10000  dev acc=0.000  (best 0.002, bad 2/0)
      [sid z_L] step 1000/10000  dev acc=0.002  (best 0.002, bad 3/0)
      [sid z_L] step 1250/10000  dev acc=0.002  (best 0.002, bad 4/0)
      [sid z_L] step 1500/10000  dev acc=0.002  (best 0.002, bad 5/0)
      [sid z_L] step 1750/10000  dev acc=0.002  (best 0.002, bad 6/0)
      [sid z_L] step 2000/10000  dev acc=0.002  (best 0.002, bad 7/0)
      [sid z_L] step 2250/10000  dev acc=0.002  (best 0.002, bad 8/0)
      [sid z_L] step 2500/10000  dev acc=0.002  (best 0.002, bad 9/0)
      [sid z_L] step 2750/10000  dev acc=0.002  (best 0.002, bad 10/0)
      [sid z_L] step 3000/10000  dev acc=0.002  (best 0.002, bad 11/0)
      [sid z_L] step 3250/10000  dev acc=0.002  (best 0.002, bad 12/0)
      [sid z_L] step 3500/10000  dev acc=0.002  (best 0.002, bad 13/0)
      [sid z_L] step 3750/10000  dev acc=0.002  (best 0.002, bad 14/0)
      [sid z_L] step 4000/10000  dev acc=0.002  (best 0.002, bad 15/0)
      [sid z_L] step 4250/10000  dev acc=0.002  (best 0.002, bad 16/0)
      [sid z_L] step 4500/10000  dev acc=0.002  (best 0.002, bad 17/0)
      [sid z_L] step 4750/10000  dev acc=0.002  (best 0.002, bad 18/0)
      [sid z_L] step 5000/10000  dev acc=0.002  (best 0.002, bad 19/0)
      [sid z_L] step 5250/10000  dev acc=0.002  (best 0.002, bad 20/0)
      [sid z_L] step 5500/10000  dev acc=0.002  (best 0.002, bad 21/0)
      [sid z_L] step 5750/10000  dev acc=0.002  (best 0.002, bad 22/0)
      [sid z_L] step 6000/10000  dev acc=0.002  (best 0.002, bad 23/0)
      [sid z_L] step 6250/10000  dev acc=0.002  (best 0.002, bad 24/0)
      [sid z_L] step 6500/10000  dev acc=0.002  (best 0.002, bad 25/0)
      [sid z_L] step 6750/10000  dev acc=0.002  (best 0.002, bad 26/0)
      [sid z_L] step 7000/10000  dev acc=0.002  (best 0.002, bad 27/0)
      [sid z_L] step 7250/10000  dev acc=0.002  (best 0.002, bad 28/0)
      [sid z_L] step 7500/10000  dev acc=0.002  (best 0.002, bad 29/0)
      [sid z_L] step 7750/10000  dev acc=0.002  (best 0.002, bad 30/0)
      [sid z_L] step 8000/10000  dev acc=0.002  (best 0.002, bad 31/0)
      [sid z_L] step 8250/10000  dev acc=0.002  (best 0.002, bad 32/0)
      [sid z_L] step 8500/10000  dev acc=0.002  (best 0.002, bad 33/0)
      [sid z_L] step 8750/10000  dev acc=0.002  (best 0.002, bad 34/0)
      [sid z_L] step 9000/10000  dev acc=0.002  (best 0.002, bad 35/0)
      [sid z_L] step 9250/10000  dev acc=0.002  (best 0.002, bad 36/0)
      [sid z_L] step 9500/10000  dev acc=0.002  (best 0.002, bad 37/0)
      [sid z_L] step 9750/10000  dev acc=0.002  (best 0.002, bad 38/0)
      [sid z_L] step 10000/10000  dev acc=0.002  (best 0.002, bad 39/0)
    z_L -> SID              acc test=0.002  (val 0.002)

==================================================================
  DIAGNOSTIC PROBE RESULTS - diag_lr_invariance_only_w4_soft_seed42_final_zL_sid_mlp_seed42
==================================================================
  Source       PR (PER↓)    SID (acc↑)
  --------  ------------  ------------
  z_L                nan         0.002
==================================================================


--- probe: z_L -> SID | sid_head=stats | seed=42 ---
[diag_probe] run=diag_lr_invariance_only_w4_soft_seed42_final_zL_sid_stats_seed42  device=cuda
[diag_probe] seed=42
[diag_probe] stage1_ckpt=/rds/user/bbg25/hpc-work/Thesis/Final-Proj/Disentanglement/checkpoints/lr_invariance_only_w4_soft_seed42/stage2_step12000.pt
[diag_probe] stage2_ckpt=/rds/user/bbg25/hpc-work/Thesis/Final-Proj/Disentanglement/checkpoints/lr_invariance_only_w4_soft_seed42/stage2_step12000.pt
[diag_probe] sources=['z_L']  tasks=['sid']
[diag_probe] probe_steps=10000  pr_lr=0.0005  sid_lr=0.001  warmup=0  val_every=250  patience=0
[diag_probe] PR task not requested — skipping PR dataloaders.
[dis_data] loaded lexicon: 200,000 entries
[dis_data] loading train-clean-100 …
[dis_data]  251 speakers
[dis_data]  train=27539  val=500  test=500  vocab=74  speakers=251
[train] loaded 3 SAE tensors from /rds/user/bbg25/hpc-work/Thesis/Final-Proj/Disentanglement/checkpoints/lr_invariance_only_w4_soft_seed42/stage2_step12000.pt  (step=12000  val=0.8177)
[diag_probe] skipped 1 shape-mismatched/stale keys (e.g. ['routing.current_logits']) — fine, probe does not use adversarial heads
[diag_probe] loaded stage2 weights from /rds/user/bbg25/hpc-work/Thesis/Final-Proj/Disentanglement/checkpoints/lr_invariance_only_w4_soft_seed42/stage2_step12000.pt

[diag_probe] speakers=251  pr_vocab=74  D=1280  K=5120
[diag_probe] PR: skipped
[diag_probe] SID: closed-set utterance split (val/test held out); probe arch=stats
[diag_probe] reported metric = TEST (val shown in parentheses)

  training probe: z_L -> SID ...
[dis_data] g2p_en loaded for OOV words
      [sid z_L] step 250/10000  train loss=5.540 acc=0.000  dev loss=5.531 acc=0.000  (best 0.000, bad 0/0)
      [sid z_L] step 500/10000  train loss=5.545 acc=0.000  dev loss=5.531 acc=0.002  (best 0.002, bad 0/0)
      [sid z_L] step 750/10000  train loss=5.528 acc=0.062  dev loss=5.529 acc=0.002  (best 0.002, bad 1/0)
      [sid z_L] step 1000/10000  train loss=5.523 acc=0.000  dev loss=5.530 acc=0.006  (best 0.006, bad 0/0)
      [sid z_L] step 1250/10000  train loss=5.529 acc=0.000  dev loss=5.528 acc=0.006  (best 0.006, bad 1/0)
      [sid z_L] step 1500/10000  train loss=5.523 acc=0.062  dev loss=5.525 acc=0.006  (best 0.006, bad 2/0)
      [sid z_L] step 1750/10000  train loss=5.489 acc=0.062  dev loss=5.524 acc=0.006  (best 0.006, bad 3/0)
      [sid z_L] step 2000/10000  train loss=5.508 acc=0.000  dev loss=5.525 acc=0.000  (best 0.006, bad 4/0)
      [sid z_L] step 2250/10000  train loss=5.501 acc=0.000  dev loss=5.525 acc=0.000  (best 0.006, bad 5/0)
      [sid z_L] step 2500/10000  train loss=5.501 acc=0.000  dev loss=5.525 acc=0.000  (best 0.006, bad 6/0)
      [sid z_L] step 2750/10000  train loss=5.468 acc=0.062  dev loss=5.524 acc=0.012  (best 0.012, bad 0/0)
      [sid z_L] step 3000/10000  train loss=5.524 acc=0.062  dev loss=5.524 acc=0.012  (best 0.012, bad 1/0)
      [sid z_L] step 3250/10000  train loss=5.504 acc=0.000  dev loss=5.522 acc=0.012  (best 0.012, bad 2/0)
      [sid z_L] step 3500/10000  train loss=5.521 acc=0.000  dev loss=5.523 acc=0.002  (best 0.012, bad 3/0)
      [sid z_L] step 3750/10000  train loss=5.552 acc=0.000  dev loss=5.523 acc=0.002  (best 0.012, bad 4/0)
      [sid z_L] step 4000/10000  train loss=5.524 acc=0.000  dev loss=5.523 acc=0.002  (best 0.012, bad 5/0)
      [sid z_L] step 4250/10000  train loss=5.498 acc=0.000  dev loss=5.524 acc=0.002  (best 0.012, bad 6/0)
      [sid z_L] step 4500/10000  train loss=5.586 acc=0.000  dev loss=5.523 acc=0.002  (best 0.012, bad 7/0)
      [sid z_L] step 4750/10000  train loss=5.528 acc=0.000  dev loss=5.524 acc=0.002  (best 0.012, bad 8/0)
      [sid z_L] step 5000/10000  train loss=5.563 acc=0.000  dev loss=5.524 acc=0.002  (best 0.012, bad 9/0)
      [sid z_L] step 5250/10000  train loss=5.552 acc=0.000  dev loss=5.524 acc=0.002  (best 0.012, bad 10/0)
      [sid z_L] step 5500/10000  train loss=5.474 acc=0.000  dev loss=5.524 acc=0.002  (best 0.012, bad 11/0)
      [sid z_L] step 5750/10000  train loss=5.534 acc=0.000  dev loss=5.525 acc=0.006  (best 0.012, bad 12/0)
      [sid z_L] step 6000/10000  train loss=5.542 acc=0.000  dev loss=5.524 acc=0.006  (best 0.012, bad 13/0)
      [sid z_L] step 6250/10000  train loss=5.478 acc=0.000  dev loss=5.524 acc=0.002  (best 0.012, bad 14/0)
      [sid z_L] step 6500/10000  train loss=5.525 acc=0.000  dev loss=5.524 acc=0.002  (best 0.012, bad 15/0)
      [sid z_L] step 6750/10000  train loss=5.493 acc=0.000  dev loss=5.525 acc=0.002  (best 0.012, bad 16/0)
      [sid z_L] step 7000/10000  train loss=5.509 acc=0.000  dev loss=5.524 acc=0.002  (best 0.012, bad 17/0)
      [sid z_L] step 7250/10000  train loss=5.560 acc=0.000  dev loss=5.524 acc=0.002  (best 0.012, bad 18/0)
      [sid z_L] step 7500/10000  train loss=5.481 acc=0.000  dev loss=5.524 acc=0.002  (best 0.012, bad 19/0)
      [sid z_L] step 7750/10000  train loss=5.543 acc=0.000  dev loss=5.524 acc=0.002  (best 0.012, bad 20/0)
      [sid z_L] step 8000/10000  train loss=5.495 acc=0.000  dev loss=5.524 acc=0.002  (best 0.012, bad 21/0)
      [sid z_L] step 8250/10000  train loss=5.518 acc=0.000  dev loss=5.524 acc=0.002  (best 0.012, bad 22/0)
      [sid z_L] step 8500/10000  train loss=5.440 acc=0.125  dev loss=5.524 acc=0.002  (best 0.012, bad 23/0)
      [sid z_L] step 8750/10000  train loss=5.585 acc=0.000  dev loss=5.524 acc=0.002  (best 0.012, bad 24/0)
      [sid z_L] step 9000/10000  train loss=5.499 acc=0.000  dev loss=5.524 acc=0.002  (best 0.012, bad 25/0)
      [sid z_L] step 9250/10000  train loss=5.548 acc=0.000  dev loss=5.524 acc=0.006  (best 0.012, bad 26/0)
      [sid z_L] step 9500/10000  train loss=5.535 acc=0.000  dev loss=5.524 acc=0.002  (best 0.012, bad 27/0)
      [sid z_L] step 9750/10000  train loss=5.528 acc=0.000  dev loss=5.524 acc=0.002  (best 0.012, bad 28/0)
      [sid z_L] step 10000/10000  train loss=5.517 acc=0.000  dev loss=5.524 acc=0.002  (best 0.012, bad 29/0)
    z_L -> SID              acc test=0.002  (val 0.012)

==================================================================
  DIAGNOSTIC PROBE RESULTS - diag_lr_invariance_only_w4_soft_seed42_final_zL_sid_stats_seed42
==================================================================
  Source       PR (PER↓)    SID (acc↑)
  --------  ------------  ------------
  z_L                nan         0.002
==================================================================


--- probe: z_P -> PR | pr_head=linear | seed=42 ---
[diag_probe] run=diag_lr_invariance_only_w4_soft_seed42_final_zP_pr_linear_seed42  device=cuda
[diag_probe] seed=42
[diag_probe] stage1_ckpt=/rds/user/bbg25/hpc-work/Thesis/Final-Proj/Disentanglement/checkpoints/lr_invariance_only_w4_soft_seed42/stage2_step12000.pt
[diag_probe] stage2_ckpt=/rds/user/bbg25/hpc-work/Thesis/Final-Proj/Disentanglement/checkpoints/lr_invariance_only_w4_soft_seed42/stage2_step12000.pt
[diag_probe] sources=['z_P']  tasks=['pr']
[diag_probe] probe_steps=10000  pr_lr=0.0005  sid_lr=0.001  warmup=0  val_every=250  patience=0
[pr_data] loaded LibriSpeech lexicon: 200,000 entries
[pr_data] loading train-clean-100 …
[pr_data] loading dev-clean …
[pr_data] loading test-clean …
[pr_data]  train=28539  val=2703  test=2620  vocab_size=74
[dis_data] loaded lexicon: 200,000 entries
[dis_data] loading train-clean-100 …
[dis_data]  251 speakers
[dis_data]  train=27539  val=500  test=500  vocab=74  speakers=251
[train] loaded 3 SAE tensors from /rds/user/bbg25/hpc-work/Thesis/Final-Proj/Disentanglement/checkpoints/lr_invariance_only_w4_soft_seed42/stage2_step12000.pt  (step=12000  val=0.8177)
[diag_probe] skipped 1 shape-mismatched/stale keys (e.g. ['routing.current_logits']) — fine, probe does not use adversarial heads
[diag_probe] loaded stage2 weights from /rds/user/bbg25/hpc-work/Thesis/Final-Proj/Disentanglement/checkpoints/lr_invariance_only_w4_soft_seed42/stage2_step12000.pt

[diag_probe] speakers=251  pr_vocab=74  D=1280  K=5120
[diag_probe] PR: SUPERB 74-phone — train-clean-100 → val=dev-clean, test=test-clean
[diag_probe] SID: closed-set utterance split (val/test held out); probe arch=linear
[diag_probe] reported metric = TEST (val shown in parentheses)

  training probe: z_P -> PR ...
[pr_data] g2p_en loaded for OOV words
      [pr z_P] step 250/10000  dev PER=0.987  (best 0.987, bad 0/0)
      [pr z_P] step 500/10000  dev PER=0.986  (best 0.986, bad 0/0)
      [pr z_P] step 750/10000  dev PER=0.982  (best 0.982, bad 0/0)
      [pr z_P] step 1000/10000  dev PER=0.977  (best 0.977, bad 0/0)
      [pr z_P] step 1250/10000  dev PER=0.968  (best 0.968, bad 0/0)
      [pr z_P] step 1500/10000  dev PER=0.964  (best 0.964, bad 0/0)
      [pr z_P] step 1750/10000  dev PER=0.957  (best 0.957, bad 0/0)
      [pr z_P] step 2000/10000  dev PER=0.955  (best 0.955, bad 0/0)
      [pr z_P] step 2250/10000  dev PER=0.950  (best 0.950, bad 0/0)
      [pr z_P] step 2500/10000  dev PER=0.949  (best 0.949, bad 0/0)
      [pr z_P] step 2750/10000  dev PER=0.950  (best 0.949, bad 1/0)
      [pr z_P] step 3000/10000  dev PER=0.949  (best 0.949, bad 0/0)
      [pr z_P] step 3250/10000  dev PER=0.943  (best 0.943, bad 0/0)
      [pr z_P] step 3500/10000  dev PER=0.947  (best 0.943, bad 1/0)
      [pr z_P] step 3750/10000  dev PER=0.949  (best 0.943, bad 2/0)
      [pr z_P] step 4000/10000  dev PER=0.948  (best 0.943, bad 3/0)
      [pr z_P] step 4250/10000  dev PER=0.947  (best 0.943, bad 4/0)
      [pr z_P] step 4500/10000  dev PER=0.947  (best 0.943, bad 5/0)
      [pr z_P] step 4750/10000  dev PER=0.945  (best 0.943, bad 6/0)
      [pr z_P] step 5000/10000  dev PER=0.945  (best 0.943, bad 7/0)
      [pr z_P] step 5250/10000  dev PER=0.948  (best 0.943, bad 8/0)
      [pr z_P] step 5500/10000  dev PER=0.948  (best 0.943, bad 9/0)
      [pr z_P] step 5750/10000  dev PER=0.946  (best 0.943, bad 10/0)
      [pr z_P] step 6000/10000  dev PER=0.949  (best 0.943, bad 11/0)
      [pr z_P] step 6250/10000  dev PER=0.945  (best 0.943, bad 12/0)
      [pr z_P] step 6500/10000  dev PER=0.943  (best 0.943, bad 13/0)
      [pr z_P] step 6750/10000  dev PER=0.945  (best 0.943, bad 14/0)
      [pr z_P] step 7000/10000  dev PER=0.945  (best 0.943, bad 15/0)
      [pr z_P] step 7250/10000  dev PER=0.945  (best 0.943, bad 16/0)
      [pr z_P] step 7500/10000  dev PER=0.946  (best 0.943, bad 17/0)
      [pr z_P] step 7750/10000  dev PER=0.944  (best 0.943, bad 18/0)
      [pr z_P] step 8000/10000  dev PER=0.945  (best 0.943, bad 19/0)
      [pr z_P] step 8250/10000  dev PER=0.944  (best 0.943, bad 20/0)
      [pr z_P] step 8500/10000  dev PER=0.945  (best 0.943, bad 21/0)
      [pr z_P] step 8750/10000  dev PER=0.944  (best 0.943, bad 22/0)
      [pr z_P] step 9000/10000  dev PER=0.945  (best 0.943, bad 23/0)
      [pr z_P] step 9250/10000  dev PER=0.944  (best 0.943, bad 24/0)
      [pr z_P] step 9500/10000  dev PER=0.945  (best 0.943, bad 25/0)
      [pr z_P] step 9750/10000  dev PER=0.945  (best 0.943, bad 26/0)
      [pr z_P] step 10000/10000  dev PER=0.945  (best 0.943, bad 27/0)
    z_P -> PR               PER test=0.944  (val 0.943)

==================================================================
  DIAGNOSTIC PROBE RESULTS - diag_lr_invariance_only_w4_soft_seed42_final_zP_pr_linear_seed42
==================================================================
  Source       PR (PER↓)    SID (acc↑)
  --------  ------------  ------------
  z_P              0.944           nan
==================================================================


--- probe: z_P -> PR | pr_head=mlp | seed=42 ---
[diag_probe] run=diag_lr_invariance_only_w4_soft_seed42_final_zP_pr_mlp_seed42  device=cuda
[diag_probe] seed=42
[diag_probe] stage1_ckpt=/rds/user/bbg25/hpc-work/Thesis/Final-Proj/Disentanglement/checkpoints/lr_invariance_only_w4_soft_seed42/stage2_step12000.pt
[diag_probe] stage2_ckpt=/rds/user/bbg25/hpc-work/Thesis/Final-Proj/Disentanglement/checkpoints/lr_invariance_only_w4_soft_seed42/stage2_step12000.pt
[diag_probe] sources=['z_P']  tasks=['pr']
[diag_probe] probe_steps=10000  pr_lr=0.0005  sid_lr=0.001  warmup=0  val_every=250  patience=0
[pr_data] loaded LibriSpeech lexicon: 200,000 entries
[pr_data] loading train-clean-100 …
[pr_data] loading dev-clean …
[pr_data] loading test-clean …
[pr_data]  train=28539  val=2703  test=2620  vocab_size=74
[dis_data] loaded lexicon: 200,000 entries
[dis_data] loading train-clean-100 …
[dis_data]  251 speakers
[dis_data]  train=27539  val=500  test=500  vocab=74  speakers=251
[train] loaded 3 SAE tensors from /rds/user/bbg25/hpc-work/Thesis/Final-Proj/Disentanglement/checkpoints/lr_invariance_only_w4_soft_seed42/stage2_step12000.pt  (step=12000  val=0.8177)
[diag_probe] skipped 1 shape-mismatched/stale keys (e.g. ['routing.current_logits']) — fine, probe does not use adversarial heads
[diag_probe] loaded stage2 weights from /rds/user/bbg25/hpc-work/Thesis/Final-Proj/Disentanglement/checkpoints/lr_invariance_only_w4_soft_seed42/stage2_step12000.pt

[diag_probe] speakers=251  pr_vocab=74  D=1280  K=5120
[diag_probe] PR: SUPERB 74-phone — train-clean-100 → val=dev-clean, test=test-clean
[diag_probe] SID: closed-set utterance split (val/test held out); probe arch=linear
[diag_probe] reported metric = TEST (val shown in parentheses)

  training probe: z_P -> PR ...
[pr_data] g2p_en loaded for OOV words
      [pr z_P] step 250/10000  dev PER=0.988  (best 0.988, bad 0/0)
      [pr z_P] step 500/10000  dev PER=0.993  (best 0.988, bad 1/0)
      [pr z_P] step 750/10000  dev PER=0.999  (best 0.988, bad 2/0)
      [pr z_P] step 1000/10000  dev PER=0.998  (best 0.988, bad 3/0)
      [pr z_P] step 1250/10000  dev PER=0.984  (best 0.984, bad 0/0)
      [pr z_P] step 1500/10000  dev PER=0.971  (best 0.971, bad 0/0)
      [pr z_P] step 1750/10000  dev PER=0.963  (best 0.963, bad 0/0)
      [pr z_P] step 2000/10000  dev PER=0.961  (best 0.961, bad 0/0)
      [pr z_P] step 2250/10000  dev PER=0.954  (best 0.954, bad 0/0)
      [pr z_P] step 2500/10000  dev PER=0.955  (best 0.954, bad 1/0)
      [pr z_P] step 2750/10000  dev PER=0.953  (best 0.953, bad 0/0)
      [pr z_P] step 3000/10000  dev PER=0.951  (best 0.951, bad 0/0)
      [pr z_P] step 3250/10000  dev PER=0.948  (best 0.948, bad 0/0)
      [pr z_P] step 3500/10000  dev PER=0.948  (best 0.948, bad 0/0)
      [pr z_P] step 3750/10000  dev PER=0.948  (best 0.948, bad 1/0)
      [pr z_P] step 4000/10000  dev PER=0.947  (best 0.947, bad 0/0)
      [pr z_P] step 4250/10000  dev PER=0.946  (best 0.946, bad 0/0)
      [pr z_P] step 4500/10000  dev PER=0.945  (best 0.945, bad 0/0)
      [pr z_P] step 4750/10000  dev PER=0.943  (best 0.943, bad 0/0)
      [pr z_P] step 5000/10000  dev PER=0.942  (best 0.942, bad 0/0)
      [pr z_P] step 5250/10000  dev PER=0.943  (best 0.942, bad 1/0)
      [pr z_P] step 5500/10000  dev PER=0.943  (best 0.942, bad 2/0)
      [pr z_P] step 5750/10000  dev PER=0.940  (best 0.940, bad 0/0)
      [pr z_P] step 6000/10000  dev PER=0.944  (best 0.940, bad 1/0)
      [pr z_P] step 6250/10000  dev PER=0.939  (best 0.939, bad 0/0)
      [pr z_P] step 6500/10000  dev PER=0.938  (best 0.938, bad 0/0)
      [pr z_P] step 6750/10000  dev PER=0.938  (best 0.938, bad 1/0)
      [pr z_P] step 7000/10000  dev PER=0.935  (best 0.935, bad 0/0)
      [pr z_P] step 7250/10000  dev PER=0.936  (best 0.935, bad 1/0)
      [pr z_P] step 7500/10000  dev PER=0.938  (best 0.935, bad 2/0)
      [pr z_P] step 7750/10000  dev PER=0.936  (best 0.935, bad 3/0)
      [pr z_P] step 8000/10000  dev PER=0.936  (best 0.935, bad 4/0)
      [pr z_P] step 8250/10000  dev PER=0.935  (best 0.935, bad 5/0)
      [pr z_P] step 8500/10000  dev PER=0.936  (best 0.935, bad 6/0)
      [pr z_P] step 8750/10000  dev PER=0.935  (best 0.935, bad 7/0)
      [pr z_P] step 9000/10000  dev PER=0.935  (best 0.935, bad 0/0)
      [pr z_P] step 9250/10000  dev PER=0.933  (best 0.933, bad 0/0)
      [pr z_P] step 9500/10000  dev PER=0.935  (best 0.933, bad 1/0)
      [pr z_P] step 9750/10000  dev PER=0.934  (best 0.933, bad 2/0)
      [pr z_P] step 10000/10000  dev PER=0.935  (best 0.933, bad 3/0)
    z_P -> PR               PER test=0.931  (val 0.933)

==================================================================
  DIAGNOSTIC PROBE RESULTS - diag_lr_invariance_only_w4_soft_seed42_final_zP_pr_mlp_seed42
==================================================================
  Source       PR (PER↓)    SID (acc↑)
  --------  ------------  ------------
  z_P              0.931           nan
==================================================================


--- probe: z_L -> SID | sid_head=linear | seed=7 ---
[diag_probe] run=diag_lr_invariance_only_w4_soft_seed42_final_zL_sid_linear_seed7  device=cuda
[diag_probe] seed=7
[diag_probe] stage1_ckpt=/rds/user/bbg25/hpc-work/Thesis/Final-Proj/Disentanglement/checkpoints/lr_invariance_only_w4_soft_seed42/stage2_step12000.pt
[diag_probe] stage2_ckpt=/rds/user/bbg25/hpc-work/Thesis/Final-Proj/Disentanglement/checkpoints/lr_invariance_only_w4_soft_seed42/stage2_step12000.pt
[diag_probe] sources=['z_L']  tasks=['sid']
[diag_probe] probe_steps=10000  pr_lr=0.0005  sid_lr=0.001  warmup=0  val_every=250  patience=0
[diag_probe] PR task not requested — skipping PR dataloaders.
[dis_data] loaded lexicon: 200,000 entries
[dis_data] loading train-clean-100 …
[dis_data]  251 speakers
[dis_data]  train=27539  val=500  test=500  vocab=74  speakers=251
[train] loaded 3 SAE tensors from /rds/user/bbg25/hpc-work/Thesis/Final-Proj/Disentanglement/checkpoints/lr_invariance_only_w4_soft_seed42/stage2_step12000.pt  (step=12000  val=0.8177)
[diag_probe] skipped 1 shape-mismatched/stale keys (e.g. ['routing.current_logits']) — fine, probe does not use adversarial heads
[diag_probe] loaded stage2 weights from /rds/user/bbg25/hpc-work/Thesis/Final-Proj/Disentanglement/checkpoints/lr_invariance_only_w4_soft_seed42/stage2_step12000.pt

[diag_probe] speakers=251  pr_vocab=74  D=1280  K=5120
[diag_probe] PR: skipped
[diag_probe] SID: closed-set utterance split (val/test held out); probe arch=linear
[diag_probe] reported metric = TEST (val shown in parentheses)

  training probe: z_L -> SID ...
[dis_data] g2p_en loaded for OOV words
      [sid z_L] step 250/10000  train loss=6.683 acc=0.000  dev loss=6.353 acc=0.014  (best 0.014, bad 0/0)
      [sid z_L] step 500/10000  train loss=5.663 acc=0.000  dev loss=6.064 acc=0.014  (best 0.014, bad 1/0)
      [sid z_L] step 750/10000  train loss=5.329 acc=0.000  dev loss=5.533 acc=0.026  (best 0.026, bad 0/0)
      [sid z_L] step 1000/10000  train loss=5.772 acc=0.000  dev loss=5.192 acc=0.028  (best 0.028, bad 0/0)
      [sid z_L] step 1250/10000  train loss=4.435 acc=0.125  dev loss=4.954 acc=0.066  (best 0.066, bad 0/0)
      [sid z_L] step 1500/10000  train loss=4.947 acc=0.062  dev loss=4.173 acc=0.108  (best 0.108, bad 0/0)
      [sid z_L] step 1750/10000  train loss=3.536 acc=0.188  dev loss=3.841 acc=0.160  (best 0.160, bad 0/0)
      [sid z_L] step 2000/10000  train loss=3.083 acc=0.125  dev loss=3.128 acc=0.258  (best 0.258, bad 0/0)
      [sid z_L] step 2250/10000  train loss=3.038 acc=0.188  dev loss=2.756 acc=0.326  (best 0.326, bad 0/0)
      [sid z_L] step 2500/10000  train loss=3.319 acc=0.188  dev loss=2.397 acc=0.408  (best 0.408, bad 0/0)
      [sid z_L] step 2750/10000  train loss=1.589 acc=0.688  dev loss=2.481 acc=0.354  (best 0.408, bad 1/0)
      [sid z_L] step 3000/10000  train loss=2.498 acc=0.312  dev loss=2.027 acc=0.486  (best 0.486, bad 0/0)
      [sid z_L] step 3250/10000  train loss=1.916 acc=0.688  dev loss=1.697 acc=0.586  (best 0.586, bad 0/0)
      [sid z_L] step 3500/10000  train loss=1.555 acc=0.562  dev loss=1.757 acc=0.544  (best 0.586, bad 1/0)
      [sid z_L] step 3750/10000  train loss=1.708 acc=0.625  dev loss=1.298 acc=0.652  (best 0.652, bad 0/0)
      [sid z_L] step 4000/10000  train loss=0.746 acc=0.875  dev loss=1.355 acc=0.642  (best 0.652, bad 1/0)
      [sid z_L] step 4250/10000  train loss=1.228 acc=0.750  dev loss=1.137 acc=0.690  (best 0.690, bad 0/0)
      [sid z_L] step 4500/10000  train loss=0.996 acc=0.750  dev loss=1.073 acc=0.750  (best 0.750, bad 0/0)
