[diag_probe] run=diag_libri_advlearn_hardqfreeze4000_spkreset_dann6800_gn00015_gp02_aux64_16k_s42_z_P_pr_linear_seed42  device=cuda
[diag_probe] seed=42
[diag_probe] stage1_ckpt=/scratch/bbg25/runs/libri_advlearn_hardqfreeze4000_spkreset_dann6800_gn00015_gp02_aux64_16k_s42/checkpoints/stage2_step16000.pt
[diag_probe] stage2_ckpt=/scratch/bbg25/runs/libri_advlearn_hardqfreeze4000_spkreset_dann6800_gn00015_gp02_aux64_16k_s42/checkpoints/stage2_step16000.pt
[diag_probe] sources=['z_P']  tasks=['pr']
[diag_probe] probe_steps=5000  pr_lr=0.0005  asr_lr=0.0005  sid_lr=0.001  pr_warmup=500  asr_warmup=500  other_warmup=0  val_every=250  patience=10
[dis_data] loaded lexicon: 200,000 entries
[dis_data] loading PR train-clean-100 …
[dis_data] loading PR dev-clean …
[dis_data] loading PR test-clean …
[dis_data]  PR train=28539 val=2703 test=2620 vocab=74
[diag_probe] ASR task not requested — skipping ASR dataloaders.
[dis_data] loading train-clean-100 …
[dis_data]  251 speakers
[dis_data]  train=27539  val=500  test=500  vocab=74  speakers=251
[diag_probe] topk confirmed: 256
[train] loaded 6 SAE tensors from /scratch/bbg25/runs/libri_advlearn_hardqfreeze4000_spkreset_dann6800_gn00015_gp02_aux64_16k_s42/checkpoints/stage2_step16000.pt  (step=16000  val=0.1768)
[diag_probe] learned-route TopK loaded: quotas=[232, 24, 0]
[diag_probe] loaded stage2 weights from /scratch/bbg25/runs/libri_advlearn_hardqfreeze4000_spkreset_dann6800_gn00015_gp02_aux64_16k_s42/checkpoints/stage2_step16000.pt

[diag_probe] speakers=251  pr_vocab=74  asr_vocab=n/a  D=1280  K=5120
[diag_probe] PR: stage-2-matched 74-phone targets — train-clean-100 → val=dev-clean, test=test-clean
[diag_probe] ASR: skipped
[diag_probe] SID: closed-set utterance split (val/test held out); probe arch=linear
[diag_probe] reported metric = TEST (val shown in parentheses)

  training probe: z_P -> PR ...
[dis_data] g2p_en loaded for OOV words
      [pr z_P] step 250/5000  train loss=6.582  dev loss=3.575  dev PER=1.000  (best 1.000, bad 0/10)
      [pr z_P] step 500/5000  train loss=3.518  dev loss=3.536  dev PER=0.996  (best 0.996, bad 0/10)
      [pr z_P] step 750/5000  train loss=3.481  dev loss=3.497  dev PER=0.987  (best 0.987, bad 0/10)
      [pr z_P] step 1000/5000  train loss=3.452  dev loss=3.479  dev PER=0.983  (best 0.983, bad 0/10)
      [pr z_P] step 1250/5000  train loss=3.438  dev loss=3.465  dev PER=0.981  (best 0.981, bad 0/10)
      [pr z_P] step 1500/5000  train loss=3.426  dev loss=3.459  dev PER=0.984  (best 0.981, bad 1/10)
      [pr z_P] step 1750/5000  train loss=3.416  dev loss=3.452  dev PER=0.983  (best 0.981, bad 2/10)
      [pr z_P] step 2000/5000  train loss=3.407  dev loss=3.444  dev PER=0.983  (best 0.981, bad 3/10)
      [pr z_P] step 2250/5000  train loss=3.403  dev loss=3.441  dev PER=0.983  (best 0.981, bad 4/10)
      [pr z_P] step 2500/5000  train loss=3.399  dev loss=3.440  dev PER=0.983  (best 0.981, bad 5/10)
      [pr z_P] step 2750/5000  train loss=3.397  dev loss=3.437  dev PER=0.983  (best 0.981, bad 6/10)
      [pr z_P] step 3000/5000  train loss=3.397  dev loss=3.432  dev PER=0.982  (best 0.981, bad 7/10)
      [pr z_P] step 3250/5000  train loss=3.393  dev loss=3.434  dev PER=0.982  (best 0.981, bad 8/10)
      [pr z_P] step 3500/5000  train loss=3.395  dev loss=3.432  dev PER=0.982  (best 0.981, bad 9/10)
      [pr z_P] step 3750/5000  train loss=3.390  dev loss=3.431  dev PER=0.981  (best 0.981, bad 0/10)
      [pr z_P] step 4000/5000  train loss=3.381  dev loss=3.431  dev PER=0.983  (best 0.981, bad 1/10)
      [pr z_P] step 4250/5000  train loss=3.383  dev loss=3.428  dev PER=0.982  (best 0.981, bad 2/10)
      [pr z_P] step 4500/5000  train loss=3.383  dev loss=3.428  dev PER=0.981  (best 0.981, bad 0/10)
      [pr z_P] step 4750/5000  train loss=3.381  dev loss=3.426  dev PER=0.981  (best 0.981, bad 1/10)
      [pr z_P] step 5000/5000  train loss=3.379  dev loss=3.425  dev PER=0.981  (best 0.981, bad 2/10)
    z_P -> PR               PER test=0.981  (val 0.981)

==================================================================
  DIAGNOSTIC PROBE RESULTS - diag_libri_advlearn_hardqfreeze4000_spkreset_dann6800_gn00015_gp02_aux64_16k_s42_z_P_pr_linear_seed42
==================================================================
  Source       PR (PER↓)    SID (acc↑)
  --------  ------------  ------------
  z_P              0.981           nan
==================================================================

