[diag_probe] run=diag_libri_advlearn_hardqfreeze4000_spkreset_dann6800_gn00015_gp02_aux64_16k_s42_sid_linear_seed42  device=cuda
[diag_probe] seed=42
[diag_probe] stage1_ckpt=/scratch/bbg25/runs/libri_advlearn_hardqfreeze4000_spkreset_dann6800_gn00015_gp02_aux64_16k_s42/checkpoints/stage2_step16000.pt
[diag_probe] stage2_ckpt=/scratch/bbg25/runs/libri_advlearn_hardqfreeze4000_spkreset_dann6800_gn00015_gp02_aux64_16k_s42/checkpoints/stage2_step16000.pt
[diag_probe] sources=['z_t', 'z_L', 'z_P']  tasks=['sid']
[diag_probe] probe_steps=5000  pr_lr=0.0005  asr_lr=0.0005  sid_lr=0.001  pr_warmup=500  asr_warmup=500  other_warmup=0  val_every=250  patience=10
[diag_probe] PR task not requested — skipping PR dataloaders.
[diag_probe] ASR task not requested — skipping ASR dataloaders.
[dis_data] loaded lexicon: 200,000 entries
[dis_data] loading train-clean-100 …
[dis_data]  251 speakers
[dis_data]  train=27539  val=500  test=500  vocab=74  speakers=251
[diag_probe] topk confirmed: 256
[train] loaded 6 SAE tensors from /scratch/bbg25/runs/libri_advlearn_hardqfreeze4000_spkreset_dann6800_gn00015_gp02_aux64_16k_s42/checkpoints/stage2_step16000.pt  (step=16000  val=0.1768)
[diag_probe] learned-route TopK loaded: quotas=[232, 24, 0]
[diag_probe] loaded stage2 weights from /scratch/bbg25/runs/libri_advlearn_hardqfreeze4000_spkreset_dann6800_gn00015_gp02_aux64_16k_s42/checkpoints/stage2_step16000.pt

[diag_probe] speakers=251  pr_vocab=74  asr_vocab=n/a  D=1280  K=5120
[diag_probe] PR: skipped
[diag_probe] ASR: skipped
[diag_probe] SID: closed-set utterance split (val/test held out); probe arch=linear
[diag_probe] reported metric = TEST (val shown in parentheses)

  training probe: z_t -> SID ...
[dis_data] g2p_en loaded for OOV words
      [sid z_t] step 250/5000  train loss=108.236 acc=0.000  dev loss=105.920 acc=0.010  (best 0.010, bad 0/10)
      [sid z_t] step 500/5000  train loss=125.661 acc=0.000  dev loss=108.224 acc=0.002  (best 0.010, bad 1/10)
      [sid z_t] step 750/5000  train loss=118.761 acc=0.000  dev loss=94.566 acc=0.004  (best 0.010, bad 2/10)
      [sid z_t] step 1000/5000  train loss=79.174 acc=0.000  dev loss=76.011 acc=0.014  (best 0.014, bad 0/10)
      [sid z_t] step 1250/5000  train loss=71.010 acc=0.000  dev loss=67.290 acc=0.004  (best 0.014, bad 1/10)
      [sid z_t] step 1500/5000  train loss=67.773 acc=0.000  dev loss=56.720 acc=0.018  (best 0.018, bad 0/10)
      [sid z_t] step 1750/5000  train loss=66.578 acc=0.062  dev loss=50.469 acc=0.010  (best 0.018, bad 1/10)
      [sid z_t] step 2000/5000  train loss=44.061 acc=0.000  dev loss=41.506 acc=0.028  (best 0.028, bad 0/10)
      [sid z_t] step 2250/5000  train loss=46.666 acc=0.000  dev loss=36.351 acc=0.040  (best 0.040, bad 0/10)
      [sid z_t] step 2500/5000  train loss=17.851 acc=0.000  dev loss=22.542 acc=0.060  (best 0.060, bad 0/10)
      [sid z_t] step 2750/5000  train loss=19.143 acc=0.062  dev loss=17.025 acc=0.060  (best 0.060, bad 1/10)
      [sid z_t] step 3000/5000  train loss=13.944 acc=0.000  dev loss=10.857 acc=0.058  (best 0.060, bad 2/10)
      [sid z_t] step 3250/5000  train loss=9.326 acc=0.125  dev loss=9.087 acc=0.138  (best 0.138, bad 0/10)
      [sid z_t] step 3500/5000  train loss=9.486 acc=0.250  dev loss=7.985 acc=0.148  (best 0.148, bad 0/10)
      [sid z_t] step 3750/5000  train loss=6.462 acc=0.188  dev loss=5.632 acc=0.220  (best 0.220, bad 0/10)
      [sid z_t] step 4000/5000  train loss=4.440 acc=0.188  dev loss=4.030 acc=0.324  (best 0.324, bad 0/10)
      [sid z_t] step 4250/5000  train loss=3.406 acc=0.438  dev loss=3.223 acc=0.428  (best 0.428, bad 0/10)
      [sid z_t] step 4500/5000  train loss=2.668 acc=0.500  dev loss=2.525 acc=0.442  (best 0.442, bad 0/10)
      [sid z_t] step 4750/5000  train loss=1.027 acc=0.812  dev loss=1.428 acc=0.728  (best 0.728, bad 0/10)
      [sid z_t] step 5000/5000  train loss=0.956 acc=0.938  dev loss=0.877 acc=0.944  (best 0.944, bad 0/10)
    z_t -> SID              acc test=0.950  (val 0.944)
  training probe: z_L -> SID ...
      [sid z_L] step 250/5000  train loss=140.901 acc=0.000  dev loss=148.186 acc=0.012  (best 0.012, bad 0/10)
      [sid z_L] step 500/5000  train loss=138.266 acc=0.000  dev loss=128.959 acc=0.002  (best 0.012, bad 1/10)
      [sid z_L] step 750/5000  train loss=134.032 acc=0.062  dev loss=116.978 acc=0.002  (best 0.012, bad 2/10)
      [sid z_L] step 1000/5000  train loss=97.719 acc=0.000  dev loss=85.180 acc=0.002  (best 0.012, bad 3/10)
      [sid z_L] step 1250/5000  train loss=89.834 acc=0.000  dev loss=90.888 acc=0.004  (best 0.012, bad 4/10)
      [sid z_L] step 1500/5000  train loss=67.034 acc=0.000  dev loss=67.482 acc=0.006  (best 0.012, bad 5/10)
      [sid z_L] step 1750/5000  train loss=72.754 acc=0.000  dev loss=69.211 acc=0.006  (best 0.012, bad 6/10)
      [sid z_L] step 2000/5000  train loss=54.104 acc=0.000  dev loss=51.497 acc=0.008  (best 0.012, bad 7/10)
      [sid z_L] step 2250/5000  train loss=38.265 acc=0.000  dev loss=43.674 acc=0.004  (best 0.012, bad 8/10)
      [sid z_L] step 2500/5000  train loss=37.215 acc=0.000  dev loss=31.589 acc=0.002  (best 0.012, bad 9/10)
      [sid z_L] step 2750/5000  train loss=22.415 acc=0.000  dev loss=25.100 acc=0.004  (best 0.012, bad 10/10)
    z_L -> SID              acc test=0.014  (val 0.012)
  training probe: z_P -> SID ...
      [sid z_P] step 250/5000  train loss=2.458 acc=0.625  dev loss=2.428 acc=0.624  (best 0.624, bad 0/10)
      [sid z_P] step 500/5000  train loss=0.280 acc=1.000  dev loss=0.415 acc=0.964  (best 0.964, bad 0/10)
      [sid z_P] step 750/5000  train loss=0.093 acc=1.000  dev loss=0.121 acc=0.984  (best 0.984, bad 0/10)
      [sid z_P] step 1000/5000  train loss=0.054 acc=1.000  dev loss=0.044 acc=0.994  (best 0.994, bad 0/10)
      [sid z_P] step 1250/5000  train loss=0.007 acc=1.000  dev loss=0.035 acc=0.996  (best 0.996, bad 0/10)
      [sid z_P] step 1500/5000  train loss=0.009 acc=1.000  dev loss=0.029 acc=0.998  (best 0.998, bad 0/10)
      [sid z_P] step 1750/5000  train loss=0.006 acc=1.000  dev loss=0.017 acc=1.000  (best 1.000, bad 0/10)
      [sid z_P] step 2000/5000  train loss=0.012 acc=1.000  dev loss=0.017 acc=0.998  (best 1.000, bad 1/10)
      [sid z_P] step 2250/5000  train loss=0.003 acc=1.000  dev loss=0.013 acc=0.998  (best 1.000, bad 2/10)
      [sid z_P] step 2500/5000  train loss=0.001 acc=1.000  dev loss=0.010 acc=1.000  (best 1.000, bad 3/10)
      [sid z_P] step 2750/5000  train loss=0.002 acc=1.000  dev loss=0.007 acc=1.000  (best 1.000, bad 4/10)
      [sid z_P] step 3000/5000  train loss=0.001 acc=1.000  dev loss=0.007 acc=1.000  (best 1.000, bad 5/10)
      [sid z_P] step 3250/5000  train loss=0.004 acc=1.000  dev loss=0.010 acc=0.998  (best 1.000, bad 6/10)
      [sid z_P] step 3500/5000  train loss=0.001 acc=1.000  dev loss=0.005 acc=1.000  (best 1.000, bad 7/10)
      [sid z_P] step 3750/5000  train loss=0.001 acc=1.000  dev loss=0.006 acc=1.000  (best 1.000, bad 8/10)
      [sid z_P] step 4000/5000  train loss=0.004 acc=1.000  dev loss=0.005 acc=1.000  (best 1.000, bad 9/10)
      [sid z_P] step 4250/5000  train loss=0.002 acc=1.000  dev loss=0.005 acc=1.000  (best 1.000, bad 10/10)
    z_P -> SID              acc test=0.996  (val 1.000)

==================================================================
  DIAGNOSTIC PROBE RESULTS - diag_libri_advlearn_hardqfreeze4000_spkreset_dann6800_gn00015_gp02_aux64_16k_s42_sid_linear_seed42
==================================================================
  Source       PR (PER↓)    SID (acc↑)
  --------  ------------  ------------
  z_t                nan         0.950
  z_L                nan         0.014
  z_P                nan         0.996
==================================================================

