[diag_probe] run=diag_libri_advlearn_hardqfreeze4000_spkreset_dann6800_gn00015_gp02_aux64_16k_s42_z_L_pr_linear_seed42  device=cuda
[diag_probe] seed=42
[diag_probe] stage1_ckpt=/scratch/bbg25/runs/libri_advlearn_hardqfreeze4000_spkreset_dann6800_gn00015_gp02_aux64_16k_s42/checkpoints/stage2_step16000.pt
[diag_probe] stage2_ckpt=/scratch/bbg25/runs/libri_advlearn_hardqfreeze4000_spkreset_dann6800_gn00015_gp02_aux64_16k_s42/checkpoints/stage2_step16000.pt
[diag_probe] sources=['z_L']  tasks=['pr']
[diag_probe] probe_steps=5000  pr_lr=0.0005  asr_lr=0.0005  sid_lr=0.001  pr_warmup=500  asr_warmup=500  other_warmup=0  val_every=250  patience=10
[dis_data] loaded lexicon: 200,000 entries
[dis_data] loading PR train-clean-100 …
[dis_data] loading PR dev-clean …
[dis_data] loading PR test-clean …
[dis_data]  PR train=28539 val=2703 test=2620 vocab=74
[diag_probe] ASR task not requested — skipping ASR dataloaders.
[dis_data] loading train-clean-100 …
[dis_data]  251 speakers
[dis_data]  train=27539  val=500  test=500  vocab=74  speakers=251
[diag_probe] topk confirmed: 256
[train] loaded 6 SAE tensors from /scratch/bbg25/runs/libri_advlearn_hardqfreeze4000_spkreset_dann6800_gn00015_gp02_aux64_16k_s42/checkpoints/stage2_step16000.pt  (step=16000  val=0.1768)
[diag_probe] learned-route TopK loaded: quotas=[232, 24, 0]
[diag_probe] loaded stage2 weights from /scratch/bbg25/runs/libri_advlearn_hardqfreeze4000_spkreset_dann6800_gn00015_gp02_aux64_16k_s42/checkpoints/stage2_step16000.pt

[diag_probe] speakers=251  pr_vocab=74  asr_vocab=n/a  D=1280  K=5120
[diag_probe] PR: stage-2-matched 74-phone targets — train-clean-100 → val=dev-clean, test=test-clean
[diag_probe] ASR: skipped
[diag_probe] SID: closed-set utterance split (val/test held out); probe arch=linear
[diag_probe] reported metric = TEST (val shown in parentheses)

  training probe: z_L -> PR ...
[dis_data] g2p_en loaded for OOV words
      [pr z_L] step 250/5000  train loss=15.028  dev loss=28.181  dev PER=0.994  (best 0.994, bad 0/10)
      [pr z_L] step 500/5000  train loss=33.846  dev loss=41.757  dev PER=0.987  (best 0.987, bad 0/10)
      [pr z_L] step 750/5000  train loss=39.273  dev loss=49.074  dev PER=0.988  (best 0.987, bad 1/10)
      [pr z_L] step 1000/5000  train loss=31.496  dev loss=31.714  dev PER=0.987  (best 0.987, bad 2/10)
      [pr z_L] step 1250/5000  train loss=25.450  dev loss=40.486  dev PER=0.989  (best 0.987, bad 3/10)
      [pr z_L] step 1500/5000  train loss=19.231  dev loss=14.726  dev PER=0.988  (best 0.987, bad 4/10)
      [pr z_L] step 1750/5000  train loss=13.941  dev loss=14.570  dev PER=0.994  (best 0.987, bad 5/10)
      [pr z_L] step 2000/5000  train loss=9.606  dev loss=7.273  dev PER=0.987  (best 0.987, bad 6/10)
      [pr z_L] step 2250/5000  train loss=11.537  dev loss=11.446  dev PER=0.989  (best 0.987, bad 7/10)
      [pr z_L] step 2500/5000  train loss=5.997  dev loss=6.889  dev PER=0.987  (best 0.987, bad 8/10)
      [pr z_L] step 2750/5000  train loss=6.854  dev loss=6.979  dev PER=0.987  (best 0.987, bad 9/10)
      [pr z_L] step 3000/5000  train loss=5.734  dev loss=6.806  dev PER=0.987  (best 0.987, bad 10/10)
    z_L -> PR               PER test=0.987  (val 0.987)

==================================================================
  DIAGNOSTIC PROBE RESULTS - diag_libri_advlearn_hardqfreeze4000_spkreset_dann6800_gn00015_gp02_aux64_16k_s42_z_L_pr_linear_seed42
==================================================================
  Source       PR (PER↓)    SID (acc↑)
  --------  ------------  ------------
  z_L              0.987           nan
==================================================================

