=== Stage 2: no_routing ===
Job ID     : 29907495
Node       : gpu-q-77
GPU        : NVIDIA A100-SXM4-80GB
Started    : Sun May 31 00:51:18 BST 2026
α=0.02  β=0.01  grl=0.01  ρ=0.001  grl_delay=0
=== Disentanglement  stage=2
=== device=cuda  bf16=True
=== K=5120  topk=256  D=1280
=== steps=8000  α=0.02  β=0.01  grl=0.01  ρ=0.001
[dis_data] loaded lexicon: 200,000 entries
[dis_data] loading train-clean-100 …
[dis_data]  251 speakers
[dis_data]  train=28039  val=500  vocab=41  speakers=251
[train] loaded 3 SAE tensors from /rds/user/bbg25/hpc-work/Thesis/Final-Proj/Disentanglement/checkpoints/best.pt  (step=6000  val=0.0049)
[stage 2] frozen=596,973,362  trainable=15,994,655  device=cuda
[stage 2] speakers=251  vocab=41
[stage 2] α=0.02  β=0.01  grl=0.01  ρ=0.001
[stage 2] steps=8000  batch=16
[dis_data] g2p_en loaded for OOV words
  step      1/8000  recon=0.0049  pr=14.4717  sid=5.5312  grl=5.5059  L/P/U=5120/0/0  actL/P/U=256/0/0  H=nan  lr=6.00e-08
  step    100/8000  recon=0.0049  pr=13.6347  sid=5.5254  grl=5.5254  L/P/U=5120/0/0  actL/P/U=256/0/0  H=nan  lr=6.00e-06
  step    200/8000  recon=0.0049  pr=6.7931  sid=5.4629  grl=5.4492  L/P/U=5120/0/0  actL/P/U=256/0/0  H=nan  lr=1.20e-05
  step    300/8000  recon=0.0049  pr=3.5735  sid=5.5098  grl=5.4473  L/P/U=5120/0/0  actL/P/U=256/0/0  H=nan  lr=1.80e-05
  step    400/8000  recon=0.0049  pr=3.1352  sid=5.4785  grl=5.4590  L/P/U=5120/0/0  actL/P/U=256/0/0  H=nan  lr=2.40e-05
Finished : Sun May 31 00:58:20 BST 2026
