=== scaled post-activation, topk=128 (recon hedge) ===  Mon Jun 15 23:39:08 BST 2026
GPU NVIDIA A100-SXM4-80GB
blocks: --fixed_blocks --per_block_topk --K_L 9830 --K_P 3277 --K_U 3277 --topk_L 80 --topk_P 32 --topk_U 16
=== Disentanglement  stage=2
=== device=cuda  bf16=True
=== K=16384  topk=128  D=1280
=== steps=26000  α=0.8  β=0.6  grl=0.7  ρ=0.0
[dis_data] loaded lexicon: 200,000 entries
[dis_data] loading train-clean-360 …
[dis_data]  921 speakers
[dis_data]  train=103014  val=500  test=500  vocab=74  speakers=921
[train] stage2_from_scratch=True — SAE/routing/heads start from initialization
[stage 2] frozen=596,973,362  trainable=75,537,065  device=cuda
[stage 2] speakers=921  vocab=74
[stage 2] α=0.8  β=0.6  grl=0.7  ρ=0.0  grl_p=0.7  hard_gumbel=True  spear_ln=True  dann_full_disc=True
[stage 2] steps=26000  batch=16
[dis_data] g2p_en loaded for OOV words
[stage 2] b_pre ← geometric median of a data sample
[stage 2] AuxK on: aux_k=512  coef=0.03125  dead_thresh=256  renorm_dec=True
[stage 2] z_U adversaries on: grl_u=0.5  grl_p_u=0.5
  step      1/26000  recon=0.3233  pr=17.7025  sid=6.8301  grl=6.8457  grl_p=17.6560  grlU=6.836/17.762  aux=0.0000  dead=0.0%  L/P/U=9830/3277/3277  actL/P/U=80/32/16  H=nan  Hu=nan  spec<.5=nan  marg=nan  lstd=nan  lr=2.00e-07
  step    100/26000  recon=0.3134  pr=17.6009  sid=6.8242  grl=6.8105  grl_p=3.5842  grlU=6.787/3.602  aux=0.0000  dead=0.0%  L/P/U=9830/3277/3277  actL/P/U=80/32/16  H=nan  Hu=nan  spec<.5=nan  marg=nan  lstd=nan  lr=2.00e-05
  step    200/26000  recon=0.3240  pr=14.0847  sid=6.8145  grl=6.8418  grl_p=1.1497  grlU=6.836/1.683  aux=0.0000  dead=0.0%  L/P/U=9830/3277/3277  actL/P/U=80/32/16  H=nan  Hu=nan  spec<.5=nan  marg=nan  lstd=nan  lr=4.00e-05
  step    300/26000  recon=0.3950  pr=10.1426  sid=6.8027  grl=6.6074  grl_p=0.9718  grlU=6.775/2.741  aux=0.0000  dead=0.0%  L/P/U=9830/3277/3277  actL/P/U=80/32/16  H=nan  Hu=nan  spec<.5=nan  marg=nan  lstd=nan  lr=6.00e-05
  step    400/26000  recon=0.4831  pr=5.6286  sid=6.8203  grl=6.2500  grl_p=1.2182  grlU=6.783/3.544  aux=0.0000  dead=0.0%  L/P/U=9830/3277/3277  actL/P/U=80/32/16  H=nan  Hu=nan  spec<.5=nan  marg=nan  lstd=nan  lr=8.00e-05
  [grad_norms @500]
    recon             |g|=0.09197  ratio=1.000x recon
    pr_raw            |g|=2.66987  ratio=29.030x recon
    pr_weighted       |g|=2.13589  ratio=23.224x recon
    sid_raw           |g|=0.42259  ratio=4.595x recon
    sid_weighted      |g|=0.25356  ratio=2.757x recon
    grl               |g|=0.29153  ratio=3.170x recon
    grl_p             |g|=1.00066  ratio=10.880x recon
    route             |g|=0.00000  ratio=0.000x recon
  step    500/26000  recon=0.6035  pr=3.7955  sid=6.7715  grl=4.3540  grl_p=3.0429  grlU=6.707/3.779  aux=0.0000  dead=0.0%  L/P/U=9830/3277/3277  actL/P/U=80/32/16  H=nan  Hu=nan  spec<.5=nan  marg=nan  lstd=nan  lr=1.00e-04
  step    600/26000  recon=0.6320  pr=2.7405  sid=6.7891  grl=5.8281  grl_p=2.4672  grlU=6.859/3.612  aux=0.0000  dead=0.0%  L/P/U=9830/3277/3277  actL/P/U=80/32/16  H=nan  Hu=nan  spec<.5=nan  marg=nan  lstd=nan  lr=1.00e-04
  step    700/26000  recon=0.6294  pr=0.9234  sid=6.6914  grl=6.7305  grl_p=3.0014  grlU=6.789/3.397  aux=0.0000  dead=0.0%  L/P/U=9830/3277/3277  actL/P/U=80/32/16  H=nan  Hu=nan  spec<.5=nan  marg=nan  lstd=nan  lr=1.00e-04
  step    800/26000  recon=0.6016  pr=0.6663  sid=6.6504  grl=6.4355  grl_p=2.8497  grlU=6.750/3.191  aux=0.0000  dead=0.4%  L/P/U=9830/3277/3277  actL/P/U=80/32/16  H=nan  Hu=nan  spec<.5=nan  marg=nan  lstd=nan  lr=1.00e-04
  step    900/26000  recon=0.5855  pr=0.5470  sid=6.6270  grl=6.5723  grl_p=2.8576  grlU=6.756/2.965  aux=0.0000  dead=1.8%  L/P/U=9830/3277/3277  actL/P/U=80/32/16  H=nan  Hu=nan  spec<.5=nan  marg=nan  lstd=nan  lr=9.99e-05
  [grad_norms @1000]
    recon             |g|=0.08922  ratio=1.000x recon
    pr_raw            |g|=1.17259  ratio=13.142x recon
    pr_weighted       |g|=0.93807  ratio=10.514x recon
    sid_raw           |g|=1.71171  ratio=19.184x recon
    sid_weighted      |g|=1.02703  ratio=11.511x recon
    grl               |g|=0.45965  ratio=5.152x recon
    grl_p             |g|=1.17378  ratio=13.155x recon
    route             |g|=0.00000  ratio=0.000x recon
  step   1000/26000  recon=0.5806  pr=0.5729  sid=6.5996  grl=6.1328  grl_p=3.1164  grlU=6.824/3.142  aux=0.0000  dead=1.6%  L/P/U=9830/3277/3277  actL/P/U=80/32/16  H=nan  Hu=nan  spec<.5=nan  marg=nan  lstd=nan  lr=9.99e-05
  [val] step=1000  recon=0.5837  pr=0.5179  PER=0.130  sid_acc=0.064
  ✓ best checkpoint (disent=1.0663  PER=0.130 sid=0.064) → /rds/user/bbg25/hpc-work/Thesis/Final-Proj/Disentanglement/checkpoints/scaled_postact128/stage2_best.pt
  step   1100/26000  recon=0.5738  pr=0.5202  sid=6.5352  grl=6.4844  grl_p=3.1446  grlU=6.789/3.137  aux=0.0000  dead=1.4%  L/P/U=9830/3277/3277  actL/P/U=80/32/16  H=nan  Hu=nan  spec<.5=nan  marg=nan  lstd=nan  lr=9.99e-05
  step   1200/26000  recon=0.5900  pr=0.4455  sid=6.4590  grl=6.3262  grl_p=3.0712  grlU=6.693/3.200  aux=0.0000  dead=1.4%  L/P/U=9830/3277/3277  actL/P/U=80/32/16  H=nan  Hu=nan  spec<.5=nan  marg=nan  lstd=nan  lr=9.98e-05
  step   1300/26000  recon=0.5835  pr=0.3873  sid=6.4492  grl=6.4082  grl_p=3.0895  grlU=6.666/3.052  aux=0.0000  dead=1.3%  L/P/U=9830/3277/3277  actL/P/U=80/32/16  H=nan  Hu=nan  spec<.5=nan  marg=nan  lstd=nan  lr=9.98e-05
  step   1400/26000  recon=0.5995  pr=0.4157  sid=6.3320  grl=6.9746  grl_p=3.1515  grlU=6.750/3.100  aux=0.0000  dead=1.3%  L/P/U=9830/3277/3277  actL/P/U=80/32/16  H=nan  Hu=nan  spec<.5=nan  marg=nan  lstd=nan  lr=9.97e-05
  [grad_norms @1500]
    recon             |g|=0.09458  ratio=1.000x recon
    pr_raw            |g|=0.80019  ratio=8.460x recon
    pr_weighted       |g|=0.64015  ratio=6.768x recon
    sid_raw           |g|=2.18002  ratio=23.049x recon
    sid_weighted      |g|=1.30801  ratio=13.829x recon
    grl               |g|=1.03546  ratio=10.948x recon
    grl_p             |g|=2.28657  ratio=24.175x recon
    route             |g|=0.00000  ratio=0.000x recon
  step   1500/26000  recon=0.6037  pr=0.3561  sid=6.3828  grl=6.2988  grl_p=3.1299  grlU=6.713/3.273  aux=0.0000  dead=1.1%  L/P/U=9830/3277/3277  actL/P/U=80/32/16  H=nan  Hu=nan  spec<.5=nan  marg=nan  lstd=nan  lr=9.96e-05
  step   1600/26000  recon=0.6024  pr=0.3536  sid=6.3613  grl=6.5996  grl_p=3.3538  grlU=6.701/3.439  aux=0.0000  dead=1.2%  L/P/U=9830/3277/3277  actL/P/U=80/32/16  H=nan  Hu=nan  spec<.5=nan  marg=nan  lstd=nan  lr=9.95e-05
  step   1700/26000  recon=0.6284  pr=0.3796  sid=6.3438  grl=6.5938  grl_p=3.3420  grlU=6.771/3.333  aux=0.0000  dead=1.1%  L/P/U=9830/3277/3277  actL/P/U=80/32/16  H=nan  Hu=nan  spec<.5=nan  marg=nan  lstd=nan  lr=9.95e-05
  step   1800/26000  recon=0.6393  pr=0.3742  sid=6.2988  grl=5.9746  grl_p=3.3952  grlU=6.473/3.559  aux=0.0000  dead=1.1%  L/P/U=9830/3277/3277  actL/P/U=80/32/16  H=nan  Hu=nan  spec<.5=nan  marg=nan  lstd=nan  lr=9.94e-05
  step   1900/26000  recon=0.6724  pr=0.3286  sid=6.2617  grl=5.7676  grl_p=3.4373  grlU=6.613/3.505  aux=0.0000  dead=1.1%  L/P/U=9830/3277/3277  actL/P/U=80/32/16  H=nan  Hu=nan  spec<.5=nan  marg=nan  lstd=nan  lr=9.93e-05
  [grad_norms @2000]
    recon             |g|=0.12720  ratio=1.000x recon
    pr_raw            |g|=0.39397  ratio=3.097x recon
    pr_weighted       |g|=0.31518  ratio=2.478x recon
    sid_raw           |g|=3.89645  ratio=30.633x recon
    sid_weighted      |g|=2.33787  ratio=18.380x recon
    grl               |g|=2.05075  ratio=16.123x recon
    grl_p             |g|=2.25730  ratio=17.747x recon
    route             |g|=0.00000  ratio=0.000x recon
  step   2000/26000  recon=0.6934  pr=0.3708  sid=6.3184  grl=5.6289  grl_p=3.4753  grlU=6.498/3.456  aux=0.0000  dead=1.2%  L/P/U=9830/3277/3277  actL/P/U=80/32/16  H=nan  Hu=nan  spec<.5=nan  marg=nan  lstd=nan  lr=9.92e-05
  [val] step=2000  recon=0.6835  pr=0.4077  PER=0.105  sid_acc=0.224
  ✓ best checkpoint (disent=0.8812  PER=0.105 sid=0.224) → /rds/user/bbg25/hpc-work/Thesis/Final-Proj/Disentanglement/checkpoints/scaled_postact128/stage2_best.pt
  step   2100/26000  recon=0.6879  pr=0.4191  sid=6.2734  grl=5.8164  grl_p=3.5205  grlU=6.293/3.515  aux=0.0000  dead=1.2%  L/P/U=9830/3277/3277  actL/P/U=80/32/16  H=nan  Hu=nan  spec<.5=nan  marg=nan  lstd=nan  lr=9.90e-05
  step   2200/26000  recon=0.7468  pr=0.3940  sid=6.2305  grl=6.3105  grl_p=3.5117  grlU=6.522/3.389  aux=0.0000  dead=1.3%  L/P/U=9830/3277/3277  actL/P/U=80/32/16  H=nan  Hu=nan  spec<.5=nan  marg=nan  lstd=nan  lr=9.89e-05
  step   2300/26000  recon=0.7086  pr=0.5334  sid=6.2344  grl=5.2188  grl_p=3.4420  grlU=6.166/3.159  aux=0.0000  dead=1.4%  L/P/U=9830/3277/3277  actL/P/U=80/32/16  H=nan  Hu=nan  spec<.5=nan  marg=nan  lstd=nan  lr=9.88e-05
  step   2400/26000  recon=0.7148  pr=0.5098  sid=6.4941  grl=5.8096  grl_p=2.7739  grlU=6.539/2.555  aux=0.0000  dead=1.7%  L/P/U=9830/3277/3277  actL/P/U=80/32/16  H=nan  Hu=nan  spec<.5=nan  marg=nan  lstd=nan  lr=9.87e-05
  [grad_norms @2500]
    recon             |g|=0.15064  ratio=1.000x recon
    pr_raw            |g|=0.50859  ratio=3.376x recon
    pr_weighted       |g|=0.40687  ratio=2.701x recon
    sid_raw           |g|=3.81968  ratio=25.356x recon
    sid_weighted      |g|=2.29181  ratio=15.214x recon
    grl               |g|=8.30482  ratio=55.130x recon
    grl_p             |g|=5.45058  ratio=36.183x recon
    route             |g|=0.00000  ratio=0.000x recon
  step   2500/26000  recon=0.7108  pr=0.5516  sid=6.4414  grl=6.3489  grl_p=2.7478  grlU=6.536/2.362  aux=0.0000  dead=2.3%  L/P/U=9830/3277/3277  actL/P/U=80/32/16  H=nan  Hu=nan  spec<.5=nan  marg=nan  lstd=nan  lr=9.85e-05
  step   2600/26000  recon=0.7217  pr=0.5475  sid=6.5000  grl=5.3750  grl_p=2.4625  grlU=5.852/2.261  aux=0.0000  dead=3.0%  L/P/U=9830/3277/3277  actL/P/U=80/32/16  H=nan  Hu=nan  spec<.5=nan  marg=nan  lstd=nan  lr=9.84e-05
  step   2700/26000  recon=0.7011  pr=0.6383  sid=6.4980  grl=5.7900  grl_p=2.3560  grlU=6.543/2.348  aux=1.3366  dead=3.5%  L/P/U=9830/3277/3277  actL/P/U=80/32/16  H=nan  Hu=nan  spec<.5=nan  marg=nan  lstd=nan  lr=9.82e-05
  step   2800/26000  recon=0.6928  pr=0.5651  sid=6.5566  grl=5.7637  grl_p=2.3022  grlU=6.354/2.483  aux=1.3312  dead=3.8%  L/P/U=9830/3277/3277  actL/P/U=80/32/16  H=nan  Hu=nan  spec<.5=nan  marg=nan  lstd=nan  lr=9.80e-05
  step   2900/26000  recon=0.6643  pr=0.5835  sid=6.5605  grl=5.9971  grl_p=2.2701  grlU=6.828/2.537  aux=1.3466  dead=4.1%  L/P/U=9830/3277/3277  actL/P/U=80/32/16  H=nan  Hu=nan  spec<.5=nan  marg=nan  lstd=nan  lr=9.79e-05
  [grad_norms @3000]
    recon             |g|=0.17418  ratio=1.000x recon
    pr_raw            |g|=0.76845  ratio=4.412x recon
    pr_weighted       |g|=0.61476  ratio=3.530x recon
    sid_raw           |g|=4.32889  ratio=24.853x recon
    sid_weighted      |g|=2.59734  ratio=14.912x recon
    grl               |g|=5.80124  ratio=33.306x recon
    grl_p             |g|=6.12869  ratio=35.186x recon
    route             |g|=0.00000  ratio=0.000x recon
  step   3000/26000  recon=0.6749  pr=0.5382  sid=6.5645  grl=6.1279  grl_p=2.2665  grlU=6.060/2.281  aux=1.4012  dead=4.5%  L/P/U=9830/3277/3277  actL/P/U=80/32/16  H=nan  Hu=nan  spec<.5=nan  marg=nan  lstd=nan  lr=9.77e-05
  [val] step=3000  recon=0.6783  pr=0.5626  PER=0.159  sid_acc=0.168
  step   3100/26000  recon=0.6806  pr=0.5661  sid=6.5645  grl=5.0684  grl_p=2.2300  grlU=5.052/2.693  aux=1.4591  dead=5.1%  L/P/U=9830/3277/3277  actL/P/U=80/32/16  H=nan  Hu=nan  spec<.5=nan  marg=nan  lstd=nan  lr=9.75e-05
  step   3200/26000  recon=0.6734  pr=0.5960  sid=6.5703  grl=5.3516  grl_p=2.4584  grlU=5.517/2.886  aux=1.5372  dead=6.7%  L/P/U=9830/3277/3277  actL/P/U=80/32/16  H=nan  Hu=nan  spec<.5=nan  marg=nan  lstd=nan  lr=9.73e-05
  step   3300/26000  recon=0.6585  pr=0.6191  sid=6.6133  grl=5.6631  grl_p=2.3142  grlU=5.854/3.042  aux=1.5695  dead=7.9%  L/P/U=9830/3277/3277  actL/P/U=80/32/16  H=nan  Hu=nan  spec<.5=nan  marg=nan  lstd=nan  lr=9.71e-05
  step   3400/26000  recon=0.6619  pr=0.6255  sid=6.5605  grl=5.0674  grl_p=2.1911  grlU=5.568/3.053  aux=1.5286  dead=9.4%  L/P/U=9830/3277/3277  actL/P/U=80/32/16  H=nan  Hu=nan  spec<.5=nan  marg=nan  lstd=nan  lr=9.69e-05
  [grad_norms @3500]
    recon             |g|=0.22645  ratio=1.000x recon
    pr_raw            |g|=2.09708  ratio=9.261x recon
    pr_weighted       |g|=1.67767  ratio=7.409x recon
    sid_raw           |g|=8.39950  ratio=37.092x recon
    sid_weighted      |g|=5.03970  ratio=22.255x recon
    grl               |g|=6.39529  ratio=28.242x recon
    grl_p             |g|=8.36628  ratio=36.945x recon
    route             |g|=0.00000  ratio=0.000x recon
  step   3500/26000  recon=0.6365  pr=0.7214  sid=6.5762  grl=5.1025  grl_p=2.2768  grlU=5.873/3.190  aux=1.5285  dead=11.5%  L/P/U=9830/3277/3277  actL/P/U=80/32/16  H=nan  Hu=nan  spec<.5=nan  marg=nan  lstd=nan  lr=9.67e-05
  step   3600/26000  recon=0.6443  pr=0.6099  sid=6.6230  grl=5.5146  grl_p=2.1209  grlU=5.926/3.244  aux=1.5082  dead=13.8%  L/P/U=9830/3277/3277  actL/P/U=80/32/16  H=nan  Hu=nan  spec<.5=nan  marg=nan  lstd=nan  lr=9.64e-05
  step   3700/26000  recon=0.6439  pr=0.6212  sid=6.6504  grl=5.0947  grl_p=2.0726  grlU=5.795/3.318  aux=1.5125  dead=15.9%  L/P/U=9830/3277/3277  actL/P/U=80/32/16  H=nan  Hu=nan  spec<.5=nan  marg=nan  lstd=nan  lr=9.62e-05
  step   3800/26000  recon=0.6011  pr=0.5934  sid=6.6621  grl=4.7041  grl_p=1.9790  grlU=5.881/3.243  aux=1.5995  dead=17.7%  L/P/U=9830/3277/3277  actL/P/U=80/32/16  H=nan  Hu=nan  spec<.5=nan  marg=nan  lstd=nan  lr=9.60e-05
  step   3900/26000  recon=0.6048  pr=0.6224  sid=6.6992  grl=5.6846  grl_p=1.8990  grlU=6.215/3.338  aux=1.6739  dead=19.5%  L/P/U=9830/3277/3277  actL/P/U=80/32/16  H=nan  Hu=nan  spec<.5=nan  marg=nan  lstd=nan  lr=9.57e-05
  [grad_norms @4000]
    recon             |g|=0.28660  ratio=1.000x recon
    pr_raw            |g|=2.62942  ratio=9.175x recon
    pr_weighted       |g|=2.10354  ratio=7.340x recon
    sid_raw           |g|=7.86868  ratio=27.456x recon
    sid_weighted      |g|=4.72121  ratio=16.473x recon
    grl               |g|=7.29057  ratio=25.439x recon
    grl_p             |g|=11.34561  ratio=39.588x recon
    route             |g|=0.00000  ratio=0.000x recon
  step   4000/26000  recon=0.5889  pr=0.6433  sid=6.4863  grl=4.7451  grl_p=2.0478  grlU=5.853/3.250  aux=1.6689  dead=21.6%  L/P/U=9830/3277/3277  actL/P/U=80/32/16  H=nan  Hu=nan  spec<.5=nan  marg=nan  lstd=nan  lr=9.55e-05
  [val] step=4000  recon=0.6017  pr=0.6302  PER=0.182  sid_acc=0.064
  step   4100/26000  recon=0.5971  pr=0.6000  sid=6.4531  grl=5.3193  grl_p=2.0188  grlU=5.941/3.306  aux=1.6497  dead=23.9%  L/P/U=9830/3277/3277  actL/P/U=80/32/16  H=nan  Hu=nan  spec<.5=nan  marg=nan  lstd=nan  lr=9.52e-05
  step   4200/26000  recon=0.5671  pr=0.6665  sid=6.5547  grl=5.2764  grl_p=2.0104  grlU=5.651/3.418  aux=1.7538  dead=25.7%  L/P/U=9830/3277/3277  actL/P/U=80/32/16  H=nan  Hu=nan  spec<.5=nan  marg=nan  lstd=nan  lr=9.49e-05
  step   4300/26000  recon=0.5652  pr=0.6545  sid=6.5625  grl=5.2681  grl_p=1.8923  grlU=5.906/3.389  aux=1.8765  dead=27.8%  L/P/U=9830/3277/3277  actL/P/U=80/32/16  H=nan  Hu=nan  spec<.5=nan  marg=nan  lstd=nan  lr=9.47e-05
  step   4400/26000  recon=0.5509  pr=0.5692  sid=6.5098  grl=5.1318  grl_p=1.9499  grlU=5.847/3.405  aux=1.7185  dead=30.0%  L/P/U=9830/3277/3277  actL/P/U=80/32/16  H=nan  Hu=nan  spec<.5=nan  marg=nan  lstd=nan  lr=9.44e-05
  [grad_norms @4500]
    recon             |g|=0.26128  ratio=1.000x recon
    pr_raw            |g|=0.71819  ratio=2.749x recon
    pr_weighted       |g|=0.57455  ratio=2.199x recon
    sid_raw           |g|=6.03735  ratio=23.107x recon
    sid_weighted      |g|=3.62241  ratio=13.864x recon
    grl               |g|=12.08733  ratio=46.262x recon
    grl_p             |g|=14.50778  ratio=55.526x recon
    route             |g|=0.00000  ratio=0.000x recon
  step   4500/26000  recon=0.5496  pr=0.5928  sid=6.5332  grl=5.1074  grl_p=1.9895  grlU=5.676/3.442  aux=1.7266  dead=32.2%  L/P/U=9830/3277/3277  actL/P/U=80/32/16  H=nan  Hu=nan  spec<.5=nan  marg=nan  lstd=nan  lr=9.41e-05
  step   4600/26000  recon=0.5489  pr=0.6613  sid=6.5352  grl=4.9932  grl_p=1.8205  grlU=5.757/3.422  aux=1.8113  dead=34.8%  L/P/U=9830/3277/3277  actL/P/U=80/32/16  H=nan  Hu=nan  spec<.5=nan  marg=nan  lstd=nan  lr=9.38e-05
  step   4700/26000  recon=0.5458  pr=0.5969  sid=6.2734  grl=5.6738  grl_p=1.9022  grlU=6.410/3.458  aux=1.8262  dead=37.0%  L/P/U=9830/3277/3277  actL/P/U=80/32/16  H=nan  Hu=nan  spec<.5=nan  marg=nan  lstd=nan  lr=9.35e-05
  step   4800/26000  recon=0.5326  pr=0.6028  sid=6.4316  grl=4.5286  grl_p=1.7690  grlU=5.569/3.414  aux=1.8888  dead=39.5%  L/P/U=9830/3277/3277  actL/P/U=80/32/16  H=nan  Hu=nan  spec<.5=nan  marg=nan  lstd=nan  lr=9.32e-05
  step   4900/26000  recon=0.5370  pr=0.6476  sid=6.4961  grl=5.1738  grl_p=1.8357  grlU=6.007/3.455  aux=1.7816  dead=41.9%  L/P/U=9830/3277/3277  actL/P/U=80/32/16  H=nan  Hu=nan  spec<.5=nan  marg=nan  lstd=nan  lr=9.29e-05
  [grad_norms @5000]
    recon             |g|=0.28616  ratio=1.000x recon
    pr_raw            |g|=2.42689  ratio=8.481x recon
    pr_weighted       |g|=1.94151  ratio=6.785x recon
    sid_raw           |g|=9.31607  ratio=32.555x recon
    sid_weighted      |g|=5.58964  ratio=19.533x recon
    grl               |g|=20.13469  ratio=70.361x recon
    grl_p             |g|=10.96020  ratio=38.301x recon
    route             |g|=0.00000  ratio=0.000x recon
  step   5000/26000  recon=0.5161  pr=0.6100  sid=6.4043  grl=5.5781  grl_p=1.8329  grlU=6.137/3.468  aux=1.9105  dead=43.7%  L/P/U=9830/3277/3277  actL/P/U=80/32/16  H=nan  Hu=nan  spec<.5=nan  marg=nan  lstd=nan  lr=9.26e-05
  [val] step=5000  recon=0.5256  pr=0.6533  PER=0.191  sid_acc=0.058
  step   5100/26000  recon=0.5405  pr=0.6265  sid=6.5137  grl=5.4561  grl_p=1.8823  grlU=6.143/3.434  aux=1.9363  dead=44.9%  L/P/U=9830/3277/3277  actL/P/U=80/32/16  H=nan  Hu=nan  spec<.5=nan  marg=nan  lstd=nan  lr=9.23e-05
  step   5200/26000  recon=0.5141  pr=0.6929  sid=6.4180  grl=5.0566  grl_p=1.9227  grlU=6.138/3.463  aux=2.0159  dead=45.7%  L/P/U=9830/3277/3277  actL/P/U=80/32/16  H=nan  Hu=nan  spec<.5=nan  marg=nan  lstd=nan  lr=9.19e-05
  step   5300/26000  recon=0.4863  pr=0.6466  sid=6.3652  grl=5.7373  grl_p=1.9059  grlU=6.230/3.422  aux=2.1199  dead=46.2%  L/P/U=9830/3277/3277  actL/P/U=80/32/16  H=nan  Hu=nan  spec<.5=nan  marg=nan  lstd=nan  lr=9.16e-05
  step   5400/26000  recon=0.5015  pr=0.6453  sid=6.4570  grl=5.6738  grl_p=1.8235  grlU=5.996/3.467  aux=2.2176  dead=47.0%  L/P/U=9830/3277/3277  actL/P/U=80/32/16  H=nan  Hu=nan  spec<.5=nan  marg=nan  lstd=nan  lr=9.13e-05
  [grad_norms @5500]
    recon             |g|=0.31332  ratio=1.000x recon
    pr_raw            |g|=1.78334  ratio=5.692x recon
    pr_weighted       |g|=1.42667  ratio=4.553x recon
    sid_raw           |g|=5.57248  ratio=17.785x recon
    sid_weighted      |g|=3.34349  ratio=10.671x recon
    grl               |g|=24.28837  ratio=77.520x recon
    grl_p             |g|=20.76166  ratio=66.264x recon
    route             |g|=0.00000  ratio=0.000x recon
  step   5500/26000  recon=0.4960  pr=0.5985  sid=6.3281  grl=5.7402  grl_p=1.7850  grlU=6.619/3.450  aux=2.2102  dead=47.7%  L/P/U=9830/3277/3277  actL/P/U=80/32/16  H=nan  Hu=nan  spec<.5=nan  marg=nan  lstd=nan  lr=9.09e-05
  step   5600/26000  recon=0.4922  pr=0.6811  sid=6.0977  grl=5.9375  grl_p=1.7643  grlU=6.410/3.445  aux=2.2726  dead=48.4%  L/P/U=9830/3277/3277  actL/P/U=80/32/16  H=nan  Hu=nan  spec<.5=nan  marg=nan  lstd=nan  lr=9.05e-05
  step   5700/26000  recon=0.4888  pr=0.6530  sid=6.5195  grl=6.0781  grl_p=1.6533  grlU=6.457/3.421  aux=2.2126  dead=49.2%  L/P/U=9830/3277/3277  actL/P/U=80/32/16  H=nan  Hu=nan  spec<.5=nan  marg=nan  lstd=nan  lr=9.02e-05
  step   5800/26000  recon=0.4923  pr=0.5888  sid=6.5254  grl=6.1777  grl_p=1.5486  grlU=6.281/3.435  aux=2.2509  dead=50.0%  L/P/U=9830/3277/3277  actL/P/U=80/32/16  H=nan  Hu=nan  spec<.5=nan  marg=nan  lstd=nan  lr=8.98e-05
  step   5900/26000  recon=0.4959  pr=0.6640  sid=6.4434  grl=5.4995  grl_p=1.5570  grlU=6.312/3.537  aux=2.3039  dead=50.7%  L/P/U=9830/3277/3277  actL/P/U=80/32/16  H=nan  Hu=nan  spec<.5=nan  marg=nan  lstd=nan  lr=8.94e-05
  [grad_norms @6000]
    recon             |g|=0.42094  ratio=1.000x recon
    pr_raw            |g|=1.22756  ratio=2.916x recon
    pr_weighted       |g|=0.98205  ratio=2.333x recon
    sid_raw           |g|=6.16259  ratio=14.640x recon
    sid_weighted      |g|=3.69755  ratio=8.784x recon
    grl               |g|=22.45155  ratio=53.337x recon
    grl_p             |g|=17.15084  ratio=40.744x recon
    route             |g|=0.00000  ratio=0.000x recon
  step   6000/26000  recon=0.5312  pr=0.6563  sid=6.4199  grl=5.6528  grl_p=1.6012  grlU=6.311/3.446  aux=2.1977  dead=51.3%  L/P/U=9830/3277/3277  actL/P/U=80/32/16  H=nan  Hu=nan  spec<.5=nan  marg=nan  lstd=nan  lr=8.91e-05
  [val] step=6000  recon=0.4958  pr=0.6334  PER=0.182  sid_acc=0.028
  step   6100/26000  recon=0.5113  pr=0.5448  sid=6.4082  grl=5.6768  grl_p=1.4138  grlU=6.510/3.444  aux=2.2748  dead=52.0%  L/P/U=9830/3277/3277  actL/P/U=80/32/16  H=nan  Hu=nan  spec<.5=nan  marg=nan  lstd=nan  lr=8.87e-05
  step   6200/26000  recon=0.4933  pr=0.7047  sid=6.2891  grl=5.8379  grl_p=1.6113  grlU=6.146/3.466  aux=2.4136  dead=52.6%  L/P/U=9830/3277/3277  actL/P/U=80/32/16  H=nan  Hu=nan  spec<.5=nan  marg=nan  lstd=nan  lr=8.83e-05
  step   6300/26000  recon=0.4897  pr=0.6879  sid=6.4355  grl=5.0347  grl_p=1.4935  grlU=5.802/3.464  aux=2.5519  dead=53.0%  L/P/U=9830/3277/3277  actL/P/U=80/32/16  H=nan  Hu=nan  spec<.5=nan  marg=nan  lstd=nan  lr=8.79e-05
  step   6400/26000  recon=0.5039  pr=0.6720  sid=6.2246  grl=5.8799  grl_p=1.4185  grlU=6.469/3.458  aux=2.6955  dead=53.2%  L/P/U=9830/3277/3277  actL/P/U=80/32/16  H=nan  Hu=nan  spec<.5=nan  marg=nan  lstd=nan  lr=8.75e-05
  [grad_norms @6500]
    recon             |g|=0.37885  ratio=1.000x recon
    pr_raw            |g|=2.34903  ratio=6.201x recon
    pr_weighted       |g|=1.87923  ratio=4.960x recon
    sid_raw           |g|=8.53782  ratio=22.536x recon
    sid_weighted      |g|=5.12269  ratio=13.522x recon
    grl               |g|=51.49495  ratio=135.926x recon
    grl_p             |g|=12.16378  ratio=32.108x recon
    route             |g|=0.00000  ratio=0.000x recon
  step   6500/26000  recon=0.5142  pr=0.6657  sid=6.2109  grl=5.3516  grl_p=1.5032  grlU=6.502/3.484  aux=2.7530  dead=53.3%  L/P/U=9830/3277/3277  actL/P/U=80/32/16  H=nan  Hu=nan  spec<.5=nan  marg=nan  lstd=nan  lr=8.71e-05
  step   6600/26000  recon=0.4748  pr=0.7295  sid=5.9785  grl=5.4482  grl_p=1.4192  grlU=6.514/3.461  aux=3.0884  dead=53.7%  L/P/U=9830/3277/3277  actL/P/U=80/32/16  H=nan  Hu=nan  spec<.5=nan  marg=nan  lstd=nan  lr=8.67e-05
  step   6700/26000  recon=0.4743  pr=0.8027  sid=6.1367  grl=5.5679  grl_p=1.4357  grlU=6.281/3.470  aux=3.2249  dead=54.2%  L/P/U=9830/3277/3277  actL/P/U=80/32/16  H=nan  Hu=nan  spec<.5=nan  marg=nan  lstd=nan  lr=8.62e-05
  step   6800/26000  recon=0.4547  pr=0.9069  sid=6.4590  grl=4.3550  grl_p=1.4215  grlU=6.172/3.457  aux=3.6074  dead=54.0%  L/P/U=9830/3277/3277  actL/P/U=80/32/16  H=nan  Hu=nan  spec<.5=nan  marg=nan  lstd=nan  lr=8.58e-05
  step   6900/26000  recon=0.4528  pr=0.8958  sid=6.0957  grl=4.8916  grl_p=1.4208  grlU=6.072/3.464  aux=3.7135  dead=54.0%  L/P/U=9830/3277/3277  actL/P/U=80/32/16  H=nan  Hu=nan  spec<.5=nan  marg=nan  lstd=nan  lr=8.54e-05
  [grad_norms @7000]
    recon             |g|=0.44441  ratio=1.000x recon
    pr_raw            |g|=2.02480  ratio=4.556x recon
    pr_weighted       |g|=1.61984  ratio=3.645x recon
    sid_raw           |g|=5.80423  ratio=13.061x recon
    sid_weighted      |g|=3.48254  ratio=7.836x recon
    grl               |g|=37.27099  ratio=83.866x recon
    grl_p             |g|=27.31437  ratio=61.462x recon
    route             |g|=0.00000  ratio=0.000x recon
  step   7000/26000  recon=0.4601  pr=0.9289  sid=6.4844  grl=4.6348  grl_p=1.3860  grlU=6.363/3.471  aux=3.5609  dead=54.7%  L/P/U=9830/3277/3277  actL/P/U=80/32/16  H=nan  Hu=nan  spec<.5=nan  marg=nan  lstd=nan  lr=8.50e-05
  [val] step=7000  recon=0.4449  pr=0.9319  PER=0.325  sid_acc=0.040
  step   7100/26000  recon=0.4285  pr=1.0237  sid=6.1016  grl=4.3384  grl_p=1.4622  grlU=6.561/3.468  aux=4.0670  dead=55.2%  L/P/U=9830/3277/3277  actL/P/U=80/32/16  H=nan  Hu=nan  spec<.5=nan  marg=nan  lstd=nan  lr=8.45e-05
  step   7200/26000  recon=0.4261  pr=0.9389  sid=6.0527  grl=4.9099  grl_p=1.3112  grlU=6.482/3.441  aux=4.0812  dead=56.4%  L/P/U=9830/3277/3277  actL/P/U=80/32/16  H=nan  Hu=nan  spec<.5=nan  marg=nan  lstd=nan  lr=8.41e-05
  step   7300/26000  recon=0.4259  pr=0.9150  sid=6.0996  grl=4.6328  grl_p=1.4396  grlU=6.170/3.468  aux=3.9068  dead=57.4%  L/P/U=9830/3277/3277  actL/P/U=80/32/16  H=nan  Hu=nan  spec<.5=nan  marg=nan  lstd=nan  lr=8.36e-05
  step   7400/26000  recon=0.4168  pr=0.9512  sid=5.8496  grl=4.1741  grl_p=1.4241  grlU=6.125/3.495  aux=4.0752  dead=58.0%  L/P/U=9830/3277/3277  actL/P/U=80/32/16  H=nan  Hu=nan  spec<.5=nan  marg=nan  lstd=nan  lr=8.32e-05
  [grad_norms @7500]
    recon             |g|=0.38541  ratio=1.000x recon
    pr_raw            |g|=6.13771  ratio=15.925x recon
    pr_weighted       |g|=4.91017  ratio=12.740x recon
    sid_raw           |g|=6.70811  ratio=17.405x recon
    sid_weighted      |g|=4.02486  ratio=10.443x recon
    grl               |g|=37.11837  ratio=96.310x recon
    grl_p             |g|=21.69806  ratio=56.299x recon
    route             |g|=0.00000  ratio=0.000x recon
  step   7500/26000  recon=0.4131  pr=0.9127  sid=5.9951  grl=4.7798  grl_p=1.4239  grlU=6.229/3.449  aux=3.9095  dead=58.4%  L/P/U=9830/3277/3277  actL/P/U=80/32/16  H=nan  Hu=nan  spec<.5=nan  marg=nan  lstd=nan  lr=8.27e-05
  step   7600/26000  recon=0.4127  pr=0.7616  sid=6.0664  grl=3.6702  grl_p=1.3558  grlU=6.414/3.436  aux=3.8528  dead=58.4%  L/P/U=9830/3277/3277  actL/P/U=80/32/16  H=nan  Hu=nan  spec<.5=nan  marg=nan  lstd=nan  lr=8.22e-05
  step   7700/26000  recon=0.4103  pr=0.8633  sid=5.9961  grl=5.1685  grl_p=1.5146  grlU=6.623/3.494  aux=3.7912  dead=58.5%  L/P/U=9830/3277/3277  actL/P/U=80/32/16  H=nan  Hu=nan  spec<.5=nan  marg=nan  lstd=nan  lr=8.18e-05
  step   7800/26000  recon=0.3869  pr=0.7377  sid=6.0703  grl=4.3857  grl_p=1.4049  grlU=6.240/3.444  aux=4.2589  dead=58.7%  L/P/U=9830/3277/3277  actL/P/U=80/32/16  H=nan  Hu=nan  spec<.5=nan  marg=nan  lstd=nan  lr=8.13e-05
  step   7900/26000  recon=0.4082  pr=0.7170  sid=5.9023  grl=4.5527  grl_p=1.4352  grlU=6.264/3.450  aux=4.0775  dead=59.1%  L/P/U=9830/3277/3277  actL/P/U=80/32/16  H=nan  Hu=nan  spec<.5=nan  marg=nan  lstd=nan  lr=8.08e-05
  [grad_norms @8000]
    recon             |g|=0.47844  ratio=1.000x recon
    pr_raw            |g|=1.33843  ratio=2.797x recon
    pr_weighted       |g|=1.07074  ratio=2.238x recon
    sid_raw           |g|=6.85236  ratio=14.322x recon
    sid_weighted      |g|=4.11142  ratio=8.593x recon
    grl               |g|=45.27106  ratio=94.622x recon
    grl_p             |g|=17.37628  ratio=36.319x recon
    route             |g|=0.00000  ratio=0.000x recon
  step   8000/26000  recon=0.3875  pr=0.8591  sid=6.0547  grl=4.8018  grl_p=1.5322  grlU=6.480/3.463  aux=4.5095  dead=59.6%  L/P/U=9830/3277/3277  actL/P/U=80/32/16  H=nan  Hu=nan  spec<.5=nan  marg=nan  lstd=nan  lr=8.03e-05
  [val] step=8000  recon=0.3961  pr=0.7899  PER=0.248  sid_acc=0.070
  step   8100/26000  recon=0.4004  pr=0.7712  sid=5.9395  grl=4.1760  grl_p=1.4718  grlU=6.410/3.467  aux=4.0484  dead=60.2%  L/P/U=9830/3277/3277  actL/P/U=80/32/16  H=nan  Hu=nan  spec<.5=nan  marg=nan  lstd=nan  lr=7.98e-05
  step   8200/26000  recon=0.4020  pr=0.7070  sid=5.9043  grl=5.6016  grl_p=1.3780  grlU=6.787/3.399  aux=4.1803  dead=60.5%  L/P/U=9830/3277/3277  actL/P/U=80/32/16  H=nan  Hu=nan  spec<.5=nan  marg=nan  lstd=nan  lr=7.93e-05
  step   8300/26000  recon=0.4006  pr=0.7279  sid=6.0918  grl=4.5493  grl_p=1.3364  grlU=6.201/3.443  aux=4.2168  dead=60.6%  L/P/U=9830/3277/3277  actL/P/U=80/32/16  H=nan  Hu=nan  spec<.5=nan  marg=nan  lstd=nan  lr=7.89e-05
  step   8400/26000  recon=0.3943  pr=0.7157  sid=5.8066  grl=4.9111  grl_p=1.1816  grlU=6.582/3.429  aux=4.4111  dead=61.1%  L/P/U=9830/3277/3277  actL/P/U=80/32/16  H=nan  Hu=nan  spec<.5=nan  marg=nan  lstd=nan  lr=7.83e-05
  [grad_norms @8500]
    recon             |g|=0.42703  ratio=1.000x recon
    pr_raw            |g|=4.92315  ratio=11.529x recon
    pr_weighted       |g|=3.93852  ratio=9.223x recon
    sid_raw           |g|=5.64449  ratio=13.218x recon
    sid_weighted      |g|=3.38670  ratio=7.931x recon
    grl               |g|=25.67180  ratio=60.117x recon
    grl_p             |g|=26.62508  ratio=62.349x recon
    route             |g|=0.00000  ratio=0.000x recon
  step   8500/26000  recon=0.4052  pr=0.6908  sid=5.9316  grl=5.0391  grl_p=1.2266  grlU=6.438/3.470  aux=4.2041  dead=61.7%  L/P/U=9830/3277/3277  actL/P/U=80/32/16  H=nan  Hu=nan  spec<.5=nan  marg=nan  lstd=nan  lr=7.78e-05
  step   8600/26000  recon=0.4019  pr=0.7287  sid=6.1055  grl=5.1426  grl_p=1.1790  grlU=6.369/3.467  aux=4.4177  dead=61.8%  L/P/U=9830/3277/3277  actL/P/U=80/32/16  H=nan  Hu=nan  spec<.5=nan  marg=nan  lstd=nan  lr=7.73e-05
  step   8700/26000  recon=0.4048  pr=0.6637  sid=5.7871  grl=5.2285  grl_p=1.1268  grlU=6.211/3.414  aux=4.5679  dead=62.4%  L/P/U=9830/3277/3277  actL/P/U=80/32/16  H=nan  Hu=nan  spec<.5=nan  marg=nan  lstd=nan  lr=7.68e-05
  step   8800/26000  recon=0.4043  pr=0.7662  sid=5.7871  grl=5.2698  grl_p=1.2954  grlU=6.158/3.486  aux=4.6681  dead=63.0%  L/P/U=9830/3277/3277  actL/P/U=80/32/16  H=nan  Hu=nan  spec<.5=nan  marg=nan  lstd=nan  lr=7.63e-05
  step   8900/26000  recon=0.3784  pr=0.6880  sid=5.6992  grl=6.3145  grl_p=1.2878  grlU=6.939/3.458  aux=5.0401  dead=63.6%  L/P/U=9830/3277/3277  actL/P/U=80/32/16  H=nan  Hu=nan  spec<.5=nan  marg=nan  lstd=nan  lr=7.58e-05
  [grad_norms @9000]
    recon             |g|=0.43351  ratio=1.000x recon
    pr_raw            |g|=1.54323  ratio=3.560x recon
    pr_weighted       |g|=1.23459  ratio=2.848x recon
    sid_raw           |g|=6.95633  ratio=16.047x recon
    sid_weighted      |g|=4.17380  ratio=9.628x recon
    grl               |g|=47.25700  ratio=109.010x recon
    grl_p             |g|=15.61994  ratio=36.031x recon
    route             |g|=0.00000  ratio=0.000x recon
  step   9000/26000  recon=0.3888  pr=0.6061  sid=5.7266  grl=5.1309  grl_p=1.1888  grlU=6.584/3.429  aux=4.5570  dead=64.0%  L/P/U=9830/3277/3277  actL/P/U=80/32/16  H=nan  Hu=nan  spec<.5=nan  marg=nan  lstd=nan  lr=7.52e-05
  [val] step=9000  recon=0.3932  pr=0.7087  PER=0.207  sid_acc=0.086
  step   9100/26000  recon=0.3884  pr=0.6517  sid=5.9062  grl=5.9355  grl_p=1.2021  grlU=6.433/3.404  aux=4.7851  dead=64.4%  L/P/U=9830/3277/3277  actL/P/U=80/32/16  H=nan  Hu=nan  spec<.5=nan  marg=nan  lstd=nan  lr=7.47e-05
  step   9200/26000  recon=0.3891  pr=0.6829  sid=5.6904  grl=5.5000  grl_p=1.2386  grlU=6.518/3.457  aux=4.9376  dead=64.6%  L/P/U=9830/3277/3277  actL/P/U=80/32/16  H=nan  Hu=nan  spec<.5=nan  marg=nan  lstd=nan  lr=7.42e-05
  step   9300/26000  recon=0.4094  pr=0.6719  sid=5.6641  grl=6.3223  grl_p=1.2451  grlU=6.486/3.399  aux=4.8584  dead=64.3%  L/P/U=9830/3277/3277  actL/P/U=80/32/16  H=nan  Hu=nan  spec<.5=nan  marg=nan  lstd=nan  lr=7.36e-05
  step   9400/26000  recon=0.3892  pr=0.6699  sid=5.7129  grl=5.6924  grl_p=1.2525  grlU=6.578/3.393  aux=5.0124  dead=63.6%  L/P/U=9830/3277/3277  actL/P/U=80/32/16  H=nan  Hu=nan  spec<.5=nan  marg=nan  lstd=nan  lr=7.31e-05
  [grad_norms @9500]
    recon             |g|=0.48657  ratio=1.000x recon
    pr_raw            |g|=2.29228  ratio=4.711x recon
    pr_weighted       |g|=1.83382  ratio=3.769x recon
    sid_raw           |g|=8.28861  ratio=17.035x recon
    sid_weighted      |g|=4.97317  ratio=10.221x recon
    grl               |g|=26.69363  ratio=54.861x recon
    grl_p             |g|=14.34828  ratio=29.489x recon
    route             |g|=0.00000  ratio=0.000x recon
  step   9500/26000  recon=0.3995  pr=0.6957  sid=5.6543  grl=5.3296  grl_p=1.1941  grlU=6.409/3.479  aux=5.2022  dead=63.5%  L/P/U=9830/3277/3277  actL/P/U=80/32/16  H=nan  Hu=nan  spec<.5=nan  marg=nan  lstd=nan  lr=7.26e-05
  step   9600/26000  recon=0.3993  pr=0.6261  sid=5.7480  grl=5.2773  grl_p=1.1419  grlU=6.133/3.457  aux=5.1287  dead=63.5%  L/P/U=9830/3277/3277  actL/P/U=80/32/16  H=nan  Hu=nan  spec<.5=nan  marg=nan  lstd=nan  lr=7.20e-05
  step   9700/26000  recon=0.3929  pr=0.7018  sid=5.5586  grl=5.9316  grl_p=1.2951  grlU=6.631/3.566  aux=5.3250  dead=63.1%  L/P/U=9830/3277/3277  actL/P/U=80/32/16  H=nan  Hu=nan  spec<.5=nan  marg=nan  lstd=nan  lr=7.15e-05
  step   9800/26000  recon=0.4115  pr=0.5858  sid=5.5010  grl=5.2195  grl_p=1.1199  grlU=6.123/3.465  aux=5.0302  dead=63.0%  L/P/U=9830/3277/3277  actL/P/U=80/32/16  H=nan  Hu=nan  spec<.5=nan  marg=nan  lstd=nan  lr=7.09e-05
  step   9900/26000  recon=0.3967  pr=0.6083  sid=5.5312  grl=4.7393  grl_p=1.1670  grlU=6.328/3.450  aux=5.5037  dead=62.7%  L/P/U=9830/3277/3277  actL/P/U=80/32/16  H=nan  Hu=nan  spec<.5=nan  marg=nan  lstd=nan  lr=7.04e-05
  [grad_norms @10000]
    recon             |g|=0.47956  ratio=1.000x recon
    pr_raw            |g|=3.43318  ratio=7.159x recon
    pr_weighted       |g|=2.74654  ratio=5.727x recon
    sid_raw           |g|=9.16393  ratio=19.109x recon
    sid_weighted      |g|=5.49836  ratio=11.465x recon
    grl               |g|=43.62523  ratio=90.970x recon
    grl_p             |g|=28.06288  ratio=58.518x recon
    route             |g|=0.00000  ratio=0.000x recon
  step  10000/26000  recon=0.4027  pr=0.6779  sid=5.7090  grl=6.0020  grl_p=1.1764  grlU=6.701/3.479  aux=5.6046  dead=62.5%  L/P/U=9830/3277/3277  actL/P/U=80/32/16  H=nan  Hu=nan  spec<.5=nan  marg=nan  lstd=nan  lr=6.98e-05
  [val] step=10000  recon=0.4008  pr=0.6513  PER=0.179  sid_acc=0.092
  step  10100/26000  recon=0.4046  pr=0.6059  sid=5.4424  grl=5.7412  grl_p=1.1469  grlU=6.539/3.443  aux=5.5083  dead=62.3%  L/P/U=9830/3277/3277  actL/P/U=80/32/16  H=nan  Hu=nan  spec<.5=nan  marg=nan  lstd=nan  lr=6.92e-05
  step  10200/26000  recon=0.4035  pr=0.7636  sid=5.7129  grl=5.7412  grl_p=1.2736  grlU=6.525/3.597  aux=5.7649  dead=62.2%  L/P/U=9830/3277/3277  actL/P/U=80/32/16  H=nan  Hu=nan  spec<.5=nan  marg=nan  lstd=nan  lr=6.87e-05
  step  10300/26000  recon=0.4127  pr=0.7004  sid=5.0137  grl=5.2139  grl_p=1.2642  grlU=5.949/3.408  aux=5.4895  dead=62.2%  L/P/U=9830/3277/3277  actL/P/U=80/32/16  H=nan  Hu=nan  spec<.5=nan  marg=nan  lstd=nan  lr=6.81e-05
  step  10400/26000  recon=0.4044  pr=0.6372  sid=5.7949  grl=5.4961  grl_p=1.2060  grlU=6.529/3.440  aux=5.4409  dead=62.1%  L/P/U=9830/3277/3277  actL/P/U=80/32/16  H=nan  Hu=nan  spec<.5=nan  marg=nan  lstd=nan  lr=6.75e-05
  [grad_norms @10500]
    recon             |g|=0.57935  ratio=1.000x recon
    pr_raw            |g|=1.53922  ratio=2.657x recon
    pr_weighted       |g|=1.23138  ratio=2.125x recon
    sid_raw           |g|=7.16290  ratio=12.364x recon
    sid_weighted      |g|=4.29774  ratio=7.418x recon
    grl               |g|=25.29326  ratio=43.658x recon
    grl_p             |g|=21.18746  ratio=36.571x recon
    route             |g|=0.00000  ratio=0.000x recon
  step  10500/26000  recon=0.4075  pr=0.6018  sid=5.4238  grl=5.7695  grl_p=1.1044  grlU=6.393/3.420  aux=5.7581  dead=61.9%  L/P/U=9830/3277/3277  actL/P/U=80/32/16  H=nan  Hu=nan  spec<.5=nan  marg=nan  lstd=nan  lr=6.70e-05
  step  10600/26000  recon=0.4164  pr=0.5735  sid=5.6016  grl=5.6218  grl_p=1.1552  grlU=6.748/3.410  aux=5.5664  dead=61.8%  L/P/U=9830/3277/3277  actL/P/U=80/32/16  H=nan  Hu=nan  spec<.5=nan  marg=nan  lstd=nan  lr=6.64e-05
  step  10700/26000  recon=0.4197  pr=0.5856  sid=5.2383  grl=5.1724  grl_p=1.0959  grlU=6.346/3.447  aux=6.0306  dead=61.6%  L/P/U=9830/3277/3277  actL/P/U=80/32/16  H=nan  Hu=nan  spec<.5=nan  marg=nan  lstd=nan  lr=6.58e-05
  step  10800/26000  recon=0.4113  pr=0.6784  sid=5.6875  grl=5.7549  grl_p=1.1803  grlU=6.547/3.456  aux=6.0564  dead=61.5%  L/P/U=9830/3277/3277  actL/P/U=80/32/16  H=nan  Hu=nan  spec<.5=nan  marg=nan  lstd=nan  lr=6.52e-05
  step  10900/26000  recon=0.4297  pr=0.6341  sid=5.5537  grl=5.8896  grl_p=1.1755  grlU=6.230/3.437  aux=6.0876  dead=61.4%  L/P/U=9830/3277/3277  actL/P/U=80/32/16  H=nan  Hu=nan  spec<.5=nan  marg=nan  lstd=nan  lr=6.46e-05
  [grad_norms @11000]
    recon             |g|=0.53647  ratio=1.000x recon
    pr_raw            |g|=3.53283  ratio=6.585x recon
    pr_weighted       |g|=2.82626  ratio=5.268x recon
    sid_raw           |g|=7.08945  ratio=13.215x recon
    sid_weighted      |g|=4.25367  ratio=7.929x recon
    grl               |g|=31.04340  ratio=57.866x recon
    grl_p             |g|=14.88075  ratio=27.738x recon
    route             |g|=0.00000  ratio=0.000x recon
  step  11000/26000  recon=0.4153  pr=0.6659  sid=5.4375  grl=5.8398  grl_p=1.1777  grlU=6.588/3.412  aux=6.0468  dead=61.4%  L/P/U=9830/3277/3277  actL/P/U=80/32/16  H=nan  Hu=nan  spec<.5=nan  marg=nan  lstd=nan  lr=6.40e-05
  [val] step=11000  recon=0.4205  pr=0.6349  PER=0.180  sid_acc=0.130
  step  11100/26000  recon=0.4094  pr=0.5931  sid=5.6758  grl=5.7100  grl_p=1.1210  grlU=6.611/3.410  aux=6.2049  dead=61.3%  L/P/U=9830/3277/3277  actL/P/U=80/32/16  H=nan  Hu=nan  spec<.5=nan  marg=nan  lstd=nan  lr=6.35e-05
  step  11200/26000  recon=0.4346  pr=0.6078  sid=5.6055  grl=6.1797  grl_p=1.0586  grlU=6.566/3.433  aux=6.1046  dead=61.4%  L/P/U=9830/3277/3277  actL/P/U=80/32/16  H=nan  Hu=nan  spec<.5=nan  marg=nan  lstd=nan  lr=6.29e-05
  step  11300/26000  recon=0.4181  pr=0.5618  sid=5.5059  grl=5.5088  grl_p=1.0599  grlU=6.506/3.456  aux=6.4568  dead=61.1%  L/P/U=9830/3277/3277  actL/P/U=80/32/16  H=nan  Hu=nan  spec<.5=nan  marg=nan  lstd=nan  lr=6.23e-05
  step  11400/26000  recon=0.4285  pr=0.5876  sid=5.4062  grl=5.4180  grl_p=1.0463  grlU=6.229/3.441  aux=6.6259  dead=61.3%  L/P/U=9830/3277/3277  actL/P/U=80/32/16  H=nan  Hu=nan  spec<.5=nan  marg=nan  lstd=nan  lr=6.17e-05
  [grad_norms @11500]
    recon             |g|=0.59151  ratio=1.000x recon
    pr_raw            |g|=6.65056  ratio=11.243x recon
    pr_weighted       |g|=5.32045  ratio=8.995x recon
    sid_raw           |g|=13.98836  ratio=23.648x recon
    sid_weighted      |g|=8.39302  ratio=14.189x recon
    grl               |g|=30.69679  ratio=51.895x recon
    grl_p             |g|=20.43270  ratio=34.543x recon
    route             |g|=0.00000  ratio=0.000x recon
  step  11500/26000  recon=0.4408  pr=0.6627  sid=5.2676  grl=5.3809  grl_p=1.1670  grlU=6.475/3.479  aux=6.5426  dead=61.8%  L/P/U=9830/3277/3277  actL/P/U=80/32/16  H=nan  Hu=nan  spec<.5=nan  marg=nan  lstd=nan  lr=6.11e-05
  step  11600/26000  recon=0.4321  pr=0.5999  sid=5.6953  grl=5.6904  grl_p=1.0660  grlU=6.734/3.442  aux=6.6472  dead=62.2%  L/P/U=9830/3277/3277  actL/P/U=80/32/16  H=nan  Hu=nan  spec<.5=nan  marg=nan  lstd=nan  lr=6.05e-05
  step  11700/26000  recon=0.4381  pr=0.6377  sid=5.4121  grl=5.8994  grl_p=1.0963  grlU=6.318/3.437  aux=6.5420  dead=62.5%  L/P/U=9830/3277/3277  actL/P/U=80/32/16  H=nan  Hu=nan  spec<.5=nan  marg=nan  lstd=nan  lr=5.99e-05
  step  11800/26000  recon=0.4450  pr=0.6098  sid=5.4785  grl=5.2129  grl_p=1.0792  grlU=6.508/3.452  aux=6.8032  dead=62.8%  L/P/U=9830/3277/3277  actL/P/U=80/32/16  H=nan  Hu=nan  spec<.5=nan  marg=nan  lstd=nan  lr=5.93e-05
  step  11900/26000  recon=0.4516  pr=0.6517  sid=5.2090  grl=6.0479  grl_p=1.1300  grlU=6.492/3.439  aux=6.7189  dead=62.7%  L/P/U=9830/3277/3277  actL/P/U=80/32/16  H=nan  Hu=nan  spec<.5=nan  marg=nan  lstd=nan  lr=5.87e-05
  [grad_norms @12000]
    recon             |g|=0.55807  ratio=1.000x recon
    pr_raw            |g|=6.91824  ratio=12.397x recon
    pr_weighted       |g|=5.53459  ratio=9.917x recon
    sid_raw           |g|=5.33374  ratio=9.557x recon
    sid_weighted      |g|=3.20024  ratio=5.734x recon
    grl               |g|=36.73752  ratio=65.830x recon
    grl_p             |g|=31.63911  ratio=56.694x recon
    route             |g|=0.00000  ratio=0.000x recon
  step  12000/26000  recon=0.4585  pr=0.6621  sid=5.3633  grl=5.0947  grl_p=1.0663  grlU=6.324/3.450  aux=6.6866  dead=62.9%  L/P/U=9830/3277/3277  actL/P/U=80/32/16  H=nan  Hu=nan  spec<.5=nan  marg=nan  lstd=nan  lr=5.81e-05
  [val] step=12000  recon=0.4544  pr=0.6249  PER=0.172  sid_acc=0.172
  step  12100/26000  recon=0.4526  pr=0.6110  sid=5.4609  grl=5.9248  grl_p=1.1175  grlU=6.186/3.439  aux=6.7932  dead=62.9%  L/P/U=9830/3277/3277  actL/P/U=80/32/16  H=nan  Hu=nan  spec<.5=nan  marg=nan  lstd=nan  lr=5.75e-05
  step  12200/26000  recon=0.4663  pr=0.5957  sid=5.2754  grl=4.9937  grl_p=1.0590  grlU=6.340/3.518  aux=6.7216  dead=63.2%  L/P/U=9830/3277/3277  actL/P/U=80/32/16  H=nan  Hu=nan  spec<.5=nan  marg=nan  lstd=nan  lr=5.69e-05
  step  12300/26000  recon=0.4800  pr=0.7176  sid=5.2266  grl=5.3877  grl_p=1.1756  grlU=6.527/3.445  aux=6.4601  dead=63.3%  L/P/U=9830/3277/3277  actL/P/U=80/32/16  H=nan  Hu=nan  spec<.5=nan  marg=nan  lstd=nan  lr=5.63e-05
  step  12400/26000  recon=0.4601  pr=0.5955  sid=5.3594  grl=5.5312  grl_p=1.0249  grlU=6.832/3.441  aux=6.8663  dead=63.2%  L/P/U=9830/3277/3277  actL/P/U=80/32/16  H=nan  Hu=nan  spec<.5=nan  marg=nan  lstd=nan  lr=5.57e-05
  [grad_norms @12500]
    recon             |g|=0.61631  ratio=1.000x recon
    pr_raw            |g|=2.07647  ratio=3.369x recon
    pr_weighted       |g|=1.66118  ratio=2.695x recon
    sid_raw           |g|=6.10332  ratio=9.903x recon
    sid_weighted      |g|=3.66199  ratio=5.942x recon
    grl               |g|=49.45793  ratio=80.248x recon
    grl_p             |g|=28.32639  ratio=45.961x recon
    route             |g|=0.00000  ratio=0.000x recon
  step  12500/26000  recon=0.4701  pr=0.6146  sid=5.0938  grl=4.3723  grl_p=1.0755  grlU=6.268/3.471  aux=6.7940  dead=63.1%  L/P/U=9830/3277/3277  actL/P/U=80/32/16  H=nan  Hu=nan  spec<.5=nan  marg=nan  lstd=nan  lr=5.51e-05
  step  12600/26000  recon=0.4557  pr=0.5543  sid=5.1914  grl=5.0579  grl_p=1.0029  grlU=5.947/3.460  aux=7.0746  dead=63.2%  L/P/U=9830/3277/3277  actL/P/U=80/32/16  H=nan  Hu=nan  spec<.5=nan  marg=nan  lstd=nan  lr=5.45e-05
  step  12700/26000  recon=0.4628  pr=0.6863  sid=5.1504  grl=5.0391  grl_p=1.1350  grlU=6.049/3.465  aux=7.0909  dead=63.5%  L/P/U=9830/3277/3277  actL/P/U=80/32/16  H=nan  Hu=nan  spec<.5=nan  marg=nan  lstd=nan  lr=5.39e-05
  step  12800/26000  recon=0.4678  pr=0.6565  sid=5.1787  grl=5.3779  grl_p=1.1066  grlU=6.719/3.455  aux=7.2092  dead=63.8%  L/P/U=9830/3277/3277  actL/P/U=80/32/16  H=nan  Hu=nan  spec<.5=nan  marg=nan  lstd=nan  lr=5.32e-05
  step  12900/26000  recon=0.4692  pr=0.6246  sid=5.0244  grl=5.2881  grl_p=1.0016  grlU=6.350/3.485  aux=7.0790  dead=64.1%  L/P/U=9830/3277/3277  actL/P/U=80/32/16  H=nan  Hu=nan  spec<.5=nan  marg=nan  lstd=nan  lr=5.26e-05
  [grad_norms @13000]
    recon             |g|=0.76802  ratio=1.000x recon
    pr_raw            |g|=3.76222  ratio=4.899x recon
    pr_weighted       |g|=3.00978  ratio=3.919x recon
    sid_raw           |g|=6.62137  ratio=8.621x recon
    sid_weighted      |g|=3.97282  ratio=5.173x recon
    grl               |g|=86.19202  ratio=112.226x recon
    grl_p             |g|=19.25307  ratio=25.068x recon
    route             |g|=0.00000  ratio=0.000x recon
  step  13000/26000  recon=0.4804  pr=0.6236  sid=4.9297  grl=4.6582  grl_p=1.1128  grlU=6.178/3.436  aux=7.2119  dead=64.2%  L/P/U=9830/3277/3277  actL/P/U=80/32/16  H=nan  Hu=nan  spec<.5=nan  marg=nan  lstd=nan  lr=5.20e-05
  [val] step=13000  recon=0.4687  pr=0.6198  PER=0.171  sid_acc=0.200
  step  13100/26000  recon=0.4754  pr=0.5881  sid=5.0293  grl=5.2969  grl_p=1.0201  grlU=6.330/3.470  aux=7.4081  dead=64.8%  L/P/U=9830/3277/3277  actL/P/U=80/32/16  H=nan  Hu=nan  spec<.5=nan  marg=nan  lstd=nan  lr=5.14e-05
  step  13200/26000  recon=0.4674  pr=0.6242  sid=5.1055  grl=3.8133  grl_p=1.0655  grlU=6.209/3.437  aux=7.4251  dead=65.4%  L/P/U=9830/3277/3277  actL/P/U=80/32/16  H=nan  Hu=nan  spec<.5=nan  marg=nan  lstd=nan  lr=5.08e-05
  step  13300/26000  recon=0.4746  pr=0.7440  sid=5.0518  grl=5.0254  grl_p=1.0761  grlU=6.234/3.486  aux=7.7655  dead=65.4%  L/P/U=9830/3277/3277  actL/P/U=80/32/16  H=nan  Hu=nan  spec<.5=nan  marg=nan  lstd=nan  lr=5.02e-05
  step  13400/26000  recon=0.4721  pr=0.6616  sid=4.8311  grl=5.5498  grl_p=1.1285  grlU=6.564/3.452  aux=7.3454  dead=65.3%  L/P/U=9830/3277/3277  actL/P/U=80/32/16  H=nan  Hu=nan  spec<.5=nan  marg=nan  lstd=nan  lr=4.96e-05
  [grad_norms @13500]
    recon             |g|=0.59971  ratio=1.000x recon
    pr_raw            |g|=4.71272  ratio=7.858x recon
    pr_weighted       |g|=3.77017  ratio=6.287x recon
    sid_raw           |g|=6.29949  ratio=10.504x recon
    sid_weighted      |g|=3.77969  ratio=6.303x recon
    grl               |g|=25.31547  ratio=42.213x recon
    grl_p             |g|=15.95905  ratio=26.611x recon
    route             |g|=0.00000  ratio=0.000x recon
  step  13500/26000  recon=0.4619  pr=0.6067  sid=5.0127  grl=5.2795  grl_p=1.0452  grlU=6.359/3.472  aux=7.4400  dead=65.4%  L/P/U=9830/3277/3277  actL/P/U=80/32/16  H=nan  Hu=nan  spec<.5=nan  marg=nan  lstd=nan  lr=4.90e-05
  step  13600/26000  recon=0.4857  pr=0.6069  sid=4.8408  grl=5.0991  grl_p=1.0199  grlU=6.803/3.496  aux=7.6915  dead=65.4%  L/P/U=9830/3277/3277  actL/P/U=80/32/16  H=nan  Hu=nan  spec<.5=nan  marg=nan  lstd=nan  lr=4.84e-05
  step  13700/26000  recon=0.4698  pr=0.5564  sid=4.7363  grl=5.7012  grl_p=0.9854  grlU=6.480/3.444  aux=7.7538  dead=65.7%  L/P/U=9830/3277/3277  actL/P/U=80/32/16  H=nan  Hu=nan  spec<.5=nan  marg=nan  lstd=nan  lr=4.78e-05
  step  13800/26000  recon=0.4797  pr=0.5579  sid=4.9316  grl=4.2520  grl_p=0.9504  grlU=6.316/3.448  aux=7.3579  dead=65.7%  L/P/U=9830/3277/3277  actL/P/U=80/32/16  H=nan  Hu=nan  spec<.5=nan  marg=nan  lstd=nan  lr=4.71e-05
  step  13900/26000  recon=0.4698  pr=0.6865  sid=5.0254  grl=5.2363  grl_p=1.1280  grlU=6.354/3.460  aux=8.1577  dead=65.9%  L/P/U=9830/3277/3277  actL/P/U=80/32/16  H=nan  Hu=nan  spec<.5=nan  marg=nan  lstd=nan  lr=4.65e-05
  [grad_norms @14000]
    recon             |g|=0.67518  ratio=1.000x recon
    pr_raw            |g|=3.03566  ratio=4.496x recon
    pr_weighted       |g|=2.42853  ratio=3.597x recon
    sid_raw           |g|=6.20840  ratio=9.195x recon
    sid_weighted      |g|=3.72504  ratio=5.517x recon
    grl               |g|=57.21797  ratio=84.744x recon
    grl_p             |g|=18.44682  ratio=27.321x recon
    route             |g|=0.00000  ratio=0.000x recon
  step  14000/26000  recon=0.4793  pr=0.6647  sid=4.7607  grl=5.4976  grl_p=1.0243  grlU=6.619/3.486  aux=7.9688  dead=65.9%  L/P/U=9830/3277/3277  actL/P/U=80/32/16  H=nan  Hu=nan  spec<.5=nan  marg=nan  lstd=nan  lr=4.59e-05
  [val] step=14000  recon=0.4733  pr=0.6344  PER=0.175  sid_acc=0.234
  step  14100/26000  recon=0.4712  pr=0.6824  sid=4.7852  grl=5.2295  grl_p=1.1621  grlU=6.545/3.461  aux=7.8666  dead=66.1%  L/P/U=9830/3277/3277  actL/P/U=80/32/16  H=nan  Hu=nan  spec<.5=nan  marg=nan  lstd=nan  lr=4.53e-05
  step  14200/26000  recon=0.4704  pr=0.6543  sid=4.8428  grl=4.9902  grl_p=1.0278  grlU=6.639/3.481  aux=7.9922  dead=66.0%  L/P/U=9830/3277/3277  actL/P/U=80/32/16  H=nan  Hu=nan  spec<.5=nan  marg=nan  lstd=nan  lr=4.47e-05
  step  14300/26000  recon=0.4735  pr=0.6171  sid=4.7275  grl=4.3633  grl_p=1.0401  grlU=5.986/3.468  aux=8.1211  dead=65.9%  L/P/U=9830/3277/3277  actL/P/U=80/32/16  H=nan  Hu=nan  spec<.5=nan  marg=nan  lstd=nan  lr=4.41e-05
  step  14400/26000  recon=0.4551  pr=0.5509  sid=4.8096  grl=4.9375  grl_p=1.0235  grlU=6.340/3.411  aux=8.1229  dead=65.8%  L/P/U=9830/3277/3277  actL/P/U=80/32/16  H=nan  Hu=nan  spec<.5=nan  marg=nan  lstd=nan  lr=4.35e-05
  [grad_norms @14500]
    recon             |g|=0.74508  ratio=1.000x recon
    pr_raw            |g|=2.30621  ratio=3.095x recon
    pr_weighted       |g|=1.84497  ratio=2.476x recon
    sid_raw           |g|=7.64616  ratio=10.262x recon
    sid_weighted      |g|=4.58769  ratio=6.157x recon
    grl               |g|=42.32351  ratio=56.804x recon
    grl_p             |g|=14.13504  ratio=18.971x recon
    route             |g|=0.00000  ratio=0.000x recon
  step  14500/26000  recon=0.4688  pr=0.6423  sid=4.6973  grl=4.9043  grl_p=1.0799  grlU=6.092/3.450  aux=8.4121  dead=65.8%  L/P/U=9830/3277/3277  actL/P/U=80/32/16  H=nan  Hu=nan  spec<.5=nan  marg=nan  lstd=nan  lr=4.29e-05
  step  14600/26000  recon=0.4716  pr=0.6140  sid=4.7627  grl=4.6897  grl_p=0.9632  grlU=6.234/3.425  aux=7.9110  dead=65.5%  L/P/U=9830/3277/3277  actL/P/U=80/32/16  H=nan  Hu=nan  spec<.5=nan  marg=nan  lstd=nan  lr=4.23e-05
  step  14700/26000  recon=0.4733  pr=0.6072  sid=4.6855  grl=5.1104  grl_p=0.9803  grlU=6.406/3.484  aux=8.4765  dead=65.3%  L/P/U=9830/3277/3277  actL/P/U=80/32/16  H=nan  Hu=nan  spec<.5=nan  marg=nan  lstd=nan  lr=4.17e-05
  step  14800/26000  recon=0.4625  pr=0.6632  sid=4.5986  grl=5.4346  grl_p=1.1415  grlU=6.094/3.435  aux=8.7170  dead=65.4%  L/P/U=9830/3277/3277  actL/P/U=80/32/16  H=nan  Hu=nan  spec<.5=nan  marg=nan  lstd=nan  lr=4.11e-05
  step  14900/26000  recon=0.4661  pr=0.6521  sid=4.7510  grl=5.2012  grl_p=1.1224  grlU=6.398/3.445  aux=8.5543  dead=65.6%  L/P/U=9830/3277/3277  actL/P/U=80/32/16  H=nan  Hu=nan  spec<.5=nan  marg=nan  lstd=nan  lr=4.05e-05
  [grad_norms @15000]
    recon             |g|=0.66294  ratio=1.000x recon
    pr_raw            |g|=6.29343  ratio=9.493x recon
    pr_weighted       |g|=5.03475  ratio=7.595x recon
    sid_raw           |g|=13.13586  ratio=19.815x recon
    sid_weighted      |g|=7.88152  ratio=11.889x recon
    grl               |g|=58.67602  ratio=88.509x recon
    grl_p             |g|=14.65965  ratio=22.113x recon
    route             |g|=0.00000  ratio=0.000x recon
  step  15000/26000  recon=0.4610  pr=0.6578  sid=4.9238  grl=5.0918  grl_p=1.0320  grlU=6.410/3.471  aux=8.6393  dead=65.6%  L/P/U=9830/3277/3277  actL/P/U=80/32/16  H=nan  Hu=nan  spec<.5=nan  marg=nan  lstd=nan  lr=3.99e-05
  [val] step=15000  recon=0.4650  pr=0.6576  PER=0.189  sid_acc=0.294
  step  15100/26000  recon=0.4671  pr=0.5866  sid=4.8691  grl=4.6260  grl_p=0.9724  grlU=5.988/3.433  aux=8.4851  dead=65.7%  L/P/U=9830/3277/3277  actL/P/U=80/32/16  H=nan  Hu=nan  spec<.5=nan  marg=nan  lstd=nan  lr=3.93e-05
  step  15200/26000  recon=0.4599  pr=0.6610  sid=4.6318  grl=5.1885  grl_p=1.1194  grlU=6.477/3.393  aux=8.6862  dead=65.8%  L/P/U=9830/3277/3277  actL/P/U=80/32/16  H=nan  Hu=nan  spec<.5=nan  marg=nan  lstd=nan  lr=3.87e-05
  step  15300/26000  recon=0.4566  pr=0.7065  sid=4.6475  grl=5.6855  grl_p=1.0839  grlU=6.256/3.429  aux=8.2592  dead=65.9%  L/P/U=9830/3277/3277  actL/P/U=80/32/16  H=nan  Hu=nan  spec<.5=nan  marg=nan  lstd=nan  lr=3.81e-05
  step  15400/26000  recon=0.4601  pr=0.6024  sid=4.8008  grl=5.0996  grl_p=1.0103  grlU=6.500/3.450  aux=8.7038  dead=65.7%  L/P/U=9830/3277/3277  actL/P/U=80/32/16  H=nan  Hu=nan  spec<.5=nan  marg=nan  lstd=nan  lr=3.75e-05
  [grad_norms @15500]
    recon             |g|=0.79736  ratio=1.000x recon
    pr_raw            |g|=7.24101  ratio=9.081x recon
    pr_weighted       |g|=5.79281  ratio=7.265x recon
    sid_raw           |g|=14.48161  ratio=18.162x recon
    sid_weighted      |g|=8.68897  ratio=10.897x recon
    grl               |g|=103.14709  ratio=129.361x recon
    grl_p             |g|=20.68907  ratio=25.947x recon
    route             |g|=0.00000  ratio=0.000x recon
  step  15500/26000  recon=0.4686  pr=0.7163  sid=4.7402  grl=5.6875  grl_p=1.1045  grlU=6.580/3.475  aux=8.8366  dead=65.7%  L/P/U=9830/3277/3277  actL/P/U=80/32/16  H=nan  Hu=nan  spec<.5=nan  marg=nan  lstd=nan  lr=3.70e-05
  step  15600/26000  recon=0.4585  pr=0.6407  sid=4.6240  grl=5.7334  grl_p=1.0075  grlU=6.465/3.444  aux=9.4306  dead=65.8%  L/P/U=9830/3277/3277  actL/P/U=80/32/16  H=nan  Hu=nan  spec<.5=nan  marg=nan  lstd=nan  lr=3.64e-05
  step  15700/26000  recon=0.4628  pr=0.6820  sid=4.3320  grl=5.4609  grl_p=1.0077  grlU=6.084/3.436  aux=8.6548  dead=66.0%  L/P/U=9830/3277/3277  actL/P/U=80/32/16  H=nan  Hu=nan  spec<.5=nan  marg=nan  lstd=nan  lr=3.58e-05
  step  15800/26000  recon=0.4584  pr=0.6258  sid=4.4258  grl=5.5508  grl_p=0.9982  grlU=6.010/3.495  aux=9.2327  dead=66.1%  L/P/U=9830/3277/3277  actL/P/U=80/32/16  H=nan  Hu=nan  spec<.5=nan  marg=nan  lstd=nan  lr=3.52e-05
  step  15900/26000  recon=0.4674  pr=0.6327  sid=4.5020  grl=6.3633  grl_p=1.0366  grlU=6.531/3.456  aux=9.0586  dead=66.2%  L/P/U=9830/3277/3277  actL/P/U=80/32/16  H=nan  Hu=nan  spec<.5=nan  marg=nan  lstd=nan  lr=3.46e-05
  [grad_norms @16000]
    recon             |g|=0.79960  ratio=1.000x recon
    pr_raw            |g|=5.19872  ratio=6.502x recon
    pr_weighted       |g|=4.15898  ratio=5.201x recon
    sid_raw           |g|=8.11019  ratio=10.143x recon
    sid_weighted      |g|=4.86611  ratio=6.086x recon
    grl               |g|=41.70305  ratio=52.155x recon
    grl_p             |g|=43.14698  ratio=53.961x recon
    route             |g|=0.00000  ratio=0.000x recon
  step  16000/26000  recon=0.4706  pr=0.6762  sid=4.4258  grl=5.5508  grl_p=1.1165  grlU=6.521/3.477  aux=9.1833  dead=66.3%  L/P/U=9830/3277/3277  actL/P/U=80/32/16  H=nan  Hu=nan  spec<.5=nan  marg=nan  lstd=nan  lr=3.40e-05
  [val] step=16000  recon=0.4604  pr=0.6654  PER=0.193  sid_acc=0.318
  ✓ best checkpoint (disent=0.8749  PER=0.193 sid=0.318) → /rds/user/bbg25/hpc-work/Thesis/Final-Proj/Disentanglement/checkpoints/scaled_postact128/stage2_best.pt
  step  16100/26000  recon=0.4570  pr=0.6282  sid=4.5049  grl=4.5723  grl_p=1.0741  grlU=6.182/3.504  aux=9.0808  dead=66.3%  L/P/U=9830/3277/3277  actL/P/U=80/32/16  H=nan  Hu=nan  spec<.5=nan  marg=nan  lstd=nan  lr=3.35e-05
  step  16200/26000  recon=0.4505  pr=0.6205  sid=4.3750  grl=5.4756  grl_p=1.0502  grlU=6.314/3.429  aux=9.4903  dead=66.7%  L/P/U=9830/3277/3277  actL/P/U=80/32/16  H=nan  Hu=nan  spec<.5=nan  marg=nan  lstd=nan  lr=3.29e-05
  step  16300/26000  recon=0.4610  pr=0.6442  sid=4.5049  grl=5.7363  grl_p=1.0163  grlU=6.346/3.494  aux=10.0801  dead=67.0%  L/P/U=9830/3277/3277  actL/P/U=80/32/16  H=nan  Hu=nan  spec<.5=nan  marg=nan  lstd=nan  lr=3.23e-05
  step  16400/26000  recon=0.4562  pr=0.6620  sid=4.4980  grl=6.0566  grl_p=1.0468  grlU=6.438/3.474  aux=9.5391  dead=66.9%  L/P/U=9830/3277/3277  actL/P/U=80/32/16  H=nan  Hu=nan  spec<.5=nan  marg=nan  lstd=nan  lr=3.18e-05
  [grad_norms @16500]
    recon             |g|=0.90298  ratio=1.000x recon
    pr_raw            |g|=2.91288  ratio=3.226x recon
    pr_weighted       |g|=2.33030  ratio=2.581x recon
    sid_raw           |g|=8.21192  ratio=9.094x recon
    sid_weighted      |g|=4.92715  ratio=5.457x recon
    grl               |g|=103.49838  ratio=114.618x recon
    grl_p             |g|=26.46690  ratio=29.311x recon
    route             |g|=0.00000  ratio=0.000x recon
  step  16500/26000  recon=0.4503  pr=0.7276  sid=4.4150  grl=6.5703  grl_p=1.0827  grlU=6.887/3.491  aux=9.8841  dead=66.8%  L/P/U=9830/3277/3277  actL/P/U=80/32/16  H=nan  Hu=nan  spec<.5=nan  marg=nan  lstd=nan  lr=3.12e-05
  step  16600/26000  recon=0.4665  pr=0.6980  sid=4.3896  grl=4.7090  grl_p=1.1300  grlU=5.770/3.444  aux=9.5310  dead=66.7%  L/P/U=9830/3277/3277  actL/P/U=80/32/16  H=nan  Hu=nan  spec<.5=nan  marg=nan  lstd=nan  lr=3.06e-05
  step  16700/26000  recon=0.4598  pr=0.6549  sid=4.3838  grl=5.5645  grl_p=0.9996  grlU=6.465/3.483  aux=9.9513  dead=66.8%  L/P/U=9830/3277/3277  actL/P/U=80/32/16  H=nan  Hu=nan  spec<.5=nan  marg=nan  lstd=nan  lr=3.01e-05
  step  16800/26000  recon=0.4608  pr=0.6347  sid=4.3389  grl=5.3096  grl_p=1.0705  grlU=6.357/3.465  aux=9.8442  dead=67.0%  L/P/U=9830/3277/3277  actL/P/U=80/32/16  H=nan  Hu=nan  spec<.5=nan  marg=nan  lstd=nan  lr=2.95e-05
  step  16900/26000  recon=0.4551  pr=0.6209  sid=4.2695  grl=5.4678  grl_p=1.1031  grlU=6.459/3.466  aux=9.9525  dead=67.1%  L/P/U=9830/3277/3277  actL/P/U=80/32/16  H=nan  Hu=nan  spec<.5=nan  marg=nan  lstd=nan  lr=2.90e-05
  [grad_norms @17000]
    recon             |g|=0.93690  ratio=1.000x recon
    pr_raw            |g|=4.10118  ratio=4.377x recon
    pr_weighted       |g|=3.28094  ratio=3.502x recon
    sid_raw           |g|=10.66706  ratio=11.385x recon
    sid_weighted      |g|=6.40023  ratio=6.831x recon
    grl               |g|=72.45822  ratio=77.338x recon
    grl_p             |g|=19.03123  ratio=20.313x recon
    route             |g|=0.00000  ratio=0.000x recon
  step  17000/26000  recon=0.4496  pr=0.5917  sid=4.4688  grl=5.2959  grl_p=1.0435  grlU=6.025/3.413  aux=9.7250  dead=67.3%  L/P/U=9830/3277/3277  actL/P/U=80/32/16  H=nan  Hu=nan  spec<.5=nan  marg=nan  lstd=nan  lr=2.84e-05
  [val] step=17000  recon=0.4573  pr=0.6532  PER=0.184  sid_acc=0.362
  ✓ best checkpoint (disent=0.8221  PER=0.184 sid=0.362) → /rds/user/bbg25/hpc-work/Thesis/Final-Proj/Disentanglement/checkpoints/scaled_postact128/stage2_best.pt
  step  17100/26000  recon=0.4581  pr=0.6349  sid=4.2832  grl=5.0342  grl_p=1.0986  grlU=6.424/3.467  aux=9.8304  dead=67.6%  L/P/U=9830/3277/3277  actL/P/U=80/32/16  H=nan  Hu=nan  spec<.5=nan  marg=nan  lstd=nan  lr=2.79e-05
  step  17200/26000  recon=0.4519  pr=0.6550  sid=4.3945  grl=4.7910  grl_p=1.0902  grlU=5.969/3.434  aux=10.2052  dead=67.5%  L/P/U=9830/3277/3277  actL/P/U=80/32/16  H=nan  Hu=nan  spec<.5=nan  marg=nan  lstd=nan  lr=2.74e-05
  step  17300/26000  recon=0.4624  pr=0.6738  sid=4.6172  grl=6.5576  grl_p=1.1322  grlU=6.578/3.444  aux=10.0876  dead=67.3%  L/P/U=9830/3277/3277  actL/P/U=80/32/16  H=nan  Hu=nan  spec<.5=nan  marg=nan  lstd=nan  lr=2.68e-05
  step  17400/26000  recon=0.4571  pr=0.6305  sid=4.2852  grl=5.8516  grl_p=1.1348  grlU=6.166/3.443  aux=10.1191  dead=67.4%  L/P/U=9830/3277/3277  actL/P/U=80/32/16  H=nan  Hu=nan  spec<.5=nan  marg=nan  lstd=nan  lr=2.63e-05
  [grad_norms @17500]
    recon             |g|=0.73738  ratio=1.000x recon
    pr_raw            |g|=4.15523  ratio=5.635x recon
    pr_weighted       |g|=3.32419  ratio=4.508x recon
    sid_raw           |g|=8.42855  ratio=11.430x recon
    sid_weighted      |g|=5.05713  ratio=6.858x recon
    grl               |g|=103.46078  ratio=140.309x recon
    grl_p             |g|=16.10424  ratio=21.840x recon
    route             |g|=0.00000  ratio=0.000x recon
  step  17500/26000  recon=0.4708  pr=0.6992  sid=4.0371  grl=5.4102  grl_p=1.1454  grlU=6.326/3.447  aux=9.9873  dead=67.7%  L/P/U=9830/3277/3277  actL/P/U=80/32/16  H=nan  Hu=nan  spec<.5=nan  marg=nan  lstd=nan  lr=2.58e-05
  step  17600/26000  recon=0.4498  pr=0.6510  sid=4.5732  grl=5.7109  grl_p=1.1085  grlU=6.178/3.468  aux=10.1309  dead=67.4%  L/P/U=9830/3277/3277  actL/P/U=80/32/16  H=nan  Hu=nan  spec<.5=nan  marg=nan  lstd=nan  lr=2.52e-05
  step  17700/26000  recon=0.4473  pr=0.6704  sid=4.1533  grl=5.1191  grl_p=1.0717  grlU=6.598/3.445  aux=10.4335  dead=67.5%  L/P/U=9830/3277/3277  actL/P/U=80/32/16  H=nan  Hu=nan  spec<.5=nan  marg=nan  lstd=nan  lr=2.47e-05
  step  17800/26000  recon=0.4492  pr=0.6435  sid=4.1162  grl=5.4395  grl_p=1.0950  grlU=6.385/3.405  aux=10.3719  dead=67.4%  L/P/U=9830/3277/3277  actL/P/U=80/32/16  H=nan  Hu=nan  spec<.5=nan  marg=nan  lstd=nan  lr=2.42e-05
  step  17900/26000  recon=0.4398  pr=0.6087  sid=4.6582  grl=6.1445  grl_p=1.0885  grlU=6.240/3.450  aux=10.2999  dead=67.3%  L/P/U=9830/3277/3277  actL/P/U=80/32/16  H=nan  Hu=nan  spec<.5=nan  marg=nan  lstd=nan  lr=2.37e-05
  [grad_norms @18000]
    recon             |g|=0.69873  ratio=1.000x recon
    pr_raw            |g|=1.21444  ratio=1.738x recon
    pr_weighted       |g|=0.97155  ratio=1.390x recon
    sid_raw           |g|=8.64139  ratio=12.367x recon
    sid_weighted      |g|=5.18483  ratio=7.420x recon
    grl               |g|=68.00587  ratio=97.328x recon
    grl_p             |g|=12.53868  ratio=17.945x recon
    route             |g|=0.00000  ratio=0.000x recon
  step  18000/26000  recon=0.4402  pr=0.6319  sid=4.1064  grl=5.0166  grl_p=1.0451  grlU=5.579/3.481  aux=10.8368  dead=67.3%  L/P/U=9830/3277/3277  actL/P/U=80/32/16  H=nan  Hu=nan  spec<.5=nan  marg=nan  lstd=nan  lr=2.32e-05
  [val] step=18000  recon=0.4520  pr=0.6431  PER=0.182  sid_acc=0.408
  ✓ best checkpoint (disent=0.7735  PER=0.182 sid=0.408) → /rds/user/bbg25/hpc-work/Thesis/Final-Proj/Disentanglement/checkpoints/scaled_postact128/stage2_best.pt
  step  18100/26000  recon=0.4415  pr=0.6375  sid=4.1387  grl=5.5684  grl_p=1.0667  grlU=5.994/3.438  aux=10.6374  dead=67.6%  L/P/U=9830/3277/3277  actL/P/U=80/32/16  H=nan  Hu=nan  spec<.5=nan  marg=nan  lstd=nan  lr=2.27e-05
  step  18200/26000  recon=0.4463  pr=0.6149  sid=4.4375  grl=5.4561  grl_p=1.0862  grlU=6.038/3.488  aux=10.6933  dead=67.5%  L/P/U=9830/3277/3277  actL/P/U=80/32/16  H=nan  Hu=nan  spec<.5=nan  marg=nan  lstd=nan  lr=2.21e-05
  step  18300/26000  recon=0.4550  pr=0.6153  sid=4.0762  grl=5.8438  grl_p=1.0836  grlU=6.207/3.443  aux=10.1513  dead=67.8%  L/P/U=9830/3277/3277  actL/P/U=80/32/16  H=nan  Hu=nan  spec<.5=nan  marg=nan  lstd=nan  lr=2.17e-05
  step  18400/26000  recon=0.4519  pr=0.6852  sid=4.2256  grl=5.3574  grl_p=1.1259  grlU=6.766/3.432  aux=9.8463  dead=67.9%  L/P/U=9830/3277/3277  actL/P/U=80/32/16  H=nan  Hu=nan  spec<.5=nan  marg=nan  lstd=nan  lr=2.12e-05
  [grad_norms @18500]
    recon             |g|=0.65916  ratio=1.000x recon
    pr_raw            |g|=4.76631  ratio=7.231x recon
    pr_weighted       |g|=3.81305  ratio=5.785x recon
    sid_raw           |g|=15.49694  ratio=23.510x recon
    sid_weighted      |g|=9.29816  ratio=14.106x recon
    grl               |g|=59.79057  ratio=90.707x recon
    grl_p             |g|=24.11424  ratio=36.583x recon
    route             |g|=0.00000  ratio=0.000x recon
  step  18500/26000  recon=0.4542  pr=0.6668  sid=4.3281  grl=5.3478  grl_p=1.0963  grlU=6.406/3.477  aux=10.4637  dead=67.8%  L/P/U=9830/3277/3277  actL/P/U=80/32/16  H=nan  Hu=nan  spec<.5=nan  marg=nan  lstd=nan  lr=2.07e-05
  step  18600/26000  recon=0.4420  pr=0.6117  sid=4.1699  grl=4.9326  grl_p=1.0696  grlU=5.667/3.472  aux=10.8323  dead=67.9%  L/P/U=9830/3277/3277  actL/P/U=80/32/16  H=nan  Hu=nan  spec<.5=nan  marg=nan  lstd=nan  lr=2.02e-05
  step  18700/26000  recon=0.4400  pr=0.6650  sid=3.9619  grl=5.3013  grl_p=1.1574  grlU=5.986/3.445  aux=10.8637  dead=67.9%  L/P/U=9830/3277/3277  actL/P/U=80/32/16  H=nan  Hu=nan  spec<.5=nan  marg=nan  lstd=nan  lr=1.97e-05
  step  18800/26000  recon=0.4557  pr=0.6558  sid=4.0605  grl=4.8501  grl_p=1.0877  grlU=5.969/3.419  aux=10.2390  dead=67.9%  L/P/U=9830/3277/3277  actL/P/U=80/32/16  H=nan  Hu=nan  spec<.5=nan  marg=nan  lstd=nan  lr=1.92e-05
  step  18900/26000  recon=0.4545  pr=0.6350  sid=4.3125  grl=5.3350  grl_p=1.0874  grlU=6.627/3.475  aux=10.4541  dead=67.9%  L/P/U=9830/3277/3277  actL/P/U=80/32/16  H=nan  Hu=nan  spec<.5=nan  marg=nan  lstd=nan  lr=1.88e-05
  [grad_norms @19000]
    recon             |g|=0.92689  ratio=1.000x recon
    pr_raw            |g|=1.53066  ratio=1.651x recon
    pr_weighted       |g|=1.22453  ratio=1.321x recon
    sid_raw           |g|=6.08460  ratio=6.565x recon
    sid_weighted      |g|=3.65076  ratio=3.939x recon
    grl               |g|=114.19629  ratio=123.204x recon
    grl_p             |g|=15.90406  ratio=17.159x recon
    route             |g|=0.00000  ratio=0.000x recon
  step  19000/26000  recon=0.4590  pr=0.5724  sid=4.2490  grl=5.6523  grl_p=1.0299  grlU=6.496/3.464  aux=10.7542  dead=67.8%  L/P/U=9830/3277/3277  actL/P/U=80/32/16  H=nan  Hu=nan  spec<.5=nan  marg=nan  lstd=nan  lr=1.83e-05
  [val] step=19000  recon=0.4491  pr=0.6406  PER=0.181  sid_acc=0.434
  ✓ best checkpoint (disent=0.7466  PER=0.181 sid=0.434) → /rds/user/bbg25/hpc-work/Thesis/Final-Proj/Disentanglement/checkpoints/scaled_postact128/stage2_best.pt
  step  19100/26000  recon=0.4440  pr=0.5934  sid=4.1689  grl=4.5518  grl_p=1.1075  grlU=6.469/3.463  aux=10.3209  dead=67.7%  L/P/U=9830/3277/3277  actL/P/U=80/32/16  H=nan  Hu=nan  spec<.5=nan  marg=nan  lstd=nan  lr=1.78e-05
  step  19200/26000  recon=0.4531  pr=0.6486  sid=3.6021  grl=4.9902  grl_p=1.1813  grlU=6.098/3.460  aux=11.2458  dead=67.7%  L/P/U=9830/3277/3277  actL/P/U=80/32/16  H=nan  Hu=nan  spec<.5=nan  marg=nan  lstd=nan  lr=1.74e-05
  step  19300/26000  recon=0.4462  pr=0.6423  sid=3.6304  grl=5.1147  grl_p=1.1198  grlU=6.146/3.447  aux=11.4609  dead=67.7%  L/P/U=9830/3277/3277  actL/P/U=80/32/16  H=nan  Hu=nan  spec<.5=nan  marg=nan  lstd=nan  lr=1.69e-05
  step  19400/26000  recon=0.4484  pr=0.6617  sid=4.2100  grl=5.3916  grl_p=1.1096  grlU=5.928/3.454  aux=12.4317  dead=68.0%  L/P/U=9830/3277/3277  actL/P/U=80/32/16  H=nan  Hu=nan  spec<.5=nan  marg=nan  lstd=nan  lr=1.65e-05
  [grad_norms @19500]
    recon             |g|=0.80136  ratio=1.000x recon
    pr_raw            |g|=1.97517  ratio=2.465x recon
    pr_weighted       |g|=1.58014  ratio=1.972x recon
    sid_raw           |g|=12.96647  ratio=16.181x recon
    sid_weighted      |g|=7.77988  ratio=9.708x recon
    grl               |g|=80.79303  ratio=100.820x recon
    grl_p             |g|=13.97858  ratio=17.444x recon
    route             |g|=0.00000  ratio=0.000x recon
  step  19500/26000  recon=0.4465  pr=0.6527  sid=4.1074  grl=4.8400  grl_p=1.1153  grlU=5.936/3.467  aux=11.5920  dead=67.9%  L/P/U=9830/3277/3277  actL/P/U=80/32/16  H=nan  Hu=nan  spec<.5=nan  marg=nan  lstd=nan  lr=1.60e-05
  step  19600/26000  recon=0.4442  pr=0.6549  sid=4.1201  grl=5.6045  grl_p=1.1143  grlU=6.281/3.428  aux=11.0780  dead=68.0%  L/P/U=9830/3277/3277  actL/P/U=80/32/16  H=nan  Hu=nan  spec<.5=nan  marg=nan  lstd=nan  lr=1.56e-05
  step  19700/26000  recon=0.4599  pr=0.6364  sid=3.8711  grl=5.1670  grl_p=1.1484  grlU=5.953/3.439  aux=11.0554  dead=68.0%  L/P/U=9830/3277/3277  actL/P/U=80/32/16  H=nan  Hu=nan  spec<.5=nan  marg=nan  lstd=nan  lr=1.52e-05
  step  19800/26000  recon=0.4596  pr=0.6596  sid=4.0342  grl=4.8281  grl_p=1.1456  grlU=6.289/3.450  aux=10.6842  dead=67.8%  L/P/U=9830/3277/3277  actL/P/U=80/32/16  H=nan  Hu=nan  spec<.5=nan  marg=nan  lstd=nan  lr=1.48e-05
  step  19900/26000  recon=0.4637  pr=0.7765  sid=4.1553  grl=5.9766  grl_p=1.3152  grlU=6.496/3.500  aux=10.9122  dead=67.7%  L/P/U=9830/3277/3277  actL/P/U=80/32/16  H=nan  Hu=nan  spec<.5=nan  marg=nan  lstd=nan  lr=1.43e-05
  [grad_norms @20000]
    recon             |g|=0.77797  ratio=1.000x recon
    pr_raw            |g|=3.34093  ratio=4.294x recon
    pr_weighted       |g|=2.67274  ratio=3.436x recon
    sid_raw           |g|=11.16891  ratio=14.356x recon
    sid_weighted      |g|=6.70134  ratio=8.614x recon
    grl               |g|=73.39590  ratio=94.343x recon
    grl_p             |g|=14.93086  ratio=19.192x recon
    route             |g|=0.00000  ratio=0.000x recon
  step  20000/26000  recon=0.4564  pr=0.7585  sid=4.1709  grl=5.7803  grl_p=1.3035  grlU=6.035/3.516  aux=11.8228  dead=67.7%  L/P/U=9830/3277/3277  actL/P/U=80/32/16  H=nan  Hu=nan  spec<.5=nan  marg=nan  lstd=nan  lr=1.39e-05
  [val] step=20000  recon=0.4483  pr=0.6407  PER=0.181  sid_acc=0.442
  ✓ best checkpoint (disent=0.7393  PER=0.181 sid=0.442) → /rds/user/bbg25/hpc-work/Thesis/Final-Proj/Disentanglement/checkpoints/scaled_postact128/stage2_best.pt
  step  20100/26000  recon=0.4549  pr=0.6456  sid=4.0322  grl=5.1938  grl_p=1.1493  grlU=5.781/3.437  aux=11.1086  dead=67.7%  L/P/U=9830/3277/3277  actL/P/U=80/32/16  H=nan  Hu=nan  spec<.5=nan  marg=nan  lstd=nan  lr=1.35e-05
  step  20200/26000  recon=0.4433  pr=0.5961  sid=4.0381  grl=5.2529  grl_p=1.1108  grlU=6.336/3.409  aux=11.3785  dead=67.6%  L/P/U=9830/3277/3277  actL/P/U=80/32/16  H=nan  Hu=nan  spec<.5=nan  marg=nan  lstd=nan  lr=1.31e-05
  step  20300/26000  recon=0.4356  pr=0.5733  sid=4.1143  grl=4.8350  grl_p=1.0641  grlU=6.125/3.394  aux=11.4213  dead=67.6%  L/P/U=9830/3277/3277  actL/P/U=80/32/16  H=nan  Hu=nan  spec<.5=nan  marg=nan  lstd=nan  lr=1.27e-05
  step  20400/26000  recon=0.4524  pr=0.6402  sid=3.9004  grl=5.4521  grl_p=1.0999  grlU=6.307/3.443  aux=11.6814  dead=67.7%  L/P/U=9830/3277/3277  actL/P/U=80/32/16  H=nan  Hu=nan  spec<.5=nan  marg=nan  lstd=nan  lr=1.23e-05
  [grad_norms @20500]
    recon             |g|=0.86803  ratio=1.000x recon
    pr_raw            |g|=5.13079  ratio=5.911x recon
    pr_weighted       |g|=4.10463  ratio=4.729x recon
    sid_raw           |g|=9.50739  ratio=10.953x recon
    sid_weighted      |g|=5.70443  ratio=6.572x recon
    grl               |g|=100.47614  ratio=115.752x recon
    grl_p             |g|=17.98557  ratio=20.720x recon
    route             |g|=0.00000  ratio=0.000x recon
  step  20500/26000  recon=0.4498  pr=0.5991  sid=4.0420  grl=5.5781  grl_p=1.1247  grlU=6.297/3.452  aux=12.3018  dead=67.7%  L/P/U=9830/3277/3277  actL/P/U=80/32/16  H=nan  Hu=nan  spec<.5=nan  marg=nan  lstd=nan  lr=1.19e-05
  step  20600/26000  recon=0.4431  pr=0.6181  sid=4.2666  grl=5.6924  grl_p=1.0412  grlU=6.521/3.429  aux=11.9637  dead=67.5%  L/P/U=9830/3277/3277  actL/P/U=80/32/16  H=nan  Hu=nan  spec<.5=nan  marg=nan  lstd=nan  lr=1.16e-05
  step  20700/26000  recon=0.4405  pr=0.6745  sid=4.1211  grl=5.5264  grl_p=1.1369  grlU=6.221/3.368  aux=11.8005  dead=67.7%  L/P/U=9830/3277/3277  actL/P/U=80/32/16  H=nan  Hu=nan  spec<.5=nan  marg=nan  lstd=nan  lr=1.12e-05
  step  20800/26000  recon=0.4529  pr=0.5725  sid=3.9902  grl=5.4321  grl_p=1.0436  grlU=5.910/3.457  aux=11.2530  dead=67.6%  L/P/U=9830/3277/3277  actL/P/U=80/32/16  H=nan  Hu=nan  spec<.5=nan  marg=nan  lstd=nan  lr=1.08e-05
  step  20900/26000  recon=0.4419  pr=0.5901  sid=3.9316  grl=4.9473  grl_p=1.0411  grlU=6.327/3.406  aux=11.7172  dead=67.5%  L/P/U=9830/3277/3277  actL/P/U=80/32/16  H=nan  Hu=nan  spec<.5=nan  marg=nan  lstd=nan  lr=1.05e-05
  [grad_norms @21000]
    recon             |g|=0.78013  ratio=1.000x recon
    pr_raw            |g|=6.73995  ratio=8.639x recon
    pr_weighted       |g|=5.39196  ratio=6.912x recon
    sid_raw           |g|=7.16433  ratio=9.183x recon
    sid_weighted      |g|=4.29860  ratio=5.510x recon
    grl               |g|=92.73315  ratio=118.868x recon
    grl_p             |g|=14.42819  ratio=18.494x recon
    route             |g|=0.00000  ratio=0.000x recon
  step  21000/26000  recon=0.4424  pr=0.5901  sid=3.6016  grl=5.0669  grl_p=1.0802  grlU=5.756/3.424  aux=11.6452  dead=67.3%  L/P/U=9830/3277/3277  actL/P/U=80/32/16  H=nan  Hu=nan  spec<.5=nan  marg=nan  lstd=nan  lr=1.01e-05
  [val] step=21000  recon=0.4482  pr=0.6388  PER=0.179  sid_acc=0.462
  ✓ best checkpoint (disent=0.7166  PER=0.179 sid=0.462) → /rds/user/bbg25/hpc-work/Thesis/Final-Proj/Disentanglement/checkpoints/scaled_postact128/stage2_best.pt
  step  21100/26000  recon=0.4397  pr=0.6161  sid=4.1465  grl=5.4639  grl_p=1.1677  grlU=6.332/3.471  aux=11.8517  dead=67.3%  L/P/U=9830/3277/3277  actL/P/U=80/32/16  H=nan  Hu=nan  spec<.5=nan  marg=nan  lstd=nan  lr=9.75e-06
  step  21200/26000  recon=0.4482  pr=0.5988  sid=4.0967  grl=5.7734  grl_p=1.1004  grlU=6.881/3.407  aux=11.6907  dead=67.4%  L/P/U=9830/3277/3277  actL/P/U=80/32/16  H=nan  Hu=nan  spec<.5=nan  marg=nan  lstd=nan  lr=9.41e-06
  step  21300/26000  recon=0.4462  pr=0.6786  sid=4.3291  grl=5.4634  grl_p=1.1761  grlU=6.467/3.439  aux=11.9225  dead=67.6%  L/P/U=9830/3277/3277  actL/P/U=80/32/16  H=nan  Hu=nan  spec<.5=nan  marg=nan  lstd=nan  lr=9.07e-06
  step  21400/26000  recon=0.4508  pr=0.6068  sid=3.8188  grl=5.0146  grl_p=1.1702  grlU=6.064/3.485  aux=12.3383  dead=67.6%  L/P/U=9830/3277/3277  actL/P/U=80/32/16  H=nan  Hu=nan  spec<.5=nan  marg=nan  lstd=nan  lr=8.74e-06
  [grad_norms @21500]
    recon             |g|=0.91250  ratio=1.000x recon
    pr_raw            |g|=4.23916  ratio=4.646x recon
    pr_weighted       |g|=3.39133  ratio=3.717x recon
    sid_raw           |g|=7.21846  ratio=7.911x recon
    sid_weighted      |g|=4.33107  ratio=4.746x recon
    grl               |g|=63.51227  ratio=69.603x recon
    grl_p             |g|=20.17434  ratio=22.109x recon
    route             |g|=0.00000  ratio=0.000x recon
  step  21500/26000  recon=0.4491  pr=0.5825  sid=4.0615  grl=4.9414  grl_p=1.0690  grlU=6.061/3.444  aux=12.5066  dead=67.4%  L/P/U=9830/3277/3277  actL/P/U=80/32/16  H=nan  Hu=nan  spec<.5=nan  marg=nan  lstd=nan  lr=8.41e-06
  step  21600/26000  recon=0.4436  pr=0.6603  sid=3.8750  grl=5.6602  grl_p=1.1245  grlU=6.000/3.435  aux=11.8229  dead=67.4%  L/P/U=9830/3277/3277  actL/P/U=80/32/16  H=nan  Hu=nan  spec<.5=nan  marg=nan  lstd=nan  lr=8.10e-06
  step  21700/26000  recon=0.4518  pr=0.5535  sid=3.8730  grl=5.9023  grl_p=1.0416  grlU=6.256/3.369  aux=12.1296  dead=67.4%  L/P/U=9830/3277/3277  actL/P/U=80/32/16  H=nan  Hu=nan  spec<.5=nan  marg=nan  lstd=nan  lr=7.79e-06
  step  21800/26000  recon=0.4409  pr=0.6180  sid=4.0498  grl=5.6494  grl_p=1.1704  grlU=6.096/3.426  aux=12.4764  dead=67.4%  L/P/U=9830/3277/3277  actL/P/U=80/32/16  H=nan  Hu=nan  spec<.5=nan  marg=nan  lstd=nan  lr=7.48e-06
  step  21900/26000  recon=0.4373  pr=0.6347  sid=4.0342  grl=5.7383  grl_p=1.1441  grlU=6.354/3.418  aux=12.3719  dead=67.3%  L/P/U=9830/3277/3277  actL/P/U=80/32/16  H=nan  Hu=nan  spec<.5=nan  marg=nan  lstd=nan  lr=7.18e-06
  [grad_norms @22000]
    recon             |g|=0.69817  ratio=1.000x recon
    pr_raw            |g|=3.03510  ratio=4.347x recon
    pr_weighted       |g|=2.42808  ratio=3.478x recon
    sid_raw           |g|=9.15204  ratio=13.109x recon
    sid_weighted      |g|=5.49122  ratio=7.865x recon
    grl               |g|=48.93910  ratio=70.096x recon
    grl_p             |g|=35.61450  ratio=51.011x recon
    route             |g|=0.00000  ratio=0.000x recon
  step  22000/26000  recon=0.4422  pr=0.6195  sid=3.9980  grl=5.2705  grl_p=1.1540  grlU=5.982/3.460  aux=12.8236  dead=67.3%  L/P/U=9830/3277/3277  actL/P/U=80/32/16  H=nan  Hu=nan  spec<.5=nan  marg=nan  lstd=nan  lr=6.89e-06
  [val] step=22000  recon=0.4481  pr=0.6367  PER=0.180  sid_acc=0.468
  ✓ best checkpoint (disent=0.7124  PER=0.180 sid=0.468) → /rds/user/bbg25/hpc-work/Thesis/Final-Proj/Disentanglement/checkpoints/scaled_postact128/stage2_best.pt
  step  22100/26000  recon=0.4458  pr=0.6088  sid=3.9473  grl=5.5830  grl_p=1.0797  grlU=6.491/3.393  aux=12.1884  dead=67.1%  L/P/U=9830/3277/3277  actL/P/U=80/32/16  H=nan  Hu=nan  spec<.5=nan  marg=nan  lstd=nan  lr=6.60e-06
  step  22200/26000  recon=0.4397  pr=0.6025  sid=3.8447  grl=5.3115  grl_p=1.1331  grlU=5.963/3.429  aux=12.0472  dead=67.2%  L/P/U=9830/3277/3277  actL/P/U=80/32/16  H=nan  Hu=nan  spec<.5=nan  marg=nan  lstd=nan  lr=6.33e-06
  step  22300/26000  recon=0.4370  pr=0.6653  sid=4.0029  grl=5.0469  grl_p=1.1883  grlU=5.941/3.466  aux=12.6699  dead=67.1%  L/P/U=9830/3277/3277  actL/P/U=80/32/16  H=nan  Hu=nan  spec<.5=nan  marg=nan  lstd=nan  lr=6.05e-06
  step  22400/26000  recon=0.4488  pr=0.6129  sid=3.9375  grl=5.1665  grl_p=1.1387  grlU=6.183/3.372  aux=12.6215  dead=67.0%  L/P/U=9830/3277/3277  actL/P/U=80/32/16  H=nan  Hu=nan  spec<.5=nan  marg=nan  lstd=nan  lr=5.79e-06
  [grad_norms @22500]
    recon             |g|=0.79828  ratio=1.000x recon
    pr_raw            |g|=1.29891  ratio=1.627x recon
    pr_weighted       |g|=1.03913  ratio=1.302x recon
    sid_raw           |g|=8.50003  ratio=10.648x recon
    sid_weighted      |g|=5.10002  ratio=6.389x recon
    grl               |g|=87.75046  ratio=109.924x recon
    grl_p             |g|=19.67849  ratio=24.651x recon
    route             |g|=0.00000  ratio=0.000x recon
  step  22500/26000  recon=0.4613  pr=0.6018  sid=4.0938  grl=5.7783  grl_p=1.1225  grlU=7.035/3.422  aux=11.7683  dead=67.0%  L/P/U=9830/3277/3277  actL/P/U=80/32/16  H=nan  Hu=nan  spec<.5=nan  marg=nan  lstd=nan  lr=5.53e-06
  step  22600/26000  recon=0.4411  pr=0.5684  sid=4.0830  grl=5.6396  grl_p=1.0859  grlU=6.180/3.409  aux=12.1633  dead=67.1%  L/P/U=9830/3277/3277  actL/P/U=80/32/16  H=nan  Hu=nan  spec<.5=nan  marg=nan  lstd=nan  lr=5.28e-06
  step  22700/26000  recon=0.4375  pr=0.6710  sid=4.1992  grl=5.2979  grl_p=1.1378  grlU=5.984/3.464  aux=12.1090  dead=67.0%  L/P/U=9830/3277/3277  actL/P/U=80/32/16  H=nan  Hu=nan  spec<.5=nan  marg=nan  lstd=nan  lr=5.03e-06
  step  22800/26000  recon=0.4456  pr=0.5986  sid=3.8237  grl=5.2480  grl_p=1.1564  grlU=6.062/3.440  aux=12.6126  dead=66.9%  L/P/U=9830/3277/3277  actL/P/U=80/32/16  H=nan  Hu=nan  spec<.5=nan  marg=nan  lstd=nan  lr=4.80e-06
  step  22900/26000  recon=0.4398  pr=0.6924  sid=3.9497  grl=5.2266  grl_p=1.1725  grlU=6.275/3.437  aux=13.1369  dead=66.8%  L/P/U=9830/3277/3277  actL/P/U=80/32/16  H=nan  Hu=nan  spec<.5=nan  marg=nan  lstd=nan  lr=4.57e-06
  [grad_norms @23000]
    recon             |g|=0.72429  ratio=1.000x recon
    pr_raw            |g|=5.15323  ratio=7.115x recon
    pr_weighted       |g|=4.12258  ratio=5.692x recon
    sid_raw           |g|=9.76762  ratio=13.486x recon
    sid_weighted      |g|=5.86057  ratio=8.092x recon
    grl               |g|=87.91709  ratio=121.384x recon
    grl_p             |g|=13.25778  ratio=18.305x recon
    route             |g|=0.00000  ratio=0.000x recon
  step  23000/26000  recon=0.4442  pr=0.6419  sid=4.0112  grl=5.7695  grl_p=1.2040  grlU=6.176/3.396  aux=12.3076  dead=66.6%  L/P/U=9830/3277/3277  actL/P/U=80/32/16  H=nan  Hu=nan  spec<.5=nan  marg=nan  lstd=nan  lr=4.34e-06
  [val] step=23000  recon=0.4476  pr=0.6341  PER=0.178  sid_acc=0.482
  ✓ best checkpoint (disent=0.6961  PER=0.178 sid=0.482) → /rds/user/bbg25/hpc-work/Thesis/Final-Proj/Disentanglement/checkpoints/scaled_postact128/stage2_best.pt
  step  23100/26000  recon=0.4530  pr=0.7066  sid=3.9609  grl=4.6069  grl_p=1.1853  grlU=5.694/3.482  aux=12.7442  dead=66.8%  L/P/U=9830/3277/3277  actL/P/U=80/32/16  H=nan  Hu=nan  spec<.5=nan  marg=nan  lstd=nan  lr=4.13e-06
  step  23200/26000  recon=0.4432  pr=0.5884  sid=4.0713  grl=4.8555  grl_p=1.1413  grlU=5.931/3.430  aux=12.4079  dead=66.9%  L/P/U=9830/3277/3277  actL/P/U=80/32/16  H=nan  Hu=nan  spec<.5=nan  marg=nan  lstd=nan  lr=3.92e-06
  step  23300/26000  recon=0.4559  pr=0.6164  sid=3.5957  grl=4.6528  grl_p=1.1601  grlU=6.107/3.421  aux=12.2079  dead=66.7%  L/P/U=9830/3277/3277  actL/P/U=80/32/16  H=nan  Hu=nan  spec<.5=nan  marg=nan  lstd=nan  lr=3.71e-06
  step  23400/26000  recon=0.4640  pr=0.5981  sid=3.7739  grl=4.9307  grl_p=1.1719  grlU=5.959/3.417  aux=11.9076  dead=66.6%  L/P/U=9830/3277/3277  actL/P/U=80/32/16  H=nan  Hu=nan  spec<.5=nan  marg=nan  lstd=nan  lr=3.52e-06
  [grad_norms @23500]
    recon             |g|=0.83071  ratio=1.000x recon
    pr_raw            |g|=1.84902  ratio=2.226x recon
    pr_weighted       |g|=1.47922  ratio=1.781x recon
    sid_raw           |g|=6.04462  ratio=7.276x recon
    sid_weighted      |g|=3.62677  ratio=4.366x recon
    grl               |g|=100.97596  ratio=121.554x recon
    grl_p             |g|=22.24297  ratio=26.776x recon
    route             |g|=0.00000  ratio=0.000x recon
  step  23500/26000  recon=0.4338  pr=0.6140  sid=3.5811  grl=5.6807  grl_p=1.1787  grlU=6.490/3.397  aux=13.4006  dead=66.5%  L/P/U=9830/3277/3277  actL/P/U=80/32/16  H=nan  Hu=nan  spec<.5=nan  marg=nan  lstd=nan  lr=3.33e-06
  step  23600/26000  recon=0.4548  pr=0.6151  sid=3.8643  grl=6.0752  grl_p=1.0953  grlU=6.398/3.406  aux=12.9035  dead=66.7%  L/P/U=9830/3277/3277  actL/P/U=80/32/16  H=nan  Hu=nan  spec<.5=nan  marg=nan  lstd=nan  lr=3.15e-06
  step  23700/26000  recon=0.4564  pr=0.6999  sid=3.6812  grl=5.0508  grl_p=1.2904  grlU=5.946/3.402  aux=12.9285  dead=66.7%  L/P/U=9830/3277/3277  actL/P/U=80/32/16  H=nan  Hu=nan  spec<.5=nan  marg=nan  lstd=nan  lr=2.97e-06
  step  23800/26000  recon=0.4457  pr=0.7211  sid=4.0303  grl=5.6680  grl_p=1.3773  grlU=6.842/3.594  aux=12.9550  dead=66.7%  L/P/U=9830/3277/3277  actL/P/U=80/32/16  H=nan  Hu=nan  spec<.5=nan  marg=nan  lstd=nan  lr=2.81e-06
  step  23900/26000  recon=0.4445  pr=0.6074  sid=3.5410  grl=5.1699  grl_p=1.1338  grlU=6.148/3.420  aux=13.0478  dead=66.5%  L/P/U=9830/3277/3277  actL/P/U=80/32/16  H=nan  Hu=nan  spec<.5=nan  marg=nan  lstd=nan  lr=2.65e-06
  [grad_norms @24000]
    recon             |g|=0.74966  ratio=1.000x recon
    pr_raw            |g|=3.46100  ratio=4.617x recon
    pr_weighted       |g|=2.76880  ratio=3.693x recon
    sid_raw           |g|=7.16330  ratio=9.555x recon
    sid_weighted      |g|=4.29798  ratio=5.733x recon
    grl               |g|=143.08125  ratio=190.861x recon
    grl_p             |g|=14.02821  ratio=18.713x recon
    route             |g|=0.00000  ratio=0.000x recon
  step  24000/26000  recon=0.4390  pr=0.6315  sid=3.9873  grl=4.9692  grl_p=1.1128  grlU=5.957/3.443  aux=13.4419  dead=66.4%  L/P/U=9830/3277/3277  actL/P/U=80/32/16  H=nan  Hu=nan  spec<.5=nan  marg=nan  lstd=nan  lr=2.50e-06
  [val] step=24000  recon=0.4475  pr=0.6329  PER=0.178  sid_acc=0.484
  ✓ best checkpoint (disent=0.6938  PER=0.178 sid=0.484) → /rds/user/bbg25/hpc-work/Thesis/Final-Proj/Disentanglement/checkpoints/scaled_postact128/stage2_best.pt
  step  24100/26000  recon=0.4528  pr=0.5967  sid=3.7705  grl=5.5449  grl_p=1.1276  grlU=6.174/3.412  aux=12.6182  dead=66.6%  L/P/U=9830/3277/3277  actL/P/U=80/32/16  H=nan  Hu=nan  spec<.5=nan  marg=nan  lstd=nan  lr=2.35e-06
  step  24200/26000  recon=0.4452  pr=0.6013  sid=3.9805  grl=5.0287  grl_p=1.1621  grlU=5.524/3.429  aux=12.7770  dead=66.5%  L/P/U=9830/3277/3277  actL/P/U=80/32/16  H=nan  Hu=nan  spec<.5=nan  marg=nan  lstd=nan  lr=2.21e-06
  step  24300/26000  recon=0.4439  pr=0.5860  sid=3.9404  grl=5.8733  grl_p=1.1323  grlU=6.375/3.412  aux=12.8858  dead=66.5%  L/P/U=9830/3277/3277  actL/P/U=80/32/16  H=nan  Hu=nan  spec<.5=nan  marg=nan  lstd=nan  lr=2.08e-06
  step  24400/26000  recon=0.4353  pr=0.5777  sid=3.8711  grl=5.4707  grl_p=1.0859  grlU=6.154/3.398  aux=13.2146  dead=66.7%  L/P/U=9830/3277/3277  actL/P/U=80/32/16  H=nan  Hu=nan  spec<.5=nan  marg=nan  lstd=nan  lr=1.96e-06
  [grad_norms @24500]
    recon             |g|=0.70627  ratio=1.000x recon
    pr_raw            |g|=4.34016  ratio=6.145x recon
    pr_weighted       |g|=3.47213  ratio=4.916x recon
    sid_raw           |g|=17.60466  ratio=24.926x recon
    sid_weighted      |g|=10.56279  ratio=14.956x recon
    grl               |g|=72.04037  ratio=102.001x recon
    grl_p             |g|=19.48385  ratio=27.587x recon
    route             |g|=0.00000  ratio=0.000x recon
  step  24500/26000  recon=0.4489  pr=0.6631  sid=4.0264  grl=5.3354  grl_p=1.1237  grlU=6.142/3.438  aux=12.1759  dead=66.5%  L/P/U=9830/3277/3277  actL/P/U=80/32/16  H=nan  Hu=nan  spec<.5=nan  marg=nan  lstd=nan  lr=1.84e-06
  step  24600/26000  recon=0.4416  pr=0.6277  sid=3.9058  grl=5.2334  grl_p=1.1991  grlU=6.273/3.415  aux=12.7762  dead=66.5%  L/P/U=9830/3277/3277  actL/P/U=80/32/16  H=nan  Hu=nan  spec<.5=nan  marg=nan  lstd=nan  lr=1.73e-06
  step  24700/26000  recon=0.4395  pr=0.5698  sid=3.7490  grl=5.1748  grl_p=1.0845  grlU=5.875/3.367  aux=12.8373  dead=66.6%  L/P/U=9830/3277/3277  actL/P/U=80/32/16  H=nan  Hu=nan  spec<.5=nan  marg=nan  lstd=nan  lr=1.63e-06
  step  24800/26000  recon=0.4598  pr=0.6602  sid=3.5757  grl=4.9639  grl_p=1.2203  grlU=6.176/3.408  aux=12.6298  dead=66.6%  L/P/U=9830/3277/3277  actL/P/U=80/32/16  H=nan  Hu=nan  spec<.5=nan  marg=nan  lstd=nan  lr=1.54e-06
  step  24900/26000  recon=0.4527  pr=0.5807  sid=4.0454  grl=5.2737  grl_p=1.1438  grlU=5.649/3.406  aux=11.8401  dead=66.7%  L/P/U=9830/3277/3277  actL/P/U=80/32/16  H=nan  Hu=nan  spec<.5=nan  marg=nan  lstd=nan  lr=1.45e-06
  [grad_norms @25000]
    recon             |g|=0.86182  ratio=1.000x recon
    pr_raw            |g|=5.09169  ratio=5.908x recon
    pr_weighted       |g|=4.07335  ratio=4.726x recon
    sid_raw           |g|=11.76177  ratio=13.648x recon
    sid_weighted      |g|=7.05706  ratio=8.189x recon
    grl               |g|=68.01270  ratio=78.917x recon
    grl_p             |g|=13.70435  ratio=15.902x recon
    route             |g|=0.00000  ratio=0.000x recon
  step  25000/26000  recon=0.4492  pr=0.6113  sid=3.9399  grl=5.3975  grl_p=1.1332  grlU=6.137/3.453  aux=14.1161  dead=66.6%  L/P/U=9830/3277/3277  actL/P/U=80/32/16  H=nan  Hu=nan  spec<.5=nan  marg=nan  lstd=nan  lr=1.38e-06
  [val] step=25000  recon=0.4472  pr=0.6315  PER=0.178  sid_acc=0.488
  ✓ best checkpoint (disent=0.6899  PER=0.178 sid=0.488) → /rds/user/bbg25/hpc-work/Thesis/Final-Proj/Disentanglement/checkpoints/scaled_postact128/stage2_best.pt
  step  25100/26000  recon=0.4445  pr=0.5581  sid=4.2148  grl=5.0249  grl_p=1.0964  grlU=6.117/3.410  aux=12.6706  dead=66.7%  L/P/U=9830/3277/3277  actL/P/U=80/32/16  H=nan  Hu=nan  spec<.5=nan  marg=nan  lstd=nan  lr=1.30e-06
  step  25200/26000  recon=0.4492  pr=0.5756  sid=3.6641  grl=6.0869  grl_p=1.1288  grlU=5.919/3.390  aux=12.5205  dead=66.7%  L/P/U=9830/3277/3277  actL/P/U=80/32/16  H=nan  Hu=nan  spec<.5=nan  marg=nan  lstd=nan  lr=1.24e-06
  step  25300/26000  recon=0.4512  pr=0.6843  sid=3.9199  grl=5.5215  grl_p=1.1904  grlU=6.240/3.402  aux=13.3577  dead=66.4%  L/P/U=9830/3277/3277  actL/P/U=80/32/16  H=nan  Hu=nan  spec<.5=nan  marg=nan  lstd=nan  lr=1.18e-06
  step  25400/26000  recon=0.4555  pr=0.6306  sid=3.7617  grl=5.2676  grl_p=1.1557  grlU=6.352/3.436  aux=12.4009  dead=66.5%  L/P/U=9830/3277/3277  actL/P/U=80/32/16  H=nan  Hu=nan  spec<.5=nan  marg=nan  lstd=nan  lr=1.14e-06
  [grad_norms @25500]
    recon             |g|=0.72776  ratio=1.000x recon
    pr_raw            |g|=1.41867  ratio=1.949x recon
    pr_weighted       |g|=1.13493  ratio=1.559x recon
    sid_raw           |g|=16.69373  ratio=22.938x recon
    sid_weighted      |g|=10.01624  ratio=13.763x recon
    grl               |g|=101.58302  ratio=139.582x recon
    grl_p             |g|=14.19643  ratio=19.507x recon
    route             |g|=0.00000  ratio=0.000x recon
  step  25500/26000  recon=0.4549  pr=0.6136  sid=4.0078  grl=4.4238  grl_p=1.1407  grlU=6.243/3.408  aux=12.2612  dead=66.4%  L/P/U=9830/3277/3277  actL/P/U=80/32/16  H=nan  Hu=nan  spec<.5=nan  marg=nan  lstd=nan  lr=1.09e-06
  step  25600/26000  recon=0.4480  pr=0.6203  sid=4.2236  grl=5.2959  grl_p=1.1420  grlU=5.979/3.423  aux=13.1425  dead=66.3%  L/P/U=9830/3277/3277  actL/P/U=80/32/16  H=nan  Hu=nan  spec<.5=nan  marg=nan  lstd=nan  lr=1.06e-06
  step  25700/26000  recon=0.4419  pr=0.5517  sid=3.9453  grl=4.7646  grl_p=1.1313  grlU=6.033/3.415  aux=13.5703  dead=66.5%  L/P/U=9830/3277/3277  actL/P/U=80/32/16  H=nan  Hu=nan  spec<.5=nan  marg=nan  lstd=nan  lr=1.03e-06
  step  25800/26000  recon=0.4372  pr=0.6711  sid=3.8398  grl=5.6250  grl_p=1.1584  grlU=6.092/3.394  aux=13.8683  dead=66.6%  L/P/U=9830/3277/3277  actL/P/U=80/32/16  H=nan  Hu=nan  spec<.5=nan  marg=nan  lstd=nan  lr=1.02e-06
  step  25900/26000  recon=0.4437  pr=0.6887  sid=4.1641  grl=4.9570  grl_p=1.2062  grlU=5.979/3.420  aux=12.8664  dead=66.8%  L/P/U=9830/3277/3277  actL/P/U=80/32/16  H=nan  Hu=nan  spec<.5=nan  marg=nan  lstd=nan  lr=1.00e-06
  [grad_norms @26000]
    recon             |g|=0.78741  ratio=1.000x recon
    pr_raw            |g|=4.43077  ratio=5.627x recon
    pr_weighted       |g|=3.54461  ratio=4.502x recon
    sid_raw           |g|=12.35634  ratio=15.692x recon
    sid_weighted      |g|=7.41380  ratio=9.415x recon
    grl               |g|=63.23245  ratio=80.304x recon
    grl_p             |g|=18.59060  ratio=23.610x recon
    route             |g|=0.00000  ratio=0.000x recon
  step  26000/26000  recon=0.4405  pr=0.6119  sid=3.7437  grl=4.3940  grl_p=1.0941  grlU=5.733/3.391  aux=12.7547  dead=66.6%  L/P/U=9830/3277/3277  actL/P/U=80/32/16  H=nan  Hu=nan  spec<.5=nan  marg=nan  lstd=nan  lr=1.00e-06
  [val] step=26000  recon=0.4470  pr=0.6310  PER=0.178  sid_acc=0.492
  ✓ best checkpoint (disent=0.6857  PER=0.178 sid=0.492) → /rds/user/bbg25/hpc-work/Thesis/Final-Proj/Disentanglement/checkpoints/scaled_postact128/stage2_best.pt

[stage 2] done.  Best disent_score=0.6857  → /rds/user/bbg25/hpc-work/Thesis/Final-Proj/Disentanglement/checkpoints/scaled_postact128/stage2_best.pt

[done]  best checkpoint → /rds/user/bbg25/hpc-work/Thesis/Final-Proj/Disentanglement/checkpoints/scaled_postact128/stage2_best.pt

----- probe -----
Tue Jun 16 05:11:46 BST 2026
[diag_probe] run=diag_probe_scaled_postact128  device=cuda
[diag_probe] seed=42
[diag_probe] stage1_ckpt=/rds/user/bbg25/hpc-work/Thesis/Final-Proj/Disentanglement/checkpoints/scaled_postact128/stage2_best.pt
[diag_probe] stage2_ckpt=/rds/user/bbg25/hpc-work/Thesis/Final-Proj/Disentanglement/checkpoints/scaled_postact128/stage2_best.pt
[diag_probe] sources=['z_t', 'z_L', 'z_P', 'z_U']  tasks=['pr', 'sid']
[diag_probe] probe_steps=8000  pr_lr=0.0005  sid_lr=0.001  warmup=0  val_every=250  patience=6
[pr_data] loaded LibriSpeech lexicon: 200,000 entries
[pr_data] loading train-clean-100 …
[pr_data] loading dev-clean …
[pr_data] loading test-clean …
[pr_data]  train=28539  val=2703  test=2620  vocab_size=74
[dis_data] loaded lexicon: 200,000 entries
[dis_data] loading train-clean-100 …
[dis_data]  251 speakers
[dis_data]  train=27539  val=500  test=500  vocab=74  speakers=251
[diag_probe] K overridden from checkpoint: 5120 -> 16384
[diag_probe] topk overridden: 256 -> 128
[train] WARNING: unexpected missing SAE keys: ['block_idx', 'block_m_L', 'block_m_P', 'block_m_U']
[train] loaded 3 SAE tensors from /rds/user/bbg25/hpc-work/Thesis/Final-Proj/Disentanglement/checkpoints/scaled_postact128/stage2_best.pt  (step=26000  val=0.6857)
[diag_probe] skipped 8 shape-mismatched/stale keys (e.g. ['grl_head_u.projector.weight', 'grl_head_u.projector.bias', 'grl_head_u.fc.weight']) — fine, probe does not use adversarial heads
[diag_probe] loaded stage2 weights from /rds/user/bbg25/hpc-work/Thesis/Final-Proj/Disentanglement/checkpoints/scaled_postact128/stage2_best.pt

[diag_probe] speakers=921  pr_vocab=74  D=1280  K=16384
[diag_probe] PR: SUPERB 74-phone — train-clean-100 → val=dev-clean, test=test-clean
[diag_probe] SID: closed-set utterance split (val/test held out); probe arch=stats
[diag_probe] reported metric = TEST (val shown in parentheses)

  training probe: z_t -> PR ...
[pr_data] g2p_en loaded for OOV words
      [pr z_t] step 250/8000  dev PER=0.195  (best 0.195, bad 0/6)
      [pr z_t] step 500/8000  dev PER=0.156  (best 0.156, bad 0/6)
      [pr z_t] step 750/8000  dev PER=0.131  (best 0.131, bad 0/6)
      [pr z_t] step 1000/8000  dev PER=0.126  (best 0.126, bad 0/6)
      [pr z_t] step 1250/8000  dev PER=0.125  (best 0.125, bad 0/6)
      [pr z_t] step 1500/8000  dev PER=0.134  (best 0.125, bad 1/6)
      [pr z_t] step 1750/8000  dev PER=0.129  (best 0.125, bad 2/6)
      [pr z_t] step 2000/8000  dev PER=0.118  (best 0.118, bad 0/6)
      [pr z_t] step 2250/8000  dev PER=0.123  (best 0.118, bad 1/6)
      [pr z_t] step 2500/8000  dev PER=0.113  (best 0.113, bad 0/6)
      [pr z_t] step 2750/8000  dev PER=0.109  (best 0.109, bad 0/6)
      [pr z_t] step 3000/8000  dev PER=0.110  (best 0.109, bad 1/6)
      [pr z_t] step 3250/8000  dev PER=0.115  (best 0.109, bad 2/6)
      [pr z_t] step 3500/8000  dev PER=0.118  (best 0.109, bad 3/6)
      [pr z_t] step 3750/8000  dev PER=0.116  (best 0.109, bad 4/6)
      [pr z_t] step 4000/8000  dev PER=0.112  (best 0.109, bad 5/6)
      [pr z_t] step 4250/8000  dev PER=0.114  (best 0.109, bad 6/6)
    z_t -> PR               PER test=0.111  (val 0.109)
  training probe: z_t -> SID ...
[dis_data] g2p_en loaded for OOV words
