[diag_probe] run=diag_libri_advfb_prrecover_decay_gn00025to00005_240L16P_aux64_12k_s42_sid_stats_seed42  device=cuda
[diag_probe] seed=42
[diag_probe] stage1_ckpt=/scratch/bbg25/runs/libri_advfb_prrecover_decay_gn00025to00005_240L16P_aux64_12k_s42/checkpoints/stage2_step12000.pt
[diag_probe] stage2_ckpt=/scratch/bbg25/runs/libri_advfb_prrecover_decay_gn00025to00005_240L16P_aux64_12k_s42/checkpoints/stage2_step12000.pt
[diag_probe] sources=['z_t', 'z_L', 'z_P']  tasks=['sid']
[diag_probe] probe_steps=5000  pr_lr=0.0005  sid_lr=0.001  pr_warmup=500  other_warmup=0  val_every=250  patience=5
[diag_probe] PR task not requested — skipping PR dataloaders.
[dis_data] loaded lexicon: 200,000 entries
[dis_data] loading train-clean-100 …
[dis_data]  251 speakers
[dis_data]  train=27539  val=500  test=500  vocab=74  speakers=251
[diag_probe] topk confirmed: 256
[train] WARNING: unexpected missing SAE keys: ['block_idx', 'block_m_L', 'block_m_P', 'block_m_U']
[train] loaded 3 SAE tensors from /scratch/bbg25/runs/libri_advfb_prrecover_decay_gn00025to00005_240L16P_aux64_12k_s42/checkpoints/stage2_step12000.pt  (step=12000  val=0.1422)
[diag_probe] loaded stage2 weights from /scratch/bbg25/runs/libri_advfb_prrecover_decay_gn00025to00005_240L16P_aux64_12k_s42/checkpoints/stage2_step12000.pt

[diag_probe] speakers=251  pr_vocab=74  D=1280  K=5120
[diag_probe] PR: skipped
[diag_probe] SID: closed-set utterance split (val/test held out); probe arch=stats
[diag_probe] reported metric = TEST (val shown in parentheses)

  training probe: z_t -> SID ...
[dis_data] g2p_en loaded for OOV words
      [sid z_t] step 250/5000  train loss=5.513 acc=0.000  dev loss=5.528 acc=0.006  (best 0.006, bad 0/5)
      [sid z_t] step 500/5000  train loss=5.542 acc=0.000  dev loss=5.527 acc=0.002  (best 0.006, bad 1/5)
      [sid z_t] step 750/5000  train loss=5.523 acc=0.000  dev loss=5.526 acc=0.002  (best 0.006, bad 2/5)
      [sid z_t] step 1000/5000  train loss=5.503 acc=0.000  dev loss=5.525 acc=0.002  (best 0.006, bad 3/5)
      [sid z_t] step 1250/5000  train loss=5.502 acc=0.000  dev loss=5.526 acc=0.002  (best 0.006, bad 4/5)
      [sid z_t] step 1500/5000  train loss=5.508 acc=0.000  dev loss=5.527 acc=0.002  (best 0.006, bad 5/5)
    z_t -> SID              acc test=0.006  (val 0.006)
  training probe: z_L -> SID ...
      [sid z_L] step 250/5000  train loss=5.532 acc=0.000  dev loss=5.525 acc=0.006  (best 0.006, bad 0/5)
      [sid z_L] step 500/5000  train loss=5.516 acc=0.062  dev loss=5.525 acc=0.006  (best 0.006, bad 1/5)
      [sid z_L] step 750/5000  train loss=5.540 acc=0.000  dev loss=5.526 acc=0.006  (best 0.006, bad 2/5)
      [sid z_L] step 1000/5000  train loss=5.534 acc=0.000  dev loss=5.524 acc=0.006  (best 0.006, bad 3/5)
      [sid z_L] step 1250/5000  train loss=5.544 acc=0.000  dev loss=5.525 acc=0.002  (best 0.006, bad 4/5)
      [sid z_L] step 1500/5000  train loss=5.529 acc=0.000  dev loss=5.526 acc=0.002  (best 0.006, bad 5/5)
    z_L -> SID              acc test=0.002  (val 0.006)
  training probe: z_P -> SID ...
      [sid z_P] step 250/5000  train loss=1.869 acc=0.562  dev loss=2.038 acc=0.576  (best 0.576, bad 0/5)
      [sid z_P] step 500/5000  train loss=0.490 acc=0.875  dev loss=0.536 acc=0.918  (best 0.918, bad 0/5)
      [sid z_P] step 750/5000  train loss=0.275 acc=0.938  dev loss=0.220 acc=0.956  (best 0.956, bad 0/5)
      [sid z_P] step 1000/5000  train loss=0.327 acc=0.875  dev loss=0.121 acc=0.978  (best 0.978, bad 0/5)
      [sid z_P] step 1250/5000  train loss=0.112 acc=0.938  dev loss=0.099 acc=0.980  (best 0.980, bad 0/5)
      [sid z_P] step 1500/5000  train loss=0.011 acc=1.000  dev loss=0.057 acc=0.990  (best 0.990, bad 0/5)
      [sid z_P] step 1750/5000  train loss=0.063 acc=0.938  dev loss=0.048 acc=0.988  (best 0.990, bad 1/5)
      [sid z_P] step 2000/5000  train loss=0.018 acc=1.000  dev loss=0.038 acc=0.994  (best 0.994, bad 0/5)
      [sid z_P] step 2250/5000  train loss=0.010 acc=1.000  dev loss=0.028 acc=0.992  (best 0.994, bad 1/5)
      [sid z_P] step 2500/5000  train loss=0.006 acc=1.000  dev loss=0.019 acc=0.996  (best 0.996, bad 0/5)
      [sid z_P] step 2750/5000  train loss=0.006 acc=1.000  dev loss=0.012 acc=1.000  (best 1.000, bad 0/5)
      [sid z_P] step 3000/5000  train loss=0.006 acc=1.000  dev loss=0.017 acc=0.996  (best 1.000, bad 1/5)
      [sid z_P] step 3250/5000  train loss=0.003 acc=1.000  dev loss=0.013 acc=0.998  (best 1.000, bad 2/5)
      [sid z_P] step 3500/5000  train loss=0.005 acc=1.000  dev loss=0.008 acc=1.000  (best 1.000, bad 3/5)
      [sid z_P] step 3750/5000  train loss=0.005 acc=1.000  dev loss=0.013 acc=0.998  (best 1.000, bad 4/5)
      [sid z_P] step 4000/5000  train loss=0.002 acc=1.000  dev loss=0.007 acc=1.000  (best 1.000, bad 5/5)
    z_P -> SID              acc test=1.000  (val 1.000)

==================================================================
  DIAGNOSTIC PROBE RESULTS - diag_libri_advfb_prrecover_decay_gn00025to00005_240L16P_aux64_12k_s42_sid_stats_seed42
==================================================================
  Source       PR (PER↓)    SID (acc↑)
  --------  ------------  ------------
  z_t                nan         0.006
  z_L                nan         0.002
  z_P                nan         1.000
==================================================================

