[diag_probe] run=diag_libri_advfb_prrecover_decay_gn00025to00005_240L16P_aux64_12k_s42_z_t_pr_linear_seed42  device=cuda
[diag_probe] seed=42
[diag_probe] stage1_ckpt=/scratch/bbg25/runs/libri_advfb_prrecover_decay_gn00025to00005_240L16P_aux64_12k_s42/checkpoints/stage2_step12000.pt
[diag_probe] stage2_ckpt=/scratch/bbg25/runs/libri_advfb_prrecover_decay_gn00025to00005_240L16P_aux64_12k_s42/checkpoints/stage2_step12000.pt
[diag_probe] sources=['z_t']  tasks=['pr']
[diag_probe] probe_steps=5000  pr_lr=0.0005  sid_lr=0.001  pr_warmup=500  other_warmup=0  val_every=250  patience=5
[dis_data] loaded lexicon: 200,000 entries
[dis_data] loading PR train-clean-100 …
[dis_data] loading PR dev-clean …
[dis_data] loading PR test-clean …
[dis_data]  PR train=28539 val=2703 test=2620 vocab=74
[dis_data] loading train-clean-100 …
[dis_data]  251 speakers
[dis_data]  train=27539  val=500  test=500  vocab=74  speakers=251
[diag_probe] topk confirmed: 256
[train] WARNING: unexpected missing SAE keys: ['block_idx', 'block_m_L', 'block_m_P', 'block_m_U']
[train] loaded 3 SAE tensors from /scratch/bbg25/runs/libri_advfb_prrecover_decay_gn00025to00005_240L16P_aux64_12k_s42/checkpoints/stage2_step12000.pt  (step=12000  val=0.1422)
[diag_probe] loaded stage2 weights from /scratch/bbg25/runs/libri_advfb_prrecover_decay_gn00025to00005_240L16P_aux64_12k_s42/checkpoints/stage2_step12000.pt

[diag_probe] speakers=251  pr_vocab=74  D=1280  K=5120
[diag_probe] PR: stage-2-matched 74-phone targets — train-clean-100 → val=dev-clean, test=test-clean
[diag_probe] SID: closed-set utterance split (val/test held out); probe arch=linear
[diag_probe] reported metric = TEST (val shown in parentheses)

  training probe: z_t -> PR ...
[dis_data] g2p_en loaded for OOV words
      [pr z_t] step 250/5000  train loss=6.370  dev loss=6.574  dev PER=0.847  (best 0.847, bad 0/5)
      [pr z_t] step 500/5000  train loss=4.913  dev loss=6.554  dev PER=0.945  (best 0.847, bad 1/5)
      [pr z_t] step 750/5000  train loss=4.739  dev loss=3.955  dev PER=0.999  (best 0.847, bad 2/5)
      [pr z_t] step 1000/5000  train loss=2.036  dev loss=0.886  dev PER=0.280  (best 0.280, bad 0/5)
      [pr z_t] step 1250/5000  train loss=0.749  dev loss=0.688  dev PER=0.201  (best 0.201, bad 0/5)
      [pr z_t] step 1500/5000  train loss=0.652  dev loss=0.641  dev PER=0.201  (best 0.201, bad 0/5)
      [pr z_t] step 1750/5000  train loss=0.608  dev loss=0.588  dev PER=0.153  (best 0.153, bad 0/5)
      [pr z_t] step 2000/5000  train loss=0.561  dev loss=0.580  dev PER=0.161  (best 0.153, bad 1/5)
      [pr z_t] step 2250/5000  train loss=0.545  dev loss=0.538  dev PER=0.144  (best 0.144, bad 0/5)
      [pr z_t] step 2500/5000  train loss=0.521  dev loss=0.540  dev PER=0.137  (best 0.137, bad 0/5)
      [pr z_t] step 2750/5000  train loss=0.516  dev loss=0.514  dev PER=0.135  (best 0.135, bad 0/5)
      [pr z_t] step 3000/5000  train loss=0.500  dev loss=0.493  dev PER=0.124  (best 0.124, bad 0/5)
      [pr z_t] step 3250/5000  train loss=0.490  dev loss=0.488  dev PER=0.119  (best 0.119, bad 0/5)
      [pr z_t] step 3500/5000  train loss=0.475  dev loss=0.465  dev PER=0.125  (best 0.119, bad 1/5)
      [pr z_t] step 3750/5000  train loss=0.463  dev loss=0.460  dev PER=0.120  (best 0.119, bad 2/5)
      [pr z_t] step 4000/5000  train loss=0.452  dev loss=0.468  dev PER=0.128  (best 0.119, bad 3/5)
      [pr z_t] step 4250/5000  train loss=0.444  dev loss=0.452  dev PER=0.121  (best 0.119, bad 4/5)
      [pr z_t] step 4500/5000  train loss=0.440  dev loss=0.443  dev PER=0.111  (best 0.111, bad 0/5)
      [pr z_t] step 4750/5000  train loss=0.436  dev loss=0.442  dev PER=0.123  (best 0.111, bad 1/5)
      [pr z_t] step 5000/5000  train loss=0.427  dev loss=0.434  dev PER=0.115  (best 0.111, bad 2/5)
    z_t -> PR               PER test=0.114  (val 0.111)

==================================================================
  DIAGNOSTIC PROBE RESULTS - diag_libri_advfb_prrecover_decay_gn00025to00005_240L16P_aux64_12k_s42_z_t_pr_linear_seed42
==================================================================
  Source       PR (PER↓)    SID (acc↑)
  --------  ------------  ------------
  z_t              0.114           nan
==================================================================

