[diag_probe] run=diag_libri_advfb_prrecover_decay_gn00025to00005_240L16P_aux64_12k_s42_z_L_pr_direct_seed42  device=cuda
[diag_probe] seed=42
[diag_probe] stage1_ckpt=/scratch/bbg25/runs/libri_advfb_prrecover_decay_gn00025to00005_240L16P_aux64_12k_s42/checkpoints/stage2_step12000.pt
[diag_probe] stage2_ckpt=/scratch/bbg25/runs/libri_advfb_prrecover_decay_gn00025to00005_240L16P_aux64_12k_s42/checkpoints/stage2_step12000.pt
[diag_probe] sources=['z_L']  tasks=['pr']
[diag_probe] probe_steps=5000  pr_lr=0.0005  sid_lr=0.001  pr_warmup=500  other_warmup=0  val_every=250  patience=5
[dis_data] loaded lexicon: 200,000 entries
[dis_data] loading PR train-clean-100 …
[dis_data] loading PR dev-clean …
[dis_data] loading PR test-clean …
[dis_data]  PR train=28539 val=2703 test=2620 vocab=74
[dis_data] loading train-clean-100 …
[dis_data]  251 speakers
[dis_data]  train=27539  val=500  test=500  vocab=74  speakers=251
[diag_probe] topk confirmed: 256
[train] WARNING: unexpected missing SAE keys: ['block_idx', 'block_m_L', 'block_m_P', 'block_m_U']
[train] loaded 3 SAE tensors from /scratch/bbg25/runs/libri_advfb_prrecover_decay_gn00025to00005_240L16P_aux64_12k_s42/checkpoints/stage2_step12000.pt  (step=12000  val=0.1422)
[diag_probe] loaded stage2 weights from /scratch/bbg25/runs/libri_advfb_prrecover_decay_gn00025to00005_240L16P_aux64_12k_s42/checkpoints/stage2_step12000.pt

[diag_probe] speakers=251  pr_vocab=74  D=1280  K=5120
[diag_probe] PR: stage-2-matched 74-phone targets — train-clean-100 → val=dev-clean, test=test-clean
[diag_probe] SID: closed-set utterance split (val/test held out); probe arch=linear
[diag_probe] reported metric = TEST (val shown in parentheses)

  training probe: z_L -> PR ...
[dis_data] g2p_en loaded for OOV words
      [pr z_L] step 250/5000  train loss=8.507  dev loss=6.741  dev PER=0.987  (best 0.987, bad 0/5)
      [pr z_L] step 500/5000  train loss=3.607  dev loss=1.376  dev PER=0.566  (best 0.566, bad 0/5)
      [pr z_L] step 750/5000  train loss=1.031  dev loss=0.859  dev PER=0.283  (best 0.283, bad 0/5)
      [pr z_L] step 1000/5000  train loss=0.794  dev loss=0.746  dev PER=0.235  (best 0.235, bad 0/5)
      [pr z_L] step 1250/5000  train loss=0.720  dev loss=0.689  dev PER=0.195  (best 0.195, bad 0/5)
      [pr z_L] step 1500/5000  train loss=0.680  dev loss=0.687  dev PER=0.227  (best 0.195, bad 1/5)
      [pr z_L] step 1750/5000  train loss=0.655  dev loss=0.654  dev PER=0.195  (best 0.195, bad 2/5)
      [pr z_L] step 2000/5000  train loss=0.621  dev loss=0.625  dev PER=0.182  (best 0.182, bad 0/5)
      [pr z_L] step 2250/5000  train loss=0.609  dev loss=0.611  dev PER=0.187  (best 0.182, bad 1/5)
      [pr z_L] step 2500/5000  train loss=0.591  dev loss=0.610  dev PER=0.189  (best 0.182, bad 2/5)
      [pr z_L] step 2750/5000  train loss=0.584  dev loss=0.587  dev PER=0.161  (best 0.161, bad 0/5)
      [pr z_L] step 3000/5000  train loss=0.577  dev loss=0.574  dev PER=0.155  (best 0.155, bad 0/5)
      [pr z_L] step 3250/5000  train loss=0.566  dev loss=0.568  dev PER=0.163  (best 0.155, bad 1/5)
      [pr z_L] step 3500/5000  train loss=0.556  dev loss=0.558  dev PER=0.158  (best 0.155, bad 2/5)
      [pr z_L] step 3750/5000  train loss=0.548  dev loss=0.550  dev PER=0.154  (best 0.154, bad 0/5)
      [pr z_L] step 4000/5000  train loss=0.539  dev loss=0.542  dev PER=0.162  (best 0.154, bad 1/5)
      [pr z_L] step 4250/5000  train loss=0.533  dev loss=0.541  dev PER=0.149  (best 0.149, bad 0/5)
      [pr z_L] step 4500/5000  train loss=0.529  dev loss=0.535  dev PER=0.146  (best 0.146, bad 0/5)
      [pr z_L] step 4750/5000  train loss=0.528  dev loss=0.531  dev PER=0.152  (best 0.146, bad 1/5)
      [pr z_L] step 5000/5000  train loss=0.521  dev loss=0.528  dev PER=0.150  (best 0.146, bad 2/5)
    z_L -> PR               PER test=0.147  (val 0.146)

==================================================================
  DIAGNOSTIC PROBE RESULTS - diag_libri_advfb_prrecover_decay_gn00025to00005_240L16P_aux64_12k_s42_z_L_pr_direct_seed42
==================================================================
  Source       PR (PER↓)    SID (acc↑)
  --------  ------------  ------------
  z_L              0.147           nan
==================================================================

