[diag_probe] run=diag_libri_advfb_prrecover_decay_gn00025to00005_240L16P_aux64_12k_s42_sid_linear_seed42  device=cuda
[diag_probe] seed=42
[diag_probe] stage1_ckpt=/scratch/bbg25/runs/libri_advfb_prrecover_decay_gn00025to00005_240L16P_aux64_12k_s42/checkpoints/stage2_step12000.pt
[diag_probe] stage2_ckpt=/scratch/bbg25/runs/libri_advfb_prrecover_decay_gn00025to00005_240L16P_aux64_12k_s42/checkpoints/stage2_step12000.pt
[diag_probe] sources=['z_t', 'z_L', 'z_P']  tasks=['sid']
[diag_probe] probe_steps=5000  pr_lr=0.0005  sid_lr=0.001  pr_warmup=500  other_warmup=0  val_every=250  patience=5
[diag_probe] PR task not requested — skipping PR dataloaders.
[dis_data] loaded lexicon: 200,000 entries
[dis_data] loading train-clean-100 …
[dis_data]  251 speakers
[dis_data]  train=27539  val=500  test=500  vocab=74  speakers=251
[diag_probe] topk confirmed: 256
[train] WARNING: unexpected missing SAE keys: ['block_idx', 'block_m_L', 'block_m_P', 'block_m_U']
[train] loaded 3 SAE tensors from /scratch/bbg25/runs/libri_advfb_prrecover_decay_gn00025to00005_240L16P_aux64_12k_s42/checkpoints/stage2_step12000.pt  (step=12000  val=0.1422)
[diag_probe] loaded stage2 weights from /scratch/bbg25/runs/libri_advfb_prrecover_decay_gn00025to00005_240L16P_aux64_12k_s42/checkpoints/stage2_step12000.pt

[diag_probe] speakers=251  pr_vocab=74  D=1280  K=5120
[diag_probe] PR: skipped
[diag_probe] SID: closed-set utterance split (val/test held out); probe arch=linear
[diag_probe] reported metric = TEST (val shown in parentheses)

  training probe: z_t -> SID ...
[dis_data] g2p_en loaded for OOV words
      [sid z_t] step 250/5000  train loss=6.933 acc=0.062  dev loss=5.772 acc=0.110  (best 0.110, bad 0/5)
      [sid z_t] step 500/5000  train loss=4.134 acc=0.312  dev loss=4.303 acc=0.188  (best 0.188, bad 0/5)
      [sid z_t] step 750/5000  train loss=2.532 acc=0.438  dev loss=2.154 acc=0.504  (best 0.504, bad 0/5)
      [sid z_t] step 1000/5000  train loss=1.922 acc=0.625  dev loss=1.551 acc=0.612  (best 0.612, bad 0/5)
      [sid z_t] step 1250/5000  train loss=1.275 acc=0.688  dev loss=1.371 acc=0.626  (best 0.626, bad 0/5)
      [sid z_t] step 1500/5000  train loss=0.644 acc=0.875  dev loss=0.801 acc=0.754  (best 0.754, bad 0/5)
      [sid z_t] step 1750/5000  train loss=0.735 acc=0.750  dev loss=0.523 acc=0.864  (best 0.864, bad 0/5)
      [sid z_t] step 2000/5000  train loss=0.411 acc=0.812  dev loss=0.644 acc=0.806  (best 0.864, bad 1/5)
      [sid z_t] step 2250/5000  train loss=0.564 acc=0.812  dev loss=0.709 acc=0.768  (best 0.864, bad 2/5)
      [sid z_t] step 2500/5000  train loss=0.347 acc=0.812  dev loss=0.490 acc=0.852  (best 0.864, bad 3/5)
      [sid z_t] step 2750/5000  train loss=0.143 acc=1.000  dev loss=0.296 acc=0.916  (best 0.916, bad 0/5)
      [sid z_t] step 3000/5000  train loss=0.367 acc=0.812  dev loss=0.142 acc=0.958  (best 0.958, bad 0/5)
      [sid z_t] step 3250/5000  train loss=0.238 acc=0.938  dev loss=0.340 acc=0.884  (best 0.958, bad 1/5)
      [sid z_t] step 3500/5000  train loss=0.181 acc=0.938  dev loss=0.139 acc=0.962  (best 0.962, bad 0/5)
      [sid z_t] step 3750/5000  train loss=0.843 acc=0.812  dev loss=0.200 acc=0.938  (best 0.962, bad 1/5)
      [sid z_t] step 4000/5000  train loss=0.174 acc=0.875  dev loss=0.072 acc=0.978  (best 0.978, bad 0/5)
      [sid z_t] step 4250/5000  train loss=0.013 acc=1.000  dev loss=0.039 acc=0.990  (best 0.990, bad 0/5)
      [sid z_t] step 4500/5000  train loss=0.009 acc=1.000  dev loss=0.019 acc=0.998  (best 0.998, bad 0/5)
      [sid z_t] step 4750/5000  train loss=0.002 acc=1.000  dev loss=0.020 acc=0.996  (best 0.998, bad 1/5)
      [sid z_t] step 5000/5000  train loss=0.002 acc=1.000  dev loss=0.015 acc=0.996  (best 0.998, bad 2/5)
    z_t -> SID              acc test=0.996  (val 0.998)
  training probe: z_L -> SID ...
      [sid z_L] step 250/5000  train loss=7.170 acc=0.000  dev loss=7.676 acc=0.012  (best 0.012, bad 0/5)
      [sid z_L] step 500/5000  train loss=7.182 acc=0.000  dev loss=7.216 acc=0.002  (best 0.012, bad 1/5)
      [sid z_L] step 750/5000  train loss=7.062 acc=0.000  dev loss=6.787 acc=0.000  (best 0.012, bad 2/5)
      [sid z_L] step 1000/5000  train loss=6.637 acc=0.000  dev loss=6.861 acc=0.008  (best 0.012, bad 3/5)
      [sid z_L] step 1250/5000  train loss=7.147 acc=0.000  dev loss=6.889 acc=0.004  (best 0.012, bad 4/5)
      [sid z_L] step 1500/5000  train loss=6.173 acc=0.000  dev loss=6.547 acc=0.000  (best 0.012, bad 5/5)
    z_L -> SID              acc test=0.014  (val 0.012)
  training probe: z_P -> SID ...
      [sid z_P] step 250/5000  train loss=1.855 acc=0.812  dev loss=1.744 acc=0.760  (best 0.760, bad 0/5)
      [sid z_P] step 500/5000  train loss=0.308 acc=0.938  dev loss=0.382 acc=0.966  (best 0.966, bad 0/5)
      [sid z_P] step 750/5000  train loss=0.278 acc=0.938  dev loss=0.114 acc=0.996  (best 0.996, bad 0/5)
      [sid z_P] step 1000/5000  train loss=0.036 acc=1.000  dev loss=0.058 acc=0.996  (best 0.996, bad 1/5)
      [sid z_P] step 1250/5000  train loss=0.039 acc=1.000  dev loss=0.037 acc=0.998  (best 0.998, bad 0/5)
      [sid z_P] step 1500/5000  train loss=0.017 acc=1.000  dev loss=0.032 acc=0.996  (best 0.998, bad 1/5)
      [sid z_P] step 1750/5000  train loss=0.021 acc=1.000  dev loss=0.026 acc=0.998  (best 0.998, bad 2/5)
      [sid z_P] step 2000/5000  train loss=0.025 acc=1.000  dev loss=0.023 acc=1.000  (best 1.000, bad 0/5)
      [sid z_P] step 2250/5000  train loss=0.014 acc=1.000  dev loss=0.018 acc=1.000  (best 1.000, bad 1/5)
      [sid z_P] step 2500/5000  train loss=0.006 acc=1.000  dev loss=0.016 acc=0.998  (best 1.000, bad 2/5)
      [sid z_P] step 2750/5000  train loss=0.008 acc=1.000  dev loss=0.014 acc=0.998  (best 1.000, bad 3/5)
      [sid z_P] step 3000/5000  train loss=0.012 acc=1.000  dev loss=0.014 acc=0.996  (best 1.000, bad 4/5)
      [sid z_P] step 3250/5000  train loss=0.009 acc=1.000  dev loss=0.015 acc=0.996  (best 1.000, bad 5/5)
    z_P -> SID              acc test=0.998  (val 1.000)

==================================================================
  DIAGNOSTIC PROBE RESULTS - diag_libri_advfb_prrecover_decay_gn00025to00005_240L16P_aux64_12k_s42_sid_linear_seed42
==================================================================
  Source       PR (PER↓)    SID (acc↑)
  --------  ------------  ------------
  z_t                nan         0.996
  z_L                nan         0.014
  z_P                nan         0.998
==================================================================

