[diag_probe] run=diag_libri_advfb4096_1024_linmean_gn00025_gp02_aux64_240L16P_12k_s42_z_L_pr_linear_seed42  device=cuda
[diag_probe] seed=42
[diag_probe] stage1_ckpt=/scratch/bbg25/runs/libri_advfb4096_1024_linmean_gn00025_gp02_aux64_240L16P_12k_s42/checkpoints/stage2_step12000.pt
[diag_probe] stage2_ckpt=/scratch/bbg25/runs/libri_advfb4096_1024_linmean_gn00025_gp02_aux64_240L16P_12k_s42/checkpoints/stage2_step12000.pt
[diag_probe] sources=['z_L']  tasks=['pr']
[diag_probe] probe_steps=10000  pr_lr=0.0001  sid_lr=0.001  warmup=0  val_every=250  patience=0
[pr_data] loaded LibriSpeech lexicon: 200,000 entries
[pr_data] loading train-clean-100 …
[pr_data] loading dev-clean …
[pr_data] loading test-clean …
[pr_data]  train=28539  val=2703  test=2620  vocab_size=74
[dis_data] loaded lexicon: 200,000 entries
[dis_data] loading train-clean-100 …
[dis_data]  251 speakers
[dis_data]  train=27539  val=500  test=500  vocab=74  speakers=251
[diag_probe] topk confirmed: 256
[train] WARNING: unexpected missing SAE keys: ['block_idx', 'block_m_L', 'block_m_P', 'block_m_U']
[train] loaded 3 SAE tensors from /scratch/bbg25/runs/libri_advfb4096_1024_linmean_gn00025_gp02_aux64_240L16P_12k_s42/checkpoints/stage2_step12000.pt  (step=12000  val=0.1402)
[diag_probe] loaded stage2 weights from /scratch/bbg25/runs/libri_advfb4096_1024_linmean_gn00025_gp02_aux64_240L16P_12k_s42/checkpoints/stage2_step12000.pt

[diag_probe] speakers=251  pr_vocab=74  D=1280  K=5120
[diag_probe] PR: SUPERB 74-phone — train-clean-100 → val=dev-clean, test=test-clean
[diag_probe] SID: closed-set utterance split (val/test held out); probe arch=linear
[diag_probe] reported metric = TEST (val shown in parentheses)

  training probe: z_L -> PR ...
[pr_data] g2p_en loaded for OOV words
      [pr z_L] step 250/10000  train loss=6.146  dev loss=6.255  dev PER=0.934  (best 0.934, bad 0/0)
      [pr z_L] step 500/10000  train loss=4.924  dev loss=6.166  dev PER=0.932  (best 0.932, bad 0/0)
      [pr z_L] step 750/10000  train loss=4.862  dev loss=5.947  dev PER=0.868  (best 0.868, bad 0/0)
      [pr z_L] step 1000/10000  train loss=4.839  dev loss=6.243  dev PER=0.938  (best 0.868, bad 1/0)
      [pr z_L] step 1250/10000  train loss=4.863  dev loss=5.945  dev PER=0.897  (best 0.868, bad 2/0)
      [pr z_L] step 1500/10000  train loss=4.819  dev loss=5.781  dev PER=0.867  (best 0.867, bad 0/0)
      [pr z_L] step 1750/10000  train loss=4.719  dev loss=5.768  dev PER=0.887  (best 0.867, bad 1/0)
      [pr z_L] step 2000/10000  train loss=4.780  dev loss=5.816  dev PER=0.896  (best 0.867, bad 2/0)
      [pr z_L] step 2250/10000  train loss=4.641  dev loss=5.814  dev PER=0.896  (best 0.867, bad 3/0)
      [pr z_L] step 2500/10000  train loss=4.720  dev loss=6.287  dev PER=0.946  (best 0.867, bad 4/0)
      [pr z_L] step 2750/10000  train loss=4.702  dev loss=5.790  dev PER=0.921  (best 0.867, bad 5/0)
      [pr z_L] step 3000/10000  train loss=4.795  dev loss=5.773  dev PER=0.917  (best 0.867, bad 6/0)
      [pr z_L] step 3250/10000  train loss=4.685  dev loss=5.621  dev PER=0.912  (best 0.867, bad 7/0)
      [pr z_L] step 3500/10000  train loss=4.638  dev loss=5.646  dev PER=0.876  (best 0.867, bad 8/0)
      [pr z_L] step 3750/10000  train loss=4.641  dev loss=5.588  dev PER=0.932  (best 0.867, bad 9/0)
      [pr z_L] step 4000/10000  train loss=4.652  dev loss=5.716  dev PER=0.913  (best 0.867, bad 10/0)
      [pr z_L] step 4250/10000  train loss=4.655  dev loss=5.853  dev PER=0.942  (best 0.867, bad 11/0)
      [pr z_L] step 4500/10000  train loss=4.590  dev loss=5.697  dev PER=0.920  (best 0.867, bad 12/0)
      [pr z_L] step 4750/10000  train loss=4.557  dev loss=5.572  dev PER=0.903  (best 0.867, bad 13/0)
      [pr z_L] step 5000/10000  train loss=4.571  dev loss=5.611  dev PER=0.932  (best 0.867, bad 14/0)
      [pr z_L] step 5250/10000  train loss=4.625  dev loss=5.525  dev PER=0.928  (best 0.867, bad 15/0)
      [pr z_L] step 5500/10000  train loss=4.591  dev loss=5.955  dev PER=0.929  (best 0.867, bad 16/0)
      [pr z_L] step 5750/10000  train loss=4.544  dev loss=5.462  dev PER=0.918  (best 0.867, bad 17/0)
      [pr z_L] step 6000/10000  train loss=4.554  dev loss=5.626  dev PER=0.944  (best 0.867, bad 18/0)
      [pr z_L] step 6250/10000  train loss=4.518  dev loss=5.433  dev PER=0.932  (best 0.867, bad 19/0)
      [pr z_L] step 6500/10000  train loss=4.582  dev loss=5.452  dev PER=0.942  (best 0.867, bad 20/0)
      [pr z_L] step 6750/10000  train loss=4.598  dev loss=6.093  dev PER=0.940  (best 0.867, bad 21/0)
      [pr z_L] step 7000/10000  train loss=4.526  dev loss=5.636  dev PER=0.923  (best 0.867, bad 22/0)
      [pr z_L] step 7250/10000  train loss=4.500  dev loss=5.602  dev PER=0.930  (best 0.867, bad 23/0)
      [pr z_L] step 7500/10000  train loss=4.526  dev loss=5.697  dev PER=0.944  (best 0.867, bad 24/0)
      [pr z_L] step 7750/10000  train loss=4.538  dev loss=5.618  dev PER=0.932  (best 0.867, bad 25/0)
      [pr z_L] step 8000/10000  train loss=4.529  dev loss=5.453  dev PER=0.944  (best 0.867, bad 26/0)
      [pr z_L] step 8250/10000  train loss=4.444  dev loss=5.527  dev PER=0.935  (best 0.867, bad 27/0)
      [pr z_L] step 8500/10000  train loss=4.517  dev loss=5.765  dev PER=0.940  (best 0.867, bad 28/0)
      [pr z_L] step 8750/10000  train loss=4.441  dev loss=5.502  dev PER=0.939  (best 0.867, bad 29/0)
      [pr z_L] step 9000/10000  train loss=4.427  dev loss=5.425  dev PER=0.938  (best 0.867, bad 30/0)
      [pr z_L] step 9250/10000  train loss=4.501  dev loss=5.561  dev PER=0.940  (best 0.867, bad 31/0)
      [pr z_L] step 9500/10000  train loss=4.467  dev loss=5.491  dev PER=0.942  (best 0.867, bad 32/0)
      [pr z_L] step 9750/10000  train loss=4.427  dev loss=5.466  dev PER=0.943  (best 0.867, bad 33/0)
      [pr z_L] step 10000/10000  train loss=4.442  dev loss=5.491  dev PER=0.942  (best 0.867, bad 34/0)
    z_L -> PR               PER test=0.865  (val 0.867)

==================================================================
  DIAGNOSTIC PROBE RESULTS - diag_libri_advfb4096_1024_linmean_gn00025_gp02_aux64_240L16P_12k_s42_z_L_pr_linear_seed42
==================================================================
  Source       PR (PER↓)    SID (acc↑)
  --------  ------------  ------------
  z_L              0.865           nan
==================================================================

