=== Probe: probe_K10240_t128 ===
Job ID  : 30018776
Node    : gpu-q-18
GPU     : NVIDIA A100-SXM4-80GB
Started : Wed Jun  3 18:48:10 BST 2026
stage2_ckpt=/rds/user/bbg25/hpc-work/Thesis/Final-Proj/Disentanglement/checkpoints/K10240_t128/stage2_best.pt
[probe] run=probe_K10240_t128  device=cuda
[probe] stage1_ckpt=/rds/user/bbg25/hpc-work/Thesis/Final-Proj/Disentanglement/checkpoints/K10240_t128/stage1_best.pt
[probe] stage2_ckpt=/rds/user/bbg25/hpc-work/Thesis/Final-Proj/Disentanglement/checkpoints/K10240_t128/stage2_best.pt
[probe] probe_steps=2000  train_examples=0
[dis_data] loaded lexicon: 200,000 entries
[dis_data] loading train-clean-100 …
[dis_data]  251 speakers
[dis_data]  train=28039  val=500  vocab=41  speakers=251
[probe] K overridden from checkpoint: 5120 → 10240
[probe] n_routes overridden from checkpoint: 3 → 2
[probe] num_speakers overridden from checkpoint → 251
[probe] topk overridden: 256 → 128
[train] WARNING: unexpected missing SAE keys: ['pr_grl_head.fc.weight', 'pr_grl_head.fc.bias']
[train] loaded 3 SAE tensors from /rds/user/bbg25/hpc-work/Thesis/Final-Proj/Disentanglement/checkpoints/K10240_t128/stage1_best.pt  (step=6000  val=0.0054)
[probe] loaded stage2 weights from /rds/user/bbg25/hpc-work/Thesis/Final-Proj/Disentanglement/checkpoints/K10240_t128/stage2_best.pt

[probe] speakers=251  vocab=41  D=1280  K=10240
[probe] sources=['h_t', 'z_t', 'z_L', 'z_P']  tasks=['pr', 'sid']

  training probe: h_t → PR ...
[dis_data] g2p_en loaded for OOV words
    h_t → PR                PER=0.076
  training probe: h_t → SID ...
    h_t → SID               acc=1.000
  training probe: z_t → PR ...
    z_t → PR                PER=0.051
  training probe: z_t → SID ...
    z_t → SID               acc=0.976
  training probe: z_L → PR ...
    z_L → PR                PER=0.082
  training probe: z_L → SID ...
    z_L → SID               acc=0.618
  training probe: z_P → PR ...
    z_P → PR                PER=0.103
  training probe: z_P → SID ...
    z_P → SID               acc=0.988

============================================================
  PROBE RESULTS — probe_K10240_t128
============================================================
  Source       PR (PER↓)    SID (acc↑)
  --------  ------------  ------------
  h_t              0.076         1.000
  z_t              0.051         0.976
  z_L              0.082         0.618
  z_P              0.103         0.988  ← leakage?
============================================================

Finished : Wed Jun  3 20:06:29 BST 2026
