=== Probe: probe_dual_grl_03_gp002 ===
Job ID  : 30294220
Node    : gpu-q-32
GPU     : NVIDIA A100-SXM4-80GB
Started : Tue Jun  9 12:31:27 BST 2026
stage2_ckpt=/rds/user/bbg25/hpc-work/Thesis/Final-Proj/Disentanglement/checkpoints/dual_grl_03_gp002/stage2_best.pt
[probe] run=probe_dual_grl_03_gp002  device=cuda
[probe] stage1_ckpt=/rds/user/bbg25/hpc-work/Thesis/Final-Proj/Disentanglement/checkpoints/best.pt
[probe] stage2_ckpt=/rds/user/bbg25/hpc-work/Thesis/Final-Proj/Disentanglement/checkpoints/dual_grl_03_gp002/stage2_best.pt
[probe] probe_steps=2000  sid_train_examples=0  pr_max_examples=0
[pr_data] loaded LibriSpeech lexicon: 200,000 entries
[pr_data] loading train-clean-100 …
[pr_data] loading dev-clean …
[pr_data] loading test-clean …
[pr_data]  train=28539  val=2703  test=2620  vocab_size=74
[dis_data] loaded lexicon: 200,000 entries
[dis_data] loading train-clean-100 …
[dis_data]  251 speakers
[dis_data]  train=28039  val=500  vocab=41  speakers=251
[probe] num_speakers overridden from checkpoint → 251
[train] WARNING: unexpected missing SAE keys: ['pr_grl_head.fc.weight', 'pr_grl_head.fc.bias']
[train] loaded 3 SAE tensors from /rds/user/bbg25/hpc-work/Thesis/Final-Proj/Disentanglement/checkpoints/best.pt  (step=6000  val=0.0049)
[probe] loaded stage2 weights from /rds/user/bbg25/hpc-work/Thesis/Final-Proj/Disentanglement/checkpoints/dual_grl_03_gp002/stage2_best.pt

[probe] speakers=251  pr_vocab=74  D=1280  K=5120
[probe] PR data/head: Probing/pr SUPERB-style loader + CTC projector head
[probe] SID head: Probing/sid SUPERB-style projector + masked mean + linear
[probe] sources=['h_t', 'z_t', 'z_L', 'z_P']  tasks=['pr', 'sid']

  training probe: h_t → PR ...
[pr_data] g2p_en loaded for OOV words
    h_t → PR                PER=0.069
  training probe: h_t → SID ...
[dis_data] g2p_en loaded for OOV words
    h_t → SID               acc=0.602
  training probe: z_t → PR ...
    z_t → PR                PER=0.063
  training probe: z_t → SID ...
    z_t → SID               acc=0.502
  training probe: z_L → PR ...
    z_L → PR                PER=0.067
  training probe: z_L → SID ...
    z_L → SID               acc=0.376
  training probe: z_P → PR ...
    z_P → PR                PER=0.223
  training probe: z_P → SID ...
    z_P → SID               acc=0.216

============================================================
  PROBE RESULTS — probe_dual_grl_03_gp002
============================================================
  Source       PR (PER↓)    SID (acc↑)
  --------  ------------  ------------
  h_t              0.069         0.602
  z_t              0.063         0.502
  z_L              0.067         0.376
  z_P              0.223         0.216
============================================================

Finished : Tue Jun  9 13:59:36 BST 2026
