=== Probe: probe_ub ===
Job ID  : 29970550
Node    : gpu-q-83
GPU     : NVIDIA A100-SXM4-80GB
Started : Tue Jun  2 05:39:01 BST 2026
stage2_ckpt=/rds/user/bbg25/hpc-work/Thesis/Final-Proj/Disentanglement/checkpoints/ub/stage2_best.pt
[probe] run=probe_ub  device=cuda
[probe] stage1_ckpt=/rds/user/bbg25/hpc-work/Thesis/Final-Proj/Disentanglement/checkpoints/best.pt
[probe] stage2_ckpt=/rds/user/bbg25/hpc-work/Thesis/Final-Proj/Disentanglement/checkpoints/ub/stage2_best.pt
[probe] probe_steps=2000  train_examples=0
[dis_data] loaded lexicon: 200,000 entries
[dis_data] loading train-clean-100 …
[dis_data]  251 speakers
[dis_data]  train=28039  val=500  vocab=41  speakers=251
[probe] num_speakers overridden from checkpoint → 251
[train] WARNING: unexpected missing SAE keys: ['pr_grl_head.fc.weight', 'pr_grl_head.fc.bias']
[train] loaded 3 SAE tensors from /rds/user/bbg25/hpc-work/Thesis/Final-Proj/Disentanglement/checkpoints/best.pt  (step=6000  val=0.0049)
[probe] loaded stage2 weights from /rds/user/bbg25/hpc-work/Thesis/Final-Proj/Disentanglement/checkpoints/ub/stage2_best.pt

[probe] speakers=251  vocab=41  D=1280  K=5120
[probe] sources=['h_t', 'z_t', 'z_L', 'z_P']  tasks=['pr', 'sid']

  training probe: h_t → PR ...
[dis_data] g2p_en loaded for OOV words
    h_t → PR                PER=0.074
  training probe: h_t → SID ...
    h_t → SID               acc=1.000
  training probe: z_t → PR ...
    z_t → PR                PER=0.056
  training probe: z_t → SID ...
    z_t → SID               acc=0.780
  training probe: z_L → PR ...
    z_L → PR                PER=0.057
  training probe: z_L → SID ...
    z_L → SID               acc=0.292
  training probe: z_P → PR ...
    z_P → PR                PER=0.293
  training probe: z_P → SID ...
    z_P → SID               acc=0.900

============================================================
  PROBE RESULTS — probe_ub
============================================================
  Source       PR (PER↓)    SID (acc↑)
  --------  ------------  ------------
  h_t              0.074         1.000
  z_t              0.056         0.780
  z_L              0.057         0.292
  z_P              0.293         0.900
============================================================

Finished : Tue Jun  2 06:56:32 BST 2026
