=== Stage 2: beta_002 ===
Job ID     : 29937686
Node       : gpu-q-41
GPU        : NVIDIA A100-SXM4-80GB
Started    : Mon Jun  1 15:38:04 BST 2026
α=0.02  β=0.02  grl=0.01  ρ=0.001  grl_delay=0
=== Disentanglement  stage=2
=== device=cuda  bf16=True
=== K=5120  topk=256  D=1280
=== steps=8000  α=0.02  β=0.02  grl=0.01  ρ=0.001
[dis_data] loaded lexicon: 200,000 entries
[dis_data] loading train-clean-100 …
[dis_data]  251 speakers
[dis_data]  train=28039  val=500  vocab=41  speakers=251
[train] loaded 3 SAE tensors from /rds/user/bbg25/hpc-work/Thesis/Final-Proj/Disentanglement/checkpoints/best.pt  (step=6000  val=0.0049)
[stage 2] frozen=596,973,362  trainable=15,994,655  device=cuda
[stage 2] speakers=251  vocab=41
[stage 2] α=0.02  β=0.02  grl=0.01  ρ=0.001
[stage 2] steps=8000  batch=16
[dis_data] g2p_en loaded for OOV words
  step      1/8000  recon=0.0075  pr=14.4817  sid=5.5293  grl=5.5195  L/P/U=5120/0/0  actL/P/U=256/0/0  H=1.099  lr=6.00e-08
  step    100/8000  recon=0.0070  pr=15.0650  sid=5.5312  grl=5.5312  L/P/U=2742/200/2178  actL/P/U=139/10/107  H=1.099  lr=6.00e-06
  step    200/8000  recon=0.0062  pr=13.9999  sid=5.5020  grl=5.5059  L/P/U=3159/138/1823  actL/P/U=167/6/83  H=1.099  lr=1.20e-05
  step    300/8000  recon=0.0057  pr=9.4503  sid=5.5215  grl=5.4941  L/P/U=3886/27/1207  actL/P/U=209/1/46  H=1.099  lr=1.80e-05
  step    400/8000  recon=0.0056  pr=5.4067  sid=5.5332  grl=5.5117  L/P/U=4627/0/493  actL/P/U=242/0/14  H=1.099  lr=2.40e-05
  [grad_norms @500]
    recon             |g|=0.00250  ratio=1.000x recon
    pr_raw            |g|=5.92763  ratio=2370.176x recon
    pr_weighted       |g|=0.11855  ratio=47.404x recon
    sid_raw           |g|=0.10185  ratio=40.723x recon
    sid_weighted      |g|=0.00204  ratio=0.814x recon
    grl               |g|=0.00075  ratio=0.299x recon
    route             |g|=0.00000  ratio=0.000x recon
  step    500/8000  recon=0.0057  pr=3.7375  sid=5.5137  grl=5.4863  L/P/U=4991/0/129  actL/P/U=254/0/2  H=1.099  lr=3.00e-05
  step    600/8000  recon=0.0057  pr=3.4511  sid=5.5234  grl=5.4980  L/P/U=5050/0/70  actL/P/U=255/0/1  H=1.099  lr=3.00e-05
  step    700/8000  recon=0.0057  pr=3.1945  sid=5.4551  grl=5.3789  L/P/U=5072/0/48  actL/P/U=255/0/1  H=1.099  lr=2.99e-05
  step    800/8000  recon=0.0057  pr=2.8770  sid=5.4688  grl=5.4062  L/P/U=5087/2/31  actL/P/U=256/0/0  H=1.099  lr=2.99e-05
  step    900/8000  recon=0.0058  pr=2.6465  sid=5.4414  grl=5.3223  L/P/U=5099/2/19  actL/P/U=256/0/0  H=1.099  lr=2.98e-05
  [grad_norms @1000]
    recon             |g|=0.00271  ratio=1.000x recon
    pr_raw            |g|=0.50143  ratio=184.844x recon
    pr_weighted       |g|=0.01003  ratio=3.697x recon
    sid_raw           |g|=0.19038  ratio=70.182x recon
    sid_weighted      |g|=0.00381  ratio=1.404x recon
    grl               |g|=0.00184  ratio=0.679x recon
    route             |g|=0.00000  ratio=0.000x recon
  step   1000/8000  recon=0.0058  pr=2.2524  sid=5.4473  grl=5.3516  L/P/U=5111/4/5  actL/P/U=256/0/0  H=1.099  lr=2.97e-05
  [val] step=1000  recon=0.0093  pr=6.1968  PER=0.986  sid_acc=0.002
  ✓ best checkpoint (val_recon=0.0093) → /rds/user/bbg25/hpc-work/Thesis/Final-Proj/Disentanglement/checkpoints/beta_002/stage2_best.pt
  step   1100/8000  recon=0.0057  pr=1.9610  sid=5.2715  grl=5.1660  L/P/U=5110/6/4  actL/P/U=256/0/0  H=1.099  lr=2.95e-05
  step   1200/8000  recon=0.0058  pr=1.7465  sid=5.2949  grl=5.2461  L/P/U=5108/10/2  actL/P/U=256/0/0  H=1.099  lr=2.94e-05
  step   1300/8000  recon=0.0059  pr=1.6425  sid=5.2676  grl=5.2285  L/P/U=5106/13/1  actL/P/U=256/0/0  H=1.099  lr=2.92e-05
  step   1400/8000  recon=0.0060  pr=1.4285  sid=5.2793  grl=5.2383  L/P/U=5101/19/0  actL/P/U=256/0/0  H=1.099  lr=2.90e-05
  [grad_norms @1500]
    recon             |g|=0.00312  ratio=1.000x recon
    pr_raw            |g|=0.46274  ratio=148.357x recon
    pr_weighted       |g|=0.00925  ratio=2.967x recon
    sid_raw           |g|=0.47605  ratio=152.625x recon
    sid_weighted      |g|=0.00952  ratio=3.053x recon
    grl               |g|=0.00389  ratio=1.247x recon
    route             |g|=0.00000  ratio=0.000x recon
  step   1500/8000  recon=0.0061  pr=1.3179  sid=5.1387  grl=5.1562  L/P/U=5091/29/0  actL/P/U=255/1/0  H=1.099  lr=2.87e-05
  step   1600/8000  recon=0.0060  pr=1.1765  sid=5.0938  grl=5.1074  L/P/U=5075/45/0  actL/P/U=255/1/0  H=1.099  lr=2.85e-05
  step   1700/8000  recon=0.0060  pr=1.0446  sid=5.1094  grl=5.1074  L/P/U=5059/61/0  actL/P/U=255/1/0  H=1.099  lr=2.82e-05
  step   1800/8000  recon=0.0061  pr=1.0416  sid=5.0410  grl=5.1191  L/P/U=5034/86/0  actL/P/U=254/2/0  H=1.099  lr=2.79e-05
  step   1900/8000  recon=0.0061  pr=0.9970  sid=4.8164  grl=4.9980  L/P/U=4999/121/0  actL/P/U=253/3/0  H=1.099  lr=2.76e-05
  [grad_norms @2000]
    recon             |g|=0.00362  ratio=1.000x recon
    pr_raw            |g|=0.21599  ratio=59.720x recon
    pr_weighted       |g|=0.00432  ratio=1.194x recon
    sid_raw           |g|=0.98597  ratio=272.609x recon
    sid_weighted      |g|=0.01972  ratio=5.452x recon
    grl               |g|=0.00589  ratio=1.629x recon
    route             |g|=0.00000  ratio=0.000x recon
  step   2000/8000  recon=0.0061  pr=0.9620  sid=4.6074  grl=4.8965  L/P/U=4968/152/0  actL/P/U=251/5/0  H=1.099  lr=2.72e-05
  [val] step=2000  recon=0.0086  pr=1.5456  PER=0.391  sid_acc=0.048
  ✓ best checkpoint (val_recon=0.0086) → /rds/user/bbg25/hpc-work/Thesis/Final-Proj/Disentanglement/checkpoints/beta_002/stage2_best.pt
  step   2100/8000  recon=0.0061  pr=0.8183  sid=4.5127  grl=4.8594  L/P/U=4925/195/0  actL/P/U=250/6/0  H=1.099  lr=2.69e-05
  step   2200/8000  recon=0.0062  pr=0.8464  sid=4.5146  grl=4.8750  L/P/U=4873/247/0  actL/P/U=247/9/0  H=1.099  lr=2.65e-05
  step   2300/8000  recon=0.0061  pr=0.8545  sid=4.4355  grl=4.8750  L/P/U=4815/305/0  actL/P/U=245/11/0  H=1.099  lr=2.61e-05
  step   2400/8000  recon=0.0062  pr=0.7558  sid=4.2266  grl=4.8398  L/P/U=4747/373/0  actL/P/U=242/14/0  H=1.099  lr=2.56e-05
  [grad_norms @2500]
    recon             |g|=0.00367  ratio=1.000x recon
    pr_raw            |g|=0.32304  ratio=87.963x recon
    pr_weighted       |g|=0.00646  ratio=1.759x recon
    sid_raw           |g|=2.23106  ratio=607.522x recon
    sid_weighted      |g|=0.04462  ratio=12.150x recon
    grl               |g|=0.00802  ratio=2.185x recon
    route             |g|=0.00000  ratio=0.000x recon
  step   2500/8000  recon=0.0062  pr=0.7592  sid=4.1855  grl=4.8242  L/P/U=4680/440/0  actL/P/U=239/17/0  H=1.099  lr=2.52e-05
  step   2600/8000  recon=0.0062  pr=0.6895  sid=4.0908  grl=4.7246  L/P/U=4586/534/0  actL/P/U=235/21/0  H=1.099  lr=2.47e-05
  step   2700/8000  recon=0.0063  pr=0.7292  sid=3.9521  grl=4.7207  L/P/U=4500/620/0  actL/P/U=232/24/0  H=1.099  lr=2.43e-05
  step   2800/8000  recon=0.0062  pr=0.6959  sid=3.7798  grl=4.6914  L/P/U=4408/712/0  actL/P/U=223/33/0  H=1.099  lr=2.38e-05
  step   2900/8000  recon=0.0064  pr=0.6710  sid=3.5518  grl=4.6602  L/P/U=4309/811/0  actL/P/U=222/34/0  H=1.099  lr=2.33e-05
  [grad_norms @3000]
    recon             |g|=0.00363  ratio=1.000x recon
    pr_raw            |g|=0.31513  ratio=86.793x recon
    pr_weighted       |g|=0.00630  ratio=1.736x recon
    sid_raw           |g|=2.98115  ratio=821.061x recon
    sid_weighted      |g|=0.05962  ratio=16.421x recon
    grl               |g|=0.00863  ratio=2.378x recon
    route             |g|=0.00000  ratio=0.000x recon
  step   3000/8000  recon=0.0064  pr=0.6648  sid=3.6113  grl=4.6719  L/P/U=4210/910/0  actL/P/U=218/38/0  H=1.099  lr=2.28e-05
  [val] step=3000  recon=0.0079  pr=0.8510  PER=0.184  sid_acc=0.050
  ✓ best checkpoint (val_recon=0.0079) → /rds/user/bbg25/hpc-work/Thesis/Final-Proj/Disentanglement/checkpoints/beta_002/stage2_best.pt
  step   3100/8000  recon=0.0063  pr=0.6416  sid=3.6455  grl=4.5283  L/P/U=4116/1004/0  actL/P/U=208/48/0  H=1.099  lr=2.22e-05
  step   3200/8000  recon=0.0063  pr=0.5913  sid=3.5840  grl=4.4766  L/P/U=4014/1106/0  actL/P/U=209/47/0  H=1.099  lr=2.17e-05
  step   3300/8000  recon=0.0065  pr=0.6331  sid=3.3770  grl=4.5020  L/P/U=3933/1187/0  actL/P/U=204/52/0  H=1.099  lr=2.11e-05
  step   3400/8000  recon=0.0064  pr=0.5714  sid=3.0615  grl=4.5732  L/P/U=3854/1266/0  actL/P/U=198/58/0  H=1.099  lr=2.06e-05
  [grad_norms @3500]
    recon             |g|=0.00382  ratio=1.000x recon
    pr_raw            |g|=0.23014  ratio=60.239x recon
    pr_weighted       |g|=0.00460  ratio=1.205x recon
    sid_raw           |g|=2.82493  ratio=739.417x recon
    sid_weighted      |g|=0.05650  ratio=14.788x recon
    grl               |g|=0.00836  ratio=2.189x recon
    route             |g|=0.00000  ratio=0.000x recon
  step   3500/8000  recon=0.0064  pr=0.5962  sid=3.2988  grl=4.4805  L/P/U=3781/1339/0  actL/P/U=193/63/0  H=1.099  lr=2.00e-05
  step   3600/8000  recon=0.0064  pr=0.5656  sid=3.1208  grl=4.4248  L/P/U=3708/1412/0  actL/P/U=192/64/0  H=1.099  lr=1.94e-05
  step   3700/8000  recon=0.0065  pr=0.5477  sid=2.9817  grl=4.3271  L/P/U=3630/1490/0  actL/P/U=190/66/0  H=1.099  lr=1.88e-05
  step   3800/8000  recon=0.0065  pr=0.5887  sid=3.0811  grl=4.4434  L/P/U=3550/1570/0  actL/P/U=185/71/0  H=1.099  lr=1.82e-05
  step   3900/8000  recon=0.0065  pr=0.5464  sid=2.9644  grl=4.3457  L/P/U=3482/1638/0  actL/P/U=182/74/0  H=1.099  lr=1.76e-05
  [grad_norms @4000]
    recon             |g|=0.00390  ratio=1.000x recon
    pr_raw            |g|=0.68188  ratio=174.619x recon
    pr_weighted       |g|=0.01364  ratio=3.492x recon
    sid_raw           |g|=5.56364  ratio=1424.771x recon
    sid_weighted      |g|=0.11127  ratio=28.495x recon
    grl               |g|=0.01267  ratio=3.244x recon
    route             |g|=0.00000  ratio=0.000x recon
  step   4000/8000  recon=0.0065  pr=0.5532  sid=2.7886  grl=4.2119  L/P/U=3406/1714/0  actL/P/U=176/80/0  H=1.099  lr=1.70e-05
  [val] step=4000  recon=0.0087  pr=0.6686  PER=0.121  sid_acc=0.112
  step   4100/8000  recon=0.0065  pr=0.5671  sid=2.9937  grl=4.4668  L/P/U=3325/1795/0  actL/P/U=173/83/0  H=1.099  lr=1.64e-05
  step   4200/8000  recon=0.0064  pr=0.5134  sid=2.8555  grl=4.3047  L/P/U=3268/1852/0  actL/P/U=169/87/0  H=1.099  lr=1.58e-05
  step   4300/8000  recon=0.0066  pr=0.5058  sid=2.7847  grl=4.1836  L/P/U=3216/1904/0  actL/P/U=166/90/0  H=1.099  lr=1.52e-05
  step   4400/8000  recon=0.0065  pr=0.4917  sid=2.5361  grl=4.2656  L/P/U=3164/1956/0  actL/P/U=162/94/0  H=1.099  lr=1.46e-05
  [grad_norms @4500]
    recon             |g|=0.00393  ratio=1.000x recon
    pr_raw            |g|=0.70783  ratio=180.212x recon
    pr_weighted       |g|=0.01416  ratio=3.604x recon
    sid_raw           |g|=3.78509  ratio=963.683x recon
    sid_weighted      |g|=0.07570  ratio=19.274x recon
    grl               |g|=0.01132  ratio=2.882x recon
    route             |g|=0.00000  ratio=0.000x recon
  step   4500/8000  recon=0.0066  pr=0.5787  sid=2.4320  grl=4.1055  L/P/U=3107/2013/0  actL/P/U=161/95/0  H=1.099  lr=1.40e-05
  step   4600/8000  recon=0.0065  pr=0.5356  sid=2.9211  grl=4.4131  L/P/U=3068/2052/0  actL/P/U=164/92/0  H=1.099  lr=1.34e-05
  step   4700/8000  recon=0.0067  pr=0.5468  sid=2.4014  grl=4.1631  L/P/U=3026/2094/0  actL/P/U=160/96/0  H=1.099  lr=1.28e-05
  step   4800/8000  recon=0.0066  pr=0.5049  sid=2.4192  grl=4.0859  L/P/U=2994/2126/0  actL/P/U=158/98/0  H=1.099  lr=1.22e-05
  step   4900/8000  recon=0.0066  pr=0.4857  sid=2.8643  grl=4.3594  L/P/U=2958/2162/0  actL/P/U=158/98/0  H=1.099  lr=1.16e-05
  [grad_norms @5000]
    recon             |g|=0.00411  ratio=1.000x recon
    pr_raw            |g|=0.59956  ratio=145.914x recon
    pr_weighted       |g|=0.01199  ratio=2.918x recon
    sid_raw           |g|=1.94546  ratio=473.462x recon
    sid_weighted      |g|=0.03891  ratio=9.469x recon
    grl               |g|=0.01665  ratio=4.052x recon
    route             |g|=0.00000  ratio=0.000x recon
  step   5000/8000  recon=0.0065  pr=0.4920  sid=2.6807  grl=4.1523  L/P/U=2926/2194/0  actL/P/U=154/102/0  H=1.099  lr=1.10e-05
  [val] step=5000  recon=0.0094  pr=0.6967  PER=0.104  sid_acc=0.172
  step   5100/8000  recon=0.0067  pr=0.4954  sid=2.7134  grl=4.2002  L/P/U=2900/2220/0  actL/P/U=153/103/0  H=1.099  lr=1.04e-05
  step   5200/8000  recon=0.0066  pr=0.5259  sid=2.6335  grl=4.1641  L/P/U=2874/2246/0  actL/P/U=150/106/0  H=1.099  lr=9.88e-06
  step   5300/8000  recon=0.0067  pr=0.5476  sid=2.0879  grl=3.9248  L/P/U=2834/2286/0  actL/P/U=148/108/0  H=1.099  lr=9.33e-06
  step   5400/8000  recon=0.0066  pr=0.4021  sid=2.4800  grl=4.1162  L/P/U=2807/2313/0  actL/P/U=149/107/0  H=1.099  lr=8.78e-06
  [grad_norms @5500]
    recon             |g|=0.00416  ratio=1.000x recon
    pr_raw            |g|=0.43550  ratio=104.798x recon
    pr_weighted       |g|=0.00871  ratio=2.096x recon
    sid_raw           |g|=3.74082  ratio=900.195x recon
    sid_weighted      |g|=0.07482  ratio=18.004x recon
    grl               |g|=0.02158  ratio=5.194x recon
    route             |g|=0.00000  ratio=0.000x recon
  step   5500/8000  recon=0.0065  pr=0.4602  sid=2.2546  grl=3.9629  L/P/U=2782/2338/0  actL/P/U=145/111/0  H=1.099  lr=8.25e-06
  step   5600/8000  recon=0.0067  pr=0.4823  sid=2.4604  grl=4.1592  L/P/U=2764/2356/0  actL/P/U=147/109/0  H=1.099  lr=7.73e-06
  step   5700/8000  recon=0.0066  pr=0.5098  sid=2.4082  grl=3.9873  L/P/U=2744/2376/0  actL/P/U=146/110/0  H=1.099  lr=7.22e-06
  step   5800/8000  recon=0.0066  pr=0.4492  sid=2.0565  grl=3.9561  L/P/U=2726/2394/0  actL/P/U=143/113/0  H=1.099  lr=6.73e-06
  step   5900/8000  recon=0.0067  pr=0.5201  sid=2.6855  grl=4.2236  L/P/U=2713/2407/0  actL/P/U=144/112/0  H=1.099  lr=6.26e-06
  [grad_norms @6000]
    recon             |g|=0.00405  ratio=1.000x recon
    pr_raw            |g|=0.33050  ratio=81.557x recon
    pr_weighted       |g|=0.00661  ratio=1.631x recon
    sid_raw           |g|=3.31227  ratio=817.368x recon
    sid_weighted      |g|=0.06625  ratio=16.347x recon
    grl               |g|=0.01627  ratio=4.015x recon
    route             |g|=0.00000  ratio=0.000x recon
  step   6000/8000  recon=0.0067  pr=0.4781  sid=2.5979  grl=4.1836  L/P/U=2694/2426/0  actL/P/U=146/110/0  H=1.099  lr=5.80e-06
  [val] step=6000  recon=0.0098  pr=0.7282  PER=0.101  sid_acc=0.248
  step   6100/8000  recon=0.0068  pr=0.5442  sid=2.4082  grl=4.2168  L/P/U=2680/2440/0  actL/P/U=143/113/0  H=1.099  lr=5.35e-06
  step   6200/8000  recon=0.0067  pr=0.5888  sid=2.1245  grl=3.9805  L/P/U=2670/2450/0  actL/P/U=140/116/0  H=1.099  lr=4.93e-06
  step   6300/8000  recon=0.0068  pr=0.4372  sid=2.4526  grl=4.0977  L/P/U=2650/2470/0  actL/P/U=144/112/0  H=1.099  lr=4.52e-06
  step   6400/8000  recon=0.0067  pr=0.4553  sid=1.9966  grl=3.7949  L/P/U=2642/2478/0  actL/P/U=139/117/0  H=1.099  lr=4.14e-06
  [grad_norms @6500]
    recon             |g|=0.00403  ratio=1.000x recon
    pr_raw            |g|=0.41022  ratio=101.859x recon
    pr_weighted       |g|=0.00820  ratio=2.037x recon
    sid_raw           |g|=2.68928  ratio=667.760x recon
    sid_weighted      |g|=0.05379  ratio=13.355x recon
    grl               |g|=0.02149  ratio=5.335x recon
    route             |g|=0.00000  ratio=0.000x recon
  step   6500/8000  recon=0.0069  pr=0.5404  sid=2.2695  grl=4.0986  L/P/U=2634/2486/0  actL/P/U=143/113/0  H=1.099  lr=3.77e-06
  step   6600/8000  recon=0.0067  pr=0.4767  sid=2.2566  grl=4.0771  L/P/U=2616/2504/0  actL/P/U=141/115/0  H=1.099  lr=3.42e-06
  step   6700/8000  recon=0.0068  pr=0.4899  sid=2.3577  grl=4.0918  L/P/U=2605/2515/0  actL/P/U=136/120/0  H=1.099  lr=3.10e-06
  step   6800/8000  recon=0.0068  pr=0.5706  sid=1.8329  grl=3.9336  L/P/U=2600/2520/0  actL/P/U=136/120/0  H=1.099  lr=2.79e-06
  step   6900/8000  recon=0.0067  pr=0.4737  sid=1.7677  grl=3.7207  L/P/U=2592/2528/0  actL/P/U=136/120/0  H=1.099  lr=2.51e-06
  [grad_norms @7000]
    recon             |g|=0.00406  ratio=1.000x recon
    pr_raw            |g|=0.53809  ratio=132.449x recon
    pr_weighted       |g|=0.01076  ratio=2.649x recon
    sid_raw           |g|=3.37933  ratio=831.803x recon
    sid_weighted      |g|=0.06759  ratio=16.636x recon
    grl               |g|=0.01789  ratio=4.404x recon
    route             |g|=0.00000  ratio=0.000x recon
  step   7000/8000  recon=0.0068  pr=0.4257  sid=2.0879  grl=3.9102  L/P/U=2587/2533/0  actL/P/U=137/119/0  H=1.099  lr=2.25e-06
  [val] step=7000  recon=0.0101  pr=0.7901  PER=0.099  sid_acc=0.278
  step   7100/8000  recon=0.0067  pr=0.4735  sid=1.9908  grl=3.9072  L/P/U=2585/2535/0  actL/P/U=136/120/0  H=1.099  lr=2.02e-06
  step   7200/8000  recon=0.0068  pr=0.4961  sid=1.6079  grl=3.8486  L/P/U=2582/2538/0  actL/P/U=138/118/0  H=1.099  lr=1.81e-06
  step   7300/8000  recon=0.0068  pr=0.4584  sid=1.9905  grl=3.9453  L/P/U=2580/2540/0  actL/P/U=135/121/0  H=1.099  lr=1.62e-06
  step   7400/8000  recon=0.0068  pr=0.4892  sid=2.1875  grl=3.9893  L/P/U=2577/2543/0  actL/P/U=138/118/0  H=1.099  lr=1.46e-06
  [grad_norms @7500]
    recon             |g|=0.00397  ratio=1.000x recon
    pr_raw            |g|=0.67163  ratio=169.309x recon
    pr_weighted       |g|=0.01343  ratio=3.386x recon
    sid_raw           |g|=3.45026  ratio=869.767x recon
    sid_weighted      |g|=0.06901  ratio=17.395x recon
    grl               |g|=0.01541  ratio=3.886x recon
    route             |g|=0.00000  ratio=0.000x recon
  step   7500/8000  recon=0.0068  pr=0.4666  sid=2.0028  grl=3.9941  L/P/U=2569/2551/0  actL/P/U=136/120/0  H=1.099  lr=1.32e-06
  step   7600/8000  recon=0.0068  pr=0.4582  sid=2.1715  grl=4.0469  L/P/U=2568/2552/0  actL/P/U=138/118/0  H=1.099  lr=1.20e-06
  step   7700/8000  recon=0.0067  pr=0.4850  sid=2.1945  grl=4.0840  L/P/U=2568/2552/0  actL/P/U=139/117/0  H=1.099  lr=1.11e-06
  step   7800/8000  recon=0.0069  pr=0.4232  sid=1.8831  grl=4.0166  L/P/U=2567/2553/0  actL/P/U=135/121/0  H=1.099  lr=1.05e-06
  step   7900/8000  recon=0.0069  pr=0.5312  sid=2.0630  grl=3.9600  L/P/U=2564/2556/0  actL/P/U=138/118/0  H=1.099  lr=1.01e-06
  [grad_norms @8000]
    recon             |g|=0.00407  ratio=1.000x recon
    pr_raw            |g|=0.34937  ratio=85.898x recon
    pr_weighted       |g|=0.00699  ratio=1.718x recon
    sid_raw           |g|=2.64797  ratio=651.045x recon
    sid_weighted      |g|=0.05296  ratio=13.021x recon
    grl               |g|=0.01059  ratio=2.603x recon
    route             |g|=0.00000  ratio=0.000x recon
  step   8000/8000  recon=0.0067  pr=0.4688  sid=1.8967  grl=3.7891  L/P/U=2562/2558/0  actL/P/U=136/120/0  H=1.099  lr=1.00e-06
  [val] step=8000  recon=0.0101  pr=0.7971  PER=0.099  sid_acc=0.290

[stage 2] done.  Best val_recon=0.0079  → /rds/user/bbg25/hpc-work/Thesis/Final-Proj/Disentanglement/checkpoints/beta_002/stage2_best.pt

[done]  best checkpoint → /rds/user/bbg25/hpc-work/Thesis/Final-Proj/Disentanglement/checkpoints/beta_002/stage2_best.pt
Finished : Mon Jun  1 16:27:18 BST 2026
