=== Probe: probe_A ===
Job ID  : 29924130
Node    : gpu-q-10
GPU     : NVIDIA A100-SXM4-80GB
Started : Sun May 31 13:29:05 BST 2026
stage2_ckpt=/rds/user/bbg25/hpc-work/Thesis/Final-Proj/Disentanglement/checkpoints/sid1_weakgrl/stage2_best.pt
[probe] run=probe_A  device=cuda
[probe] stage1_ckpt=/rds/user/bbg25/hpc-work/Thesis/Final-Proj/Disentanglement/checkpoints/best.pt
[probe] stage2_ckpt=/rds/user/bbg25/hpc-work/Thesis/Final-Proj/Disentanglement/checkpoints/sid1_weakgrl/stage2_best.pt
[probe] probe_steps=2000  train_examples=0
[dis_data] loaded lexicon: 200,000 entries
[dis_data] loading train-clean-100 …
[dis_data]  251 speakers
[dis_data]  train=28039  val=500  vocab=41  speakers=251
[probe] num_speakers overridden from checkpoint → 251
[train] loaded 3 SAE tensors from /rds/user/bbg25/hpc-work/Thesis/Final-Proj/Disentanglement/checkpoints/best.pt  (step=6000  val=0.0049)
[probe] loaded stage2 weights from /rds/user/bbg25/hpc-work/Thesis/Final-Proj/Disentanglement/checkpoints/sid1_weakgrl/stage2_best.pt

[probe] speakers=251  vocab=41  D=1280  K=5120
[probe] sources=['h_t', 'z_t', 'z_L', 'z_P']  tasks=['pr', 'sid']

  training probe: h_t → PR ...
[dis_data] g2p_en loaded for OOV words
    h_t → PR                PER=0.077
  training probe: h_t → SID ...
    h_t → SID               acc=1.000
  training probe: z_t → PR ...
    z_t → PR                PER=0.056
  training probe: z_t → SID ...
    z_t → SID               acc=0.686
  training probe: z_L → PR ...
    z_L → PR                PER=0.056
  training probe: z_L → SID ...
    z_L → SID               acc=0.104
  training probe: z_P → PR ...
    z_P → PR                PER=0.573
  training probe: z_P → SID ...
    z_P → SID               acc=0.866

============================================================
  PROBE RESULTS — probe_A
============================================================
  Source       PR (PER↓)    SID (acc↑)
  --------  ------------  ------------
  h_t              0.077         1.000
  z_t              0.056         0.686
  z_L              0.056         0.104
  z_P              0.573         0.866
============================================================

Finished : Sun May 31 14:48:36 BST 2026
