[diag_probe] run=diag_libri_advlearn_hardfreeze5000_dann3k_gn00015_gp02_aux64_12k_s42_z_L_pr_direct_seed42  device=cuda
[diag_probe] seed=42
[diag_probe] stage1_ckpt=/scratch/bbg25/runs/libri_advlearn_hardfreeze5000_dann3k_gn00015_gp02_aux64_12k_s42/checkpoints/stage2_step12000.pt
[diag_probe] stage2_ckpt=/scratch/bbg25/runs/libri_advlearn_hardfreeze5000_dann3k_gn00015_gp02_aux64_12k_s42/checkpoints/stage2_step12000.pt
[diag_probe] sources=['z_L']  tasks=['pr']
[diag_probe] probe_steps=5000  pr_lr=0.0005  asr_lr=0.0005  sid_lr=0.001  pr_warmup=500  asr_warmup=500  other_warmup=0  val_every=250  patience=10
[dis_data] loaded lexicon: 200,000 entries
[dis_data] loading PR train-clean-100 …
[dis_data] loading PR dev-clean …
[dis_data] loading PR test-clean …
[dis_data]  PR train=28539 val=2703 test=2620 vocab=74
[diag_probe] ASR task not requested — skipping ASR dataloaders.
[dis_data] loading train-clean-100 …
[dis_data]  251 speakers
[dis_data]  train=27539  val=500  test=500  vocab=74  speakers=251
[diag_probe] topk confirmed: 256
[train] loaded 3 SAE tensors from /scratch/bbg25/runs/libri_advlearn_hardfreeze5000_dann3k_gn00015_gp02_aux64_12k_s42/checkpoints/stage2_step12000.pt  (step=12000  val=0.1446)
[diag_probe] loaded stage2 weights from /scratch/bbg25/runs/libri_advlearn_hardfreeze5000_dann3k_gn00015_gp02_aux64_12k_s42/checkpoints/stage2_step12000.pt

[diag_probe] speakers=251  pr_vocab=74  asr_vocab=n/a  D=1280  K=5120
[diag_probe] PR: stage-2-matched 74-phone targets — train-clean-100 → val=dev-clean, test=test-clean
[diag_probe] ASR: skipped
[diag_probe] SID: closed-set utterance split (val/test held out); probe arch=linear
[diag_probe] reported metric = TEST (val shown in parentheses)

  training probe: z_L -> PR ...
[dis_data] g2p_en loaded for OOV words
      [pr z_L] step 250/5000  train loss=7.110  dev loss=8.301  dev PER=0.907  (best 0.907, bad 0/10)
      [pr z_L] step 500/5000  train loss=3.562  dev loss=0.702  dev PER=0.210  (best 0.210, bad 0/10)
      [pr z_L] step 750/5000  train loss=0.540  dev loss=0.502  dev PER=0.138  (best 0.138, bad 0/10)
      [pr z_L] step 1000/5000  train loss=0.470  dev loss=0.454  dev PER=0.129  (best 0.129, bad 0/10)
      [pr z_L] step 1250/5000  train loss=0.444  dev loss=0.436  dev PER=0.118  (best 0.118, bad 0/10)
      [pr z_L] step 1500/5000  train loss=0.426  dev loss=0.428  dev PER=0.115  (best 0.115, bad 0/10)
      [pr z_L] step 1750/5000  train loss=0.423  dev loss=0.422  dev PER=0.120  (best 0.115, bad 1/10)
      [pr z_L] step 2000/5000  train loss=0.402  dev loss=0.411  dev PER=0.108  (best 0.108, bad 0/10)
      [pr z_L] step 2250/5000  train loss=0.403  dev loss=0.412  dev PER=0.111  (best 0.108, bad 1/10)
      [pr z_L] step 2500/5000  train loss=0.399  dev loss=0.414  dev PER=0.123  (best 0.108, bad 2/10)
      [pr z_L] step 2750/5000  train loss=0.397  dev loss=0.401  dev PER=0.110  (best 0.108, bad 3/10)
      [pr z_L] step 3000/5000  train loss=0.396  dev loss=0.396  dev PER=0.105  (best 0.105, bad 0/10)
      [pr z_L] step 3250/5000  train loss=0.393  dev loss=0.391  dev PER=0.105  (best 0.105, bad 0/10)
      [pr z_L] step 3500/5000  train loss=0.388  dev loss=0.395  dev PER=0.112  (best 0.105, bad 1/10)
      [pr z_L] step 3750/5000  train loss=0.384  dev loss=0.388  dev PER=0.106  (best 0.105, bad 2/10)
      [pr z_L] step 4000/5000  train loss=0.377  dev loss=0.386  dev PER=0.097  (best 0.097, bad 0/10)
      [pr z_L] step 4250/5000  train loss=0.376  dev loss=0.383  dev PER=0.103  (best 0.097, bad 1/10)
      [pr z_L] step 4500/5000  train loss=0.375  dev loss=0.382  dev PER=0.098  (best 0.097, bad 2/10)
      [pr z_L] step 4750/5000  train loss=0.376  dev loss=0.381  dev PER=0.103  (best 0.097, bad 3/10)
      [pr z_L] step 5000/5000  train loss=0.372  dev loss=0.380  dev PER=0.102  (best 0.097, bad 4/10)
    z_L -> PR               PER test=0.099  (val 0.097)

==================================================================
  DIAGNOSTIC PROBE RESULTS - diag_libri_advlearn_hardfreeze5000_dann3k_gn00015_gp02_aux64_12k_s42_z_L_pr_direct_seed42
==================================================================
  Source       PR (PER↓)    SID (acc↑)
  --------  ------------  ------------
  z_L              0.099           nan
==================================================================

