[diag_probe] run=diag_libri_advfb4096_1024_linmean_gn00025_gp02_aux64_240L16P_12k_s42_z_L_pr_direct_seed42  device=cuda
[diag_probe] seed=42
[diag_probe] stage1_ckpt=/scratch/bbg25/runs/libri_advfb4096_1024_linmean_gn00025_gp02_aux64_240L16P_12k_s42/checkpoints/stage2_step12000.pt
[diag_probe] stage2_ckpt=/scratch/bbg25/runs/libri_advfb4096_1024_linmean_gn00025_gp02_aux64_240L16P_12k_s42/checkpoints/stage2_step12000.pt
[diag_probe] sources=['z_L']  tasks=['pr']
[diag_probe] probe_steps=5000  pr_lr=0.0005  sid_lr=0.001  warmup=500  val_every=250  patience=5
[dis_data] loaded lexicon: 200,000 entries
[dis_data] loading PR train-clean-100 …
[dis_data] loading PR dev-clean …
[dis_data] loading PR test-clean …
[dis_data]  PR train=28539 val=2703 test=2620 vocab=74
[dis_data] loading train-clean-100 …
[dis_data]  251 speakers
[dis_data]  train=27539  val=500  test=500  vocab=74  speakers=251
[diag_probe] topk confirmed: 256
[train] WARNING: unexpected missing SAE keys: ['block_idx', 'block_m_L', 'block_m_P', 'block_m_U']
[train] loaded 3 SAE tensors from /scratch/bbg25/runs/libri_advfb4096_1024_linmean_gn00025_gp02_aux64_240L16P_12k_s42/checkpoints/stage2_step12000.pt  (step=12000  val=0.1402)
[diag_probe] loaded stage2 weights from /scratch/bbg25/runs/libri_advfb4096_1024_linmean_gn00025_gp02_aux64_240L16P_12k_s42/checkpoints/stage2_step12000.pt
[dis_data] g2p_en loaded for OOV words
[diag_probe] checkpoint PR-head sanity on stage-2 holdout: loss=0.5292 PER=0.1506

[diag_probe] speakers=251  pr_vocab=74  D=1280  K=5120
[diag_probe] PR: stage-2-matched 74-phone targets — train-clean-100 → val=dev-clean, test=test-clean
[diag_probe] SID: closed-set utterance split (val/test held out); probe arch=linear
[diag_probe] reported metric = TEST (val shown in parentheses)

  training probe: z_L -> PR ...
      [pr z_L] step 250/5000  train loss=4.457  dev loss=2.023  dev PER=0.903  (best 0.903, bad 0/5)
      [pr z_L] step 500/5000  train loss=1.380  dev loss=1.089  dev PER=0.416  (best 0.416, bad 0/5)
      [pr z_L] step 750/5000  train loss=0.948  dev loss=0.921  dev PER=0.296  (best 0.296, bad 0/5)
      [pr z_L] step 1000/5000  train loss=0.837  dev loss=0.804  dev PER=0.254  (best 0.254, bad 0/5)
      [pr z_L] step 1250/5000  train loss=0.773  dev loss=0.772  dev PER=0.245  (best 0.245, bad 0/5)
      [pr z_L] step 1500/5000  train loss=0.732  dev loss=0.731  dev PER=0.231  (best 0.231, bad 0/5)
      [pr z_L] step 1750/5000  train loss=0.709  dev loss=0.732  dev PER=0.243  (best 0.231, bad 1/5)
      [pr z_L] step 2000/5000  train loss=0.675  dev loss=0.684  dev PER=0.189  (best 0.189, bad 0/5)
      [pr z_L] step 2250/5000  train loss=0.662  dev loss=0.675  dev PER=0.216  (best 0.189, bad 1/5)
      [pr z_L] step 2500/5000  train loss=0.646  dev loss=0.667  dev PER=0.222  (best 0.189, bad 2/5)
      [pr z_L] step 2750/5000  train loss=0.635  dev loss=0.641  dev PER=0.182  (best 0.182, bad 0/5)
      [pr z_L] step 3000/5000  train loss=0.627  dev loss=0.617  dev PER=0.176  (best 0.176, bad 0/5)
      [pr z_L] step 3250/5000  train loss=0.614  dev loss=0.616  dev PER=0.169  (best 0.169, bad 0/5)
      [pr z_L] step 3500/5000  train loss=0.604  dev loss=0.615  dev PER=0.173  (best 0.169, bad 1/5)
      [pr z_L] step 3750/5000  train loss=0.592  dev loss=0.593  dev PER=0.170  (best 0.169, bad 2/5)
      [pr z_L] step 4000/5000  train loss=0.583  dev loss=0.589  dev PER=0.169  (best 0.169, bad 3/5)
      [pr z_L] step 4250/5000  train loss=0.577  dev loss=0.586  dev PER=0.163  (best 0.163, bad 0/5)
      [pr z_L] step 4500/5000  train loss=0.573  dev loss=0.580  dev PER=0.164  (best 0.163, bad 1/5)
      [pr z_L] step 4750/5000  train loss=0.572  dev loss=0.578  dev PER=0.170  (best 0.163, bad 2/5)
      [pr z_L] step 5000/5000  train loss=0.564  dev loss=0.574  dev PER=0.168  (best 0.163, bad 3/5)
    z_L -> PR               PER test=0.164  (val 0.163)

==================================================================
  DIAGNOSTIC PROBE RESULTS - diag_libri_advfb4096_1024_linmean_gn00025_gp02_aux64_240L16P_12k_s42_z_L_pr_direct_seed42
==================================================================
  Source       PR (PER↓)    SID (acc↑)
  --------  ------------  ------------
  z_L              0.164           nan
==================================================================

