=== Stage 2: dual_grl_03_gp002 ===
Job ID     : 30294219
Node       : gpu-q-40
GPU        : NVIDIA A100-SXM4-80GB
Started    : Tue Jun  9 11:46:40 BST 2026
α=0.02  β=0.03  grl=0.01  ρ=0.001  grl_delay=0
=== Disentanglement  stage=2
=== device=cuda  bf16=True
=== K=5120  topk=256  D=1280
=== steps=8000  α=0.02  β=0.03  grl=0.01  ρ=0.001
[dis_data] loaded lexicon: 200,000 entries
[dis_data] loading train-clean-100 …
[dis_data]  251 speakers
[dis_data]  train=28039  val=500  vocab=41  speakers=251
[train] WARNING: unexpected missing SAE keys: ['pr_grl_head.fc.weight', 'pr_grl_head.fc.bias']
[train] loaded 3 SAE tensors from /rds/user/bbg25/hpc-work/Thesis/Final-Proj/Disentanglement/checkpoints/best.pt  (step=6000  val=0.0049)
[stage 2] frozen=596,973,362  trainable=16,204,616  device=cuda
[stage 2] speakers=251  vocab=41
[stage 2] α=0.02  β=0.03  grl=0.01  ρ=0.001  grl_p=0.002
[stage 2] steps=8000  batch=16
[dis_data] g2p_en loaded for OOV words
  step      1/8000  recon=0.0074  pr=14.6564  sid=5.5215  grl=5.5156  grl_p=14.6815  L/P/U=5120/0/0  actL/P/U=256/0/0  H=1.099  lr=6.00e-08
  step    100/8000  recon=0.0068  pr=14.1924  sid=5.5234  grl=5.5215  grl_p=14.2617  L/P/U=2738/193/2189  actL/P/U=139/10/107  H=1.099  lr=6.00e-06
  step    200/8000  recon=0.0060  pr=13.0109  sid=5.5371  grl=5.5215  grl_p=13.3027  L/P/U=3170/126/1824  actL/P/U=167/6/83  H=1.099  lr=1.20e-05
  step    300/8000  recon=0.0057  pr=8.6912  sid=5.5293  grl=5.5039  grl_p=9.3304  L/P/U=3895/10/1215  actL/P/U=209/0/46  H=1.099  lr=1.80e-05
  step    400/8000  recon=0.0057  pr=5.3482  sid=5.5078  grl=5.4648  grl_p=5.7590  L/P/U=4635/0/485  actL/P/U=242/0/14  H=1.099  lr=2.40e-05
  [grad_norms @500]
    recon             |g|=0.00243  ratio=1.000x recon
    pr_raw            |g|=6.40018  ratio=2628.452x recon
    pr_weighted       |g|=0.12800  ratio=52.569x recon
    sid_raw           |g|=0.12262  ratio=50.359x recon
    sid_weighted      |g|=0.00368  ratio=1.511x recon
    grl               |g|=0.00068  ratio=0.280x recon
    grl_p             |g|=0.00582  ratio=2.390x recon
    route             |g|=0.00000  ratio=0.000x recon
  step    500/8000  recon=0.0057  pr=3.7435  sid=5.4805  grl=5.4570  grl_p=3.8356  L/P/U=4996/0/124  actL/P/U=254/0/2  H=1.099  lr=3.00e-05
  step    600/8000  recon=0.0058  pr=3.4358  sid=5.5078  grl=5.4609  grl_p=3.4226  L/P/U=5051/0/69  actL/P/U=255/0/1  H=1.099  lr=3.00e-05
  step    700/8000  recon=0.0057  pr=3.2042  sid=5.4648  grl=5.3594  grl_p=3.2491  L/P/U=5074/0/46  actL/P/U=255/0/1  H=1.099  lr=2.99e-05
  step    800/8000  recon=0.0056  pr=2.8872  sid=5.4258  grl=5.3301  grl_p=2.9673  L/P/U=5087/1/32  actL/P/U=256/0/0  H=1.099  lr=2.99e-05
  step    900/8000  recon=0.0059  pr=2.6212  sid=5.4766  grl=5.4277  grl_p=2.6339  L/P/U=5100/2/18  actL/P/U=256/0/0  H=1.099  lr=2.98e-05
  [grad_norms @1000]
    recon             |g|=0.00280  ratio=1.000x recon
    pr_raw            |g|=0.98619  ratio=352.803x recon
    pr_weighted       |g|=0.01972  ratio=7.056x recon
    sid_raw           |g|=0.36996  ratio=132.352x recon
    sid_weighted      |g|=0.01110  ratio=3.971x recon
    grl               |g|=0.00285  ratio=1.018x recon
    grl_p             |g|=0.00081  ratio=0.290x recon
    route             |g|=0.00000  ratio=0.000x recon
  step   1000/8000  recon=0.0058  pr=2.2666  sid=5.3184  grl=5.2305  grl_p=2.3170  L/P/U=5108/4/8  actL/P/U=256/0/0  H=1.099  lr=2.97e-05
  [val] step=1000  recon=0.0092  pr=6.2576  PER=0.987  sid_acc=0.004
  ✓ best checkpoint (val_recon=0.0092) → /rds/user/bbg25/hpc-work/Thesis/Final-Proj/Disentanglement/checkpoints/dual_grl_03_gp002/stage2_best.pt
  step   1100/8000  recon=0.0059  pr=2.0333  sid=5.3594  grl=5.2832  grl_p=2.1705  L/P/U=5111/6/3  actL/P/U=256/0/0  H=1.099  lr=2.95e-05
  step   1200/8000  recon=0.0058  pr=1.8106  sid=5.3652  grl=5.3164  grl_p=1.8690  L/P/U=5110/9/1  actL/P/U=256/0/0  H=1.099  lr=2.94e-05
  step   1300/8000  recon=0.0059  pr=1.6122  sid=5.3262  grl=5.2891  grl_p=1.6361  L/P/U=5102/17/1  actL/P/U=256/0/0  H=1.099  lr=2.92e-05
  step   1400/8000  recon=0.0060  pr=1.3788  sid=5.2402  grl=5.2168  grl_p=1.3824  L/P/U=5096/24/0  actL/P/U=256/0/0  H=1.099  lr=2.90e-05
  [grad_norms @1500]
    recon             |g|=0.00299  ratio=1.000x recon
    pr_raw            |g|=0.91852  ratio=306.871x recon
    pr_weighted       |g|=0.01837  ratio=6.137x recon
    sid_raw           |g|=0.47183  ratio=157.636x recon
    sid_weighted      |g|=0.01416  ratio=4.729x recon
    grl               |g|=0.00301  ratio=1.006x recon
    grl_p             |g|=0.00116  ratio=0.387x recon
    route             |g|=0.00000  ratio=0.000x recon
  step   1500/8000  recon=0.0060  pr=1.3693  sid=5.1445  grl=5.1484  grl_p=1.3871  L/P/U=5080/40/0  actL/P/U=255/1/0  H=1.099  lr=2.87e-05
  step   1600/8000  recon=0.0061  pr=1.2832  sid=5.1582  grl=5.1895  grl_p=1.3161  L/P/U=5058/62/0  actL/P/U=255/1/0  H=1.099  lr=2.85e-05
  step   1700/8000  recon=0.0060  pr=1.1010  sid=5.0469  grl=5.0723  grl_p=1.1307  L/P/U=5031/89/0  actL/P/U=254/2/0  H=1.099  lr=2.82e-05
  step   1800/8000  recon=0.0062  pr=1.0800  sid=4.7734  grl=4.9902  grl_p=1.0900  L/P/U=5006/114/0  actL/P/U=253/3/0  H=1.099  lr=2.79e-05
  step   1900/8000  recon=0.0063  pr=0.9905  sid=4.7695  grl=5.0020  grl_p=0.9950  L/P/U=4956/164/0  actL/P/U=251/5/0  H=1.099  lr=2.76e-05
  [grad_norms @2000]
    recon             |g|=0.00329  ratio=1.000x recon
    pr_raw            |g|=0.92028  ratio=279.500x recon
    pr_weighted       |g|=0.01841  ratio=5.590x recon
    sid_raw           |g|=1.19342  ratio=362.459x recon
    sid_weighted      |g|=0.03580  ratio=10.874x recon
    grl               |g|=0.00555  ratio=1.685x recon
    grl_p             |g|=0.00036  ratio=0.110x recon
    route             |g|=0.00000  ratio=0.000x recon
  step   2000/8000  recon=0.0060  pr=0.9551  sid=4.5918  grl=4.9219  grl_p=0.9823  L/P/U=4915/205/0  actL/P/U=249/7/0  H=1.099  lr=2.72e-05
  [val] step=2000  recon=0.0085  pr=1.5672  PER=0.400  sid_acc=0.046
  ✓ best checkpoint (val_recon=0.0085) → /rds/user/bbg25/hpc-work/Thesis/Final-Proj/Disentanglement/checkpoints/dual_grl_03_gp002/stage2_best.pt
  step   2100/8000  recon=0.0062  pr=0.9120  sid=4.4912  grl=4.8789  grl_p=0.9515  L/P/U=4854/266/0  actL/P/U=247/9/0  H=1.099  lr=2.69e-05
  step   2200/8000  recon=0.0062  pr=0.9006  sid=4.3398  grl=4.8086  grl_p=0.8996  L/P/U=4771/349/0  actL/P/U=244/12/0  H=1.099  lr=2.65e-05
  step   2300/8000  recon=0.0063  pr=0.8595  sid=4.4395  grl=4.9277  grl_p=0.8430  L/P/U=4696/424/0  actL/P/U=241/15/0  H=1.099  lr=2.61e-05
  step   2400/8000  recon=0.0062  pr=0.8694  sid=4.2217  grl=4.8672  grl_p=0.8757  L/P/U=4611/509/0  actL/P/U=233/23/0  H=1.099  lr=2.56e-05
  [grad_norms @2500]
    recon             |g|=0.00350  ratio=1.000x recon
    pr_raw            |g|=0.81652  ratio=233.042x recon
    pr_weighted       |g|=0.01633  ratio=4.661x recon
    sid_raw           |g|=1.59501  ratio=455.231x recon
    sid_weighted      |g|=0.04785  ratio=13.657x recon
    grl               |g|=0.00636  ratio=1.815x recon
    grl_p             |g|=0.00074  ratio=0.212x recon
    route             |g|=0.00000  ratio=0.000x recon
  step   2500/8000  recon=0.0062  pr=0.7607  sid=4.0596  grl=4.7578  grl_p=0.7648  L/P/U=4500/620/0  actL/P/U=229/27/0  H=1.099  lr=2.52e-05
  step   2600/8000  recon=0.0062  pr=0.7250  sid=4.0010  grl=4.6875  grl_p=0.8047  L/P/U=4384/736/0  actL/P/U=226/30/0  H=1.099  lr=2.47e-05
  step   2700/8000  recon=0.0063  pr=0.7152  sid=3.9414  grl=4.7344  grl_p=0.7198  L/P/U=4276/844/0  actL/P/U=219/37/0  H=1.099  lr=2.43e-05
  step   2800/8000  recon=0.0063  pr=0.7004  sid=3.9287  grl=4.7871  grl_p=0.7132  L/P/U=4167/953/0  actL/P/U=216/40/0  H=1.099  lr=2.38e-05
  step   2900/8000  recon=0.0063  pr=0.6171  sid=3.7461  grl=4.6836  grl_p=0.6055  L/P/U=4044/1076/0  actL/P/U=209/47/0  H=1.099  lr=2.33e-05
  [grad_norms @3000]
    recon             |g|=0.00365  ratio=1.000x recon
    pr_raw            |g|=0.48740  ratio=133.371x recon
    pr_weighted       |g|=0.00975  ratio=2.667x recon
    sid_raw           |g|=2.75529  ratio=753.958x recon
    sid_weighted      |g|=0.08266  ratio=22.619x recon
    grl               |g|=0.01089  ratio=2.980x recon
    grl_p             |g|=0.00084  ratio=0.229x recon
    route             |g|=0.00000  ratio=0.000x recon
  step   3000/8000  recon=0.0064  pr=0.6304  sid=3.5273  grl=4.5791  grl_p=0.6427  L/P/U=3932/1188/0  actL/P/U=204/52/0  H=1.099  lr=2.28e-05
  [val] step=3000  recon=0.0081  pr=0.8170  PER=0.181  sid_acc=0.068
  ✓ best checkpoint (val_recon=0.0081) → /rds/user/bbg25/hpc-work/Thesis/Final-Proj/Disentanglement/checkpoints/dual_grl_03_gp002/stage2_best.pt
  step   3100/8000  recon=0.0063  pr=0.6393  sid=3.4380  grl=4.5391  grl_p=0.6271  L/P/U=3827/1293/0  actL/P/U=196/60/0  H=1.099  lr=2.22e-05
  step   3200/8000  recon=0.0063  pr=0.6040  sid=3.5820  grl=4.4785  grl_p=0.6599  L/P/U=3735/1385/0  actL/P/U=196/60/0  H=1.099  lr=2.17e-05
  step   3300/8000  recon=0.0064  pr=0.5923  sid=3.3457  grl=4.5273  grl_p=0.6229  L/P/U=3637/1483/0  actL/P/U=192/64/0  H=1.099  lr=2.11e-05
  step   3400/8000  recon=0.0064  pr=0.5790  sid=3.1328  grl=4.4473  grl_p=0.5947  L/P/U=3534/1586/0  actL/P/U=185/71/0  H=1.099  lr=2.06e-05
  [grad_norms @3500]
    recon             |g|=0.00372  ratio=1.000x recon
    pr_raw            |g|=0.36316  ratio=97.551x recon
    pr_weighted       |g|=0.00726  ratio=1.951x recon
    sid_raw           |g|=5.00956  ratio=1345.651x recon
    sid_weighted      |g|=0.15029  ratio=40.370x recon
    grl               |g|=0.00846  ratio=2.272x recon
    grl_p             |g|=0.00149  ratio=0.399x recon
    route             |g|=0.00000  ratio=0.000x recon
  step   3500/8000  recon=0.0066  pr=0.6552  sid=3.2012  grl=4.4727  grl_p=0.6747  L/P/U=3441/1679/0  actL/P/U=181/75/0  H=1.099  lr=2.00e-05
  step   3600/8000  recon=0.0064  pr=0.6198  sid=3.1455  grl=4.3486  grl_p=0.6136  L/P/U=3335/1785/0  actL/P/U=172/84/0  H=1.099  lr=1.94e-05
  step   3700/8000  recon=0.0066  pr=0.5834  sid=2.9683  grl=4.3330  grl_p=0.6049  L/P/U=3251/1869/0  actL/P/U=168/88/0  H=1.099  lr=1.88e-05
  step   3800/8000  recon=0.0065  pr=0.5620  sid=2.6909  grl=4.1211  grl_p=0.6083  L/P/U=3165/1955/0  actL/P/U=164/92/0  H=1.099  lr=1.82e-05
  step   3900/8000  recon=0.0064  pr=0.5160  sid=2.7476  grl=4.3457  grl_p=0.5220  L/P/U=3103/2017/0  actL/P/U=163/93/0  H=1.099  lr=1.76e-05
  [grad_norms @4000]
    recon             |g|=0.00400  ratio=1.000x recon
    pr_raw            |g|=0.42392  ratio=106.028x recon
    pr_weighted       |g|=0.00848  ratio=2.121x recon
    sid_raw           |g|=2.90680  ratio=727.034x recon
    sid_weighted      |g|=0.08720  ratio=21.811x recon
    grl               |g|=0.01126  ratio=2.817x recon
    grl_p             |g|=0.00056  ratio=0.140x recon
    route             |g|=0.00000  ratio=0.000x recon
  step   4000/8000  recon=0.0065  pr=0.5643  sid=2.7949  grl=4.3389  grl_p=0.5761  L/P/U=3047/2073/0  actL/P/U=160/96/0  H=1.099  lr=1.70e-05
  [val] step=4000  recon=0.0091  pr=0.7057  PER=0.122  sid_acc=0.164
  step   4100/8000  recon=0.0065  pr=0.5162  sid=2.8726  grl=4.4082  grl_p=0.5118  L/P/U=2980/2140/0  actL/P/U=158/98/0  H=1.099  lr=1.64e-05
  step   4200/8000  recon=0.0066  pr=0.5804  sid=2.6479  grl=4.1631  grl_p=0.5930  L/P/U=2928/2192/0  actL/P/U=155/101/0  H=1.099  lr=1.58e-05
  step   4300/8000  recon=0.0066  pr=0.5879  sid=2.5742  grl=4.0762  grl_p=0.6172  L/P/U=2868/2252/0  actL/P/U=151/105/0  H=1.099  lr=1.52e-05
  step   4400/8000  recon=0.0066  pr=0.5145  sid=3.1250  grl=4.4189  grl_p=0.5238  L/P/U=2806/2314/0  actL/P/U=147/109/0  H=1.099  lr=1.46e-05
  [grad_norms @4500]
    recon             |g|=0.00415  ratio=1.000x recon
    pr_raw            |g|=0.65129  ratio=156.816x recon
    pr_weighted       |g|=0.01303  ratio=3.136x recon
    sid_raw           |g|=4.70302  ratio=1132.384x recon
    sid_weighted      |g|=0.14109  ratio=33.972x recon
    grl               |g|=0.01967  ratio=4.735x recon
    grl_p             |g|=0.00165  ratio=0.397x recon
    route             |g|=0.00000  ratio=0.000x recon
  step   4500/8000  recon=0.0065  pr=0.5299  sid=2.5745  grl=4.1074  grl_p=0.5578  L/P/U=2746/2374/0  actL/P/U=146/110/0  H=1.099  lr=1.40e-05
  step   4600/8000  recon=0.0066  pr=0.5069  sid=2.5784  grl=4.0957  grl_p=0.5080  L/P/U=2685/2435/0  actL/P/U=145/111/0  H=1.099  lr=1.34e-05
  step   4700/8000  recon=0.0065  pr=0.5246  sid=2.6558  grl=4.1914  grl_p=0.4782  L/P/U=2638/2482/0  actL/P/U=133/123/0  H=1.099  lr=1.28e-05
  step   4800/8000  recon=0.0065  pr=0.4733  sid=2.4683  grl=4.1250  grl_p=0.4575  L/P/U=2596/2524/0  actL/P/U=137/119/0  H=1.099  lr=1.22e-05
  step   4900/8000  recon=0.0067  pr=0.5476  sid=2.3618  grl=4.1133  grl_p=0.5634  L/P/U=2559/2561/0  actL/P/U=137/119/0  H=1.099  lr=1.16e-05
  [grad_norms @5000]
    recon             |g|=0.00412  ratio=1.000x recon
    pr_raw            |g|=0.33246  ratio=80.752x recon
    pr_weighted       |g|=0.00665  ratio=1.615x recon
    sid_raw           |g|=6.02217  ratio=1462.742x recon
    sid_weighted      |g|=0.18067  ratio=43.882x recon
    grl               |g|=0.01143  ratio=2.775x recon
    grl_p             |g|=0.00160  ratio=0.389x recon
    route             |g|=0.00000  ratio=0.000x recon
  step   5000/8000  recon=0.0065  pr=0.5364  sid=2.6416  grl=4.0596  grl_p=0.5780  L/P/U=2524/2596/0  actL/P/U=136/120/0  H=1.099  lr=1.10e-05
  [val] step=5000  recon=0.0102  pr=0.9455  PER=0.110  sid_acc=0.272
  step   5100/8000  recon=0.0067  pr=0.5331  sid=1.7754  grl=3.7734  grl_p=0.5385  L/P/U=2490/2630/0  actL/P/U=133/123/0  H=1.099  lr=1.04e-05
  step   5200/8000  recon=0.0066  pr=0.6011  sid=2.2957  grl=3.9561  grl_p=0.6067  L/P/U=2453/2667/0  actL/P/U=132/124/0  H=1.099  lr=9.88e-06
  step   5300/8000  recon=0.0066  pr=0.4706  sid=2.6990  grl=4.1328  grl_p=0.4999  L/P/U=2426/2694/0  actL/P/U=127/129/0  H=1.099  lr=9.33e-06
  step   5400/8000  recon=0.0066  pr=0.4946  sid=2.6768  grl=4.0527  grl_p=0.4921  L/P/U=2404/2716/0  actL/P/U=127/129/0  H=1.099  lr=8.78e-06
  [grad_norms @5500]
    recon             |g|=0.00420  ratio=1.000x recon
    pr_raw            |g|=1.02384  ratio=243.986x recon
    pr_weighted       |g|=0.02048  ratio=4.880x recon
    sid_raw           |g|=8.35976  ratio=1992.167x recon
    sid_weighted      |g|=0.25079  ratio=59.765x recon
    grl               |g|=0.01693  ratio=4.035x recon
    grl_p             |g|=0.00088  ratio=0.210x recon
    route             |g|=0.00000  ratio=0.000x recon
  step   5500/8000  recon=0.0067  pr=0.5214  sid=2.1841  grl=3.9248  grl_p=0.5504  L/P/U=2379/2741/0  actL/P/U=131/125/0  H=1.099  lr=8.25e-06
  step   5600/8000  recon=0.0067  pr=0.5121  sid=2.2302  grl=3.9121  grl_p=0.5238  L/P/U=2358/2762/0  actL/P/U=125/131/0  H=1.099  lr=7.73e-06
  step   5700/8000  recon=0.0067  pr=0.4961  sid=1.8311  grl=3.7529  grl_p=0.5105  L/P/U=2340/2780/0  actL/P/U=125/131/0  H=1.099  lr=7.22e-06
  step   5800/8000  recon=0.0067  pr=0.5472  sid=1.8384  grl=3.8447  grl_p=0.5219  L/P/U=2320/2800/0  actL/P/U=120/136/0  H=1.099  lr=6.73e-06
  step   5900/8000  recon=0.0066  pr=0.4145  sid=2.0610  grl=3.9062  grl_p=0.4259  L/P/U=2307/2813/0  actL/P/U=126/130/0  H=1.099  lr=6.26e-06
  [grad_norms @6000]
    recon             |g|=0.00422  ratio=1.000x recon
    pr_raw            |g|=0.55169  ratio=130.841x recon
    pr_weighted       |g|=0.01103  ratio=2.617x recon
    sid_raw           |g|=2.87297  ratio=681.364x recon
    sid_weighted      |g|=0.08619  ratio=20.441x recon
    grl               |g|=0.01233  ratio=2.925x recon
    grl_p             |g|=0.00045  ratio=0.107x recon
    route             |g|=0.00000  ratio=0.000x recon
  step   6000/8000  recon=0.0067  pr=0.4924  sid=2.2249  grl=4.0146  grl_p=0.5007  L/P/U=2298/2822/0  actL/P/U=123/133/0  H=1.099  lr=5.80e-06
  [val] step=6000  recon=0.0108  pr=1.0277  PER=0.108  sid_acc=0.366
  step   6100/8000  recon=0.0067  pr=0.5594  sid=2.2585  grl=4.0615  grl_p=0.5648  L/P/U=2282/2838/0  actL/P/U=123/133/0  H=1.099  lr=5.35e-06
  step   6200/8000  recon=0.0067  pr=0.5584  sid=1.8398  grl=3.8955  grl_p=0.5191  L/P/U=2269/2851/0  actL/P/U=120/136/0  H=1.099  lr=4.93e-06
  step   6300/8000  recon=0.0067  pr=0.4412  sid=1.9983  grl=3.9541  grl_p=0.4478  L/P/U=2256/2864/0  actL/P/U=123/133/0  H=1.099  lr=4.52e-06
  step   6400/8000  recon=0.0067  pr=0.5732  sid=2.0796  grl=3.9170  grl_p=0.5714  L/P/U=2244/2876/0  actL/P/U=122/134/0  H=1.099  lr=4.14e-06
  [grad_norms @6500]
    recon             |g|=0.00432  ratio=1.000x recon
    pr_raw            |g|=0.53243  ratio=123.379x recon
    pr_weighted       |g|=0.01065  ratio=2.468x recon
    sid_raw           |g|=4.08112  ratio=945.705x recon
    sid_weighted      |g|=0.12243  ratio=28.371x recon
    grl               |g|=0.02238  ratio=5.186x recon
    grl_p             |g|=0.00069  ratio=0.161x recon
    route             |g|=0.00000  ratio=0.000x recon
  step   6500/8000  recon=0.0068  pr=0.5549  sid=2.0396  grl=3.9980  grl_p=0.5186  L/P/U=2235/2885/0  actL/P/U=120/136/0  H=1.099  lr=3.77e-06
  step   6600/8000  recon=0.0067  pr=0.4843  sid=1.8989  grl=3.8008  grl_p=0.4497  L/P/U=2230/2890/0  actL/P/U=120/136/0  H=1.099  lr=3.42e-06
  step   6700/8000  recon=0.0068  pr=0.4564  sid=2.1797  grl=4.1387  grl_p=0.4670  L/P/U=2222/2898/0  actL/P/U=120/136/0  H=1.099  lr=3.10e-06
  step   6800/8000  recon=0.0068  pr=0.4327  sid=1.9791  grl=3.8936  grl_p=0.4274  L/P/U=2216/2904/0  actL/P/U=121/135/0  H=1.099  lr=2.79e-06
  step   6900/8000  recon=0.0068  pr=0.4945  sid=2.2261  grl=3.9229  grl_p=0.4931  L/P/U=2213/2907/0  actL/P/U=122/134/0  H=1.099  lr=2.51e-06
  [grad_norms @7000]
    recon             |g|=0.00430  ratio=1.000x recon
    pr_raw            |g|=0.56256  ratio=130.916x recon
    pr_weighted       |g|=0.01125  ratio=2.618x recon
    sid_raw           |g|=6.14734  ratio=1430.586x recon
    sid_weighted      |g|=0.18442  ratio=42.918x recon
    grl               |g|=0.01482  ratio=3.449x recon
    grl_p             |g|=0.00165  ratio=0.383x recon
    route             |g|=0.00000  ratio=0.000x recon
  step   7000/8000  recon=0.0067  pr=0.4700  sid=2.4556  grl=4.0820  grl_p=0.5146  L/P/U=2208/2912/0  actL/P/U=120/136/0  H=1.099  lr=2.25e-06
  [val] step=7000  recon=0.0110  pr=1.0628  PER=0.107  sid_acc=0.408
  step   7100/8000  recon=0.0066  pr=0.5084  sid=2.1321  grl=3.8174  grl_p=0.5336  L/P/U=2206/2914/0  actL/P/U=116/140/0  H=1.099  lr=2.02e-06
  step   7200/8000  recon=0.0068  pr=0.4913  sid=1.4501  grl=3.5977  grl_p=0.5199  L/P/U=2201/2919/0  actL/P/U=115/141/0  H=1.099  lr=1.81e-06
  step   7300/8000  recon=0.0068  pr=0.5970  sid=2.0383  grl=3.8574  grl_p=0.5742  L/P/U=2197/2923/0  actL/P/U=119/137/0  H=1.099  lr=1.62e-06
  step   7400/8000  recon=0.0068  pr=0.4654  sid=2.0872  grl=3.9053  grl_p=0.4811  L/P/U=2193/2927/0  actL/P/U=120/136/0  H=1.099  lr=1.46e-06
  [grad_norms @7500]
    recon             |g|=0.00421  ratio=1.000x recon
    pr_raw            |g|=0.55368  ratio=131.517x recon
    pr_weighted       |g|=0.01107  ratio=2.630x recon
    sid_raw           |g|=2.33795  ratio=555.344x recon
    sid_weighted      |g|=0.07014  ratio=16.660x recon
    grl               |g|=0.01473  ratio=3.499x recon
    grl_p             |g|=0.00200  ratio=0.476x recon
    route             |g|=0.00000  ratio=0.000x recon
  step   7500/8000  recon=0.0068  pr=0.5005  sid=2.3398  grl=4.1270  grl_p=0.5137  L/P/U=2191/2929/0  actL/P/U=118/138/0  H=1.099  lr=1.32e-06
  step   7600/8000  recon=0.0068  pr=0.5634  sid=2.0505  grl=3.9590  grl_p=0.5693  L/P/U=2188/2932/0  actL/P/U=119/137/0  H=1.099  lr=1.20e-06
  step   7700/8000  recon=0.0068  pr=0.4604  sid=1.7338  grl=3.8760  grl_p=0.4815  L/P/U=2186/2934/0  actL/P/U=117/139/0  H=1.099  lr=1.11e-06
  step   7800/8000  recon=0.0069  pr=0.5740  sid=1.7078  grl=3.8730  grl_p=0.5258  L/P/U=2181/2939/0  actL/P/U=118/138/0  H=1.099  lr=1.05e-06
  step   7900/8000  recon=0.0070  pr=0.5217  sid=2.1387  grl=4.0293  grl_p=0.4989  L/P/U=2180/2940/0  actL/P/U=118/138/0  H=1.099  lr=1.01e-06
  [grad_norms @8000]
    recon             |g|=0.00430  ratio=1.000x recon
    pr_raw            |g|=0.39151  ratio=91.049x recon
    pr_weighted       |g|=0.00783  ratio=1.821x recon
    sid_raw           |g|=7.59513  ratio=1766.338x recon
    sid_weighted      |g|=0.22785  ratio=52.990x recon
    grl               |g|=0.02439  ratio=5.671x recon
    grl_p             |g|=0.00080  ratio=0.187x recon
    route             |g|=0.00000  ratio=0.000x recon
  step   8000/8000  recon=0.0068  pr=0.5718  sid=1.7324  grl=3.5273  grl_p=0.5999  L/P/U=2179/2941/0  actL/P/U=117/139/0  H=1.099  lr=1.00e-06
  [val] step=8000  recon=0.0111  pr=1.0805  PER=0.107  sid_acc=0.408

[stage 2] done.  Best val_recon=0.0081  → /rds/user/bbg25/hpc-work/Thesis/Final-Proj/Disentanglement/checkpoints/dual_grl_03_gp002/stage2_best.pt

[done]  best checkpoint → /rds/user/bbg25/hpc-work/Thesis/Final-Proj/Disentanglement/checkpoints/dual_grl_03_gp002/stage2_best.pt
Finished : Tue Jun  9 12:28:52 BST 2026
