=== Stage 2: ste ===
Job ID     : 29970551
Node       : gpu-q-26
GPU        : NVIDIA A100-SXM4-80GB
Started    : Tue Jun  2 04:49:48 BST 2026
α=0.02  β=0.01  grl=0.01  ρ=0.001  grl_delay=0
=== Disentanglement  stage=2
=== device=cuda  bf16=True
=== K=5120  topk=256  D=1280
=== steps=8000  α=0.02  β=0.01  grl=0.01  ρ=0.001
[dis_data] loaded lexicon: 200,000 entries
[dis_data] loading train-clean-100 …
[dis_data]  251 speakers
[dis_data]  train=28039  val=500  vocab=41  speakers=251
[train] WARNING: unexpected missing SAE keys: ['pr_grl_head.fc.weight', 'pr_grl_head.fc.bias']
[train] loaded 3 SAE tensors from /rds/user/bbg25/hpc-work/Thesis/Final-Proj/Disentanglement/checkpoints/best.pt  (step=6000  val=0.0049)
[stage 2] frozen=596,973,362  trainable=16,204,616  device=cuda
[stage 2] speakers=251  vocab=41
[stage 2] α=0.02  β=0.01  grl=0.01  ρ=0.001  ste=True
[stage 2] steps=8000  batch=16
[dis_data] g2p_en loaded for OOV words
  step      1/8000  recon=0.0074  pr=14.6564  sid=5.5215  grl=5.5156  L/P/U=5120/0/0  actL/P/U=256/0/0  H=1.099  lr=6.00e-08
  step    100/8000  recon=0.0068  pr=14.1922  sid=5.5234  grl=5.5215  L/P/U=2488/317/2315  actL/P/U=125/14/117  H=1.099  lr=6.00e-06
  step    200/8000  recon=0.0060  pr=13.0100  sid=5.5371  grl=5.5215  L/P/U=2407/398/2315  actL/P/U=123/17/116  H=1.099  lr=1.20e-05
  step    300/8000  recon=0.0057  pr=8.6876  sid=5.5312  grl=5.5039  L/P/U=2457/399/2264  actL/P/U=132/17/107  H=1.099  lr=1.80e-05
  step    400/8000  recon=0.0057  pr=5.3351  sid=5.5156  grl=5.4648  L/P/U=2968/371/1781  actL/P/U=169/15/72  H=1.099  lr=2.40e-05
  [grad_norms @500]
    recon             |g|=0.00245  ratio=1.000x recon
    pr_raw            |g|=6.42621  ratio=2620.946x recon
    pr_weighted       |g|=0.12852  ratio=52.419x recon
    sid_raw           |g|=0.12673  ratio=51.686x recon
    sid_weighted      |g|=0.00127  ratio=0.517x recon
    grl               |g|=0.00068  ratio=0.279x recon
    grl_p             |g|=0.00000  ratio=0.000x recon
    route             |g|=0.00000  ratio=0.000x recon
  step    500/8000  recon=0.0057  pr=3.7354  sid=5.4727  grl=5.4570  L/P/U=3749/272/1099  actL/P/U=212/9/36  H=1.099  lr=3.00e-05
  step    600/8000  recon=0.0058  pr=3.4312  sid=5.5176  grl=5.4590  L/P/U=4109/237/774  actL/P/U=227/7/22  H=1.099  lr=3.00e-05
  step    700/8000  recon=0.0057  pr=3.1964  sid=5.4648  grl=5.3594  L/P/U=4337/226/557  actL/P/U=234/6/16  H=1.099  lr=2.99e-05
  step    800/8000  recon=0.0056  pr=2.8743  sid=5.4062  grl=5.3281  L/P/U=4566/207/347  actL/P/U=242/5/9  H=1.099  lr=2.99e-05
  step    900/8000  recon=0.0059  pr=2.6055  sid=5.4727  grl=5.4258  L/P/U=4792/161/167  actL/P/U=247/4/5  H=1.099  lr=2.98e-05
  [grad_norms @1000]
    recon             |g|=0.00282  ratio=1.000x recon
    pr_raw            |g|=0.98297  ratio=348.271x recon
    pr_weighted       |g|=0.01966  ratio=6.965x recon
    sid_raw           |g|=0.37571  ratio=133.116x recon
    sid_weighted      |g|=0.00376  ratio=1.331x recon
    grl               |g|=0.00287  ratio=1.017x recon
    grl_p             |g|=0.00000  ratio=0.000x recon
    route             |g|=0.00000  ratio=0.000x recon
  step   1000/8000  recon=0.0058  pr=2.2470  sid=5.3145  grl=5.2266  L/P/U=4947/103/70  actL/P/U=252/2/2  H=1.099  lr=2.97e-05
  [val] step=1000  recon=0.0090  pr=6.0678  PER=0.985  sid_acc=0.008
  ✓ best checkpoint (val_recon=0.0090) → /rds/user/bbg25/hpc-work/Thesis/Final-Proj/Disentanglement/checkpoints/ste/stage2_best.pt
  step   1100/8000  recon=0.0059  pr=2.0138  sid=5.3398  grl=5.2832  L/P/U=5016/62/42  actL/P/U=253/1/1  H=1.099  lr=2.95e-05
  step   1200/8000  recon=0.0058  pr=1.7902  sid=5.3652  grl=5.3164  L/P/U=5052/53/15  actL/P/U=254/1/0  H=1.099  lr=2.94e-05
  step   1300/8000  recon=0.0059  pr=1.5902  sid=5.3203  grl=5.2891  L/P/U=5076/40/4  actL/P/U=255/1/0  H=1.099  lr=2.92e-05
  step   1400/8000  recon=0.0060  pr=1.3581  sid=5.2656  grl=5.2188  L/P/U=5089/31/0  actL/P/U=255/1/0  H=1.099  lr=2.90e-05
  [grad_norms @1500]
    recon             |g|=0.00303  ratio=1.000x recon
    pr_raw            |g|=0.97156  ratio=320.772x recon
    pr_weighted       |g|=0.01943  ratio=6.415x recon
    sid_raw           |g|=0.43701  ratio=144.286x recon
    sid_weighted      |g|=0.00437  ratio=1.443x recon
    grl               |g|=0.00295  ratio=0.973x recon
    grl_p             |g|=0.00000  ratio=0.000x recon
    route             |g|=0.00000  ratio=0.000x recon
  step   1500/8000  recon=0.0060  pr=1.3482  sid=5.1465  grl=5.1504  L/P/U=5094/26/0  actL/P/U=255/1/0  H=1.099  lr=2.87e-05
  step   1600/8000  recon=0.0061  pr=1.2623  sid=5.1719  grl=5.1953  L/P/U=5098/22/0  actL/P/U=256/0/0  H=1.099  lr=2.85e-05
  step   1700/8000  recon=0.0060  pr=1.0786  sid=5.0645  grl=5.0840  L/P/U=5095/25/0  actL/P/U=256/0/0  H=1.099  lr=2.82e-05
  step   1800/8000  recon=0.0062  pr=1.0574  sid=4.8340  grl=5.0020  L/P/U=5090/30/0  actL/P/U=255/1/0  H=1.099  lr=2.79e-05
  step   1900/8000  recon=0.0063  pr=0.9687  sid=4.8516  grl=5.0273  L/P/U=5088/32/0  actL/P/U=255/1/0  H=1.099  lr=2.76e-05
  [grad_norms @2000]
    recon             |g|=0.00331  ratio=1.000x recon
    pr_raw            |g|=0.88484  ratio=267.370x recon
    pr_weighted       |g|=0.01770  ratio=5.347x recon
    sid_raw           |g|=1.03296  ratio=312.129x recon
    sid_weighted      |g|=0.01033  ratio=3.121x recon
    grl               |g|=0.00504  ratio=1.523x recon
    grl_p             |g|=0.00000  ratio=0.000x recon
    route             |g|=0.00000  ratio=0.000x recon
  step   2000/8000  recon=0.0060  pr=0.9370  sid=4.6885  grl=4.9551  L/P/U=5080/40/0  actL/P/U=255/1/0  H=1.099  lr=2.72e-05
  [val] step=2000  recon=0.0089  pr=1.5386  PER=0.390  sid_acc=0.020
  ✓ best checkpoint (val_recon=0.0089) → /rds/user/bbg25/hpc-work/Thesis/Final-Proj/Disentanglement/checkpoints/ste/stage2_best.pt
  step   2100/8000  recon=0.0062  pr=0.8935  sid=4.6045  grl=4.9160  L/P/U=5070/50/0  actL/P/U=255/1/0  H=1.099  lr=2.69e-05
  step   2200/8000  recon=0.0062  pr=0.8822  sid=4.4824  grl=4.8594  L/P/U=5054/66/0  actL/P/U=255/1/0  H=1.099  lr=2.65e-05
  step   2300/8000  recon=0.0063  pr=0.8383  sid=4.5938  grl=4.9922  L/P/U=5048/72/0  actL/P/U=255/1/0  H=1.099  lr=2.61e-05
  step   2400/8000  recon=0.0061  pr=0.8481  sid=4.4189  grl=4.9336  L/P/U=5033/87/0  actL/P/U=254/2/0  H=1.099  lr=2.56e-05
  [grad_norms @2500]
    recon             |g|=0.00345  ratio=1.000x recon
    pr_raw            |g|=0.77809  ratio=225.705x recon
    pr_weighted       |g|=0.01556  ratio=4.514x recon
    sid_raw           |g|=1.24993  ratio=362.574x recon
    sid_weighted      |g|=0.01250  ratio=3.626x recon
    grl               |g|=0.00582  ratio=1.688x recon
    grl_p             |g|=0.00000  ratio=0.000x recon
    route             |g|=0.00000  ratio=0.000x recon
  step   2500/8000  recon=0.0062  pr=0.7419  sid=4.2725  grl=4.8359  L/P/U=5016/104/0  actL/P/U=254/2/0  H=1.099  lr=2.52e-05
  step   2600/8000  recon=0.0062  pr=0.7050  sid=4.2236  grl=4.7734  L/P/U=4994/126/0  actL/P/U=253/3/0  H=1.099  lr=2.47e-05
  step   2700/8000  recon=0.0063  pr=0.6918  sid=4.1729  grl=4.8262  L/P/U=4979/141/0  actL/P/U=253/3/0  H=1.099  lr=2.43e-05
  step   2800/8000  recon=0.0063  pr=0.6817  sid=4.2070  grl=4.8770  L/P/U=4951/169/0  actL/P/U=253/3/0  H=1.099  lr=2.38e-05
  step   2900/8000  recon=0.0063  pr=0.5981  sid=3.9854  grl=4.7871  L/P/U=4930/190/0  actL/P/U=252/4/0  H=1.099  lr=2.33e-05
  [grad_norms @3000]
    recon             |g|=0.00355  ratio=1.000x recon
    pr_raw            |g|=0.52216  ratio=147.004x recon
    pr_weighted       |g|=0.01044  ratio=2.940x recon
    sid_raw           |g|=2.18113  ratio=614.057x recon
    sid_weighted      |g|=0.02181  ratio=6.141x recon
    grl               |g|=0.00898  ratio=2.529x recon
    grl_p             |g|=0.00000  ratio=0.000x recon
    route             |g|=0.00000  ratio=0.000x recon
  step   3000/8000  recon=0.0064  pr=0.6119  sid=3.8389  grl=4.6934  L/P/U=4912/208/0  actL/P/U=252/4/0  H=1.099  lr=2.28e-05
  [val] step=3000  recon=0.0084  pr=0.9551  PER=0.207  sid_acc=0.074
  ✓ best checkpoint (val_recon=0.0084) → /rds/user/bbg25/hpc-work/Thesis/Final-Proj/Disentanglement/checkpoints/ste/stage2_best.pt
  step   3100/8000  recon=0.0063  pr=0.6186  sid=3.7456  grl=4.6953  L/P/U=4893/227/0  actL/P/U=251/5/0  H=1.099  lr=2.22e-05
  step   3200/8000  recon=0.0063  pr=0.5854  sid=3.8711  grl=4.6211  L/P/U=4874/246/0  actL/P/U=251/5/0  H=1.099  lr=2.17e-05
  step   3300/8000  recon=0.0064  pr=0.5671  sid=3.7031  grl=4.6719  L/P/U=4847/273/0  actL/P/U=250/6/0  H=1.099  lr=2.11e-05
  step   3400/8000  recon=0.0064  pr=0.5562  sid=3.4902  grl=4.6270  L/P/U=4829/291/0  actL/P/U=249/7/0  H=1.099  lr=2.06e-05
  [grad_norms @3500]
    recon             |g|=0.00359  ratio=1.000x recon
    pr_raw            |g|=0.29170  ratio=81.326x recon
    pr_weighted       |g|=0.00583  ratio=1.627x recon
    sid_raw           |g|=3.68604  ratio=1027.650x recon
    sid_weighted      |g|=0.03686  ratio=10.276x recon
    grl               |g|=0.00789  ratio=2.200x recon
    grl_p             |g|=0.00000  ratio=0.000x recon
    route             |g|=0.00000  ratio=0.000x recon
  step   3500/8000  recon=0.0065  pr=0.6335  sid=3.5645  grl=4.6426  L/P/U=4810/310/0  actL/P/U=249/7/0  H=1.099  lr=2.00e-05
  step   3600/8000  recon=0.0064  pr=0.5965  sid=3.5547  grl=4.5391  L/P/U=4793/327/0  actL/P/U=248/8/0  H=1.099  lr=1.94e-05
  step   3700/8000  recon=0.0066  pr=0.5634  sid=3.3369  grl=4.5156  L/P/U=4766/354/0  actL/P/U=247/9/0  H=1.099  lr=1.88e-05
  step   3800/8000  recon=0.0065  pr=0.5396  sid=3.0938  grl=4.3486  L/P/U=4751/369/0  actL/P/U=246/10/0  H=1.099  lr=1.82e-05
  step   3900/8000  recon=0.0064  pr=0.4919  sid=3.1943  grl=4.5430  L/P/U=4731/389/0  actL/P/U=246/10/0  H=1.099  lr=1.76e-05
  [grad_norms @4000]
    recon             |g|=0.00376  ratio=1.000x recon
    pr_raw            |g|=0.57355  ratio=152.366x recon
    pr_weighted       |g|=0.01147  ratio=3.047x recon
    sid_raw           |g|=2.26848  ratio=602.633x recon
    sid_weighted      |g|=0.02268  ratio=6.026x recon
    grl               |g|=0.01024  ratio=2.721x recon
    grl_p             |g|=0.00000  ratio=0.000x recon
    route             |g|=0.00000  ratio=0.000x recon
  step   4000/8000  recon=0.0065  pr=0.5400  sid=3.2109  grl=4.5586  L/P/U=4709/411/0  actL/P/U=246/10/0  H=1.099  lr=1.70e-05
  [val] step=4000  recon=0.0079  pr=0.7939  PER=0.150  sid_acc=0.132
  ✓ best checkpoint (val_recon=0.0079) → /rds/user/bbg25/hpc-work/Thesis/Final-Proj/Disentanglement/checkpoints/ste/stage2_best.pt
  step   4100/8000  recon=0.0065  pr=0.4890  sid=3.2539  grl=4.6201  L/P/U=4689/431/0  actL/P/U=245/11/0  H=1.099  lr=1.64e-05
  step   4200/8000  recon=0.0066  pr=0.5554  sid=3.1172  grl=4.4189  L/P/U=4674/446/0  actL/P/U=245/11/0  H=1.099  lr=1.58e-05
  step   4300/8000  recon=0.0065  pr=0.5590  sid=3.0088  grl=4.3232  L/P/U=4657/463/0  actL/P/U=244/12/0  H=1.099  lr=1.52e-05
  step   4400/8000  recon=0.0066  pr=0.4905  sid=3.5625  grl=4.6250  L/P/U=4644/476/0  actL/P/U=243/13/0  H=1.099  lr=1.46e-05
  [grad_norms @4500]
    recon             |g|=0.00388  ratio=1.000x recon
    pr_raw            |g|=0.54504  ratio=140.318x recon
    pr_weighted       |g|=0.01090  ratio=2.806x recon
    sid_raw           |g|=3.73963  ratio=962.745x recon
    sid_weighted      |g|=0.03740  ratio=9.627x recon
    grl               |g|=0.01444  ratio=3.718x recon
    grl_p             |g|=0.00000  ratio=0.000x recon
    route             |g|=0.00000  ratio=0.000x recon
  step   4500/8000  recon=0.0065  pr=0.5057  sid=3.0178  grl=4.3652  L/P/U=4626/494/0  actL/P/U=243/13/0  H=1.099  lr=1.40e-05
  step   4600/8000  recon=0.0065  pr=0.4834  sid=3.0488  grl=4.3477  L/P/U=4613/507/0  actL/P/U=243/13/0  H=1.099  lr=1.34e-05
  step   4700/8000  recon=0.0065  pr=0.4877  sid=3.0659  grl=4.4385  L/P/U=4600/520/0  actL/P/U=241/15/0  H=1.099  lr=1.28e-05
  step   4800/8000  recon=0.0065  pr=0.4476  sid=2.9556  grl=4.4023  L/P/U=4587/533/0  actL/P/U=242/14/0  H=1.099  lr=1.22e-05
  step   4900/8000  recon=0.0067  pr=0.5143  sid=2.7905  grl=4.3828  L/P/U=4578/542/0  actL/P/U=242/14/0  H=1.099  lr=1.16e-05
  [grad_norms @5000]
    recon             |g|=0.00384  ratio=1.000x recon
    pr_raw            |g|=0.32987  ratio=86.006x recon
    pr_weighted       |g|=0.00660  ratio=1.720x recon
    sid_raw           |g|=4.65505  ratio=1213.680x recon
    sid_weighted      |g|=0.04655  ratio=12.137x recon
    grl               |g|=0.00962  ratio=2.509x recon
    grl_p             |g|=0.00000  ratio=0.000x recon
    route             |g|=0.00000  ratio=0.000x recon
  step   5000/8000  recon=0.0065  pr=0.5084  sid=3.0703  grl=4.3340  L/P/U=4561/559/0  actL/P/U=242/14/0  H=1.099  lr=1.10e-05
  [val] step=5000  recon=0.0076  pr=0.7334  PER=0.130  sid_acc=0.148
  ✓ best checkpoint (val_recon=0.0076) → /rds/user/bbg25/hpc-work/Thesis/Final-Proj/Disentanglement/checkpoints/ste/stage2_best.pt
  step   5100/8000  recon=0.0067  pr=0.5091  sid=2.2581  grl=4.1250  L/P/U=4548/572/0  actL/P/U=240/16/0  H=1.099  lr=1.04e-05
  step   5200/8000  recon=0.0066  pr=0.5690  sid=2.6816  grl=4.2686  L/P/U=4537/583/0  actL/P/U=241/15/0  H=1.099  lr=9.88e-06
  step   5300/8000  recon=0.0065  pr=0.4419  sid=3.1013  grl=4.4062  L/P/U=4525/595/0  actL/P/U=239/17/0  H=1.099  lr=9.33e-06
  step   5400/8000  recon=0.0065  pr=0.4673  sid=3.0664  grl=4.3311  L/P/U=4518/602/0  actL/P/U=240/16/0  H=1.099  lr=8.78e-06
  [grad_norms @5500]
    recon             |g|=0.00391  ratio=1.000x recon
    pr_raw            |g|=1.08997  ratio=278.487x recon
    pr_weighted       |g|=0.02180  ratio=5.570x recon
    sid_raw           |g|=6.51948  ratio=1665.727x recon
    sid_weighted      |g|=0.06519  ratio=16.657x recon
    grl               |g|=0.01354  ratio=3.459x recon
    grl_p             |g|=0.00000  ratio=0.000x recon
    route             |g|=0.00000  ratio=0.000x recon
  step   5500/8000  recon=0.0066  pr=0.4978  sid=2.6626  grl=4.2158  L/P/U=4502/618/0  actL/P/U=240/16/0  H=1.099  lr=8.25e-06
  step   5600/8000  recon=0.0066  pr=0.4820  sid=2.6709  grl=4.2344  L/P/U=4496/624/0  actL/P/U=239/17/0  H=1.099  lr=7.73e-06
  step   5700/8000  recon=0.0066  pr=0.4622  sid=2.2715  grl=4.0869  L/P/U=4485/635/0  actL/P/U=238/18/0  H=1.099  lr=7.22e-06
  step   5800/8000  recon=0.0066  pr=0.5112  sid=2.3013  grl=4.1729  L/P/U=4468/652/0  actL/P/U=237/19/0  H=1.099  lr=6.73e-06
  step   5900/8000  recon=0.0066  pr=0.3836  sid=2.5420  grl=4.2246  L/P/U=4463/657/0  actL/P/U=238/18/0  H=1.099  lr=6.26e-06
  [grad_norms @6000]
    recon             |g|=0.00387  ratio=1.000x recon
    pr_raw            |g|=0.70431  ratio=181.921x recon
    pr_weighted       |g|=0.01409  ratio=3.638x recon
    sid_raw           |g|=2.61742  ratio=676.067x recon
    sid_weighted      |g|=0.02617  ratio=6.761x recon
    grl               |g|=0.01070  ratio=2.765x recon
    grl_p             |g|=0.00000  ratio=0.000x recon
    route             |g|=0.00000  ratio=0.000x recon
  step   6000/8000  recon=0.0067  pr=0.4569  sid=2.6931  grl=4.3076  L/P/U=4455/665/0  actL/P/U=238/18/0  H=1.099  lr=5.80e-06
  [val] step=6000  recon=0.0074  pr=0.7024  PER=0.120  sid_acc=0.164
  ✓ best checkpoint (val_recon=0.0074) → /rds/user/bbg25/hpc-work/Thesis/Final-Proj/Disentanglement/checkpoints/ste/stage2_best.pt
  step   6100/8000  recon=0.0066  pr=0.5246  sid=2.6915  grl=4.3604  L/P/U=4453/667/0  actL/P/U=238/18/0  H=1.099  lr=5.35e-06
  step   6200/8000  recon=0.0066  pr=0.5260  sid=2.2977  grl=4.2217  L/P/U=4447/673/0  actL/P/U=237/19/0  H=1.099  lr=4.93e-06
  step   6300/8000  recon=0.0066  pr=0.4142  sid=2.4648  grl=4.2754  L/P/U=4442/678/0  actL/P/U=238/18/0  H=1.099  lr=4.52e-06
  step   6400/8000  recon=0.0066  pr=0.5455  sid=2.5776  grl=4.2354  L/P/U=4438/682/0  actL/P/U=237/19/0  H=1.099  lr=4.14e-06
  [grad_norms @6500]
    recon             |g|=0.00396  ratio=1.000x recon
    pr_raw            |g|=0.56105  ratio=141.724x recon
    pr_weighted       |g|=0.01122  ratio=2.834x recon
    sid_raw           |g|=3.79985  ratio=959.857x recon
    sid_weighted      |g|=0.03800  ratio=9.599x recon
    grl               |g|=0.01635  ratio=4.131x recon
    grl_p             |g|=0.00000  ratio=0.000x recon
    route             |g|=0.00000  ratio=0.000x recon
  step   6500/8000  recon=0.0068  pr=0.5190  sid=2.5212  grl=4.3057  L/P/U=4433/687/0  actL/P/U=237/19/0  H=1.099  lr=3.77e-06
  step   6600/8000  recon=0.0067  pr=0.4496  sid=2.3711  grl=4.1436  L/P/U=4429/691/0  actL/P/U=237/19/0  H=1.099  lr=3.42e-06
  step   6700/8000  recon=0.0067  pr=0.4287  sid=2.7007  grl=4.4180  L/P/U=4425/695/0  actL/P/U=237/19/0  H=1.099  lr=3.10e-06
  step   6800/8000  recon=0.0067  pr=0.4059  sid=2.4766  grl=4.2188  L/P/U=4419/701/0  actL/P/U=236/20/0  H=1.099  lr=2.79e-06
  step   6900/8000  recon=0.0068  pr=0.4714  sid=2.6895  grl=4.2393  L/P/U=4418/702/0  actL/P/U=237/19/0  H=1.099  lr=2.51e-06
  [grad_norms @7000]
    recon             |g|=0.00397  ratio=1.000x recon
    pr_raw            |g|=0.52667  ratio=132.807x recon
    pr_weighted       |g|=0.01053  ratio=2.656x recon
    sid_raw           |g|=5.01106  ratio=1263.602x recon
    sid_weighted      |g|=0.05011  ratio=12.636x recon
    grl               |g|=0.01287  ratio=3.246x recon
    grl_p             |g|=0.00000  ratio=0.000x recon
    route             |g|=0.00000  ratio=0.000x recon
  step   7000/8000  recon=0.0066  pr=0.4425  sid=2.9346  grl=4.3691  L/P/U=4414/706/0  actL/P/U=237/19/0  H=1.099  lr=2.25e-06
  [val] step=7000  recon=0.0073  pr=0.6920  PER=0.117  sid_acc=0.188
  ✓ best checkpoint (val_recon=0.0073) → /rds/user/bbg25/hpc-work/Thesis/Final-Proj/Disentanglement/checkpoints/ste/stage2_best.pt
  step   7100/8000  recon=0.0066  pr=0.4778  sid=2.5779  grl=4.1602  L/P/U=4412/708/0  actL/P/U=236/20/0  H=1.099  lr=2.02e-06
  step   7200/8000  recon=0.0067  pr=0.4582  sid=1.8958  grl=3.9707  L/P/U=4408/712/0  actL/P/U=235/21/0  H=1.099  lr=1.81e-06
  step   7300/8000  recon=0.0067  pr=0.5618  sid=2.4798  grl=4.1885  L/P/U=4407/713/0  actL/P/U=236/20/0  H=1.099  lr=1.62e-06
  step   7400/8000  recon=0.0068  pr=0.4386  sid=2.5674  grl=4.2412  L/P/U=4404/716/0  actL/P/U=236/20/0  H=1.099  lr=1.46e-06
  [grad_norms @7500]
    recon             |g|=0.00390  ratio=1.000x recon
    pr_raw            |g|=0.58078  ratio=148.887x recon
    pr_weighted       |g|=0.01162  ratio=2.978x recon
    sid_raw           |g|=3.23750  ratio=829.952x recon
    sid_weighted      |g|=0.03237  ratio=8.300x recon
    grl               |g|=0.01199  ratio=3.073x recon
    grl_p             |g|=0.00000  ratio=0.000x recon
    route             |g|=0.00000  ratio=0.000x recon
  step   7500/8000  recon=0.0067  pr=0.4705  sid=2.8232  grl=4.4258  L/P/U=4404/716/0  actL/P/U=236/20/0  H=1.099  lr=1.32e-06
  step   7600/8000  recon=0.0067  pr=0.5345  sid=2.5110  grl=4.3008  L/P/U=4405/715/0  actL/P/U=236/20/0  H=1.099  lr=1.20e-06
  step   7700/8000  recon=0.0067  pr=0.4287  sid=2.2378  grl=4.2158  L/P/U=4405/715/0  actL/P/U=236/20/0  H=1.099  lr=1.11e-06
  step   7800/8000  recon=0.0069  pr=0.5429  sid=2.1018  grl=4.2090  L/P/U=4405/715/0  actL/P/U=236/20/0  H=1.099  lr=1.05e-06
  step   7900/8000  recon=0.0069  pr=0.4938  sid=2.5835  grl=4.3320  L/P/U=4404/716/0  actL/P/U=236/20/0  H=1.099  lr=1.01e-06
  [grad_norms @8000]
    recon             |g|=0.00394  ratio=1.000x recon
    pr_raw            |g|=0.42955  ratio=109.134x recon
    pr_weighted       |g|=0.00859  ratio=2.183x recon
    sid_raw           |g|=6.89192  ratio=1750.993x recon
    sid_weighted      |g|=0.06892  ratio=17.510x recon
    grl               |g|=0.01854  ratio=4.711x recon
    grl_p             |g|=0.00000  ratio=0.000x recon
    route             |g|=0.00000  ratio=0.000x recon
  step   8000/8000  recon=0.0067  pr=0.5394  sid=2.1621  grl=3.9307  L/P/U=4404/716/0  actL/P/U=236/20/0  H=1.099  lr=1.00e-06
  [val] step=8000  recon=0.0073  pr=0.6902  PER=0.117  sid_acc=0.192
  ✓ best checkpoint (val_recon=0.0073) → /rds/user/bbg25/hpc-work/Thesis/Final-Proj/Disentanglement/checkpoints/ste/stage2_best.pt

[stage 2] done.  Best val_recon=0.0073  → /rds/user/bbg25/hpc-work/Thesis/Final-Proj/Disentanglement/checkpoints/ste/stage2_best.pt

[done]  best checkpoint → /rds/user/bbg25/hpc-work/Thesis/Final-Proj/Disentanglement/checkpoints/ste/stage2_best.pt
Finished : Tue Jun  2 05:33:07 BST 2026
